 1.091056e-02 
 1.732424e-02 
 2.414512e-02 
 3.717830e-02 
 4.480219e-02 
 6.363241e-02 
 7.665471e-02 
 9.582620e-02 
 1.113724e-01 
 1.258475e-01 
 1.568533e-01 
 1.709463e-01 
 1.936035e-01 
 2.142235e-01 
 2.236185e-01 
 2.525979e-01 
 2.631897e-01 
 2.796682e-01 
 2.929765e-01 
 3.265393e-01 
 3.038306e-01 
 3.541606e-01 
 3.360117e-01 
 3.611080e-01 
 3.860584e-01 
 3.691882e-01 
 3.992333e-01 
 4.083438e-01 
 3.918292e-01 
 4.260793e-01 
 4.323707e-01 
 4.229648e-01 
 4.438742e-01 
 4.506712e-01 
 4.468437e-01 
 4.623341e-01 
 4.691854e-01 
 4.676730e-01 
 4.754767e-01 
 4.835036e-01 
 4.832808e-01 
 4.910093e-01 
 4.968899e-01 
 5.002819e-01 
 5.017396e-01 
 5.095648e-01 
 5.148231e-01 
 5.192482e-01 
 5.234215e-01 
 5.279688e-01 
 5.319726e-01 
 5.359534e-01 
 5.393590e-01 
 5.438247e-01 
 5.477337e-01 
 5.513775e-01 
 5.548990e-01 
 5.580158e-01 
 5.612757e-01 
 5.645704e-01 
 5.680685e-01 
 5.726123e-01 
 5.773991e-01 
 5.817420e-01 
 5.856837e-01 
 5.893716e-01 
 5.930914e-01 
 5.966436e-01 
 6.001608e-01 
 6.036455e-01 
 6.070905e-01 
 6.105071e-01 
 6.138939e-01 
 6.172500e-01 
 6.205441e-01 
 6.237644e-01 
 6.268536e-01 
 6.297359e-01 
 6.323637e-01 
 6.350514e-01 
 6.380879e-01 
 6.416528e-01 
 6.453784e-01 
 6.488656e-01 
 6.521405e-01 
 6.552740e-01 
 6.583134e-01 
 6.612967e-01 
 6.642374e-01 
 6.671526e-01 
 6.700433e-01 
 6.729017e-01 
 6.757383e-01 
 6.785503e-01 
 6.813342e-01 
 6.840873e-01 
 6.868227e-01 
 6.895230e-01 
 6.921968e-01 
 6.948468e-01 
 6.974556e-01 
 7.000563e-01 
 7.026352e-01 
 7.051908e-01 
 7.077225e-01 
 7.102240e-01 
 7.127090e-01 
 7.151739e-01 
 7.176163e-01 
 7.200330e-01 
 7.224253e-01 
 7.247923e-01 
 7.271320e-01 
 7.294588e-01 
 7.316472e-01 
 7.339700e-01 
 7.362601e-01 
 7.385144e-01 
 7.407243e-01 
 7.429078e-01 
 7.450706e-01 
 7.472214e-01 
 7.493593e-01 
 7.514814e-01 
 7.535791e-01 
 7.556288e-01 
 7.576575e-01 
 7.596679e-01 
 7.616466e-01 
 7.635997e-01 
 7.655285e-01 
 7.674432e-01 
 7.693369e-01 
 7.712122e-01 
 7.730715e-01 
 7.749121e-01 
 7.767310e-01 
 7.785290e-01 
 7.803053e-01 
 7.820681e-01 
 7.837990e-01 
 7.855062e-01 
 7.871835e-01 
 7.888325e-01 
 7.904522e-01 
 7.920321e-01 
 7.935608e-01 
 7.951755e-01 
 7.969302e-01 
 7.987142e-01 
 8.004593e-01 
 8.021331e-01 
 8.037453e-01 
 8.053203e-01 
 8.068633e-01 
 8.083332e-01 
 8.097024e-01 
 8.110751e-01 
 8.124287e-01 
 8.137507e-01 
 8.150632e-01 
 8.163618e-01 
 8.176336e-01 
 8.188948e-01 
 8.204401e-01 
 8.219584e-01 
 8.234450e-01 
 8.248901e-01 
 8.260996e-01 
 8.271449e-01 
 8.280876e-01 
 8.289131e-01 
 8.296051e-01 
 8.300874e-01 
 8.304571e-01 
 8.304364e-01 
 8.300208e-01 
 8.298910e-01 
 8.313046e-01 
 8.335192e-01 
 8.359209e-01 
 8.380460e-01 
 8.399661e-01 
 8.416120e-01 
 8.430018e-01 
 8.442267e-01 
 8.454748e-01 
 8.467481e-01 
 8.479725e-01 
 8.491709e-01 
 8.503537e-01 
 8.513303e-01 
 8.522366e-01 
 8.531398e-01 
 8.540151e-01 
 8.548922e-01 
 8.554587e-01 
 8.560164e-01 
 8.565680e-01 
 8.570939e-01 
 8.576137e-01 
 8.580933e-01 
 8.585741e-01 
 8.590510e-01 
 8.595104e-01 
 8.599495e-01 
 8.608389e-01 
 8.617475e-01 
 8.626562e-01 
 8.635539e-01 
 8.644298e-01 
 8.652331e-01 
 8.660143e-01 
 8.667918e-01 
 8.675594e-01 
 8.683206e-01 
 8.689154e-01 
 8.693576e-01 
 8.697896e-01 
 8.702150e-01 
 8.706377e-01 
 8.710249e-01 
 8.713364e-01 
 8.715781e-01 
 8.718268e-01 
 8.720363e-01 
 8.723070e-01 
 8.724525e-01 
 8.725504e-01 
 8.726469e-01 
 8.727527e-01 
 8.728647e-01 
 8.730450e-01 
 8.735305e-01 
 8.741515e-01 
 8.748565e-01 
 8.755385e-01 
 8.761615e-01 
 8.767185e-01 
 8.772362e-01 
 8.777219e-01 
 8.781939e-01 
 8.786458e-01 
 8.790821e-01 
 8.794428e-01 
 8.797450e-01 
 8.800365e-01 
 8.803354e-01 
 8.806227e-01 
 8.809071e-01 
 8.811144e-01 
 8.812381e-01 
 8.813667e-01 
 8.814716e-01 
 8.815656e-01 
 8.816536e-01 
 8.817103e-01 
 8.817064e-01 
 8.816894e-01 
 8.816518e-01 
 8.815643e-01 
 8.814310e-01 
 8.809958e-01 
 8.807796e-01 
 8.804516e-01 
 8.798829e-01 
 8.795298e-01 
 8.781312e-01 
 8.734449e-01 
 8.633291e-01 
 8.647169e-01 
 8.716829e-01 
 8.646382e-01 
 8.662759e-01 
 8.666233e-01 
 8.660697e-01 
 8.661739e-01 
 8.684917e-01 
 8.716096e-01 
 8.742818e-01 
 8.767391e-01 
 8.803327e-01 
 8.826987e-01 
 8.840702e-01 
 8.852807e-01 
 8.861577e-01 
 8.870060e-01 
 8.842561e-01 
 8.705316e-01 
 8.490400e-01 
 8.479330e-01 
 8.629769e-01 
 8.553267e-01 
 8.724602e-01 
 8.689214e-01 
 8.572243e-01 
 8.740232e-01 
 8.701842e-01 
 8.770035e-01 
 8.797225e-01 
 8.858882e-01 
 8.900415e-01 
 8.913133e-01 
 8.930715e-01 
 8.948772e-01 
 8.960558e-01 
 8.968422e-01 
 8.975933e-01 
 8.982995e-01 
 8.989633e-01 
 8.996436e-01 
 9.003789e-01 
 9.010928e-01 
 9.017743e-01 
 9.024264e-01 
 9.030768e-01 
 9.036916e-01 
 9.042539e-01 
 9.047041e-01 
 9.050513e-01 
 9.053517e-01 
 9.055690e-01 
 9.057032e-01 
 9.056966e-01 
 9.057095e-01 
 9.056727e-01 
 9.049752e-01 
 8.989846e-01 
 8.672341e-01 
 8.857625e-01 
 8.905934e-01 
 8.965099e-01 
 8.948856e-01 
 9.030384e-01 
 9.067398e-01 
 9.080780e-01 
 9.103971e-01 
 9.122214e-01 
 9.160705e-01 
 9.172199e-01 
 9.196491e-01 
 9.205927e-01 
 9.223895e-01 
 9.211157e-01 
 9.218179e-01 
 9.194947e-01 
 9.077431e-01 
 8.997087e-01 
 8.906922e-01 
 8.993538e-01 
 9.157152e-01 
 9.160864e-01 
 9.023756e-01 
 9.189621e-01 
 9.175595e-01 
 9.120287e-01 
 9.144751e-01 
 9.180465e-01 
 9.239713e-01 
 9.275835e-01 
 9.293738e-01 
 9.339065e-01 
 9.361110e-01 
 9.361312e-01 
 9.372182e-01 
 9.381744e-01 
 9.393312e-01 
 9.402813e-01 
 9.413826e-01 
 9.421282e-01 
 9.427712e-01 
 9.434566e-01 
 9.440535e-01 
 9.446367e-01 
 9.452135e-01 
 9.457920e-01 
 9.463330e-01 
 9.468353e-01 
 9.473398e-01 
 9.477274e-01 
 9.476097e-01 
 9.473026e-01 
 9.475107e-01 
 9.474724e-01 
 9.465978e-01 
 9.478157e-01 
 9.434986e-01 
 8.017236e-01 
 8.458179e-01 
 8.329039e-01 
 8.559175e-01 
 8.857265e-01 
 9.029935e-01 
 8.930500e-01 
 8.795660e-01 
 8.927624e-01 
 9.004515e-01 
 9.334717e-01 
 9.265924e-01 
 8.968856e-01 
 9.017388e-01 
 8.950964e-01 
 8.999094e-01 
 9.247029e-01 
 9.257481e-01 
 9.154830e-01 
 9.174722e-01 
 9.211301e-01 
 9.250889e-01 
 9.332056e-01 
 9.245329e-01 
 9.333528e-01 
 9.408684e-01 
 9.347870e-01 
 9.327080e-01 
 9.227967e-01 
 9.124572e-01 
 8.482557e-01 
 8.092009e-01 
 7.951750e-01 
 7.742807e-01 
 8.665039e-01 
 8.997911e-01 
 8.808690e-01 
 8.276649e-01 
 8.353921e-01 
 8.328948e-01 
 8.403621e-01 
 8.321809e-01 
 8.524457e-01 
 8.489207e-01 
 8.446721e-01 
 8.790346e-01 
 9.122493e-01 
 9.283248e-01 
 9.226210e-01 
 9.120325e-01 
 9.199884e-01 
 9.309470e-01 
 9.356656e-01 
 9.461670e-01 
 9.522359e-01 
 9.547764e-01 
 9.603841e-01 
 9.629194e-01 
 9.648620e-01 
 9.663727e-01 
 9.667114e-01 
 9.680297e-01 
 9.686573e-01 
 9.682450e-01 
 9.684621e-01 
 9.696081e-01 
 9.700592e-01 
 9.704081e-01 
 9.706242e-01 
 9.708523e-01 
 9.710018e-01 
 9.692587e-01 
 8.928115e-01 
 3.602469e-01 
 3.140956e-01 
 6.093677e-01 
 5.144145e-01 
 5.610576e-01 
 6.691824e-01 
 8.032463e-01 
 8.722147e-01 
 9.177527e-01 
 9.479764e-01 
 9.633870e-01 
 9.713108e-01 
 9.732040e-01 
 9.740649e-01 
 9.750713e-01 
 9.756284e-01 
 9.760305e-01 
 9.761363e-01 
 9.761027e-01 
 9.760559e-01 
 9.760063e-01 
 9.765102e-01 
 9.764444e-01 
 9.763956e-01 
 9.759823e-01 
 9.736481e-01 
 9.699945e-01 
 9.620022e-01 
 9.577970e-01 
 9.428770e-01 
 9.415774e-01 
 9.443685e-01 
 9.469537e-01 
 9.530047e-01 
 9.658750e-01 
 9.579767e-01 
 9.370500e-01 
 9.429990e-01 
 9.561979e-01 
 9.531634e-01 
 9.435288e-01 
 9.446558e-01 
 9.436685e-01 
 9.450591e-01 
 9.495674e-01 
 9.582244e-01 
 9.633947e-01 
 9.636087e-01 
 9.606493e-01 
 9.570156e-01 
 9.530330e-01 
 9.448994e-01 
 9.339744e-01 
 9.206381e-01 
 9.031193e-01 
 8.814259e-01 
 8.538967e-01 
 8.553547e-01 
 8.575633e-01 
 8.666286e-01 
 8.970245e-01 
 9.319887e-01 
 9.053385e-01 
 8.320721e-01 
 8.937022e-01 
 9.339145e-01 
 9.270659e-01 
 9.219516e-01 
 8.954781e-01 
 9.049597e-01 
 9.156313e-01 
 9.181460e-01 
 9.192824e-01 
 9.254639e-01 
 9.327601e-01 
 9.472649e-01 
 9.425977e-01 
 9.421090e-01 
 9.491639e-01 
 9.534512e-01 
 9.549994e-01 
 9.503324e-01 
 9.545023e-01 
 9.644371e-01 
 9.689476e-01 
 9.710432e-01 
 9.732487e-01 
 9.756815e-01 
 9.716302e-01 
 9.721314e-01 
 9.701220e-01 
 9.677328e-01 
 9.679558e-01 
 9.718679e-01 
 9.716450e-01 
 9.736072e-01 
 9.777036e-01 
 9.794272e-01 
 9.803163e-01 
 9.822869e-01 
 9.832409e-01 
 9.833863e-01 
 9.838927e-01 
 9.839612e-01 
 9.843092e-01 
 9.845942e-01 
 9.846719e-01 
 9.846217e-01 
 9.846684e-01 
 9.847652e-01 
 9.846971e-01 
 9.847887e-01 
 9.850100e-01 
 9.847924e-01 
 9.846752e-01 
 9.846488e-01 
 9.842678e-01 
 9.840749e-01 
 9.827850e-01 
 9.826983e-01 
 9.815831e-01 
 9.809576e-01 
 9.803563e-01 
 9.809368e-01 
 9.811643e-01 
 9.788878e-01 
 9.757289e-01 
 9.781514e-01 
 9.779960e-01 
 9.787253e-01 
 9.768533e-01 
 9.730181e-01 
 9.649557e-01 
 9.406238e-01 
 9.285030e-01 
 8.919687e-01 
 8.594393e-01 
 8.254242e-01 
 8.096185e-01 
 7.657774e-01 
 7.719729e-01 
 7.606868e-01 
 7.628716e-01 
 8.367203e-01 
 8.826585e-01 
 8.810499e-01 
 8.522821e-01 
 8.020231e-01 
 7.693101e-01 
 7.706260e-01 
 7.754949e-01 
 7.971599e-01 
 7.866480e-01 
 7.414232e-01 
 7.637030e-01 
 7.814174e-01 
 7.862707e-01 
 7.959933e-01 
 8.085852e-01 
 8.516460e-01 
 8.846144e-01 
 8.773950e-01 
 8.767857e-01 
 8.675863e-01 
 8.455760e-01 
 8.436120e-01 
 8.427116e-01 
 8.169165e-01 
 7.776734e-01 
 7.219648e-01 
 6.528174e-01 
 5.778883e-01 
 4.828275e-01 
 4.158068e-01 
 3.502331e-01 
 3.432108e-01 
 3.683107e-01 
 3.621204e-01 
 4.363194e-01 
 6.424226e-01 
 6.749305e-01 
 6.472889e-01 
 5.803238e-01 
 4.730413e-01 
 4.655755e-01 
 5.031379e-01 
 5.054587e-01 
 5.401840e-01 
 5.607655e-01 
 5.583269e-01 
 5.636836e-01 
 6.102647e-01 
 5.609827e-01 
 5.959345e-01 
 6.340341e-01 
 6.036842e-01 
 5.973731e-01 
 6.944135e-01 
 7.075116e-01 
 6.913711e-01 
 6.868245e-01 
 6.788022e-01 
 6.864053e-01 
 7.409475e-01 
 7.489693e-01 
 7.438655e-01 
 7.470034e-01 
 7.866401e-01 
 8.537994e-01 
 8.845839e-01 
 8.862992e-01 
 8.855719e-01 
 8.768009e-01 
 8.566592e-01 
 8.323053e-01 
 8.167456e-01 
 8.357663e-01 
 8.674246e-01 
 8.648981e-01 
 8.732039e-01 
 9.058450e-01 
 9.131427e-01 
 9.059020e-01 
 9.227792e-01 
 9.402093e-01 
 9.501459e-01 
 9.629956e-01 
 9.685801e-01 
 9.698621e-01 
 9.706784e-01 
 9.720321e-01 
 9.768182e-01 
 9.781691e-01 
 9.786666e-01 
 9.829872e-01 
 9.859343e-01 
 9.858980e-01 
 9.840075e-01 
 9.818001e-01 
 9.809833e-01 
 9.816271e-01 
 9.770224e-01 
 9.696721e-01 
 9.714017e-01 
 9.756105e-01 
 9.775282e-01 
 9.781334e-01 
 9.767179e-01 
 9.707252e-01 
 9.627288e-01 
 9.662741e-01 
 9.747543e-01 
 9.779819e-01 
 9.805193e-01 
 9.815758e-01 
 9.817683e-01 
 9.829096e-01 
 9.835678e-01 
 9.821146e-01 
 9.791496e-01 
 9.801766e-01 
 9.822974e-01 
 9.787070e-01 
 9.757030e-01 
 9.739006e-01 
 9.793775e-01 
 9.817904e-01 
 9.807487e-01 
 9.815833e-01 
 9.839878e-01 
 9.861885e-01 
 9.873253e-01 
 9.881992e-01 
 9.884117e-01 
 9.889157e-01 
 9.891338e-01 
 9.889635e-01 
 9.889655e-01 
 9.890776e-01 
 9.887499e-01 
 9.884614e-01 
 9.882114e-01 
 9.881040e-01 
 9.880457e-01 
 9.878141e-01 
 9.872110e-01 
 9.867896e-01 
 9.862831e-01 
 9.856545e-01 
 9.850183e-01 
 9.843340e-01 
 9.833827e-01 
 9.827268e-01 
 9.825674e-01 
 9.815767e-01 
 9.805740e-01 
 9.797157e-01 
 9.776642e-01 
 9.739836e-01 
 9.741245e-01 
 9.758765e-01 
 9.753873e-01 
 9.730716e-01 
 9.721529e-01 
 9.701450e-01 
 9.678103e-01 
 9.679848e-01 
 9.666994e-01 
 9.621845e-01 
 9.600915e-01 
 9.608722e-01 
 9.580475e-01 
 9.551287e-01 
 9.546192e-01 
 9.551218e-01 
 9.595901e-01 
 9.568803e-01 
 9.532254e-01 
 9.489149e-01 
 9.483893e-01 
 9.367972e-01 
 9.361684e-01 
 9.413021e-01 
 9.351643e-01 
 9.284527e-01 
 9.124725e-01 
 9.162179e-01 
 9.338339e-01 
 9.345446e-01 
 9.131275e-01 
 9.091101e-01 
 9.131646e-01 
 9.025708e-01 
 8.790187e-01 
 8.688059e-01 
 8.704324e-01 
 8.718792e-01 
 8.671516e-01 
 8.106259e-01 
 7.631348e-01 
 7.662883e-01 
 7.727584e-01 
 7.695178e-01 
 7.737626e-01 
 7.658095e-01 
 7.459844e-01 
 7.262154e-01 
 7.309274e-01 
 7.342588e-01 
 7.508243e-01 
 7.482780e-01 
 7.386394e-01 
 6.971670e-01 
 6.411219e-01 
 6.252884e-01 
 5.583933e-01 
 5.181211e-01 
 4.292406e-01 
 3.515585e-01 
 3.117321e-01 
 2.649320e-01 
 2.547465e-01 
 2.099067e-01 
 2.333243e-01 
 2.495589e-01 
 2.408457e-01 
 2.374955e-01 
 2.415585e-01 
 2.494315e-01 
 2.957004e-01 
 4.107916e-01 
 4.460057e-01 
 3.977420e-01 
 3.146873e-01 
 1.798685e-01 
 1.894058e-01 
 3.271012e-01 
 4.110177e-01 
 4.978673e-01 
 5.264307e-01 
 5.094503e-01 
 4.759297e-01 
 4.639467e-01 
 4.270673e-01 
 3.868628e-01 
 3.307024e-01 
 3.437731e-01 
 3.879927e-01 
 4.285418e-01 
 4.455395e-01 
 4.471561e-01 
 4.732805e-01 
 4.861729e-01 
 5.051473e-01 
 5.003966e-01 
 5.366120e-01 
 5.775073e-01 
 6.628510e-01 
 6.994038e-01 
 7.313446e-01 
 7.447875e-01 
 7.782426e-01 
 8.030685e-01 
 8.333158e-01 
 8.403152e-01 
 8.429742e-01 
 8.495755e-01 
 8.536049e-01 
 8.520901e-01 
 8.565269e-01 
 8.605294e-01 
 8.711853e-01 
 8.649150e-01 
 8.587665e-01 
 8.591439e-01 
 8.759408e-01 
 8.914576e-01 
 8.841329e-01 
 8.691724e-01 
 8.692071e-01 
 8.638227e-01 
 8.499454e-01 
 8.362320e-01 
 8.379134e-01 
 8.457934e-01 
 8.651556e-01 
 8.594341e-01 
 8.397347e-01 
 8.353051e-01 
 8.476139e-01 
 8.789365e-01 
 8.883032e-01 
 9.017855e-01 
 8.988839e-01 
 8.968743e-01 
 8.835998e-01 
 8.854318e-01 
 8.789701e-01 
 8.775228e-01 
 8.694385e-01 
 8.741017e-01 
 8.756861e-01 
 8.757432e-01 
 8.707973e-01 
 8.731057e-01 
 8.951429e-01 
 9.056633e-01 
 9.100469e-01 
 9.071894e-01 
 9.021897e-01 
 8.940200e-01 
 8.929442e-01 
 8.954256e-01 
 9.046812e-01 
 9.032044e-01 
 9.063395e-01 
 9.186890e-01 
 9.289103e-01 
 9.327700e-01 
 9.346620e-01 
 9.351501e-01 
 9.368443e-01 
 9.378122e-01 
 9.390453e-01 
 9.465756e-01 
 9.483303e-01 
 9.506243e-01 
 9.545474e-01 
 9.592374e-01 
 9.628597e-01 
 9.668962e-01 
 9.691228e-01 
 9.698876e-01 
 9.703469e-01 
 9.753101e-01 
 9.770772e-01 
 9.782981e-01 
 9.798639e-01 
 9.803904e-01 
 9.805945e-01 
 9.804696e-01 
 9.796279e-01 
 9.786462e-01 
 9.778017e-01 
 9.761326e-01 
 9.749668e-01 
 9.736626e-01 
 9.720175e-01 
 9.704077e-01 
 9.693421e-01 
 9.677250e-01 
 9.658883e-01 
 9.635469e-01 
 9.610829e-01 
 9.563397e-01 
 9.528250e-01 
 9.495791e-01 
 9.450861e-01 
 9.352954e-01 
 9.275281e-01 
 9.188468e-01 
 9.094470e-01 
 8.919308e-01 
 8.851686e-01 
 8.806231e-01 
 8.789992e-01 
 8.718103e-01 
 8.635317e-01 
 8.540062e-01 
 8.497710e-01 
 8.740458e-01 
 8.850752e-01 
 8.938804e-01 
 9.015595e-01 
 9.110216e-01 
 9.158322e-01 
 9.188328e-01 
 9.209179e-01 
 9.232832e-01 
 9.254112e-01 
 9.306147e-01 
 9.357833e-01 
 9.404328e-01 
 9.435733e-01 
 9.441045e-01 
 9.457453e-01 
 9.437528e-01 
 9.395384e-01 
 9.233300e-01 
 9.183786e-01 
 9.177434e-01 
 9.206415e-01 
 9.277866e-01 
 9.285281e-01 
 9.213778e-01 
 9.098731e-01 
 8.977551e-01 
 8.878766e-01 
 8.869972e-01 
 8.862660e-01 
 8.846324e-01 
 8.821875e-01 
 8.751372e-01 
 8.540037e-01 
 8.458929e-01 
 8.423875e-01 
 8.395065e-01 
 8.343315e-01 
 8.209063e-01 
 8.029083e-01 
 8.008613e-01 
 8.010171e-01 
 7.793960e-01 
 7.548462e-01 
 7.336156e-01 
 7.436634e-01 
 7.593253e-01 
 7.585093e-01 
 7.333885e-01 
 6.980578e-01 
 6.584964e-01 
 6.434353e-01 
 6.685889e-01 
 6.967452e-01 
 7.112751e-01 
 7.035334e-01 
 6.767813e-01 
 6.198263e-01 
 5.594201e-01 
 4.542645e-01 
 4.173352e-01 
 3.935727e-01 
 4.018995e-01 
 4.231300e-01 
 4.533160e-01 
 4.753750e-01 
 4.840615e-01 
 4.896126e-01 
 5.055494e-01 
 5.148950e-01 
 5.288097e-01 
 5.249394e-01 
 5.269766e-01 
 4.817778e-01 
 4.276869e-01 
 2.994226e-01 
 2.206737e-01 
 1.754179e-01 
 1.194940e-01 
 1.012217e-01 
 6.140152e-02 
 4.716234e-02 
 2.624428e-02 
 1.367563e-02 
 8.711511e-03 
 5.320373e-03 
 3.026048e-03 
 1.375218e-03 
 7.773465e-04 
 2.225048e-04 
 1.094252e-04 
 5.770764e-05 
 5.015556e-05 
 9.544694e-05 
 1.216385e-04 
 1.285974e-04 
 1.655376e-04 
 1.287837e-04 
 1.112491e-04 
 1.207942e-04 
 3.231588e-04 
 9.102768e-04 
 2.850926e-03 
 5.370161e-03 
 7.700369e-03 
 8.929510e-03 
 7.944880e-03 
 6.274043e-03 
 3.828696e-03 
 1.907666e-03 
 6.861612e-04 
 2.549616e-04 
 1.347057e-04 
 1.228999e-04 
 2.959338e-04 
 5.659776e-04 
 1.210877e-03 
 3.865047e-03 
 6.327251e-03 
 8.335114e-03 
 8.964460e-03 
 7.835105e-03 
 4.765112e-03 
 3.001036e-03 
 1.894259e-03 
 2.363960e-03 
 4.124004e-03 
 6.628290e-03 
 6.999041e-03 
 6.378961e-03 
 5.943948e-03 
 6.869552e-03 
 9.849223e-03 
 1.353151e-02 
 1.223187e-02 
 1.398482e-02 
 1.216455e-02 
 1.373439e-02 
 1.922251e-02 
 2.652833e-02 
 3.868512e-02 
 5.510371e-02 
 5.567428e-02 
 6.733172e-02 
 6.397582e-02 
 8.040017e-02 
 9.239572e-02 
 9.840509e-02 
 9.999842e-02 
 1.044802e-01 
 1.096701e-01 
 1.351097e-01 
 1.473864e-01 
 1.541099e-01 
 1.528740e-01 
 1.456119e-01 
 1.469461e-01 
 1.599127e-01 
 1.701328e-01 
 1.830672e-01 
 1.816698e-01 
 1.592835e-01 
 1.473081e-01 
 1.465206e-01 
 1.394157e-01 
 1.559651e-01 
 1.633403e-01 
 1.671042e-01 
 1.874655e-01 
 1.901447e-01 
 1.983812e-01 
 2.030666e-01 
 1.964421e-01 
 1.972086e-01 
 2.041595e-01 
 2.064372e-01 
 2.209530e-01 
 2.349828e-01 
 2.374319e-01 
 2.289980e-01 
 2.143785e-01 
 2.216806e-01 
 2.476032e-01 
 2.931058e-01 
 3.428978e-01 
 3.773387e-01 
 4.111501e-01 
 4.161598e-01 
 4.218836e-01 
 3.970666e-01 
 3.757730e-01 
 3.638146e-01 
 3.339095e-01 
 3.339329e-01 
 3.256430e-01 
 3.048669e-01 
 2.793605e-01 
 2.628203e-01 
 2.443640e-01 
 2.165426e-01 
 2.070739e-01 
 2.387211e-01 
 2.830455e-01 
 3.471688e-01 
 3.998804e-01 
 3.985180e-01 
 3.985478e-01 
 3.814322e-01 
 3.647694e-01 
 3.438058e-01 
 3.555703e-01 
 3.787318e-01 
 4.038284e-01 
 4.112750e-01 
 4.108560e-01 
 4.073373e-01 
 4.289722e-01 
 4.787390e-01 
 4.821568e-01 
 5.473894e-01 
 6.060407e-01 
 6.374028e-01 
 6.436723e-01 
 6.626317e-01 
 6.655339e-01 
 6.863738e-01 
 7.239097e-01 
 7.257187e-01 
 7.574211e-01 
 7.886088e-01 
 8.097601e-01 
 8.032944e-01 
 7.911815e-01 
 7.835506e-01 
 7.907092e-01 
 8.141584e-01 
 8.148736e-01 
 8.350844e-01 
 8.460121e-01 
 8.571738e-01 
 8.610764e-01 
 8.689227e-01 
 8.740633e-01 
 8.764455e-01 
 8.764398e-01 
 8.823978e-01 
 8.843617e-01 
 8.897810e-01 
 9.004025e-01 
 9.129814e-01 
 9.287859e-01 
 9.373592e-01 
 9.375383e-01 
 9.400204e-01 
 9.371071e-01 
 9.338095e-01 
 9.344792e-01 
 9.379137e-01 
 9.427029e-01 
 9.427886e-01 
 9.465152e-01 
 9.489842e-01 
 9.516999e-01 
 9.533150e-01 
 9.554741e-01 
 9.585350e-01 
 9.585710e-01 
 9.616338e-01 
 9.646713e-01 
 9.668090e-01 
 9.678230e-01 
 9.689292e-01 
 9.689199e-01 
 9.709156e-01 
 9.738911e-01 
 9.780306e-01 
 9.814633e-01 
 9.841032e-01 
 9.856864e-01 
 9.856766e-01 
 9.855819e-01 
 9.855433e-01 
 9.856734e-01 
 9.864276e-01 
 9.864177e-01 
 9.875677e-01 
 9.882599e-01 
 9.887800e-01 
 9.882651e-01 
 9.875255e-01 
 9.875190e-01 
 9.867088e-01 
 9.852118e-01 
 9.837766e-01 
 9.806042e-01 
 9.750578e-01 
 9.750476e-01 
 9.659643e-01 
 9.530138e-01 
 9.385191e-01 
 9.277312e-01 
 9.277214e-01 
 9.244557e-01 
 9.274486e-01 
 9.331040e-01 
 9.366013e-01 
 9.365913e-01 
 9.381727e-01 
 9.400903e-01 
 9.439203e-01 
 9.507181e-01 
 9.507079e-01 
 9.584576e-01 
 9.655896e-01 
 9.720690e-01 
 9.767670e-01 
 9.767563e-01 
 9.803472e-01 
 9.830419e-01 
 9.836852e-01 
 9.832537e-01 
 9.832428e-01 
 9.820783e-01 
 9.798732e-01 
 9.768099e-01 
 9.723966e-01 
 9.723858e-01 
 9.651992e-01 
 9.549878e-01 
 9.430037e-01 
 9.336880e-01 
 9.336795e-01 
 9.311677e-01 
 9.341714e-01 
 9.392088e-01 
 9.391996e-01 
 9.410377e-01 
 9.395031e-01 
 9.383692e-01 
 9.383585e-01 
 9.398854e-01 
 9.458566e-01 
 9.534122e-01 
 9.604038e-01 
 9.603928e-01 
 9.658863e-01 
 9.699894e-01 
 9.746438e-01 
 9.746323e-01 
 9.789453e-01 
 9.828568e-01 
 9.859177e-01 
 9.859062e-01 
 9.876260e-01 
 9.884366e-01 
 9.908832e-01 
 9.889214e-01 
 9.891650e-01 
 9.883239e-01 
 9.873803e-01 
 9.856904e-01 
 9.856787e-01 
 9.836658e-01 
 9.829882e-01 
 9.809300e-01 
 9.809183e-01 
 9.786183e-01 
 9.757412e-01 
 9.757296e-01 
 9.718948e-01 
 9.697998e-01 
 9.679637e-01 
 9.679474e-01 
 9.673267e-01 
 9.667709e-01 
 9.656257e-01 
 9.656141e-01 
 9.654468e-01 
 9.642207e-01 
 9.640118e-01 
 9.639941e-01 
 9.644829e-01 
 9.645172e-01 
 9.664307e-01 
 9.664190e-01 
 9.686440e-01 
 9.702270e-01 
 9.702153e-01 
 9.719805e-01 
 9.724616e-01 
 9.712465e-01 
 9.712312e-01 
 9.695586e-01 
 9.687198e-01 
 9.676975e-01 
 9.676857e-01 
 9.691013e-01 
 9.733887e-01 
 9.733768e-01 
 9.758725e-01 
 9.777700e-01 
 9.784692e-01 
 9.784507e-01 
 9.768070e-01 
 9.756680e-01 
 9.756475e-01 
 9.751546e-01 
 9.756805e-01 
 9.772500e-01 
 9.772380e-01 
 9.784687e-01 
 9.792225e-01 
 9.792105e-01 
 9.786004e-01 
 9.782689e-01 
 9.763424e-01 
 9.763303e-01 
 9.731938e-01 
 9.707347e-01 
 9.706912e-01 
 9.675360e-01 
 9.672776e-01 
 9.672313e-01 
 9.677213e-01 
 9.677636e-01 
 9.661346e-01 
 9.661227e-01 
 9.650996e-01 
 9.649338e-01 
 9.649221e-01 
 9.652448e-01 
 9.669905e-01 
 9.669787e-01 
 9.643871e-01 
 9.601755e-01 
 9.601639e-01 
 9.559639e-01 
 9.535515e-01 
 9.544489e-01 
 9.544374e-01 
 9.547727e-01 
 9.543673e-01 
 9.543558e-01 
 9.520529e-01 
 9.530936e-01 
 9.529631e-01 
 9.543133e-01 
 9.555343e-01 
 9.554214e-01 
 9.506637e-01 
 9.396622e-01 
 9.395360e-01 
 9.315192e-01 
 9.228680e-01 
 9.226956e-01 
 9.271368e-01 
 9.327842e-01 
 9.326187e-01 
 9.319012e-01 
 9.350262e-01 
 9.348345e-01 
 9.258059e-01 
 9.188773e-01 
 9.186699e-01 
 9.152932e-01 
 9.031440e-01 
 9.029123e-01 
 9.003237e-01 
 8.972026e-01 
 8.968487e-01 
 8.909474e-01 
 8.889703e-01 
 8.888000e-01 
 8.836742e-01 
 8.793398e-01 
 8.790734e-01 
 8.722645e-01 
 8.767647e-01 
 8.763760e-01 
 8.813655e-01 
 8.786707e-01 
 8.786628e-01 
 8.758556e-01 
 8.697900e-01 
 8.697826e-01 
 8.609610e-01 
 8.617696e-01 
 8.617629e-01 
 8.672597e-01 
 8.672537e-01 
 8.598117e-01 
 8.440600e-01 
 8.440548e-01 
 8.289549e-01 
 8.017799e-01 
 8.017757e-01 
 7.950329e-01 
 8.000783e-01 
 8.000752e-01 
 7.961925e-01 
 7.920988e-01 
 7.920974e-01 
 7.769760e-01 
 7.752172e-01 
 7.386583e-01 
 7.096109e-01 
 7.076947e-01 
 6.855034e-01 
 6.665778e-01 
 6.665807e-01 
 6.505688e-01 
 6.410928e-01 
 6.410983e-01 
 6.210563e-01 
 6.210656e-01 
 6.227015e-01 
 6.218687e-01 
 6.218836e-01 
 6.200132e-01 
 5.790427e-01 
 5.790642e-01 
 5.356363e-01 
 5.277178e-01 
 4.776790e-01 
 4.434550e-01 
 4.434795e-01 
 3.931939e-01 
 3.564160e-01 
 3.564439e-01 
 2.847292e-01 
 2.847600e-01 
 2.341072e-01 
 2.031921e-01 
 2.032222e-01 
 1.979173e-01 
 1.896557e-01 
 1.681007e-01 
 1.610454e-01 
 1.521939e-01 
 1.202238e-01 
 9.588096e-02 
 9.590748e-02 
 7.399920e-02 
 7.402604e-02 
 6.342684e-02 
 4.199663e-02 
 4.201596e-02 
 3.670895e-02 
 3.318328e-02 
 2.498981e-02 
 2.160772e-02 
 2.162013e-02 
 1.841696e-02 
 1.842988e-02 
 1.590415e-02 
 7.737080e-03 
 7.743739e-03 
 4.922056e-03 
 4.141826e-03 
 1.804618e-03 
 9.866711e-04 
 9.876910e-04 
 5.189338e-04 
 5.195470e-04 
 2.481434e-04 
 7.524186e-05 
 7.534064e-05 
 4.446993e-05 
 3.937263e-05 
 5.174741e-05 
 1.008856e-04 
 1.010276e-04 
 1.748694e-04 
 1.751288e-04 
 2.422855e-04 
 2.241878e-04 
 1.710046e-04 
 1.200348e-04 
 1.202167e-04 
 1.164391e-04 
 1.166120e-04 
 1.100097e-04 
 1.141878e-04 
 1.143513e-04 
 1.153265e-04 
 1.206318e-04 
 1.383342e-04 
 1.385256e-04 
 2.068255e-04 
 4.199031e-04 
 4.204918e-04 
 8.389301e-04 
 7.803660e-04 
 8.710350e-04 
 7.034192e-04 
 7.044316e-04 
 2.987653e-04 
 2.991871e-04 
 5.317636e-05 
 5.640746e-05 
 9.868392e-06 
 3.705370e-06 
 3.710263e-06 
 1.423598e-05 
 1.425379e-05 
 8.388519e-05 
 8.634104e-05 
 4.677605e-04 
 1.225749e-03 
 1.227215e-03 
 2.243014e-03 
 2.245466e-03 
 3.243244e-03 
 3.667634e-03 
 4.460763e-03 
 4.465042e-03 
 4.483158e-03 
 4.732631e-03 
 4.736886e-03 
 3.621341e-03 
 3.624590e-03 
 3.019338e-03 
 3.022145e-03 
 2.617405e-03 
 2.123219e-03 
 2.125300e-03 
 1.386874e-03 
 1.388230e-03 
 6.185712e-04 
 6.191917e-04 
 3.041750e-04 
 3.034721e-04 
 2.197151e-04 
 3.522368e-04 
 3.525909e-04 
 6.299510e-04 
 6.305862e-04 
 1.017658e-03 
 1.018682e-03 
 1.164131e-03 
 1.165268e-03 
 1.274612e-03 
 1.341565e-03 
 1.952426e-03 
 2.661172e-03 
 2.663529e-03 
 5.902910e-03 
 5.907414e-03 
 8.376052e-03 
 8.382430e-03 
 1.316920e-02 
 1.317781e-02 
 1.675655e-02 
 1.825584e-02 
 2.055326e-02 
 2.143406e-02 
 2.144590e-02 
 2.739082e-02 
 2.740334e-02 
 3.126256e-02 
 3.127681e-02 
 4.699974e-02 
 4.701662e-02 
 5.478605e-02 
 6.096598e-02 
 7.455761e-02 
 7.457749e-02 
 7.870507e-02 
 9.633123e-02 
 9.635044e-02 
 1.120807e-01 
 1.121030e-01 
 1.373316e-01 
 1.373518e-01 
 1.558148e-01 
 1.558377e-01 
 1.864695e-01 
 1.864897e-01 
 2.002085e-01 
 2.069346e-01 
 2.219820e-01 
 2.219989e-01 
 2.145169e-01 
 2.209230e-01 
 2.188151e-01 
 2.188263e-01 
 2.140097e-01 
 2.300736e-01 
 2.300815e-01 
 2.638850e-01 
 2.638939e-01 
 3.118155e-01 
 3.118226e-01 
 3.722322e-01 
 3.722407e-01 
 4.358260e-01 
 4.358324e-01 
 4.831040e-01 
 4.831111e-01 
 5.363325e-01 
 5.363370e-01 
 5.701639e-01 
 5.732198e-01 
 6.019287e-01 
 6.019309e-01 
 6.309624e-01 
 6.335021e-01 
 6.628889e-01 
 6.628892e-01 
 6.850111e-01 
 6.866181e-01 
 7.142473e-01 
 7.142461e-01 
 7.263756e-01 
 7.276652e-01 
 7.357022e-01 
 7.356999e-01 
 7.436717e-01 
 7.446262e-01 
 7.418768e-01 
 7.418736e-01 
 7.375873e-01 
 7.383566e-01 
 7.212703e-01 
 7.212664e-01 
 6.724715e-01 
 6.730045e-01 
 5.815210e-01 
 5.815175e-01 
 4.578927e-01 
 4.582849e-01 
 3.572797e-01 
 3.572773e-01 
 3.118998e-01 
 3.121158e-01 
 3.130237e-01 
 3.130214e-01 
 3.406374e-01 
 3.408046e-01 
 3.639115e-01 
 3.639087e-01 
 3.723298e-01 
 3.724949e-01 
 3.796647e-01 
 3.796616e-01 
 3.961958e-01 
 3.963586e-01 
 4.397103e-01 
 4.397066e-01 
 5.100918e-01 
 5.102687e-01 
 5.895368e-01 
 5.895317e-01 
 6.599988e-01 
 6.601350e-01 
 7.175110e-01 
 7.175046e-01 
 7.554660e-01 
 7.556226e-01 
 7.881296e-01 
 7.881224e-01 
 8.128591e-01 
 8.128517e-01 
 8.299465e-01 
 8.299388e-01 
 8.409919e-01 
 8.409841e-01 
 8.400916e-01 
 8.400838e-01 
 8.362016e-01 
 8.361939e-01 
 8.286456e-01 
 8.286378e-01 
 8.128194e-01 
 8.128119e-01 
 7.866917e-01 
 7.866844e-01 
 7.866770e-01 
 7.418903e-01 
 7.419214e-01 
 6.902234e-01 
 6.902170e-01 
 6.554447e-01 
 6.554716e-01 
 6.450298e-01 
 6.450238e-01 
 6.558631e-01 
 6.558570e-01 
 6.753632e-01 
 6.753569e-01 
 6.826044e-01 
 6.825981e-01 
 6.816933e-01 
 6.816870e-01 
 6.826714e-01 
 6.826651e-01 
 6.826695e-01 
 6.905313e-01 
 6.905249e-01 
 7.051254e-01 
 7.051386e-01 
 7.403386e-01 
 7.403318e-01 
 7.761429e-01 
 7.761358e-01 
 8.053752e-01 
 8.053678e-01 
 8.293551e-01 
 8.293475e-01 
 8.293605e-01 
 8.445714e-01 
 8.445637e-01 
 8.529406e-01 
 8.529420e-01 
 8.619137e-01 
 8.619058e-01 
 8.710787e-01 
 8.710709e-01 
 8.806616e-01 
 8.806536e-01 
 8.893968e-01 
 8.893889e-01 
 8.893876e-01 
 8.933538e-01 
 8.933458e-01 
 8.963913e-01 
 8.963933e-01 
 8.968768e-01 
 8.968688e-01 
 9.030758e-01 
 9.030677e-01 
 9.135752e-01 
 9.135671e-01 
 9.135591e-01 
 9.198069e-01 
 9.197964e-01 
 9.266636e-01 
 9.266555e-01 
 9.282832e-01 
 9.282751e-01 
 9.256220e-01 
 9.256140e-01 
 9.249828e-01 
 9.249747e-01 
 9.249848e-01 
 9.236125e-01 
 9.236045e-01 
 9.237399e-01 
 9.237319e-01 
 9.281279e-01 
 9.281200e-01 
 9.346330e-01 
 9.346249e-01 
 9.346291e-01 
 9.420139e-01 
 9.420058e-01 
 9.507479e-01 
 9.507397e-01 
 9.591358e-01 
 9.591275e-01 
 9.640200e-01 
 9.640118e-01 
 9.640171e-01 
 9.676665e-01 
 9.676583e-01 
 9.697777e-01 
 9.697695e-01 
 9.704787e-01 
 9.704705e-01 
 9.704624e-01 
 9.705442e-01 
 9.705224e-01 
 9.664807e-01 
 9.664726e-01 
 9.564590e-01 
 9.564510e-01 
 9.420061e-01 
 9.419984e-01 
 9.419906e-01 
 9.262282e-01 
 9.262205e-01 
 9.145410e-01 
 9.145336e-01 
 9.136983e-01 
 9.136908e-01 
 9.136432e-01 
 9.163011e-01 
 9.162938e-01 
 9.178630e-01 
 9.178556e-01 
 9.196811e-01 
 9.196738e-01 
 9.196665e-01 
 9.226409e-01 
 9.226336e-01 
 9.252661e-01 
 9.252589e-01 
 9.286433e-01 
 9.286361e-01 
 9.285958e-01 
 9.319087e-01 
 9.319016e-01 
 9.306333e-01 
 9.306262e-01 
 9.275599e-01 
 9.275528e-01 
 9.275457e-01 
 9.241719e-01 
 9.241648e-01 
 9.174448e-01 
 9.174379e-01 
 9.174310e-01 
 9.108541e-01 
 9.108310e-01 
 9.132905e-01 
 9.132837e-01 
 9.178736e-01 
 9.178667e-01 
 9.178398e-01 
 9.222517e-01 
 9.222448e-01 
 9.207255e-01 
 9.207187e-01 
 9.094690e-01 
 9.094623e-01 
 9.094557e-01 
 8.959757e-01 
 8.959692e-01 
 8.880161e-01 
 8.880096e-01 
 8.880031e-01 
 8.941707e-01 
 8.941642e-01 
 9.085483e-01 
 9.085417e-01 
 9.085351e-01 
 9.258537e-01 
 9.258470e-01 
 9.407989e-01 
 9.407921e-01 
 9.481299e-01 
 9.481230e-01 
 9.481546e-01 
 9.496776e-01 
 9.496707e-01 
 9.496908e-01 
 9.496840e-01 
 9.497107e-01 
 9.487084e-01 
 9.487015e-01 
 9.484290e-01 
 9.484222e-01 
 9.484432e-01 
 9.492428e-01 
 9.492360e-01 
 9.488741e-01 
 9.488673e-01 
 9.488680e-01 
 9.477379e-01 
 9.477312e-01 
 9.448714e-01 
 9.448647e-01 
 9.448602e-01 
 9.422137e-01 
 9.422071e-01 
 9.389239e-01 
 9.389173e-01 
 9.389017e-01 
 9.357941e-01 
 9.357876e-01 
 9.336957e-01 
 9.336892e-01 
 9.336665e-01 
 9.314234e-01 
 9.314170e-01 
 9.294308e-01 
 9.294245e-01 
 9.293936e-01 
 9.273442e-01 
 9.273379e-01 
 9.234918e-01 
 9.234855e-01 
 9.234490e-01 
 9.171326e-01 
 9.171265e-01 
 9.124126e-01 
 9.124066e-01 
 9.123652e-01 
 9.078019e-01 
 9.077959e-01 
 9.042861e-01 
 9.042803e-01 
 9.042366e-01 
 9.045541e-01 
 9.045483e-01 
 9.045424e-01 
 9.029508e-01 
 9.029450e-01 
 9.029823e-01 
 9.029766e-01 
 9.029709e-01 
 9.054763e-01 
 9.054706e-01 
 9.046602e-01 
 9.046546e-01 
 9.046489e-01 
 9.067414e-01 
 9.067357e-01 
 9.071129e-01 
 9.071074e-01 
 9.071019e-01 
 9.030840e-01 
 9.030786e-01 
 9.030080e-01 
 9.002162e-01 
 9.002108e-01 
 8.928577e-01 
 8.928524e-01 
 8.927795e-01 
 8.820278e-01 
 8.820227e-01 
 8.735691e-01 
 8.735641e-01 
 8.735590e-01 
 8.641440e-01 
 8.641391e-01 
 8.641342e-01 
 8.638125e-01 
 8.638076e-01 
 8.662743e-01 
 8.662695e-01 
 8.662647e-01 
 8.754916e-01 
 8.754867e-01 
 8.753741e-01 
 8.882883e-01 
 8.882836e-01 
 8.917263e-01 
 8.917216e-01 
 8.915812e-01 
 8.857502e-01 
 8.857456e-01 
 8.857411e-01 
 8.677115e-01 
 8.677070e-01 
 8.452011e-01 
 8.451969e-01 
 8.451927e-01 
 8.842266e-01 
 8.842223e-01 
 8.403472e-01 
 8.424516e-01 
 8.424476e-01 
 8.558275e-01 
 8.558234e-01 
 8.558194e-01 
 8.668559e-01 
 8.668520e-01 
 8.668481e-01 
 8.630123e-01 
 8.630085e-01 
 8.627728e-01 
 8.493616e-01 
 8.493581e-01 
 8.293692e-01 
 8.293659e-01 
 8.290886e-01 
 8.055029e-01 
 8.054999e-01 
 8.054968e-01 
 7.880684e-01 
 7.880654e-01 
 7.750856e-01 
 7.750830e-01 
 7.750803e-01 
 7.664760e-01 
 7.664734e-01 
 7.661878e-01 
 7.630674e-01 
 7.630651e-01 
 7.630628e-01 
 7.696201e-01 
 7.696179e-01 
 7.823925e-01 
 7.823905e-01 
 7.823886e-01 
 7.966292e-01 
 7.966272e-01 
 7.961429e-01 
 8.001992e-01 
 8.001977e-01 
 8.001962e-01 
 7.845464e-01 
 7.845449e-01 
 7.839186e-01 
 7.604342e-01 
 7.604334e-01 
 7.280514e-01 
 7.280506e-01 
 7.280499e-01 
 7.124596e-01 
 7.124593e-01 
 7.124592e-01 
 7.124014e-01 
 7.124012e-01 
 7.117004e-01 
 7.025617e-01 
 7.025622e-01 
 7.025627e-01 
 7.072128e-01 
 7.072133e-01 
 6.969696e-01 
 6.969707e-01 
 6.969718e-01 
 6.975408e-01 
 6.975420e-01 
 6.975431e-01 
 7.076505e-01 
 7.076526e-01 
 7.076547e-01 
 7.171614e-01 
 7.171635e-01 
 7.159509e-01 
 7.272702e-01 
 7.272735e-01 
 7.272767e-01 
 7.261679e-01 
 7.261711e-01 
 7.246850e-01 
 7.177047e-01 
 7.177093e-01 
 7.013650e-01 
 7.013695e-01 
 7.013740e-01 
 6.708335e-01 
 6.708391e-01 
 6.708446e-01 
 6.431501e-01 
 6.431555e-01 
 6.431609e-01 
 6.113733e-01 
 6.113796e-01 
 6.113858e-01 
 5.904642e-01 
 5.904703e-01 
 5.888996e-01 
 5.927550e-01 
 5.927628e-01 
 5.927707e-01 
 6.280285e-01 
 6.280369e-01 
 6.250656e-01 
 6.522886e-01 
 6.522993e-01 
 6.523101e-01 
 6.658593e-01 
 6.658704e-01 
 6.637233e-01 
 6.621992e-01 
 6.622124e-01 
 6.622255e-01 
 6.449005e-01 
 6.449133e-01 
 6.416945e-01 
 6.213473e-01 
 6.213619e-01 
 6.213764e-01 
 6.218748e-01 
 6.218894e-01 
 6.196764e-01 
 5.916638e-01 
 5.916794e-01 
 5.916950e-01 
 5.448952e-01 
 5.449095e-01 
 5.073653e-01 
 5.073809e-01 
 5.073965e-01 
 4.945483e-01 
 4.945634e-01 
 4.945786e-01 
 5.068557e-01 
 5.068743e-01 
 5.068931e-01 
 5.548444e-01 
 5.548648e-01 
 5.548853e-01 
 5.499372e-01 
 5.672947e-01 
 5.673195e-01 
 5.673398e-01 
 5.444306e-01 
 5.444545e-01 
 5.399158e-01 
 5.082734e-01 
 5.083000e-01 
 5.083266e-01 
 4.645323e-01 
 4.645566e-01 
 4.586459e-01 
 4.020857e-01 
 4.021113e-01 
 4.021369e-01 
 3.807652e-01 
 3.807894e-01 
 3.748081e-01 
 3.234133e-01 
 3.234387e-01 
 3.234641e-01 
 2.749619e-01 
 2.749834e-01 
 2.691857e-01 
 2.242751e-01 
 2.242972e-01 
 2.243193e-01 
 1.911424e-01 
 1.911612e-01 
 1.857064e-01 
 1.761087e-01 
 1.761305e-01 
 1.761522e-01 
 1.804638e-01 
 1.804860e-01 
 1.805083e-01 
 1.806737e-01 
 1.807026e-01 
 1.807314e-01 
 1.932332e-01 
 1.932640e-01 
 1.932948e-01 
 1.824367e-01 
