  8.196272254e-01 
  1.989638805e+00 
  2.020513296e+00 
  4.802703381e+00 
  5.228213310e+00 
  8.856821060e+00 
  9.327536583e+00 
  1.316632938e+01 
  1.626143074e+01 
  1.695063591e+01 
  1.802056503e+01 
  3.403875351e+01 
  2.822678566e+01 
  3.514479065e+01 
  3.556695175e+01 
  4.148937607e+01 
  3.201165390e+01 
  4.565243912e+01 
  4.377367783e+01 
  4.818660736e+01 
  4.660002518e+01 
  5.618796921e+01 
  4.920448685e+01 
  4.264985657e+01 
  5.272371292e+01 
  5.841693878e+01 
  7.941815186e+01 
  7.923301697e+01 
  6.538779449e+01 
  7.657144165e+01 
  7.933543396e+01 
  6.408523560e+01 
  6.989107513e+01 
  7.845140076e+01 
  6.532065582e+01 
  6.961812592e+01 
  5.192304993e+01 
  4.932767105e+01 
  5.971461487e+01 
  5.965293121e+01 
  6.659799957e+01 
  5.581873322e+01 
  5.808578491e+01 
  5.789715576e+01 
  5.196370697e+01 
  6.628063202e+01 
  7.295462036e+01 
  6.885443878e+01 
  6.432123566e+01 
  6.996757507e+01 
  7.096216583e+01 
  6.683824921e+01 
  6.795247650e+01 
  6.149637985e+01 
  7.041948700e+01 
  7.079541779e+01 
  6.640258789e+01 
  4.210625458e+01 
  4.538579559e+01 
  4.529405975e+01 
  6.665036011e+01 
  5.241659927e+01 
  5.703969193e+01 
  6.018474197e+01 
  5.958942032e+01 
  5.534802628e+01 
  7.535426331e+01 
  6.688143158e+01 
  6.255971146e+01 
  5.968543625e+01 
  6.808419800e+01 
  5.393065643e+01 
  5.630166626e+01 
  5.563932419e+01 
  4.272385788e+01 
  3.879542542e+01 
  5.500701904e+01 
  5.577481079e+01 
  7.146530914e+01 
  5.449560547e+01 
  5.055095673e+01 
  5.619282913e+01 
  4.156961060e+01 
  2.867443657e+01 
  3.121901894e+01 
  4.646256638e+01 
  3.566059113e+01 
  4.046326065e+01 
  3.960934067e+01 
  4.459216309e+01 
  5.340961456e+01 
  5.902009964e+01 
  5.180749512e+01 
  2.743324089e+01 
  2.998426628e+01 
  4.971342087e+01 
  5.053934860e+01 
  2.031616402e+01 
  5.614263153e+01 
  6.649038696e+01 
  6.452191162e+01 
  6.329865646e+01 
  6.621459198e+01 
  6.121453476e+01 
  6.493368530e+01 
  5.878207016e+01 
  5.759011078e+01 
  5.537197495e+01 
  5.922208023e+01 
  6.471800995e+01 
  5.342098999e+01 
  6.193830490e+01 
  6.336847305e+01 
  5.910775757e+01 
  5.728406143e+01 
  6.033076477e+01 
  5.921532440e+01 
  5.669997787e+01 
  5.477889633e+01 
  5.542953873e+01 
  4.633985519e+01 
  5.734741592e+01 
  5.427945709e+01 
  4.528440857e+01 
  4.920654678e+01 
  5.034748077e+01 
  4.781590652e+01 
  4.544263840e+01 
  4.546538925e+01 
  4.087115479e+01 
  3.222807312e+01 
  2.863387680e+01 
  5.093535614e+01 
  4.480878067e+01 
  4.209195709e+01 
  4.526283646e+01 
  4.960875320e+01 
  4.950994873e+01 
  4.384120560e+01 
  4.193867874e+01 
  4.646929932e+01 
  4.579301071e+01 
  4.768425369e+01 
  4.746297073e+01 
  4.662633133e+01 
  4.849840164e+01 
  4.269120789e+01 
  4.815058517e+01 
  4.841042328e+01 
  4.820180893e+01 
  4.871099472e+01 
  5.206605530e+01 
  4.787352371e+01 
  4.395636368e+01 
  4.635640335e+01 
  4.617683029e+01 
  4.678741837e+01 
  4.654549408e+01 
  4.523884201e+01 
  4.475228119e+01 
  4.389262772e+01 
  4.500363922e+01 
  4.380479431e+01 
  4.335625839e+01 
  4.304287720e+01 
  4.197089386e+01 
  4.284887695e+01 
  4.090673828e+01 
  4.285491943e+01 
  4.203787613e+01 
  4.102955246e+01 
  4.053280640e+01 
  4.060576630e+01 
  3.975126648e+01 
  3.966070175e+01 
  4.084342575e+01 
  3.918724823e+01 
  3.843418121e+01 
  3.991673279e+01 
  3.770605469e+01 
  3.804618835e+01 
  3.742158127e+01 
  3.781138611e+01 
  3.746456146e+01 
  3.565895081e+01 
  3.556032944e+01 
  2.854404068e+01 
  3.176355171e+01 
  3.414752579e+01 
  3.143043709e+01 
  3.543077087e+01 
  3.283087158e+01 
  3.124283981e+01 
  3.332269669e+01 
  3.188073730e+01 
  3.375239182e+01 
  3.255718231e+01 
  3.128028107e+01 
  3.025028801e+01 
  2.989078331e+01 
  2.947753525e+01 
  2.854491997e+01 
  2.809120560e+01 
  2.948671341e+01 
  2.717796898e+01 
  2.904083252e+01 
  3.079935455e+01 
  2.838994598e+01 
  2.697366714e+01 
  2.881761360e+01 
  2.766496468e+01 
  2.741816139e+01 
  2.851238251e+01 
  2.585607529e+01 
  2.508203697e+01 
  2.537267876e+01 
  2.640898705e+01 
  1.927671623e+01 
  2.364917946e+01 
  2.220270729e+01 
  2.422402954e+01 
  2.401941490e+01 
  2.474850273e+01 
  2.284862709e+01 
  2.456879425e+01 
  2.415574646e+01 
  2.281631088e+01 
  1.975499535e+01 
  2.351663399e+01 
  2.397167397e+01 
  2.245246887e+01 
  2.422564888e+01 
  2.290934372e+01 
  1.994637680e+01 
  2.150109482e+01 
  2.174602890e+01 
  2.287422943e+01 
  2.103815079e+01 
  2.183290672e+01 
  2.157422638e+01 
  2.093287086e+01 
  1.903171921e+01 
  2.104992485e+01 
  1.996503639e+01 
  2.088111877e+01 
  2.039798737e+01 
  1.977802467e+01 
  2.044678307e+01 
  1.881415749e+01 
  1.963685799e+01 
  1.904977798e+01 
  1.878009224e+01 
  1.943450737e+01 
  1.852572823e+01 
  1.898049164e+01 
  1.888466835e+01 
  1.822062111e+01 
  1.754208565e+01 
  1.806685448e+01 
  1.694465065e+01 
  1.688729477e+01 
  1.841637039e+01 
  1.677404785e+01 
  1.741420555e+01 
  1.703702736e+01 
  1.710647583e+01 
  1.565053654e+01 
  1.665763855e+01 
  1.647801590e+01 
  1.601934433e+01 
  1.597943401e+01 
  1.529849243e+01 
  1.604133034e+01 
  1.608128738e+01 
  1.587386513e+01 
  1.536929703e+01 
  1.497962856e+01 
  1.549326420e+01 
  1.493785763e+01 
  1.472406769e+01 
  1.513198280e+01 
  1.476544666e+01 
  1.488910103e+01 
  1.489230347e+01 
  1.474435139e+01 
  1.454685402e+01 
  1.382636070e+01 
  1.426027775e+01 
  1.402101994e+01 
  1.235841179e+01 
  1.281585407e+01 
  1.350902843e+01 
  1.316537666e+01 
  1.319927788e+01 
  1.322976494e+01 
  1.289604950e+01 
  1.311103058e+01 
  1.305970192e+01 
  1.269957447e+01 
  1.261308765e+01 
  1.252756310e+01 
  1.237015152e+01 
  1.215152073e+01 
  1.214351845e+01 
  1.244508266e+01 
  1.233065987e+01 
  1.210584068e+01 
  1.195718002e+01 
  1.183384705e+01 
  1.163428211e+01 
  1.137173176e+01 
  1.147948837e+01 
  1.125484562e+01 
  1.101691914e+01 
  1.054884243e+01 
  1.098100281e+01 
  1.037180233e+01 
  1.036143303e+01 
  1.077816486e+01 
  1.060833168e+01 
  1.069343281e+01 
  1.080485535e+01 
  1.016637325e+01 
  1.017699623e+01 
  1.011974049e+01 
  9.779471397e+00 
  9.762975693e+00 
  9.851981163e+00 
  9.581692696e+00 
  9.807003975e+00 
  9.416881561e+00 
  9.713857651e+00 
  9.001685143e+00 
  9.605997086e+00 
  9.266272545e+00 
  9.379329681e+00 
  8.994390488e+00 
  9.235792160e+00 
  9.324614525e+00 
  9.191349030e+00 
  8.849580765e+00 
  8.922284126e+00 
  8.761652946e+00 
  8.858000755e+00 
  8.702173233e+00 
  8.720197678e+00 
  8.337942123e+00 
  8.402112961e+00 
  8.339597702e+00 
  8.448720932e+00 
  7.777513981e+00 
  8.326064110e+00 
  8.118056297e+00 
  8.227692604e+00 
  8.070056915e+00 
  7.809604645e+00 
  6.589438438e+00 
  6.989359379e+00 
  7.737465858e+00 
  7.705418587e+00 
  7.719494820e+00 
  7.710036278e+00 
  7.774725437e+00 
  7.641156197e+00 
  7.474423409e+00 
  7.461906910e+00 
  7.506489754e+00 
  7.313203812e+00 
  7.310557842e+00 
  7.371005535e+00 
  7.239081383e+00 
  7.119505405e+00 
  7.053879738e+00 
  7.061977386e+00 
  7.033478737e+00 
  6.884777069e+00 
  6.972948074e+00 
  6.793546200e+00 
  6.864831448e+00 
  6.727518082e+00 
  6.635760307e+00 
  6.603161812e+00 
  6.549660683e+00 
  6.554035187e+00 
  6.396758080e+00 
  6.431220531e+00 
  6.102515221e+00 
  5.531262398e+00 
  5.641256809e+00 
  5.581818104e+00 
  5.651674271e+00 
  5.752798080e+00 
  5.759347439e+00 
  5.750430584e+00 
  5.749745846e+00 
  5.653185368e+00 
  5.707300663e+00 
  5.774888515e+00 
  5.615249634e+00 
  5.608397484e+00 
  5.522610188e+00 
  5.351586342e+00 
  5.306016445e+00 
  5.411085129e+00 
  5.398072720e+00 
  5.381714344e+00 
  5.298741341e+00 
  5.197611809e+00 
  5.327594280e+00 
  5.128443718e+00 
  5.195161819e+00 
  5.134605885e+00 
  5.052677631e+00 
  4.987173557e+00 
  5.037492275e+00 
  4.810307026e+00 
  4.883746147e+00 
  4.585234642e+00 
  4.454091549e+00 
  4.349969864e+00 
  4.315732956e+00 
  4.470633984e+00 
  4.583286285e+00 
  4.504198074e+00 
  4.393738270e+00 
  4.336481094e+00 
  4.299251556e+00 
  4.353177071e+00 
  4.238430500e+00 
  4.085331440e+00 
  4.205503464e+00 
  4.104763985e+00 
  4.226736069e+00 
  4.207989216e+00 
  4.306485653e+00 
  4.235508442e+00 
  4.111490250e+00 
  4.158962727e+00 
  4.147741318e+00 
  4.000912189e+00 
  4.038654327e+00 
  3.997411966e+00 
  3.915219545e+00 
  4.019547462e+00 
  4.041405201e+00 
  3.919233084e+00 
  3.955563545e+00 
  3.995848894e+00 
  3.903556585e+00 
  3.884312868e+00 
  3.805502176e+00 
  3.775349379e+00 
  3.814512014e+00 
  3.758698702e+00 
  3.797384739e+00 
  3.755437851e+00 
  3.662310839e+00 
  3.669275522e+00 
  3.639967203e+00 
  3.299857855e+00 
  1.833365560e+00 
  1.688339114e+00 
  2.456784248e+00 
  2.250507593e+00 
  2.373970509e+00 
  2.656444311e+00 
  2.805908918e+00 
  2.987362146e+00 
  3.206625938e+00 
  3.261925697e+00 
  3.271384716e+00 
  3.278915882e+00 
  3.254219294e+00 
  3.226072073e+00 
  3.245539665e+00 
  3.108119249e+00 
  3.219748497e+00 
  3.180806398e+00 
  3.147187233e+00 
  3.140901327e+00 
  3.085816860e+00 
  3.065104961e+00 
  3.085856915e+00 
  2.998050451e+00 
  2.998741627e+00 
  2.988086939e+00 
  2.916651964e+00 
  2.936317205e+00 
  2.872978449e+00 
  2.859842062e+00 
  2.815017700e+00 
  2.788871527e+00 
  2.733182430e+00 
  2.722488880e+00 
  2.693639517e+00 
  2.657317877e+00 
  2.668700218e+00 
  2.677354097e+00 
  2.677914619e+00 
  2.659196377e+00 
  2.568013191e+00 
  2.603509665e+00 
  2.584446192e+00 
  2.535812140e+00 
  2.549999952e+00 
  2.475722551e+00 
  2.535010815e+00 
  2.507407904e+00 
  2.476623058e+00 
  2.418991089e+00 
  2.392203093e+00 
  2.410467386e+00 
  2.379799128e+00 
  2.345416307e+00 
  2.314497709e+00 
  2.259165525e+00 
  2.204643965e+00 
  2.208189011e+00 
  2.185648203e+00 
  2.123714924e+00 
  2.098572731e+00 
  2.191446304e+00 
  2.093909502e+00 
  2.048700094e+00 
  2.122437477e+00 
  2.146464348e+00 
  2.142696857e+00 
  2.120361567e+00 
  2.081747055e+00 
  2.078829765e+00 
  2.045234442e+00 
  2.001674175e+00 
  2.033608913e+00 
  1.965958118e+00 
  1.991472244e+00 
  1.996945500e+00 
  2.006765604e+00 
  1.980117679e+00 
  1.982878447e+00 
  1.914697170e+00 
  1.957551599e+00 
  1.950216174e+00 
  1.931292534e+00 
  1.914886713e+00 
  1.876825333e+00 
  1.897437215e+00 
  1.905821800e+00 
  1.832869172e+00 
  1.875990152e+00 
  1.870682359e+00 
  1.608824253e+00 
  1.833224297e+00 
  1.755391002e+00 
  1.768889427e+00 
  1.415278077e+00 
  1.551263690e+00 
  1.753171802e+00 
  1.773381948e+00 
  1.737045646e+00 
  1.729247689e+00 
  1.705953717e+00 
  1.697728634e+00 
  1.684263110e+00 
  1.708404899e+00 
  1.697028279e+00 
  1.657636523e+00 
  1.383931518e+00 
  1.466835976e+00 
  1.583403349e+00 
  1.553922534e+00 
  1.610474467e+00 
  1.600724339e+00 
  1.586913824e+00 
  1.585849881e+00 
  1.543884873e+00 
  1.522597790e+00 
  1.528110027e+00 
  1.551355481e+00 
  1.517480969e+00 
  1.513949633e+00 
  1.498102069e+00 
  1.413599253e+00 
  1.484734058e+00 
  1.444265366e+00 
  1.449876428e+00 
  1.457784653e+00 
  1.403038502e+00 
  1.382784247e+00 
  1.417661428e+00 
  1.420792818e+00 
  1.409427524e+00 
  1.394968271e+00 
  1.381252408e+00 
  1.313861251e+00 
  1.346923232e+00 
  1.259541273e+00 
  1.283494353e+00 
  1.229133844e+00 
  1.217106223e+00 
  1.187601686e+00 
  1.155826211e+00 
  1.120505095e+00 
  1.095941305e+00 
  1.187764168e+00 
  1.224915624e+00 
  1.215193868e+00 
  1.161845207e+00 
  1.149995327e+00 
  1.098152876e+00 
  1.075247407e+00 
  1.085553288e+00 
  1.087987781e+00 
  1.080517411e+00 
  1.079596996e+00 
  1.078285694e+00 
  1.062637568e+00 
  1.073191285e+00 
  1.056205750e+00 
  1.051999927e+00 
  1.081893086e+00 
  1.083506823e+00 
  1.051499367e+00 
  1.037196159e+00 
  9.850674272e-01 
  1.011889458e+00 
  1.020015478e+00 
  9.789382219e-01 
  9.993102551e-01 
  9.841026664e-01 
  9.429104328e-01 
  9.072700143e-01 
  8.698556423e-01 
  8.147438765e-01 
  7.821578979e-01 
  7.408672571e-01 
  7.235109210e-01 
  7.270758748e-01 
  7.370482683e-01 
  7.599799037e-01 
  8.529491425e-01 
  8.578009009e-01 
  8.240803480e-01 
  7.633463740e-01 
  7.551450729e-01 
  7.281643748e-01 
  7.478870153e-01 
  7.557147145e-01 
  7.623015046e-01 
  7.720381618e-01 
  7.701449394e-01 
  7.639650702e-01 
  7.745683789e-01 
  7.517417669e-01 
  7.601854205e-01 
  7.640059590e-01 
  6.999627352e-01 
  7.410508990e-01 
  7.728382945e-01 
  7.800911069e-01 
  7.741731405e-01 
  7.620630264e-01 
  7.479634881e-01 
  7.511337996e-01 
  7.647888660e-01 
  7.555214167e-01 
  7.598873973e-01 
  7.358468771e-01 
  7.675918341e-01 
  7.787818313e-01 
  7.915772200e-01 
  7.910643220e-01 
  7.804977894e-01 
  7.794905901e-01 
  7.619230747e-01 
  7.389401793e-01 
  7.344821692e-01 
  7.465915084e-01 
  7.351780534e-01 
  7.493354082e-01 
  7.273795605e-01 
  7.461045384e-01 
  7.508770227e-01 
  7.434766889e-01 
  7.446368337e-01 
  7.432062626e-01 
  7.436564565e-01 
  7.396106720e-01 
  7.472135425e-01 
  7.354788184e-01 
  7.234789133e-01 
  7.271873355e-01 
  7.320367098e-01 
  7.228527665e-01 
  7.198767066e-01 
  7.224063873e-01 
  7.154031992e-01 
  7.123339176e-01 
  7.094316483e-01 
  7.030472159e-01 
  6.981167793e-01 
  6.900072098e-01 
  6.894947290e-01 
  6.832302213e-01 
  6.731151938e-01 
  6.662021875e-01 
  6.203415394e-01 
  6.504717469e-01 
  6.592056751e-01 
  6.574100852e-01 
  6.483018994e-01 
  6.492189765e-01 
  6.457611322e-01 
  6.444226503e-01 
  6.378240585e-01 
  6.397122741e-01 
  6.254538298e-01 
  6.273102164e-01 
  6.188561916e-01 
  6.239871979e-01 
  6.064728498e-01 
  6.030809879e-01 
  6.072512269e-01 
  5.949567556e-01 
  6.032289267e-01 
  5.973372459e-01 
  5.959505439e-01 
  5.949181914e-01 
  5.887389183e-01 
  5.880210996e-01 
  5.773482919e-01 
  5.813720822e-01 
  5.775069594e-01 
  5.734223723e-01 
  5.607134700e-01 
  5.645170212e-01 
  5.563516021e-01 
  5.613191128e-01 
  5.473232865e-01 
  5.505833030e-01 
  5.506627560e-01 
  5.420044065e-01 
  5.427298546e-01 
  5.422000289e-01 
  5.307559371e-01 
  5.339103341e-01 
  5.295395255e-01 
  5.121074915e-01 
  5.194498897e-01 
  5.225066543e-01 
  5.170205235e-01 
  5.118886232e-01 
  5.099159479e-01 
  5.055202246e-01 
  5.037595034e-01 
  4.966063797e-01 
  4.982656837e-01 
  4.949609935e-01 
  4.920716584e-01 
  4.848200977e-01 
  4.677479565e-01 
  4.827969074e-01 
  4.640544355e-01 
  4.749489427e-01 
  4.649658799e-01 
  4.690149724e-01 
  4.664200246e-01 
  4.503780901e-01 
  4.591917694e-01 
  4.553208649e-01 
  4.193921387e-01 
  4.427854419e-01 
  4.417364299e-01 
  4.412432313e-01 
  4.251325130e-01 
  4.385086000e-01 
  4.237948358e-01 
  4.312278926e-01 
  4.283718169e-01 
  4.276524782e-01 
  4.095268846e-01 
  4.190353751e-01 
  4.021386504e-01 
  4.062470496e-01 
  3.933170140e-01 
  4.062197804e-01 
  3.980051279e-01 
  4.020593166e-01 
  3.775428832e-01 
  3.990876377e-01 
  3.805304468e-01 
  3.870375752e-01 
  3.884837329e-01 
  3.771977425e-01 
  3.692893088e-01 
  3.341423869e-01 
  3.604757190e-01 
  3.578036427e-01 
  3.513629436e-01 
  3.406408727e-01 
  3.355083168e-01 
  3.402828276e-01 
  3.389931917e-01 
  3.234204054e-01 
  3.354264200e-01 
  3.309485614e-01 
  3.271972537e-01 
  3.212282658e-01 
  3.201464117e-01 
  3.182860911e-01 
  3.202643991e-01 
  3.203933537e-01 
  3.140758276e-01 
  3.045678139e-01 
  2.946431339e-01 
  2.945423722e-01 
  2.808743417e-01 
  2.704312801e-01 
  2.587943077e-01 
  2.434688210e-01 
  2.297051102e-01 
  2.218685597e-01 
  2.207879126e-01 
  2.111540437e-01 
  2.156969756e-01 
  2.182236165e-01 
  2.114551663e-01 
  2.060828507e-01 
  2.129339427e-01 
  2.095071375e-01 
  2.174188495e-01 
  2.342295498e-01 
  2.409955114e-01 
  2.337290943e-01 
  2.147970945e-01 
  1.898139417e-01 
  1.933071464e-01 
  2.154191434e-01 
  2.298997492e-01 
  2.327581197e-01 
  2.407871783e-01 
  2.383304238e-01 
  2.262338251e-01 
  2.299494743e-01 
  2.201631069e-01 
  2.124784589e-01 
  2.052448094e-01 
  2.084781975e-01 
  2.148524225e-01 
  2.175106555e-01 
  2.196055949e-01 
  2.179877162e-01 
  2.198178768e-01 
  2.202362418e-01 
  2.214185447e-01 
  2.210875899e-01 
  2.260763794e-01 
  2.271117717e-01 
  2.382742018e-01 
  2.414987534e-01 
  2.406072766e-01 
  2.380791306e-01 
  2.355155051e-01 
  2.458266914e-01 
  2.492871284e-01 
  2.441506386e-01 
  2.482862920e-01 
  2.417003363e-01 
  2.452261746e-01 
  2.463513464e-01 
  2.374655008e-01 
  2.434645742e-01 
  2.449737787e-01 
  2.426405251e-01 
  2.394508123e-01 
  2.387857586e-01 
  2.370248884e-01 
  2.322228402e-01 
  2.377372384e-01 
  2.312846929e-01 
  2.294806987e-01 
  2.313042581e-01 
  2.279177904e-01 
  2.260539681e-01 
  2.123107463e-01 
  2.219470292e-01 
  2.261066735e-01 
  2.234012187e-01 
  2.207558900e-01 
  2.184395790e-01 
  2.061048299e-01 
  2.186269760e-01 
  2.222718149e-01 
  2.217453122e-01 
  2.207728177e-01 
  2.193962932e-01 
  2.148429602e-01 
  2.141666859e-01 
  2.127530277e-01 
  2.047661543e-01 
  1.957732737e-01 
  2.078836411e-01 
  2.087700665e-01 
  2.084104270e-01 
  1.970858872e-01 
  1.998588592e-01 
  2.059228867e-01 
  2.050323486e-01 
  2.061671764e-01 
  2.022275627e-01 
  1.885093153e-01 
  2.002767473e-01 
  1.928559989e-01 
  1.984753311e-01 
  1.994570941e-01 
  1.978009641e-01 
  1.981255263e-01 
  1.980378181e-01 
  1.979446709e-01 
  1.969241351e-01 
  1.945638806e-01 
  1.952856630e-01 
  1.944306791e-01 
  1.928176135e-01 
  1.913600415e-01 
  1.928692013e-01 
  1.913204193e-01 
  1.915563345e-01 
  1.847587228e-01 
  1.902694106e-01 
  1.897000074e-01 
  1.887212843e-01 
  1.882585734e-01 
  1.855733544e-01 
  1.864666045e-01 
  1.856325567e-01 
  1.838768870e-01 
  1.844456792e-01 
  1.839542389e-01 
  1.832702607e-01 
  1.805913150e-01 
  1.791709960e-01 
  1.801192909e-01 
  1.784238815e-01 
  1.758137494e-01 
  1.735356003e-01 
  1.758580804e-01 
  1.738434285e-01 
  1.722519398e-01 
  1.729471534e-01 
  1.716752648e-01 
  1.703275144e-01 
  1.684532464e-01 
  1.672185808e-01 
  1.651095003e-01 
  1.646396667e-01 
  1.635464281e-01 
  1.623990089e-01 
  1.596277952e-01 
  1.589217931e-01 
  1.559690833e-01 
  1.549042910e-01 
  1.532695740e-01 
  1.478379965e-01 
  1.484970152e-01 
  1.452813596e-01 
  1.449288875e-01 
  1.447631270e-01 
  1.408831924e-01 
  1.382331550e-01 
  1.387377679e-01 
  1.419697106e-01 
  1.433814466e-01 
  1.433457732e-01 
  1.434767693e-01 
  1.430282593e-01 
  1.439022124e-01 
  1.440211684e-01 
  1.437405050e-01 
  1.432111412e-01 
  1.420567483e-01 
  1.412360817e-01 
  1.372308284e-01 
  1.218370572e-01 
  1.335962415e-01 
  1.387730390e-01 
  1.395344883e-01 
  1.389360130e-01 
  1.390743256e-01 
  1.366551071e-01 
  1.367353946e-01 
  1.331716627e-01 
  1.347854584e-01 
  1.354691833e-01 
  1.352400929e-01 
  1.322273165e-01 
  1.324904561e-01 
  1.314228326e-01 
  1.296081543e-01 
  1.280257851e-01 
  1.288937181e-01 
  1.279024780e-01 
  1.271764636e-01 
  1.247562766e-01 
  1.225060076e-01 
  1.217902452e-01 
  1.219688505e-01 
  1.215347946e-01 
  1.205265969e-01 
  1.194077060e-01 
  1.180226728e-01 
  1.170672476e-01 
  1.163724512e-01 
  1.145896614e-01 
  1.085293666e-01 
  1.109465659e-01 
  1.073431522e-01 
  1.102381051e-01 
  1.110351011e-01 
  1.080037579e-01 
  1.075050756e-01 
  1.045247540e-01 
  1.030374467e-01 
  1.037264243e-01 
  1.049537435e-01 
  1.053626314e-01 
  1.043542996e-01 
  1.023391709e-01 
  9.858666360e-02 
  9.560132772e-02 
  8.669046313e-02 
  8.589754999e-02 
  8.479190618e-02 
  8.305213600e-02 
  8.608909696e-02 
  8.748599142e-02 
  8.841262013e-02 
  8.763096482e-02 
  8.794608712e-02 
  8.839324117e-02 
  8.767375350e-02 
  8.744304627e-02 
  8.839100599e-02 
  8.800498396e-02 
  8.572051674e-02 
  8.255995065e-02 
  7.535231113e-02 
  6.992645562e-02 
  6.714341789e-02 
  6.280840188e-02 
  6.081098318e-02 
  5.639387667e-02 
  5.433090776e-02 
  5.193030089e-02 
  4.861216620e-02 
  4.677341133e-02 
  4.471628740e-02 
  4.297032207e-02 
  4.081774503e-02 
  3.997122869e-02 
  3.761303797e-02 
  3.559326753e-02 
  3.545047343e-02 
  3.496529162e-02 
  3.532904759e-02 
  3.610746190e-02 
  3.606216609e-02 
  3.641603142e-02 
  3.539728373e-02 
  3.510612249e-02 
  3.442778438e-02 
  3.574050590e-02 
  3.780473024e-02 
  4.084373266e-02 
  4.261656106e-02 
  4.380708560e-02 
  4.345528781e-02 
  4.238909483e-02 
  4.206991568e-02 
  4.021771252e-02 
  3.862705082e-02 
  3.586272523e-02 
  3.404007480e-02 
  3.246784210e-02 
  3.261061758e-02 
  3.387616202e-02 
  3.464433178e-02 
  3.644616157e-02 
  3.860686347e-02 
  4.032796249e-02 
  4.108997807e-02 
  4.043023288e-02 
  4.033083096e-02 
  3.851265460e-02 
  3.691215813e-02 
  3.530635685e-02 
  3.568175435e-02 
  3.728709370e-02 
  3.849643841e-02 
  3.853147477e-02 
  3.790195659e-02 
  3.655545041e-02 
  3.679492325e-02 
  3.838132322e-02 
  3.880209476e-02 
  3.814072534e-02 
  3.823499009e-02 
  3.772339225e-02 
  3.776860982e-02 
  3.866444528e-02 
  3.977584839e-02 
  4.114856198e-02 
  4.260851815e-02 
  4.086841643e-02 
  4.220264032e-02 
  4.239403456e-02 
  4.317772016e-02 
  4.371906072e-02 
  4.411789402e-02 
  4.410336912e-02 
  4.349520057e-02 
  4.355953261e-02 
  4.538714141e-02 
  4.483326152e-02 
  4.467681423e-02 
  4.453611001e-02 
  4.488088191e-02 
  4.300213605e-02 
  4.409509152e-02 
  4.534580931e-02 
  4.462171346e-02 
  4.336452484e-02 
  4.208303615e-02 
  4.214041308e-02 
  4.201504216e-02 
  4.078210890e-02 
  4.190202802e-02 
  4.209930822e-02 
  4.229293391e-02 
  4.288787022e-02 
  4.340472817e-02 
  4.094455019e-02 
  4.310023785e-02 
  4.177109897e-02 
  4.236884788e-02 
  4.273667186e-02 
  4.258878157e-02 
  4.346952215e-02 
  4.366124794e-02 
  4.396693781e-02 
  4.355096444e-02 
  4.261167347e-02 
  4.248923063e-02 
  4.271132872e-02 
  4.490085319e-02 
  4.648121819e-02 
  4.679083824e-02 
  4.761037976e-02 
  4.808001965e-02 
  4.875921458e-02 
  4.808071256e-02 
  4.651374742e-02 
  4.593857750e-02 
  4.445283115e-02 
  4.402869940e-02 
  4.364251718e-02 
  4.341971874e-02 
  4.150828719e-02 
  4.188381135e-02 
  4.016305134e-02 
  3.958709911e-02 
  3.892860562e-02 
  3.921410441e-02 
  4.068313166e-02 
  4.276078194e-02 
  4.287190735e-02 
  4.362471029e-02 
  4.357429594e-02 
  4.311584309e-02 
  4.192274064e-02 
  4.172117636e-02 
  4.213872552e-02 
  4.200403765e-02 
  4.307530448e-02 
  4.226353765e-02 
  4.251661524e-02 
  4.311555997e-02 
  4.282655567e-02 
  4.400775582e-02 
  3.843525425e-02 
  4.559683055e-02 
  4.696170613e-02 
  4.801098257e-02 
  4.690482840e-02 
  4.824710265e-02 
  4.799309745e-02 
  4.797336832e-02 
  4.719004035e-02 
  4.820749164e-02 
  4.921916127e-02 
  4.890398681e-02 
  5.006306246e-02 
  4.972151667e-02 
  4.895322397e-02 
  4.369601607e-02 
  4.554276168e-02 
  4.573861137e-02 
  4.624459893e-02 
  4.866903648e-02 
  4.801088572e-02 
  4.833273590e-02 
  4.903870821e-02 
  4.930405691e-02 
  4.836871848e-02 
  4.820609465e-02 
  4.742146656e-02 
  4.835484177e-02 
  4.782320186e-02 
  4.753568023e-02 
  4.852681980e-02 
  4.797117785e-02 
  4.851419106e-02 
  4.766553268e-02 
  4.726402834e-02 
  4.834100232e-02 
  4.779623076e-02 
  4.652734846e-02 
  4.772492498e-02 
  4.715862125e-02 
  4.742780700e-02 
  4.715231061e-02 
  4.406443238e-02 
  4.700313509e-02 
  4.662516341e-02 
  4.629569128e-02 
  4.548953474e-02 
  4.556445777e-02 
  4.605384916e-02 
  4.612257332e-02 
  4.478119314e-02 
  4.562839493e-02 
  4.386717454e-02 
  4.468126222e-02 
  4.482997954e-02 
  4.460310936e-02 
  4.507659748e-02 
  4.514760152e-02 
  4.507917166e-02 
  4.454245046e-02 
  4.312213138e-02 
  4.411242530e-02 
  4.375436157e-02 
  4.341306165e-02 
  4.404314607e-02 
  4.371380061e-02 
  4.199279845e-02 
  4.258034378e-02 
  4.165443778e-02 
  4.290506989e-02 
  4.246117547e-02 
  4.235460237e-02 
  4.151562601e-02 
  4.237625748e-02 
  4.225213453e-02 
  4.148897901e-02 
  4.052004963e-02 
  4.096841067e-02 
  4.008896276e-02 
  3.985933214e-02 
  3.876283765e-02 
  3.863182664e-02 
  3.742599115e-02 
  3.833073005e-02 
  3.819212317e-02 
  3.752144054e-02 
  3.758765012e-02 
  3.484366462e-02 
  3.733824939e-02 
  3.364594653e-02 
  3.674827144e-02 
  3.689732030e-02 
  3.761629015e-02 
  3.727219254e-02 
  3.650401160e-02 
  3.693557903e-02 
  3.658307344e-02 
  3.762550652e-02 
  3.705899417e-02 
  3.660596535e-02 
  3.598624840e-02 
  3.285348415e-02 
  3.530542552e-02 
  3.442945331e-02 
  3.615207970e-02 
  3.682170436e-02 
  3.640321270e-02 
  3.644653037e-02 
  3.405505791e-02 
  3.518393263e-02 
  3.551645577e-02 
  3.398047760e-02 
  3.426298872e-02 
  3.273832053e-02 
  3.343673423e-02 
  3.315501288e-02 
  3.357737511e-02 
  3.299808502e-02 
  3.281851858e-02 
  3.284655511e-02 
  3.311858699e-02 
  3.290897235e-02 
  3.080878220e-02 
  3.172937781e-02 
  3.207189590e-02 
  3.282066435e-02 
  3.241764754e-02 
  3.296095133e-02 
  3.089009412e-02 
  3.179528192e-02 
  3.270448744e-02 
  3.259661794e-02 
  3.176502511e-02 
  3.127213940e-02 
  3.197985142e-02 
  3.257774189e-02 
  3.273996338e-02 
  3.188270330e-02 
  3.215988353e-02 
  3.204277530e-02 
  3.220546991e-02 
  3.210521862e-02 
  3.112903982e-02 
  3.153797612e-02 
  3.143415600e-02 
  3.093838133e-02 
  3.009860776e-02 
  3.082964756e-02 
  3.062595055e-02 
  2.913248166e-02 
  2.884905599e-02 
  2.842212841e-02 
  2.848183736e-02 
  2.820657007e-02 
  2.810218185e-02 
  2.874650992e-02 
  2.822878025e-02 
  2.820927277e-02 
  2.847851627e-02 
  2.867357433e-02 
  2.847610414e-02 
  2.775591239e-02 
  2.839019336e-02 
  2.769454010e-02 
  2.818761393e-02 
  2.783937193e-02 
  2.808326110e-02 
  2.749386616e-02 
  2.798504941e-02 
  2.771441266e-02 
  2.782666311e-02 
  2.725827321e-02 
  2.750519291e-02 
  2.754479274e-02 
  2.726350725e-02 
  2.700501867e-02 
  2.680055238e-02 
  2.646432072e-02 
  2.629024535e-02 
  2.650745399e-02 
  2.599572018e-02 
  2.601416968e-02 
  2.652798593e-02 
  2.629624493e-02 
  2.499167807e-02 
  2.564104460e-02 
  2.568626218e-02 
  2.538646944e-02 
  2.491818182e-02 
  2.498341724e-02 
  2.506768145e-02 
  2.466579899e-02 
  2.376181632e-02 
  2.288423665e-02 
  2.348852716e-02 
  2.401006408e-02 
  2.439612709e-02 
  2.440834045e-02 
  2.405780740e-02 
  2.409846149e-02 
  2.405647375e-02 
  2.371064574e-02 
  2.363668010e-02 
  2.388573065e-02 
  2.387279272e-02 
  2.373171039e-02 
  2.364223637e-02 
  2.359512076e-02 
  2.340112813e-02 
  2.320207097e-02 
  2.328708582e-02 
  2.308268286e-02 
  2.273827977e-02 
  2.272283100e-02 
  2.259440534e-02 
  2.208429947e-02 
  2.243199758e-02 
  2.248065732e-02 
  2.215093002e-02 
  2.204614505e-02 
  2.138417028e-02 
  2.172392420e-02 
  2.190903015e-02 
  2.019747347e-02 
  2.155580744e-02 
  2.161475271e-02 
  2.156563848e-02 
  2.152951807e-02 
  2.136617526e-02 
  2.111542784e-02 
  2.095432393e-02 
  2.108550631e-02 
  2.056466602e-02 
  2.021617442e-02 
  2.051720396e-02 
  1.944930106e-02 
  1.969673485e-02 
  1.992980018e-02 
  2.008673362e-02 
  1.994353160e-02 
  1.946231350e-02 
  1.981196553e-02 
  1.980501786e-02 
  1.948450878e-02 
  1.922464557e-02 
  1.795900054e-02 
  1.826760732e-02 
  1.834541187e-02 
  1.741589047e-02 
  1.714573428e-02 
  1.794567890e-02 
  1.818357408e-02 
  1.820984669e-02 
  1.774899662e-02 
  1.826547459e-02 
  1.792787015e-02 
  1.813967526e-02 
  1.757058688e-02 
  1.766344160e-02 
  1.718384586e-02 
  1.778025739e-02 
  1.759687066e-02 
  1.751858182e-02 
  1.719613560e-02 
  1.728559472e-02 
  1.729748584e-02 
  1.726369560e-02 
  1.696588099e-02 
  1.710841432e-02 
  1.708163507e-02 
  1.690816507e-02 
  1.693895273e-02 
  1.678674109e-02 
  1.645597816e-02 
  1.601117104e-02 
  1.615722850e-02 
  1.581333764e-02 
  1.605268382e-02 
  1.593491435e-02 
  1.589419693e-02 
  1.563110203e-02 
  1.571203396e-02 
  1.542999595e-02 
  1.542203873e-02 
  1.539447252e-02 
  1.536686067e-02 
  1.502723061e-02 
  1.462965272e-02 
  1.456386223e-02 
  1.415847149e-02 
  1.392685808e-02 
  1.403522864e-02 
  1.393442973e-02 
  1.389959734e-02 
  1.368558966e-02 
  1.346570812e-02 
  1.344671287e-02 
  1.335323695e-02 
  1.343385316e-02 
  1.351168845e-02 
  1.343584899e-02 
  1.308378018e-02 
  1.295459736e-02 
  1.265251078e-02 
  1.244933810e-02 
  1.207756810e-02 
  1.166827325e-02 
  1.173836831e-02 
  1.136086043e-02 
  1.092539262e-02 
  1.093956456e-02 
  1.044796221e-02 
  1.037005428e-02 
  9.745448828e-03 
  9.426142089e-03 
  9.361906908e-03 
  9.461591020e-03 
  9.405944496e-03 
  9.145480581e-03 
  8.991009556e-03 
  8.873319253e-03 
  8.615803905e-03 
  8.245893754e-03 
  8.214927278e-03 
  7.900087163e-03 
  7.898553275e-03 
  7.656953763e-03 
  7.213287521e-03 
  7.097670343e-03 
  6.723588333e-03 
  6.257418077e-03 
  6.525059231e-03 
  6.604372058e-03 
  6.636365317e-03 
  6.532429252e-03 
  6.416155025e-03 
  6.566364318e-03 
  6.193672307e-03 
  6.210599095e-03 
  5.991176702e-03 
  5.922181997e-03 
  5.464436952e-03 
  5.387423560e-03 
  5.360138603e-03 
  5.218638573e-03 
  5.015518516e-03 
  4.987537861e-03 
  4.682715982e-03 
  4.679054953e-03 
  4.586545285e-03 
  4.425146617e-03 
  4.604454152e-03 
  4.628441297e-03 
  4.715699703e-03 
  4.761363380e-03 
  4.595216364e-03 
  4.840408918e-03 
  4.808728117e-03 
  4.754465539e-03 
  4.399745725e-03 
  4.518727306e-03 
  4.578097258e-03 
  4.603118636e-03 
  4.566595424e-03 
  4.527315963e-03 
  4.413997754e-03 
  4.479194991e-03 
  4.476271570e-03 
  4.313872661e-03 
  4.476635251e-03 
  4.538372159e-03 
  4.626717418e-03 
  4.559361376e-03 
  4.777433351e-03 
  4.727904685e-03 
  4.741821438e-03 
  4.680090118e-03 
  4.686093889e-03 
  4.384214524e-03 
  4.300132394e-03 
  3.972532693e-03 
  4.056458827e-03 
  3.748944961e-03 
  3.581211669e-03 
  3.542298684e-03 
  3.550607944e-03 
  3.535541473e-03 
  3.455379046e-03 
  3.204199020e-03 
  4.027975723e-03 
  4.347187933e-03 
  4.428443499e-03 
  4.455156624e-03 
  4.578296095e-03 
  4.656481091e-03 
  4.685185384e-03 
  4.695514217e-03 
  4.657848272e-03 
  4.492861684e-03 
  4.701360594e-03 
  4.625731613e-03 
  4.536066204e-03 
  4.355133977e-03 
  4.491392989e-03 
  4.343219101e-03 
  4.155045841e-03 
  4.311576486e-03 
  4.196680151e-03 
  4.016396590e-03 
  3.988125362e-03 
  3.902993398e-03 
  3.831753042e-03 
  3.777207807e-03 
  3.799922066e-03 
  3.734023310e-03 
  3.752964083e-03 
  3.709945828e-03 
  3.849877510e-03 
  3.856047057e-03 
  3.958373796e-03 
  3.875029739e-03 
  3.940350842e-03 
  3.936143592e-03 
  3.920571879e-03 
  3.796515055e-03 
  3.980329726e-03 
  4.068257753e-03 
  4.032037221e-03 
  4.179594107e-03 
  4.191788379e-03 
  4.284894560e-03 
  4.256970249e-03 
  4.221970681e-03 
  4.381586798e-03 
  4.457054194e-03 
  4.397827666e-03 
  4.474276211e-03 
  4.443548154e-03 
  4.457862116e-03 
  4.462779500e-03 
  4.407988396e-03 
  4.319388885e-03 
  4.480790813e-03 
  4.481020384e-03 
  4.608860705e-03 
  4.523811396e-03 
  4.695045762e-03 
  4.721818957e-03 
  4.775510170e-03 
  4.770348780e-03 
  4.853188526e-03 
  4.626959562e-03 
  4.782172386e-03 
  4.818100948e-03 
  4.855151288e-03 
  4.702484235e-03 
  4.489709623e-03 
  4.209335428e-03 
  4.484877922e-03 
  4.754446447e-03 
  4.803515971e-03 
  4.848818295e-03 
  4.678186495e-03 
  4.532865249e-03 
  4.531286191e-03 
  4.640179686e-03 
  4.559844732e-03 
  4.544507246e-03 
  4.453342408e-03 
  4.551360849e-03 
  4.563102499e-03 
  4.718658049e-03 
  4.673362710e-03 
  4.886684008e-03 
  4.779564217e-03 
  4.915103782e-03 
  4.910598043e-03 
  5.284493789e-03 
  5.144734401e-03 
  5.478466395e-03 
  5.483759567e-03 
  5.679538473e-03 
  5.717835389e-03 
  5.904417019e-03 
  5.844631698e-03 
  5.743277259e-03 
  5.888706539e-03 
  6.149735767e-03 
  6.140173413e-03 
  6.225991063e-03 
  5.896874703e-03 
  6.313450169e-03 
  6.102157757e-03 
  6.265946664e-03 
  6.308662705e-03 
  6.348568480e-03 
  6.266194396e-03 
  6.278915331e-03 
  6.140931509e-03 
  6.157649215e-03 
  6.312333979e-03 
  6.271107122e-03 
  6.240547635e-03 
  6.176066119e-03 
  6.077250931e-03 
  5.821831524e-03 
  5.857029464e-03 
  5.671031307e-03 
  5.658038892e-03 
  5.065791309e-03 
  4.959904589e-03 
  4.394617397e-03 
  4.387593828e-03 
  3.797525074e-03 
  3.796083620e-03 
  3.440218978e-03 
  3.430692013e-03 
  3.462309949e-03 
  3.365737852e-03 
  3.557263175e-03 
  3.547631204e-03 
  3.625719575e-03 
  3.625204088e-03 
  3.648744663e-03 
  3.637199989e-03 
  3.686173586e-03 
  3.642817726e-03 
  3.768674564e-03 
  3.755107056e-03 
  3.957685083e-03 
  3.959218971e-03 
  4.277628381e-03 
  4.237117246e-03 
  4.399689380e-03 
  4.545791540e-03 
  4.870317411e-03 
  4.865147639e-03 
  5.044260528e-03 
  5.080027040e-03 
  5.210799631e-03 
  5.218598060e-03 
  5.226650275e-03 
  5.155425519e-03 
  5.252283067e-03 
  5.329512060e-03 
  5.389143247e-03 
  5.374377593e-03 
  5.207897164e-03 
  5.319618620e-03 
  5.354781635e-03 
  5.057642702e-03 
  5.223991815e-03 
  5.256168544e-03 
  5.208634306e-03 
  5.150116980e-03 
  5.104499403e-03 
  5.093663000e-03 
  4.953898489e-03 
  4.940899555e-03 
  4.904572852e-03 
  4.697122611e-03 
  4.713645671e-03 
  4.475288559e-03 
  4.441872705e-03 
  4.283008166e-03 
  4.214520101e-03 
  4.211066291e-03 
  4.234835505e-03 
  4.266615957e-03 
  4.241944291e-03 
  4.297926091e-03 
  4.291114397e-03 
  4.290330224e-03 
  4.168672487e-03 
  4.283642396e-03 
  4.259492736e-03 
  3.997556400e-03 
  4.223755095e-03 
  4.220783245e-03 
  4.228908103e-03 
  4.185008351e-03 
  4.253375810e-03 
  4.102813080e-03 
  4.329980351e-03 
  4.272151738e-03 
  4.439732991e-03 
  4.424569197e-03 
  4.509268329e-03 
  4.495498724e-03 
  4.549997393e-03 
  4.540229682e-03 
  4.456127528e-03 
  4.538157489e-03 
  4.485352430e-03 
  4.538618959e-03 
  4.450835753e-03 
  4.474874586e-03 
  4.503552802e-03 
  4.530472215e-03 
  4.519643728e-03 
  4.539604299e-03 
  4.537349567e-03 
  4.539268557e-03 
  4.496749490e-03 
  4.316915758e-03 
  4.465348553e-03 
  4.498808179e-03 
  4.348720424e-03 
  4.471106455e-03 
  4.449917004e-03 
  4.435391165e-03 
  4.442059901e-03 
  4.445411265e-03 
  4.432224669e-03 
  4.454029258e-03 
  4.377778154e-03 
  4.436741583e-03 
  4.424620885e-03 
  4.432334099e-03 
  4.410699010e-03 
  4.397770856e-03 
  4.366969224e-03 
  4.256577231e-03 
  4.347490147e-03 
  4.327036906e-03 
  4.296949133e-03 
  4.302205518e-03 
  4.290348850e-03 
  4.252998624e-03 
  4.143059719e-03 
  4.230923951e-03 
  4.250787199e-03 
  4.141226877e-03 
  4.221721552e-03 
  4.177485127e-03 
  4.172415007e-03 
  4.099657759e-03 
  4.180368036e-03 
  4.192768130e-03 
  4.112068098e-03 
  4.189015366e-03 
  4.171752837e-03 
  4.147808068e-03 
  4.165008198e-03 
  4.149775021e-03 
  4.138636868e-03 
  4.118443001e-03 
  4.115380812e-03 
  3.957747016e-03 
  4.084938206e-03 
  4.076461773e-03 
  4.048480652e-03 
  4.035919905e-03 
  4.032150377e-03 
  4.001204856e-03 
  3.973787650e-03 
  3.946196754e-03 
  3.899629461e-03 
  3.831341863e-03 
  3.863066202e-03 
  3.857588395e-03 
  3.804074135e-03 
  3.792413278e-03 
  3.755693324e-03 
  3.739549778e-03 
  3.698005341e-03 
  3.699901281e-03 
  3.691570135e-03 
  3.687877208e-03 
  3.671674524e-03 
  3.659683047e-03 
  3.636012552e-03 
  3.617513459e-03 
  3.607237712e-03 
  3.552324139e-03 
  3.548466135e-03 
  3.492315300e-03 
  3.369765589e-03 
  3.021374810e-03 
  3.299351549e-03 
  3.397509223e-03 
  3.481396008e-03 
  3.471403616e-03 
  3.495221259e-03 
  3.475544741e-03 
  3.481658874e-03 
  3.462199122e-03 
  3.460057080e-03 
  3.432527650e-03 
  3.394560190e-03 
  3.413042286e-03 
  3.276343457e-03 
  3.402356291e-03 
  3.390758764e-03 
  3.353923559e-03 
  3.265285632e-03 
  3.338515526e-03 
  3.340859432e-03 
  3.338460112e-03 
  3.327953164e-03 
  3.238048404e-03 
  3.214139491e-03 
  3.247189801e-03 
  3.279352793e-03 
  3.264443949e-03 
  3.223382635e-03 
  3.209119663e-03 
  3.193757264e-03 
  3.152503632e-03 
  3.134416649e-03 
  3.109243931e-03 
  3.099155612e-03 
  3.082037903e-03 
  3.078647191e-03 
  3.068117658e-03 
  3.095533699e-03 
  3.090491751e-03 
  3.076074645e-03 
  2.993172035e-03 
  2.949703019e-03 
  3.093342762e-03 
  3.023930127e-03 
  3.115455154e-03 
  3.107069293e-03 
  3.091489198e-03 
  3.085814184e-03 
  3.067891579e-03 
  3.062042175e-03 
  3.030846827e-03 
  2.981556812e-03 
  3.012507455e-03 
  3.016692121e-03 
  3.001394449e-03 
  2.990817884e-03 
  2.973559778e-03 
  2.966216300e-03 
  2.953563351e-03 
  2.933482174e-03 
  2.877640771e-03 
  2.880659420e-03 
  2.873584395e-03 
  2.894201316e-03 
  2.858045045e-03 
  2.857268089e-03 
  2.852002159e-03 
  2.838839078e-03 
  2.828464843e-03 
  2.808445133e-03 
  2.792113461e-03 
  2.788410755e-03 
  2.751833992e-03 
  2.689258661e-03 
  2.717716387e-03 
  2.739635762e-03 
  2.728843363e-03 
  2.678788267e-03 
  2.694325289e-03 
  2.690591151e-03 
  2.680043457e-03 
  2.672857372e-03 
  2.596135251e-03 
  2.645477420e-03 
  2.619490493e-03 
  2.611760749e-03 
  2.611364936e-03 
  2.571716439e-03 
  2.503010677e-03 
  2.553767990e-03 
  2.529993188e-03 
  2.525451593e-03 
  2.520442242e-03 
  2.518812194e-03 
  2.496161964e-03 
  2.479539253e-03 
  2.479904564e-03 
  2.387698740e-03 
  2.471166663e-03 
  2.452208893e-03 
  2.417635173e-03 
  2.434738679e-03 
  2.431881381e-03 
  2.422012156e-03 
  2.410576679e-03 
  2.385209082e-03 
  2.403027611e-03 
  2.396158176e-03 
  2.384815132e-03 
  2.345300280e-03 
  2.369896509e-03 
  2.366160508e-03 
  2.360516693e-03 
  2.349070041e-03 
  2.337863436e-03 
  2.219507936e-03 
  2.287657233e-03 
  2.290441655e-03 
  2.282346133e-03 
  2.270126482e-03 
  2.263970440e-03 
  2.264559036e-03 
  2.252777340e-03 
  2.229005098e-03 
  2.225034405e-03 
  2.191881184e-03 
  2.198861912e-03 
  2.190695144e-03 
  2.071309136e-03 
  2.122471808e-03 
  2.110402100e-03 
  2.069717739e-03 
  2.111960901e-03 
  2.114224248e-03 
  2.104917774e-03 
  2.099662088e-03 
  2.119197277e-03 
  2.109237947e-03 
  2.098670695e-03 
  2.117298078e-03 
  2.115848241e-03 
  2.115031006e-03 
  2.111026086e-03 
  2.093941905e-03 
  2.080454491e-03 
  2.083361149e-03 
  2.070023911e-03 
  2.048050985e-03 
  2.032586373e-03 
  1.962446142e-03 
  1.987733878e-03 
  1.965004252e-03 
  1.994121820e-03 
  1.982697286e-03 
  1.955072628e-03 
  1.961739035e-03 
  1.956829103e-03 
  1.860315679e-03 
  1.908678561e-03 
  1.920949202e-03 
  1.896571601e-03 
  1.929262537e-03 
  1.938847359e-03 
  1.920332317e-03 
  1.913733082e-03 
  1.901856856e-03 
  1.886745566e-03 
  1.882201293e-03 
  1.848916640e-03 
  1.819528057e-03 
  1.829296001e-03 
  1.807516674e-03 
  1.795098535e-03 
  1.745653572e-03 
  1.771538868e-03 
  1.770643401e-03 
  1.753371092e-03 
  1.742111752e-03 
  1.734070829e-03 
  1.719894353e-03 
  1.721059438e-03 
  1.708171214e-03 
  1.703250804e-03 
  1.708487049e-03 
  1.694766455e-03 
  1.699881046e-03 
  1.670620753e-03 
  1.615544665e-03 
  1.654734835e-03 
  1.670760685e-03 
  1.683009206e-03 
  1.666553435e-03 
  1.664279378e-03 
  1.690475154e-03 
  1.689063851e-03 
  1.673838473e-03 
  1.656008535e-03 
  1.650878461e-03 
  1.652625622e-03 
  1.617249334e-03 
  1.617840142e-03 
  1.580933691e-03 
  1.570343971e-03 
  1.552685979e-03 
  1.522940816e-03 
  1.538000884e-03 
  1.535893069e-03 
  1.535822521e-03 
  1.458378742e-03 
  1.504546381e-03 
  1.532934140e-03 
  1.525426516e-03 
  1.518364996e-03 
  1.532810740e-03 
  1.525265165e-03 
  1.517963130e-03 
  1.519083395e-03 
  1.443776302e-03 
  1.440510852e-03 
  1.449217554e-03 
  1.457391889e-03 
  1.439868705e-03 
  1.476015430e-03 
  1.468228991e-03 
  1.484245295e-03 
  1.479187980e-03 
  1.472949400e-03 
  1.462476677e-03 
  1.478997641e-03 
  1.463480992e-03 
  1.462454791e-03 
  1.466841321e-03 
  1.454513171e-03 
  1.454457757e-03 
  1.438461361e-03 
  1.433305442e-03 
  1.438194769e-03 
  1.425294671e-03 
  1.405128161e-03 
  1.412042067e-03 
  1.389203710e-03 
  1.376882894e-03 
  1.376995933e-03 
  1.370282029e-03 
  1.350558712e-03 
  1.349578495e-03 
  1.345653785e-03 
  1.326871221e-03 
  1.278557349e-03 
  1.274162671e-03 
  1.229811111e-03 
  1.283174497e-03 
  1.292201225e-03 
  1.325180870e-03 
  1.308830571e-03 
  1.314768917e-03 
  1.328600687e-03 
  1.317073125e-03 
  1.318804105e-03 
  1.311538159e-03 
  1.325899619e-03 
  1.309707062e-03 
  1.306803664e-03 
  1.313450630e-03 
  1.303429250e-03 
  1.287954976e-03 
  1.293794950e-03 
  1.287878142e-03 
  1.246940694e-03 
  1.231237315e-03 
  1.263590995e-03 
  1.253134804e-03 
  1.221039798e-03 
  1.250732108e-03 
  1.230069203e-03 
  1.213778392e-03 
  1.219249796e-03 
  1.185246743e-03 
  1.177400933e-03 
  1.155527425e-03 
  1.120328903e-03 
  1.121050562e-03 
  1.108468743e-03 
  1.106665819e-03 
  1.112582977e-03 
  1.102573122e-03 
  1.100250403e-03 
  1.115560648e-03 
  1.140679815e-03 
  1.127082622e-03 
  1.123272348e-03 
  1.081980881e-03 
  1.135708764e-03 
  1.141679822e-03 
  1.132799895e-03 
  1.115533873e-03 
  1.116615487e-03 
  1.106676646e-03 
  1.093267114e-03 
  1.082906965e-03 
  1.072696061e-03 
  1.049272367e-03 
  1.047463622e-03 
  1.038151560e-03 
  9.578166064e-04 
  9.970574174e-04 
  9.914606344e-04 
  9.751312318e-04 
  9.561906336e-04 
  9.725276614e-04 
  9.261525702e-04 
  9.381788550e-04 
  9.320988320e-04 
  8.607102209e-04 
  8.717589662e-04 
  8.556240355e-04 
  8.294112631e-04 
  8.050146280e-04 
  8.412580355e-04 
  8.093714714e-04 
  8.031106554e-04 
  7.583752740e-04 
  7.911262801e-04 
  7.892157882e-04 
  7.919690688e-04 
  7.875848096e-04 
  7.894430892e-04 
  7.756034611e-04 
  7.913038135e-04 
  7.812877302e-04 
  7.750328514e-04 
  7.899791817e-04 
  7.832381525e-04 
  7.855610456e-04 
  7.754336693e-04 
