  8.094459176e-01 
  1.967223644e+00 
  1.999461412e+00 
  4.758218765e+00 
  5.182318687e+00 
  8.787728310e+00 
  9.259487152e+00 
  1.307855511e+01 
  1.615971375e+01 
  1.685025406e+01 
  1.792544174e+01 
  3.386683655e+01 
  2.809419632e+01 
  3.498961258e+01 
  3.541334534e+01 
  4.132495499e+01 
  3.188779831e+01 
  4.548311996e+01 
  4.361631012e+01 
  4.802910233e+01 
  4.643445587e+01 
  5.601548386e+01 
  4.904251480e+01 
  4.251844025e+01 
  5.257143402e+01 
  5.823688507e+01 
  7.919216919e+01 
  7.901080322e+01 
  6.519249725e+01 
  7.636273193e+01 
  7.912037659e+01 
  6.390416718e+01 
  6.970326996e+01 
  7.824211884e+01 
  6.514214325e+01 
  6.943408966e+01 
  5.178680420e+01 
  4.919598770e+01 
  5.955684280e+01 
  5.949702835e+01 
  6.642166901e+01 
  5.567244720e+01 
  5.793429565e+01 
  5.774583435e+01 
  5.182684326e+01 
  6.610776520e+01 
  7.276487732e+01 
  6.867547607e+01 
  6.415407562e+01 
  6.978595734e+01 
  7.077793884e+01 
  6.666469574e+01 
  6.777575684e+01 
  6.133665085e+01 
  7.023655701e+01 
  7.061140442e+01 
  6.622987366e+01 
  4.199657440e+01 
  4.526745987e+01 
  4.517585754e+01 
  6.647631073e+01 
  5.227986526e+01 
  5.689112091e+01 
  6.002810669e+01 
  5.943436813e+01 
  5.520398712e+01 
  7.515814972e+01 
  6.670731354e+01 
  6.239679718e+01 
  5.952995300e+01 
  6.790677643e+01 
  5.379006195e+01 
  5.615483856e+01 
  5.549416351e+01 
  4.261234283e+01 
  3.869411087e+01 
  5.486326599e+01 
  5.562891388e+01 
  7.127812958e+01 
  5.435271072e+01 
  5.041832352e+01 
  5.604542160e+01 
  4.146060944e+01 
  2.859925652e+01 
  3.113715363e+01 
  4.634069061e+01 
  3.556700897e+01 
  4.035702515e+01 
  3.950529480e+01 
  4.447497177e+01 
  5.326918030e+01 
  5.886482620e+01 
  5.167112732e+01 
  2.736099625e+01 
  2.990526009e+01 
  4.958235931e+01 
  5.040603638e+01 
  2.026254272e+01 
  5.599437714e+01 
  6.631471252e+01 
  6.435134125e+01 
  6.313122559e+01 
  6.603935242e+01 
  6.105243301e+01 
  6.476163483e+01 
  5.862623215e+01 
  5.743734360e+01 
  5.522501373e+01 
  5.906480408e+01 
  6.454604340e+01 
  5.327895737e+01 
  6.177352905e+01 
  6.319979858e+01 
  5.895033264e+01 
  5.713137054e+01 
  6.016987228e+01 
  5.905732346e+01 
  5.654860306e+01 
  5.463256454e+01 
  5.528137970e+01 
  4.621591568e+01 
  5.719394302e+01 
  5.413411331e+01 
  4.516307831e+01 
  4.907463074e+01 
  5.021242523e+01 
  4.768756104e+01 
  4.532058334e+01 
  4.534319687e+01 
  4.076123428e+01 
  3.214133835e+01 
  2.855676460e+01 
  5.079809570e+01 
  4.468795395e+01 
  4.197837830e+01 
  4.514062119e+01 
  4.947471619e+01 
  4.937609100e+01 
  4.372259521e+01 
  4.182513809e+01 
  4.634341049e+01 
  4.566886520e+01 
  4.755489349e+01 
  4.733411789e+01 
  4.649966049e+01 
  4.836654663e+01 
  4.257505035e+01 
  4.801948929e+01 
  4.827855682e+01 
  4.807045746e+01 
  4.857820129e+01 
  5.192403793e+01 
  4.774287415e+01 
  4.383633423e+01 
  4.622974014e+01 
  4.605056763e+01 
  4.665938568e+01 
  4.641801834e+01 
  4.511484528e+01 
  4.462951660e+01 
  4.377212524e+01 
  4.487998581e+01 
  4.368433380e+01 
  4.323693466e+01 
  4.292437363e+01 
  4.185530090e+01 
  4.273082733e+01 
  4.079399490e+01 
  4.273671722e+01 
  4.192182159e+01 
  4.091616440e+01 
  4.042066574e+01 
  4.049328232e+01 
  3.964097977e+01 
  3.955048370e+01 
  4.072968674e+01 
  3.907786179e+01 
  3.832666397e+01 
  3.980501938e+01 
  3.760057068e+01 
  3.793982315e+01 
  3.731700134e+01 
  3.770573425e+01 
  3.735987091e+01 
  3.555927277e+01 
  3.546088028e+01 
  2.846417999e+01 
  3.167465782e+01 
  3.405192566e+01 
  3.134241295e+01 
  3.533150101e+01 
  3.273882675e+01 
  3.115518188e+01 
  3.322912979e+01 
  3.179115677e+01 
  3.365748215e+01 
  3.246552658e+01 
  3.119211578e+01 
  3.016492653e+01 
  2.980633354e+01 
  2.939415550e+01 
  2.846408081e+01 
  2.801155853e+01 
  2.940301132e+01 
  2.710072708e+01 
  2.895820045e+01 
  3.071167183e+01 
  2.830908203e+01 
  2.689679909e+01 
  2.873545265e+01 
  2.758605385e+01 
  2.733990669e+01 
  2.843095779e+01 
  2.578219032e+01 
  2.501032257e+01 
  2.530008888e+01 
  2.633337402e+01 
  1.922146988e+01 
  2.358133507e+01 
  2.213894844e+01 
  2.415439606e+01 
  2.395030212e+01 
  2.467721367e+01 
  2.278273582e+01 
  2.449786186e+01 
  2.408592796e+01 
  2.275029182e+01 
  1.969776535e+01 
  2.344841957e+01 
  2.390205193e+01 
  2.238717651e+01 
  2.415511513e+01 
  2.284256935e+01 
  1.988819695e+01 
  2.143834114e+01 
  2.168252754e+01 
  2.280740356e+01 
  2.097665405e+01 
  2.176904678e+01 
  2.151108170e+01 
  2.087156296e+01 
  1.897594261e+01 
  2.098819160e+01 
  1.990644455e+01 
  2.081978989e+01 
  2.033803177e+01 
  1.971984100e+01 
  2.038657951e+01 
  1.875871658e+01 
  1.957894516e+01 
  1.899354553e+01 
  1.872459984e+01 
  1.937702751e+01 
  1.847088051e+01 
  1.892424011e+01 
  1.882864761e+01 
  1.816651535e+01 
  1.748993683e+01 
  1.801308632e+01 
  1.689416885e+01 
  1.683692551e+01 
  1.836137772e+01 
  1.672389030e+01 
  1.736206818e+01 
  1.698595428e+01 
  1.705512047e+01 
  1.560348892e+01 
  1.660746384e+01 
  1.642821121e+01 
  1.597075272e+01 
  1.593091965e+01 
  1.525205326e+01 
  1.599249840e+01 
  1.603224754e+01 
  1.582541370e+01 
  1.532233143e+01 
  1.493382835e+01 
  1.544590950e+01 
  1.489224243e+01 
  1.467915440e+01 
  1.508589172e+01 
  1.472056675e+01 
  1.484390926e+01 
  1.484713936e+01 
  1.469966221e+01 
  1.450278473e+01 
  1.378448677e+01 
  1.421703720e+01 
  1.397838593e+01 
  1.232064152e+01 
  1.277666473e+01 
  1.346784210e+01 
  1.312515640e+01 
  1.315909576e+01 
  1.318944168e+01 
  1.285662651e+01 
  1.307106686e+01 
  1.301981640e+01 
  1.266081333e+01 
  1.257457733e+01 
  1.248933887e+01 
  1.233239269e+01 
  1.211441231e+01 
  1.210644722e+01 
  1.240711689e+01 
  1.229306030e+01 
  1.206893444e+01 
  1.192073250e+01 
  1.179778099e+01 
  1.159882736e+01 
  1.133708191e+01 
  1.144451809e+01 
  1.122056961e+01 
  1.098336983e+01 
  1.051672459e+01 
  1.094757366e+01 
  1.034023190e+01 
  1.032989693e+01 
  1.074535942e+01 
  1.057604027e+01 
  1.066087627e+01 
  1.077195358e+01 
  1.013540745e+01 
  1.014598465e+01 
  1.008889198e+01 
  9.749648094e+00 
  9.733178139e+00 
  9.821828842e+00 
  9.552156448e+00 
  9.776898384e+00 
  9.388002396e+00 
  9.684114456e+00 
  8.974123001e+00 
  9.576631546e+00 
  9.237998009e+00 
  9.350738525e+00 
  8.967012405e+00 
  9.207713127e+00 
  9.296319008e+00 
  9.163482666e+00 
  8.822785378e+00 
  8.895287514e+00 
  8.735166550e+00 
  8.831210136e+00 
  8.675867081e+00 
  8.693816185e+00 
  8.312668800e+00 
  8.376606941e+00 
  8.314240456e+00 
  8.423080444e+00 
  7.753995895e+00 
  8.300892830e+00 
  8.093441963e+00 
  8.202836990e+00 
  8.045671463e+00 
  7.785978794e+00 
  6.569516182e+00 
  6.968245983e+00 
  7.714125156e+00 
  7.682173252e+00 
  7.696222782e+00 
  7.686830997e+00 
  7.751347065e+00 
  7.618176937e+00 
  7.451955318e+00 
  7.439483643e+00 
  7.483943462e+00 
  7.291246891e+00 
  7.288620949e+00 
  7.348894119e+00 
  7.217370987e+00 
  7.098159790e+00 
  7.032735348e+00 
  7.040812492e+00 
  7.012403965e+00 
  6.864151955e+00 
  6.952062607e+00 
  6.773200512e+00 
  6.844274998e+00 
  6.707373619e+00 
  6.615884781e+00 
  6.583378315e+00 
  6.530037880e+00 
  6.534396648e+00 
  6.377583027e+00 
  6.411951065e+00 
  6.084196568e+00 
  5.514156342e+00 
  5.623981476e+00 
  5.564678669e+00 
  5.634404659e+00 
  5.735328674e+00 
  5.741924763e+00 
  5.733021259e+00 
  5.732313156e+00 
  5.636081696e+00 
  5.690054893e+00 
  5.757530689e+00 
  5.598352432e+00 
  5.591441631e+00 
  5.505925179e+00 
  5.335401058e+00 
  5.289980412e+00 
  5.394793510e+00 
  5.381823063e+00 
  5.365486622e+00 
  5.282767296e+00 
  5.181950569e+00 
  5.311550617e+00 
  5.113018513e+00 
  5.179512978e+00 
  5.119159698e+00 
  5.037496090e+00 
  4.972171307e+00 
  5.022331715e+00 
  4.795805931e+00 
  4.868997574e+00 
  4.571255684e+00 
  4.440427780e+00 
  4.336593151e+00 
  4.302412510e+00 
  4.457036495e+00 
  4.569411278e+00 
  4.490526199e+00 
  4.380298615e+00 
  4.323230743e+00 
  4.286109924e+00 
  4.339883804e+00 
  4.225471497e+00 
  4.072876930e+00 
  4.192676544e+00 
  4.092236519e+00 
  4.213898182e+00 
  4.195267677e+00 
  4.293496132e+00 
  4.222721577e+00 
  4.099058151e+00 
  4.146399021e+00 
  4.135230541e+00 
  3.988851309e+00 
  4.026498795e+00 
  3.985390663e+00 
  3.903449535e+00 
  4.007465363e+00 
  4.029263973e+00 
  3.907463789e+00 
  3.943689346e+00 
  3.983853817e+00 
  3.891843081e+00 
  3.872658968e+00 
  3.794080019e+00 
  3.764017344e+00 
  3.803068161e+00 
  3.747423172e+00 
  3.785993338e+00 
  3.744172096e+00 
  3.651324034e+00 
  3.658266544e+00 
  3.629031420e+00 
  3.289797783e+00 
  1.826760888e+00 
  1.682155013e+00 
  2.448585033e+00 
  2.242758036e+00 
  2.365911961e+00 
  2.647796392e+00 
  2.797192097e+00 
  2.978215933e+00 
  3.196891546e+00 
  3.252077579e+00 
  3.261551619e+00 
  3.269070387e+00 
  3.244451284e+00 
  3.216390610e+00 
  3.235803604e+00 
  3.098797798e+00 
  3.210093260e+00 
  3.171266794e+00 
  3.137746334e+00 
  3.131477118e+00 
  3.076556206e+00 
  3.055907488e+00 
  3.076594830e+00 
  2.989050150e+00 
  2.989735603e+00 
  2.979104519e+00 
  2.907874584e+00 
  2.927474499e+00 
  2.864320278e+00 
  2.851205111e+00 
  2.806513548e+00 
  2.780448198e+00 
  2.724929094e+00 
  2.714273691e+00 
  2.685524702e+00 
  2.649302721e+00 
  2.660628319e+00 
  2.669260979e+00 
  2.669832706e+00 
  2.651166677e+00 
  2.560248375e+00 
  2.595637321e+00 
  2.576630116e+00 
  2.528143644e+00 
  2.542291880e+00 
  2.468246460e+00 
  2.527360678e+00 
  2.499840498e+00 
  2.469144344e+00 
  2.411681890e+00 
  2.384970188e+00 
  2.403170824e+00 
  2.372585297e+00 
  2.338294268e+00 
  2.307454348e+00 
  2.252271891e+00 
  2.197894573e+00 
  2.201428890e+00 
  2.178958178e+00 
  2.117220879e+00 
  2.092177153e+00 
  2.184793234e+00 
  2.087532997e+00 
  2.042408228e+00 
  2.115965128e+00 
  2.139946938e+00 
  2.136186123e+00 
  2.113914251e+00 
  2.075398207e+00 
  2.072495699e+00 
  2.039009809e+00 
  1.995583296e+00 
  2.027421713e+00 
  1.959980488e+00 
  1.985421538e+00 
  1.990888000e+00 
  2.000674486e+00 
  1.974106789e+00 
  1.976863384e+00 
  1.908891678e+00 
  1.951616645e+00 
  1.944299698e+00 
  1.925435901e+00 
  1.909086347e+00 
  1.871143103e+00 
  1.891693711e+00 
  1.900049806e+00 
  1.827319860e+00 
  1.870310426e+00 
  1.865018725e+00 
  1.603951454e+00 
  1.827669501e+00 
  1.750071883e+00 
  1.763531685e+00 
  1.410990953e+00 
  1.546565652e+00 
  1.747861743e+00 
  1.768011928e+00 
  1.731785893e+00 
  1.724014282e+00 
  1.700791717e+00 
  1.692591190e+00 
  1.679167151e+00 
  1.703235388e+00 
  1.691893578e+00 
  1.652621269e+00 
  1.379743814e+00 
  1.462396860e+00 
  1.578611016e+00 
  1.549219131e+00 
  1.605599046e+00 
  1.595878124e+00 
  1.582109451e+00 
  1.581047654e+00 
  1.539209008e+00 
  1.517985702e+00 
  1.523479939e+00 
  1.546654344e+00 
  1.512880564e+00 
  1.509359360e+00 
  1.493558407e+00 
  1.409310699e+00 
  1.480228424e+00 
  1.439882994e+00 
  1.445476890e+00 
  1.453358889e+00 
  1.398776412e+00 
  1.378584743e+00 
  1.413355470e+00 
  1.416477680e+00 
  1.405145407e+00 
  1.390730619e+00 
  1.377052069e+00 
  1.309855938e+00 
  1.342811823e+00 
  1.255683422e+00 
  1.279549956e+00 
  1.225342393e+00 
  1.213344812e+00 
  1.183911800e+00 
  1.152237654e+00 
  1.117020726e+00 
  1.092534423e+00 
  1.184103012e+00 
  1.221156240e+00 
  1.211463928e+00 
  1.158269167e+00 
  1.146437407e+00 
  1.094741464e+00 
  1.071907520e+00 
  1.082183242e+00 
  1.084618688e+00 
  1.077167392e+00 
  1.076228976e+00 
  1.074932456e+00 
  1.059340596e+00 
  1.069863558e+00 
  1.052934527e+00 
  1.048746347e+00 
  1.078561783e+00 
  1.080180883e+00 
  1.048269629e+00 
  1.034010172e+00 
  9.820389152e-01 
  1.008771658e+00 
  1.016871452e+00 
  9.759193063e-01 
  9.962194562e-01 
  9.810439348e-01 
  9.399554729e-01 
  9.043919444e-01 
  8.670617938e-01 
  8.120928407e-01 
  7.795936465e-01 
  7.384212613e-01 
  7.211200595e-01 
  7.246795297e-01 
  7.346176505e-01 
  7.574937344e-01 
  8.502356410e-01 
  8.550868630e-01 
  8.214609623e-01 
  7.608934045e-01 
  7.526852489e-01 
  7.257901430e-01 
  7.454584837e-01 
  7.532615662e-01 
  7.598379850e-01 
  7.695501447e-01 
  7.676622272e-01 
  7.615041733e-01 
  7.720908523e-01 
  7.493196130e-01 
  7.577486634e-01 
  7.615722418e-01 
  6.977220178e-01 
  7.386766076e-01 
  7.704024315e-01 
  7.776378393e-01 
  7.717320919e-01 
  7.596583366e-01 
  7.455999851e-01 
  7.487635016e-01 
  7.623970509e-01 
  7.531615496e-01 
  7.575122118e-01 
  7.335481048e-01 
  7.652063966e-01 
  7.763786316e-01 
  7.891413569e-01 
  7.886305451e-01 
  7.780963182e-01 
  7.770901918e-01 
  7.595723867e-01 
  7.366551161e-01 
  7.322072387e-01 
  7.442834377e-01 
  7.329118252e-01 
  7.470250130e-01 
  7.251386046e-01 
  7.438124418e-01 
  7.485716343e-01 
  7.411927581e-01 
  7.423525453e-01 
  7.409295440e-01 
  7.413802743e-01 
  7.373490930e-01 
  7.449298501e-01 
  7.332311273e-01 
  7.212680578e-01 
  7.249652743e-01 
  7.298008204e-01 
  7.206450701e-01 
  7.176762819e-01 
  7.201992869e-01 
  7.132183313e-01 
  7.101583481e-01 
  7.072643638e-01 
  7.008988857e-01 
  6.959831119e-01 
  6.878983974e-01 
  6.873878241e-01 
  6.811410189e-01 
  6.710571647e-01 
  6.641659737e-01 
  6.184456944e-01 
  6.484838128e-01 
  6.571906209e-01 
  6.553994417e-01 
  6.463177800e-01 
  6.472324133e-01 
  6.437864900e-01 
  6.424525380e-01 
  6.358730793e-01 
  6.377556920e-01 
  6.235408783e-01 
  6.253914237e-01 
  6.169633865e-01 
  6.220784783e-01 
  6.046167016e-01 
  6.012353301e-01 
  6.053934097e-01 
  5.931369066e-01 
  6.013831496e-01 
  5.955090523e-01 
  5.941258669e-01 
  5.930972695e-01 
  5.869364738e-01 
  5.862209797e-01 
  5.755811334e-01 
  5.795930028e-01 
  5.757397413e-01 
  5.716677308e-01 
  5.589977503e-01 
  5.627895594e-01 
  5.546491146e-01 
  5.596010685e-01 
  5.456479192e-01 
  5.488979220e-01 
  5.489768386e-01 
  5.403446555e-01 
  5.410676599e-01 
  5.405392647e-01 
  5.291301012e-01 
  5.322745442e-01 
  5.279166102e-01 
  5.105376840e-01 
  5.178570747e-01 
  5.209038258e-01 
  5.154337287e-01 
  5.103170872e-01 
  5.083500147e-01 
  5.039672852e-01 
  5.022116303e-01 
  4.950798154e-01 
  4.967334270e-01 
  4.934382141e-01 
  4.905568659e-01 
  4.833265841e-01 
  4.663067162e-01 
  4.813090563e-01 
  4.626241326e-01 
  4.734842479e-01 
  4.635315537e-01 
  4.675675333e-01 
  4.649803340e-01 
  4.489878714e-01 
  4.577740729e-01 
  4.539160728e-01 
  4.180984795e-01 
  4.414201081e-01 
  4.403744936e-01 
  4.398829043e-01 
  4.238221347e-01 
  4.371573925e-01 
  4.224896729e-01 
  4.298999310e-01 
  4.270525873e-01 
  4.263353050e-01 
  4.082657695e-01 
  4.177441597e-01 
  4.008996189e-01 
  4.049959481e-01 
  3.921053410e-01 
  4.049679041e-01 
  3.967772722e-01 
  4.008194208e-01 
  3.763800561e-01 
  3.978586495e-01 
  3.793568313e-01 
  3.858436048e-01 
  3.872856796e-01 
  3.760336339e-01 
  3.681475222e-01 
  3.331084549e-01 
  3.593604267e-01 
  3.566966951e-01 
  3.502754867e-01 
  3.395811617e-01 
  3.344589472e-01 
  3.392190039e-01 
  3.379341960e-01 
  3.224096298e-01 
  3.343785405e-01 
  3.299135864e-01 
  3.261712492e-01 
  3.202180564e-01 
  3.191402555e-01 
  3.172861934e-01 
  3.192602992e-01 
  3.193882406e-01 
  3.130891323e-01 
  3.036049008e-01 
  2.937026024e-01 
  2.935993671e-01 
  2.799655795e-01 
  2.695515156e-01 
  2.579439580e-01 
  2.426622063e-01 
  2.289405763e-01 
  2.211262435e-01 
  2.200483084e-01 
  2.104431540e-01 
  2.149726152e-01 
  2.174920142e-01 
  2.107455879e-01 
  2.053910643e-01 
  2.122195065e-01 
  2.088048458e-01 
  2.166936845e-01 
  2.334568501e-01 
  2.402032316e-01 
  2.329569906e-01 
  2.140820324e-01 
  1.891728938e-01 
  1.926549226e-01 
  2.147030532e-01 
  2.291416675e-01 
  2.319978178e-01 
  2.400037646e-01 
  2.375533730e-01 
  2.254935056e-01 
  2.291959673e-01 
  2.194388956e-01 
  2.117768228e-01 
  2.045631856e-01 
  2.077867538e-01 
  2.141430378e-01 
  2.167953104e-01 
  2.188847065e-01 
  2.172724605e-01 
  2.190988213e-01 
  2.195169330e-01 
  2.206970304e-01 
  2.203669846e-01 
  2.253428698e-01 
  2.263790071e-01 
  2.375158668e-01 
  2.407349050e-01 
  2.398501039e-01 
  2.373314649e-01 
  2.347789854e-01 
  2.450601757e-01 
  2.485122532e-01 
  2.433921844e-01 
  2.475153953e-01 
  2.409504801e-01 
  2.444657087e-01 
  2.455873042e-01 
  2.367293388e-01 
  2.427100986e-01 
  2.442153245e-01 
  2.418889105e-01 
  2.387086600e-01 
  2.380456924e-01 
  2.362912744e-01 
  2.315049171e-01 
  2.370018363e-01 
  2.305683941e-01 
  2.287699729e-01 
  2.305875272e-01 
  2.272107154e-01 
  2.253518552e-01 
  2.116513997e-01 
  2.212582231e-01 
  2.254060954e-01 
  2.227086723e-01 
  2.200704068e-01 
  2.177610397e-01 
  2.054653019e-01 
  2.179503292e-01 
  2.215843946e-01 
  2.210601866e-01 
  2.200905383e-01 
  2.187181860e-01 
  2.141782641e-01 
  2.135041654e-01 
  2.120945305e-01 
  2.041322738e-01 
  1.951668411e-01 
  2.072399110e-01 
  2.081234902e-01 
  2.077642381e-01 
  1.964740753e-01 
  1.992381364e-01 
  2.052844763e-01 
  2.043973505e-01 
  2.055289745e-01 
  2.016015947e-01 
  1.879256964e-01 
  1.996566504e-01 
  1.922589242e-01 
  1.978610903e-01 
  1.988403648e-01 
  1.971893311e-01 
  1.975130290e-01 
  1.974258572e-01 
  1.973330826e-01 
  1.963154376e-01 
  1.939621866e-01 
  1.946818233e-01 
  1.938296854e-01 
  1.922217458e-01 
  1.907687187e-01 
  1.922736019e-01 
  1.907296926e-01 
  1.909649372e-01 
  1.841884702e-01 
  1.896823049e-01 
  1.891147196e-01 
  1.881391257e-01 
  1.876778156e-01 
  1.850007772e-01 
  1.858911812e-01 
  1.850594133e-01 
  1.833090931e-01 
  1.838760972e-01 
  1.833861321e-01 
  1.827041209e-01 
  1.800333560e-01 
  1.786172241e-01 
  1.795623749e-01 
  1.778719425e-01 
  1.752697676e-01 
  1.729983091e-01 
  1.753133684e-01 
  1.733046770e-01 
  1.717178226e-01 
  1.724105924e-01 
  1.711423397e-01 
  1.697984487e-01 
  1.679296046e-01 
  1.666983962e-01 
  1.645955443e-01 
  1.641266048e-01 
  1.630362719e-01 
  1.618919075e-01 
  1.591286957e-01 
  1.584243923e-01 
  1.554801315e-01 
  1.544179022e-01 
  1.527874917e-01 
  1.473718286e-01 
  1.480281800e-01 
  1.448222250e-01 
  1.444706470e-01 
  1.443049014e-01 
  1.404366642e-01 
  1.377943754e-01 
  1.382970959e-01 
  1.415204108e-01 
  1.429285258e-01 
  1.428937167e-01 
  1.430249512e-01 
  1.425785720e-01 
  1.434503347e-01 
  1.435694396e-01 
  1.432901621e-01 
  1.427630037e-01 
  1.416126490e-01 
  1.407950222e-01 
  1.368027329e-01 
  1.214573160e-01 
  1.331802458e-01 
  1.383412629e-01 
  1.391005963e-01 
  1.385041922e-01 
  1.386421621e-01 
  1.362303048e-01 
  1.363103986e-01 
  1.327578723e-01 
  1.343668401e-01 
  1.350487471e-01 
  1.348205507e-01 
  1.318170428e-01 
  1.320792288e-01 
  1.310147047e-01 
  1.292055249e-01 
  1.276281625e-01 
  1.284934580e-01 
  1.275053471e-01 
  1.267815232e-01 
  1.243687272e-01 
  1.221249402e-01 
  1.214112043e-01 
  1.215891764e-01 
  1.211564168e-01 
  1.201512516e-01 
  1.190354526e-01 
  1.176541820e-01 
  1.167016700e-01 
  1.160089970e-01 
  1.142310202e-01 
  1.081887335e-01 
  1.105974168e-01 
  1.070057526e-01 
  1.098922268e-01 
  1.106867045e-01 
  1.076638848e-01 
  1.071650907e-01 
  1.041921154e-01 
  1.027087867e-01 
  1.033969820e-01 
  1.046218798e-01 
  1.050302312e-01 
  1.040246636e-01 
  1.020145863e-01 
  9.827109426e-02 
  9.529259056e-02 
  8.640711755e-02 
  8.561573923e-02 
  8.451309800e-02 
  8.277921379e-02 
  8.580677211e-02 
  8.719985932e-02 
  8.812406659e-02 
  8.734516799e-02 
  8.765931427e-02 
  8.810550719e-02 
  8.738853037e-02 
  8.715906739e-02 
  8.810359240e-02 
  8.771890402e-02 
  8.543998748e-02 
  8.228804916e-02 
  7.510118186e-02 
  6.969155371e-02 
  6.691700965e-02 
  6.259566545e-02 
  6.060483307e-02 
  5.620241910e-02 
  5.414645746e-02 
  5.175404623e-02 
  4.844726622e-02 
  4.661477730e-02 
  4.456470162e-02 
  4.282472283e-02 
  4.067946970e-02 
  3.983585536e-02 
  3.748576716e-02 
  3.547291085e-02 
  3.533060476e-02 
  3.484706953e-02 
  3.520955145e-02 
  3.598531336e-02 
  3.594014794e-02 
  3.629277647e-02 
  3.527753055e-02 
  3.498740122e-02 
  3.431136906e-02 
  3.561954200e-02 
  3.767666966e-02 
  4.070527479e-02 
  4.247196764e-02 
  4.365841672e-02 
  4.330779240e-02 
  4.224523157e-02 
  4.192716256e-02 
  4.008131474e-02 
  3.849616647e-02 
  3.574126959e-02 
  3.392491117e-02 
  3.235804662e-02 
  3.250034153e-02 
  3.376151621e-02 
  3.452700377e-02 
  3.632269055e-02 
  3.847592324e-02 
  4.019111022e-02 
  4.095052183e-02 
  4.029300436e-02 
  4.019396380e-02 
  3.838201985e-02 
  3.678704426e-02 
  3.518674523e-02 
  3.556085005e-02 
  3.716065735e-02 
  3.836582601e-02 
  3.840073943e-02 
  3.777337819e-02 
  3.643144667e-02 
  3.667010739e-02 
  3.825107962e-02 
  3.867040947e-02 
  3.801129386e-02 
  3.810524940e-02 
  3.759540617e-02 
  3.764048219e-02 
  3.853323683e-02 
  3.964084387e-02 
  4.100881517e-02 
  4.246382415e-02 
  4.072963074e-02 
  4.205937311e-02 
  4.225010797e-02 
  4.303122312e-02 
  4.357077926e-02 
  4.396833107e-02 
  4.395385832e-02 
  4.334780574e-02 
  4.341195151e-02 
  4.523361474e-02 
  4.468173534e-02 
  4.452590644e-02 
  4.438566789e-02 
  4.472920299e-02 
  4.285681993e-02 
  4.394620284e-02 
  4.519269615e-02 
  4.447095469e-02 
  4.321752861e-02 
  4.193950817e-02 
  4.199625552e-02 
  4.187135026e-02 
  4.064274207e-02 
  4.175909981e-02 
  4.195579141e-02 
  4.214877263e-02 
  4.274194688e-02 
  4.325722158e-02 
  4.080569744e-02 
  4.295432940e-02 
  4.162975401e-02 
  4.222549498e-02 
  4.259229079e-02 
  4.244502634e-02 
  4.332310706e-02 
  4.351449385e-02 
  4.381929711e-02 
  4.340467975e-02 
  4.246840626e-02 
  4.234653339e-02 
  4.256833345e-02 
  4.475123808e-02 
  4.632715136e-02 
  4.663624614e-02 
  4.745361209e-02 
  4.792178795e-02 
  4.859887809e-02 
  4.792224988e-02 
  4.636016488e-02 
  4.578673095e-02 
  4.430544749e-02 
  4.388272390e-02 
  4.349768534e-02 
  4.327531904e-02 
  4.136989266e-02 
  4.174391553e-02 
  4.002862796e-02 
  3.945418075e-02 
  3.879773989e-02 
  3.908268362e-02 
  4.054739326e-02 
  4.261900112e-02 
  4.273044318e-02 
  4.348079115e-02 
  4.343054071e-02 
  4.297342151e-02 
  4.178408533e-02 
  4.158291966e-02 
  4.199929908e-02 
  4.186537862e-02 
  4.293350130e-02 
  4.212451354e-02 
  4.237681255e-02 
  4.297374934e-02 
  4.268604517e-02 
  4.386409372e-02 
  3.830986097e-02 
  4.544920474e-02 
  4.681091011e-02 
  4.785760492e-02 
  4.675513133e-02 
  4.809359834e-02 
  4.784046486e-02 
  4.782132432e-02 
  4.704128206e-02 
  4.805558547e-02 
  4.906467348e-02 
  4.875096306e-02 
  4.990676045e-02 
  4.956620932e-02 
  4.880018905e-02 
  4.355932027e-02 
  4.540041089e-02 
  4.559594393e-02 
  4.610037059e-02 
  4.851749539e-02 
  4.786151648e-02 
  4.818250611e-02 
  4.888632521e-02 
  4.915094748e-02 
  4.821856320e-02 
  4.805649072e-02 
  4.727429524e-02 
  4.820483923e-02 
  4.767486826e-02 
  4.738829657e-02 
  4.837647080e-02 
  4.782265797e-02 
  4.836412892e-02 
  4.751816392e-02 
  4.711790383e-02 
  4.819155484e-02 
  4.764842987e-02 
  4.638344049e-02 
  4.757730290e-02 
  4.701276496e-02 
  4.728112742e-02 
  4.700648785e-02 
  4.392815009e-02 
  4.685773328e-02 
  4.648090154e-02 
  4.615242779e-02 
  4.534877837e-02 
  4.542350397e-02 
  4.591138288e-02 
  4.597994685e-02 
  4.464274645e-02 
  4.548734426e-02 
  4.373158142e-02 
  4.454316944e-02 
  4.469142482e-02 
  4.446529970e-02 
  4.493737593e-02 
  4.500822350e-02 
  4.493996128e-02 
  4.440492764e-02 
  4.298902303e-02 
  4.397625849e-02 
  4.361931980e-02 
  4.327908158e-02 
  4.390722886e-02 
  4.357888550e-02 
  4.186318815e-02 
  4.244893789e-02 
  4.152590036e-02 
  4.277267307e-02 
  4.233014584e-02 
  4.222388566e-02 
  4.138750210e-02 
  4.224545881e-02 
  4.212171212e-02 
  4.136088118e-02 
  4.039487243e-02 
  4.084182531e-02 
  3.996509314e-02 
  3.973597661e-02 
  3.864260763e-02 
  3.851168975e-02 
  3.730936348e-02 
  3.821128607e-02 
  3.807302937e-02 
  3.740449995e-02 
  3.747062385e-02 
  3.473524377e-02 
  3.722207248e-02 
  3.354128450e-02 
  3.663399443e-02 
  3.678265586e-02 
  3.749953583e-02 
  3.715650365e-02 
  3.639086336e-02 
  3.682123870e-02 
  3.646994755e-02 
  3.750924394e-02 
  3.694448248e-02 
  3.649291769e-02 
  3.587507084e-02 
  3.275201097e-02 
  3.519638628e-02 
  3.432311490e-02 
  3.604042158e-02 
  3.670796379e-02 
  3.629078716e-02 
  3.633388877e-02 
  3.394981101e-02 
  3.507504985e-02 
  3.540633991e-02 
  3.387488052e-02 
  3.415632620e-02 
  3.263640404e-02 
  3.333257884e-02 
  3.305178136e-02 
  3.347291425e-02 
  3.289542347e-02 
  3.271645308e-02 
  3.274438158e-02 
  3.301555291e-02 
  3.280659020e-02 
  3.071296588e-02 
  3.163079172e-02 
  3.197238222e-02 
  3.271894529e-02 
  3.231718019e-02 
  3.285889328e-02 
  3.079451434e-02 
  3.169696406e-02 
  3.260336071e-02 
  3.249587491e-02 
  3.166690096e-02 
  3.117551096e-02 
  3.188103810e-02 
  3.247709945e-02 
  3.263883665e-02 
  3.178424016e-02 
  3.206054494e-02 
  3.194380552e-02 
  3.210598603e-02 
  3.200604022e-02 
  3.103286773e-02 
  3.144054115e-02 
  3.133703023e-02 
  3.084277548e-02 
  3.000557236e-02 
  3.073435277e-02 
  3.053132072e-02 
  2.904242277e-02 
  2.875987068e-02 
  2.833421901e-02 
  2.839370631e-02 
  2.811927535e-02 
  2.801520936e-02 
  2.865754440e-02 
  2.814142779e-02 
  2.812198363e-02 
  2.839039266e-02 
  2.858484536e-02 
  2.838797867e-02 
  2.767001837e-02 
  2.830233797e-02 
  2.760885470e-02 
  2.810041979e-02 
  2.775328048e-02 
  2.799641714e-02 
  2.740886994e-02 
  2.789855748e-02 
  2.762875706e-02 
  2.774067596e-02 
  2.717405185e-02 
  2.742020227e-02 
  2.745967917e-02 
  2.717924304e-02 
  2.692153305e-02 
  2.671767958e-02 
  2.638248540e-02 
  2.620895207e-02 
  2.642552555e-02 
  2.591537312e-02 
  2.593373507e-02 
  2.644598484e-02 
  2.621496096e-02 
  2.491442673e-02 
  2.556178719e-02 
  2.560691163e-02 
  2.530804276e-02 
  2.484119870e-02 
  2.490623482e-02 
  2.499018796e-02 
  2.458954602e-02 
  2.368835732e-02 
  2.281349339e-02 
  2.341591567e-02 
  2.393583581e-02 
  2.432070486e-02 
  2.433287725e-02 
  2.398342825e-02 
  2.402400039e-02 
  2.398213744e-02 
  2.363737859e-02 
  2.356362902e-02 
  2.381191216e-02 
  2.379901335e-02 
  2.365836687e-02 
  2.356916852e-02 
  2.352219634e-02 
  2.332880348e-02 
  2.313036099e-02 
  2.321511321e-02 
  2.301133983e-02 
  2.266800590e-02 
  2.265261300e-02 
  2.252458222e-02 
  2.201604284e-02 
  2.236265503e-02 
  2.241116390e-02 
  2.208244614e-02 
  2.197797224e-02 
  2.131804638e-02 
  2.165675163e-02 
  2.184128575e-02 
  2.013501711e-02 
  2.148915268e-02 
  2.154790610e-02 
  2.149894647e-02 
  2.146293595e-02 
  2.130009979e-02 
  2.105013095e-02 
  2.088952437e-02 
  2.102028392e-02 
  2.050102316e-02 
  2.015360817e-02 
  2.045368031e-02 
  1.938905753e-02 
  1.963572204e-02 
  1.986807957e-02 
  2.002454177e-02 
  1.988178119e-02 
  1.940204762e-02 
  1.975062676e-02 
  1.974369958e-02 
  1.942415349e-02 
  1.916507445e-02 
  1.790334843e-02 
  1.821098477e-02 
  1.828851365e-02 
  1.736187190e-02 
  1.709254086e-02 
  1.788999513e-02 
  1.812714711e-02 
  1.815331914e-02 
  1.769389398e-02 
  1.820876449e-02 
  1.787219010e-02 
  1.808332279e-02 
  1.751600020e-02 
  1.760853827e-02 
  1.713044755e-02 
  1.772500388e-02 
  1.754220016e-02 
  1.746414416e-02 
  1.714269817e-02 
  1.723186672e-02 
  1.724370010e-02 
  1.721001416e-02 
  1.691308990e-02 
  1.705517992e-02 
  1.702848449e-02 
  1.685556583e-02 
  1.688625664e-02 
  1.673449203e-02 
  1.640469953e-02 
  1.596127823e-02 
  1.610682718e-02 
  1.576389745e-02 
  1.600249670e-02 
  1.588506810e-02 
  1.584448665e-02 
  1.558221504e-02 
  1.566287689e-02 
  1.538168825e-02 
  1.537375618e-02 
  1.534621604e-02 
  1.531867124e-02 
  1.497992780e-02 
  1.458344236e-02 
  1.451784186e-02 
  1.411358640e-02 
  1.388258394e-02 
  1.399061084e-02 
  1.389001310e-02 
  1.385522634e-02 
  1.364190318e-02 
  1.342258137e-02 
  1.340364665e-02 
  1.331048086e-02 
  1.339081768e-02 
  1.346840151e-02 
  1.339279395e-02 
  1.304157823e-02 
  1.291281264e-02 
  1.261145622e-02 
  1.240888704e-02 
  1.203807909e-02 
  1.162999310e-02 
  1.169985905e-02 
  1.132337190e-02 
  1.088923123e-02 
  1.090335660e-02 
  1.041313168e-02 
  1.033548452e-02 
  9.712815285e-03 
  9.394471534e-03 
  9.330453351e-03 
  9.429788217e-03 
  9.374298155e-03 
  9.114648215e-03 
  8.960681967e-03 
  8.843361400e-03 
  8.586649783e-03 
  8.217963390e-03 
  8.187101223e-03 
  7.873300463e-03 
  7.871773094e-03 
  7.630990818e-03 
  7.188818883e-03 
  7.073594257e-03 
  6.700784434e-03 
  6.236191839e-03 
  6.502929144e-03 
  6.581979804e-03 
  6.613864563e-03 
  6.510274485e-03 
  6.394393742e-03 
  6.544100121e-03 
  6.172681227e-03 
  6.189551204e-03 
  5.970880389e-03 
  5.902117584e-03 
  5.445941351e-03 
  5.369198974e-03 
  5.342006683e-03 
  5.200985353e-03 
  4.998552147e-03 
  4.970674869e-03 
  4.666898865e-03 
  4.663249943e-03 
  4.571059253e-03 
  4.410204012e-03 
  4.588902462e-03 
  4.612797871e-03 
  4.699761979e-03 
  4.745258484e-03 
  4.579673056e-03 
  4.824032541e-03 
  4.792458843e-03 
  4.738382529e-03 
  4.384868313e-03 
  4.503447097e-03 
  4.562618211e-03 
  4.587554839e-03 
  4.551156424e-03 
  4.512010608e-03 
  4.399075173e-03 
  4.464052618e-03 
  4.461139441e-03 
  4.299287684e-03 
  4.461499862e-03 
  4.523022100e-03 
  4.611062352e-03 
  4.543934483e-03 
  4.761260003e-03 
  4.711898509e-03 
  4.725765903e-03 
  4.664247390e-03 
  4.670230672e-03 
  4.369380884e-03 
  4.285583273e-03 
  3.959113732e-03 
  4.042756278e-03 
  3.736285726e-03 
  3.569117514e-03 
  3.530336311e-03 
  3.538615536e-03 
  3.523599822e-03 
  3.443698632e-03 
  3.193367738e-03 
  4.014335107e-03 
  4.332452547e-03 
  4.413433373e-03 
  4.440044519e-03 
  4.562766291e-03 
  4.640678875e-03 
  4.669286311e-03 
  4.679583479e-03 
  4.642045125e-03 
  4.477622453e-03 
  4.685421009e-03 
  4.610047676e-03 
  4.520694725e-03 
  4.340375774e-03 
  4.476177040e-03 
  4.328505136e-03 
  4.140974022e-03 
  4.296977073e-03 
  4.182470031e-03 
  4.002805334e-03 
  3.974630032e-03 
  3.889791202e-03 
  3.818791825e-03 
  3.764437744e-03 
  3.787074937e-03 
  3.721403889e-03 
  3.740273882e-03 
  3.697401145e-03 
  3.836854827e-03 
  3.843003418e-03 
  3.944980912e-03 
  3.861919045e-03 
  3.927018493e-03 
  3.922825679e-03 
  3.907306120e-03 
  3.783669323e-03 
  3.966859076e-03 
  4.054483958e-03 
  4.018385895e-03 
  4.165433347e-03 
  4.177585710e-03 
  4.270372447e-03 
  4.242542665e-03 
  4.207659513e-03 
  4.366734531e-03 
  4.441939294e-03 
  4.382913932e-03 
  4.459104501e-03 
  4.428479820e-03 
  4.442745354e-03 
  4.447646439e-03 
  4.393041600e-03 
  4.304737784e-03 
  4.465593025e-03 
  4.465820268e-03 
  4.593227059e-03 
  4.508461803e-03 
  4.679119680e-03 
  4.705798812e-03 
  4.759308416e-03 
  4.754150752e-03 
  4.836699925e-03 
  4.611239769e-03 
  4.765900318e-03 
  4.801705945e-03 
  4.838605411e-03 
  4.686458036e-03 
  4.474367946e-03 
  4.194951616e-03 
  4.469515756e-03 
  4.738161340e-03 
  4.786975216e-03 
  4.832134116e-03 
  4.661984276e-03 
  4.517166410e-03 
  4.515449982e-03 
  4.623975139e-03 
  4.543835297e-03 
  4.528551828e-03 
  4.437687807e-03 
  4.535435233e-03 
  4.547136370e-03 
  4.702266771e-03 
  4.657128826e-03 
  4.869827069e-03 
  4.763076548e-03 
  4.898266401e-03 
  4.893776029e-03 
  5.266540218e-03 
  5.127255805e-03 
  5.460010841e-03 
  5.465285853e-03 
  5.660636351e-03 
  5.698805675e-03 
  5.884973332e-03 
  5.825394765e-03 
  5.724552553e-03 
  5.869508255e-03 
  6.129856221e-03 
  6.120333448e-03 
  6.206029095e-03 
  5.877967458e-03 
  6.293318700e-03 
  6.082706153e-03 
  6.246081088e-03 
  6.288661156e-03 
  6.328489166e-03 
  6.246380042e-03 
  6.259088404e-03 
  6.121539976e-03 
  6.138222292e-03 
  6.292422768e-03 
  6.251305807e-03 
  6.220843177e-03 
  6.156512536e-03 
  6.058013067e-03 
  5.803270265e-03 
  5.838356446e-03 
  5.652620457e-03 
  5.639671814e-03 
  5.048842169e-03 
  4.943309352e-03 
  4.379392136e-03 
  4.372395109e-03 
  3.783955006e-03 
  3.782518674e-03 
  3.427706659e-03 
  3.418214619e-03 
  3.449693089e-03 
  3.353472566e-03 
  3.544397419e-03 
  3.534800606e-03 
  3.612688510e-03 
  3.612175584e-03 
  3.635670058e-03 
  3.624166828e-03 
  3.673018655e-03 
  3.629817162e-03 
  3.755321028e-03 
  3.741801716e-03 
  3.943851683e-03 
  3.945380449e-03 
  4.262937699e-03 
  4.222565796e-03 
  4.384864587e-03 
  4.530474078e-03 
  4.854219034e-03 
  4.849066492e-03 
  5.027879495e-03 
  5.063529126e-03 
  5.194085184e-03 
  5.201859400e-03 
  5.210025236e-03 
  5.139027257e-03 
  5.235659890e-03 
  5.312644411e-03 
  5.372136831e-03 
  5.357418209e-03 
  5.191489123e-03 
  5.302858539e-03 
  5.337914918e-03 
  5.041711498e-03 
  5.207526498e-03 
  5.239600781e-03 
  5.192186218e-03 
  5.133853760e-03 
  5.088315345e-03 
  5.077512935e-03 
  4.938070197e-03 
  4.925112706e-03 
  4.888901953e-03 
  4.681901541e-03 
  4.698370583e-03 
  4.460539669e-03 
  4.427234177e-03 
  4.268747289e-03 
  4.200487398e-03 
  4.197018221e-03 
  4.220708273e-03 
  4.252443090e-03 
  4.227853380e-03 
  4.283741117e-03 
  4.276951309e-03 
  4.276203923e-03 
  4.154946655e-03 
  4.269529600e-03 
  4.245459102e-03 
  3.984384704e-03 
  4.209837876e-03 
  4.206875805e-03 
  4.215003457e-03 
  4.171247594e-03 
  4.239454400e-03 
  4.089384805e-03 
  4.315967206e-03 
  4.258325789e-03 
  4.425517749e-03 
  4.410402384e-03 
  4.494941328e-03 
  4.481215030e-03 
  4.535615910e-03 
  4.525878932e-03 
  4.442042671e-03 
  4.523854703e-03 
  4.471215885e-03 
  4.524336196e-03 
  4.436829127e-03 
  4.460812081e-03 
  4.489399958e-03 
  4.516256973e-03 
  4.505462479e-03 
  4.525384400e-03 
  4.523137119e-03 
  4.525074270e-03 
  4.482687917e-03 
  4.303416703e-03 
  4.451402929e-03 
  4.484757781e-03 
  4.335151985e-03 
  4.457156640e-03 
  4.436041228e-03 
  4.421560559e-03 
  4.428218119e-03 
  4.431558307e-03 
  4.418420605e-03 
  4.440157209e-03 
  4.364143591e-03 
  4.422924947e-03 
  4.410841968e-03 
  4.418534692e-03 
  4.396966659e-03 
  4.384080879e-03 
  4.353375640e-03 
  4.243329633e-03 
  4.333959427e-03 
  4.313575570e-03 
  4.283581395e-03 
  4.288821481e-03 
  4.277005326e-03 
  4.239771515e-03 
  4.130179528e-03 
  4.217769951e-03 
  4.237578250e-03 
  4.128358793e-03 
  4.208612256e-03 
  4.164513201e-03 
  4.159458447e-03 
  4.086937290e-03 
  4.167396575e-03 
  4.179768730e-03 
  4.099318292e-03 
  4.176035523e-03 
  4.158826079e-03 
  4.134960938e-03 
  4.152107518e-03 
  4.136921838e-03 
  4.125821404e-03 
  4.105690401e-03 
  4.102639854e-03 
  3.945494071e-03 
  4.072291777e-03 
  4.063841421e-03 
  4.035946447e-03 
  4.023423884e-03 
  4.019665997e-03 
  3.988811746e-03 
  3.961479757e-03 
  3.933966160e-03 
  3.887542989e-03 
  3.819455858e-03 
  3.851081943e-03 
  3.845621599e-03 
  3.792261938e-03 
  3.780637169e-03 
  3.744023386e-03 
  3.727929899e-03 
  3.686513519e-03 
  3.688403638e-03 
  3.680097871e-03 
  3.676418448e-03 
  3.660265822e-03 
  3.648312297e-03 
  3.624715144e-03 
  3.606274026e-03 
  3.596029943e-03 
  3.541287035e-03 
  3.537442535e-03 
  3.481466323e-03 
  3.359298920e-03 
  3.011989873e-03 
  3.289106302e-03 
  3.386959201e-03 
  3.470585216e-03 
  3.460627049e-03 
  3.484370653e-03 
  3.464756301e-03 
  3.470851574e-03 
  3.451452591e-03 
  3.449317068e-03 
  3.421872854e-03 
  3.384022973e-03 
  3.402447328e-03 
  3.266171552e-03 
  3.391792998e-03 
  3.380231792e-03 
  3.343508346e-03 
  3.255145857e-03 
  3.328150837e-03 
  3.330487292e-03 
  3.328098683e-03 
  3.317624331e-03 
  3.227998270e-03 
  3.204165259e-03 
  3.237113124e-03 
  3.269169945e-03 
  3.254307434e-03 
  3.213358345e-03 
  3.199140076e-03 
  3.183825407e-03 
  3.142682370e-03 
  3.124651266e-03 
  3.099543508e-03 
  3.089487087e-03 
  3.072422463e-03 
  3.069047118e-03 
  3.058550414e-03 
  3.085896606e-03 
  3.080870258e-03 
  3.066497622e-03 
  2.983871615e-03 
  2.940537175e-03 
  3.083745716e-03 
  3.014547983e-03 
  3.105795477e-03 
  3.097435692e-03 
  3.081904026e-03 
  3.076246474e-03 
  3.058379516e-03 
  3.052546177e-03 
  3.021447454e-03 
  2.972310176e-03 
  3.003162099e-03 
  3.007333959e-03 
  2.992081223e-03 
  2.981537720e-03 
  2.964332933e-03 
  2.957010176e-03 
  2.944396343e-03 
  2.924374305e-03 
  2.868705895e-03 
  2.871715464e-03 
  2.864658600e-03 
  2.885211026e-03 
  2.849161858e-03 
  2.848387463e-03 
  2.843138063e-03 
  2.830011770e-03 
  2.819670131e-03 
  2.799708629e-03 
  2.783427248e-03 
  2.779736416e-03 
  2.743270248e-03 
  2.680889564e-03 
  2.709260909e-03 
  2.731107874e-03 
  2.720349003e-03 
  2.670446876e-03 
  2.685935469e-03 
  2.682208316e-03 
  2.671693685e-03 
  2.664530184e-03 
  2.588041360e-03 
  2.637229627e-03 
  2.611314179e-03 
  2.603609115e-03 
  2.603214234e-03 
  2.563677961e-03 
  2.495186869e-03 
  2.545778174e-03 
  2.522077411e-03 
  2.517550485e-03 
  2.512552077e-03 
  2.510927618e-03 
  2.488346538e-03 
  2.471775515e-03 
  2.472139662e-03 
  2.380225109e-03 
  2.463431563e-03 
  2.444533166e-03 
  2.410066547e-03 
  2.427116269e-03 
  2.424267586e-03 
  2.414429095e-03 
  2.403029241e-03 
  2.377743134e-03 
  2.395505784e-03 
  2.388657071e-03 
  2.377349883e-03 
  2.337958198e-03 
  2.362481551e-03 
  2.358757192e-03 
  2.353133634e-03 
  2.341722604e-03 
  2.330551157e-03 
  2.212564228e-03 
  2.280500019e-03 
  2.283275826e-03 
  2.275205450e-03 
  2.263024217e-03 
  2.256882610e-03 
  2.257469110e-03 
  2.245724201e-03 
  2.222017385e-03 
  2.218059031e-03 
  2.185002435e-03 
  2.191961510e-03 
  2.183820121e-03 
  2.064799424e-03 
  2.115801442e-03 
  2.103769686e-03 
  2.063211985e-03 
  2.105322434e-03 
  2.107580658e-03 
  2.098303288e-03 
  2.093064133e-03 
  2.112547867e-03 
  2.102619968e-03 
  2.092086012e-03 
  2.110669389e-03 
  2.109224210e-03 
  2.108414890e-03 
  2.104422310e-03 
  2.087391447e-03 
  2.073942218e-03 
  2.076839795e-03 
  2.063544234e-03 
  2.041624859e-03 
  2.026208676e-03 
  1.956268447e-03 
  1.981476089e-03 
  1.958818175e-03 
  1.987860771e-03 
  1.976472093e-03 
  1.948915189e-03 
  1.955566928e-03 
  1.950672478e-03 
  1.854475122e-03 
  1.902686199e-03 
  1.914918423e-03 
  1.890626969e-03 
  1.923215343e-03 
  1.932770130e-03 
  1.914309454e-03 
  1.907730941e-03 
  1.895891619e-03 
  1.880815602e-03 
  1.876285649e-03 
  1.843089121e-03 
  1.813792973e-03 
  1.823530067e-03 
  1.801799051e-03 
  1.789420145e-03 
  1.740131644e-03 
  1.765919267e-03 
  1.765026595e-03 
  1.747797593e-03 
  1.736574108e-03 
  1.728558680e-03 
  1.714420388e-03 
  1.715581631e-03 
  1.702734269e-03 
  1.697830390e-03 
  1.703049988e-03 
  1.689373050e-03 
  1.694482169e-03 
  1.665314776e-03 
  1.610428095e-03 
  1.649494166e-03 
  1.665469259e-03 
  1.677694847e-03 
  1.661291113e-03 
  1.659023808e-03 
  1.685142051e-03 
  1.683735056e-03 
  1.668557758e-03 
  1.650771941e-03 
  1.645658165e-03 
  1.647399040e-03 
  1.612111810e-03 
  1.612700871e-03 
  1.575878239e-03 
  1.565322396e-03 
  1.547720865e-03 
  1.518055564e-03 
  1.533067203e-03 
  1.530966139e-03 
  1.530904905e-03 
  1.453709207e-03 
  1.499728183e-03 
  1.528030960e-03 
  1.520547550e-03 
  1.513508614e-03 
  1.527923276e-03 
  1.520401565e-03 
  1.513121417e-03 
  1.514238189e-03 
  1.439171261e-03 
  1.435917686e-03 
  1.444596681e-03 
  1.452745055e-03 
  1.435284386e-03 
  1.471315860e-03 
  1.463554101e-03 
  1.479526516e-03 
  1.474485383e-03 
  1.468265662e-03 
  1.457834151e-03 
  1.474302611e-03 
  1.458835206e-03 
  1.457815059e-03 
  1.462187618e-03 
  1.449897187e-03 
  1.449840842e-03 
  1.433895202e-03 
  1.428749529e-03 
  1.433623373e-03 
  1.420764253e-03 
  1.400645240e-03 
  1.407537144e-03 
  1.384771545e-03 
  1.372474479e-03 
  1.372587169e-03 
  1.365894685e-03 
  1.346216421e-03 
  1.345239463e-03 
  1.341327210e-03 
  1.322594355e-03 
  1.274436130e-03 
  1.270054490e-03 
  1.225849963e-03 
  1.279041753e-03 
  1.288039261e-03 
  1.320937183e-03 
  1.304639271e-03 
  1.310556196e-03 
  1.324362005e-03 
  1.312871231e-03 
  1.314596622e-03 
  1.307362807e-03 
  1.321676769e-03 
  1.305535901e-03 
  1.302640652e-03 
  1.309266314e-03 
  1.299276948e-03 
  1.283841790e-03 
  1.289663021e-03 
  1.283762860e-03 
  1.242944039e-03 
  1.227290952e-03 
  1.259540906e-03 
  1.249118592e-03 
  1.217126381e-03 
  1.246721949e-03 
  1.226108754e-03 
  1.209870446e-03 
  1.215324271e-03 
  1.181405503e-03 
  1.173585188e-03 
  1.151764416e-03 
  1.116680680e-03 
  1.117399777e-03 
  1.104853814e-03 
  1.103056944e-03 
  1.108954777e-03 
  1.098981011e-03 
  1.096665859e-03 
  1.111926278e-03 
  1.136986306e-03 
  1.123433118e-03 
  1.119635301e-03 
  1.078474452e-03 
  1.132036909e-03 
  1.137988525e-03 
  1.129137469e-03 
  1.111915451e-03 
  1.112993690e-03 
  1.103084534e-03 
  1.089702942e-03 
  1.079376554e-03 
  1.069198945e-03 
  1.045834855e-03 
  1.044032164e-03 
  1.034747344e-03 
  9.546577348e-04 
  9.937691502e-04 
  9.881907608e-04 
  9.719092632e-04 
  9.530312382e-04 
  9.693114553e-04 
  9.230754804e-04 
  9.350617765e-04 
  9.290018934e-04 
  8.578384295e-04 
  8.688502712e-04 
  8.527670288e-04 
  8.266298100e-04 
  8.023150149e-04 
  8.384369430e-04 
  8.066493319e-04 
  8.004097617e-04 
  7.558231009e-04 
  7.884614170e-04 
  7.865572697e-04 
  7.893013535e-04 
  7.849328686e-04 
  7.867849781e-04 
  7.729919744e-04 
  7.886381354e-04 
  7.786558126e-04 
  7.724220050e-04 
  7.873203722e-04 
  7.806020440e-04 
  7.829171373e-04 
  7.728208438e-04 
