  7.983959913e-01 
  1.942867637e+00 
  1.976567626e+00 
  4.709787846e+00 
  5.132331371e+00 
  8.712405205e+00 
  9.185269356e+00 
  1.298277378e+01 
  1.604868507e+01 
  1.674065590e+01 
  1.782153511e+01 
  3.367901611e+01 
  2.794931221e+01 
  3.482002258e+01 
  3.524547577e+01 
  4.114523697e+01 
  3.175241089e+01 
  4.529802704e+01 
  4.344427872e+01 
  4.785691452e+01 
  4.625346375e+01 
  5.582693100e+01 
  4.886545181e+01 
  4.237478638e+01 
  5.240497971e+01 
  5.804006958e+01 
  7.894516754e+01 
  7.876791382e+01 
  6.497902679e+01 
  7.613463593e+01 
  7.888533783e+01 
  6.370627594e+01 
  6.949802399e+01 
  7.801339722e+01 
  6.494705200e+01 
  6.923297882e+01 
  5.163792038e+01 
  4.905209732e+01 
  5.938445282e+01 
  5.932668686e+01 
  6.622901154e+01 
  5.551262665e+01 
  5.776879883e+01 
  5.758051682e+01 
  5.167731857e+01 
  6.591890717e+01 
  7.255758667e+01 
  6.847997284e+01 
  6.397146225e+01 
  6.958757019e+01 
  7.057669830e+01 
  6.647512054e+01 
  6.758271790e+01 
  6.116218185e+01 
  7.003676605e+01 
  7.041042328e+01 
  6.604122162e+01 
  4.187678146e+01 
  4.513822174e+01 
  4.504676819e+01 
  6.628622437e+01 
  5.213054276e+01 
  5.672887421e+01 
  5.985705566e+01 
  5.926504517e+01 
  5.504668808e+01 
  7.494400024e+01 
  6.651718903e+01 
  6.221890259e+01 
  5.936017990e+01 
  6.771304321e+01 
  5.363654709e+01 
  5.599451447e+01 
  5.533566666e+01 
  4.249058533e+01 
  3.858349609e+01 
  5.470632553e+01 
  5.546962738e+01 
  7.107377625e+01 
  5.419670486e+01 
  5.027352142e+01 
  5.588449097e+01 
  4.134160995e+01 
  2.851718140e+01 
  3.104778290e+01 
  4.620764160e+01 
  3.546485138e+01 
  4.024105835e+01 
  3.939171600e+01 
  4.434704208e+01 
  5.311588287e+01 
  5.869533920e+01 
  5.152227783e+01 
  2.728213501e+01 
  2.981902122e+01 
  4.943930435e+01 
  5.026052856e+01 
  2.020402145e+01 
  5.583256531e+01 
  6.612296295e+01 
  6.416516876e+01 
  6.294847870e+01 
  6.584808350e+01 
  6.087550735e+01 
  6.457386780e+01 
  5.845614624e+01 
  5.727061844e+01 
  5.506461716e+01 
  5.889316177e+01 
  6.435836792e+01 
  5.312395477e+01 
  6.159371185e+01 
  6.301572037e+01 
  5.877853394e+01 
  5.696474075e+01 
  5.999429703e+01 
  5.888489914e+01 
  5.638341904e+01 
  5.447287750e+01 
  5.511969757e+01 
  4.608067322e+01 
  5.702647781e+01 
  5.397551346e+01 
  4.503068542e+01 
  4.893069077e+01 
  5.006505203e+01 
  4.754750824e+01 
  4.518740463e+01 
  4.520986176e+01 
  4.064129639e+01 
  3.204670334e+01 
  2.847262764e+01 
  5.064833069e+01 
  4.455611420e+01 
  4.185445404e+01 
  4.500727463e+01 
  4.932847214e+01 
  4.923003769e+01 
  4.359318542e+01 
  4.170126343e+01 
  4.620605850e+01 
  4.553342056e+01 
  4.741376114e+01 
  4.719353867e+01 
  4.636146164e+01 
  4.822269058e+01 
  4.244832230e+01 
  4.787646484e+01 
  4.813469315e+01 
  4.792715454e+01 
  4.843332291e+01 
  5.176910782e+01 
  4.760033798e+01 
  4.370537949e+01 
  4.609155655e+01 
  4.591282654e+01 
  4.651970291e+01 
  4.627894974e+01 
  4.497957230e+01 
  4.449559021e+01 
  4.364066696e+01 
  4.474509048e+01 
  4.355292511e+01 
  4.310676956e+01 
  4.279510880e+01 
  4.172920990e+01 
  4.260205078e+01 
  4.067100525e+01 
  4.260778046e+01 
  4.179522324e+01 
  4.079247665e+01 
  4.029833984e+01 
  4.037057877e+01 
  3.952067566e+01 
  3.943025208e+01 
  4.060562134e+01 
  3.895853424e+01 
  3.820938873e+01 
  3.968316269e+01 
  3.748550797e+01 
  3.782379150e+01 
  3.720291901e+01 
  3.759049225e+01 
  3.724567795e+01 
  3.545055008e+01 
  3.535240173e+01 
  2.837707329e+01 
  3.157769394e+01 
  3.394764709e+01 
  3.124639511e+01 
  3.522322083e+01 
  3.263842392e+01 
  3.105956650e+01 
  3.312707901e+01 
  3.169344330e+01 
  3.355395889e+01 
  3.236554718e+01 
  3.109594727e+01 
  3.007181549e+01 
  2.971422195e+01 
  2.930320930e+01 
  2.837590790e+01 
  2.792468262e+01 
  2.931171036e+01 
  2.701647758e+01 
  2.886806870e+01 
  3.061602974e+01 
  2.822088242e+01 
  2.681295967e+01 
  2.864583588e+01 
  2.749997902e+01 
  2.725455284e+01 
  2.834214401e+01 
  2.570160294e+01 
  2.493210220e+01 
  2.522091675e+01 
  2.625090218e+01 
  1.916121101e+01 
  2.350733376e+01 
  2.206940651e+01 
  2.407844925e+01 
  2.387491989e+01 
  2.459945869e+01 
  2.271086884e+01 
  2.442049599e+01 
  2.400977325e+01 
  2.267828560e+01 
  1.963534355e+01 
  2.337401772e+01 
  2.382611465e+01 
  2.231596375e+01 
  2.407818604e+01 
  2.276973724e+01 
  1.982473755e+01 
  2.136989594e+01 
  2.161326981e+01 
  2.273451614e+01 
  2.090957832e+01 
  2.169939613e+01 
  2.144221115e+01 
  2.080469513e+01 
  1.891510773e+01 
  2.092085838e+01 
  1.984253883e+01 
  2.075290108e+01 
  2.027263451e+01 
  1.965637779e+01 
  2.032091904e+01 
  1.869824982e+01 
  1.951578140e+01 
  1.893221474e+01 
  1.866407776e+01 
  1.931433296e+01 
  1.841105652e+01 
  1.886289024e+01 
  1.876754379e+01 
  1.810750008e+01 
  1.743305779e+01 
  1.795444298e+01 
  1.683910942e+01 
  1.678198814e+01 
  1.830139542e+01 
  1.666918182e+01 
  1.730520439e+01 
  1.693025017e+01 
  1.699910736e+01 
  1.555217457e+01 
  1.655273628e+01 
  1.637388992e+01 
  1.591775608e+01 
  1.587800694e+01 
  1.520140266e+01 
  1.593923855e+01 
  1.597876263e+01 
  1.577256775e+01 
  1.527110577e+01 
  1.488387585e+01 
  1.539425755e+01 
  1.484249020e+01 
  1.463016891e+01 
  1.503562260e+01 
  1.467161942e+01 
  1.479462242e+01 
  1.479788208e+01 
  1.465092373e+01 
  1.445472145e+01 
  1.373881626e+01 
  1.416987896e+01 
  1.393188667e+01 
  1.227944851e+01 
  1.273392391e+01 
  1.342292309e+01 
  1.308129215e+01 
  1.311527061e+01 
  1.314546204e+01 
  1.281362915e+01 
  1.302748013e+01 
  1.297631836e+01 
  1.261853886e+01 
  1.253257751e+01 
  1.244764996e+01 
  1.229121208e+01 
  1.207394123e+01 
  1.206601524e+01 
  1.236570930e+01 
  1.225205326e+01 
  1.202868271e+01 
  1.188098145e+01 
  1.175844479e+01 
  1.156015968e+01 
  1.129929161e+01 
  1.140637684e+01 
  1.118318272e+01 
  1.094678116e+01 
  1.048169518e+01 
  1.091111469e+01 
  1.030580044e+01 
  1.029550266e+01 
  1.070958138e+01 
  1.054082203e+01 
  1.062537003e+01 
  1.073606873e+01 
  1.010163498e+01 
  1.011216450e+01 
  1.005524921e+01 
  9.717123032e+00 
  9.700681686e+00 
  9.788945198e+00 
  9.519943237e+00 
  9.744066238e+00 
  9.356507301e+00 
  9.651679039e+00 
  8.944064140e+00 
  9.544606209e+00 
  9.207163811e+00 
  9.319558144e+00 
  8.937154770e+00 
  9.177090645e+00 
  9.265460014e+00 
  9.133092880e+00 
  8.793561935e+00 
  8.865846634e+00 
  8.706282616e+00 
  8.801995277e+00 
  8.647180557e+00 
  8.665045738e+00 
  8.285110474e+00 
  8.348792076e+00 
  8.286587715e+00 
  8.395118713e+00 
  7.728349686e+00 
  8.273440361e+00 
  8.066599846e+00 
  8.175732613e+00 
  8.019079208e+00 
  7.760215282e+00 
  6.547791004e+00 
  6.945220470e+00 
  7.688672543e+00 
  7.656825066e+00 
  7.670845985e+00 
  7.661526680e+00 
  7.725852966e+00 
  7.593118191e+00 
  7.427454472e+00 
  7.415031433e+00 
  7.459356785e+00 
  7.267303944e+00 
  7.264699936e+00 
  7.324782372e+00 
  7.193696976e+00 
  7.074882507e+00 
  7.009677410e+00 
  7.017733097e+00 
  6.989422321e+00 
  6.841660976e+00 
  6.929287434e+00 
  6.751014233e+00 
  6.821859360e+00 
  6.685406685e+00 
  6.594211578e+00 
  6.561804295e+00 
  6.508640766e+00 
  6.512981415e+00 
  6.356673717e+00 
  6.390938759e+00 
  6.064222336e+00 
  5.495501518e+00 
  5.605142117e+00 
  5.545987606e+00 
  5.615571499e+00 
  5.716277599e+00 
  5.722924709e+00 
  5.714037418e+00 
  5.713303089e+00 
  5.617431164e+00 
  5.671249866e+00 
  5.738603592e+00 
  5.579926014e+00 
  5.572953224e+00 
  5.487731457e+00 
  5.317752838e+00 
  5.272494793e+00 
  5.377027988e+00 
  5.364103794e+00 
  5.347791672e+00 
  5.265349388e+00 
  5.164873600e+00 
  5.294055939e+00 
  5.096198559e+00 
  5.162448883e+00 
  5.102317333e+00 
  5.020941734e+00 
  4.955813408e+00 
  5.005800247e+00 
  4.779994011e+00 
  4.852915287e+00 
  4.556012630e+00 
  4.425528049e+00 
  4.322005272e+00 
  4.287886620e+00 
  4.442208767e+00 
  4.554281712e+00 
  4.475617886e+00 
  4.365643978e+00 
  4.308782578e+00 
  4.271779060e+00 
  4.325388908e+00 
  4.211340427e+00 
  4.059296608e+00 
  4.178689480e+00 
  4.078576565e+00 
  4.199899673e+00 
  4.181396008e+00 
  4.279332638e+00 
  4.208779335e+00 
  4.085502148e+00 
  4.132700920e+00 
  4.121588707e+00 
  3.975700140e+00 
  4.013243675e+00 
  3.972283363e+00 
  3.890615225e+00 
  3.994291067e+00 
  4.016025066e+00 
  3.894630671e+00 
  3.930741787e+00 
  3.970774412e+00 
  3.879070997e+00 
  3.859951973e+00 
  3.781625509e+00 
  3.751661062e+00 
  3.790589809e+00 
  3.735128641e+00 
  3.773572922e+00 
  3.731887817e+00 
  3.639343977e+00 
  3.646262407e+00 
  3.617107153e+00 
  3.278827906e+00 
  1.819557309e+00 
  1.675410151e+00 
  2.439643383e+00 
  2.234306335e+00 
  2.357122660e+00 
  2.638364315e+00 
  2.787686348e+00 
  2.968242884e+00 
  3.186276674e+00 
  3.241339207e+00 
  3.250830173e+00 
  3.258335352e+00 
  3.233801126e+00 
  3.205834389e+00 
  3.225187540e+00 
  3.088634014e+00 
  3.199565411e+00 
  3.160865307e+00 
  3.127452612e+00 
  3.121201754e+00 
  3.066458702e+00 
  3.045878887e+00 
  3.066496134e+00 
  2.979236364e+00 
  2.979915857e+00 
  2.969310045e+00 
  2.898304224e+00 
  2.917833090e+00 
  2.854879379e+00 
  2.841787815e+00 
  2.797241211e+00 
  2.771263838e+00 
  2.715929985e+00 
  2.705316067e+00 
  2.676677227e+00 
  2.640563011e+00 
  2.651827097e+00 
  2.660436392e+00 
  2.661020041e+00 
  2.642410994e+00 
  2.551781893e+00 
  2.587054491e+00 
  2.568107605e+00 
  2.519782066e+00 
  2.533887625e+00 
  2.460095167e+00 
  2.519019127e+00 
  2.491588831e+00 
  2.460989952e+00 
  2.403712273e+00 
  2.377084255e+00 
  2.395215511e+00 
  2.364719391e+00 
  2.330528736e+00 
  2.299774408e+00 
  2.244755268e+00 
  2.190534830e+00 
  2.194057226e+00 
  2.171663046e+00 
  2.110139847e+00 
  2.085204124e+00 
  2.177538872e+00 
  2.080580473e+00 
  2.035547256e+00 
  2.108907700e+00 
  2.132840872e+00 
  2.129086971e+00 
  2.106884718e+00 
  2.068475723e+00 
  2.065589666e+00 
  2.032222748e+00 
  1.988942146e+00 
  2.020675421e+00 
  1.953462601e+00 
  1.978824377e+00 
  1.984282970e+00 
  1.994033217e+00 
  1.967552900e+00 
  1.970305204e+00 
  1.902561426e+00 
  1.945145488e+00 
  1.937848687e+00 
  1.919050097e+00 
  1.902761817e+00 
  1.864947557e+00 
  1.885431528e+00 
  1.893756270e+00 
  1.821269274e+00 
  1.864117742e+00 
  1.858843446e+00 
  1.598638535e+00 
  1.821613073e+00 
  1.744272232e+00 
  1.757690072e+00 
  1.406316519e+00 
  1.541442990e+00 
  1.742072225e+00 
  1.762156963e+00 
  1.726050973e+00 
  1.718307972e+00 
  1.695163369e+00 
  1.686989546e+00 
  1.673610806e+00 
  1.697598934e+00 
  1.686294913e+00 
  1.647152781e+00 
  1.375177979e+00 
  1.457556725e+00 
  1.573385715e+00 
  1.544090867e+00 
  1.600283384e+00 
  1.590594292e+00 
  1.576871276e+00 
  1.575811625e+00 
  1.534110665e+00 
  1.512957096e+00 
  1.518431664e+00 
  1.541528344e+00 
  1.507864714e+00 
  1.504354358e+00 
  1.488604426e+00 
  1.404634833e+00 
  1.475316048e+00 
  1.435104847e+00 
  1.440679908e+00 
  1.448533297e+00 
  1.394129157e+00 
  1.374005795e+00 
  1.408660412e+00 
  1.411772728e+00 
  1.400476575e+00 
  1.386110306e+00 
  1.372472525e+00 
  1.305488944e+00 
  1.338329196e+00 
  1.251476765e+00 
  1.275249124e+00 
  1.221208215e+00 
  1.209243417e+00 
  1.179888129e+00 
  1.148324490e+00 
  1.113221288e+00 
  1.088819623e+00 
  1.180110931e+00 
  1.217057109e+00 
  1.207396984e+00 
  1.154370189e+00 
  1.142557740e+00 
  1.091021657e+00 
  1.068265438e+00 
  1.078508377e+00 
  1.080945134e+00 
  1.073514223e+00 
  1.072556496e+00 
  1.071275949e+00 
  1.055745482e+00 
  1.066234946e+00 
  1.049367428e+00 
  1.045198679e+00 
  1.074929357e+00 
  1.076554418e+00 
  1.044748187e+00 
  1.030536294e+00 
  9.787365794e-01 
  1.005372047e+00 
  1.013443232e+00 
  9.726275206e-01 
  9.928491712e-01 
  9.777086973e-01 
  9.367332458e-01 
  9.012537003e-01 
  8.640151620e-01 
  8.092018962e-01 
  7.767975330e-01 
  7.357538342e-01 
  7.185128331e-01 
  7.220661640e-01 
  7.319669724e-01 
  7.547826171e-01 
  8.472765684e-01 
  8.521271944e-01 
  8.186045885e-01 
  7.582185268e-01 
  7.500027418e-01 
  7.232010961e-01 
  7.428103089e-01 
  7.505865097e-01 
  7.571514845e-01 
  7.668368220e-01 
  7.649549246e-01 
  7.588206530e-01 
  7.693891525e-01 
  7.466782331e-01 
  7.550915480e-01 
  7.589182258e-01 
  6.952785254e-01 
  7.360875607e-01 
  7.677460313e-01 
  7.749627829e-01 
  7.690702081e-01 
  7.570360899e-01 
  7.430227399e-01 
  7.461788058e-01 
  7.597889900e-01 
  7.505881190e-01 
  7.549222112e-01 
  7.310413718e-01 
  7.626052499e-01 
  7.737580538e-01 
  7.864854336e-01 
  7.859767675e-01 
  7.754777670e-01 
  7.744728327e-01 
  7.570092678e-01 
  7.341634631e-01 
  7.297267318e-01 
  7.417665720e-01 
  7.304407358e-01 
  7.445058823e-01 
  7.226952314e-01 
  7.413131595e-01 
  7.460579872e-01 
  7.387025952e-01 
  7.398619056e-01 
  7.384472489e-01 
  7.388983369e-01 
  7.348833680e-01 
  7.424398661e-01 
  7.307805419e-01 
  7.188575268e-01 
  7.225426435e-01 
  7.273628712e-01 
  7.182379365e-01 
  7.152770162e-01 
  7.177928686e-01 
  7.108361721e-01 
  7.077862620e-01 
  7.049012780e-01 
  6.985564828e-01 
  6.936566830e-01 
  6.855991483e-01 
  6.850906014e-01 
  6.788631678e-01 
  6.688132286e-01 
  6.619457603e-01 
  6.163786054e-01 
  6.463162303e-01 
  6.549936533e-01 
  6.532071829e-01 
  6.441543698e-01 
  6.450664997e-01 
  6.416334510e-01 
  6.403045058e-01 
  6.337458491e-01 
  6.356224418e-01 
  6.214550734e-01 
  6.232993007e-01 
  6.148996353e-01 
  6.199973822e-01 
  6.025928259e-01 
  5.992230773e-01 
  6.033677459e-01 
  5.911526084e-01 
  5.993705988e-01 
  5.935156941e-01 
  5.921364427e-01 
  5.911119580e-01 
  5.849713087e-01 
  5.842582583e-01 
  5.736543536e-01 
  5.776531696e-01 
  5.738129020e-01 
  5.697546601e-01 
  5.571269989e-01 
  5.609061122e-01 
  5.527929068e-01 
  5.577278733e-01 
  5.438212156e-01 
  5.470603704e-01 
  5.471386313e-01 
  5.385349989e-01 
  5.392553210e-01 
  5.387285352e-01 
  5.273574591e-01 
  5.304910541e-01 
  5.261471868e-01 
  5.088260174e-01 
  5.161203742e-01 
  5.191560984e-01 
  5.137035847e-01 
  5.086036325e-01 
  5.066426992e-01 
  5.022740960e-01 
  5.005239248e-01 
  4.934153855e-01 
  4.950627387e-01 
  4.917778671e-01 
  4.889052212e-01 
  4.816981852e-01 
  4.647352993e-01 
  4.796867967e-01 
  4.610646069e-01 
  4.718872905e-01 
  4.619675875e-01 
  4.659893215e-01 
  4.634106159e-01 
  4.474720955e-01 
  4.562283158e-01 
  4.523843825e-01 
  4.166879654e-01 
  4.399314523e-01 
  4.388895333e-01 
  4.383996725e-01 
  4.223934114e-01 
  4.356841743e-01 
  4.210666418e-01 
  4.284520149e-01 
  4.256142080e-01 
  4.248992205e-01 
  4.068907201e-01 
  4.163362682e-01 
  3.995486498e-01 
  4.036318362e-01 
  3.907842338e-01 
  4.036029279e-01 
  3.954385221e-01 
  3.994674683e-01 
  3.751122355e-01 
  3.965185881e-01 
  3.780771792e-01 
  3.845417798e-01 
  3.859793842e-01 
  3.747643530e-01 
  3.669025600e-01 
  3.319810927e-01 
  3.581443429e-01 
  3.554897010e-01 
  3.490896821e-01 
  3.384256661e-01 
  3.333147466e-01 
  3.380589187e-01 
  3.367794156e-01 
  3.213074207e-01 
  3.332358897e-01 
  3.287850022e-01 
  3.250524998e-01 
  3.191165030e-01 
  3.180431128e-01 
  3.161958158e-01 
  3.181654215e-01 
  3.182922006e-01 
  3.120131791e-01 
  3.025548756e-01 
  2.926769257e-01 
  2.925711274e-01 
  2.789745629e-01 
  2.685921490e-01 
  2.570166588e-01 
  2.417825311e-01 
  2.281068265e-01 
  2.203167081e-01 
  2.192417681e-01 
  2.096679062e-01 
  2.141826749e-01 
  2.166942060e-01 
  2.099717706e-01 
  2.046366334e-01 
  2.114403844e-01 
  2.080389857e-01 
  2.159028649e-01 
  2.326142043e-01 
  2.393392622e-01 
  2.321150303e-01 
  2.133022249e-01 
  1.884738207e-01 
  1.919436604e-01 
  2.139221430e-01 
  2.283149660e-01 
  2.311687022e-01 
  2.391494513e-01 
  2.367059737e-01 
  2.246861756e-01 
  2.283742726e-01 
  2.186491638e-01 
  2.110116482e-01 
  2.038198411e-01 
  2.070327401e-01 
  2.133694142e-01 
  2.160152346e-01 
  2.180985659e-01 
  2.164924741e-01 
  2.183146775e-01 
  2.187325209e-01 
  2.199102342e-01 
  2.195811570e-01 
  2.245430052e-01 
  2.255799323e-01 
  2.366889417e-01 
  2.399019748e-01 
  2.390244901e-01 
  2.365161926e-01 
  2.339758426e-01 
  2.442243546e-01 
  2.476673275e-01 
  2.425651848e-01 
  2.466748357e-01 
  2.401328236e-01 
  2.436365634e-01 
  2.447542101e-01 
  2.359266579e-01 
  2.418874651e-01 
  2.433882952e-01 
  2.410693318e-01 
  2.378994673e-01 
  2.372387648e-01 
  2.354913652e-01 
  2.307221293e-01 
  2.361999750e-01 
  2.297873646e-01 
  2.279950231e-01 
  2.298060507e-01 
  2.264397740e-01 
  2.245862633e-01 
  2.109324634e-01 
  2.205071598e-01 
  2.246421725e-01 
  2.219535410e-01 
  2.193229795e-01 
  2.170211822e-01 
  2.047679722e-01 
  2.172125280e-01 
  2.208348215e-01 
  2.203131765e-01 
  2.193466276e-01 
  2.179788053e-01 
  2.134534866e-01 
  2.127817571e-01 
  2.113765180e-01 
  2.034411281e-01 
  1.945056170e-01 
  2.065380216e-01 
  2.074185014e-01 
  2.070596665e-01 
  1.958069056e-01 
  1.985613108e-01 
  2.045883536e-01 
  2.037049532e-01 
  2.048331052e-01 
  2.009190619e-01 
  1.872893721e-01 
  1.989805102e-01 
  1.916079074e-01 
  1.971913278e-01 
  1.981679499e-01 
  1.965224445e-01 
  1.968452036e-01 
  1.967586279e-01 
  1.966662407e-01 
  1.956517398e-01 
  1.933061182e-01 
  1.940234154e-01 
  1.931743920e-01 
  1.915720403e-01 
  1.901239455e-01 
  1.916242093e-01 
  1.900855899e-01 
  1.903201342e-01 
  1.835667193e-01 
  1.890421659e-01 
  1.884766072e-01 
  1.875043660e-01 
  1.870445907e-01 
  1.843764931e-01 
  1.852637827e-01 
  1.844344735e-01 
  1.826899946e-01 
  1.832550615e-01 
  1.827666909e-01 
  1.820868403e-01 
  1.794249862e-01 
  1.780134439e-01 
  1.789551526e-01 
  1.772701591e-01 
  1.746766418e-01 
  1.724124849e-01 
  1.747194827e-01 
  1.727172732e-01 
  1.711354852e-01 
  1.718255579e-01 
  1.705612689e-01 
  1.692215800e-01 
  1.673586518e-01 
  1.661312282e-01 
  1.640351266e-01 
  1.635672003e-01 
  1.624799967e-01 
  1.613389850e-01 
  1.585845202e-01 
  1.578820646e-01 
  1.549469829e-01 
  1.538875401e-01 
  1.522618532e-01 
  1.468635052e-01 
  1.475169212e-01 
  1.443215907e-01 
  1.439709812e-01 
  1.438052356e-01 
  1.399497390e-01 
  1.373159140e-01 
  1.378165632e-01 
  1.410304755e-01 
  1.424346417e-01 
  1.424007863e-01 
  1.425323039e-01 
  1.420882493e-01 
  1.429575831e-01 
  1.430768669e-01 
  1.427991092e-01 
  1.422743350e-01 
  1.411284059e-01 
  1.403141171e-01 
  1.363359541e-01 
  1.210432947e-01 
  1.327266395e-01 
  1.378704607e-01 
  1.386275142e-01 
  1.380333304e-01 
  1.381709874e-01 
  1.357671022e-01 
  1.358469874e-01 
  1.323066950e-01 
  1.339104325e-01 
  1.345903128e-01 
  1.343630701e-01 
  1.313697100e-01 
  1.316308379e-01 
  1.305697113e-01 
  1.287665069e-01 
  1.271946281e-01 
  1.280570477e-01 
  1.270723194e-01 
  1.263509095e-01 
  1.239461675e-01 
  1.217094138e-01 
  1.209979057e-01 
  1.211751923e-01 
  1.207438260e-01 
  1.197419539e-01 
  1.186295524e-01 
  1.172523871e-01 
  1.163030416e-01 
  1.156126931e-01 
  1.138399467e-01 
  1.078172922e-01 
  1.102166846e-01 
  1.066378355e-01 
  1.095150635e-01 
  1.103068292e-01 
  1.072932705e-01 
  1.067943424e-01 
  1.038293913e-01 
  1.023503840e-01 
  1.030377448e-01 
  1.042599976e-01 
  1.046677455e-01 
  1.036652029e-01 
  1.016606539e-01 
  9.792698920e-02 
  9.495592117e-02 
  8.609814197e-02 
  8.530844003e-02 
  8.420903981e-02 
  8.248160034e-02 
  8.549890667e-02 
  8.688783646e-02 
  8.780940622e-02 
  8.703351766e-02 
  8.734658360e-02 
  8.779174089e-02 
  8.707749099e-02 
  8.684939891e-02 
  8.779016882e-02 
  8.740692586e-02 
  8.513406664e-02 
  8.199153841e-02 
  7.482732087e-02 
  6.943539530e-02 
  6.667011231e-02 
  6.236366555e-02 
  6.038003042e-02 
  5.599364266e-02 
  5.394532159e-02 
  5.156184360e-02 
  4.826744273e-02 
  4.644179717e-02 
  4.439939931e-02 
  4.266594723e-02 
  4.052868113e-02 
  3.968823701e-02 
  3.734697774e-02 
  3.534165397e-02 
  3.519989178e-02 
  3.471814841e-02 
  3.507926688e-02 
  3.585210443e-02 
  3.580708429e-02 
  3.615836427e-02 
  3.514693677e-02 
  3.485793620e-02 
  3.418439254e-02 
  3.548762947e-02 
  3.753701970e-02 
  4.055428505e-02 
  4.231429100e-02 
  4.349629581e-02 
  4.314695299e-02 
  4.208835214e-02 
  4.177149385e-02 
  3.993257135e-02 
  3.835343570e-02 
  3.560882434e-02 
  3.379932791e-02 
  3.223832324e-02 
  3.238008916e-02 
  3.363649547e-02 
  3.439906240e-02 
  3.618804365e-02 
  3.833313659e-02 
  4.004187137e-02 
  4.079844803e-02 
  4.014335945e-02 
  4.004471377e-02 
  3.823956847e-02 
  3.665062040e-02 
  3.505631164e-02 
  3.542900831e-02 
  3.702277690e-02 
  3.822339326e-02 
  3.825816885e-02 
  3.763316572e-02 
  3.629622608e-02 
  3.653400391e-02 
  3.810904920e-02 
  3.852680698e-02 
  3.787015378e-02 
  3.796376660e-02 
  3.745583072e-02 
  3.750076890e-02 
  3.839015588e-02 
  3.949362412e-02 
  4.085642099e-02 
  4.230603203e-02 
  4.057828337e-02 
  4.190314189e-02 
  4.209316149e-02 
  4.287146404e-02 
  4.340907559e-02 
  4.380522296e-02 
  4.379081726e-02 
  4.318707436e-02 
  4.325101897e-02 
  4.506618902e-02 
  4.451648891e-02 
  4.436134174e-02 
  4.422159865e-02 
  4.456380010e-02 
  4.269834980e-02 
  4.378383234e-02 
  4.502572492e-02 
  4.430655763e-02 
  4.305721819e-02 
  4.178299382e-02 
  4.183904827e-02 
  4.171464965e-02 
  4.049075767e-02 
  4.160323739e-02 
  4.179928452e-02 
  4.199155420e-02 
  4.258280993e-02 
  4.309636354e-02 
  4.065427557e-02 
  4.279521853e-02 
  4.147561640e-02 
  4.206916317e-02 
  4.243484139e-02 
  4.228825867e-02 
  4.316342622e-02 
  4.335445166e-02 
  4.365829006e-02 
  4.324514791e-02 
  4.231216758e-02 
  4.219091684e-02 
  4.241239280e-02 
  4.458809271e-02 
  4.615914449e-02 
  4.646766931e-02 
  4.728265852e-02 
  4.774923623e-02 
  4.842403531e-02 
  4.774945229e-02 
  4.619267583e-02 
  4.562113434e-02 
  4.414473101e-02 
  4.372354224e-02 
  4.333975166e-02 
  4.311785102e-02 
  4.121896625e-02 
  4.159134999e-02 
  3.988203406e-02 
  3.930922970e-02 
  3.865502030e-02 
  3.893936425e-02 
  4.039936885e-02 
  4.246439040e-02 
  4.257616773e-02 
  4.332384467e-02 
  4.327378422e-02 
  4.281811044e-02 
  4.163287580e-02 
  4.143214971e-02 
  4.184725508e-02 
  4.171417281e-02 
  4.277886078e-02 
  4.197290540e-02 
  4.222436249e-02 
  4.281910509e-02 
  4.253282025e-02 
  4.370742664e-02 
  3.817311674e-02 
  4.528822377e-02 
  4.664647579e-02 
  4.769035056e-02 
  4.659188166e-02 
  4.792621359e-02 
  4.767402634e-02 
  4.765551910e-02 
  4.687907174e-02 
  4.788993299e-02 
  4.889621586e-02 
  4.858410731e-02 
  4.973632470e-02 
  4.939684644e-02 
  4.863332212e-02 
  4.341026396e-02 
  4.524518922e-02 
  4.544037208e-02 
  4.594310746e-02 
  4.835226759e-02 
  4.769865423e-02 
  4.801870137e-02 
  4.872017354e-02 
  4.898400605e-02 
  4.805484787e-02 
  4.789336771e-02 
  4.711382464e-02 
  4.804128408e-02 
  4.751313850e-02 
  4.722758755e-02 
  4.821253568e-02 
  4.766072705e-02 
  4.820051789e-02 
  4.735747352e-02 
  4.695857316e-02 
  4.802861437e-02 
  4.748728499e-02 
  4.622653499e-02 
  4.741634801e-02 
  4.685373604e-02 
  4.712120444e-02 
  4.684749618e-02 
  4.377955571e-02 
  4.669919610e-02 
  4.632361233e-02 
  4.599622265e-02 
  4.519530758e-02 
  4.526982084e-02 
  4.575605318e-02 
  4.582443088e-02 
  4.449179024e-02 
  4.533354938e-02 
  4.358373210e-02 
  4.439260066e-02 
  4.454035312e-02 
  4.431503639e-02 
  4.478558153e-02 
  4.485625774e-02 
  4.478817806e-02 
  4.425498843e-02 
  4.284389690e-02 
  4.382779449e-02 
  4.347208515e-02 
  4.313300177e-02 
  4.375903308e-02 
  4.343177751e-02 
  4.172188044e-02 
  4.230566695e-02 
  4.138575122e-02 
  4.262832925e-02 
  4.218727723e-02 
  4.208136722e-02 
  4.124779999e-02 
  4.210284725e-02 
  4.197951779e-02 
  4.122121260e-02 
  4.025838524e-02 
  4.070380703e-02 
  3.983003646e-02 
  3.960148245e-02 
  3.851152211e-02 
  3.838069737e-02 
  3.718220443e-02 
  3.808104619e-02 
  3.794317320e-02 
  3.727699444e-02 
  3.734302148e-02 
  3.461702913e-02 
  3.709539026e-02 
  3.342716023e-02 
  3.650939465e-02 
  3.665763885e-02 
  3.737222776e-02 
  3.703035787e-02 
  3.626749292e-02 
  3.669657186e-02 
  3.634659573e-02 
  3.738248348e-02 
  3.681962565e-02 
  3.636965901e-02 
  3.575384989e-02 
  3.264138103e-02 
  3.507749736e-02 
  3.420717642e-02 
  3.591867536e-02 
  3.658394143e-02 
  3.616821393e-02 
  3.621107712e-02 
  3.383505717e-02 
  3.495633975e-02 
  3.528627381e-02 
  3.375974670e-02 
  3.404002637e-02 
  3.252527863e-02 
  3.321901336e-02 
  3.293921798e-02 
  3.335901350e-02 
  3.278348967e-02 
  3.260516748e-02 
  3.263297305e-02 
  3.290320933e-02 
  3.269495815e-02 
  3.060849197e-02 
  3.152330592e-02 
  3.186387569e-02 
  3.260803968e-02 
  3.220763430e-02 
  3.274761140e-02 
  3.069030121e-02 
  3.158976138e-02 
  3.249309212e-02 
  3.238603473e-02 
  3.155991435e-02 
  3.107015602e-02 
  3.177329525e-02 
  3.236736730e-02 
  3.252857924e-02 
  3.167688474e-02 
  3.195223212e-02 
  3.183589876e-02 
  3.199752048e-02 
  3.189789876e-02 
  3.092801012e-02 
  3.133430332e-02 
  3.123112768e-02 
  3.073853627e-02 
  2.990413830e-02 
  3.063045442e-02 
  3.042814136e-02 
  2.894422784e-02 
  2.866263315e-02 
  2.823836729e-02 
  2.829761617e-02 
  2.802409977e-02 
  2.792038769e-02 
  2.856054716e-02 
  2.804618515e-02 
  2.802681178e-02 
  2.829431184e-02 
  2.848810330e-02 
  2.829189785e-02 
  2.757637016e-02 
  2.820654772e-02 
  2.751542442e-02 
  2.800534852e-02 
  2.765941620e-02 
  2.790173143e-02 
  2.731620148e-02 
  2.780425176e-02 
  2.753536403e-02 
  2.764692530e-02 
  2.708222345e-02 
  2.732753381e-02 
  2.736687846e-02 
  2.708736993e-02 
  2.683050931e-02 
  2.662732080e-02 
  2.629325725e-02 
  2.612031624e-02 
  2.633619495e-02 
  2.582776733e-02 
  2.584603615e-02 
  2.635657601e-02 
  2.612633631e-02 
  2.483019792e-02 
  2.547537163e-02 
  2.552039176e-02 
  2.522253431e-02 
  2.475726604e-02 
  2.482208423e-02 
  2.490569092e-02 
  2.450640500e-02 
  2.360826544e-02 
  2.273636498e-02 
  2.333674766e-02 
  2.385490574e-02 
  2.423847094e-02 
  2.425059676e-02 
  2.390233055e-02 
  2.394281514e-02 
  2.390108816e-02 
  2.355749160e-02 
  2.348398045e-02 
  2.373142540e-02 
  2.371856943e-02 
  2.357839793e-02 
  2.348950319e-02 
  2.344268560e-02 
  2.324994467e-02 
  2.305217087e-02 
  2.313663997e-02 
  2.293355577e-02 
  2.259138599e-02 
  2.257604711e-02 
  2.244845219e-02 
  2.194162458e-02 
  2.228705026e-02 
  2.233539335e-02 
  2.200777270e-02 
  2.190364338e-02 
  2.124595270e-02 
  2.158351056e-02 
  2.176741883e-02 
  2.006692253e-02 
  2.141647600e-02 
  2.147502080e-02 
  2.142622881e-02 
  2.139033936e-02 
  2.122805640e-02 
  2.097893506e-02 
  2.081887238e-02 
  2.094917372e-02 
  2.043163218e-02 
  2.008539252e-02 
  2.038441971e-02 
  1.932337135e-02 
  1.956919953e-02 
  1.980078220e-02 
  1.995673217e-02 
  1.981445402e-02 
  1.933634095e-02 
  1.968374848e-02 
  1.967684366e-02 
  1.935834810e-02 
  1.910012215e-02 
  1.784266904e-02 
  1.814924926e-02 
  1.822647266e-02 
  1.730297133e-02 
  1.703454368e-02 
  1.782928221e-02 
  1.806562394e-02 
  1.809168421e-02 
  1.763381064e-02 
  1.814693026e-02 
  1.781147905e-02 
  1.802187786e-02 
  1.745647937e-02 
  1.754867472e-02 
  1.707222499e-02 
  1.766475476e-02 
  1.748258807e-02 
  1.740478911e-02 
  1.708443463e-02 
  1.717328280e-02 
  1.718505472e-02 
  1.715148427e-02 
  1.685552672e-02 
  1.699713618e-02 
  1.697053015e-02 
  1.679821126e-02 
  1.682879776e-02 
  1.667752303e-02 
  1.634878665e-02 
  1.590687595e-02 
  1.605186984e-02 
  1.570999250e-02 
  1.594777405e-02 
  1.583071798e-02 
  1.579028182e-02 
  1.552890800e-02 
  1.560927834e-02 
  1.532901358e-02 
  1.532110758e-02 
  1.529359538e-02 
  1.526612602e-02 
  1.492834929e-02 
  1.453305129e-02 
  1.446765754e-02 
  1.406464167e-02 
  1.383430231e-02 
  1.394195389e-02 
  1.384157874e-02 
  1.380684320e-02 
  1.359426416e-02 
  1.337555144e-02 
  1.335668378e-02 
  1.326385606e-02 
  1.334388740e-02 
  1.342120022e-02 
  1.334584411e-02 
  1.299555786e-02 
  1.286724489e-02 
  1.256668754e-02 
  1.236477681e-02 
  1.199502032e-02 
  1.158824749e-02 
  1.165786292e-02 
  1.128248964e-02 
  1.084979810e-02 
  1.086387224e-02 
  1.037514955e-02 
  1.029778551e-02 
  9.677228518e-03 
  9.359935299e-03 
  9.296152741e-03 
  9.395106696e-03 
  9.339786135e-03 
  9.081024677e-03 
  8.927609771e-03 
  8.810692467e-03 
  8.554856293e-03 
  8.187505417e-03 
  8.156757802e-03 
  7.844092324e-03 
  7.842570543e-03 
  7.602678146e-03 
  7.162136957e-03 
  7.047339808e-03 
  6.675916724e-03 
  6.213045213e-03 
  6.478796713e-03 
  6.557560991e-03 
  6.589327473e-03 
  6.486114115e-03 
  6.370664109e-03 
  6.519821938e-03 
  6.149791181e-03 
  6.166598294e-03 
  5.948747508e-03 
  5.880238488e-03 
  5.425772164e-03 
  5.349325482e-03 
  5.322233774e-03 
  5.181734916e-03 
  4.980050959e-03 
  4.952286370e-03 
  4.649650771e-03 
  4.646014888e-03 
  4.554171115e-03 
  4.393910058e-03 
  4.571944010e-03 
  4.595739767e-03 
  4.682382103e-03 
  4.727696069e-03 
  4.562723450e-03 
  4.806174897e-03 
  4.774717614e-03 
  4.720844794e-03 
  4.368644208e-03 
  4.486784805e-03 
  4.545738921e-03 
  4.570582882e-03 
  4.534319974e-03 
  4.495321307e-03 
  4.382803570e-03 
  4.447540268e-03 
  4.444638267e-03 
  4.283383489e-03 
  4.444995895e-03 
  4.506283440e-03 
  4.593990743e-03 
  4.527111538e-03 
  4.743623082e-03 
  4.694444127e-03 
  4.708257504e-03 
  4.646971356e-03 
  4.652932286e-03 
  4.353205673e-03 
  4.269717727e-03 
  3.944480326e-03 
  4.027814139e-03 
  3.722480964e-03 
  3.555929987e-03 
  3.517291741e-03 
  3.525537672e-03 
  3.510577371e-03 
  3.430961398e-03 
  3.181556473e-03 
  3.999459557e-03 
  4.316384438e-03 
  4.397064447e-03 
  4.423564300e-03 
  4.545831122e-03 
  4.623447079e-03 
  4.651948344e-03 
  4.662211053e-03 
  4.624812398e-03 
  4.461004399e-03 
  4.668038804e-03 
  4.592945334e-03 
  4.503932782e-03 
  4.324282520e-03 
  4.459584132e-03 
  4.312460311e-03 
  4.125629086e-03 
  4.281057511e-03 
  4.166974686e-03 
  3.987984266e-03 
  3.959913272e-03 
  3.875394352e-03 
  3.804658074e-03 
  3.750512842e-03 
  3.773066215e-03 
  3.707642900e-03 
  3.726436058e-03 
  3.683722112e-03 
  3.822653322e-03 
  3.828779096e-03 
  3.930376843e-03 
  3.847621847e-03 
  3.912480548e-03 
  3.908302635e-03 
  3.892840119e-03 
  3.769661067e-03 
  3.952170257e-03 
  4.039463587e-03 
  4.003499169e-03 
  4.149991088e-03 
  4.162098747e-03 
  4.254536238e-03 
  4.226809368e-03 
  4.192053340e-03 
  4.350538831e-03 
  4.425457213e-03 
  4.366652109e-03 
  4.442560952e-03 
  4.412048496e-03 
  4.426260479e-03 
  4.431145266e-03 
  4.376742058e-03 
  4.288761877e-03 
  4.449019209e-03 
  4.449245054e-03 
  4.576179199e-03 
  4.491722211e-03 
  4.661751911e-03 
  4.688329063e-03 
  4.741639830e-03 
  4.736486357e-03 
  4.818718880e-03 
  4.594096914e-03 
  4.748154897e-03 
  4.783827346e-03 
  4.820561502e-03 
  4.668981768e-03 
  4.457637202e-03 
  4.179265350e-03 
  4.452763591e-03 
  4.720401950e-03 
  4.768936895e-03 
  4.813940264e-03 
  4.644314758e-03 
  4.500045441e-03 
  4.498179536e-03 
  4.606301896e-03 
  4.526375793e-03 
  4.511151463e-03 
  4.420615733e-03 
  4.518066533e-03 
  4.529722966e-03 
  4.684390500e-03 
  4.639424384e-03 
  4.851442762e-03 
  4.745095503e-03 
  4.879903514e-03 
  4.875430837e-03 
  5.246960558e-03 
  5.108193960e-03 
  5.439884495e-03 
  5.445140414e-03 
  5.640022922e-03 
  5.678053480e-03 
  5.863768980e-03 
  5.804416258e-03 
  5.704133306e-03 
  5.848572124e-03 
  6.108177360e-03 
  6.098698825e-03 
  6.184260361e-03 
  5.857349839e-03 
  6.271366496e-03 
  6.061494816e-03 
  6.224418990e-03 
  6.266851444e-03 
  6.306592841e-03 
  6.224773359e-03 
  6.237468682e-03 
  6.100395229e-03 
  6.117037497e-03 
  6.270710845e-03 
  6.229713559e-03 
  6.199355703e-03 
  6.135190837e-03 
  6.037035491e-03 
  5.783030298e-03 
  5.817993544e-03 
  5.632543471e-03 
  5.619641859e-03 
  5.030357745e-03 
  4.925211892e-03 
  4.362788983e-03 
  4.355818499e-03 
  3.769154660e-03 
  3.767724149e-03 
  3.414059523e-03 
  3.404605901e-03 
  3.435931634e-03 
  3.340095282e-03 
  3.530365182e-03 
  3.520806786e-03 
  3.598476294e-03 
  3.597964998e-03 
  3.621409880e-03 
  3.609952517e-03 
  3.658670932e-03 
  3.615638707e-03 
  3.740757005e-03 
  3.727290779e-03 
  3.928764723e-03 
  3.930287436e-03 
  4.246915691e-03 
  4.206696525e-03 
  4.368697293e-03 
  4.513770342e-03 
  4.836663604e-03 
  4.831530154e-03 
  5.010015331e-03 
  5.045538768e-03 
  5.175858736e-03 
  5.183605943e-03 
  5.191896576e-03 
  5.121144932e-03 
  5.217534024e-03 
  5.294251721e-03 
  5.353592802e-03 
  5.338924937e-03 
  5.173597485e-03 
  5.284583196e-03 
  5.319522694e-03 
  5.024339538e-03 
  5.189571530e-03 
  5.221535452e-03 
  5.174251273e-03 
  5.116119515e-03 
  5.070667248e-03 
  5.059902091e-03 
  4.920809995e-03 
  4.907897674e-03 
  4.871813580e-03 
  4.665303044e-03 
  4.681713879e-03 
  4.444456194e-03 
  4.411270376e-03 
  4.253195133e-03 
  4.185183439e-03 
  4.181698896e-03 
  4.205302335e-03 
  4.236987792e-03 
  4.212487489e-03 
  4.268272314e-03 
  4.261506721e-03 
  4.260798916e-03 
  4.139978439e-03 
  4.254138563e-03 
  4.230155610e-03 
  3.970020451e-03 
  4.194660578e-03 
  4.191709217e-03 
  4.199839663e-03 
  4.156241193e-03 
  4.224272911e-03 
  4.074740689e-03 
  4.300685599e-03 
  4.243248142e-03 
  4.410016816e-03 
  4.394954070e-03 
  4.479318857e-03 
  4.465640057e-03 
  4.519933835e-03 
  4.510230385e-03 
  4.426684231e-03 
  4.508258309e-03 
  4.455801100e-03 
  4.508761689e-03 
  4.421556368e-03 
  4.445478786e-03 
  4.473968409e-03 
  4.500756040e-03 
  4.489998799e-03 
  4.509879276e-03 
  4.507638980e-03 
  4.509597085e-03 
  4.467355553e-03 
  4.288697150e-03 
  4.436196294e-03 
  4.469437525e-03 
  4.320357461e-03 
  4.441944882e-03 
  4.420911428e-03 
  4.406480584e-03 
  4.413124174e-03 
  4.416453652e-03 
  4.403369036e-03 
  4.425031599e-03 
  4.349276889e-03 
  4.407859873e-03 
  4.395818338e-03 
  4.403487314e-03 
  4.381993320e-03 
  4.369154107e-03 
  4.338553175e-03 
  4.228885286e-03 
  4.319206811e-03 
  4.298897926e-03 
  4.269005731e-03 
  4.274228122e-03 
  4.262456670e-03 
  4.225349519e-03 
  4.116134718e-03 
  4.203427583e-03 
  4.223177209e-03 
  4.114328418e-03 
  4.194318783e-03 
  4.150369205e-03 
  4.145331681e-03 
  4.073067103e-03 
  4.153253511e-03 
  4.165594000e-03 
  4.085416440e-03 
  4.161882680e-03 
  4.144731909e-03 
  4.120953381e-03 
  4.138042219e-03 
  4.122907296e-03 
  4.111849237e-03 
  4.091786221e-03 
  4.088748246e-03 
  3.932134248e-03 
  4.058503080e-03 
  4.050081130e-03 
  4.022281151e-03 
  4.009799100e-03 
  4.006054252e-03 
  3.975299653e-03 
  3.948059864e-03 
  3.920631018e-03 
  3.874364775e-03 
  3.806496272e-03 
  3.838015022e-03 
  3.832573304e-03 
  3.779382678e-03 
  3.767797025e-03 
  3.731298726e-03 
  3.715260187e-03 
  3.673983738e-03 
  3.675867338e-03 
  3.667589510e-03 
  3.663924290e-03 
  3.647826845e-03 
  3.635913832e-03 
  3.612397006e-03 
  3.594018752e-03 
  3.583809594e-03 
  3.529252717e-03 
  3.525423119e-03 
  3.469636897e-03 
  3.347886261e-03 
  3.001756966e-03 
  3.277935553e-03 
  3.375456436e-03 
  3.458798165e-03 
  3.448877018e-03 
  3.472539829e-03 
  3.452993231e-03 
  3.459067550e-03 
  3.439734923e-03 
  3.437606851e-03 
  3.410255769e-03 
  3.372533713e-03 
  3.390895901e-03 
  3.255080665e-03 
  3.380275564e-03 
  3.368753241e-03 
  3.332152264e-03 
  3.244089428e-03 
  3.316849237e-03 
  3.319178009e-03 
  3.316801274e-03 
  3.306362778e-03 
  3.217040561e-03 
  3.193289507e-03 
  3.226125613e-03 
  3.258066950e-03 
  3.243254963e-03 
  3.202428808e-03 
  3.188258735e-03 
  3.172995988e-03 
  3.131972626e-03 
  3.114003222e-03 
  3.088966943e-03 
  3.078944748e-03 
  3.061938100e-03 
  3.058579285e-03 
  3.048118670e-03 
  3.075388260e-03 
  3.070379142e-03 
  3.056055401e-03 
  2.973730443e-03 
  2.930543618e-03 
  3.073281609e-03 
  3.004318569e-03 
  3.095263848e-03 
  3.086931771e-03 
  3.071452724e-03 
  3.065814497e-03 
  3.048008075e-03 
  3.042192198e-03 
  3.011198947e-03 
  2.962228842e-03 
  2.992972964e-03 
  2.997130621e-03 
  2.981927013e-03 
  2.971419133e-03 
  2.954272786e-03 
  2.946972381e-03 
  2.934401156e-03 
  2.914443379e-03 
  2.858964028e-03 
  2.861963352e-03 
  2.854926046e-03 
  2.875408856e-03 
  2.839476336e-03 
  2.838704735e-03 
  2.833472798e-03 
  2.820386784e-03 
  2.810080070e-03 
  2.790182596e-03 
  2.773956861e-03 
  2.770278370e-03 
  2.733932575e-03 
  2.671763999e-03 
  2.700036857e-03 
  2.721809316e-03 
  2.711087000e-03 
  2.661351580e-03 
  2.676787321e-03 
  2.673068549e-03 
  2.662589541e-03 
  2.655450255e-03 
  2.579215914e-03 
  2.628236311e-03 
  2.602399560e-03 
  2.594720339e-03 
  2.594327088e-03 
  2.554913051e-03 
  2.486656187e-03 
  2.537066350e-03 
  2.513446845e-03 
  2.508935053e-03 
  2.503948985e-03 
  2.502329880e-03 
  2.479824470e-03 
  2.463310491e-03 
  2.463673241e-03 
  2.372075804e-03 
  2.454997506e-03 
  2.436163835e-03 
  2.401813399e-03 
  2.418805147e-03 
  2.415965311e-03 
  2.406160580e-03 
  2.394799842e-03 
  2.369602444e-03 
  2.387304325e-03 
  2.380478429e-03 
  2.369209658e-03 
  2.329953015e-03 
  2.354396507e-03 
  2.350684721e-03 
  2.345083281e-03 
  2.333711367e-03 
  2.322578104e-03 
  2.204993041e-03 
  2.272696467e-03 
  2.275462495e-03 
  2.267419593e-03 
  2.255280036e-03 
  2.249153797e-03 
  2.249738434e-03 
  2.238033572e-03 
  2.214398235e-03 
  2.210453618e-03 
  2.177502029e-03 
  2.184437355e-03 
  2.176323673e-03 
  2.057701349e-03 
  2.108528046e-03 
  2.096537501e-03 
  2.056117868e-03 
  2.098083729e-03 
  2.100336365e-03 
  2.091090893e-03 
  2.085869899e-03 
  2.105297986e-03 
  2.095403848e-03 
  2.084905747e-03 
  2.103441395e-03 
  2.102001337e-03 
  2.101200633e-03 
  2.097221790e-03 
  2.080248902e-03 
  2.066841349e-03 
  2.069729147e-03 
  2.056479221e-03 
  2.034617821e-03 
  2.019254491e-03 
  1.949531841e-03 
  1.974652987e-03 
  1.952072722e-03 
  1.981033711e-03 
  1.969684148e-03 
  1.942200935e-03 
  1.948836958e-03 
  1.943959389e-03 
  1.848106855e-03 
  1.896152273e-03 
  1.908342470e-03 
  1.884144847e-03 
  1.916621579e-03 
  1.926143654e-03 
  1.907742000e-03 
  1.901186071e-03 
  1.889387262e-03 
  1.874349429e-03 
  1.869835076e-03 
  1.836734824e-03 
  1.807539724e-03 
  1.817242824e-03 
  1.795564312e-03 
  1.783228246e-03 
  1.734110177e-03 
  1.759791630e-03 
  1.758901984e-03 
  1.741720014e-03 
  1.730535529e-03 
  1.722547924e-03 
  1.708451193e-03 
  1.709608478e-03 
  1.696805470e-03 
  1.691919635e-03 
  1.697120955e-03 
  1.683491631e-03 
  1.688594930e-03 
  1.659528702e-03 
  1.604848774e-03 
  1.643779571e-03 
  1.659699366e-03 
  1.671899925e-03 
  1.655552885e-03 
  1.653292915e-03 
  1.679326640e-03 
  1.677924651e-03 
  1.662799623e-03 
  1.645061886e-03 
  1.639965572e-03 
  1.641699928e-03 
  1.606509672e-03 
  1.607096638e-03 
  1.570365275e-03 
  1.559846452e-03 
  1.542306505e-03 
  1.512728282e-03 
  1.527687185e-03 
  1.525593572e-03 
  1.525542466e-03 
  1.448616968e-03 
  1.494474243e-03 
  1.522684237e-03 
  1.515226904e-03 
  1.508212648e-03 
  1.522593433e-03 
  1.515098033e-03 
  1.507841516e-03 
  1.508954330e-03 
  1.434149570e-03 
  1.430909033e-03 
  1.439557760e-03 
  1.447677612e-03 
  1.430285280e-03 
  1.466191257e-03 
  1.458456623e-03 
  1.474380959e-03 
  1.469357172e-03 
  1.463157940e-03 
  1.452771714e-03 
  1.469182898e-03 
  1.453769277e-03 
  1.452755416e-03 
  1.457112725e-03 
  1.444863621e-03 
  1.444806228e-03 
  1.428915886e-03 
  1.423781505e-03 
  1.428638352e-03 
  1.415824052e-03 
  1.395756612e-03 
  1.402624301e-03 
  1.379938447e-03 
  1.367667341e-03 
  1.367779565e-03 
  1.361110481e-03 
  1.341481111e-03 
  1.340507530e-03 
  1.336609246e-03 
  1.317930524e-03 
  1.269942150e-03 
  1.265574712e-03 
  1.221530722e-03 
  1.274534850e-03 
  1.283500809e-03 
  1.316309557e-03 
  1.300068689e-03 
  1.305962447e-03 
  1.319739735e-03 
  1.308289007e-03 
  1.310008462e-03 
  1.302809804e-03 
  1.317074057e-03 
  1.300987555e-03 
  1.298100920e-03 
  1.304703648e-03 
  1.294748974e-03 
  1.279356540e-03 
  1.285157516e-03 
  1.279275166e-03 
  1.238585566e-03 
  1.222987426e-03 
  1.255124225e-03 
  1.244738814e-03 
  1.212858944e-03 
  1.242349041e-03 
  1.221789978e-03 
  1.205608947e-03 
  1.211043564e-03 
  1.177216647e-03 
  1.169424038e-03 
  1.147661009e-03 
  1.112702070e-03 
  1.113418839e-03 
  1.100911992e-03 
  1.099121524e-03 
  1.104998402e-03 
  1.095063868e-03 
  1.092756982e-03 
  1.107962918e-03 
  1.132958569e-03 
  1.119453576e-03 
  1.115669031e-03 
  1.074650791e-03 
  1.128032687e-03 
  1.133963233e-03 
  1.125143375e-03 
  1.107969787e-03 
  1.109044184e-03 
  1.099167275e-03 
  1.085816184e-03 
  1.075526816e-03 
  1.065385528e-03 
  1.042086398e-03 
  1.040290110e-03 
  1.031035092e-03 
  9.512129473e-04 
  9.901832091e-04 
  9.846251924e-04 
  9.683956741e-04 
  9.495859849e-04 
  9.658040944e-04 
  9.197199252e-04 
  9.316625656e-04 
  9.256248595e-04 
  8.547067991e-04 
  8.656784776e-04 
  8.496512892e-04 
  8.235967252e-04 
  7.993711624e-04 
  8.353604353e-04 
  8.036809159e-04 
  7.974642213e-04 
  7.530400180e-04 
  7.855553413e-04 
  7.836582372e-04 
  7.863921346e-04 
  7.820408791e-04 
  7.838861784e-04 
  7.701439317e-04 
  7.857311866e-04 
  7.757855929e-04 
  7.695747772e-04 
  7.844209322e-04 
  7.777274004e-04 
  7.800338790e-04 
  7.699714624e-04 
