  7.865039110e-01 
  1.916622162e+00 
  1.951874971e+00 
  4.657488823e+00 
  5.078323364e+00 
  8.630945206e+00 
  9.104967117e+00 
  1.287908173e+01 
  1.592843914e+01 
  1.662192726e+01 
  1.770891571e+01 
  3.347541809e+01 
  2.779222107e+01 
  3.463611603e+01 
  3.506341934e+01 
  4.095029831e+01 
  3.160556221e+01 
  4.509725952e+01 
  4.325767517e+01 
  4.767012787e+01 
  4.605714417e+01 
  5.562238693e+01 
  4.867338943e+01 
  4.221895981e+01 
  5.222443008e+01 
  5.782658386e+01 
  7.867726135e+01 
  7.850448608e+01 
  6.474750519e+01 
  7.588725281e+01 
  7.863044739e+01 
  6.349166107e+01 
  6.927546692e+01 
  7.776538849e+01 
  6.473550415e+01 
  6.901491547e+01 
  5.147649002e+01 
  4.889608383e+01 
  5.919754028e+01 
  5.914200211e+01 
  6.602013397e+01 
  5.533935547e+01 
  5.758937836e+01 
  5.740129471e+01 
  5.151523209e+01 
  6.571417999e+01 
  7.233289337e+01 
  6.826805115e+01 
  6.377352905e+01 
  6.937252808e+01 
  7.035857391e+01 
  6.626965332e+01 
  6.737349701e+01 
  6.097309113e+01 
  6.982022095e+01 
  7.019261169e+01 
  6.583678436e+01 
  4.174695969e+01 
  4.499816513e+01 
  4.490687943e+01 
  6.608024597e+01 
  5.196873856e+01 
  5.655306244e+01 
  5.967171097e+01 
  5.908158112e+01 
  5.487625122e+01 
  7.471196747e+01 
  6.631118774e+01 
  6.202616119e+01 
  5.917623520e+01 
  6.750315094e+01 
  5.347023392e+01 
  5.582082748e+01 
  5.516395950e+01 
  4.235868073e+01 
  3.846366119e+01 
  5.453630066e+01 
  5.529707718e+01 
  7.085240936e+01 
  5.402771759e+01 
  5.011667633e+01 
  5.571017075e+01 
  4.121271133e+01 
  2.842828178e+01 
  3.095098305e+01 
  4.606352997e+01 
  3.535420227e+01 
  4.011544800e+01 
  3.926870346e+01 
  4.420848846e+01 
  5.294985199e+01 
  5.851177979e+01 
  5.136107254e+01 
  2.719673157e+01 
  2.972562790e+01 
  4.928438187e+01 
  5.010295105e+01 
  2.014064407e+01 
  5.565732956e+01 
  6.591532135e+01 
  6.396356201e+01 
  6.275059128e+01 
  6.564096069e+01 
  6.068392944e+01 
  6.437053680e+01 
  5.827197647e+01 
  5.709008789e+01 
  5.489094162e+01 
  5.870730972e+01 
  6.415515900e+01 
  5.295612717e+01 
  6.139900970e+01 
  6.281641006e+01 
  5.859252167e+01 
  5.678432465e+01 
  5.980419540e+01 
  5.869822311e+01 
  5.620457458e+01 
  5.429999542e+01 
  5.494466019e+01 
  4.593424988e+01 
  5.684516907e+01 
  5.380380630e+01 
  4.488735580e+01 
  4.877485657e+01 
  4.990550995e+01 
  4.739589691e+01 
  4.504322815e+01 
  4.506552505e+01 
  4.051145935e+01 
  3.194425583e+01 
  2.838154793e+01 
  5.048620605e+01 
  4.441339874e+01 
  4.172030640e+01 
  4.486293030e+01 
  4.917016220e+01 
  4.907194519e+01 
  4.345309830e+01 
  4.156716919e+01 
  4.605738449e+01 
  4.538681412e+01 
  4.726098633e+01 
  4.704137421e+01 
  4.621187210e+01 
  4.806698227e+01 
  4.231115341e+01 
  4.772165298e+01 
  4.797898102e+01 
  4.777204895e+01 
  4.827650833e+01 
  5.160141373e+01 
  4.744606018e+01 
  4.356364822e+01 
  4.594199371e+01 
  4.576374054e+01 
  4.636852646e+01 
  4.612843323e+01 
  4.483316422e+01 
  4.435063934e+01 
  4.349838638e+01 
  4.459909058e+01 
  4.341070557e+01 
  4.296588898e+01 
  4.265519714e+01 
  4.159274292e+01 
  4.246267700e+01 
  4.053789902e+01 
  4.246823502e+01 
  4.165821457e+01 
  4.065861893e+01 
  4.016595078e+01 
  4.023778152e+01 
  3.939047241e+01 
  3.930013657e+01 
  4.047135162e+01 
  3.882939911e+01 
  3.808246613e+01 
  3.955128479e+01 
  3.736098862e+01 
  3.769822693e+01 
  3.707946014e+01 
  3.746577835e+01 
  3.712210083e+01 
  3.533288956e+01 
  3.523500824e+01 
  2.828280640e+01 
  3.147276115e+01 
  3.383480072e+01 
  3.114248848e+01 
  3.510604858e+01 
  3.252977753e+01 
  3.095609474e+01 
  3.301663971e+01 
  3.158770752e+01 
  3.344192886e+01 
  3.225735855e+01 
  3.099187851e+01 
  2.997105789e+01 
  2.961454201e+01 
  2.920479393e+01 
  2.828049088e+01 
  2.783067131e+01 
  2.921291351e+01 
  2.692530823e+01 
  2.877053452e+01 
  3.051253700e+01 
  2.812543678e+01 
  2.672223282e+01 
  2.854886246e+01 
  2.740684128e+01 
  2.716219139e+01 
  2.824603844e+01 
  2.561440086e+01 
  2.484746170e+01 
  2.513524628e+01 
  2.616165924e+01 
  1.909600639e+01 
  2.342725754e+01 
  2.199415398e+01 
  2.399626732e+01 
  2.379335022e+01 
  2.451532173e+01 
  2.263310051e+01 
  2.433678246e+01 
  2.392737198e+01 
  2.260036850e+01 
  1.956779861e+01 
  2.329350853e+01 
  2.374394226e+01 
  2.223890686e+01 
  2.399493980e+01 
  2.269092751e+01 
  1.975606918e+01 
  2.129583359e+01 
  2.153832626e+01 
  2.265564346e+01 
  2.083699799e+01 
  2.162402916e+01 
  2.136768913e+01 
  2.073234177e+01 
  1.884927940e+01 
  2.084800148e+01 
  1.977339172e+01 
  2.068052483e+01 
  2.020187187e+01 
  1.958770943e+01 
  2.024986839e+01 
  1.863281822e+01 
  1.944743538e+01 
  1.886585045e+01 
  1.859858704e+01 
  1.924649620e+01 
  1.834632683e+01 
  1.879650307e+01 
  1.870142746e+01 
  1.804364395e+01 
  1.737151337e+01 
  1.789098930e+01 
  1.677952957e+01 
  1.672254562e+01 
  1.823649406e+01 
  1.660998344e+01 
  1.724367523e+01 
  1.686997414e+01 
  1.693849564e+01 
  1.549664879e+01 
  1.649351883e+01 
  1.631511116e+01 
  1.586041069e+01 
  1.582075119e+01 
  1.514659595e+01 
  1.588160896e+01 
  1.592088699e+01 
  1.571538830e+01 
  1.521567822e+01 
  1.482982254e+01 
  1.533837128e+01 
  1.478865528e+01 
  1.457716465e+01 
  1.498122692e+01 
  1.461865520e+01 
  1.474129105e+01 
  1.474458504e+01 
  1.459818554e+01 
  1.440271568e+01 
  1.368939972e+01 
  1.411885166e+01 
  1.388157368e+01 
  1.223487568e+01 
  1.268767452e+01 
  1.337431908e+01 
  1.303382969e+01 
  1.306785297e+01 
  1.309787655e+01 
  1.276710510e+01 
  1.298031902e+01 
  1.292925167e+01 
  1.257279682e+01 
  1.248713207e+01 
  1.240254116e+01 
  1.224665356e+01 
  1.203014946e+01 
  1.202226734e+01 
  1.232090664e+01 
  1.220768261e+01 
  1.198512936e+01 
  1.183797073e+01 
  1.171588326e+01 
  1.151832008e+01 
  1.125840187e+01 
  1.136510944e+01 
  1.114273167e+01 
  1.090719223e+01 
  1.044379425e+01 
  1.087166786e+01 
  1.026854706e+01 
  1.025828934e+01 
  1.067087078e+01 
  1.050271702e+01 
  1.058695412e+01 
  1.069724464e+01 
  1.006509399e+01 
  1.007557106e+01 
  1.001884842e+01 
  9.681933403e+00 
  9.665521622e+00 
  9.753366470e+00 
  9.485090256e+00 
  9.708541870e+00 
  9.322432518e+00 
  9.616584778e+00 
  8.911540985e+00 
  9.509957314e+00 
  9.173802376e+00 
  9.285822868e+00 
  8.904850006e+00 
  9.143959999e+00 
  9.232073784e+00 
  9.100214958e+00 
  8.761945724e+00 
  8.833994865e+00 
  8.675032616e+00 
  8.770385742e+00 
  8.616144180e+00 
  8.633919716e+00 
  8.255292892e+00 
  8.318700790e+00 
  8.256670952e+00 
  8.364869118e+00 
  7.700603485e+00 
  8.243741989e+00 
  8.037561417e+00 
  8.146408081e+00 
  7.990309238e+00 
  7.732341766e+00 
  6.524287224e+00 
  6.920311451e+00 
  7.661136627e+00 
  7.629401207e+00 
  7.643391132e+00 
  7.634150982e+00 
  7.698273182e+00 
  7.566008091e+00 
  7.400949001e+00 
  7.388578415e+00 
  7.432757854e+00 
  7.241400719e+00 
  7.238821030e+00 
  7.298697472e+00 
  7.168085098e+00 
  7.049700260e+00 
  6.984733582e+00 
  6.992765427e+00 
  6.964560986e+00 
  6.817329884e+00 
  6.904649258e+00 
  6.727013111e+00 
  6.797608852e+00 
  6.661643505e+00 
  6.570765018e+00 
  6.538466930e+00 
  6.485493183e+00 
  6.489815235e+00 
  6.334053993e+00 
  6.368208408e+00 
  6.042613983e+00 
  5.475318909e+00 
  5.584760666e+00 
  5.525766373e+00 
  5.595197678e+00 
  5.695668697e+00 
  5.702371120e+00 
  5.693501472e+00 
  5.692737579e+00 
  5.597254753e+00 
  5.650906086e+00 
  5.718128681e+00 
  5.559993267e+00 
  5.552951813e+00 
  5.468049526e+00 
  5.298661232e+00 
  5.253578663e+00 
  5.357810497e+00 
  5.344935417e+00 
  5.328649998e+00 
  5.246507168e+00 
  5.146400452e+00 
  5.275131226e+00 
  5.078003407e+00 
  5.143990040e+00 
  5.084097862e+00 
  5.003034592e+00 
  4.938117981e+00 
  4.987917900e+00 
  4.762888432e+00 
  4.835517406e+00 
  4.539522171e+00 
  4.409409046e+00 
  4.306224346e+00 
  4.272171974e+00 
  4.426168919e+00 
  4.537914753e+00 
  4.459491253e+00 
  4.349790096e+00 
  4.293151855e+00 
  4.256276131e+00 
  4.309708118e+00 
  4.196053505e+00 
  4.044605255e+00 
  4.163558006e+00 
  4.063798904e+00 
  4.184756279e+00 
  4.166389942e+00 
  4.264011383e+00 
  4.193696976e+00 
  4.070837975e+00 
  4.117882252e+00 
  4.106832027e+00 
  3.961474419e+00 
  3.998905659e+00 
  3.958104372e+00 
  3.876732588e+00 
  3.980040073e+00 
  4.001704216e+00 
  3.880748749e+00 
  3.916736364e+00 
  3.956626177e+00 
  3.865254641e+00 
  3.846206427e+00 
  3.768153667e+00 
  3.738294840e+00 
  3.777091503e+00 
  3.721829176e+00 
  3.760137081e+00 
  3.718600035e+00 
  3.626384974e+00 
  3.633277655e+00 
  3.604208469e+00 
  3.266960859e+00 
  1.811762452e+00 
  1.668111682e+00 
  2.429967880e+00 
  2.225161791e+00 
  2.347613335e+00 
  2.628158808e+00 
  2.777402163e+00 
  2.957454443e+00 
  3.174794436e+00 
  3.229723454e+00 
  3.239232779e+00 
  3.246723413e+00 
  3.222280502e+00 
  3.194415808e+00 
  3.213704586e+00 
  3.077639580e+00 
  3.188177347e+00 
  3.149613857e+00 
  3.116317749e+00 
  3.110086918e+00 
  3.055536270e+00 
  3.035030842e+00 
  3.055572510e+00 
  2.968621254e+00 
  2.969293594e+00 
  2.958715677e+00 
  2.887952328e+00 
  2.907403708e+00 
  2.844667196e+00 
  2.831600904e+00 
  2.787211180e+00 
  2.761329174e+00 
  2.706195831e+00 
  2.695626497e+00 
  2.667107105e+00 
  2.631109715e+00 
  2.642306328e+00 
  2.650890827e+00 
  2.651487589e+00 
  2.632940054e+00 
  2.542623997e+00 
  2.577769756e+00 
  2.558889389e+00 
  2.510737419e+00 
  2.524796724e+00 
  2.451277971e+00 
  2.509996414e+00 
  2.482663870e+00 
  2.452169418e+00 
  2.395092010e+00 
  2.368553638e+00 
  2.386609793e+00 
  2.356210947e+00 
  2.322128773e+00 
  2.291466951e+00 
  2.236624479e+00 
  2.182573557e+00 
  2.186083555e+00 
  2.163772106e+00 
  2.102480412e+00 
  2.077660561e+00 
  2.169691563e+00 
  2.073059320e+00 
  2.028125763e+00 
  2.101273298e+00 
  2.125154018e+00 
  2.121407986e+00 
  2.099280834e+00 
  2.060987473e+00 
  2.058119059e+00 
  2.024880886e+00 
  1.981758356e+00 
  2.013377905e+00 
  1.946412325e+00 
  1.971688032e+00 
  1.977138400e+00 
  1.986849189e+00 
  1.960463524e+00 
  1.963211060e+00 
  1.895714283e+00 
  1.938145638e+00 
  1.930870771e+00 
  1.912142634e+00 
  1.895920992e+00 
  1.858246088e+00 
  1.878657699e+00 
  1.886948943e+00 
  1.814724565e+00 
  1.857419372e+00 
  1.852163792e+00 
  1.592891693e+00 
  1.815061927e+00 
  1.737998724e+00 
  1.751371145e+00 
  1.401260257e+00 
  1.535901904e+00 
  1.735809565e+00 
  1.755823731e+00 
  1.719847798e+00 
  1.712135673e+00 
  1.689075232e+00 
  1.680930614e+00 
  1.667600513e+00 
  1.691502213e+00 
  1.680239201e+00 
  1.641237736e+00 
  1.370239258e+00 
  1.452321410e+00 
  1.567733765e+00 
  1.538543701e+00 
  1.594533563e+00 
  1.584878922e+00 
  1.571205139e+00 
  1.570148110e+00 
  1.528596044e+00 
  1.507517815e+00 
  1.512971044e+00 
  1.535984039e+00 
  1.502439022e+00 
  1.498940825e+00 
  1.483245850e+00 
  1.399577141e+00 
  1.470002294e+00 
  1.429936290e+00 
  1.435491204e+00 
  1.443313599e+00 
  1.389102578e+00 
  1.369052768e+00 
  1.403581858e+00 
  1.406683445e+00 
  1.395426512e+00 
  1.381112337e+00 
  1.367518783e+00 
  1.300765038e+00 
  1.333480120e+00 
  1.246926546e+00 
  1.270596743e+00 
  1.216736078e+00 
  1.204806685e+00 
  1.175535560e+00 
  1.144091368e+00 
  1.109111190e+00 
  1.084800959e+00 
  1.175792575e+00 
  1.212623000e+00 
  1.202997684e+00 
  1.150152445e+00 
  1.138360858e+00 
  1.086997509e+00 
  1.064325690e+00 
  1.074533105e+00 
  1.076971054e+00 
  1.069562554e+00 
  1.068583488e+00 
  1.067320585e+00 
  1.051856518e+00 
  1.062309623e+00 
  1.045508742e+00 
  1.041360855e+00 
  1.070999980e+00 
  1.072631598e+00 
  1.040938854e+00 
  1.026778460e+00 
  9.751643538e-01 
  1.001694679e+00 
  1.009734869e+00 
  9.690666199e-01 
  9.892033339e-01 
  9.741007686e-01 
  9.332474470e-01 
  8.978585005e-01 
  8.607192039e-01 
  8.060743809e-01 
  7.737724185e-01 
  7.328679562e-01 
  7.156921625e-01 
  7.192389369e-01 
  7.290993333e-01 
  7.518494725e-01 
  8.440753818e-01 
  8.489253521e-01 
  8.155143857e-01 
  7.553247213e-01 
  7.471005917e-01 
  7.204000354e-01 
  7.399452925e-01 
  7.476925850e-01 
  7.542451620e-01 
  7.639016509e-01 
  7.620260715e-01 
  7.559174299e-01 
  7.664664388e-01 
  7.438208461e-01 
  7.522167563e-01 
  7.560471296e-01 
  6.926351190e-01 
  7.332865596e-01 
  7.648724914e-01 
  7.720688581e-01 
  7.661904693e-01 
  7.541993260e-01 
  7.402345538e-01 
  7.433825731e-01 
  7.569675446e-01 
  7.478043437e-01 
  7.521204352e-01 
  7.283295393e-01 
  7.597915530e-01 
  7.709234953e-01 
  7.836124301e-01 
  7.831062078e-01 
  7.726452947e-01 
  7.716417313e-01 
  7.542366385e-01 
  7.314681411e-01 
  7.270433903e-01 
  7.390441298e-01 
  7.277677655e-01 
  7.417809963e-01 
  7.200523019e-01 
  7.386097908e-01 
  7.433390617e-01 
  7.360088825e-01 
  7.371678948e-01 
  7.357621789e-01 
  7.362138033e-01 
  7.322161198e-01 
  7.397465110e-01 
  7.281297445e-01 
  7.162501216e-01 
  7.199220061e-01 
  7.247259617e-01 
  7.156343460e-01 
  7.126818299e-01 
  7.151899338e-01 
  7.082595229e-01 
  7.052204609e-01 
  7.023452520e-01 
  6.960227489e-01 
  6.911402345e-01 
  6.831121445e-01 
  6.826058030e-01 
  6.763992906e-01 
  6.663860679e-01 
  6.595442891e-01 
  6.141427755e-01 
  6.439717412e-01 
  6.526172161e-01 
  6.508359909e-01 
  6.418143511e-01 
  6.427236795e-01 
  6.393046379e-01 
  6.379810572e-01 
  6.314448714e-01 
  6.333149672e-01 
  6.191989779e-01 
  6.210362911e-01 
  6.126673222e-01 
  6.177462935e-01 
  6.004037261e-01 
  5.970464349e-01 
  6.011767387e-01 
  5.890063047e-01 
  5.971937180e-01 
  5.913596153e-01 
  5.899845362e-01 
  5.889644623e-01 
  5.828455687e-01 
  5.821352601e-01 
  5.715702772e-01 
  5.755549669e-01 
  5.717287660e-01 
  5.676853657e-01 
  5.551034808e-01 
  5.588688254e-01 
  5.507850051e-01 
  5.557017326e-01 
  5.418453813e-01 
  5.450727940e-01 
  5.451503992e-01 
  5.365776420e-01 
  5.372949839e-01 
  5.367699265e-01 
  5.254400373e-01 
  5.285619497e-01 
  5.242332220e-01 
  5.069745779e-01 
  5.142418146e-01 
  5.172657967e-01 
  5.118321776e-01 
  5.067502260e-01 
  5.047958493e-01 
  5.004426241e-01 
  4.986983836e-01 
  4.916149974e-01 
  4.932555854e-01 
  4.899819791e-01 
  4.871186316e-01 
  4.799368083e-01 
  4.630354941e-01 
  4.779320061e-01 
  4.593777359e-01 
  4.701598883e-01 
  4.602759182e-01 
  4.642822444e-01 
  4.617126584e-01 
  4.458325207e-01 
  4.545563161e-01 
  4.507275522e-01 
  4.151621759e-01 
  4.383211732e-01 
  4.372832775e-01 
  4.367953241e-01 
  4.208479524e-01 
  4.340905845e-01 
  4.195273817e-01 
  4.268857837e-01 
  4.240583181e-01 
  4.233458042e-01 
  4.054033756e-01 
  4.148133993e-01 
  3.980873525e-01 
  4.021562636e-01 
  3.893551826e-01 
  4.021264613e-01 
  3.939903677e-01 
  3.980050683e-01 
  3.737407625e-01 
  3.950690627e-01 
  3.766930401e-01 
  3.831335604e-01 
  3.845663965e-01 
  3.733913600e-01 
  3.655559719e-01 
  3.307615817e-01 
  3.568288684e-01 
  3.541840315e-01 
  3.478069901e-01 
  3.371757269e-01 
  3.320769668e-01 
  3.368040025e-01 
  3.355302513e-01 
  3.201151192e-01 
  3.319998384e-01 
  3.275641799e-01 
  3.238421977e-01 
  3.179248869e-01 
  3.168562353e-01 
  3.150162697e-01 
  3.169810474e-01 
  3.171065748e-01 
  3.108492494e-01 
  3.014189303e-01 
  2.915672958e-01 
  2.914586663e-01 
  2.779024541e-01 
  2.675542533e-01 
  2.560134530e-01 
  2.408308536e-01 
  2.272048295e-01 
  2.194408923e-01 
  2.183691710e-01 
  2.088291645e-01 
  2.133280635e-01 
  2.158310413e-01 
  2.091346234e-01 
  2.038204372e-01 
  2.105974704e-01 
  2.072104067e-01 
  2.150473148e-01 
  2.317025959e-01 
  2.384045422e-01 
  2.312041372e-01 
  2.124586105e-01 
  1.877175122e-01 
  1.911741495e-01 
  2.130772620e-01 
  2.274205983e-01 
  2.302717119e-01 
  2.382252067e-01 
  2.357892096e-01 
  2.238127738e-01 
  2.274853438e-01 
  2.177947611e-01 
  2.101838589e-01 
  2.030156553e-01 
  2.062169909e-01 
  2.125324905e-01 
  2.151713371e-01 
  2.172480673e-01 
  2.156486511e-01 
  2.174663693e-01 
  2.178839296e-01 
  2.190590203e-01 
  2.187310308e-01 
  2.236776799e-01 
  2.247154713e-01 
  2.357943654e-01 
  2.390009016e-01 
  2.381313443e-01 
  2.356342375e-01 
  2.331070453e-01 
  2.433202118e-01 
  2.467533499e-01 
  2.416705638e-01 
  2.457655668e-01 
  2.392483801e-01 
  2.427396327e-01 
  2.438530475e-01 
  2.350583971e-01 
  2.409975976e-01 
  2.424937189e-01 
  2.401827872e-01 
  2.370241433e-01 
  2.363658696e-01 
  2.346260995e-01 
  2.298753858e-01 
  2.353326231e-01 
  2.289424837e-01 
  2.271567583e-01 
  2.289607227e-01 
  2.256058156e-01 
  2.237581164e-01 
  2.101547718e-01 
  2.196947187e-01 
  2.238158435e-01 
  2.211367041e-01 
  2.185144573e-01 
  2.162208408e-01 
  2.040136456e-01 
  2.164144516e-01 
  2.200240344e-01 
  2.195051461e-01 
  2.185419649e-01 
  2.171790302e-01 
  2.126695067e-01 
  2.120003402e-01 
  2.105998546e-01 
  2.026935369e-01 
  1.937903464e-01 
  2.057787627e-01 
  2.066558748e-01 
  2.062975168e-01 
  1.950852573e-01 
  1.978291869e-01 
  2.038353682e-01 
  2.029560059e-01 
  2.040803730e-01 
  2.001807839e-01 
  1.866010129e-01 
  1.982491314e-01 
  1.909037083e-01 
  1.964668483e-01 
  1.974405646e-01 
  1.958010793e-01 
  1.961228102e-01 
  1.960368752e-01 
  1.959449202e-01 
  1.949338317e-01 
  1.925964803e-01 
  1.933112442e-01 
  1.924655437e-01 
  1.908692718e-01 
  1.894265264e-01 
  1.909217536e-01 
  1.893888861e-01 
  1.896226406e-01 
  1.828941852e-01 
  1.883497387e-01 
  1.877863556e-01 
  1.868177801e-01 
  1.863596588e-01 
  1.837012023e-01 
  1.845851392e-01 
  1.837585270e-01 
  1.820203513e-01 
  1.825833172e-01 
  1.820966899e-01 
  1.814191490e-01 
  1.787669510e-01 
  1.773603410e-01 
  1.782983243e-01 
  1.766192466e-01 
  1.740350723e-01 
  1.717788130e-01 
  1.740770638e-01 
  1.720818728e-01 
  1.705055535e-01 
  1.711927354e-01 
  1.699327230e-01 
  1.685975939e-01 
  1.667410582e-01 
  1.655177325e-01 
  1.634289473e-01 
  1.629620790e-01 
  1.618782878e-01 
  1.607408822e-01 
  1.579958498e-01 
  1.572953761e-01 
  1.543702483e-01 
  1.533138305e-01 
  1.516932249e-01 
  1.463136375e-01 
  1.469638646e-01 
  1.437799931e-01 
  1.434304416e-01 
  1.432646811e-01 
  1.394229829e-01 
  1.367983073e-01 
  1.372967213e-01 
  1.405004859e-01 
  1.419003755e-01 
  1.418675482e-01 
  1.419993639e-01 
  1.415578276e-01 
  1.424245685e-01 
  1.425440460e-01 
  1.422679424e-01 
  1.417457610e-01 
  1.406045854e-01 
  1.397939175e-01 
  1.358310431e-01 
  1.205954179e-01 
  1.322359890e-01 
  1.373611838e-01 
  1.381157786e-01 
  1.375240237e-01 
  1.376612931e-01 
  1.352660656e-01 
  1.353457123e-01 
  1.318186373e-01 
  1.334166974e-01 
  1.340944469e-01 
  1.338682324e-01 
  1.308858097e-01 
  1.311458051e-01 
  1.300883442e-01 
  1.282916069e-01 
  1.267256439e-01 
  1.275849789e-01 
  1.266039163e-01 
  1.258850992e-01 
  1.234890670e-01 
  1.212599352e-01 
  1.205508336e-01 
  1.207273751e-01 
  1.202975288e-01 
  1.192992106e-01 
  1.181904897e-01 
  1.168177277e-01 
  1.158718243e-01 
  1.151839867e-01 
  1.134169251e-01 
  1.074154899e-01 
  1.098048240e-01 
  1.062398255e-01 
  1.091070548e-01 
  1.098958701e-01 
  1.068923324e-01 
  1.063932702e-01 
  1.034369841e-01 
  1.019626632e-01 
  1.026491150e-01 
  1.038685143e-01 
  1.042756215e-01 
  1.032763422e-01 
  1.012777463e-01 
  9.755472094e-02 
  9.459170699e-02 
  8.576387167e-02 
  8.497598022e-02 
  8.388008922e-02 
  8.215962350e-02 
  8.516585082e-02 
  8.655028790e-02 
  8.746900409e-02 
  8.669635653e-02 
  8.700826764e-02 
  8.745229989e-02 
  8.674099296e-02 
  8.651438355e-02 
  8.745108545e-02 
  8.706942201e-02 
  8.480311930e-02 
  8.167075366e-02 
  7.453104109e-02 
  6.915825605e-02 
  6.640300155e-02 
  6.211268157e-02 
  6.013682485e-02 
  5.576777458e-02 
  5.372771993e-02 
  5.135390908e-02 
  4.807290435e-02 
  4.625465721e-02 
  4.422057420e-02 
  4.249417782e-02 
  4.036555067e-02 
  3.952853754e-02 
  3.719683364e-02 
  3.519966453e-02 
  3.505848721e-02 
  3.457868099e-02 
  3.493829444e-02 
  3.570799902e-02 
  3.566313535e-02 
  3.601295874e-02 
  3.500566632e-02 
  3.471787646e-02 
  3.404703364e-02 
  3.534492850e-02 
  3.738594055e-02 
  4.039094225e-02 
  4.214370996e-02 
  4.332090542e-02 
  4.297294840e-02 
  4.191863164e-02 
  4.160308093e-02 
  3.977165371e-02 
  3.819902986e-02 
  3.546553478e-02 
  3.366347030e-02 
  3.210879862e-02 
  3.225000203e-02 
  3.350124508e-02 
  3.426064923e-02 
  3.604237735e-02 
  3.817866370e-02 
  3.988042474e-02 
  4.063392431e-02 
  3.998147324e-02 
  3.988324106e-02 
  3.808545694e-02 
  3.650302812e-02 
  3.491519764e-02 
  3.528637439e-02 
  3.687361628e-02 
  3.806930408e-02 
  3.810392693e-02 
  3.748147935e-02 
  3.614994138e-02 
  3.638675809e-02 
  3.795539960e-02 
  3.837145120e-02 
  3.771746159e-02 
  3.781070560e-02 
  3.730484098e-02 
  3.734961525e-02 
  3.823537007e-02 
  3.933435678e-02 
  4.069155455e-02 
  4.213532060e-02 
  4.041454569e-02 
  4.173412547e-02 
  4.192337394e-02 
  4.269863293e-02 
  4.323413596e-02 
  4.362876713e-02 
  4.361443222e-02 
  4.301318526e-02 
  4.307691380e-02 
  4.488506168e-02 
  4.433771595e-02 
  4.418330640e-02 
  4.404410347e-02 
  4.438485578e-02 
  4.252691194e-02 
  4.360817373e-02 
  4.484507814e-02 
  4.412869364e-02 
  4.288377985e-02 
  4.161366075e-02 
  4.166897386e-02 
  4.154512286e-02 
  4.032632336e-02 
  4.143460840e-02 
  4.162995890e-02 
  4.182146117e-02 
  4.241064563e-02 
  4.292233288e-02 
  4.049044847e-02 
  4.262307286e-02 
  4.130885005e-02 
  4.190003127e-02 
  4.226449132e-02 
  4.211866111e-02 
  4.299068078e-02 
  4.318130761e-02 
  4.348409921e-02 
  4.307255894e-02 
  4.214314371e-02 
  4.202256352e-02 
  4.224368930e-02 
  4.441158846e-02 
  4.597738013e-02 
  4.628529772e-02 
  4.709770903e-02 
  4.756255820e-02 
  4.823487252e-02 
  4.756250978e-02 
  4.601148516e-02 
  4.544198886e-02 
  4.397085309e-02 
  4.355132580e-02 
  4.316888750e-02 
  4.294748977e-02 
  4.105569050e-02 
  4.142629355e-02 
  3.972343728e-02 
  3.915241361e-02 
  3.850062191e-02 
  3.878431395e-02 
  4.023922607e-02 
  4.229711741e-02 
  4.240927100e-02 
  4.315405712e-02 
  4.310419038e-02 
  4.265009239e-02 
  4.146929830e-02 
  4.126903415e-02 
  4.168276861e-02 
  4.155058414e-02 
  4.261156544e-02 
  4.180889204e-02 
  4.205942899e-02 
  4.265180603e-02 
  4.236706346e-02 
  4.353794456e-02 
  3.802518919e-02 
  4.511407018e-02 
  4.646858573e-02 
  4.750940576e-02 
  4.641528055e-02 
  4.774513468e-02 
  4.749396816e-02 
  4.747616127e-02 
  4.670359567e-02 
  4.771074280e-02 
  4.871398583e-02 
  4.840361699e-02 
  4.955196008e-02 
  4.921365157e-02 
  4.845280945e-02 
  4.324902967e-02 
  4.507728294e-02 
  4.527209327e-02 
  4.577298835e-02 
  4.817352816e-02 
  4.752247781e-02 
  4.784151539e-02 
  4.854044318e-02 
  4.880342633e-02 
  4.787775129e-02 
  4.771691561e-02 
  4.694024473e-02 
  4.786436260e-02 
  4.733819515e-02 
  4.705375805e-02 
  4.803521559e-02 
  4.748556018e-02 
  4.802353308e-02 
  4.718366638e-02 
  4.678623751e-02 
  4.785235971e-02 
  4.731297866e-02 
  4.605681822e-02 
  4.724225029e-02 
  4.668172076e-02 
  4.694821686e-02 
  4.667551443e-02 
  4.361882806e-02 
  4.652770981e-02 
  4.615347460e-02 
  4.582726210e-02 
  4.502930492e-02 
  4.510358721e-02 
  4.558803514e-02 
  4.565621912e-02 
  4.432850331e-02 
  4.516720027e-02 
  4.342381656e-02 
  4.422973841e-02 
  4.437695071e-02 
  4.415250942e-02 
  4.462139681e-02 
  4.469188303e-02 
  4.462400079e-02 
  4.409280792e-02 
  4.268692434e-02 
  4.366721213e-02 
  4.331282526e-02 
  4.297499731e-02 
  4.359874129e-02 
  4.327267036e-02 
  4.156902805e-02 
  4.215069860e-02 
  4.123416916e-02 
  4.247219488e-02 
  4.203274846e-02 
  4.192721099e-02 
  4.109669477e-02 
  4.194859415e-02 
  4.182570800e-02 
  4.107014462e-02 
  4.011075944e-02 
  4.055451602e-02 
  3.968394920e-02 
  3.945600986e-02 
  3.836971894e-02 
  3.823900223e-02 
  3.704464808e-02 
  3.794016689e-02 
  3.780270740e-02 
  3.713906184e-02 
  3.720498830e-02 
  3.448916227e-02 
  3.695836291e-02 
  3.330371529e-02 
  3.637461364e-02 
  3.652239963e-02 
  3.723451868e-02 
  3.689390793e-02 
  3.613404557e-02 
  3.656171635e-02 
  3.621317819e-02 
  3.724537045e-02 
  3.668457642e-02 
  3.623633459e-02 
  3.562273085e-02 
  3.252171353e-02 
  3.494890407e-02 
  3.408177197e-02 
  3.578699380e-02 
  3.644979745e-02 
  3.603563085e-02 
  3.607823327e-02 
  3.371093050e-02 
  3.482792899e-02 
  3.515639901e-02 
  3.363521025e-02 
  3.391422704e-02 
  3.240507469e-02 
  3.309617192e-02 
  3.281746060e-02 
  3.323581070e-02 
  3.266240656e-02 
  3.248478472e-02 
  3.251246735e-02 
  3.278169036e-02 
  3.257421032e-02 
  3.049548343e-02 
  3.140703961e-02 
  3.174651042e-02 
  3.248807788e-02 
  3.208914399e-02 
  3.262724727e-02 
  3.057757765e-02 
  3.147380799e-02 
  3.237382323e-02 
  3.226722404e-02 
  3.144419193e-02 
  3.095619939e-02 
  3.165676072e-02 
  3.224868327e-02 
  3.240931779e-02 
  3.156075999e-02 
  3.183508292e-02 
  3.171918169e-02 
  3.188019618e-02 
  3.178093582e-02 
  3.081459366e-02 
  3.121939488e-02 
  3.111658059e-02 
  3.062578663e-02 
  2.979441918e-02 
  3.051806800e-02 
  3.031653725e-02 
  2.883801423e-02 
  2.855745517e-02 
  2.813468874e-02 
  2.819368243e-02 
  2.792114764e-02 
  2.781781740e-02 
  2.845562808e-02 
  2.794316411e-02 
  2.792386524e-02 
  2.819038555e-02 
  2.838346176e-02 
  2.818796784e-02 
  2.747507207e-02 
  2.810293064e-02 
  2.741436660e-02 
  2.790251747e-02 
  2.755788714e-02 
  2.779931016e-02 
  2.721596137e-02 
  2.770224772e-02 
  2.743434720e-02 
  2.754551917e-02 
  2.698289603e-02 
  2.722729929e-02 
  2.726649866e-02 
  2.698799409e-02 
  2.673205361e-02 
  2.652958408e-02 
  2.619674616e-02 
  2.602444403e-02 
  2.623957023e-02 
  2.573300712e-02 
  2.575117536e-02 
  2.625987120e-02 
  2.603047527e-02 
  2.473909035e-02 
  2.538189851e-02 
  2.542681247e-02 
  2.513004467e-02 
  2.466647886e-02 
  2.473105676e-02 
  2.481429838e-02 
  2.441647649e-02 
  2.352163382e-02 
  2.265293524e-02 
  2.325111441e-02 
  2.376736328e-02 
  2.414952405e-02 
  2.416159958e-02 
  2.381460927e-02 
  2.385500260e-02 
  2.381341904e-02 
  2.347108349e-02 
  2.339782752e-02 
  2.364436537e-02 
  2.363155596e-02 
  2.349190041e-02 
  2.340333350e-02 
  2.335668169e-02 
  2.316464670e-02 
  2.296759561e-02 
  2.305175923e-02 
  2.284941822e-02 
  2.250850946e-02 
  2.249323577e-02 
  2.236610465e-02 
  2.186113037e-02 
  2.220526896e-02 
  2.225343324e-02 
  2.192700282e-02 
  2.182324603e-02 
  2.116797119e-02 
  2.150429040e-02 
  2.168752253e-02 
  1.999326423e-02 
  2.133786306e-02 
  2.139618434e-02 
  2.134757489e-02 
  2.131181397e-02 
  2.115013078e-02 
  2.090192772e-02 
  2.074244991e-02 
  2.087225392e-02 
  2.035657503e-02 
  2.001160569e-02 
  2.030950226e-02 
  1.925232075e-02 
  1.949723996e-02 
  1.972798817e-02 
  1.988338679e-02 
  1.974162646e-02 
  1.926526614e-02 
  1.961140893e-02 
  1.960452460e-02 
  1.928716525e-02 
  1.902986318e-02 
  1.777703315e-02 
  1.808247156e-02 
  1.815936528e-02 
  1.723926142e-02 
  1.697180979e-02 
  1.776360907e-02 
  1.799907349e-02 
  1.802501269e-02 
  1.756881922e-02 
  1.808004640e-02 
  1.774580590e-02 
  1.795541123e-02 
  1.739209518e-02 
  1.748391986e-02 
  1.700924523e-02 
  1.759958453e-02 
  1.741810702e-02 
  1.734058373e-02 
  1.702141017e-02 
  1.710991375e-02 
  1.712161675e-02 
  1.708817109e-02 
  1.679326035e-02 
  1.693435013e-02 
  1.690784469e-02 
  1.673617028e-02 
  1.676664315e-02 
  1.661589928e-02 
  1.628830284e-02 
  1.584802940e-02 
  1.599242166e-02 
  1.565167867e-02 
  1.588857919e-02 
  1.577192359e-02 
  1.573164947e-02 
  1.547124423e-02 
  1.555129606e-02 
  1.527203340e-02 
  1.526415627e-02 
  1.523667201e-02 
  1.520928647e-02 
  1.487255376e-02 
  1.447853912e-02 
  1.441336982e-02 
  1.401169412e-02 
  1.378207467e-02 
  1.388931740e-02 
  1.378918067e-02 
  1.375450101e-02 
  1.354272757e-02 
  1.332467422e-02 
  1.330587920e-02 
  1.321341656e-02 
  1.329311728e-02 
  1.337013673e-02 
  1.329505164e-02 
  1.294577029e-02 
  1.281794999e-02 
  1.251825318e-02 
  1.231705397e-02 
  1.194843557e-02 
  1.154308766e-02 
  1.161243208e-02 
  1.123826206e-02 
  1.080713701e-02 
  1.082115527e-02 
  1.033405680e-02 
  1.025699917e-02 
  9.638729505e-03 
  9.322571568e-03 
  9.259043261e-03 
  9.357585572e-03 
  9.302449413e-03 
  9.044649079e-03 
  8.891828358e-03 
  8.775348775e-03 
  8.520459756e-03 
  8.154555224e-03 
  8.123931475e-03 
  7.812492084e-03 
  7.810976356e-03 
  7.572049275e-03 
  7.133270614e-03 
  7.018936798e-03 
  6.649014540e-03 
  6.188004743e-03 
  6.452689413e-03 
  6.531144958e-03 
  6.562783383e-03 
  6.459977012e-03 
  6.344991270e-03 
  6.493556779e-03 
  6.125027779e-03 
  6.141766906e-03 
  5.924803670e-03 
  5.856567994e-03 
  5.403952673e-03 
  5.327825435e-03 
  5.300842691e-03 
  5.160908215e-03 
  4.960035440e-03 
  4.932393320e-03 
  4.630990792e-03 
  4.627369810e-03 
  4.535901360e-03 
  4.376281984e-03 
  4.553597886e-03 
  4.577285144e-03 
  4.663579632e-03 
  4.708697088e-03 
  4.544387106e-03 
  4.786856007e-03 
  4.755524918e-03 
  4.701871891e-03 
  4.351092968e-03 
  4.468758591e-03 
  4.527477548e-03 
  4.552222788e-03 
  4.516106565e-03 
  4.477266222e-03 
  4.365200177e-03 
  4.429676570e-03 
  4.426786676e-03 
  4.266177304e-03 
  4.427140579e-03 
  4.488174804e-03 
  4.575522151e-03 
  4.508911632e-03 
  4.724542610e-03 
  4.675561562e-03 
  4.689315800e-03 
  4.628281575e-03 
  4.634218756e-03 
  4.335706122e-03 
  4.252554383e-03 
  3.928649705e-03 
  4.011649173e-03 
  3.707546508e-03 
  3.541663056e-03 
  3.503179643e-03 
  3.511388786e-03 
  3.496488789e-03 
  3.417181550e-03 
  3.168778727e-03 
  3.983367234e-03 
  4.299001303e-03 
  4.379355814e-03 
  4.405735992e-03 
  4.527509678e-03 
  4.604804330e-03 
  4.633191507e-03 
  4.643416964e-03 
  4.606169183e-03 
  4.443026613e-03 
  4.649234004e-03 
  4.574442748e-03 
  4.485798534e-03 
  4.306870978e-03 
  4.441633821e-03 
  4.295101855e-03 
  4.109028727e-03 
  4.263835493e-03 
  4.150211345e-03 
  3.971951082e-03 
  3.943992779e-03 
  3.859819379e-03 
  3.789367620e-03 
  3.735448001e-03 
  3.757911269e-03 
  3.692755941e-03 
  3.711465513e-03 
  3.668923164e-03 
  3.807289992e-03 
  3.813391319e-03 
  3.914576955e-03 
  3.832155140e-03 
  3.896752140e-03 
  3.892591456e-03 
  3.877189942e-03 
  3.754506586e-03 
  3.936279099e-03 
  4.023214336e-03 
  3.987394739e-03 
  4.133285023e-03 
  4.145344719e-03 
  4.237404093e-03 
  4.209788982e-03 
  4.175169859e-03 
  4.333016928e-03 
  4.407626111e-03 
  4.349059425e-03 
  4.424663261e-03 
  4.394272342e-03 
  4.408427048e-03 
  4.413292278e-03 
  4.359109327e-03 
  4.271477927e-03 
  4.431089852e-03 
  4.431313369e-03 
  4.557735752e-03 
  4.473613109e-03 
  4.642963875e-03 
  4.669429269e-03 
  4.722525366e-03 
  4.717376083e-03 
  4.799266346e-03 
  4.575551022e-03 
  4.728957079e-03 
  4.764485639e-03 
  4.801040050e-03 
  4.650074523e-03 
  4.439536482e-03 
  4.162295256e-03 
  4.434638657e-03 
  4.701188300e-03 
  4.749420565e-03 
  4.794254899e-03 
  4.625197034e-03 
  4.481521901e-03 
  4.479493015e-03 
  4.587180912e-03 
  4.507485311e-03 
  4.492324311e-03 
  4.402143415e-03 
  4.499274772e-03 
  4.510882776e-03 
  4.665048793e-03 
  4.620267544e-03 
  4.831552040e-03 
  4.725641105e-03 
  4.860037006e-03 
  4.855582025e-03 
  5.225777160e-03 
  5.087570753e-03 
  5.418109242e-03 
  5.423344672e-03 
  5.617721472e-03 
  5.655601621e-03 
  5.840828642e-03 
  5.781720858e-03 
  5.682042334e-03 
  5.825921427e-03 
  6.084723864e-03 
  6.075292826e-03 
  6.160710473e-03 
  5.835044663e-03 
  6.247617770e-03 
  6.038547959e-03 
  6.200984120e-03 
  6.243257318e-03 
  6.282906048e-03 
  6.201399956e-03 
  6.214079913e-03 
  6.077521015e-03 
  6.094121840e-03 
  6.247223355e-03 
  6.206355058e-03 
  6.176111288e-03 
  6.112124771e-03 
  6.014341954e-03 
  5.761134438e-03 
  5.795965437e-03 
  5.610821769e-03 
  5.597972777e-03 
  5.010360852e-03 
  4.905632697e-03 
  4.344824236e-03 
  4.337884020e-03 
  3.753140103e-03 
  3.751715878e-03 
  3.399292473e-03 
  3.389880294e-03 
  3.421041183e-03 
  3.325619968e-03 
  3.515181597e-03 
  3.505664645e-03 
  3.583097830e-03 
  3.582588630e-03 
  3.605980426e-03 
  3.594572190e-03 
  3.643146483e-03 
  3.600296797e-03 
  3.724998329e-03 
  3.711589146e-03 
  3.912441432e-03 
  3.913957626e-03 
  4.229581449e-03 
  4.189526662e-03 
  4.351205658e-03 
  4.495697562e-03 
  4.817670211e-03 
  4.812557250e-03 
  4.990688991e-03 
  5.026075523e-03 
  5.156141240e-03 
  5.163858645e-03 
  5.172284786e-03 
  5.101800431e-03 
  5.197925027e-03 
  5.274354480e-03 
  5.333533045e-03 
  5.318919662e-03 
  5.154243205e-03 
  5.264813546e-03 
  5.299626850e-03 
  5.005547311e-03 
  5.170148797e-03 
  5.201993044e-03 
  5.154849496e-03 
  5.096935667e-03 
  5.051575601e-03 
  5.040850956e-03 
  4.902137443e-03 
  4.889274482e-03 
  4.853326827e-03 
  4.647345282e-03 
  4.663693719e-03 
  4.427054897e-03 
  4.393998999e-03 
  4.236369394e-03 
  4.168627318e-03 
  4.165124614e-03 
  4.188634455e-03 
  4.220265895e-03 
  4.195862450e-03 
  4.251536448e-03 
  4.244797863e-03 
  4.244132433e-03 
  4.123784602e-03 
  4.237487912e-03 
  4.213598091e-03 
  3.954479937e-03 
  4.178240430e-03 
  4.175300710e-03 
  4.183433950e-03 
  4.140006378e-03 
  4.207848571e-03 
  4.058897495e-03 
  4.284152761e-03 
  4.226936493e-03 
  4.393246956e-03 
  4.378241487e-03 
  4.462418146e-03 
  4.448791035e-03 
  4.502969794e-03 
  4.493302666e-03 
  4.410069901e-03 
  4.491387401e-03 
  4.439126235e-03 
  4.491914529e-03 
  4.405035172e-03 
  4.428891931e-03 
  4.457274918e-03 
  4.483988509e-03 
  4.473271314e-03 
  4.493106622e-03 
  4.490875173e-03 
  4.492854699e-03 
  4.450770095e-03 
  4.272774793e-03 
  4.419747740e-03 
  4.452865105e-03 
  4.304354079e-03 
  4.425491672e-03 
  4.404545762e-03 
  4.390168004e-03 
  4.396798089e-03 
  4.400114994e-03 
  4.387087654e-03 
  4.408670589e-03 
  4.333195742e-03 
  4.391564522e-03 
  4.379567225e-03 
  4.387211986e-03 
  4.365796689e-03 
  4.353007767e-03 
  4.322519992e-03 
  4.213260487e-03 
  4.303249065e-03 
  4.283021670e-03 
  4.253239837e-03 
  4.258443136e-03 
  4.246720113e-03 
  4.209749401e-03 
  4.100942984e-03 
  4.187914077e-03 
  4.207598977e-03 
  4.099151585e-03 
  4.178857431e-03 
  4.135069903e-03 
  4.130051006e-03 
  4.058063962e-03 
  4.137955140e-03 
  4.150262102e-03 
  4.070380237e-03 
  4.146574531e-03 
  4.129487090e-03 
  4.105802160e-03 
  4.122827668e-03 
  4.107748624e-03 
  4.096735269e-03 
  4.076745361e-03 
  4.073721822e-03 
  3.917683847e-03 
  4.043588415e-03 
  4.035197664e-03 
  4.007499665e-03 
  3.995061852e-03 
  3.991330508e-03 
  3.960683476e-03 
  3.933544271e-03 
  3.906205762e-03 
  3.860110184e-03 
  3.792478237e-03 
  3.823881038e-03 
  3.818459110e-03 
  3.765451023e-03 
  3.753907979e-03 
  3.717535175e-03 
  3.701555543e-03 
  3.660430200e-03 
  3.662306815e-03 
  3.654059488e-03 
  3.650409868e-03 
  3.634371795e-03 
  3.622503020e-03 
  3.599072574e-03 
  3.580763005e-03 
  3.570591100e-03 
  3.516235389e-03 
  3.512421856e-03 
  3.456841456e-03 
  3.335541114e-03 
  2.990688430e-03 
  3.265852807e-03 
  3.363013733e-03 
  3.446047893e-03 
  3.436167026e-03 
  3.459742991e-03 
  3.440269502e-03 
  3.446321469e-03 
  3.427060321e-03 
  3.424940398e-03 
  3.397689899e-03 
  3.360105678e-03 
  3.378400346e-03 
  3.243083833e-03 
  3.367817495e-03 
  3.356337314e-03 
  3.319868352e-03 
  3.232130548e-03 
  3.304625163e-03 
  3.306944622e-03 
  3.304581158e-03 
  3.294180846e-03 
  3.205187619e-03 
  3.181525739e-03 
  3.214240773e-03 
  3.246057080e-03 
  3.231299575e-03 
  3.190605901e-03 
  3.176488215e-03 
  3.161281813e-03 
  3.120388370e-03 
  3.102485323e-03 
  3.077525878e-03 
  3.067540471e-03 
  3.050597385e-03 
  3.047256265e-03 
  3.036834067e-03 
  3.064021934e-03 
  3.059030976e-03 
  3.044760320e-03 
  2.962761326e-03 
  2.919733757e-03 
  3.061962780e-03 
  2.993254224e-03 
  3.083871212e-03 
  3.075569868e-03 
  3.060148330e-03 
  3.054530825e-03 
  3.036790062e-03 
  3.030992812e-03 
  3.000113415e-03 
  2.951323986e-03 
  2.981951926e-03 
  2.986093983e-03 
  2.970942995e-03 
  2.960473765e-03 
  2.943390980e-03 
  2.936114557e-03 
  2.923589898e-03 
  2.903701272e-03 
  2.848426579e-03 
  2.851414960e-03 
  2.844398841e-03 
  2.864805749e-03 
  2.828999888e-03 
  2.828231081e-03 
  2.823018236e-03 
  2.809975995e-03 
  2.799706999e-03 
  2.779878443e-03 
  2.763712546e-03 
  2.760047792e-03 
  2.723832149e-03 
  2.661893377e-03 
  2.690059133e-03 
  2.711751033e-03 
  2.701068530e-03 
  2.651513088e-03 
  2.666892018e-03 
  2.663182095e-03 
  2.652741736e-03 
  2.645628992e-03 
  2.569669392e-03 
  2.618508413e-03 
  2.592756413e-03 
  2.585105598e-03 
  2.584713511e-03 
  2.545432188e-03 
  2.477428410e-03 
  2.527642762e-03 
  2.504110802e-03 
  2.499615774e-03 
  2.494642977e-03 
  2.493029926e-03 
  2.470606240e-03 
  2.454153495e-03 
  2.454514615e-03 
  2.363260603e-03 
  2.445874037e-03 
  2.427110448e-03 
  2.392886207e-03 
  2.409814624e-03 
  2.406984335e-03 
  2.397216158e-03 
  2.385898028e-03 
  2.360796323e-03 
  2.378432546e-03 
  2.371631097e-03 
  2.360404003e-03 
  2.321293578e-03 
  2.345650923e-03 
  2.341952873e-03 
  2.336375182e-03 
  2.325045178e-03 
  2.313953126e-03 
  2.196803223e-03 
  2.264255192e-03 
  2.267010743e-03 
  2.258997178e-03 
  2.246902557e-03 
  2.240793547e-03 
  2.241375623e-03 
  2.229714533e-03 
  2.206156496e-03 
  2.202226315e-03 
  2.169388579e-03 
  2.176297829e-03 
  2.168214647e-03 
  2.050022827e-03 
  2.100660000e-03 
  2.088713925e-03 
  2.048444003e-03 
  2.090252936e-03 
  2.092499984e-03 
  2.083289204e-03 
  2.078087535e-03 
  2.097455086e-03 
  2.087597968e-03 
  2.077138750e-03 
  2.095622709e-03 
  2.094187774e-03 
  2.093396848e-03 
  2.089432906e-03 
  2.072523115e-03 
  2.059160266e-03 
  2.062037122e-03 
  2.048836323e-03 
  2.027038019e-03 
  2.011731965e-03 
  1.942244475e-03 
  1.967271557e-03 
  1.944776042e-03 
  1.973648788e-03 
  1.962341368e-03 
  1.934937551e-03 
  1.941556693e-03 
  1.936697401e-03 
  1.841217978e-03 
  1.889084349e-03 
  1.901228912e-03 
  1.877133152e-03 
  1.909488929e-03 
  1.918975497e-03 
  1.900637872e-03 
  1.894106157e-03 
  1.882351120e-03 
  1.867354847e-03 
  1.862857258e-03 
  1.829860732e-03 
  1.800775062e-03 
  1.810441376e-03 
  1.788819674e-03 
  1.776529942e-03 
  1.727596275e-03 
  1.753162593e-03 
  1.752276206e-03 
  1.735145226e-03 
  1.724002999e-03 
  1.716045546e-03 
  1.701993635e-03 
  1.703146612e-03 
  1.690391568e-03 
  1.685525291e-03 
  1.690707053e-03 
  1.677129185e-03 
  1.682225964e-03 
  1.653269399e-03 
  1.598813105e-03 
  1.637597452e-03 
  1.653457526e-03 
  1.665631309e-03 
  1.649345504e-03 
  1.647093450e-03 
  1.673035673e-03 
  1.671638922e-03 
  1.656570588e-03 
  1.638884656e-03 
  1.633807668e-03 
  1.635534689e-03 
  1.600449090e-03 
  1.601033960e-03 
  1.564401202e-03 
  1.553922310e-03 
  1.536448952e-03 
  1.506964676e-03 
  1.521866769e-03 
  1.519780955e-03 
  1.519741025e-03 
  1.443108078e-03 
  1.488790265e-03 
  1.516900025e-03 
  1.509470982e-03 
  1.502483501e-03 
  1.516827499e-03 
  1.509360387e-03 
  1.502129715e-03 
  1.503238338e-03 
  1.428716816e-03 
  1.425490482e-03 
  1.434106380e-03 
  1.442195498e-03 
  1.424876973e-03 
  1.460647210e-03 
  1.452941913e-03 
  1.468814444e-03 
  1.463809633e-03 
  1.457632519e-03 
  1.447295072e-03 
  1.463644439e-03 
  1.448289026e-03 
  1.447282033e-03 
  1.451622928e-03 
  1.439418411e-03 
  1.439359854e-03 
  1.423529466e-03 
  1.418406959e-03 
  1.423245529e-03 
  1.410479657e-03 
  1.390468096e-03 
  1.397309825e-03 
  1.374709769e-03 
  1.362466603e-03 
  1.362578478e-03 
  1.355934772e-03 
  1.336358371e-03 
  1.335388632e-03 
  1.331505249e-03 
  1.312885084e-03 
  1.265080413e-03 
  1.260728342e-03 
  1.216857694e-03 
  1.269659260e-03 
  1.278590877e-03 
  1.311303233e-03 
  1.295124181e-03 
  1.300992677e-03 
  1.314739347e-03 
  1.303332043e-03 
  1.305044978e-03 
  1.297884271e-03 
  1.312094508e-03 
  1.296066912e-03 
  1.293189824e-03 
  1.299767522e-03 
  1.289850567e-03 
  1.274504233e-03 
  1.280283090e-03 
  1.274420298e-03 
  1.233870513e-03 
  1.218331745e-03 
  1.250346424e-03 
  1.240000944e-03 
  1.208242145e-03 
  1.237618271e-03 
  1.217117766e-03 
  1.200998551e-03 
  1.206412446e-03 
  1.172685181e-03 
  1.164922607e-03 
  1.143221627e-03 
  1.108398079e-03 
  1.109112054e-03 
  1.096647582e-03 
  1.094863983e-03 
  1.100717927e-03 
  1.090826117e-03 
  1.088528195e-03 
  1.103675342e-03 
  1.128601143e-03 
  1.115148189e-03 
  1.111378195e-03 
  1.070514321e-03 
  1.123700640e-03 
  1.129608485e-03 
  1.120822621e-03 
  1.103701070e-03 
  1.104771392e-03 
  1.094929408e-03 
  1.081611495e-03 
  1.071361825e-03 
  1.061259885e-03 
  1.038031070e-03 
  1.036241651e-03 
  1.027019112e-03 
  9.474863182e-04 
  9.863039013e-04 
  9.807675378e-04 
  9.645945975e-04 
  9.458586574e-04 
  9.620098281e-04 
  9.160895715e-04 
  9.279851220e-04 
  9.219712229e-04 
  8.513187058e-04 
  8.622468449e-04 
  8.462804835e-04 
  8.203153266e-04 
  7.961862721e-04 
  8.320321213e-04 
  8.004694246e-04 
  7.942776429e-04 
  7.500289939e-04 
  7.824112545e-04 
  7.805217756e-04 
  7.832447882e-04 
  7.789121009e-04 
  7.807500660e-04 
  7.670628256e-04 
  7.825861685e-04 
  7.726804470e-04 
  7.664945442e-04 
  7.812840631e-04 
  7.746173651e-04 
  7.769146468e-04 
  7.668889011e-04 
