  7.737991214e-01 
  1.888543844e+00 
  1.925431609e+00 
  4.601406574e+00 
  5.020378113e+00 
  8.543454170e+00 
  9.018671989e+00 
  1.276758099e+01 
  1.579908943e+01 
  1.649417114e+01 
  1.758766747e+01 
  3.325617981e+01 
  2.762302208e+01 
  3.443799591e+01 
  3.486728668e+01 
  4.074024963e+01 
  3.144732475e+01 
  4.488090515e+01 
  4.305658722e+01 
  4.746883011e+01 
  4.584558868e+01 
  5.540196991e+01 
  4.846642303e+01 
  4.205104828e+01 
  5.202987671e+01 
  5.759654999e+01 
  7.838858795e+01 
  7.822064972e+01 
  6.449805450e+01 
  7.562075043e+01 
  7.835584259e+01 
  6.326045990e+01 
  6.903571320e+01 
  7.749823761e+01 
  6.450762939e+01 
  6.878003693e+01 
  5.130261993e+01 
  4.872803879e+01 
  5.899622726e+01 
  5.894310379e+01 
  6.579518890e+01 
  5.515275955e+01 
  5.739616776e+01 
  5.720829773e+01 
  5.134068298e+01 
  6.549372101e+01 
  7.209095001e+01 
  6.803986359e+01 
  6.356040192e+01 
  6.914099884e+01 
  7.012373352e+01 
  6.604843903e+01 
  6.714824677e+01 
  6.076952362e+01 
  6.958711243e+01 
  6.995812225e+01 
  6.561670685e+01 
  4.160721207e+01 
  4.484740448e+01 
  4.475630188e+01 
  6.585853577e+01 
  5.179457474e+01 
  5.636382675e+01 
  5.947221756e+01 
  5.888411713e+01 
  5.469281769e+01 
  7.446224213e+01 
  6.608948517e+01 
  6.181872940e+01 
  5.897827911e+01 
  6.727726746e+01 
  5.329125214e+01 
  5.563391876e+01 
  5.497918701e+01 
  4.221673965e+01 
  3.833471298e+01 
  5.435335159e+01 
  5.511140823e+01 
  7.061421967e+01 
  5.384588623e+01 
  4.994791031e+01 
  5.552261353e+01 
  4.107402802e+01 
  2.833263397e+01 
  3.084683800e+01 
  4.590848923e+01 
  3.523516083e+01 
  3.998031998e+01 
  3.913636780e+01 
  4.405943298e+01 
  5.277124023e+01 
  5.831431198e+01 
  5.118765259e+01 
  2.710486031e+01 
  2.962516594e+01 
  4.911773300e+01 
  4.993344879e+01 
  2.007247162e+01 
  5.546884537e+01 
  6.569198608e+01 
  6.374671936e+01 
  6.253774643e+01 
  6.541819763e+01 
  6.047787476e+01 
  6.415184021e+01 
  5.807390213e+01 
  5.689591599e+01 
  5.470415878e+01 
  5.850743103e+01 
  6.393660736e+01 
  5.277562714e+01 
  6.118962097e+01 
  6.260206604e+01 
  5.839248276e+01 
  5.659031296e+01 
  5.959976578e+01 
  5.849747086e+01 
  5.601224899e+01 
  5.411408615e+01 
  5.475643158e+01 
  4.577679825e+01 
  5.665020752e+01 
  5.361917496e+01 
  4.473323822e+01 
  4.860729218e+01 
  4.973395538e+01 
  4.723287582e+01 
  4.488819885e+01 
  4.491032410e+01 
  4.037185287e+01 
  3.183410072e+01 
  2.828361702e+01 
  5.031188965e+01 
  4.425995255e+01 
  4.157607269e+01 
  4.470772934e+01 
  4.899995804e+01 
  4.890196991e+01 
  4.330248642e+01 
  4.142300415e+01 
  4.589753723e+01 
  4.522919083e+01 
  4.709674835e+01 
  4.687778091e+01 
  4.605105209e+01 
  4.789958572e+01 
  4.216368484e+01 
  4.755522156e+01 
  4.781157684e+01 
  4.760530472e+01 
  4.810793304e+01 
  5.142113495e+01 
  4.728020859e+01 
  4.341128159e+01 
  4.578121567e+01 
  4.560347748e+01 
  4.620600891e+01 
  4.596662903e+01 
  4.467578125e+01 
  4.419482422e+01 
  4.334543991e+01 
  4.444215012e+01 
  4.325781631e+01 
  4.281444931e+01 
  4.250481033e+01 
  4.144604874e+01 
  4.231286240e+01 
  4.039482498e+01 
  4.231823730e+01 
  4.151094055e+01 
  4.051473236e+01 
  4.002365112e+01 
  4.009504318e+01 
  3.925052261e+01 
  3.916027832e+01 
  4.032703018e+01 
  3.869059372e+01 
  3.794604111e+01 
  3.940953445e+01 
  3.722714233e+01 
  3.756326294e+01 
  3.694676208e+01 
  3.733172607e+01 
  3.698927307e+01 
  3.520642471e+01 
  3.510883331e+01 
  2.818148422e+01 
  3.135997772e+01 
  3.371350861e+01 
  3.103080559e+01 
  3.498010635e+01 
  3.241299820e+01 
  3.084488678e+01 
  3.289794159e+01 
  3.147406006e+01 
  3.332152176e+01 
  3.214108276e+01 
  3.088002968e+01 
  2.986276436e+01 
  2.950741196e+01 
  2.909902000e+01 
  2.817794037e+01 
  2.772963142e+01 
  2.910672760e+01 
  2.682732201e+01 
  2.866570663e+01 
  3.040130615e+01 
  2.802285767e+01 
  2.662472534e+01 
  2.844464111e+01 
  2.730673790e+01 
  2.706292534e+01 
  2.814275169e+01 
  2.552068138e+01 
  2.475649452e+01 
  2.504317284e+01 
  2.606574821e+01 
  1.902592850e+01 
  2.334119987e+01 
  2.191328049e+01 
  2.390794182e+01 
  2.370568466e+01 
  2.442489815e+01 
  2.254952240e+01 
  2.424681091e+01 
  2.383881378e+01 
  2.251663017e+01 
  1.949520683e+01 
  2.320698357e+01 
  2.365563583e+01 
  2.215609169e+01 
  2.390547562e+01 
  2.260622597e+01 
  1.968227196e+01 
  2.121623802e+01 
  2.145778465e+01 
  2.257088280e+01 
  2.075899696e+01 
  2.154303169e+01 
  2.128759956e+01 
  2.065458107e+01 
  1.877853584e+01 
  2.076970291e+01 
  1.969907570e+01 
  2.060273933e+01 
  2.012582397e+01 
  1.951391029e+01 
  2.017351341e+01 
  1.856250191e+01 
  1.937398148e+01 
  1.879453087e+01 
  1.852820587e+01 
  1.917358971e+01 
  1.827676201e+01 
  1.872516060e+01 
  1.863037300e+01 
  1.797501755e+01 
  1.730537224e+01 
  1.782279396e+01 
  1.671549988e+01 
  1.665866089e+01 
  1.816674423e+01 
  1.654636574e+01 
  1.717754936e+01 
  1.680519676e+01 
  1.687335777e+01 
  1.543697643e+01 
  1.642988014e+01 
  1.625194168e+01 
  1.579878044e+01 
  1.575921917e+01 
  1.508769321e+01 
  1.581967545e+01 
  1.585868931e+01 
  1.565393448e+01 
  1.515610886e+01 
  1.477173233e+01 
  1.527830696e+01 
  1.473079872e+01 
  1.452020073e+01 
  1.492277050e+01 
  1.456173706e+01 
  1.468397617e+01 
  1.468730640e+01 
  1.454150963e+01 
  1.434682655e+01 
  1.363629436e+01 
  1.406401539e+01 
  1.382750607e+01 
  1.218697643e+01 
  1.263797665e+01 
  1.332208729e+01 
  1.298282242e+01 
  1.301689529e+01 
  1.304673958e+01 
  1.271710968e+01 
  1.292963886e+01 
  1.287867165e+01 
  1.252364159e+01 
  1.243829536e+01 
  1.235406494e+01 
  1.219876862e+01 
  1.198308945e+01 
  1.197525311e+01 
  1.227275848e+01 
  1.216000080e+01 
  1.193832588e+01 
  1.179174900e+01 
  1.167014599e+01 
  1.147335815e+01 
  1.121446133e+01 
  1.132076263e+01 
  1.109926128e+01 
  1.086464882e+01 
  1.040306473e+01 
  1.082927704e+01 
  1.022851372e+01 
  1.021829987e+01 
  1.062927246e+01 
  1.046176910e+01 
  1.054567242e+01 
  1.065552425e+01 
  1.002582741e+01 
  1.003624821e+01 
  9.979733467e+00 
  9.644118309e+00 
  9.627738953e+00 
  9.715135574e+00 
  9.447636604e+00 
  9.670370102e+00 
  9.285814285e+00 
  9.578873634e+00 
  8.876593590e+00 
  9.472723961e+00 
  9.137953758e+00 
  9.249572754e+00 
  8.870138168e+00 
  9.108359337e+00 
  9.196198463e+00 
  9.064885139e+00 
  8.727973938e+00 
  8.799769402e+00 
  8.641454697e+00 
  8.736423492e+00 
  8.582796097e+00 
  8.600473404e+00 
  8.223254204e+00 
  8.286366463e+00 
  8.224525452e+00 
  8.332365036e+00 
  7.670791149e+00 
  8.211832047e+00 
  8.006357193e+00 
  8.114900589e+00 
  7.959397793e+00 
  7.702393532e+00 
  6.499032974e+00 
  6.893547058e+00 
  7.631550312e+00 
  7.599935532e+00 
  7.613892555e+00 
  7.604736328e+00 
  7.668638706e+00 
  7.536880016e+00 
  7.372469425e+00 
  7.360155582e+00 
  7.404179573e+00 
  7.213570595e+00 
  7.211015701e+00 
  7.270670891e+00 
  7.140567303e+00 
  7.022644997e+00 
  6.957932472e+00 
  6.965939999e+00 
  6.937849045e+00 
  6.791188717e+00 
  6.878177166e+00 
  6.701225758e+00 
  6.771554470e+00 
  6.636111736e+00 
  6.545574665e+00 
  6.513392448e+00 
  6.460623264e+00 
  6.464925289e+00 
  6.309751511e+00 
  6.343786716e+00 
  6.019397736e+00 
  5.453631878e+00 
  5.562861919e+00 
  5.504039288e+00 
  5.573306561e+00 
  5.673525333e+00 
  5.680287361e+00 
  5.671435833e+00 
  5.670641899e+00 
  5.575577736e+00 
  5.629049301e+00 
  5.696130753e+00 
  5.538578033e+00 
  5.531462669e+00 
  5.446903229e+00 
  5.278149128e+00 
  5.233255863e+00 
  5.337163925e+00 
  5.324341297e+00 
  5.308084011e+00 
  5.226263523e+00 
  5.126552582e+00 
  5.254798412e+00 
  5.058454990e+00 
  5.124157906e+00 
  5.064523220e+00 
  4.983795643e+00 
  4.919106483e+00 
  4.968706131e+00 
  4.744511604e+00 
  4.816826344e+00 
  4.521805286e+00 
  4.392090797e+00 
  4.289268970e+00 
  4.255286694e+00 
  4.408935547e+00 
  4.520330906e+00 
  4.442164421e+00 
  4.332756996e+00 
  4.276358604e+00 
  4.239620209e+00 
  4.292860508e+00 
  4.179629803e+00 
  4.028821468e+00 
  4.147301197e+00 
  4.047922134e+00 
  4.168486595e+00 
  4.150268078e+00 
  4.247550964e+00 
  4.177493572e+00 
  4.055083275e+00 
  4.101962090e+00 
  4.090978622e+00 
  3.946190834e+00 
  3.983501673e+00 
  3.942871332e+00 
  3.861818075e+00 
  3.964729548e+00 
  3.986319065e+00 
  3.865835428e+00 
  3.901689768e+00 
  3.941426516e+00 
  3.850411892e+00 
  3.831439495e+00 
  3.753680229e+00 
  3.723935604e+00 
  3.762590408e+00 
  3.707541466e+00 
  3.745702744e+00 
  3.704324484e+00 
  3.612462997e+00 
  3.619327784e+00 
  3.590351105e+00 
  3.254211426e+00 
  1.803385496e+00 
  1.660267353e+00 
  2.419570684e+00 
  2.215334654e+00 
  2.337394238e+00 
  2.617191076e+00 
  2.766352654e+00 
  2.945862770e+00 
  3.162457943e+00 
  3.217244148e+00 
  3.226773739e+00 
  3.234248877e+00 
  3.209904194e+00 
  3.182148695e+00 
  3.201368093e+00 
  3.065828800e+00 
  3.175943613e+00 
  3.137526512e+00 
  3.104356050e+00 
  3.098146439e+00 
  3.043802261e+00 
  3.023377180e+00 
  3.043837070e+00 
  2.957217216e+00 
  2.957882404e+00 
  2.947334290e+00 
  2.876830816e+00 
  2.896199703e+00 
  2.833696365e+00 
  2.820657253e+00 
  2.776435375e+00 
  2.750656366e+00 
  2.695738554e+00 
  2.685216904e+00 
  2.656826019e+00 
  2.620953798e+00 
  2.632078886e+00 
  2.640636206e+00 
  2.641246796e+00 
  2.622766018e+00 
  2.532785416e+00 
  2.567795277e+00 
  2.548985481e+00 
  2.501021147e+00 
  2.515030146e+00 
  2.441805601e+00 
  2.500303268e+00 
  2.473075628e+00 
  2.442693949e+00 
  2.385831118e+00 
  2.359389305e+00 
  2.377364874e+00 
  2.347070217e+00 
  2.313104391e+00 
  2.282542467e+00 
  2.227889061e+00 
  2.174020529e+00 
  2.177516937e+00 
  2.155294180e+00 
  2.094251156e+00 
  2.069556713e+00 
  2.161261320e+00 
  2.064980030e+00 
  2.020152330e+00 
  2.093071699e+00 
  2.116896152e+00 
  2.113158226e+00 
  2.091111660e+00 
  2.052942753e+00 
  2.050093412e+00 
  2.016993523e+00 
  1.974040866e+00 
  2.005537987e+00 
  1.938838124e+00 
  1.964021444e+00 
  1.969463110e+00 
  1.979131460e+00 
  1.952847600e+00 
  1.955590010e+00 
  1.888358474e+00 
  1.930625916e+00 
  1.923374534e+00 
  1.904722095e+00 
  1.888571739e+00 
  1.851046801e+00 
  1.871380806e+00 
  1.879635692e+00 
  1.807693601e+00 
  1.850223422e+00 
  1.844987869e+00 
  1.586717963e+00 
  1.808024168e+00 
  1.731259346e+00 
  1.744583130e+00 
  1.395828366e+00 
  1.529949427e+00 
  1.729081988e+00 
  1.749020100e+00 
  1.713183641e+00 
  1.705505013e+00 
  1.682535172e+00 
  1.674421430e+00 
  1.661144018e+00 
  1.684952497e+00 
  1.673733592e+00 
  1.634883285e+00 
  1.364933610e+00 
  1.446697116e+00 
  1.561662078e+00 
  1.532584667e+00 
  1.588356614e+00 
  1.578739047e+00 
  1.565118194e+00 
  1.564063907e+00 
  1.522671819e+00 
  1.501674533e+00 
  1.507104993e+00 
  1.530027747e+00 
  1.496610403e+00 
  1.493124962e+00 
  1.477489114e+00 
  1.394143701e+00 
  1.464293957e+00 
  1.424383879e+00 
  1.429917216e+00 
  1.437706351e+00 
  1.383702517e+00 
  1.363732100e+00 
  1.398126245e+00 
  1.401216269e+00 
  1.390001416e+00 
  1.375743389e+00 
  1.362197161e+00 
  1.295690417e+00 
  1.328270912e+00 
  1.242038250e+00 
  1.265598536e+00 
  1.211931467e+00 
  1.200040102e+00 
  1.170859098e+00 
  1.139543295e+00 
  1.104695320e+00 
  1.080483317e+00 
  1.171153069e+00 
  1.207859397e+00 
  1.198271275e+00 
  1.145621181e+00 
  1.133852005e+00 
  1.082674146e+00 
  1.060092807e+00 
  1.070262194e+00 
  1.072701693e+00 
  1.065317035e+00 
  1.064314961e+00 
  1.063071012e+00 
  1.047678232e+00 
  1.058092475e+00 
  1.041363239e+00 
  1.037237763e+00 
  1.066778660e+00 
  1.068417311e+00 
  1.036846399e+00 
  1.022741318e+00 
  9.713267684e-01 
  9.977437258e-01 
  1.005750775e+00 
  9.652410746e-01 
  9.852864146e-01 
  9.702244401e-01 
  9.295023084e-01 
  8.942106962e-01 
  8.571777344e-01 
  8.027138710e-01 
  7.705219984e-01 
  7.297670841e-01 
  7.126612663e-01 
  7.162011266e-01 
  7.260180712e-01 
  7.486979365e-01 
  8.406356573e-01 
  8.454852104e-01 
  8.121941090e-01 
  7.522153854e-01 
  7.439823151e-01 
  7.173905373e-01 
  7.368670106e-01 
  7.445830703e-01 
  7.511224151e-01 
  7.607479095e-01 
  7.588790655e-01 
  7.527980804e-01 
  7.633260489e-01 
  7.407505512e-01 
  7.491279840e-01 
  7.529622316e-01 
  6.897948980e-01 
  7.302770615e-01 
  7.617849708e-01 
  7.689595222e-01 
  7.630965710e-01 
  7.511513829e-01 
  7.372388244e-01 
  7.403783202e-01 
  7.539362907e-01 
  7.448134422e-01 
  7.491101027e-01 
  7.254161239e-01 
  7.567685246e-01 
  7.678781748e-01 
  7.805259228e-01 
  7.800223231e-01 
  7.696023583e-01 
  7.686000466e-01 
  7.512580156e-01 
  7.285724878e-01 
  7.241604924e-01 
  7.361193299e-01 
  7.248961926e-01 
  7.388534546e-01 
  7.172128558e-01 
  7.357054949e-01 
  7.404180765e-01 
  7.331150770e-01 
  7.342737317e-01 
  7.328776717e-01 
  7.333298922e-01 
  7.293509245e-01 
  7.368531227e-01 
  7.252820730e-01 
  7.134490609e-01 
  7.171069384e-01 
  7.218931317e-01 
  7.128372788e-01 
  7.098939419e-01 
  7.123937011e-01 
  7.054914832e-01 
  7.024642229e-01 
  6.995994449e-01 
  6.933009624e-01 
  6.884369850e-01 
  6.804404259e-01 
  6.799365282e-01 
  6.737524867e-01 
  6.637786627e-01 
  6.569644809e-01 
  6.117408276e-01 
  6.414531469e-01 
  6.500643492e-01 
  6.482886076e-01 
  6.393004656e-01 
  6.402068734e-01 
  6.368028522e-01 
  6.354850531e-01 
  6.289730668e-01 
  6.308361888e-01 
  6.167753935e-01 
  6.186053157e-01 
  6.102692485e-01 
  6.153280735e-01 
  5.980520844e-01 
  5.947082043e-01 
  5.988230109e-01 
  5.867006779e-01 
  5.948551893e-01 
  5.890433788e-01 
  5.876728892e-01 
  5.866575241e-01 
  5.805620551e-01 
  5.798546672e-01 
  5.693313479e-01 
  5.733009577e-01 
  5.694898963e-01 
  5.654624104e-01 
  5.529298186e-01 
  5.566802621e-01 
  5.486280918e-01 
  5.535250902e-01 
  5.397228003e-01 
  5.429375768e-01 
  5.430144072e-01 
  5.344749093e-01 
  5.351890922e-01 
  5.346658826e-01 
  5.233802795e-01 
  5.264895558e-01 
  5.221771598e-01 
  5.049857497e-01 
  5.122238398e-01 
  5.152350068e-01 
  5.098217726e-01 
  5.047591925e-01 
  5.028119683e-01 
  4.984751344e-01 
  4.967372417e-01 
  4.896809459e-01 
  4.913142323e-01 
  4.880526662e-01 
  4.851994216e-01 
  4.780445695e-01 
  4.612094760e-01 
  4.760469198e-01 
  4.575656056e-01 
  4.683041573e-01 
  4.584586024e-01 
  4.624483585e-01 
  4.598886073e-01 
  4.440710843e-01 
  4.527601004e-01 
  4.489476979e-01 
  4.135231078e-01 
  4.365912974e-01 
  4.355576932e-01 
  4.350717962e-01 
  4.191876948e-01 
  4.323786199e-01 
  4.178737700e-01 
  4.252032936e-01 
  4.223869145e-01 
  4.216769934e-01 
  4.038055837e-01 
  4.131774008e-01 
  3.965174258e-01 
  4.005711079e-01 
  3.878199756e-01 
  4.005402923e-01 
  3.924346268e-01 
  3.964340389e-01 
  3.722674549e-01 
  3.935119212e-01 
  3.752060235e-01 
  3.816207349e-01 
  3.830484152e-01 
  3.719163537e-01 
  3.641092181e-01 
  3.294514716e-01 
  3.554157019e-01 
  3.527814150e-01 
  3.464290202e-01 
  3.358328640e-01 
  3.307471275e-01 
  3.354558051e-01 
  3.341881931e-01 
  3.188341260e-01 
  3.306719065e-01 
  3.262525797e-01 
  3.225419223e-01 
  3.166445494e-01 
  3.155810535e-01 
  3.137489855e-01 
  3.157084882e-01 
  3.158327639e-01 
  3.095987439e-01 
  3.001984358e-01 
  2.903751135e-01 
  2.902634144e-01 
  2.767505348e-01 
  2.664390802e-01 
  2.549355626e-01 
  2.398083210e-01 
  2.262356430e-01 
  2.184998244e-01 
  2.174315751e-01 
  2.079279423e-01 
  2.124097794e-01 
  2.149035931e-01 
  2.082350850e-01 
  2.029434443e-01 
  2.096917629e-01 
  2.063200921e-01 
  2.141280174e-01 
  2.307230979e-01 
  2.374002337e-01 
  2.302253991e-01 
  2.115521282e-01 
  1.869048476e-01 
  1.903473586e-01 
  2.121694833e-01 
  2.264596075e-01 
  2.293079346e-01 
  2.372321337e-01 
  2.348042130e-01 
  2.228743434e-01 
  2.265302092e-01 
  2.168767303e-01 
  2.092944235e-01 
  2.021515518e-01 
  2.053404748e-01 
  2.116332203e-01 
  2.142645568e-01 
  2.163342685e-01 
  2.147420049e-01 
  2.165548950e-01 
  2.169721425e-01 
  2.181444466e-01 
  2.178176045e-01 
  2.227479517e-01 
  2.237866670e-01 
  2.348331958e-01 
  2.380327880e-01 
  2.371717393e-01 
  2.346866727e-01 
  2.321736366e-01 
  2.423488647e-01 
  2.457714677e-01 
  2.407094687e-01 
  2.447887212e-01 
  2.382982075e-01 
  2.417760491e-01 
  2.428848892e-01 
  2.341255844e-01 
  2.400415838e-01 
  2.415326685e-01 
  2.392303795e-01 
  2.360837907e-01 
  2.354281396e-01 
  2.336965203e-01 
  2.289657444e-01 
  2.344008237e-01 
  2.280348390e-01 
  2.262561321e-01 
  2.280525565e-01 
  2.247098833e-01 
  2.228684276e-01 
  2.093192637e-01 
  2.188218832e-01 
  2.229281217e-01 
  2.202591598e-01 
  2.176458538e-01 
  2.153610289e-01 
  2.032032609e-01 
  2.155570686e-01 
  2.191530019e-01 
  2.186370790e-01 
  2.176775038e-01 
  2.163198441e-01 
  2.118272632e-01 
  2.111608684e-01 
  2.097654790e-01 
  2.018903643e-01 
  1.930219531e-01 
  2.049631178e-01 
  2.058366239e-01 
  2.054787427e-01 
  1.943099946e-01 
  1.970426440e-01 
  2.030264288e-01 
  2.021514028e-01 
  2.032717466e-01 
  1.993876547e-01 
  1.858615279e-01 
  1.974633932e-01 
  1.901471913e-01 
  1.956885606e-01 
  1.966591775e-01 
  1.950261146e-01 
  1.953467429e-01 
  1.952614933e-01 
  1.951700151e-01 
  1.941625923e-01 
  1.918341219e-01 
  1.925461739e-01 
  1.917040646e-01 
  1.901143193e-01 
  1.886772960e-01 
  1.901671290e-01 
  1.886404157e-01 
  1.888733506e-01 
  1.821717173e-01 
  1.876058728e-01 
  1.870448440e-01 
  1.860802025e-01 
  1.856238544e-01 
  1.829757988e-01 
  1.838561147e-01 
  1.830323637e-01 
  1.813009679e-01 
  1.818616986e-01 
  1.813769042e-01 
  1.807018816e-01 
  1.780600399e-01 
  1.766587645e-01 
  1.775927395e-01 
  1.759199798e-01 
  1.733458787e-01 
  1.710980833e-01 
  1.733869463e-01 
  1.713993102e-01 
  1.698288620e-01 
  1.705129147e-01 
  1.692574918e-01 
  1.679272652e-01 
  1.660775840e-01 
  1.648586541e-01 
  1.627777368e-01 
  1.623119861e-01 
  1.612318605e-01 
  1.600983292e-01 
  1.573634446e-01 
  1.566651016e-01 
  1.537506580e-01 
  1.526974738e-01 
  1.510823220e-01 
  1.457228661e-01 
  1.463696808e-01 
  1.431981176e-01 
  1.428496838e-01 
  1.426839381e-01 
  1.388570517e-01 
  1.362421662e-01 
  1.367381960e-01 
  1.399310529e-01 
  1.413263828e-01 
  1.412946582e-01 
  1.414267868e-01 
  1.409879476e-01 
  1.418519318e-01 
  1.419716030e-01 
  1.416972727e-01 
  1.411778927e-01 
  1.400418282e-01 
  1.392350495e-01 
  1.352886111e-01 
  1.201142669e-01 
  1.317088902e-01 
  1.368140727e-01 
  1.375660151e-01 
  1.369768679e-01 
  1.371137500e-01 
  1.347278059e-01 
  1.348072141e-01 
  1.312943399e-01 
  1.328863055e-01 
  1.335617155e-01 
  1.333366185e-01 
  1.303659827e-01 
  1.306247413e-01 
  1.295712143e-01 
  1.277814358e-01 
  1.262218356e-01 
  1.270778328e-01 
  1.261007190e-01 
  1.253846884e-01 
  1.229980066e-01 
  1.207770631e-01 
  1.200705245e-01 
  1.202462763e-01 
  1.198180541e-01 
  1.188235730e-01 
  1.177187711e-01 
  1.163507700e-01 
  1.154085547e-01 
  1.147234216e-01 
  1.129624248e-01 
  1.069837883e-01 
  1.093623117e-01 
  1.058122218e-01 
  1.086687222e-01 
  1.094543636e-01 
  1.064615920e-01 
  1.059623510e-01 
  1.030153781e-01 
  1.015460864e-01 
  1.022315547e-01 
  1.034479067e-01 
  1.038543135e-01 
  1.028585434e-01 
  1.008663550e-01 
  9.715475142e-02 
  9.420037270e-02 
  8.540472388e-02 
  8.461876959e-02 
  8.352664858e-02 
  8.181367815e-02 
  8.480799198e-02 
  8.618760109e-02 
  8.710325509e-02 
  8.633409441e-02 
  8.664475381e-02 
  8.708757907e-02 
  8.637945354e-02 
  8.615441620e-02 
  8.708675206e-02 
  8.670678735e-02 
  8.444751054e-02 
  8.132607490e-02 
  7.421269268e-02 
  6.886047125e-02 
  6.611599028e-02 
  6.184300035e-02 
  5.987551808e-02 
  5.552508309e-02 
  5.349392071e-02 
  5.113049597e-02 
  4.786387831e-02 
  4.605359212e-02 
  4.402843490e-02 
  4.230961949e-02 
  4.019027948e-02 
  3.935694322e-02 
  3.703551739e-02 
  3.504710644e-02 
  3.490655124e-02 
  3.442882746e-02 
  3.478683159e-02 
  3.555316851e-02 
  3.550846875e-02 
  3.585672379e-02 
  3.485387191e-02 
  3.456739336e-02 
  3.389944509e-02 
  3.519160300e-02 
  3.722361475e-02 
  4.021544009e-02 
  4.196042940e-02 
  4.313245788e-02 
  4.278599098e-02 
  4.173627868e-02 
  4.142213240e-02 
  3.959875926e-02 
  3.803312033e-02 
  3.531158343e-02 
  3.351749480e-02 
  3.196963295e-02 
  3.211022541e-02 
  3.335592896e-02 
  3.411193192e-02 
  3.588586673e-02 
  3.801269084e-02 
  3.970695660e-02 
  4.045715556e-02 
  3.980752826e-02 
  3.970974684e-02 
  3.791987151e-02 
  3.634444997e-02 
  3.476358205e-02 
  3.513312340e-02 
  3.671335056e-02 
  3.790374100e-02 
  3.793820366e-02 
  3.731849417e-02 
  3.599276394e-02 
  3.622854874e-02 
  3.779030591e-02 
  3.820452467e-02 
  3.755339980e-02 
  3.764625266e-02 
  3.714260831e-02 
  3.718720749e-02 
  3.806905448e-02 
  3.916323557e-02 
  4.051441699e-02 
  4.195190594e-02 
  4.023861885e-02 
  4.155251756e-02 
  4.174093157e-02 
  4.251292720e-02 
  4.304617271e-02 
  4.343917593e-02 
  4.342490807e-02 
  4.282635078e-02 
  4.288984463e-02 
  4.469044134e-02 
  4.414562881e-02 
  4.399200901e-02 
  4.385339096e-02 
  4.419258609e-02 
  4.234270379e-02 
  4.341943190e-02 
  4.465098307e-02 
  4.393757880e-02 
  4.269741848e-02 
  4.143171012e-02 
  4.148622230e-02 
  4.136295989e-02 
  4.014964402e-02 
  4.125341401e-02 
  4.144802317e-02 
  4.163870215e-02 
  4.222564772e-02 
  4.273533076e-02 
  4.031441733e-02 
  4.243810102e-02 
  4.112966731e-02 
  4.171830043e-02 
  4.208145663e-02 
  4.193641990e-02 
  4.280506447e-02 
  4.299526289e-02 
  4.329693317e-02 
  4.288711026e-02 
  4.196152464e-02 
  4.184167087e-02 
  4.206241667e-02 
  4.422193021e-02 
  4.578207433e-02 
  4.608933255e-02 
  4.689899087e-02 
  4.736198485e-02 
  4.803162813e-02 
  4.736164585e-02 
  4.581680521e-02 
  4.524950311e-02 
  4.378403723e-02 
  4.336628318e-02 
  4.298530146e-02 
  4.276444018e-02 
  4.088025168e-02 
  4.124894738e-02 
  3.955302760e-02 
  3.898391873e-02 
  3.833471239e-02 
  3.861771151e-02 
  4.006715119e-02 
  4.211739451e-02 
  4.222994670e-02 
  4.297162592e-02 
  4.292197153e-02 
  4.246955365e-02 
  4.129353166e-02 
  4.109377414e-02 
  4.150602967e-02 
  4.137481749e-02 
  4.243181646e-02 
  4.163267091e-02 
  4.188222066e-02 
  4.247204959e-02 
  4.218896106e-02 
  4.335584864e-02 
  3.786624223e-02 
  4.492694512e-02 
  4.627745599e-02 
  4.731499776e-02 
  4.622553289e-02 
  4.755057767e-02 
  4.730051383e-02 
  4.728344828e-02 
  4.651506618e-02 
  4.751822352e-02 
  4.851819947e-02 
  4.820970818e-02 
  4.935389012e-02 
  4.901683703e-02 
  4.825888202e-02 
  4.307580367e-02 
  4.489688948e-02 
  4.509130493e-02 
  4.559022933e-02 
  4.798150808e-02 
  4.733320698e-02 
  4.765115678e-02 
  4.834736139e-02 
  4.860942811e-02 
  4.768749699e-02 
  4.752735421e-02 
  4.675376788e-02 
  4.767430201e-02 
  4.715025425e-02 
  4.686701298e-02 
  4.784471914e-02 
  4.729739204e-02 
  4.783341289e-02 
  4.699694738e-02 
  4.660109803e-02 
  4.766302183e-02 
  4.712572694e-02 
  4.587449133e-02 
  4.705521837e-02 
  4.649692774e-02 
  4.676238447e-02 
  4.649076238e-02 
  4.344616458e-02 
  4.634349421e-02 
  4.597069696e-02 
  4.564575478e-02 
  4.485097528e-02 
  4.492501542e-02 
  4.540754110e-02 
  4.547551647e-02 
  4.415309802e-02 
  4.498849809e-02 
  4.325202107e-02 
  4.405478388e-02 
  4.420141131e-02 
  4.397790879e-02 
  4.444501549e-02 
  4.451530427e-02 
  4.444763809e-02 
  4.391858727e-02 
  4.251829162e-02 
  4.349470884e-02 
  4.314174503e-02 
  4.280526564e-02 
  4.342655092e-02 
  4.310174659e-02 
  4.140483215e-02 
  4.198422655e-02 
  4.107132182e-02 
  4.230447486e-02 
  4.186675325e-02 
  4.176161438e-02 
  4.093437269e-02 
  4.178288579e-02 
  4.166048020e-02 
  4.090785980e-02 
  3.995217010e-02 
  4.039414600e-02 
  3.952702135e-02 
  3.929973021e-02 
  3.821738437e-02 
  3.808677942e-02 
  3.689686954e-02 
  3.778881580e-02 
  3.765180334e-02 
  3.699088469e-02 
  3.705669940e-02 
  3.435178846e-02 
  3.681115806e-02 
  3.317109868e-02 
  3.622981906e-02 
  3.637712076e-02 
  3.708658740e-02 
  3.674732521e-02 
  3.599068522e-02 
  3.641685098e-02 
  3.606984764e-02 
  3.709807619e-02 
  3.653949872e-02 
  3.609311581e-02 
  3.548187762e-02 
  3.239316121e-02 
  3.481076285e-02 
  3.394705802e-02 
  3.564553335e-02 
  3.630569577e-02 
  3.589320928e-02 
  3.593553230e-02 
  3.357758746e-02 
  3.468998522e-02 
  3.501688316e-02 
  3.350141644e-02 
  3.377908096e-02 
  3.227593750e-02 
  3.296420351e-02 
  3.268666193e-02 
  3.310345113e-02 
  3.253233433e-02 
  3.235546499e-02 
  3.238300607e-02 
  3.265114501e-02 
  3.244448826e-02 
  3.037407994e-02 
  3.128213435e-02 
  3.162042797e-02 
  3.235920519e-02 
  3.196185082e-02 
  3.249794245e-02 
  3.045648336e-02 
  3.134924546e-02 
  3.224569932e-02 
  3.213959560e-02 
  3.131987900e-02 
  3.083378449e-02 
  3.153157234e-02 
  3.212118149e-02 
  3.228119761e-02 
  3.143601865e-02 
  3.170923144e-02 
  3.159379959e-02 
  3.175416216e-02 
  3.165528551e-02 
  3.069275431e-02 
  3.109595738e-02 
  3.099353239e-02 
  3.050466254e-02 
  2.967655659e-02 
  3.039734252e-02 
  3.019665368e-02 
  2.872391604e-02 
  2.844446525e-02 
  2.802331187e-02 
  2.808202989e-02 
  2.781055681e-02 
  2.770763077e-02 
  2.834291570e-02 
  2.783249319e-02 
  2.781327441e-02 
  2.807873301e-02 
  2.827105112e-02 
  2.807632461e-02 
  2.736625075e-02 
  2.799162827e-02 
  2.730580606e-02 
  2.779204398e-02 
  2.744881809e-02 
  2.768928371e-02 
  2.710827999e-02 
  2.759267017e-02 
  2.732582763e-02 
  2.743658237e-02 
  2.687619627e-02 
  2.711962350e-02 
  2.715866826e-02 
  2.688124031e-02 
  2.662628330e-02 
  2.642458677e-02 
  2.609306760e-02 
  2.592145093e-02 
  2.613577060e-02 
  2.563121170e-02 
  2.564927377e-02 
  2.615598217e-02 
  2.592749521e-02 
  2.464121953e-02 
  2.528148517e-02 
  2.532628365e-02 
  2.503068745e-02 
  2.456895076e-02 
  2.463327534e-02 
  2.471611835e-02 
  2.431986853e-02 
  2.342857048e-02 
  2.256331220e-02 
  2.315912582e-02 
  2.367332578e-02 
  2.405397408e-02 
  2.406599373e-02 
  2.372037619e-02 
  2.376066521e-02 
  2.371924184e-02 
  2.337825671e-02 
  2.330528013e-02 
  2.355084196e-02 
  2.353808098e-02 
  2.339898050e-02 
  2.331076376e-02 
  2.326429263e-02 
  2.307301760e-02 
  2.287674323e-02 
  2.296057530e-02 
  2.275903523e-02 
  2.241947874e-02 
  2.240427025e-02 
  2.227764390e-02 
  2.177465707e-02 
  2.211741917e-02 
  2.216539159e-02 
  2.184023522e-02 
  2.173687704e-02 
  2.108419873e-02 
  2.141918615e-02 
  2.160169184e-02 
  1.991413720e-02 
  2.125341445e-02 
  2.131149359e-02 
  2.126307972e-02 
  2.122745663e-02 
  2.106641792e-02 
  2.081920207e-02 
  2.066035196e-02 
  2.078962326e-02 
  2.027594298e-02 
  1.993233897e-02 
  2.022901922e-02 
  1.917599328e-02 
  1.941994019e-02 
  1.964978687e-02 
  1.980459318e-02 
  1.966339350e-02 
  1.918891445e-02 
  1.953369752e-02 
  1.952683553e-02 
  1.921069622e-02 
  1.895438693e-02 
  1.770652272e-02 
  1.801073365e-02 
  1.808727346e-02 
  1.717081852e-02 
  1.690441370e-02 
  1.769305393e-02 
  1.792757958e-02 
  1.795339026e-02 
  1.749899983e-02 
  1.800819114e-02 
  1.767525636e-02 
  1.788401045e-02 
  1.732292771e-02 
  1.741435379e-02 
  1.694158651e-02 
  1.752957143e-02 
  1.734883338e-02 
  1.727160811e-02 
  1.695370488e-02 
  1.704183407e-02 
  1.705346443e-02 
  1.702015102e-02 
  1.672636718e-02 
  1.686689816e-02 
  1.684049703e-02 
  1.666952297e-02 
  1.669987291e-02 
  1.654969528e-02 
  1.622332633e-02 
  1.578480750e-02 
  1.592855528e-02 
  1.558903046e-02 
  1.582498290e-02 
  1.570875756e-02 
  1.566865668e-02 
  1.540929452e-02 
  1.548900455e-02 
  1.521081664e-02 
  1.520297211e-02 
  1.517551765e-02 
  1.514821872e-02 
  1.481260546e-02 
  1.441997010e-02 
  1.435504388e-02 
  1.395480614e-02 
  1.372595876e-02 
  1.383276563e-02 
  1.373288501e-02 
  1.369826403e-02 
  1.348735485e-02 
  1.327001024e-02 
  1.325129159e-02 
  1.315922197e-02 
  1.323856972e-02 
  1.331527345e-02 
  1.324047893e-02 
  1.289227605e-02 
  1.276498288e-02 
  1.246621553e-02 
  1.226578001e-02 
  1.189838257e-02 
  1.149456296e-02 
  1.156361680e-02 
  1.119074132e-02 
  1.076129917e-02 
  1.077525876e-02 
  1.028990466e-02 
  1.021317486e-02 
  9.597362019e-03 
  9.282424115e-03 
  9.219170548e-03 
  9.317270480e-03 
  9.262330830e-03 
  9.005563334e-03 
  8.853383362e-03 
  8.737373166e-03 
  8.483502083e-03 
  8.119150996e-03 
  8.088659495e-03 
  7.778539322e-03 
  7.777030114e-03 
  7.539138664e-03 
  7.102255709e-03 
  6.988417823e-03 
  6.620108616e-03 
  6.161098834e-03 
  6.424638443e-03 
  6.502761506e-03 
  6.534262560e-03 
  6.431893911e-03 
  6.317408290e-03 
  6.465336774e-03 
  6.098420359e-03 
  6.115086842e-03 
  5.899077747e-03 
  5.831135903e-03 
  5.380509421e-03 
  5.304724909e-03 
  5.277858581e-03 
  5.138531793e-03 
  4.938529339e-03 
  4.911019001e-03 
  4.610942211e-03 
  4.607337061e-03 
  4.516271409e-03 
  4.357342143e-03 
  4.533885978e-03 
  4.557457753e-03 
  4.643378314e-03 
  4.688283429e-03 
  4.524685908e-03 
  4.766098689e-03 
  4.734903108e-03 
  4.681486636e-03 
  4.332235083e-03 
  4.449390806e-03 
  4.507857841e-03 
  4.532495514e-03 
  4.496537615e-03 
  4.457866773e-03 
  4.346286412e-03 
  4.410483874e-03 
  4.407606088e-03 
  4.247691017e-03 
  4.407956731e-03 
  4.468718544e-03 
  4.555677995e-03 
  4.489356652e-03 
  4.704042803e-03 
  4.655272700e-03 
  4.668964539e-03 
  4.608200397e-03 
  4.614111967e-03 
  4.316904116e-03 
  4.234112799e-03 
  3.911640495e-03 
  3.994280938e-03 
  3.691500518e-03 
  3.526333719e-03 
  3.488017013e-03 
  3.496187506e-03 
  3.481351538e-03 
  3.402376315e-03 
  3.155049635e-03 
  3.966076300e-03 
  4.280323163e-03 
  4.360329360e-03 
  4.386580084e-03 
  4.507824779e-03 
  4.584773909e-03 
  4.613038152e-03 
  4.623224027e-03 
  4.586137831e-03 
  4.423710518e-03 
  4.629029427e-03 
  4.554563202e-03 
  4.466314800e-03 
  4.288165364e-03 
  4.422347527e-03 
  4.276451189e-03 
  4.091192503e-03 
  4.245330580e-03 
  4.132199567e-03 
  3.954723477e-03 
  3.926886246e-03 
  3.843085375e-03 
  3.772938391e-03 
  3.719262546e-03 
  3.741628258e-03 
  3.676761175e-03 
  3.695380874e-03 
  3.653022926e-03 
  3.790782997e-03 
  3.796857549e-03 
  3.897600807e-03 
  3.815536387e-03 
  3.879853059e-03 
  3.875710536e-03 
  3.860374680e-03 
  3.738223575e-03 
  3.919205163e-03 
  4.005755298e-03 
  3.970091231e-03 
  4.115335643e-03 
  4.127342254e-03 
  4.218996037e-03 
  4.191501066e-03 
  4.157029558e-03 
  4.314190708e-03 
  4.388467874e-03 
  4.330156837e-03 
  4.405433312e-03 
  4.375172313e-03 
  4.389266018e-03 
  4.394111689e-03 
  4.340163432e-03 
  4.252907820e-03 
  4.411825445e-03 
  4.412046634e-03 
  4.537919536e-03 
  4.454154987e-03 
  4.622776061e-03 
  4.649122711e-03 
  4.701987375e-03 
  4.696843214e-03 
  4.778365605e-03 
  4.555623978e-03 
  4.708329216e-03 
  4.743703175e-03 
  4.780065268e-03 
  4.629759118e-03 
  4.420086741e-03 
  4.144060425e-03 
  4.415163305e-03 
  4.680541810e-03 
  4.728449509e-03 
  4.773102235e-03 
  4.604653921e-03 
  4.461617209e-03 
  4.459412768e-03 
  4.566633143e-03 
  4.487185273e-03 
  4.472092260e-03 
  4.382293671e-03 
  4.479081370e-03 
  4.490637220e-03 
  4.644264933e-03 
  4.599683918e-03 
  4.810177721e-03 
  4.704735242e-03 
  4.838688299e-03 
  4.834252875e-03 
  5.203015171e-03 
  5.065410864e-03 
  5.394711159e-03 
  5.399923772e-03 
  5.593758542e-03 
  5.631477572e-03 
  5.816179793e-03 
  5.757334642e-03 
  5.658306181e-03 
  5.801584572e-03 
  6.059524138e-03 
  6.050144322e-03 
  6.135406438e-03 
  5.811078474e-03 
  6.222100928e-03 
  6.013893522e-03 
  6.175806280e-03 
  6.217907649e-03 
  6.257457193e-03 
  6.176287774e-03 
  6.188952364e-03 
  6.052945275e-03 
  6.069500931e-03 
  6.221988704e-03 
  6.181259174e-03 
  6.151137874e-03 
  6.087342277e-03 
  5.989960395e-03 
  5.737608764e-03 
  5.772296805e-03 
  5.587483291e-03 
  5.574690178e-03 
  4.988872912e-03 
  4.884594120e-03 
  4.325519782e-03 
  4.318611696e-03 
  3.735930659e-03 
  3.734512487e-03 
  3.383422736e-03 
  3.374055028e-03 
  3.405038267e-03 
  3.310063621e-03 
  3.498863894e-03 
  3.489391645e-03 
  3.566571744e-03 
  3.566064639e-03 
  3.589399159e-03 
  3.578043776e-03 
  3.626463469e-03 
  3.583809827e-03 
  3.708064090e-03 
  3.694716142e-03 
  3.894899972e-03 
  3.896409646e-03 
  4.210954532e-03 
  4.171076696e-03 
  4.332410637e-03 
  4.476278555e-03 
  4.797261674e-03 
  4.792170599e-03 
  4.969922826e-03 
  5.005162209e-03 
  5.134954583e-03 
  5.142641719e-03 
  5.151212681e-03 
  5.081016105e-03 
  5.176857579e-03 
  5.252976902e-03 
  5.311980844e-03 
  5.297426600e-03 
  5.133450031e-03 
  5.243573803e-03 
  5.278251134e-03 
  4.985358566e-03 
  5.149281584e-03 
  5.180996843e-03 
  5.134004634e-03 
  5.076325033e-03 
  5.031063687e-03 
  5.020383280e-03 
  4.882074893e-03 
  4.869265016e-03 
  4.833464045e-03 
  4.628050141e-03 
  4.644330591e-03 
  4.408357199e-03 
  4.375441000e-03 
  4.218289629e-03 
  4.150836729e-03 
  4.147314932e-03 
  4.170724656e-03 
  4.202298820e-03 
  4.177999217e-03 
  4.233554006e-03 
  4.226843361e-03 
  4.226224031e-03 
  4.106383771e-03 
  4.219596274e-03 
  4.195807967e-03 
  3.937781323e-03 
  4.160597455e-03 
  4.157669842e-03 
  4.165805876e-03 
  4.122561309e-03 
  4.190199543e-03 
  4.041873384e-03 
  4.266389180e-03 
  4.209409468e-03 
  4.375229124e-03 
  4.360285122e-03 
  4.444260150e-03 
  4.430687986e-03 
  4.484743811e-03 
  4.475115798e-03 
  4.392220173e-03 
  4.473261070e-03 
  4.421211313e-03 
  4.473814275e-03 
  4.387285095e-03 
  4.411071539e-03 
  4.439340904e-03 
  4.465974867e-03 
  4.455300514e-03 
  4.475087393e-03 
  4.472864326e-03 
  4.474868067e-03 
  4.432951566e-03 
  4.255669657e-03 
  4.402076825e-03 
  4.435061943e-03 
  4.287160933e-03 
  4.407814704e-03 
  4.386963788e-03 
  4.372643773e-03 
  4.379258491e-03 
  4.382562358e-03 
  4.369596951e-03 
  4.391093273e-03 
  4.315919708e-03 
  4.374057986e-03 
  4.362108652e-03 
  4.369726870e-03 
  4.348396789e-03 
  4.335662350e-03 
  4.305295646e-03 
  4.196475726e-03 
  4.286105279e-03 
  4.265965428e-03 
  4.236302339e-03 
  4.241484683e-03 
  4.229813814e-03 
  4.192990251e-03 
  4.084623419e-03 
  4.171247594e-03 
  4.190863576e-03 
  4.082847852e-03 
  4.162247758e-03 
  4.118634388e-03 
  4.113635514e-03 
  4.041946959e-03 
  4.121521022e-03 
  4.133791663e-03 
  4.054226447e-03 
  4.130129702e-03 
  4.113109782e-03 
  4.089525901e-03 
  4.106483888e-03 
  4.091464914e-03 
  4.080499522e-03 
  4.060589243e-03 
  4.057580139e-03 
  3.902160330e-03 
  4.027566407e-03 
  4.019208718e-03 
  3.991620615e-03 
  3.979231231e-03 
  3.975513857e-03 
  3.944982775e-03 
  3.917950671e-03 
  3.890710417e-03 
  3.844797146e-03 
  3.777419450e-03 
  3.808696987e-03 
  3.803296713e-03 
  3.750484670e-03 
  3.738987958e-03 
  3.702748334e-03 
  3.686832497e-03 
  3.645869205e-03 
  3.647738602e-03 
  3.639524337e-03 
  3.635891248e-03 
  3.619916504e-03 
  3.608095692e-03 
  3.584758611e-03 
  3.566521686e-03 
  3.556390526e-03 
  3.502251115e-03 
  3.498454811e-03 
  3.443095833e-03 
  3.322279081e-03 
  2.978797536e-03 
  3.252871800e-03 
  3.349646926e-03 
  3.432351397e-03 
  3.422513139e-03 
  3.445995273e-03 
  3.426600713e-03 
  3.432628466e-03 
  3.413444618e-03 
  3.411332611e-03 
  3.384190612e-03 
  3.346754937e-03 
  3.364976496e-03 
  3.230195493e-03 
  3.354432993e-03 
  3.342998913e-03 
  3.306672210e-03 
  3.219282953e-03 
  3.291492350e-03 
  3.293802962e-03 
  3.291453235e-03 
  3.281094134e-03 
  3.192454344e-03 
  3.168888157e-03 
  3.201473504e-03 
  3.233155003e-03 
  3.218456171e-03 
  3.177904990e-03 
  3.163843416e-03 
  3.148697549e-03 
  3.107943339e-03 
  3.090111539e-03 
  3.065234516e-03 
  3.055289388e-03 
  3.038413357e-03 
  3.035091795e-03 
  3.024710808e-03 
  3.051810665e-03 
  3.046839964e-03 
  3.032626119e-03 
  2.950977068e-03 
  2.908120630e-03 
  3.049803432e-03 
  2.981367521e-03 
  3.071632935e-03 
  3.063364886e-03 
  3.048004117e-03 
  3.042408964e-03 
  3.024738282e-03 
  3.018961754e-03 
  2.988204826e-03 
  2.939608879e-03 
  2.970112022e-03 
  2.974237315e-03 
  2.959143603e-03 
  2.948716050e-03 
  2.931701019e-03 
  2.924450673e-03 
  2.911975607e-03 
  2.892161487e-03 
  2.837106353e-03 
  2.840082860e-03 
  2.833089326e-03 
  2.853415208e-03 
  2.817745088e-03 
  2.816979075e-03 
  2.811787184e-03 
  2.798791509e-03 
  2.788563492e-03 
  2.768808976e-03 
  2.752707107e-03 
  2.749057021e-03 
  2.712981310e-03 
  2.651289105e-03 
  2.679340076e-03 
  2.700945828e-03 
  2.690305468e-03 
  2.640943974e-03 
  2.656261669e-03 
  2.652560826e-03 
  2.642162377e-03 
  2.635077573e-03 
  2.559413668e-03 
  2.608057577e-03 
  2.582396381e-03 
  2.574776299e-03 
  2.574385609e-03 
  2.535246545e-03 
  2.467514947e-03 
  2.517518820e-03 
  2.494080923e-03 
  2.489603823e-03 
  2.484644996e-03 
  2.483038232e-03 
  2.460702322e-03 
  2.444315702e-03 
  2.444675658e-03 
  2.353790216e-03 
  2.436072566e-03 
  2.417384181e-03 
  2.383295679e-03 
  2.400156111e-03 
  2.397336299e-03 
  2.387607470e-03 
  2.376334276e-03 
  2.351335716e-03 
  2.368901391e-03 
  2.362126019e-03 
  2.350944327e-03 
  2.311990131e-03 
  2.336255042e-03 
  2.332571894e-03 
  2.327019814e-03 
  2.315735212e-03 
  2.304687630e-03 
  2.188004553e-03 
  2.255186439e-03 
  2.257930813e-03 
  2.249949146e-03 
  2.237902954e-03 
  2.231811872e-03 
  2.232391620e-03 
  2.220776863e-03 
  2.197301714e-03 
  2.193387132e-03 
  2.160672098e-03 
  2.167553408e-03 
  2.159502823e-03 
  2.041773638e-03 
  2.092206618e-03 
  2.080308972e-03 
  2.040199470e-03 
  2.081840066e-03 
  2.084081061e-03 
  2.074907068e-03 
  2.069726121e-03 
  2.089029178e-03 
  2.079211641e-03 
  2.068794565e-03 
  2.087223111e-03 
  2.085793763e-03 
  2.085013315e-03 
  2.081065206e-03 
  2.064222703e-03 
  2.050908050e-03 
  2.053773496e-03 
  2.040625550e-03 
  2.018894302e-03 
  2.003649948e-03 
  1.934415195e-03 
  1.959341578e-03 
  1.936936518e-03 
  1.965714619e-03 
  1.954452833e-03 
  1.927134232e-03 
  1.933735097e-03 
  1.928895363e-03 
  1.833816757e-03 
  1.881490811e-03 
  1.893586596e-03 
  1.869600033e-03 
  1.901825890e-03 
  1.911274507e-03 
  1.893005450e-03 
  1.886500162e-03 
  1.874791924e-03 
  1.859839889e-03 
  1.855360344e-03 
  1.822475577e-03 
  1.793507021e-03 
  1.803134102e-03 
  1.781573286e-03 
  1.769333379e-03 
  1.720597968e-03 
  1.746040303e-03 
  1.745157526e-03 
  1.728081028e-03 
  1.716984203e-03 
  1.709059114e-03 
  1.695055515e-03 
  1.696203719e-03 
  1.683500246e-03 
  1.678654924e-03 
  1.683815732e-03 
  1.670293044e-03 
  1.675383071e-03 
  1.646544435e-03 
  1.592328539e-03 
  1.630955609e-03 
  1.646751072e-03 
  1.658896334e-03 
  1.642676303e-03 
  1.640432747e-03 
  1.666276949e-03 
  1.664885785e-03 
  1.649878337e-03 
  1.632248168e-03 
  1.627191552e-03 
  1.628910890e-03 
  1.593937632e-03 
  1.594520058e-03 
  1.557993237e-03 
  1.547557185e-03 
  1.530155307e-03 
  1.500772079e-03 
  1.515612938e-03 
  1.513535623e-03 
  1.513507683e-03 
  1.437188941e-03 
  1.482683001e-03 
  1.510685077e-03 
  1.503286534e-03 
  1.496327459e-03 
  1.510632341e-03 
  1.503195846e-03 
  1.495992765e-03 
  1.497096731e-03 
  1.422879635e-03 
  1.419668552e-03 
  1.428249408e-03 
  1.436305465e-03 
  1.419066219e-03 
  1.454690704e-03 
  1.447016723e-03 
  1.462833723e-03 
  1.457849285e-03 
  1.451695804e-03 
  1.441410976e-03 
  1.457693870e-03 
  1.442400855e-03 
  1.441401313e-03 
  1.445724629e-03 
  1.433567959e-03 
  1.433508005e-03 
  1.417741994e-03 
  1.412632642e-03 
  1.417451422e-03 
  1.404737472e-03 
  1.384785748e-03 
  1.391599653e-03 
  1.369091915e-03 
  1.356878784e-03 
  1.356990193e-03 
  1.350373845e-03 
  1.330854371e-03 
  1.329888706e-03 
  1.326021156e-03 
  1.307463972e-03 
  1.259856741e-03 
  1.255521202e-03 
  1.211837051e-03 
  1.264420687e-03 
  1.273315516e-03 
  1.305924263e-03 
  1.289811684e-03 
  1.295653172e-03 
  1.309366780e-03 
  1.298006158e-03 
  1.299712108e-03 
  1.292592264e-03 
  1.306744525e-03 
  1.290780143e-03 
  1.287913299e-03 
  1.294464106e-03 
  1.284587663e-03 
  1.269290689e-03 
  1.275046146e-03 
  1.269204076e-03 
  1.228804584e-03 
  1.213329611e-03 
  1.245212625e-03 
  1.234910102e-03 
  1.203281805e-03 
  1.232535229e-03 
  1.212097588e-03 
  1.196044963e-03 
  1.201436389e-03 
  1.167816226e-03 
  1.160085783e-03 
  1.138451975e-03 
  1.103773597e-03 
  1.104484661e-03 
  1.092065475e-03 
  1.090289326e-03 
  1.096118940e-03 
  1.086272881e-03 
  1.083984505e-03 
  1.099068439e-03 
  1.123919385e-03 
  1.110522076e-03 
  1.106767799e-03 
  1.066069701e-03 
  1.119046123e-03 
  1.124929404e-03 
  1.116179861e-03 
  1.099114656e-03 
  1.100180438e-03 
  1.090375823e-03 
  1.077093533e-03 
  1.066886820e-03 
  1.056826906e-03 
  1.033673878e-03 
  1.031892025e-03 
  1.022703946e-03 
  9.434820968e-04 
  9.821356507e-04 
  9.766226867e-04 
  9.605104569e-04 
  9.418539703e-04 
  9.579329053e-04 
  9.121889016e-04 
  9.240338113e-04 
  9.180455236e-04 
  8.476782241e-04 
  8.585596806e-04 
  8.426586865e-04 
  8.167894557e-04 
  7.927641273e-04 
  8.284559590e-04 
  7.970188162e-04 
  7.908536936e-04 
  7.467937539e-04 
  7.790330565e-04 
  7.771517849e-04 
  7.798629813e-04 
  7.755503757e-04 
  7.773804246e-04 
  7.637522649e-04 
  7.792069810e-04 
  7.693440421e-04 
  7.631847984e-04 
  7.779136649e-04 
  7.712756633e-04 
  7.735631079e-04 
  7.635765942e-04 
