  7.603123784e-01 
  1.858692408e+00 
  1.897288084e+00 
  4.541632175e+00 
  4.958580971e+00 
  8.450039864e+00 
  8.926484108e+00 
  1.264838219e+01 
  1.566075039e+01 
  1.635749245e+01 
  1.745787239e+01 
  3.302145004e+01 
  2.744181633e+01 
  3.422577667e+01 
  3.465718842e+01 
  4.051519775e+01 
  3.127777863e+01 
  4.464908600e+01 
  4.284110641e+01 
  4.725311661e+01 
  4.561890793e+01 
  5.516576767e+01 
  4.824465561e+01 
  4.187112427e+01 
  5.182141876e+01 
  5.735007477e+01 
  7.807930756e+01 
  7.791656494e+01 
  6.423079681e+01 
  7.533524323e+01 
  7.806167603e+01 
  6.301278305e+01 
  6.877890015e+01 
  7.721207428e+01 
  6.426354218e+01 
  6.852845764e+01 
  5.111640167e+01 
  4.854806900e+01 
  5.878063583e+01 
  5.873010635e+01 
  6.555428314e+01 
  5.495293808e+01 
  5.718927002e+01 
  5.700164795e+01 
  5.115378571e+01 
  6.525768280e+01 
  7.183190918e+01 
  6.779556274e+01 
  6.333222961e+01 
  6.889313507e+01 
  6.987232208e+01 
  6.581162262e+01 
  6.690711975e+01 
  6.055161285e+01 
  6.933757782e+01 
  6.970713806e+01 
  6.538114166e+01 
  4.145763779e+01 
  4.468604660e+01 
  4.459514236e+01 
  6.562124634e+01 
  5.160818100e+01 
  5.616130829e+01 
  5.925872421e+01 
  5.867280197e+01 
  5.449652100e+01 
  7.419499969e+01 
  6.585224915e+01 
  6.159677124e+01 
  5.876646423e+01 
  6.703557587e+01 
  5.309974670e+01 
  5.543393326e+01 
  5.478149033e+01 
  4.206488037e+01 
  3.819675064e+01 
  5.415762329e+01 
  5.491278076e+01 
  7.035939789e+01 
  5.365136719e+01 
  4.976737595e+01 
  5.532197571e+01 
  4.092567444e+01 
  2.823031998e+01 
  3.073543358e+01 
  4.574264526e+01 
  3.510783005e+01 
  3.983578110e+01 
  3.899481964e+01 
  4.390000916e+01 
  5.258020782e+01 
  5.810311127e+01 
  5.100217819e+01 
  2.700660133e+01 
  2.951771927e+01 
  4.893950653e+01 
  4.975217438e+01 
  1.999956703e+01 
  5.526727295e+01 
  6.545314026e+01 
  6.351482773e+01 
  6.231013489e+01 
  6.517997742e+01 
  6.025753784e+01 
  6.391799164e+01 
  5.786209106e+01 
  5.668829727e+01 
  5.450443268e+01 
  5.829370880e+01 
  6.370292664e+01 
  5.258263016e+01 
  6.096574020e+01 
  6.237289047e+01 
  5.817860031e+01 
  5.638287354e+01 
  5.938119507e+01 
  5.828283691e+01 
  5.580662918e+01 
  5.391532135e+01 
  5.455519867e+01 
  4.560847092e+01 
  5.644178009e+01 
  5.342178726e+01 
  4.456847382e+01 
  4.842816162e+01 
  4.955056381e+01 
  4.705859756e+01 
  4.472248077e+01 
  4.474441528e+01 
  4.022261810e+01 
  3.171635056e+01 
  2.817893219e+01 
  5.012555695e+01 
  4.409592819e+01 
  4.142189789e+01 
  4.454183960e+01 
  4.881802368e+01 
  4.872028351e+01 
  4.314150238e+01 
  4.126890564e+01 
  4.572668457e+01 
  4.506071472e+01 
  4.692119598e+01 
  4.670293045e+01 
  4.587916183e+01 
  4.772066498e+01 
  4.200607300e+01 
  4.737733841e+01 
  4.763265991e+01 
  4.742708969e+01 
  4.792776489e+01 
  5.122846603e+01 
  4.710295868e+01 
  4.324843979e+01 
  4.560938644e+01 
  4.543219757e+01 
  4.603232574e+01 
  4.579371262e+01 
  4.450758743e+01 
  4.402830124e+01 
  4.318198776e+01 
  4.427442932e+01 
  4.309443665e+01 
  4.265261459e+01 
  4.234409332e+01 
  4.128928375e+01 
  4.215276718e+01 
  4.024192429e+01 
  4.215794373e+01 
  4.135355759e+01 
  4.036097336e+01 
  3.987157822e+01 
  3.994250870e+01 
  3.910097122e+01 
  3.901082993e+01 
  4.017281342e+01 
  3.854226685e+01 
  3.780026245e+01 
  3.925806046e+01 
  3.708412552e+01 
  3.741904449e+01 
  3.680496597e+01 
  3.718848801e+01 
  3.684734344e+01 
  3.507128906e+01 
  3.497400665e+01 
  2.807322121e+01 
  3.123946762e+01 
  3.358390808e+01 
  3.091147423e+01 
  3.484553909e+01 
  3.228822708e+01 
  3.072606087e+01 
  3.277111053e+01 
  3.135262871e+01 
  3.319287109e+01 
  3.201683807e+01 
  3.076051712e+01 
  2.974705315e+01 
  2.939294243e+01 
  2.898600197e+01 
  2.806836700e+01 
  2.762166977e+01 
  2.899327278e+01 
  2.672262573e+01 
  2.855370331e+01 
  3.028245544e+01 
  2.791325569e+01 
  2.652054214e+01 
  2.833328247e+01 
  2.719978333e+01 
  2.695686531e+01 
  2.803239441e+01 
  2.542054749e+01 
  2.465930176e+01 
  2.494479561e+01 
  2.596327400e+01 
  1.895105362e+01 
  2.324925232e+01 
  2.182687187e+01 
  2.381357574e+01 
  2.361202049e+01 
  2.432828712e+01 
  2.246022606e+01 
  2.415068436e+01 
  2.374419212e+01 
  2.242716026e+01 
  1.941764832e+01 
  2.311454010e+01 
  2.356128311e+01 
  2.206760979e+01 
  2.380988884e+01 
  2.251573372e+01 
  1.960342598e+01 
  2.113119698e+01 
  2.137173462e+01 
  2.248031998e+01 
  2.067565918e+01 
  2.145649338e+01 
  2.120203018e+01 
  2.057150078e+01 
  1.870295143e+01 
  2.068604660e+01 
  1.961967850e+01 
  2.051963425e+01 
  2.004457283e+01 
  1.943506622e+01 
  2.009193420e+01 
  1.848737526e+01 
  1.929550743e+01 
  1.871833229e+01 
  1.845301247e+01 
  1.909569931e+01 
  1.820243835e+01 
  1.864893532e+01 
  1.855445862e+01 
  1.790169907e+01 
  1.723470497e+01 
  1.774993515e+01 
  1.664709091e+01 
  1.659040642e+01 
  1.809222221e+01 
  1.647839546e+01 
  1.710689926e+01 
  1.673598862e+01 
  1.680376244e+01 
  1.537322044e+01 
  1.636188507e+01 
  1.618445206e+01 
  1.573293591e+01 
  1.569347858e+01 
  1.502476311e+01 
  1.575350380e+01 
  1.579223633e+01 
  1.558827782e+01 
  1.509246635e+01 
  1.470966911e+01 
  1.521413517e+01 
  1.466898537e+01 
  1.445934200e+01 
  1.486031437e+01 
  1.450092506e+01 
  1.462274456e+01 
  1.462611294e+01 
  1.448095894e+01 
  1.428711700e+01 
  1.357955837e+01 
  1.400543213e+01 
  1.376974106e+01 
  1.213580227e+01 
  1.258487988e+01 
  1.326628685e+01 
  1.292833138e+01 
  1.296245480e+01 
  1.299210739e+01 
  1.266369629e+01 
  1.287549400e+01 
  1.282463551e+01 
  1.247112560e+01 
  1.238611889e+01 
  1.230227661e+01 
  1.214761162e+01 
  1.193281269e+01 
  1.192502594e+01 
  1.222132015e+01 
  1.210906029e+01 
  1.188832378e+01 
  1.174236870e+01 
  1.162128258e+01 
  1.142532444e+01 
  1.116751766e+01 
  1.127338600e+01 
  1.105282211e+01 
  1.081919861e+01 
  1.035955334e+01 
  1.078399086e+01 
  1.018574619e+01 
  1.017557907e+01 
  1.058483315e+01 
  1.041802597e+01 
  1.050157070e+01 
  1.061095333e+01 
  9.983880043e+00 
  9.994240761e+00 
  9.937946320e+00 
  9.603721619e+00 
  9.587377548e+00 
  9.674293518e+00 
  9.407626152e+00 
  9.629591942e+00 
  9.246697426e+00 
  9.538587570e+00 
  8.839260101e+00 
  9.432949066e+00 
  9.099658966e+00 
  9.210847855e+00 
  8.833058357e+00 
  9.070329666e+00 
  9.157876015e+00 
  9.027145386e+00 
  8.691683769e+00 
  8.763209343e+00 
  8.605586052e+00 
  8.700142860e+00 
  8.547172546e+00 
  8.564748764e+00 
  8.189031601e+00 
  8.251828194e+00 
  8.190188408e+00 
  8.297644615e+00 
  7.638946056e+00 
  8.177745819e+00 
  7.973027706e+00 
  8.081245422e+00 
  7.926378727e+00 
  7.670402527e+00 
  6.472056866e+00 
  6.864958286e+00 
  7.599946499e+00 
  7.568461895e+00 
  7.582383633e+00 
  7.573317528e+00 
  7.636985779e+00 
  7.505766869e+00 
  7.342050076e+00 
  7.329796314e+00 
  7.373653889e+00 
  7.183842659e+00 
  7.181315422e+00 
  7.240735054e+00 
  7.111174107e+00 
  6.993746281e+00 
  6.929306507e+00 
  6.937287331e+00 
  6.909317970e+00 
  6.763266563e+00 
  6.849903107e+00 
  6.673682690e+00 
  6.743726254e+00 
  6.608840942e+00 
  6.518668175e+00 
  6.486610413e+00 
  6.434060574e+00 
  6.438340664e+00 
  6.283793926e+00 
  6.317702293e+00 
  5.994601250e+00 
  5.430465698e+00 
  5.539469719e+00 
  5.480831146e+00 
  5.549922943e+00 
  5.649873257e+00 
  5.656700611e+00 
  5.647869110e+00 
  5.647041321e+00 
  5.552423954e+00 
  5.605704308e+00 
  5.672636032e+00 
  5.515705109e+00 
  5.508511066e+00 
  5.424317837e+00 
  5.256240845e+00 
  5.211549282e+00 
  5.315111637e+00 
  5.302345753e+00 
  5.286118984e+00 
  5.204642296e+00 
  5.105354786e+00 
  5.233082294e+00 
  5.037577152e+00 
  5.102976799e+00 
  5.043617249e+00 
  4.963247299e+00 
  4.898801327e+00 
  4.948186398e+00 
  4.724884033e+00 
  4.796863079e+00 
  4.502882004e+00 
  4.373592377e+00 
  4.271158218e+00 
  4.237251759e+00 
  4.390528679e+00 
  4.501550674e+00 
  4.423658371e+00 
  4.314563274e+00 
  4.258421898e+00 
  4.221828938e+00 
  4.274866104e+00 
  4.162087440e+00 
  4.011962414e+00 
  4.129938126e+00 
  4.030964375e+00 
  4.151110172e+00 
  4.133049488e+00 
  4.229970932e+00 
  4.160187721e+00 
  4.038257122e+00 
  4.084959030e+00 
  4.074046135e+00 
  3.929867744e+00 
  3.967049837e+00 
  3.926602840e+00 
  3.845888853e+00 
  3.948378325e+00 
  3.969887733e+00 
  3.849907398e+00 
  3.885620356e+00 
  3.925192833e+00 
  3.834559441e+00 
  3.815668106e+00 
  3.738222599e+00 
  3.708599806e+00 
  3.747103214e+00 
  3.692282438e+00 
  3.730287075e+00 
  3.689078331e+00 
  3.597594500e+00 
  3.604429483e+00 
  3.575551748e+00 
  3.240593433e+00 
  1.794435501e+00 
  1.651886463e+00 
  2.408462286e+00 
  2.204836607e+00 
  2.326476812e+00 
  2.605473757e+00 
  2.754549980e+00 
  2.933482409e+00 
  3.149282455e+00 
  3.203916311e+00 
  3.213467836e+00 
  3.220926046e+00 
  3.196686745e+00 
  3.169048071e+00 
  3.188193321e+00 
  3.053214788e+00 
  3.162878275e+00 
  3.124618053e+00 
  3.091581106e+00 
  3.085394144e+00 
  3.031270981e+00 
  3.010931253e+00 
  3.031303883e+00 
  2.945038080e+00 
  2.945695639e+00 
  2.935179472e+00 
  2.864953756e+00 
  2.884234190e+00 
  2.821980000e+00 
  2.808969498e+00 
  2.764927864e+00 
  2.739258051e+00 
  2.684570312e+00 
  2.674099922e+00 
  2.645845890e+00 
  2.610107899e+00 
  2.621155500e+00 
  2.629684210e+00 
  2.630310059e+00 
  2.611900091e+00 
  2.522277832e+00 
  2.557143211e+00 
  2.538408756e+00 
  2.490643978e+00 
  2.504599810e+00 
  2.431689739e+00 
  2.489951372e+00 
  2.462835312e+00 
  2.432574272e+00 
  2.375940800e+00 
  2.349601984e+00 
  2.367491722e+00 
  2.337308168e+00 
  2.303467035e+00 
  2.273010731e+00 
  2.218559742e+00 
  2.164885759e+00 
  2.168367624e+00 
  2.146239758e+00 
  2.085462570e+00 
  2.060902119e+00 
  2.152258158e+00 
  2.056350708e+00 
  2.011636257e+00 
  2.084312439e+00 
  2.108077049e+00 
  2.104347706e+00 
  2.082387209e+00 
  2.044350863e+00 
  2.041521788e+00 
  2.008569956e+00 
  1.965798616e+00 
  1.997165203e+00 
  1.930749178e+00 
  1.955833793e+00 
  1.961266279e+00 
  1.970889330e+00 
  1.944713950e+00 
  1.947450876e+00 
  1.880502701e+00 
  1.922595143e+00 
  1.915368795e+00 
  1.896797180e+00 
  1.880723238e+00 
  1.843358159e+00 
  1.863609433e+00 
  1.871825695e+00 
  1.800184965e+00 
  1.842538357e+00 
  1.837324500e+00 
  1.580124736e+00 
  1.800508142e+00 
  1.724062085e+00 
  1.737333536e+00 
  1.390027523e+00 
  1.523592353e+00 
  1.721897244e+00 
  1.741754293e+00 
  1.706066847e+00 
  1.698423624e+00 
  1.675550580e+00 
  1.667470217e+00 
  1.654248953e+00 
  1.677957892e+00 
  1.666785955e+00 
  1.628097296e+00 
  1.359267592e+00 
  1.440690875e+00 
  1.555177808e+00 
  1.526220798e+00 
  1.581760168e+00 
  1.572182059e+00 
  1.558617711e+00 
  1.557566404e+00 
  1.516345143e+00 
  1.495434284e+00 
  1.500840306e+00 
  1.523666859e+00 
  1.490385890e+00 
  1.486914158e+00 
  1.471341491e+00 
  1.388341069e+00 
  1.458197832e+00 
  1.418454289e+00 
  1.423964500e+00 
  1.431718111e+00 
  1.377935648e+00 
  1.358049870e+00 
  1.392300010e+00 
  1.395377517e+00 
  1.384207606e+00 
  1.370009780e+00 
  1.356513858e+00 
  1.290270567e+00 
  1.322707653e+00 
  1.236817360e+00 
  1.260260463e+00 
  1.206799984e+00 
  1.194949269e+00 
  1.165864348e+00 
  1.134685636e+00 
  1.099978805e+00 
  1.075871825e+00 
  1.166198254e+00 
  1.202771902e+00 
  1.193223715e+00 
  1.140781760e+00 
  1.129036307e+00 
  1.078056574e+00 
  1.055571795e+00 
  1.065700412e+00 
  1.068141580e+00 
  1.060782433e+00 
  1.059755921e+00 
  1.058532119e+00 
  1.043215632e+00 
  1.053588152e+00 
  1.036935568e+00 
  1.032834172e+00 
  1.062270164e+00 
  1.063916326e+00 
  1.032475591e+00 
  1.018429756e+00 
  9.672281146e-01 
  9.935241938e-01 
  1.001495838e+00 
  9.611554146e-01 
  9.811031818e-01 
  9.660843611e-01 
  9.255020022e-01 
  8.903142810e-01 
  8.533949852e-01 
  7.991244793e-01 
  7.670500278e-01 
  7.264549136e-01 
  7.094238400e-01 
  7.129561305e-01 
  7.227267623e-01 
  7.453317046e-01 
  8.369616270e-01 
  8.418107033e-01 
  8.086475730e-01 
  7.488942146e-01 
  7.406516075e-01 
  7.141758204e-01 
  7.335788608e-01 
  7.412616611e-01 
  7.477869391e-01 
  7.573791742e-01 
  7.555177212e-01 
  7.494663000e-01 
  7.599716187e-01 
  7.374711633e-01 
  7.458288074e-01 
  7.496671081e-01 
  6.867611408e-01 
  7.270625234e-01 
  7.584872246e-01 
  7.656384110e-01 
  7.597917914e-01 
  7.478958368e-01 
  7.340390682e-01 
  7.371692657e-01 
  7.506985664e-01 
  7.416189313e-01 
  7.458949685e-01 
  7.223043442e-01 
  7.535399199e-01 
  7.646256685e-01 
  7.772296071e-01 
  7.767287493e-01 
  7.663525343e-01 
  7.653517127e-01 
  7.480768561e-01 
  7.254799008e-01 
  7.210816145e-01 
  7.329955697e-01 
  7.218293548e-01 
  7.357269526e-01 
  7.141803503e-01 
  7.326039076e-01 
  7.372985482e-01 
  7.300245762e-01 
  7.311827540e-01 
  7.297971249e-01 
  7.302500010e-01 
  7.262909412e-01 
  7.337632775e-01 
  7.222409844e-01 
  7.104578018e-01 
  7.141005397e-01 
  7.188679576e-01 
  7.098503709e-01 
  7.069167495e-01 
  7.094075680e-01 
  7.025355101e-01 
  6.995207071e-01 
  6.966671348e-01 
  6.903942227e-01 
  6.855501533e-01 
  6.775872707e-01 
  6.770859361e-01 
  6.709257960e-01 
  6.609941721e-01 
  6.542094946e-01 
  6.091758013e-01 
  6.387634873e-01 
  6.473380923e-01 
  6.455681920e-01 
  6.366158724e-01 
  6.375191212e-01 
  6.341311932e-01 
  6.328195930e-01 
  6.263334155e-01 
  6.281890273e-01 
  6.141871810e-01 
  6.160092354e-01 
  6.077083349e-01 
  6.127455831e-01 
  5.955406427e-01 
  5.922111273e-01 
  5.963094831e-01 
  5.842384100e-01 
  5.923578739e-01 
  5.865698457e-01 
  5.852041841e-01 
  5.841939449e-01 
  5.781234503e-01 
  5.774191618e-01 
  5.669404864e-01 
  5.708938241e-01 
  5.670989156e-01 
  5.630884767e-01 
  5.506084561e-01 
  5.543431044e-01 
  5.463246703e-01 
  5.512006283e-01 
  5.374560952e-01 
  5.406572819e-01 
  5.407334566e-01 
  5.322293043e-01 
  5.329401493e-01 
  5.324189663e-01 
  5.211805701e-01 
  5.242764950e-01 
  5.199813843e-01 
  5.028617382e-01 
  5.100687742e-01 
  5.130662918e-01 
  5.076748729e-01 
  5.026328564e-01 
  5.006932020e-01 
  4.963739812e-01 
  4.946428835e-01 
  4.876154959e-01 
  4.892410040e-01 
  4.859923124e-01 
  4.831497967e-01 
  4.760237932e-01 
  4.592593908e-01 
  4.740337431e-01 
  4.556302726e-01 
  4.663223326e-01 
  4.565177560e-01 
  4.604898393e-01 
  4.579406083e-01 
  4.421900213e-01 
  4.508418739e-01 
  4.470468462e-01 
  4.117726386e-01 
  4.347439110e-01 
  4.337148964e-01 
  4.332311153e-01 
  4.174146950e-01 
  4.305503368e-01 
  4.161078334e-01 
  4.234064519e-01 
  4.206019044e-01 
  4.198948145e-01 
  4.020991921e-01 
  4.114302397e-01 
  3.948408961e-01 
  3.988782167e-01 
  3.861804903e-01 
  3.988463283e-01 
  3.907731473e-01 
  3.947561979e-01 
  3.706940711e-01 
  3.918489516e-01 
  3.736179769e-01 
  3.800050616e-01 
  3.814272285e-01 
  3.703410923e-01 
  3.625640869e-01 
  3.280522823e-01 
  3.539063931e-01 
  3.512833714e-01 
  3.449573517e-01 
  3.343986571e-01 
  3.293268085e-01 
  3.340158165e-01 
  3.327547610e-01 
  3.174659312e-01 
  3.292536139e-01 
  3.248516619e-01 
  3.211531639e-01 
  3.152770996e-01 
  3.142190874e-01 
  3.123953938e-01 
  3.143493831e-01 
  3.144721985e-01 
  3.082630932e-01 
  2.988948822e-01 
  2.891017199e-01 
  2.889867425e-01 
  2.755201757e-01 
  2.652479112e-01 
  2.537842095e-01 
  2.387160659e-01 
  2.252003700e-01 
  2.174945921e-01 
  2.164300233e-01 
  2.069652677e-01 
  2.114288360e-01 
  2.139128894e-01 
  2.072741985e-01 
  2.020066381e-01 
  2.087242901e-01 
  2.053690702e-01 
  2.131460458e-01 
  2.296768278e-01 
  2.363274544e-01 
  2.291799337e-01 
  2.105838507e-01 
  1.860368103e-01 
  1.894641370e-01 
  2.111997902e-01 
  2.254331410e-01 
  2.282784730e-01 
  2.361713946e-01 
  2.337520570e-01 
  2.218719423e-01 
  2.255100161e-01 
  2.158961445e-01 
  2.083443403e-01 
  2.012285441e-01 
  2.044042051e-01 
  2.106726617e-01 
  2.132960111e-01 
  2.153581679e-01 
  2.137735784e-01 
  2.155813128e-01 
  2.159982175e-01 
  2.171675712e-01 
  2.168419361e-01 
  2.217548490e-01 
  2.227945775e-01 
  2.338065505e-01 
  2.369987518e-01 
  2.361468077e-01 
  2.336746156e-01 
  2.311767340e-01 
  2.413114309e-01 
  2.447227836e-01 
  2.396830320e-01 
  2.437454313e-01 
  2.372834086e-01 
  2.407469451e-01 
  2.418509275e-01 
  2.331293672e-01 
  2.390205711e-01 
  2.405062616e-01 
  2.382132262e-01 
  2.350794822e-01 
  2.344266474e-01 
  2.327037752e-01 
  2.279942781e-01 
  2.334056646e-01 
  2.270655036e-01 
  2.252943367e-01 
  2.270826697e-01 
  2.237530351e-01 
  2.219182253e-01 
  2.084269673e-01 
  2.178897113e-01 
  2.219800353e-01 
  2.193219662e-01 
  2.167181820e-01 
  2.144427299e-01 
  2.023377866e-01 
  2.146413922e-01 
  2.182227671e-01 
  2.177100331e-01 
  2.167542875e-01 
  2.154022455e-01 
  2.109278142e-01 
  2.102643251e-01 
  2.088743746e-01 
  2.010325938e-01 
  1.922013015e-01 
  2.040919960e-01 
  2.049616426e-01 
  2.046042979e-01 
  1.934819967e-01 
  1.962026358e-01 
  2.021625042e-01 
  2.012921125e-01 
  2.024081349e-01 
  1.985406280e-01 
  1.850717962e-01 
  1.966242790e-01 
  1.893392354e-01 
  1.948573589e-01 
  1.958246529e-01 
  1.941984743e-01 
  1.945179403e-01 
  1.944334507e-01 
  1.943424642e-01 
  1.933389604e-01 
  1.910199523e-01 
  1.917291135e-01 
  1.908908486e-01 
  1.893080473e-01 
  1.878771484e-01 
  1.893612295e-01 
  1.878411174e-01 
  1.880731881e-01 
  1.814001501e-01 
  1.868115216e-01 
  1.862529665e-01 
  1.852925271e-01 
  1.848380566e-01 
  1.822011173e-01 
  1.830775440e-01 
  1.822568774e-01 
  1.805327237e-01 
  1.810910404e-01 
  1.806082428e-01 
  1.799358875e-01 
  1.773051172e-01 
  1.759095043e-01 
  1.768392026e-01 
  1.751732230e-01 
  1.726098359e-01 
  1.703711152e-01 
  1.726499349e-01 
  1.706703454e-01 
  1.691061705e-01 
  1.697868854e-01 
  1.685363799e-01 
  1.672113836e-01 
  1.653690338e-01 
  1.641547829e-01 
  1.620822549e-01 
  1.616177261e-01 
  1.605414748e-01 
  1.594121009e-01 
  1.566880345e-01 
  1.559919566e-01 
  1.530889124e-01 
  1.520391852e-01 
  1.504298449e-01 
  1.450918764e-01 
  1.457350403e-01 
  1.425766200e-01 
  1.422294080e-01 
  1.420636475e-01 
  1.382525861e-01 
  1.356481761e-01 
  1.361416280e-01 
  1.393228620e-01 
  1.407133043e-01 
  1.406827718e-01 
  1.408152580e-01 
  1.403793395e-01 
  1.412403286e-01 
  1.413602382e-01 
  1.410878003e-01 
  1.405714005e-01 
  1.394408196e-01 
  1.386381984e-01 
  1.347092837e-01 
  1.196004152e-01 
  1.311459541e-01 
  1.362297833e-01 
  1.369788945e-01 
  1.363925338e-01 
  1.365289837e-01 
  1.341529489e-01 
  1.342320889e-01 
  1.307343990e-01 
  1.323198378e-01 
  1.329927742e-01 
  1.327688843e-01 
  1.298108101e-01 
  1.300682575e-01 
  1.290189326e-01 
  1.272365749e-01 
  1.256837696e-01 
  1.265362203e-01 
  1.255632937e-01 
  1.248502433e-01 
  1.224735603e-01 
  1.202613562e-01 
  1.195575520e-01 
  1.197324544e-01 
  1.193059757e-01 
  1.183155775e-01 
  1.172149628e-01 
  1.158520579e-01 
  1.149137691e-01 
  1.142315343e-01 
  1.124770120e-01 
  1.065227091e-01 
  1.088896990e-01 
  1.053555086e-01 
  1.082005426e-01 
  1.089827940e-01 
  1.060015187e-01 
  1.055020988e-01 
  1.025650427e-01 
  1.011011377e-01 
  1.017855555e-01 
  1.029986367e-01 
  1.034043357e-01 
  1.024123058e-01 
  1.004269421e-01 
  9.672752023e-02 
  9.378238767e-02 
  8.502110094e-02 
  8.423722535e-02 
  8.314912021e-02 
  8.144415915e-02 
  8.442574739e-02 
  8.580020815e-02 
  8.671258390e-02 
  8.594715595e-02 
  8.625648171e-02 
  8.669801056e-02 
  8.599327505e-02 
  8.576993644e-02 
  8.669760078e-02 
  8.631943911e-02 
  8.406766504e-02 
  8.095790446e-02 
  7.387264073e-02 
  6.854238361e-02 
  6.580940634e-02 
  6.155494228e-02 
  5.959638581e-02 
  5.526585504e-02 
  5.324418843e-02 
  5.089185759e-02 
  4.764061049e-02 
  4.583882168e-02 
  4.382320493e-02 
  4.211249575e-02 
  4.000306129e-02 
  3.917366266e-02 
  3.686320409e-02 
  3.488414735e-02 
  3.474426270e-02 
  3.426875919e-02 
  3.462504968e-02 
  3.538778797e-02 
  3.534326702e-02 
  3.568985313e-02 
  3.469173610e-02 
  3.440665081e-02 
  3.374180570e-02 
  3.502783552e-02 
  3.705022857e-02 
  4.002797976e-02 
  4.176466167e-02 
  4.293116927e-02 
  4.258629307e-02 
  4.154149815e-02 
  4.122885317e-02 
  3.941408545e-02 
  3.785591573e-02 
  3.514713794e-02 
  3.336158022e-02 
  3.182099015e-02 
  3.196092695e-02 
  3.320071101e-02 
  3.395308182e-02 
  3.571869060e-02 
  3.783541173e-02 
  3.952166438e-02 
  4.026833549e-02 
  3.962173313e-02 
  3.952443600e-02 
  3.774300590e-02 
  3.617506102e-02 
  3.460163996e-02 
  3.496942669e-02 
  3.654216602e-02 
  3.772690520e-02 
  3.776118904e-02 
  3.714440763e-02 
  3.582488000e-02 
  3.605956584e-02 
  3.761396557e-02 
  3.802623227e-02 
  3.737815842e-02 
  3.747058660e-02 
  3.696931526e-02 
  3.701373935e-02 
  3.789140657e-02 
  3.898045048e-02 
  4.032520950e-02 
  4.175598547e-02 
  4.005070031e-02 
  4.135853797e-02 
  4.154606164e-02 
  4.231457040e-02 
  4.284539074e-02 
  4.323666170e-02 
  4.322247207e-02 
  4.262677580e-02 
  4.269002005e-02 
  4.448255524e-02 
  4.394045100e-02 
  4.378766939e-02 
  4.364968091e-02 
  4.398720711e-02 
  4.214593768e-02 
  4.321782663e-02 
  4.444365203e-02 
  4.373343661e-02 
  4.249835759e-02 
  4.123735055e-02 
  4.129100591e-02 
  4.116837308e-02 
  3.996091709e-02 
  4.105987400e-02 
  4.125367478e-02 
  4.144347459e-02 
  4.202803969e-02 
  4.253558069e-02 
  4.012638330e-02 
  4.224051908e-02 
  4.093826190e-02 
  4.152417183e-02 
  4.188593850e-02 
  4.174175113e-02 
  4.260678589e-02 
  4.279653355e-02 
  4.309700802e-02 
  4.268901423e-02 
  4.176752269e-02 
  4.164844006e-02 
  4.186878353e-02 
  4.401934892e-02 
  4.557346180e-02 
  4.588001594e-02 
  4.668673128e-02 
  4.714774340e-02 
  4.781453311e-02 
  4.714709148e-02 
  4.560885206e-02 
  4.504389316e-02 
  4.358447343e-02 
  4.316862673e-02 
  4.278919846e-02 
  4.256891832e-02 
  4.069285095e-02 
  4.105950519e-02 
  3.937100247e-02 
  3.880392760e-02 
  3.815750405e-02 
  3.843974695e-02 
  3.988334909e-02 
  4.192541912e-02 
  4.203839600e-02 
  4.277675599e-02 
  4.272732884e-02 
  4.227671772e-02 
  4.110579193e-02 
  4.090656340e-02 
  4.131724313e-02 
  4.118707031e-02 
  4.223981872e-02 
  4.144442827e-02 
  4.169293866e-02 
  4.228004813e-02 
  4.199872911e-02 
  4.316133633e-02 
  3.769646958e-02 
  4.472708330e-02 
  4.607329890e-02 
  4.710735008e-02 
  4.602286592e-02 
  4.734276980e-02 
  4.709387943e-02 
  4.707761109e-02 
  4.631370306e-02 
  4.731259495e-02 
  4.830909148e-02 
  4.800260067e-02 
  4.914234951e-02 
  4.880663753e-02 
  4.805175960e-02 
  4.289078712e-02 
  4.470422864e-02 
  4.489821568e-02 
  4.539503902e-02 
  4.777642712e-02 
  4.713107273e-02 
  4.744785652e-02 
  4.814114794e-02 
  4.840223864e-02 
  4.748431593e-02 
  4.732491449e-02 
  4.655461758e-02 
  4.747131839e-02 
  4.694953933e-02 
  4.666757956e-02 
  4.764127359e-02 
  4.709642753e-02 
  4.763037339e-02 
  4.679754749e-02 
  4.640338197e-02 
  4.746081308e-02 
  4.692575336e-02 
  4.567978159e-02 
  4.685548320e-02 
  4.629958048e-02 
  4.656392336e-02 
  4.629345983e-02 
  4.326177016e-02 
  4.614675790e-02 
  4.577550665e-02 
  4.545191303e-02 
  4.466052353e-02 
  4.473430663e-02 
  4.521478340e-02 
  4.528253525e-02 
  4.396577552e-02 
  4.479765892e-02 
  4.306855798e-02 
  4.386794567e-02 
  4.401395097e-02 
  4.379145056e-02 
  4.425666109e-02 
  4.432673752e-02 
  4.425929487e-02 
  4.373253882e-02 
  4.233821109e-02 
  4.331048951e-02 
  4.295904562e-02 
  4.262400419e-02 
  4.324266315e-02 
  4.291921109e-02 
  4.122948647e-02 
  4.180644825e-02 
  4.089742526e-02 
  4.212536290e-02 
  4.168947786e-02 
  4.158476368e-02 
  4.076103121e-02 
  4.160592705e-02 
  4.148403555e-02 
  4.073455185e-02 
  3.978281096e-02 
  4.022288322e-02 
  3.935943171e-02 
  3.913283348e-02 
  3.805470094e-02 
  3.792421147e-02 
  3.673905134e-02 
  3.762718290e-02 
  3.749064356e-02 
  3.683263808e-02 
  3.689833730e-02 
  3.420508280e-02 
  3.665394336e-02 
  3.302947059e-02 
  3.607518971e-02 
  3.622196615e-02 
  3.692859411e-02 
  3.659078479e-02 
  3.583759069e-02 
  3.626214340e-02 
  3.591678664e-02 
  3.694077581e-02 
  3.638456762e-02 
  3.594016284e-02 
  3.533146530e-02 
  3.225588053e-02 
  3.466324136e-02 
  3.380319476e-02 
  3.549447283e-02 
  3.615180403e-02 
  3.574110940e-02 
  3.578313068e-02 
  3.343518823e-02 
  3.454267234e-02 
  3.486788645e-02 
  3.335853294e-02 
  3.363474458e-02 
  3.213802725e-02 
  3.282325715e-02 
  3.254696727e-02 
  3.296210244e-02 
  3.239342198e-02 
  3.221734986e-02 
  3.224474564e-02 
  3.251172602e-02 
  3.230594844e-02 
  3.024442680e-02 
  3.114873916e-02 
  3.148577362e-02 
  3.222157434e-02 
  3.182590753e-02 
  3.235985339e-02 
  3.032716364e-02 
  3.121622279e-02 
  3.210886940e-02 
  3.200329840e-02 
  3.118712455e-02 
  3.070305474e-02 
  3.139788285e-02 
  3.198502585e-02 
  3.214438632e-02 
  3.130280226e-02 
  3.157483786e-02 
  3.145990521e-02 
  3.161957115e-02 
  3.152110428e-02 
  3.056264296e-02 
  3.096413426e-02 
  3.086212464e-02 
  3.037531674e-02 
  2.955068462e-02 
  3.026841395e-02 
  3.006862290e-02 
  2.860206924e-02 
  2.832380310e-02 
  2.790436894e-02 
  2.796279080e-02 
  2.769244835e-02 
  2.758996189e-02 
  2.822254971e-02 
  2.771430463e-02 
  2.769517154e-02 
  2.795950696e-02 
  2.815100178e-02 
  2.795709297e-02 
  2.725004032e-02 
  2.787275799e-02 
  2.718986757e-02 
  2.767407149e-02 
  2.733234130e-02 
  2.757178620e-02 
  2.699328586e-02 
  2.747564763e-02 
  2.720993571e-02 
  2.732024714e-02 
  2.676224895e-02 
  2.700463682e-02 
  2.704351395e-02 
  2.676723339e-02 
  2.651333064e-02 
  2.631246112e-02 
  2.598234639e-02 
  2.581146359e-02 
  2.602492273e-02 
  2.552250214e-02 
  2.554044873e-02 
  2.604503930e-02 
  2.581752278e-02 
  2.453670092e-02 
  2.517425455e-02 
  2.521892637e-02 
  2.492458373e-02 
  2.446479909e-02 
  2.452885360e-02 
  2.461127192e-02 
  2.421670407e-02 
  2.332918718e-02 
  2.246760204e-02 
  2.306088805e-02 
  2.357289940e-02 
  2.395193279e-02 
  2.396389470e-02 
  2.361974306e-02 
  2.365992591e-02 
  2.361866832e-02 
  2.327912860e-02 
  2.320644446e-02 
  2.345096692e-02 
  2.343825810e-02 
  2.329974808e-02 
  2.321190573e-02 
  2.316562645e-02 
  2.297516167e-02 
  2.277971990e-02 
  2.286319993e-02 
  2.266251482e-02 
  2.232440002e-02 
  2.230926603e-02 
  2.218317427e-02 
  2.168231457e-02 
  2.202359959e-02 
  2.207136899e-02 
  2.174757421e-02 
  2.164464258e-02 
  2.099473774e-02 
  2.132830210e-02 
  2.151003294e-02 
  1.982963644e-02 
  2.116323262e-02 
  2.122104913e-02 
  2.117284574e-02 
  2.113736980e-02 
  2.097701840e-02 
  2.073085494e-02 
  2.057267725e-02 
  2.070137858e-02 
  2.018983476e-02 
  1.984768547e-02 
  2.014306933e-02 
  1.909448020e-02 
  1.933738589e-02 
  1.956627332e-02 
  1.972044446e-02 
  1.957984082e-02 
  1.910737343e-02 
  1.945070364e-02 
  1.944386773e-02 
  1.912903227e-02 
  1.887378097e-02 
  1.763121970e-02 
  1.793412119e-02 
  1.801028103e-02 
  1.709772274e-02 
  1.683243923e-02 
  1.761770807e-02 
  1.785122789e-02 
  1.787689887e-02 
  1.742443629e-02 
  1.793145388e-02 
  1.759991050e-02 
  1.780775189e-02 
  1.724906079e-02 
  1.734005846e-02 
  1.686932892e-02 
  1.745480113e-02 
  1.727485470e-02 
  1.719794236e-02 
  1.688139699e-02 
  1.696912944e-02 
  1.698068343e-02 
  1.694751158e-02 
  1.665492728e-02 
  1.679486036e-02 
  1.676857099e-02 
  1.659834199e-02 
  1.662856154e-02 
  1.647899114e-02 
  1.615393162e-02 
  1.571728848e-02 
  1.586034708e-02 
  1.552212238e-02 
  1.575706154e-02 
  1.564129815e-02 
  1.560137980e-02 
  1.534312963e-02 
  1.542247552e-02 
  1.514543593e-02 
  1.513762493e-02 
  1.511020213e-02 
  1.508299634e-02 
  1.474858169e-02 
  1.435741596e-02 
  1.429274492e-02 
  1.389404479e-02 
  1.366602071e-02 
  1.377236098e-02 
  1.367275324e-02 
  1.363819558e-02 
  1.342821307e-02 
  1.321162283e-02 
  1.319298707e-02 
  1.310133655e-02 
  1.318030339e-02 
  1.325666904e-02 
  1.318218932e-02 
  1.283513755e-02 
  1.270840969e-02 
  1.241062954e-02 
  1.221101079e-02 
  1.184491720e-02 
  1.144273393e-02 
  1.151147485e-02 
  1.113998145e-02 
  1.071233675e-02 
  1.072623301e-02 
  1.024274155e-02 
  1.016636472e-02 
  9.553173557e-03 
  9.239540435e-03 
  9.176578373e-03 
  9.274205193e-03 
  9.219477884e-03 
  8.963813074e-03 
  8.812316693e-03 
  8.696807548e-03 
  8.444025181e-03 
  8.081332780e-03 
  8.050983772e-03 
  7.742272224e-03 
  7.740770467e-03 
  7.503986359e-03 
  7.069126703e-03 
  6.955820601e-03 
  6.589232944e-03 
  6.132360082e-03 
  6.394676398e-03 
  6.472444162e-03 
  6.503798533e-03 
  6.401897874e-03 
  6.287946831e-03 
  6.435194053e-03 
  6.069999654e-03 
  6.086589303e-03 
  5.871598609e-03 
  5.803971086e-03 
  5.355468020e-03 
  5.280049983e-03 
  5.253308918e-03 
  5.114630796e-03 
  4.915558267e-03 
  4.888188560e-03 
  4.589527845e-03 
  4.585938994e-03 
  4.495304544e-03 
  4.337112419e-03 
  4.512831103e-03 
  4.536279012e-03 
  4.621800967e-03 
  4.666479304e-03 
  4.503642675e-03 
  4.743927624e-03 
  4.712875932e-03 
  4.659712780e-03 
  4.312092438e-03 
  4.428703804e-03 
  4.486901686e-03 
  4.511424340e-03 
  4.475634545e-03 
  4.437146243e-03 
  4.326084629e-03 
  4.389983136e-03 
  4.387118854e-03 
  4.227945581e-03 
  4.387465771e-03 
  4.447936546e-03 
  4.534482490e-03 
  4.468468949e-03 
  4.682145547e-03 
  4.633602221e-03 
  4.647227004e-03 
  4.586750641e-03 
  4.592635203e-03 
  4.296820611e-03 
  4.214414861e-03 
  3.893472720e-03 
  3.975729458e-03 
  3.674360691e-03 
  3.509960370e-03 
  3.471821547e-03 
  3.479949897e-03 
  3.465183079e-03 
  3.386562224e-03 
  3.140385495e-03 
  3.947607707e-03 
  4.260372836e-03 
  4.340006039e-03 
  4.366119392e-03 
  4.486797843e-03 
  4.563378170e-03 
  4.591512028e-03 
  4.601654597e-03 
  4.564742092e-03 
  4.403077997e-03 
  4.607447889e-03 
  4.533329047e-03 
  4.445503466e-03 
  4.268183839e-03 
  4.401746672e-03 
  4.256530199e-03 
  4.072140902e-03 
  4.225565586e-03 
  4.112961236e-03 
  3.936322406e-03 
  3.908614628e-03 
  3.825210966e-03 
  3.755390178e-03 
  3.701974405e-03 
  3.724235808e-03 
  3.659676295e-03 
  3.678200068e-03 
  3.636039095e-03 
  3.773150733e-03 
  3.779197345e-03 
  3.879468422e-03 
  3.797785612e-03 
  3.861802863e-03 
  3.857679665e-03 
  3.842414124e-03 
  3.720832057e-03 
  3.900967771e-03 
  3.987106960e-03 
  3.951608669e-03 
  4.096163437e-03 
  4.108114168e-03 
  4.199333955e-03 
  4.171967041e-03 
  4.137653392e-03 
  4.294081591e-03 
  4.368004389e-03 
  4.309965763e-03 
  4.384892527e-03 
  4.354771227e-03 
  4.368799273e-03 
  4.373623524e-03 
  4.319926724e-03 
  4.233072046e-03 
  4.391248338e-03 
  4.391466733e-03 
  4.516751971e-03 
  4.433372058e-03 
  4.601212684e-03 
  4.627431743e-03 
  4.680050071e-03 
  4.674910102e-03 
  4.756039474e-03 
  4.534339532e-03 
  4.686295986e-03 
  4.721503705e-03 
  4.757659510e-03 
  4.608057905e-03 
  4.399310797e-03 
  4.124581814e-03 
  4.394358490e-03 
  4.658487160e-03 
  4.706047941e-03 
  4.750506952e-03 
  4.582708701e-03 
  4.440353718e-03 
  4.437962547e-03 
  4.544683732e-03 
  4.465498962e-03 
  4.450479057e-03 
  4.361089319e-03 
  4.457509145e-03 
  4.469009116e-03 
  4.622061271e-03 
  4.577693995e-03 
  4.787344486e-03 
  4.682402126e-03 
  4.815883469e-03 
  4.811469000e-03 
  5.178699736e-03 
  5.041738506e-03 
  5.369718187e-03 
  5.374905653e-03 
  5.568162072e-03 
  5.605707876e-03 
  5.789849441e-03 
  5.731285084e-03 
  5.632952321e-03 
  5.775589030e-03 
  6.032606587e-03 
  6.023281720e-03 
  6.108379457e-03 
  5.785479676e-03 
  6.194846705e-03 
  5.987559445e-03 
  6.148913410e-03 
  6.190831773e-03 
  6.230275147e-03 
  6.149465218e-03 
  6.162113976e-03 
  6.026696879e-03 
  6.043204106e-03 
  6.195036694e-03 
  6.154454779e-03 
  6.124463864e-03 
  6.060873158e-03 
  5.963918753e-03 
  5.712480284e-03 
  5.747016519e-03 
  5.562553648e-03 
  5.549819674e-03 
  4.965919536e-03 
  4.862120841e-03 
  4.304897506e-03 
  4.298024345e-03 
  3.717544023e-03 
  3.716133535e-03 
  3.366467543e-03 
  3.357147332e-03 
  3.387941280e-03 
  3.293443238e-03 
  3.481430700e-03 
  3.472005948e-03 
  3.548915265e-03 
  3.548410954e-03 
  3.571684007e-03 
  3.560385201e-03 
  3.608639818e-03 
  3.566195723e-03 
  3.689972684e-03 
  3.676690394e-03 
  3.876161296e-03 
  3.877663519e-03 
  4.191056360e-03 
  4.151368048e-03 
  4.312333185e-03 
  4.455534276e-03 
  4.775461275e-03 
  4.770394415e-03 
  4.947740585e-03 
  4.982822575e-03 
  5.112324376e-03 
  5.119977985e-03 
  5.128706340e-03 
  5.058816634e-03 
  5.154356360e-03 
  5.230144598e-03 
  5.288962275e-03 
  5.274470896e-03 
  5.111241248e-03 
  5.220889114e-03 
  5.255421158e-03 
  4.963795189e-03 
  5.126994103e-03 
  5.158572458e-03 
  5.111741368e-03 
  5.054311827e-03 
  5.009155720e-03 
  4.998520948e-03 
  4.860646091e-03 
  4.847891629e-03 
  4.812248517e-03 
  4.607439972e-03 
  4.623647779e-03 
  4.388384055e-03 
  4.355616868e-03 
  4.198977258e-03 
  4.131832626e-03 
  4.128290806e-03 
  4.151593428e-03 
  4.183105659e-03 
  4.158917349e-03 
  4.214344546e-03 
  4.207664635e-03 
  4.207094200e-03 
  4.087796435e-03 
  4.200484604e-03 
  4.176803865e-03 
  3.919943701e-03 
  4.141750745e-03 
  4.138836171e-03 
  4.146975931e-03 
  4.103926476e-03 
  4.171347711e-03 
  4.023688380e-03 
  4.247414414e-03 
  4.190688487e-03 
  4.355983343e-03 
  4.341104999e-03 
  4.424865358e-03 
  4.411352798e-03 
  4.465277307e-03 
  4.455690738e-03 
  4.373155534e-03 
  4.453901667e-03 
  4.402077291e-03 
  4.454482812e-03 
  4.368327092e-03 
  4.392039031e-03 
  4.420186393e-03 
  4.446735140e-03 
  4.436106887e-03 
  4.455843009e-03 
  4.453629255e-03 
  4.455658607e-03 
  4.413922317e-03 
  4.237400834e-03 
  4.383204039e-03 
  4.416047595e-03 
  4.268799908e-03 
  4.388936330e-03 
  4.368186463e-03 
  4.353927448e-03 
  4.360526800e-03 
  4.363816697e-03 
  4.350917414e-03 
  4.372322466e-03 
  4.297469277e-03 
  4.355362151e-03 
  4.343463574e-03 
  4.351053853e-03 
  4.329815041e-03 
  4.317137878e-03 
  4.286901094e-03 
  4.178550094e-03 
  4.267796408e-03 
  4.247750156e-03 
  4.218213726e-03 
  4.223374184e-03 
  4.211758729e-03 
  4.175092559e-03 
  4.067194182e-03 
  4.153449088e-03 
  4.172991030e-03 
  4.065435845e-03 
  4.144509789e-03 
  4.101082217e-03 
  4.096104763e-03 
  4.024735186e-03 
  4.103970248e-03 
  4.116202239e-03 
  4.036975559e-03 
  4.112567753e-03 
  4.095620010e-03 
  4.072144162e-03 
  4.089030437e-03 
  4.074074794e-03 
  4.063161090e-03 
  4.043335561e-03 
  4.040341824e-03 
  3.885582322e-03 
  4.010456614e-03 
  4.002134316e-03 
  3.974663094e-03 
  3.962324467e-03 
  3.958622925e-03 
  3.928215243e-03 
  3.901297692e-03 
  3.874161746e-03 
  3.828444052e-03 
  3.761336673e-03 
  3.792481497e-03 
  3.787104273e-03 
  3.734501312e-03 
  3.723053494e-03 
  3.686957294e-03 
  3.671108978e-03 
  3.630319377e-03 
  3.632180626e-03 
  3.624001052e-03 
  3.620386124e-03 
  3.604479833e-03 
  3.592709545e-03 
  3.569471883e-03 
  3.551313188e-03 
  3.541225102e-03 
  3.487316426e-03 
  3.483538749e-03 
  3.428415395e-03 
  3.308115993e-03 
  2.966098720e-03 
  3.239009529e-03 
  3.335371846e-03 
  3.417723579e-03 
  3.407931654e-03 
  3.431313671e-03 
  3.412003163e-03 
  3.418005304e-03 
  3.398903413e-03 
  3.396800254e-03 
  3.369773971e-03 
  3.332497086e-03 
  3.350640880e-03 
  3.216431709e-03 
  3.340139752e-03 
  3.328754567e-03 
  3.292579204e-03 
  3.205562243e-03 
  3.277467331e-03 
  3.279768163e-03 
  3.277432872e-03 
  3.267118009e-03 
  3.178855870e-03 
  3.155391896e-03 
  3.187838010e-03 
  3.219376551e-03 
  3.204740118e-03 
  3.164340975e-03 
  3.150339471e-03 
  3.135258099e-03 
  3.094652202e-03 
  3.076896770e-03 
  3.052107990e-03 
  3.042205004e-03 
  3.025401616e-03 
  3.022100078e-03 
  3.011763794e-03 
  3.038769355e-03 
  3.033820074e-03 
  3.019666765e-03 
  2.938392106e-03 
  2.895718208e-03 
  3.036818001e-03 
  2.968673129e-03 
  3.058563219e-03 
  3.050330095e-03 
  3.035034984e-03 
  3.029463580e-03 
  3.011868102e-03 
  3.006112995e-03 
  2.975487150e-03 
  2.927097958e-03 
  2.957467688e-03 
  2.961575985e-03 
  2.946542809e-03 
  2.936159261e-03 
  2.919216407e-03 
  2.911994001e-03 
  2.899572020e-03 
  2.879837761e-03 
  2.825017087e-03 
  2.827980788e-03 
  2.821011702e-03 
  2.841250971e-03 
  2.805725439e-03 
  2.804962685e-03 
  2.799793147e-03 
  2.786847064e-03 
  2.776662819e-03 
  2.756986767e-03 
  2.740954049e-03 
  2.737319330e-03 
  2.701393096e-03 
  2.639964456e-03 
  2.667892724e-03 
  2.689405810e-03 
  2.678811084e-03 
  2.629656112e-03 
  2.644908149e-03 
  2.641217550e-03 
  2.630863572e-03 
  2.623809269e-03 
  2.548460849e-03 
  2.596896607e-03 
  2.571332501e-03 
  2.563744783e-03 
  2.563355956e-03 
  2.524368465e-03 
  2.456927439e-03 
  2.506706398e-03 
  2.483369317e-03 
  2.478911309e-03 
  2.473967616e-03 
  2.472367836e-03 
  2.450125525e-03 
  2.433808986e-03 
  2.434167312e-03 
  2.343675587e-03 
  2.425604500e-03 
  2.406996442e-03 
  2.373052528e-03 
  2.389840549e-03 
  2.387032146e-03 
  2.377344994e-03 
  2.366120461e-03 
  2.341232030e-03 
  2.358722035e-03 
  2.351974836e-03 
  2.340841107e-03 
  2.302054549e-03 
  2.326220274e-03 
  2.322552959e-03 
  2.317028353e-03 
  2.305792179e-03 
  2.294792095e-03 
  2.178607741e-03 
  2.245500917e-03 
  2.248233417e-03 
  2.240285277e-03 
  2.228291240e-03 
  2.222219249e-03 
  2.222796902e-03 
  2.211231738e-03 
  2.187844831e-03 
  2.183947247e-03 
  2.151362365e-03 
  2.158214105e-03 
  2.150198212e-03 
  2.032962861e-03 
  2.083178610e-03 
  2.071332186e-03 
  2.031394048e-03 
  2.072855132e-03 
  2.075089142e-03 
  2.065954730e-03 
  2.060796367e-03 
  2.080030274e-03 
  2.070255112e-03 
  2.059882507e-03 
  2.078251913e-03 
  2.076829085e-03 
  2.076059580e-03 
  2.072128234e-03 
  2.055357909e-03 
  2.042094944e-03 
  2.044948051e-03 
  2.031856682e-03 
  2.010197146e-03 
  1.995018451e-03 
  1.926053083e-03 
  1.950871781e-03 
  1.928563579e-03 
  1.957240747e-03 
  1.946027391e-03 
  1.918799710e-03 
  1.925381366e-03 
  1.920562470e-03 
  1.825912157e-03 
  1.873380737e-03 
  1.885424368e-03 
  1.861554570e-03 
  1.893641776e-03 
  1.903049531e-03 
  1.884854049e-03 
  1.878376585e-03 
  1.866718289e-03 
  1.851813751e-03 
  1.847353647e-03 
  1.814587740e-03 
  1.785744564e-03 
  1.795329503e-03 
  1.773833646e-03 
  1.761646825e-03 
  1.713123173e-03 
  1.738433028e-03 
  1.737554208e-03 
  1.720535802e-03 
  1.709487406e-03 
  1.701596892e-03 
  1.687644864e-03 
  1.688787946e-03 
  1.676139771e-03 
  1.671316801e-03 
  1.676454907e-03 
  1.662991359e-03 
  1.668074168e-03 
  1.639361260e-03 
  1.585402177e-03 
  1.623861259e-03 
  1.639588038e-03 
  1.651702798e-03 
  1.635553199e-03 
  1.633318723e-03 
  1.659057918e-03 
  1.657672809e-03 
  1.642730436e-03 
  1.625159755e-03 
  1.620125026e-03 
  1.621835981e-03 
  1.586982631e-03 
  1.587562612e-03 
  1.551148482e-03 
  1.540758181e-03 
  1.523432904e-03 
  1.494157361e-03 
  1.508932794e-03 
  1.506864675e-03 
  1.506849541e-03 
  1.430866541e-03 
  1.476159669e-03 
  1.504046726e-03 
  1.496680779e-03 
  1.489752322e-03 
  1.504015177e-03 
  1.496611163e-03 
  1.489437651e-03 
  1.490536844e-03 
  1.416644896e-03 
  1.413450111e-03 
  1.421993366e-03 
  1.430014148e-03 
  1.412859769e-03 
  1.448328374e-03 
  1.440688036e-03 
  1.456445432e-03 
  1.451482764e-03 
  1.445354777e-03 
  1.435126178e-03 
  1.451338176e-03 
  1.436111866e-03 
  1.435120124e-03 
  1.439424581e-03 
  1.427319017e-03 
  1.427257899e-03 
  1.411560574e-03 
  1.406464959e-03 
  1.411262667e-03 
  1.398604247e-03 
  1.378716668e-03 
  1.385500538e-03 
  1.363091520e-03 
  1.350910403e-03 
  1.351021347e-03 
  1.344433986e-03 
  1.324975514e-03 
  1.324014040e-03 
  1.320163487e-03 
  1.301673590e-03 
  1.254277304e-03 
  1.249959343e-03 
  1.206474379e-03 
  1.258825185e-03 
  1.267680665e-03 
  1.300178934e-03 
  1.284137252e-03 
  1.289949752e-03 
  1.303628203e-03 
  1.292317407e-03 
  1.294015907e-03 
  1.286939718e-03 
  1.301030163e-03 
  1.285133301e-03 
  1.282277284e-03 
  1.288799453e-03 
  1.278966316e-03 
  1.263722195e-03 
  1.269452157e-03 
  1.263632439e-03 
  1.223393483e-03 
  1.207986614e-03 
  1.239729347e-03 
  1.229472458e-03 
  1.197983511e-03 
  1.227105968e-03 
  1.206735498e-03 
  1.190753886e-03 
  1.196121564e-03 
  1.162615488e-03 
  1.154919621e-03 
  1.133357291e-03 
  1.098834095e-03 
  1.099541900e-03 
  1.087171258e-03 
  1.085403142e-03 
  1.091206679e-03 
  1.081409398e-03 
  1.079131267e-03 
  1.094147679e-03 
  1.118918532e-03 
  1.105580945e-03 
  1.101843431e-03 
  1.061322284e-03 
  1.114074257e-03 
  1.119931578e-03 
  1.111220918e-03 
  1.094215666e-03 
  1.095276675e-03 
  1.085512107e-03 
  1.072267769e-03 
  1.062106807e-03 
  1.052092062e-03 
  1.029019593e-03 
  1.027245889e-03 
  1.018094830e-03 
  9.392049396e-04 
  9.776833467e-04 
  9.721954120e-04 
  9.561479092e-04 
  9.375761147e-04 
  9.535780991e-04 
  9.080223972e-04 
  9.198132320e-04 
  9.138523019e-04 
  8.437896613e-04 
  8.546212339e-04 
  8.387900307e-04 
  8.130231872e-04 
  7.891086861e-04 
  8.246359648e-04 
  7.933329325e-04 
  7.871962734e-04 
  7.433379069e-04 
  7.754245889e-04 
  7.735519903e-04 
  7.762506721e-04 
  7.719594869e-04 
  7.737809792e-04 
  7.602159167e-04 
  7.755973493e-04 
  7.657801616e-04 
  7.596494397e-04 
  7.743134047e-04 
  7.677061949e-04 
  7.699830458e-04 
  7.600385579e-04 
