  7.460767627e-01 
  1.827131987e+00 
  1.867498398e+00 
  4.478262901e+00 
  4.893026352e+00 
  8.350821495e+00 
  8.828506470e+00 
  1.252160740e+01 
  1.551355076e+01 
  1.621200752e+01 
  1.731962585e+01 
  3.277138138e+01 
  2.724871063e+01 
  3.399957657e+01 
  3.443323517e+01 
  4.027526093e+01 
  3.109701157e+01 
  4.440190125e+01 
  4.261135101e+01 
  4.702309418e+01 
  4.537720490e+01 
  5.491390610e+01 
  4.800818634e+01 
  4.167928314e+01 
  5.159916306e+01 
  5.708728409e+01 
  7.774957275e+01 
  7.759237671e+01 
  6.394587326e+01 
  7.503089142e+01 
  7.774811554e+01 
  6.274876404e+01 
  6.850517273e+01 
  7.690708923e+01 
  6.400339508e+01 
  6.826035309e+01 
  5.091794968e+01 
  4.835627365e+01 
  5.855089188e+01 
  5.850313568e+01 
  6.529759216e+01 
  5.474002838e+01 
  5.696883774e+01 
  5.678147125e+01 
  5.095466232e+01 
  6.500621796e+01 
  7.155593109e+01 
  6.753531647e+01 
  6.308916855e+01 
  6.862909698e+01 
  6.960452271e+01 
  6.555937195e+01 
  6.665028381e+01 
  6.031951141e+01 
  6.907181549e+01 
  6.943982697e+01 
  6.513026428e+01 
  4.129833984e+01 
  4.451420975e+01 
  4.442352295e+01 
  6.536855316e+01 
  5.140969849e+01 
  5.594565964e+01 
  5.903139496e+01 
  5.844779587e+01 
  5.428750610e+01 
  7.391047668e+01 
  6.559966278e+01 
  6.136045456e+01 
  5.854095078e+01 
  6.677826691e+01 
  5.289587021e+01 
  5.522103500e+01 
  5.457103729e+01 
  4.190322113e+01 
  3.804989243e+01 
  5.394927597e+01 
  5.470134735e+01 
  7.008817291e+01 
  5.344432068e+01 
  4.957521820e+01 
  5.510842133e+01 
  4.076778030e+01 
  2.812142563e+01 
  3.061686897e+01 
  4.556614685e+01 
  3.497231674e+01 
  3.968196106e+01 
  3.884417725e+01 
  4.373034668e+01 
  5.237691498e+01 
  5.787836838e+01 
  5.080481339e+01 
  2.690204430e+01 
  2.940339088e+01 
  4.874986267e+01 
  4.955929184e+01 
  1.992199326e+01 
  5.505279922e+01 
  6.519901276e+01 
  6.326809692e+01 
  6.206796265e+01 
  6.492652893e+01 
  6.002310944e+01 
  6.366919708e+01 
  5.763676071e+01 
  5.646742249e+01 
  5.429195404e+01 
  5.806634140e+01 
  6.345433807e+01 
  5.237733078e+01 
  6.072757721e+01 
  6.212910080e+01 
  5.795108795e+01 
  5.616221237e+01 
  5.914868927e+01 
  5.805453110e+01 
  5.558791733e+01 
  5.370390320e+01 
  5.434115601e+01 
  4.542942810e+01 
  5.622008896e+01 
  5.321184921e+01 
  4.439322662e+01 
  4.823764038e+01 
  4.935551071e+01 
  4.687324905e+01 
  4.454622269e+01 
  4.456796646e+01 
  4.006390381e+01 
  3.159112167e+01 
  2.806760025e+01 
  4.992739487e+01 
  4.392149353e+01 
  4.125793839e+01 
  4.436542130e+01 
  4.862454605e+01 
  4.852706909e+01 
  4.297030640e+01 
  4.110504150e+01 
  4.554499817e+01 
  4.488155746e+01 
  4.673451996e+01 
  4.651699448e+01 
  4.569638062e+01 
  4.753041077e+01 
  4.183847427e+01 
  4.718819427e+01 
  4.744241333e+01 
  4.723759460e+01 
  4.773619080e+01 
  5.102360153e+01 
  4.691448975e+01 
  4.307529831e+01 
  4.542668533e+01 
  4.525008392e+01 
  4.584765625e+01 
  4.560985947e+01 
  4.432875061e+01 
  4.385125351e+01 
  4.300820541e+01 
  4.409610748e+01 
  4.292072678e+01 
  4.248054886e+01 
  4.217322159e+01 
  4.112261581e+01 
  4.198255539e+01 
  4.007936859e+01 
  4.198752975e+01 
  4.118624496e+01 
  4.019750977e+01 
  3.970991135e+01 
  3.978034973e+01 
  3.894198227e+01 
  3.885194016e+01 
  4.000885773e+01 
  3.838458252e+01 
  3.764528275e+01 
  3.909703445e+01 
  3.693207550e+01 
  3.726572800e+01 
  3.665422440e+01 
  3.703620911e+01 
  3.669645691e+01 
  3.492762756e+01 
  3.483067703e+01 
  2.795812798e+01 
  3.111135292e+01 
  3.344613647e+01 
  3.078462029e+01 
  3.470248795e+01 
  3.215558624e+01 
  3.059974480e+01 
  3.263628769e+01 
  3.122354889e+01 
  3.305611038e+01 
  3.188476562e+01 
  3.063347816e+01 
  2.962405586e+01 
  2.927126503e+01 
  2.886586380e+01 
  2.795188904e+01 
  2.750690842e+01 
  2.887266922e+01 
  2.661133385e+01 
  2.843464279e+01 
  3.015612221e+01 
  2.779674911e+01 
  2.640979767e+01 
  2.821491432e+01 
  2.708609390e+01 
  2.684412766e+01 
  2.791508865e+01 
  2.531410789e+01 
  2.455599022e+01 
  2.484022903e+01 
  2.585434914e+01 
  1.887146950e+01 
  2.315151787e+01 
  2.173502350e+01 
  2.371326828e+01 
  2.351246262e+01 
  2.422559547e+01 
  2.236531067e+01 
  2.404850769e+01 
  2.364361954e+01 
  2.233206177e+01 
  1.933520889e+01 
  2.301627731e+01 
  2.346099281e+01 
  2.197356033e+01 
  2.370829010e+01 
  2.241954422e+01 
  1.951961708e+01 
  2.104080391e+01 
  2.128026581e+01 
  2.238405991e+01 
  2.058707619e+01 
  2.136450768e+01 
  2.111108017e+01 
  2.048319626e+01 
  1.862261200e+01 
  2.059712791e+01 
  1.953528595e+01 
  2.043130302e+01 
  1.995821381e+01 
  1.935125923e+01 
  2.000522423e+01 
  1.840752411e+01 
  1.921209717e+01 
  1.863734055e+01 
  1.837308884e+01 
  1.901290703e+01 
  1.812343979e+01 
  1.856791878e+01 
  1.847377014e+01 
  1.782376671e+01 
  1.715959358e+01 
  1.767249298e+01 
  1.657438087e+01 
  1.651785851e+01 
  1.801301384e+01 
  1.640615082e+01 
  1.703180504e+01 
  1.666242790e+01 
  1.672979164e+01 
  1.530545521e+01 
  1.628961563e+01 
  1.611271667e+01 
  1.566294956e+01 
  1.562360191e+01 
  1.495787430e+01 
  1.568316841e+01 
  1.572160339e+01 
  1.551849174e+01 
  1.502481842e+01 
  1.464370155e+01 
  1.514592743e+01 
  1.460328484e+01 
  1.439465332e+01 
  1.479393196e+01 
  1.443629074e+01 
  1.455766010e+01 
  1.456107140e+01 
  1.441660213e+01 
  1.422365284e+01 
  1.351925564e+01 
  1.394316483e+01 
  1.370834637e+01 
  1.208141232e+01 
  1.252844715e+01 
  1.320697880e+01 
  1.287041473e+01 
  1.290459347e+01 
  1.293404198e+01 
  1.260692692e+01 
  1.281794739e+01 
  1.276720428e+01 
  1.241531086e+01 
  1.233066559e+01 
  1.224723339e+01 
  1.209323883e+01 
  1.187937546e+01 
  1.187164211e+01 
  1.216664982e+01 
  1.205491829e+01 
  1.183517933e+01 
  1.168988705e+01 
  1.156934834e+01 
  1.137427330e+01 
  1.111762619e+01 
  1.122303295e+01 
  1.100346470e+01 
  1.077089500e+01 
  1.031330967e+01 
  1.073586178e+01 
  1.014029217e+01 
  1.013017654e+01 
  1.053760242e+01 
  1.037153530e+01 
  1.045470047e+01 
  1.056358624e+01 
  9.939298630e+00 
  9.949596405e+00 
  9.893537521e+00 
  9.560788155e+00 
  9.544482231e+00 
  9.630887985e+00 
  9.365102768e+00 
  9.586253166e+00 
  9.205125809e+00 
  9.495775223e+00 
  8.799585342e+00 
  9.390680313e+00 
  9.058961868e+00 
  9.169694901e+00 
  8.793651581e+00 
  9.029915810e+00 
  9.117149353e+00 
  8.987038612e+00 
  8.653119087e+00 
  8.724356651e+00 
  8.567468643e+00 
  8.661588669e+00 
  8.509316444e+00 
  8.526782990e+00 
  8.152664185e+00 
  8.215124130e+00 
  8.153697968e+00 
  8.260747910e+00 
  7.605105400e+00 
  8.141524315e+00 
  7.937609196e+00 
  8.045481682e+00 
  7.891290665e+00 
  7.636408806e+00 
  6.443390846e+00 
  6.834578514e+00 
  7.566364765e+00 
  7.535017014e+00 
  7.548901558e+00 
  7.539930820e+00 
  7.603350639e+00 
  7.472705364e+00 
  7.309725285e+00 
  7.297535896e+00 
  7.341217041e+00 
  7.152255058e+00 
  7.149756908e+00 
  7.208925247e+00 
  7.079942226e+00 
  6.963038445e+00 
  6.898889065e+00 
  6.906840801e+00 
  6.879001141e+00 
  6.733597279e+00 
  6.819859028e+00 
  6.644415379e+00 
  6.714156151e+00 
  6.579864502e+00 
  6.490078449e+00 
  6.458152771e+00 
  6.405836105e+00 
  6.410092831e+00 
  6.256213188e+00 
  6.289986134e+00 
  5.968253613e+00 
  5.405846119e+00 
  5.514611721e+00 
  5.456168652e+00 
  5.525074959e+00 
  5.624741554e+00 
  5.631637096e+00 
  5.622827053e+00 
  5.621964931e+00 
  5.527822495e+00 
  5.580899239e+00 
  5.647671223e+00 
  5.491402149e+00 
  5.484123707e+00 
  5.400319576e+00 
  5.232962608e+00 
  5.188485146e+00 
  5.291680813e+00 
  5.278975010e+00 
  5.262780190e+00 
  5.181668758e+00 
  5.082831383e+00 
  5.210008621e+00 
  5.015393734e+00 
  5.080471516e+00 
  5.021403790e+00 
  4.941414833e+00 
  4.877226830e+00 
  4.926384449e+00 
  4.704030037e+00 
  4.775651932e+00 
  4.482774734e+00 
  4.353936672e+00 
  4.251913548e+00 
  4.218087673e+00 
  4.370971203e+00 
  4.481595516e+00 
  4.403995037e+00 
  4.295232296e+00 
  4.239363194e+00 
  4.202925682e+00 
  4.255746365e+00 
  4.143447876e+00 
  3.994049549e+00 
  4.111488342e+00 
  4.012946129e+00 
  4.132647038e+00 
  4.114755154e+00 
  4.211291790e+00 
  4.141800880e+00 
  4.020379543e+00 
  4.066893101e+00 
  4.056056499e+00 
  3.912524939e+00 
  3.949570417e+00 
  3.909317732e+00 
  3.828964949e+00 
  3.931005478e+00 
  3.952430248e+00 
  3.832984686e+00 
  3.868546486e+00 
  3.907945395e+00 
  3.817717075e+00 
  3.798911572e+00 
  3.721799374e+00 
  3.692306042e+00 
  3.730648518e+00 
  3.676070213e+00 
  3.713908672e+00 
  3.672880173e+00 
  3.581797600e+00 
  3.588600397e+00 
  3.559827566e+00 
  3.226124287e+00 
  1.784922481e+00 
  1.642977953e+00 
  2.396656752e+00 
  2.193678617e+00 
  2.314873934e+00 
  2.593020439e+00 
  2.742007494e+00 
  2.920327663e+00 
  3.135283709e+00 
  3.189755917e+00 
  3.199330807e+00 
  3.206771374e+00 
  3.182643652e+00 
  3.155129194e+00 
  3.174196005e+00 
  3.039813519e+00 
  3.148997068e+00 
  3.110903263e+00 
  3.078008890e+00 
  3.071845770e+00 
  3.017957449e+00 
  2.997708559e+00 
  3.017988682e+00 
  2.932098866e+00 
  2.932748079e+00 
  2.922265291e+00 
  2.852335215e+00 
  2.871521711e+00 
  2.809532404e+00 
  2.796552420e+00 
  2.752701521e+00 
  2.727148056e+00 
  2.672704697e+00 
  2.662288904e+00 
  2.634180784e+00 
  2.598584652e+00 
  2.609550476e+00 
  2.618048906e+00 
  2.618690491e+00 
  2.600355864e+00 
  2.511114597e+00 
  2.545825720e+00 
  2.527171850e+00 
  2.479619265e+00 
  2.493518591e+00 
  2.420942068e+00 
  2.478953123e+00 
  2.451956272e+00 
  2.421822786e+00 
  2.365432978e+00 
  2.339203835e+00 
  2.357002020e+00 
  2.326936722e+00 
  2.293227434e+00 
  2.262883663e+00 
  2.208647728e+00 
  2.155180216e+00 
  2.158646345e+00 
  2.136619329e+00 
  2.076124430e+00 
  2.051706553e+00 
  2.142692804e+00 
  2.047182798e+00 
  2.002588034e+00 
  2.075006008e+00 
  2.098706961e+00 
  2.094987154e+00 
  2.073117971e+00 
  2.035222530e+00 
  2.032415152e+00 
  1.999620557e+00 
  1.957041621e+00 
  1.988269687e+00 
  1.922155142e+00 
  1.947134733e+00 
  1.952557683e+00 
  1.962132573e+00 
  1.936072588e+00 
  1.938803792e+00 
  1.872156620e+00 
  1.914063096e+00 
  1.906863213e+00 
  1.888377786e+00 
  1.872384787e+00 
  1.835189819e+00 
  1.855353236e+00 
  1.863528371e+00 
  1.792207837e+00 
  1.834373832e+00 
  1.829182744e+00 
  1.573119998e+00 
  1.792523026e+00 
  1.716415524e+00 
  1.729631782e+00 
  1.383864641e+00 
  1.516838670e+00 
  1.714264035e+00 
  1.734035015e+00 
  1.698505998e+00 
  1.690900564e+00 
  1.668130279e+00 
  1.660085082e+00 
  1.646923542e+00 
  1.670526862e+00 
  1.659404874e+00 
  1.620887637e+00 
  1.353248000e+00 
  1.434309721e+00 
  1.548289061e+00 
  1.519459844e+00 
  1.574752092e+00 
  1.565215826e+00 
  1.551711798e+00 
  1.550663352e+00 
  1.509623528e+00 
  1.488804579e+00 
  1.494184732e+00 
  1.516909003e+00 
  1.483772993e+00 
  1.480315804e+00 
  1.464810252e+00 
  1.382176518e+00 
  1.451721191e+00 
  1.412154913e+00 
  1.417640328e+00 
  1.425356030e+00 
  1.371809006e+00 
  1.352013111e+00 
  1.386110187e+00 
  1.389174700e+00 
  1.378052473e+00 
  1.363918185e+00 
  1.350476027e+00 
  1.284512639e+00 
  1.316797137e+00 
  1.231270552e+00 
  1.254588962e+00 
  1.201347828e+00 
  1.189540148e+00 
  1.160557270e+00 
  1.129524231e+00 
  1.094967365e+00 
  1.070971966e+00 
  1.160933614e+00 
  1.197366714e+00 
  1.187860847e+00 
  1.135640025e+00 
  1.123919487e+00 
  1.073150158e+00 
  1.050768256e+00 
  1.060853720e+00 
  1.063296556e+00 
  1.055964470e+00 
  1.054911613e+00 
  1.053709388e+00 
  1.038473964e+00 
  1.048802376e+00 
  1.032231092e+00 
  1.028155446e+00 
  1.057479978e+00 
  1.059134483e+00 
  1.027832031e+00 
  1.013848901e+00 
  9.628735185e-01 
  9.890411496e-01 
  9.969750047e-01 
  9.568144679e-01 
  9.766582847e-01 
  9.616852999e-01 
  9.212515950e-01 
  8.861739039e-01 
  8.493754864e-01 
  7.953102589e-01 
  7.633606195e-01 
  7.229351401e-01 
  7.059835196e-01 
  7.095078230e-01 
  7.192292213e-01 
  7.417545319e-01 
  8.330576420e-01 
  8.379095197e-01 
  8.048790693e-01 
  7.453650832e-01 
  7.371123433e-01 
  7.107598186e-01 
  7.300848961e-01 
  7.377322912e-01 
  7.442425489e-01 
  7.537995577e-01 
  7.519458532e-01 
  7.459257245e-01 
  7.564072609e-01 
  7.339862585e-01 
  7.423230410e-01 
  7.461656928e-01 
  6.835374832e-01 
  7.236467004e-01 
  7.549830079e-01 
  7.621095777e-01 
  7.562801838e-01 
  7.444365621e-01 
  7.306390405e-01 
  7.337594628e-01 
  7.472584248e-01 
  7.382246256e-01 
  7.424786687e-01 
  7.189978361e-01 
  7.501093745e-01 
  7.611701488e-01 
  7.737274170e-01 
  7.732294798e-01 
  7.628998160e-01 
  7.619004846e-01 
  7.446969151e-01 
  7.221940756e-01 
  7.178102732e-01 
  7.296767235e-01 
  7.185708880e-01 
  7.324051261e-01 
  7.109584808e-01 
  7.293084860e-01 
  7.339842319e-01 
  7.267410755e-01 
  7.278989553e-01 
  7.265243530e-01 
  7.269779444e-01 
  7.230402231e-01 
  7.304806113e-01 
  7.190102339e-01 
  7.072798610e-01 
  7.109065652e-01 
  7.156540155e-01 
  7.066770196e-01 
  7.037537694e-01 
  7.062351704e-01 
  6.993951201e-01 
  6.963936090e-01 
  6.935518980e-01 
  6.873062253e-01 
  6.824831367e-01 
  6.745561361e-01 
  6.740575433e-01 
  6.679227352e-01 
  6.580359340e-01 
  6.512825489e-01 
  6.064507961e-01 
  6.359060407e-01 
  6.444417834e-01 
  6.426780820e-01 
  6.337637901e-01 
  6.346637011e-01 
  6.312928200e-01 
  6.299877763e-01 
  6.235290766e-01 
  6.253767014e-01 
  6.114374399e-01 
  6.132511497e-01 
  6.049876809e-01 
  6.100020409e-01 
  5.928726196e-01 
  5.895583034e-01 
  5.936391354e-01 
  5.816225410e-01 
  5.897047520e-01 
  5.839420557e-01 
  5.825814605e-01 
  5.815766454e-01 
  5.755327344e-01 
  5.748317242e-01 
  5.644003749e-01 
  5.683366060e-01 
  5.645588040e-01 
  5.605664253e-01 
  5.481423140e-01 
  5.518601537e-01 
  5.438776016e-01 
  5.487312078e-01 
  5.350479484e-01 
  5.382348299e-01 
  5.383101702e-01 
  5.298436880e-01 
  5.305509567e-01 
  5.300318599e-01 
  5.188437104e-01 
  5.219252706e-01 
  5.176486969e-01 
  5.006052852e-01 
  5.077792406e-01 
  5.107623339e-01 
  5.053939819e-01 
  5.003738999e-01 
  4.984423220e-01 
  4.941417575e-01 
  4.924178720e-01 
  4.854211509e-01 
  4.870384037e-01 
  4.838033319e-01 
  4.809722602e-01 
  4.738768637e-01 
  4.571876228e-01 
  4.718949497e-01 
  4.535742104e-01 
  4.642168880e-01 
  4.544558525e-01 
  4.584091008e-01 
  4.558710456e-01 
  4.401915371e-01 
  4.488038719e-01 
  4.450273812e-01 
  4.099129140e-01 
  4.327811897e-01 
  4.317570627e-01 
  4.312755764e-01 
  4.155309796e-01 
  4.286079109e-01 
  4.142316878e-01 
  4.214974642e-01 
  4.187055230e-01 
  4.180014133e-01 
  4.002862871e-01 
  4.095740318e-01 
  3.930597007e-01 
  3.970797062e-01 
  3.844386339e-01 
  3.970466554e-01 
  3.890079260e-01 
  3.929736316e-01 
  3.690224290e-01 
  3.900821209e-01 
  3.719307482e-01 
  3.782885671e-01 
  3.797049224e-01 
  3.686674833e-01 
  3.609224856e-01 
  3.265656829e-01 
  3.523028493e-01 
  3.496918082e-01 
  3.433937430e-01 
  3.328748047e-01 
  3.278176486e-01 
  3.324858248e-01 
  3.312317431e-01 
  3.160122335e-01 
  3.277465701e-01 
  3.233631849e-01 
  3.196775317e-01 
  3.138240576e-01 
  3.127719164e-01 
  3.109571636e-01 
  3.129052520e-01 
  3.130265474e-01 
  3.068439066e-01 
  2.975097001e-01 
  2.877485752e-01 
  2.876301408e-01 
  2.742126882e-01 
  2.639821768e-01 
  2.525607347e-01 
  2.375553548e-01 
  2.241002321e-01 
  2.164263576e-01 
  2.153657377e-01 
  2.059422731e-01 
  2.103864402e-01 
  2.128600925e-01 
  2.062530816e-01 
  2.010111064e-01 
  2.076961845e-01 
  2.043584585e-01 
  2.121025473e-01 
  2.285650074e-01 
  2.351874709e-01 
  2.280689925e-01 
  2.095548958e-01 
  1.851143688e-01 
  1.885256022e-01 
  2.101693451e-01 
  2.243423760e-01 
  2.271845490e-01 
  2.350442111e-01 
  2.326339930e-01 
  2.208067775e-01 
  2.244258821e-01 
  2.148541510e-01 
  2.073347569e-01 
  2.002477199e-01 
  2.034092993e-01 
  2.096519172e-01 
  2.122667730e-01 
  2.143209428e-01 
  2.127445042e-01 
  2.145467699e-01 
  2.149633467e-01 
  2.161294967e-01 
  2.158051878e-01 
  2.206995934e-01 
  2.217403650e-01 
  2.327156365e-01 
  2.358999848e-01 
  2.350577861e-01 
  2.325992584e-01 
  2.301175147e-01 
  2.402091473e-01 
  2.436085939e-01 
  2.385924608e-01 
  2.426370084e-01 
  2.362052351e-01 
  2.396535724e-01 
  2.407523692e-01 
  2.320709229e-01 
  2.379358113e-01 
  2.394157797e-01 
  2.371325344e-01 
  2.340124547e-01 
  2.333626151e-01 
  2.316490412e-01 
  2.269621640e-01 
  2.323483974e-01 
  2.260356247e-01 
  2.242725044e-01 
  2.260521948e-01 
  2.227364182e-01 
  2.209086716e-01 
  2.074788362e-01 
  2.168993056e-01 
  2.209727466e-01 
  2.183262408e-01 
  2.157325596e-01 
  2.134670913e-01 
  2.014182657e-01 
  2.136685401e-01 
  2.172344476e-01 
  2.167250812e-01 
  2.157734483e-01 
  2.144273669e-01 
  2.099721730e-01 
  2.093118131e-01 
  2.079276443e-01 
  2.001212686e-01 
  1.913294196e-01 
  2.031664997e-01 
  2.040320635e-01 
  2.036752403e-01 
  1.926022917e-01 
  1.953101605e-01 
  2.012446672e-01 
  2.003791779e-01 
  2.014906257e-01 
  1.976407021e-01 
  1.842327565e-01 
  1.957327574e-01 
  1.884808391e-01 
  1.939742565e-01 
  1.949380636e-01 
  1.933191717e-01 
  1.936374158e-01 
  1.935537010e-01 
  1.934632659e-01 
  1.924639195e-01 
  1.901549697e-01 
  1.908610612e-01 
  1.900268793e-01 
  1.884514540e-01 
  1.870270818e-01 
  1.885050684e-01 
  1.869919449e-01 
  1.872230470e-01 
  1.805804223e-01 
  1.859675795e-01 
  1.854116768e-01 
  1.844557077e-01 
  1.840032637e-01 
  1.813780963e-01 
  1.822504252e-01 
  1.814330369e-01 
  1.797165573e-01 
  1.802723110e-01 
  1.797916293e-01 
  1.791221052e-01 
  1.765030771e-01 
  1.751135141e-01 
  1.760386527e-01 
  1.743798554e-01 
  1.718278825e-01 
  1.695987582e-01 
  1.718669385e-01 
  1.698959023e-01 
  1.683383882e-01 
  1.690155566e-01 
  1.677702516e-01 
  1.664508134e-01 
  1.646162421e-01 
  1.634069681e-01 
  1.613433510e-01 
  1.608801037e-01 
  1.598080099e-01 
  1.586830169e-01 
  1.559704542e-01 
  1.552767605e-01 
  1.523858309e-01 
  1.513397694e-01 
  1.497365981e-01 
  1.444214582e-01 
  1.450607330e-01 
  1.419162601e-01 
  1.415703297e-01 
  1.414045542e-01 
  1.376103014e-01 
  1.350169927e-01 
  1.355077475e-01 
  1.386766434e-01 
  1.400619000e-01 
  1.400326341e-01 
  1.401654929e-01 
  1.397326738e-01 
  1.405905187e-01 
  1.407106668e-01 
  1.404402405e-01 
  1.399270147e-01 
  1.388022602e-01 
  1.380040646e-01 
  1.340938061e-01 
  1.190544814e-01 
  1.305478662e-01 
  1.356090158e-01 
  1.363551170e-01 
  1.357717067e-01 
  1.359077096e-01 
  1.335421950e-01 
  1.336210519e-01 
  1.301394850e-01 
  1.317180246e-01 
  1.323883384e-01 
  1.321657002e-01 
  1.292209774e-01 
  1.294770241e-01 
  1.284321696e-01 
  1.266576797e-01 
  1.251121014e-01 
  1.259607524e-01 
  1.249923185e-01 
  1.242824346e-01 
  1.219163612e-01 
  1.197134480e-01 
  1.190125570e-01 
  1.191865578e-01 
  1.187619120e-01 
  1.177758425e-01 
  1.166796759e-01 
  1.153221726e-01 
  1.143880561e-01 
  1.137088984e-01 
  1.119612530e-01 
  1.060328111e-01 
  1.083875149e-01 
  1.048702300e-01 
  1.077031046e-01 
  1.084817499e-01 
  1.055126637e-01 
  1.050130352e-01 
  1.020865440e-01 
  1.006283462e-01 
  1.013116613e-01 
  1.025212854e-01 
  1.029262021e-01 
  1.019381434e-01 
  9.996004403e-02 
  9.627355635e-02 
  9.333823621e-02 
  8.461346477e-02 
  8.383178711e-02 
  8.274796605e-02 
  8.105149865e-02 
  8.401957154e-02 
  8.538855612e-02 
  8.629745245e-02 
  8.553598821e-02 
  8.584389836e-02 
  8.628406376e-02 
  8.558291197e-02 
  8.536137640e-02 
  8.628407866e-02 
  8.590781689e-02 
  8.366403729e-02 
  8.056667447e-02 
  7.351127267e-02 
  6.820436567e-02 
  6.548361480e-02 
  6.124883145e-02 
  5.929978564e-02 
  5.499039218e-02 
  5.297882110e-02 
  5.063828081e-02 
  4.740336165e-02 
  4.561060667e-02 
  4.360512272e-02 
  4.190301895e-02 
  3.980412334e-02 
  3.897890449e-02 
  3.668011352e-02 
  3.471098840e-02 
  3.457181156e-02 
  3.409866989e-02 
  3.445313871e-02 
  3.521205485e-02 
  3.516772389e-02 
  3.551252931e-02 
  3.451945260e-02 
  3.423584998e-02 
  3.357429057e-02 
  3.485381231e-02 
  3.686598688e-02 
  3.982878104e-02 
  4.155663028e-02 
  4.271727800e-02 
  4.237408936e-02 
  4.133452103e-02 
  4.102347046e-02 
  3.921784833e-02 
  3.766761348e-02 
  3.497240320e-02 
  3.319590166e-02 
  3.166303411e-02 
  3.180228174e-02 
  3.303577751e-02 
  3.378428891e-02 
  3.554105014e-02 
  3.764703125e-02 
  3.932477161e-02 
  4.006769136e-02 
  3.942430019e-02 
  3.932751715e-02 
  3.755506501e-02 
  3.599506989e-02 
  3.442955017e-02 
  3.479548171e-02 
  3.636026382e-02 
  3.753899038e-02 
  3.757309169e-02 
  3.695942461e-02 
  3.564648330e-02 
  3.587999567e-02 
  3.742657974e-02 
  3.783677146e-02 
  3.719194233e-02 
  3.728392720e-02 
  3.678517789e-02 
  3.682940453e-02 
  3.770263866e-02 
  3.878622130e-02 
  4.012415186e-02 
  4.154780135e-02 
  3.985101730e-02 
  4.115240648e-02 
  4.133898765e-02 
  4.210378975e-02 
  4.263203964e-02 
  4.302145913e-02 
  4.300735146e-02 
  4.241470620e-02 
  4.247767851e-02 
  4.426164925e-02 
  4.372241348e-02 
  4.357053339e-02 
  4.343320802e-02 
  4.376896843e-02 
  4.193684831e-02 
  4.300358146e-02 
  4.422332719e-02 
  4.351649806e-02 
  4.228681326e-02 
  4.103081301e-02 
  4.108355939e-02 
  4.096159711e-02 
  3.976036236e-02 
  4.085419327e-02 
  4.104714096e-02 
  4.123600572e-02 
  4.181803763e-02 
  4.232330248e-02 
  3.992655873e-02 
  4.203054681e-02 
  4.073486105e-02 
  4.131787643e-02 
  4.167816788e-02 
  4.153488204e-02 
  4.239608720e-02 
  4.258535057e-02 
  4.288454726e-02 
  4.247850925e-02 
  4.156136513e-02 
  4.144310206e-02 
  4.166301712e-02 
  4.380406812e-02 
  4.535178095e-02 
  4.565759748e-02 
  4.646117613e-02 
  4.692007601e-02 
  4.758384824e-02 
  4.691910371e-02 
  4.538787901e-02 
  4.482541233e-02 
  4.337241501e-02 
  4.295859113e-02 
  4.258080572e-02 
  4.236114025e-02 
  4.049370810e-02 
  4.085819423e-02 
  3.917757049e-02 
  3.861266375e-02 
  3.796918318e-02 
  3.825064003e-02 
  3.968802467e-02 
  4.172141850e-02 
  4.183485359e-02 
  4.256968945e-02 
  4.252050072e-02 
  4.207179695e-02 
  4.090629146e-02 
  4.070762917e-02 
  4.111663625e-02 
  4.098756611e-02 
  4.203579947e-02 
  4.124440998e-02 
  4.149179906e-02 
  4.207601771e-02 
  4.179657623e-02 
  4.295465350e-02 
  3.751606494e-02 
  4.451470822e-02 
  4.585637152e-02 
  4.688670486e-02 
  4.580751434e-02 
  4.712195322e-02 
  4.687432200e-02 
  4.685889557e-02 
  4.609974846e-02 
  4.709411040e-02 
  4.808691144e-02 
  4.778255150e-02 
  4.891759530e-02 
  4.858330637e-02 
  4.783169180e-02 
  4.269421473e-02 
  4.449953139e-02 
  4.469307140e-02 
  4.518764839e-02 
  4.755853862e-02 
  4.691630974e-02 
  4.723186046e-02 
  4.792205989e-02 
  4.818211496e-02 
  4.726844281e-02 
  4.710982367e-02 
  4.634303227e-02 
  4.725566506e-02 
  4.673629254e-02 
  4.645568505e-02 
  4.742513224e-02 
  4.688293114e-02 
  4.741466418e-02 
  4.658569768e-02 
  4.619333148e-02 
  4.724599421e-02 
  4.671329632e-02 
  4.547292367e-02 
  4.664328322e-02 
  4.608992115e-02 
  4.635308310e-02 
  4.608384520e-02 
  4.306587204e-02 
  4.593775049e-02 
  4.556813836e-02 
  4.524597898e-02 
  4.445819929e-02 
  4.453169927e-02 
  4.501000047e-02 
  4.507752135e-02 
  4.376676679e-02 
  4.459491000e-02 
  4.287365079e-02 
  4.366945475e-02 
  4.381479695e-02 
  4.359336570e-02 
  4.405654967e-02 
  4.412640631e-02 
  4.405920208e-02 
  4.353488237e-02 
  4.214689881e-02 
  4.311478510e-02 
  4.276495427e-02 
  4.243143648e-02 
  4.304731637e-02 
  4.272529483e-02 
  4.104319960e-02 
  4.161758721e-02 
  4.071268439e-02 
  4.193508253e-02 
  4.150114954e-02 
  4.139688984e-02 
  4.057687894e-02 
  4.141793773e-02 
  4.129658267e-02 
  4.055043310e-02 
  3.960289061e-02 
  4.004093260e-02 
  3.918138519e-02 
  3.895552456e-02 
  3.788186982e-02 
  3.775149211e-02 
  3.657137603e-02 
  3.745545447e-02 
  3.731941804e-02 
  3.666450828e-02 
  3.673008829e-02 
  3.404921293e-02 
  3.648691997e-02 
  3.287900239e-02 
  3.591090068e-02 
  3.605712950e-02 
  3.676075116e-02 
  3.642446920e-02 
  3.567493334e-02 
  3.609778732e-02 
  3.575417772e-02 
  3.677366674e-02 
  3.621997684e-02 
  3.577768058e-02 
  3.517166525e-02 
  3.211003914e-02 
  3.450651839e-02 
  3.365036100e-02 
  3.533397987e-02 
  3.598831594e-02 
  3.557952493e-02 
  3.562123328e-02 
  3.328390792e-02 
  3.438616544e-02 
  3.470959142e-02 
  3.320673108e-02 
  3.348140419e-02 
  3.199150786e-02 
  3.267351910e-02 
  3.239855170e-02 
  3.281192482e-02 
  3.224583343e-02 
  3.207061440e-02 
  3.209785745e-02 
  3.236360475e-02 
  3.215875849e-02 
  3.010667674e-02 
  3.100702167e-02 
  3.134271875e-02 
  3.207535669e-02 
  3.168148920e-02 
  3.221314773e-02 
  3.018977493e-02 
  3.107490391e-02 
  3.196350858e-02 
  3.185849637e-02 
  3.104608692e-02 
  3.056417033e-02 
  3.125585616e-02 
  3.184037656e-02 
  3.199903667e-02 
  3.116128407e-02 
  3.143205866e-02 
  3.131765872e-02 
  3.147658706e-02 
  3.137855604e-02 
  3.042441607e-02 
  3.082409315e-02 
  3.072252125e-02 
  3.023790009e-02 
  2.941696718e-02 
  3.013144620e-02 
  2.993260510e-02 
  2.847261913e-02 
  2.819561400e-02 
  2.777800895e-02 
  2.783611603e-02 
  2.756697126e-02 
  2.746495046e-02 
  2.809467167e-02 
  2.758874185e-02 
  2.756970190e-02 
  2.783283964e-02 
  2.802346461e-02 
  2.783042379e-02 
  2.712658048e-02 
  2.774647623e-02 
  2.706669830e-02 
  2.754873782e-02 
  2.720859833e-02 
  2.744695917e-02 
  2.687111869e-02 
  2.735133097e-02 
  2.708681859e-02 
  2.719665691e-02 
  2.664119378e-02 
  2.688247524e-02 
  2.692117542e-02 
  2.664611675e-02 
  2.639333345e-02 
  2.619333938e-02 
  2.586472034e-02 
  2.569461614e-02 
  2.590716071e-02 
  2.540701441e-02 
  2.542483620e-02 
  2.592717670e-02 
  2.570069209e-02 
  2.442566492e-02 
  2.506033517e-02 
  2.510487475e-02 
  2.481186204e-02 
  2.435415238e-02 
  2.441791445e-02 
  2.449988574e-02 
  2.410710230e-02 
  2.322360501e-02 
  2.236592397e-02 
  2.295652218e-02 
  2.346621081e-02 
  2.384352684e-02 
  2.385542914e-02 
  2.351283282e-02 
  2.355290018e-02 
  2.351182140e-02 
  2.317381650e-02 
  2.310144529e-02 
  2.334485948e-02 
  2.333221026e-02 
  2.319432795e-02 
  2.310688607e-02 
  2.306080796e-02 
  2.287120558e-02 
  2.267664485e-02 
  2.275975049e-02 
  2.255997062e-02 
  2.222339064e-02 
  2.220833674e-02 
  2.208281308e-02 
  2.158420719e-02 
  2.192392945e-02 
  2.197148278e-02 
  2.164913341e-02 
  2.154665254e-02 
  2.089969255e-02 
  2.123174816e-02 
  2.141265571e-02 
  1.973986439e-02 
  2.106742188e-02 
  2.112496085e-02 
  2.107698098e-02 
  2.104167640e-02 
  2.088204212e-02 
  2.063699812e-02 
  2.047953382e-02 
  2.060763165e-02 
  2.009835094e-02 
  1.975774951e-02 
  2.005175501e-02 
  1.900787838e-02 
  1.924967952e-02 
  1.947754808e-02 
  1.963104680e-02 
  1.949107833e-02 
  1.902074553e-02 
  1.936253347e-02 
  1.935572550e-02 
  1.904227212e-02 
  1.878814586e-02 
  1.755122095e-02 
  1.785272546e-02 
  1.792848296e-02 
  1.702006534e-02 
  1.675597206e-02 
  1.753765531e-02 
  1.777010970e-02 
  1.779563166e-02 
  1.734521613e-02 
  1.784992777e-02 
  1.751986146e-02 
  1.772673428e-02 
  1.717058010e-02 
  1.726112515e-02 
  1.679256186e-02 
  1.737536117e-02 
  1.719625294e-02 
  1.711968146e-02 
  1.680457219e-02 
  1.689188369e-02 
  1.690335386e-02 
  1.687033288e-02 
  1.657902449e-02 
  1.671832614e-02 
  1.669215597e-02 
  1.652271673e-02 
  1.655279845e-02 
  1.640387252e-02 
  1.608020253e-02 
  1.564555243e-02 
  1.578787714e-02 
  1.545103360e-02 
  1.568489708e-02 
  1.556961983e-02 
  1.552989800e-02 
  1.527282968e-02 
  1.535179187e-02 
  1.507597044e-02 
  1.506819483e-02 
  1.504080556e-02 
  1.501369849e-02 
  1.468055230e-02 
  1.429094840e-02 
  1.422655117e-02 
  1.382948179e-02 
  1.360233221e-02 
  1.370817609e-02 
  1.360885892e-02 
  1.357436646e-02 
  1.336536650e-02 
  1.314958092e-02 
  1.313103177e-02 
  1.303982828e-02 
  1.311839093e-02 
  1.319439802e-02 
  1.312024891e-02 
  1.277442090e-02 
  1.264829189e-02 
  1.235156320e-02 
  1.215281151e-02 
  1.178810466e-02 
  1.138765831e-02 
  1.145606861e-02 
  1.108604204e-02 
  1.066030655e-02 
  1.067413483e-02 
  1.019262336e-02 
  1.011661999e-02 
  9.506217204e-03 
  9.193969890e-03 
  9.131317958e-03 
  9.228443727e-03 
  9.173939936e-03 
  8.919446729e-03 
  8.768677711e-03 
  8.653701283e-03 
  8.402075619e-03 
  8.041147143e-03 
  8.010949939e-03 
  7.703734562e-03 
  7.702240255e-03 
  7.466631476e-03 
  7.033923641e-03 
  6.921181921e-03 
  6.556424778e-03 
  6.101822481e-03 
  6.362838205e-03 
  6.440229248e-03 
  6.471427623e-03 
  6.370023359e-03 
  6.256639492e-03 
  6.403162144e-03 
  6.039800122e-03 
  6.056306884e-03 
  5.842399783e-03 
  5.775105674e-03 
  5.328859203e-03 
  5.253830459e-03 
  5.227222107e-03 
  5.089232698e-03 
  4.891149234e-03 
  4.863929469e-03 
  4.566772375e-03 
  4.563201685e-03 
  4.473024514e-03 
  4.315615166e-03 
  4.490458407e-03 
  4.513774998e-03 
  4.598872270e-03 
  4.643309861e-03 
  4.481281620e-03 
  4.720367957e-03 
  4.689469934e-03 
  4.636575468e-03 
  4.290689249e-03 
  4.406721797e-03 
  4.464632832e-03 
  4.489033949e-03 
  4.453423899e-03 
  4.415128380e-03 
  4.304618109e-03 
  4.368199036e-03 
  4.365349654e-03 
  4.206963349e-03 
  4.365692381e-03 
  4.425853025e-03 
  4.511959385e-03 
  4.446274135e-03 
  4.658877384e-03 
  4.610575270e-03 
  4.624127876e-03 
  4.563958384e-03 
  4.569813143e-03 
  4.275480285e-03 
  4.193482921e-03 
  3.874167101e-03 
  3.956017084e-03 
  3.656147979e-03 
  3.492561635e-03 
  3.454611870e-03 
  3.462695982e-03 
  3.448002273e-03 
  3.369758138e-03 
  3.124803305e-03 
  3.927982878e-03 
  4.239173606e-03 
  4.318410065e-03 
  4.344377667e-03 
  4.464454949e-03 
  4.540643655e-03 
  4.568637814e-03 
  4.578735214e-03 
  4.542005714e-03 
  4.381153733e-03 
  4.584515467e-03 
  4.510764964e-03 
  4.423389211e-03 
  4.246951547e-03 
  4.379855935e-03 
  4.235362168e-03 
  4.051896743e-03 
  4.204562865e-03 
  4.092518706e-03 
  3.916768823e-03 
  3.889199113e-03 
  3.806217341e-03 
  3.736743238e-03 
  3.683603369e-03 
  3.705754643e-03 
  3.641522257e-03 
  3.659944283e-03 
  3.617992392e-03 
  3.754415084e-03 
  3.760431660e-03 
  3.860200522e-03 
  3.778923303e-03 
  3.842622042e-03 
  3.838519333e-03 
  3.823328763e-03 
  3.702351125e-03 
  3.881588811e-03 
  3.967290744e-03 
  3.931969404e-03 
  4.075790755e-03 
  4.087681882e-03 
  4.178440664e-03 
  4.151209723e-03 
  4.117064178e-03 
  4.272713792e-03 
  4.346259404e-03 
  4.288511351e-03 
  4.363066517e-03 
  4.333093297e-03 
  4.347051028e-03 
  4.351853393e-03 
  4.298423883e-03 
  4.211993888e-03 
  4.369383678e-03 
  4.369598348e-03 
  4.494260531e-03 
  4.411287140e-03 
  4.578299355e-03 
  4.604382440e-03 
  4.656738602e-03 
  4.651603755e-03 
  4.732315894e-03 
  4.511720967e-03 
  4.662881605e-03 
  4.697913304e-03 
  4.733850248e-03 
  4.584997427e-03 
  4.377232399e-03 
  4.103882238e-03 
  4.372249823e-03 
  4.635049496e-03 
  4.682240542e-03 
  4.726493265e-03 
  4.559386522e-03 
  4.417755175e-03 
  4.415164702e-03 
  4.521355499e-03 
  4.442451056e-03 
  4.427509382e-03 
  4.338552244e-03 
  4.434582777e-03 
  4.446023609e-03 
  4.598464817e-03 
  4.554323386e-03 
  4.763077945e-03 
  4.658667836e-03 
  4.791647196e-03 
  4.787254613e-03 
  5.152859259e-03 
  5.016581621e-03 
  5.343156867e-03 
  5.348319653e-03 
  5.540960934e-03 
  5.578323733e-03 
  5.761870649e-03 
  5.703604314e-03 
  5.606010091e-03 
  5.747964140e-03 
  6.004004274e-03 
  5.994736683e-03 
  6.079659797e-03 
  5.758278538e-03 
  6.165886298e-03 
  5.959577393e-03 
  6.120338570e-03 
  6.162061822e-03 
  6.201393437e-03 
  6.120965350e-03 
  6.133596878e-03 
  5.998806562e-03 
  6.015263032e-03 
  6.166398991e-03 
  6.125974935e-03 
  6.096122321e-03 
  6.032748148e-03 
  5.936247762e-03 
  5.685778800e-03 
  5.720154382e-03 
  5.536061712e-03 
  5.523391068e-03 
  4.941528197e-03 
  4.838238936e-03 
  4.282981157e-03 
  4.276143853e-03 
  3.698002314e-03 
  3.696599044e-03 
  3.348445985e-03 
  3.339176066e-03 
  3.369768616e-03 
  3.275777446e-03 
  3.462900873e-03 
  3.453526879e-03 
  3.530149115e-03 
  3.529647365e-03 
  3.552855458e-03 
  3.541616723e-03 
  3.589696251e-03 
  3.547474742e-03 
  3.670744598e-03 
  3.657531925e-03 
  3.856245428e-03 
  3.857739968e-03 
  4.169910681e-03 
  4.130422603e-03 
  4.290997051e-03 
  4.433489405e-03 
  4.752294626e-03 
  4.747252911e-03 
  4.924168810e-03 
  4.959083628e-03 
  5.088277627e-03 
  5.095896311e-03 
  5.104791839e-03 
  5.035227630e-03 
  5.130447913e-03 
  5.205884576e-03 
  5.264503881e-03 
  5.250080023e-03 
  5.087644793e-03 
  5.196786020e-03 
  5.231163930e-03 
  4.940884188e-03 
  5.103313364e-03 
  5.134745967e-03 
  5.088085774e-03 
  5.030922126e-03 
  4.985876847e-03 
  4.975291435e-03 
  4.837875720e-03 
  4.825181328e-03 
  4.789704923e-03 
  4.585538059e-03 
  4.601669498e-03 
  4.367158748e-03 
  4.334550351e-03 
  4.178453237e-03 
  4.111637827e-03 
  4.108074121e-03 
  4.131262191e-03 
  4.162709694e-03 
  4.138638731e-03 
  4.193930887e-03 
  4.187283572e-03 
  4.186765291e-03 
  4.068044014e-03 
  4.180174787e-03 
  4.156608600e-03 
  3.900988493e-03 
  4.121722188e-03 
  4.118822515e-03 
  4.126965534e-03 
  4.084123764e-03 
  4.151313566e-03 
  4.004363902e-03 
  4.227250814e-03 
  4.170793574e-03 
  4.335532431e-03 
  4.320724402e-03 
  4.404257052e-03 
  4.390807822e-03 
  4.444593564e-03 
  4.435051698e-03 
  4.352898337e-03 
  4.433332942e-03 
  4.381746985e-03 
  4.433943424e-03 
  4.348184448e-03 
  4.371817689e-03 
  4.399835132e-03 
  4.426294006e-03 
  4.415714182e-03 
  4.435395822e-03 
  4.433192778e-03 
  4.435249139e-03 
  4.393704236e-03 
  4.217991140e-03 
  4.363152664e-03 
  4.395845812e-03 
  4.249291960e-03 
  4.368879367e-03 
  4.348237067e-03 
  4.334043246e-03 
  4.340625834e-03 
  4.343900364e-03 
  4.331071861e-03 
  4.352378659e-03 
  4.277868196e-03 
  4.335498903e-03 
  4.323654808e-03 
  4.331214819e-03 
  4.310072865e-03 
  4.297457635e-03 
  4.267357755e-03 
  4.159505013e-03 
  4.248344805e-03 
  4.228398670e-03 
  4.198996350e-03 
  4.204133060e-03 
  4.192576744e-03 
  4.156077281e-03 
  4.048677161e-03 
  4.134539049e-03 
  4.154003225e-03 
  4.046937916e-03 
  4.125664942e-03 
  4.082434811e-03 
  4.077479709e-03 
  4.006449133e-03 
  4.085323773e-03 
  4.097515717e-03 
  4.018648528e-03 
  4.093910567e-03 
  4.077039659e-03 
  4.053677898e-03 
  4.070487339e-03 
  4.055599682e-03 
  4.044741392e-03 
  4.025005270e-03 
  4.022028763e-03 
  3.867970547e-03 
  3.992279526e-03 
  3.983994480e-03 
  3.956647590e-03 
  3.944363445e-03 
  3.940678667e-03 
  3.910401370e-03 
  3.883606521e-03 
  3.856581170e-03 
  3.811070696e-03 
  3.744251095e-03 
  3.775254358e-03 
  3.769901115e-03 
  3.717520507e-03 
  3.706124611e-03 
  3.670180449e-03 
  3.654404078e-03 
  3.613798646e-03 
  3.615651745e-03 
  3.607509192e-03 
  3.603913356e-03 
  3.588079242e-03 
  3.576362738e-03 
  3.553230781e-03 
  3.535155207e-03 
  3.525113221e-03 
  3.471449716e-03 
  3.467691597e-03 
  3.412819002e-03 
  3.293069080e-03 
  2.952607116e-03 
  3.224281594e-03 
  3.320205724e-03 
  3.402183065e-03 
  3.392440034e-03 
  3.415715881e-03 
  3.396494547e-03 
  3.402469680e-03 
  3.383454867e-03 
  3.381361486e-03 
  3.354457440e-03 
  3.317348892e-03 
  3.335410263e-03 
  3.201808780e-03 
  3.324954771e-03 
  3.313620808e-03 
  3.277606331e-03 
  3.190985182e-03 
  3.262567101e-03 
  3.264857456e-03 
  3.262537997e-03 
  3.252269700e-03 
  3.164408728e-03 
  3.141053254e-03 
  3.173351986e-03 
  3.204737790e-03 
  3.190168180e-03 
  3.149930155e-03 
  3.135992214e-03 
  3.120979294e-03 
  3.080531256e-03 
  3.062856849e-03 
  3.038160969e-03 
  3.028303152e-03 
  3.011576366e-03 
  3.008297412e-03 
  2.998008160e-03 
  3.024914069e-03 
  3.019986907e-03 
  3.005898558e-03 
  2.925021341e-03 
  2.882541856e-03 
  3.023022320e-03 
  2.955187112e-03 
  3.044678131e-03 
  3.036482260e-03 
  3.021256765e-03 
  3.015710507e-03 
  2.998195123e-03 
  2.992462832e-03 
  2.961976221e-03 
  2.913806587e-03 
  2.944034524e-03 
  2.948123729e-03 
  2.933155280e-03 
  2.922818996e-03 
  2.905953443e-03 
  2.898760373e-03 
  2.886394970e-03 
  2.866744762e-03 
  2.812173450e-03 
  2.815123647e-03 
  2.808180172e-03 
  2.828327706e-03 
  2.792955842e-03 
  2.792196348e-03 
  2.787050325e-03 
  2.774157096e-03 
  2.764019184e-03 
  2.744426951e-03 
  2.728467342e-03 
  2.724848920e-03 
  2.689081244e-03 
  2.627932699e-03 
  2.655730583e-03 
  2.677145880e-03 
  2.666599117e-03 
  2.617663937e-03 
  2.632846357e-03 
  2.629166469e-03 
  2.618859289e-03 
  2.611837350e-03 
  2.536823973e-03 
  2.585038776e-03 
  2.559577581e-03 
  2.552024787e-03 
  2.551637357e-03 
  2.512810985e-03 
  2.445678925e-03 
  2.495218534e-03 
  2.471988322e-03 
  2.467551036e-03 
  2.462622942e-03 
  2.461030614e-03 
  2.438887954e-03 
  2.422646619e-03 
  2.423002850e-03 
  2.332929522e-03 
  2.414482879e-03 
  2.395960037e-03 
  2.362169791e-03 
  2.378880978e-03 
  2.376084216e-03 
  2.366441535e-03 
  2.355268225e-03 
  2.330496907e-03 
  2.347906819e-03 
  2.341189655e-03 
  2.330106916e-03 
  2.291498007e-03 
  2.315558726e-03 
  2.311908407e-03 
  2.306412673e-03 
  2.295228187e-03 
  2.284278395e-03 
  2.168623963e-03 
  2.235210501e-03 
  2.237930428e-03 
  2.230018377e-03 
  2.218078822e-03 
  2.212027553e-03 
  2.212602179e-03 
  2.201089868e-03 
  2.177797025e-03 
  2.173917368e-03 
  2.141470788e-03 
  2.148291096e-03 
  2.140311990e-03 
  2.023601439e-03 
  2.073585987e-03 
  2.061794046e-03 
  2.022038447e-03 
  2.063308377e-03 
  2.065535402e-03 
  2.056442900e-03 
  2.051308285e-03 
  2.070468850e-03 
  2.060738625e-03 
  2.050413517e-03 
  2.068720292e-03 
  2.067303983e-03 
  2.066546353e-03 
  2.062632935e-03 
  2.045939444e-03 
  2.032730961e-03 
  2.035571029e-03 
  2.022539498e-03 
  2.000956330e-03 
  1.985847251e-03 
  1.917168498e-03 
  1.941872528e-03 
  1.919667237e-03 
  1.948237419e-03 
  1.937075751e-03 
  1.909944229e-03 
  1.916505280e-03 
  1.911708736e-03 
  1.817513607e-03 
  1.864763675e-03 
  1.876751892e-03 
  1.853006310e-03 
  1.884946250e-03 
  1.894310815e-03 
  1.876192982e-03 
  1.869745320e-03 
  1.858140342e-03 
  1.843285980e-03 
  1.838846481e-03 
  1.806206652e-03 
  1.777496887e-03 
  1.787037123e-03 
  1.765609835e-03 
  1.753479592e-03 
  1.705180854e-03 
  1.730349730e-03 
  1.729474985e-03 
  1.712518395e-03 
  1.701521454e-03 
  1.693667844e-03 
  1.679770299e-03 
  1.680908026e-03 
  1.668318408e-03 
  1.663519302e-03 
  1.668633311e-03 
  1.655232743e-03 
  1.660307986e-03 
  1.631728723e-03 
  1.578042749e-03 
  1.616323250e-03 
  1.631977037e-03 
  1.644059550e-03 
  1.627984690e-03 
  1.625759876e-03 
  1.651387778e-03 
  1.650008955e-03 
  1.635135734e-03 
  1.617627917e-03 
  1.612616586e-03 
  1.614318695e-03 
  1.579592586e-03 
  1.580169774e-03 
  1.543875202e-03 
  1.533533679e-03 
  1.516289543e-03 
  1.487128553e-03 
  1.501834369e-03 
  1.499776030e-03 
  1.499774400e-03 
  1.424148446e-03 
  1.469227835e-03 
  1.496992772e-03 
  1.489661285e-03 
  1.482765307e-03 
  1.496983692e-03 
  1.489614369e-03 
  1.482472173e-03 
  1.483566244e-03 
  1.410020050e-03 
  1.406842377e-03 
  1.415345701e-03 
  1.423328882e-03 
  1.406264841e-03 
  1.441567903e-03 
  1.433963189e-03 
  1.449657488e-03 
  1.444717986e-03 
  1.438616891e-03 
  1.428448013e-03 
  1.444584574e-03 
  1.429429045e-03 
  1.428445918e-03 
  1.432730234e-03 
  1.420679153e-03 
  1.420616522e-03 
  1.404992305e-03 
  1.399911358e-03 
  1.404686831e-03 
  1.392087201e-03 
  1.372267376e-03 
  1.379019697e-03 
  1.356715336e-03 
  1.344568213e-03 
  1.344678574e-03 
  1.338122180e-03 
  1.318728318e-03 
  1.317771384e-03 
  1.313939109e-03 
  1.295520691e-03 
  1.248348504e-03 
  1.244049170e-03 
  1.200775732e-03 
  1.252879505e-03 
  1.261693193e-03 
  1.294073998e-03 
  1.278107520e-03 
  1.283889404e-03 
  1.297530485e-03 
  1.286272542e-03 
  1.287963125e-03 
  1.280933502e-03 
  1.294958172e-03 
  1.279133139e-03 
  1.276288647e-03 
  1.282780315e-03 
  1.272993046e-03 
  1.257805037e-03 
  1.263508340e-03 
  1.257712254e-03 
  1.217643614e-03 
  1.202309271e-03 
  1.233902760e-03 
  1.223694533e-03 
  1.192353666e-03 
  1.221336774e-03 
  1.201037900e-03 
  1.185131609e-03 
  1.190473908e-03 
  1.157089137e-03 
  1.149429823e-03 
  1.127943629e-03 
  1.093585393e-03 
  1.094289823e-03 
  1.081970753e-03 
  1.080211019e-03 
  1.085986849e-03 
  1.076241489e-03 
  1.073974185e-03 
  1.088918885e-03 
  1.113604521e-03 
  1.100330264e-03 
  1.096610446e-03 
  1.056277426e-03 
  1.108791213e-03 
  1.114620711e-03 
  1.105951378e-03 
  1.089009806e-03 
  1.090065925e-03 
  1.080343733e-03 
  1.067139907e-03 
  1.057027490e-03 
  1.047060592e-03 
  1.024074038e-03 
  1.022308832e-03 
  1.013197121e-03 
  9.346599109e-04 
  9.729521698e-04 
  9.674907196e-04 
  9.515121928e-04 
  9.330304456e-04 
  9.489506483e-04 
  9.035948315e-04 
  9.153280989e-04 
  9.093963308e-04 
  8.396574995e-04 
  8.504360449e-04 
  8.346788818e-04 
  8.090209449e-04 
  7.852241979e-04 
  8.205766208e-04 
  7.894160226e-04 
  7.833097479e-04 
  7.396655856e-04 
  7.715899847e-04 
  7.697266992e-04 
  7.724119932e-04 
  7.681435673e-04 
  7.699560374e-04 
  7.564580883e-04 
  7.717616390e-04 
  7.619929384e-04 
  7.558926591e-04 
  7.704875898e-04 
  7.639130345e-04 
  7.661786512e-04 
  7.562788087e-04 
