  7.311267853e-01 
  1.793929935e+00 
  1.836119771e+00 
  4.411402225e+00 
  4.823812008e+00 
  8.245923996e+00 
  8.724852562e+00 
  1.238737869e+01 
  1.535761929e+01 
  1.605783272e+01 
  1.717302322e+01 
  3.250613785e+01 
  2.704382515e+01 
  3.375952530e+01 
  3.419555283e+01 
  4.002054977e+01 
  3.090510750e+01 
  4.413947296e+01 
  4.236741638e+01 
  4.677885437e+01 
  4.512060165e+01 
  5.464649582e+01 
  4.775712967e+01 
  4.147560501e+01 
  5.136320496e+01 
  5.680830002e+01 
  7.739954376e+01 
  7.724825287e+01 
  6.364342499e+01 
  7.470786285e+01 
  7.741531372e+01 
  6.246854019e+01 
  6.821466827e+01 
  7.658341980e+01 
  6.372731781e+01 
  6.797585297e+01 
  5.070737839e+01 
  4.815276718e+01 
  5.830712891e+01 
  5.826232529e+01 
  6.502524567e+01 
  5.451416016e+01 
  5.673498535e+01 
  5.654790115e+01 
  5.074343491e+01 
  6.473947906e+01 
  7.126321411e+01 
  6.725926971e+01 
  6.283136749e+01 
  6.834906006e+01 
  6.932050323e+01 
  6.529185486e+01 
  6.637792206e+01 
  6.007338333e+01 
  6.878998566e+01 
  6.915637207e+01 
  6.486424255e+01 
  4.112943649e+01 
  4.433201218e+01 
  4.424156189e+01 
  6.510065460e+01 
  5.119926834e+01 
  5.571703720e+01 
  5.879039383e+01 
  5.820926285e+01 
  5.406594086e+01 
  7.360885620e+01 
  6.533190918e+01 
  6.110995865e+01 
  5.830191803e+01 
  6.650553131e+01 
  5.267978287e+01 
  5.499538803e+01 
  5.434798431e+01 
  4.173189163e+01 
  3.789425659e+01 
  5.372847366e+01 
  5.447727585e+01 
  6.980073547e+01 
  5.322491455e+01 
  4.937159348e+01 
  5.488213730e+01 
  4.060046768e+01 
  2.800604248e+01 
  3.049123955e+01 
  4.537913895e+01 
  3.482873917e+01 
  3.951898193e+01 
  3.868458176e+01 
  4.355060196e+01 
  5.216154099e+01 
  5.764027023e+01 
  5.059572601e+01 
  2.679128075e+01 
  2.928227425e+01 
  4.854896164e+01 
  4.935496902e+01 
  1.983981895e+01 
  5.482561493e+01 
  6.492983246e+01 
  6.300675583e+01 
  6.181145859e+01 
  6.465808105e+01 
  5.977481079e+01 
  6.340568924e+01 
  5.739809418e+01 
  5.623348618e+01 
  5.406691742e+01 
  5.782554626e+01 
  6.319106293e+01 
  5.215990448e+01 
  6.047535706e+01 
  6.187091827e+01 
  5.771014404e+01 
  5.592853928e+01 
  5.890248489e+01 
  5.781277084e+01 
  5.535631561e+01 
  5.348003006e+01 
  5.411449814e+01 
  4.523984146e+01 
  5.598534393e+01 
  5.298954773e+01 
  4.420767212e+01 
  4.803590393e+01 
  4.914898682e+01 
  4.667699432e+01 
  4.435960770e+01 
  4.438114929e+01 
  3.989586258e+01 
  3.145853424e+01 
  2.794972992e+01 
  4.971759033e+01 
  4.373681641e+01 
  4.108435440e+01 
  4.417864609e+01 
  4.841971588e+01 
  4.832252502e+01 
  4.278907013e+01 
  4.093156433e+01 
  4.535266113e+01 
  4.469190216e+01 
  4.653690338e+01 
  4.632016754e+01 
  4.550289154e+01 
  4.732901382e+01 
  4.166106415e+01 
  4.698797607e+01 
  4.724102783e+01 
  4.703700638e+01 
  4.753340530e+01 
  5.080674744e+01 
  4.671499252e+01 
  4.289202881e+01 
  4.523329926e+01 
  4.505731964e+01 
  4.565219116e+01 
  4.541524887e+01 
  4.413946915e+01 
  4.366385651e+01 
  4.282426453e+01 
  4.390736771e+01 
  4.273687363e+01 
  4.229843521e+01 
  4.199237061e+01 
  4.094622040e+01 
  4.180240631e+01 
  3.990732956e+01 
  4.180717087e+01 
  4.100916290e+01 
  4.002450562e+01 
  3.953881836e+01 
  3.960872650e+01 
  3.877371979e+01 
  3.868379211e+01 
  3.983534241e+01 
  3.821770096e+01 
  3.748126221e+01 
  3.892661285e+01 
  3.677116776e+01 
  3.710346985e+01 
  3.649469757e+01 
  3.687506104e+01 
  3.653677750e+01 
  3.477560425e+01 
  3.467900467e+01 
  2.783633423e+01 
  3.097578430e+01 
  3.330034256e+01 
  3.065038109e+01 
  3.455110931e+01 
  3.201522446e+01 
  3.046607780e+01 
  3.249362183e+01 
  3.108695412e+01 
  3.291139221e+01 
  3.174501038e+01 
  3.049904823e+01 
  2.949389839e+01 
  2.914250183e+01 
  2.873873711e+01 
  2.782863617e+01 
  2.738547325e+01 
  2.874505043e+01 
  2.649357033e+01 
  2.830865860e+01 
  3.002244186e+01 
  2.767346764e+01 
  2.629261208e+01 
  2.808966064e+01 
  2.696579552e+01 
  2.672483444e+01 
  2.779096222e+01 
  2.520148468e+01 
  2.444667435e+01 
  2.472958374e+01 
  2.573909378e+01 
  1.878725624e+01 
  2.304810143e+01 
  2.163783836e+01 
  2.360713387e+01 
  2.340711784e+01 
  2.411693573e+01 
  2.226487732e+01 
  2.394039536e+01 
  2.353720093e+01 
  2.223143768e+01 
  1.924797821e+01 
  2.291230583e+01 
  2.335487747e+01 
  2.187404633e+01 
  2.360078621e+01 
  2.231776619e+01 
  1.943094063e+01 
  2.094515991e+01 
  2.118348503e+01 
  2.228220749e+01 
  2.049334908e+01 
  2.126718140e+01 
  2.101484489e+01 
  2.038976097e+01 
  1.853760719e+01 
  2.050304604e+01 
  1.944598961e+01 
  2.033783913e+01 
  1.986683655e+01 
  1.926258659e+01 
  1.991347885e+01 
  1.832303429e+01 
  1.912384033e+01 
  1.855164719e+01 
  1.828852081e+01 
  1.892530823e+01 
  1.803985405e+01 
  1.848219490e+01 
  1.838839340e+01 
  1.774130821e+01 
  1.708012199e+01 
  1.759055328e+01 
  1.649744606e+01 
  1.644109726e+01 
  1.792920494e+01 
  1.632971001e+01 
  1.695235252e+01 
  1.658459282e+01 
  1.665152550e+01 
  1.523375416e+01 
  1.621314430e+01 
  1.603681374e+01 
  1.558889675e+01 
  1.554966736e+01 
  1.488709831e+01 
  1.560875034e+01 
  1.564686775e+01 
  1.544465065e+01 
  1.495324230e+01 
  1.457390213e+01 
  1.507375908e+01 
  1.453376675e+01 
  1.432620907e+01 
  1.472369289e+01 
  1.436790180e+01 
  1.448879814e+01 
  1.449225426e+01 
  1.434850979e+01 
  1.415650654e+01 
  1.345545387e+01 
  1.387728596e+01 
  1.364338970e+01 
  1.202386570e+01 
  1.246873760e+01 
  1.314422894e+01 
  1.280913925e+01 
  1.284337521e+01 
  1.287260818e+01 
  1.254686451e+01 
  1.275706291e+01 
  1.270644093e+01 
  1.235625744e+01 
  1.227199554e+01 
  1.218899632e+01 
  1.203571129e+01 
  1.182283878e+01 
  1.181516075e+01 
  1.210880661e+01 
  1.199763489e+01 
  1.177895164e+01 
  1.163435936e+01 
  1.151440334e+01 
  1.132026100e+01 
  1.106484032e+01 
  1.116976070e+01 
  1.095124626e+01 
  1.071979046e+01 
  1.026438427e+01 
  1.068494129e+01 
  1.009220505e+01 
  1.008214188e+01 
  1.048763561e+01 
  1.032235050e+01 
  1.040511513e+01 
  1.051347256e+01 
  9.892134666e+00 
  9.902364731e+00 
  9.846554756e+00 
  9.515367508e+00 
  9.499100685e+00 
  9.584967613e+00 
  9.320115089e+00 
  9.540404320e+00 
  9.161146164e+00 
  9.450481415e+00 
  8.757611275e+00 
  9.345961571e+00 
  9.015907288e+00 
  9.126158714e+00 
  8.751964569e+00 
  8.987161636e+00 
  9.074066162e+00 
  8.944611549e+00 
  8.612321854e+00 
  8.683257103e+00 
  8.527146339e+00 
  8.620804787e+00 
  8.469270706e+00 
  8.486622810e+00 
  8.114192963e+00 
  8.176297188e+00 
  8.115098000e+00 
  8.221717834e+00 
  7.569307804e+00 
  8.103208542e+00 
  7.900144100e+00 
  8.007649422e+00 
  7.854174137e+00 
  7.600449085e+00 
  6.413069248e+00 
  6.802443027e+00 
  7.530841827e+00 
  7.499639988e+00 
  7.513484955e+00 
  7.504615784e+00 
  7.567771912e+00 
  7.437734604e+00 
  7.275534153e+00 
  7.263411522e+00 
  7.306905746e+00 
  7.118842125e+00 
  7.116375446e+00 
  7.175278664e+00 
  7.046906471e+00 
  6.930557251e+00 
  6.866714954e+00 
  6.874637127e+00 
  6.846933842e+00 
  6.702215195e+00 
  6.788081646e+00 
  6.613459110e+00 
  6.682879925e+00 
  6.549215317e+00 
  6.459838867e+00 
  6.428052902e+00 
  6.375982285e+00 
  6.380215168e+00 
  6.227041245e+00 
  6.260671616e+00 
  5.940386295e+00 
  5.379803181e+00 
  5.488317490e+00 
  5.430079460e+00 
  5.498791218e+00 
  5.598157406e+00 
  5.605127335e+00 
  5.596339703e+00 
  5.595440865e+00 
  5.501801014e+00 
  5.554662704e+00 
  5.621267319e+00 
  5.465696812e+00 
  5.458329201e+00 
  5.374937057e+00 
  5.208340645e+00 
  5.164090633e+00 
  5.266898632e+00 
  5.254256248e+00 
  5.238095284e+00 
  5.157370567e+00 
  5.059008598e+00 
  5.185604095e+00 
  4.991930962e+00 
  5.056668282e+00 
  4.997909546e+00 
  4.918323517e+00 
  4.854408741e+00 
  4.903325081e+00 
  4.681972504e+00 
  4.753217220e+00 
  4.461506844e+00 
  4.333146095e+00 
  4.231558323e+00 
  4.197815895e+00 
  4.350285530e+00 
  4.460490227e+00 
  4.383198261e+00 
  4.274785042e+00 
  4.219204426e+00 
  4.182931423e+00 
  4.235523224e+00 
  4.123732090e+00 
  3.975102901e+00 
  4.091975212e+00 
  3.993888140e+00 
  4.113119125e+00 
  4.095406055e+00 
  4.191536903e+00 
  4.122353554e+00 
  4.001470566e+00 
  4.047785759e+00 
  4.037029266e+00 
  3.894182444e+00 
  3.931083679e+00 
  3.891036510e+00 
  3.811065674e+00 
  3.912631750e+00 
  3.933966637e+00 
  3.815087080e+00 
  3.850489140e+00 
  3.889704227e+00 
  3.799904346e+00 
  3.781189919e+00 
  3.704430103e+00 
  3.675073385e+00 
  3.713245869e+00 
  3.658924103e+00 
  3.696586847e+00 
  3.655748844e+00 
  3.565090418e+00 
  3.571859837e+00 
  3.543198109e+00 
  3.210820913e+00 
  1.774857163e+00 
  1.633551598e+00 
  2.384166241e+00 
  2.181874037e+00 
  2.302598238e+00 
  2.579844952e+00 
  2.728740692e+00 
  2.906413555e+00 
  3.120477438e+00 
  3.174779892e+00 
  3.184379816e+00 
  3.191802025e+00 
  3.167792082e+00 
  3.140408993e+00 
  3.159392595e+00 
  3.025640488e+00 
  3.134316921e+00 
  3.096399307e+00 
  3.063654661e+00 
  3.057517529e+00 
  3.003877163e+00 
  2.983724356e+00 
  3.003906727e+00 
  2.918414593e+00 
  2.919054985e+00 
  2.908608198e+00 
  2.838990211e+00 
  2.858077288e+00 
  2.796367645e+00 
  2.783419847e+00 
  2.739771128e+00 
  2.714340687e+00 
  2.660156012e+00 
  2.649797916e+00 
  2.621843815e+00 
  2.586398125e+00 
  2.597277164e+00 
  2.605743408e+00 
  2.606402397e+00 
  2.588147163e+00 
  2.499308348e+00 
  2.533856869e+00 
  2.515287638e+00 
  2.467959642e+00 
  2.481799364e+00 
  2.409575939e+00 
  2.467322111e+00 
  2.440450907e+00 
  2.410452366e+00 
  2.354320288e+00 
  2.328207254e+00 
  2.345908403e+00 
  2.315967560e+00 
  2.282398224e+00 
  2.252173424e+00 
  2.198164225e+00 
  2.144914865e+00 
  2.148365021e+00 
  2.126444578e+00 
  2.066248417e+00 
  2.041981459e+00 
  2.132576704e+00 
  2.037486792e+00 
  1.993018150e+00 
  2.065163612e+00 
  2.088797808e+00 
  2.085087776e+00 
  2.063314915e+00 
  2.025568247e+00 
  2.022783756e+00 
  1.990155697e+00 
  1.947780490e+00 
  1.978862047e+00 
  1.913066030e+00 
  1.937935233e+00 
  1.943347573e+00 
  1.952871680e+00 
  1.926933646e+00 
  1.929659128e+00 
  1.863330007e+00 
  1.905039907e+00 
  1.897868276e+00 
  1.879473686e+00 
  1.863566518e+00 
  1.826551437e+00 
  1.846621633e+00 
  1.854753494e+00 
  1.783771634e+00 
  1.825739384e+00 
  1.820572615e+00 
  1.565712333e+00 
  1.784078479e+00 
  1.708329082e+00 
  1.721486807e+00 
  1.377347112e+00 
  1.509696364e+00 
  1.706191778e+00 
  1.725871563e+00 
  1.690510035e+00 
  1.682944655e+00 
  1.660282850e+00 
  1.652275085e+00 
  1.639176607e+00 
  1.662668347e+00 
  1.651599288e+00 
  1.613263249e+00 
  1.346882105e+00 
  1.427561522e+00 
  1.541003823e+00 
  1.512309670e+00 
  1.567340612e+00 
  1.557848930e+00 
  1.544408321e+00 
  1.543363214e+00 
  1.502515316e+00 
  1.481793523e+00 
  1.487146258e+00 
  1.509762526e+00 
  1.476779699e+00 
  1.473337889e+00 
  1.457903028e+00 
  1.375657201e+00 
  1.444872022e+00 
  1.405492902e+00 
  1.410952330e+00 
  1.418628216e+00 
  1.365329742e+00 
  1.345628977e+00 
  1.379564285e+00 
  1.382614851e+00 
  1.371543050e+00 
  1.357476354e+00 
  1.344090819e+00 
  1.278423429e+00 
  1.310546279e+00 
  1.225404382e+00 
  1.248590589e+00 
  1.195581555e+00 
  1.183819175e+00 
  1.154944062e+00 
  1.124065280e+00 
  1.089666724e+00 
  1.065789342e+00 
  1.155365586e+00 
  1.191650033e+00 
  1.182188988e+00 
  1.130201936e+00 
  1.118507862e+00 
  1.067960739e+00 
  1.045687556e+00 
  1.055727363e+00 
  1.058172107e+00 
  1.050868750e+00 
  1.049787641e+00 
  1.048608541e+00 
  1.033458829e+00 
  1.043740630e+00 
  1.027255416e+00 
  1.023206949e+00 
  1.052413821e+00 
  1.054077148e+00 
  1.022920847e+00 
  1.009004116e+00 
  9.582681060e-01 
  9.842996597e-01 
  9.921936393e-01 
  9.522233605e-01 
  9.719573259e-01 
  9.570327401e-01 
  9.167556763e-01 
  8.817945123e-01 
  8.451237679e-01 
  7.912755609e-01 
  7.594578862e-01 
  7.192118764e-01 
  7.023442388e-01 
  7.058601975e-01 
  7.155294418e-01 
  7.379706502e-01 
  8.289281726e-01 
  8.337759972e-01 
  8.008928299e-01 
  7.416320443e-01 
  7.333685160e-01 
  7.071464062e-01 
  7.263889909e-01 
  7.339990139e-01 
  7.404933572e-01 
  7.500130534e-01 
  7.481675744e-01 
  7.421806455e-01 
  7.526368499e-01 
  7.303002477e-01 
  7.386146784e-01 
  7.424620986e-01 
  6.801275611e-01 
  7.200336456e-01 
  7.512764931e-01 
  7.583769560e-01 
  7.525658011e-01 
  7.407775521e-01 
  7.270426750e-01 
  7.301527262e-01 
  7.436197400e-01 
  7.346345186e-01 
  7.388653159e-01 
  7.155005932e-01 
  7.464810014e-01 
  7.575154305e-01 
  7.700235844e-01 
  7.695288062e-01 
  7.592481375e-01 
  7.582505345e-01 
  7.411223054e-01 
  7.187189460e-01 
  7.143504024e-01 
  7.261665463e-01 
  7.151248455e-01 
  7.288919687e-01 
  7.075510621e-01 
  7.258235216e-01 
  7.304793000e-01 
  7.232685685e-01 
  7.244261503e-01 
  7.230632305e-01 
  7.235175371e-01 
  7.196024060e-01 
  7.270090580e-01 
  7.155935764e-01 
  7.039191127e-01 
  7.075289488e-01 
  7.122552395e-01 
  7.033212185e-01 
  7.004089355e-01 
  7.028802633e-01 
  6.960741282e-01 
  6.930866241e-01 
  6.902574897e-01 
  6.840406060e-01 
  6.792398095e-01 
  6.713506579e-01 
  6.708549261e-01 
  6.647471189e-01 
  6.549075246e-01 
  6.481873393e-01 
  6.035689712e-01 
  6.328842044e-01 
  6.413788199e-01 
  6.396217346e-01 
  6.307476163e-01 
  6.316439509e-01 
  6.282911897e-01 
  6.269931197e-01 
  6.205634475e-01 
  6.224026680e-01 
  6.085296273e-01 
  6.103345156e-01 
  6.021105051e-01 
  6.071007252e-01 
  5.900511146e-01 
  5.867528915e-01 
  5.908151269e-01 
  5.788561702e-01 
  5.868989825e-01 
  5.811630487e-01 
  5.798079371e-01 
  5.788087845e-01 
  5.727929473e-01 
  5.720954537e-01 
  5.617142320e-01 
  5.656322837e-01 
  5.618726015e-01 
  5.578993559e-01 
  5.455342531e-01 
  5.492343307e-01 
  5.412896872e-01 
  5.461197495e-01 
  5.325013399e-01 
  5.356730819e-01 
  5.357474685e-01 
  5.273208618e-01 
  5.280243158e-01 
  5.275074840e-01 
  5.163723230e-01 
  5.194388628e-01 
  5.151818395e-01 
  4.982190132e-01 
  5.053580403e-01 
  5.083257556e-01 
  5.029819012e-01 
  4.979850054e-01 
  4.960619211e-01 
  4.917810857e-01 
  4.900648296e-01 
  4.831005931e-01 
  4.847091138e-01 
  4.814884961e-01 
  4.786694348e-01 
  4.716064334e-01 
  4.549965858e-01 
  4.696330428e-01 
  4.513998330e-01 
  4.619902372e-01 
  4.522752464e-01 
  4.562086463e-01 
  4.536823332e-01 
  4.380780458e-01 
  4.466485679e-01 
  4.428916872e-01 
  4.079461992e-01 
  4.307055175e-01 
  4.296865761e-01 
  4.292074740e-01 
  4.135388136e-01 
  4.265537858e-01 
  4.122475684e-01 
  4.194786549e-01 
  4.166999757e-01 
  4.159990251e-01 
  3.983690739e-01 
  4.076109827e-01 
  3.911759853e-01 
  3.951776326e-01 
  3.825965524e-01 
  3.951433599e-01 
  3.871411085e-01 
  3.910884857e-01 
  3.672545850e-01 
  3.882136643e-01 
  3.701463938e-01 
  3.764732480e-01 
  3.778834343e-01 
  3.668975532e-01 
  3.591863811e-01 
  3.249934912e-01 
  3.506070077e-01 
  3.480086029e-01 
  3.417401016e-01 
  3.312631547e-01 
  3.262214959e-01 
  3.308675289e-01 
  3.296208680e-01 
  3.144747019e-01 
  3.261527121e-01 
  3.217888772e-01 
  3.181167543e-01 
  3.122872114e-01 
  3.112412095e-01 
  3.094359636e-01 
  3.113778234e-01 
  3.114975393e-01 
  3.053428233e-01 
  2.960445881e-01 
  2.863173187e-01 
  2.861951590e-01 
  2.728296816e-01 
  2.626433074e-01 
  2.512665689e-01 
  2.363275737e-01 
  2.229364663e-01 
  2.152963281e-01 
  2.142398804e-01 
  2.048601061e-01 
  2.092837393e-01 
  2.117464244e-01 
  2.051729113e-01 
  1.999579966e-01 
  2.066086084e-01 
  2.032893896e-01 
  2.109986693e-01 
  2.273889333e-01 
  2.339815944e-01 
  2.268938273e-01 
  2.084664553e-01 
  1.841385961e-01 
  1.875327826e-01 
  2.090793252e-01 
  2.231885493e-01 
  2.260273844e-01 
  2.338519096e-01 
  2.314513624e-01 
  2.196800709e-01 
  2.232791185e-01 
  2.137519419e-01 
  2.062668353e-01 
  1.992101669e-01 
  2.023568451e-01 
  2.085721940e-01 
  2.111780792e-01 
  2.132237703e-01 
  2.116559595e-01 
  2.134524435e-01 
  2.138686478e-01 
  2.150314599e-01 
  2.147085369e-01 
  2.195833623e-01 
  2.206252515e-01 
  2.315617353e-01 
  2.347377986e-01 
  2.339059114e-01 
  2.314618826e-01 
  2.289972007e-01 
  2.390433550e-01 
  2.424302101e-01 
  2.374390513e-01 
  2.414647043e-01 
  2.350649685e-01 
  2.384972274e-01 
  2.395905405e-01 
  2.309515327e-01 
  2.367885858e-01 
  2.382625043e-01 
  2.359896153e-01 
  2.328839898e-01 
  2.322372794e-01 
  2.305335701e-01 
  2.258706242e-01 
  2.312302142e-01 
  2.249464691e-01 
  2.231918126e-01 
  2.249623686e-01 
  2.216612548e-01 
  2.198409438e-01 
  2.064762414e-01 
  2.158518583e-01 
  2.199074626e-01 
  2.172731608e-01 
  2.146901637e-01 
  2.124352157e-01 
  2.004457563e-01 
  2.126396894e-01 
  2.161892205e-01 
  2.156834602e-01 
  2.147361338e-01 
  2.133963704e-01 
  2.089614868e-01 
  2.083044648e-01 
  2.069263905e-01 
  1.991574764e-01 
  1.904073060e-01 
  2.021877021e-01 
  2.030489296e-01 
  2.026926875e-01 
  1.916719377e-01 
  1.943662912e-01 
  2.002739459e-01 
  1.994136721e-01 
  2.005202919e-01 
  1.966889799e-01 
  1.833454072e-01 
  1.947899163e-01 
  1.875730604e-01 
  1.930402964e-01 
  1.940004081e-01 
  1.923892647e-01 
  1.927061826e-01 
  1.926233172e-01 
  1.925334632e-01 
  1.915385127e-01 
  1.892402172e-01 
  1.899430454e-01 
  1.891131699e-01 
  1.875455827e-01 
  1.861280799e-01 
  1.875996143e-01 
  1.860938966e-01 
  1.863240302e-01 
  1.797135770e-01 
  1.850750744e-01 
  1.845219880e-01 
  1.835707426e-01 
  1.831204295e-01 
  1.805077344e-01 
  1.813757122e-01 
  1.805617809e-01 
  1.788534373e-01 
  1.794064939e-01 
  1.789280474e-01 
  1.782615185e-01 
  1.756549031e-01 
  1.742717326e-01 
  1.751920581e-01 
  1.735408604e-01 
  1.710009426e-01 
  1.687819809e-01 
  1.710388809e-01 
  1.690769047e-01 
  1.675264239e-01 
  1.681998372e-01 
  1.669600457e-01 
  1.656464636e-01 
  1.638201177e-01 
  1.626161039e-01 
  1.605619192e-01 
  1.601000130e-01 
  1.590323001e-01 
  1.579119414e-01 
  1.552115381e-01 
  1.545203626e-01 
  1.516422331e-01 
  1.506000012e-01 
  1.490033716e-01 
  1.437123567e-01 
  1.443475187e-01 
  1.412178129e-01 
  1.408732384e-01 
  1.407074481e-01 
  1.369309574e-01 
  1.343494207e-01 
  1.348372549e-01 
  1.379931122e-01 
  1.393729448e-01 
  1.393450052e-01 
  1.394782811e-01 
  1.390487254e-01 
  1.399032474e-01 
  1.400236636e-01 
  1.397553682e-01 
  1.392455250e-01 
  1.381269097e-01 
  1.373333931e-01 
  1.334428638e-01 
  1.184770986e-01 
  1.299153417e-01 
  1.349525005e-01 
  1.356954426e-01 
  1.351151466e-01 
  1.352506727e-01 
  1.328963041e-01 
  1.329748333e-01 
  1.295103282e-01 
  1.310815513e-01 
  1.317490935e-01 
  1.315278113e-01 
  1.285971999e-01 
  1.288517416e-01 
  1.278116107e-01 
  1.260454655e-01 
  1.245075166e-01 
  1.253521740e-01 
  1.243884712e-01 
  1.236819327e-01 
  1.213270649e-01 
  1.191339716e-01 
  1.184361428e-01 
  1.186091900e-01 
  1.181865036e-01 
  1.172050163e-01 
  1.161135510e-01 
  1.147617325e-01 
  1.138320565e-01 
  1.131561399e-01 
  1.114157662e-01 
  1.055146456e-01 
  1.078563631e-01 
  1.043569669e-01 
  1.071769819e-01 
  1.079518050e-01 
  1.049956307e-01 
  1.044957489e-01 
  1.015804112e-01 
  1.001282483e-01 
  1.008104011e-01 
  1.020163745e-01 
  1.024204716e-01 
  1.014366224e-01 
  9.946616739e-02 
  9.579338133e-02 
  9.286843240e-02 
  8.418228477e-02 
  8.340292424e-02 
  8.232361823e-02 
  8.063614368e-02 
  8.358993381e-02 
  8.495312184e-02 
  8.585833758e-02 
  8.510106802e-02 
  8.540748060e-02 
  8.584619313e-02 
  8.514884859e-02 
  8.492921293e-02 
  8.584666252e-02 
  8.547241986e-02 
  8.323707432e-02 
  8.015281707e-02 
  7.312902063e-02 
  6.784679741e-02 
  6.513898820e-02 
  6.092502922e-02 
  5.898603797e-02 
  5.469901115e-02 
  5.269811302e-02 
  5.037005246e-02 
  4.715241119e-02 
  4.536920413e-02 
  4.337444156e-02 
  4.168144614e-02 
  3.959368914e-02 
  3.877289221e-02 
  3.648643941e-02 
  3.452782705e-02 
  3.438939527e-02 
  3.391875699e-02 
  3.427129611e-02 
  3.502616659e-02 
  3.498204052e-02 
  3.532496467e-02 
  3.433721513e-02 
  3.405517712e-02 
  3.339710459e-02 
  3.466973826e-02 
  3.667109460e-02 
  3.961807862e-02 
  4.133659229e-02 
  4.249102250e-02 
  4.214962572e-02 
  4.111558199e-02 
  4.080622643e-02 
  3.901027516e-02 
  3.746842965e-02 
  3.478756920e-02 
  3.302065283e-02 
  3.149595484e-02 
  3.163446859e-02 
  3.286131844e-02 
  3.360574692e-02 
  3.535314277e-02 
  3.744776919e-02 
  3.911650553e-02 
  3.985546157e-02 
  3.921546042e-02 
  3.911922127e-02 
  3.735627234e-02 
  3.580467775e-02 
  3.424752131e-02 
  3.461148962e-02 
  3.616785631e-02 
  3.734021634e-02 
  3.737412766e-02 
  3.676375002e-02 
  3.545777872e-02 
  3.569005430e-02 
  3.722836822e-02 
  3.763636202e-02 
  3.699496761e-02 
  3.708648309e-02 
  3.659040108e-02 
  3.663441911e-02 
  3.750296310e-02 
  3.858076781e-02 
  3.991147876e-02 
  4.132758453e-02 
  3.963979334e-02 
  4.093436524e-02 
  4.111995175e-02 
  4.188082740e-02 
  4.240635782e-02 
  4.279381782e-02 
  4.277980700e-02 
  4.219038039e-02 
  4.225307330e-02 
  4.402796924e-02 
  4.349177331e-02 
  4.334084317e-02 
  4.320421442e-02 
  4.353810847e-02 
  4.171566665e-02 
  4.277695715e-02 
  4.399026558e-02 
  4.328701645e-02 
  4.206303880e-02 
  4.081232473e-02 
  4.086410627e-02 
  4.074285179e-02 
  3.954820707e-02 
  4.063661769e-02 
  4.082867131e-02 
  4.101654515e-02 
  4.159589112e-02 
  4.209874943e-02 
  3.971518204e-02 
  4.180842638e-02 
  4.051969200e-02 
  4.109965265e-02 
  4.145837203e-02 
  4.131605476e-02 
  4.217319563e-02 
  4.236195609e-02 
  4.265980422e-02 
  4.225582257e-02 
  4.134328291e-02 
  4.122588784e-02 
  4.144535214e-02 
  4.357635230e-02 
  4.511728883e-02 
  4.542231560e-02 
  4.622258618e-02 
  4.667926580e-02 
  4.733982682e-02 
  4.667793959e-02 
  4.515413195e-02 
  4.459429905e-02 
  4.314809293e-02 
  4.273641482e-02 
  4.236036912e-02 
  4.214134812e-02 
  4.028305411e-02 
  4.064524919e-02 
  3.897295520e-02 
  3.841034323e-02 
  3.776997700e-02 
  3.805058822e-02 
  3.948141262e-02 
  4.150561988e-02 
  4.161954671e-02 
  4.235065356e-02 
  4.230171442e-02 
  4.185504094e-02 
  4.069525748e-02 
  4.049719125e-02 
  4.090442881e-02 
  4.077653587e-02 
  4.181998223e-02 
  4.103282839e-02 
  4.127904400e-02 
  4.186019674e-02 
  4.158275574e-02 
  4.273603484e-02 
  3.732524812e-02 
  4.429006577e-02 
  4.562690854e-02 
  4.665331542e-02 
  4.557972029e-02 
  4.688839614e-02 
  4.664208367e-02 
  4.662756249e-02 
  4.587344825e-02 
  4.686301574e-02 
  4.785192385e-02 
  4.754982516e-02 
  4.867988080e-02 
  4.834710062e-02 
  4.759894311e-02 
  4.248631373e-02 
  4.428303242e-02 
  4.447610676e-02 
  4.496831447e-02 
  4.732809588e-02 
  4.668918252e-02 
  4.700342566e-02 
  4.769035429e-02 
  4.794932157e-02 
  4.704014212e-02 
  4.688235745e-02 
  4.611925781e-02 
  4.702759907e-02 
  4.651077092e-02 
  4.623160139e-02 
  4.719654843e-02 
  4.665713757e-02 
  4.718654230e-02 
  4.636166617e-02 
  4.597118869e-02 
  4.701881483e-02 
  4.648862034e-02 
  4.525415972e-02 
  4.641887173e-02 
  4.586819559e-02 
  4.613010958e-02 
  4.586217180e-02 
  4.285870120e-02 
  4.571671784e-02 
  4.534883797e-02 
  4.502819851e-02 
  4.424422979e-02 
  4.431743547e-02 
  4.479343817e-02 
  4.486070573e-02 
  4.355631396e-02 
  4.438050091e-02 
  4.266753420e-02 
  4.345954210e-02 
  4.360418394e-02 
  4.338388517e-02 
  4.384493455e-02 
  4.391455278e-02 
  4.384760931e-02 
  4.332586005e-02 
  4.194458574e-02 
  4.290782288e-02 
  4.255970195e-02 
  4.222780094e-02 
  4.284073040e-02 
  4.252022877e-02 
  4.084620997e-02 
  4.141786322e-02 
  4.051731899e-02 
  4.173386097e-02 
  4.130199552e-02 
  4.119821265e-02 
  4.038213566e-02 
  4.121913016e-02 
  4.109835252e-02 
  4.035573453e-02 
  3.941262141e-02 
  3.984852135e-02 
  3.899310529e-02 
  3.876801953e-02 
  3.769908845e-02 
  3.756883368e-02 
  3.639404848e-02 
  3.727383912e-02 
  3.713833168e-02 
  3.648670018e-02 
  3.655214980e-02 
  3.388437629e-02 
  3.631027415e-02 
  3.271986917e-02 
  3.573715687e-02 
  3.588280454e-02 
  3.658324480e-02 
  3.624858707e-02 
  3.550292924e-02 
  3.592397645e-02 
  3.558221459e-02 
  3.659695014e-02 
  3.604591638e-02 
  3.560584784e-02 
  3.500267491e-02 
  3.195581213e-02 
  3.434078395e-02 
  3.348873556e-02 
  3.516426682e-02 
  3.581542894e-02 
  3.540864587e-02 
  3.545001522e-02 
  3.312392533e-02 
  3.422065824e-02 
  3.454218432e-02 
  3.304619342e-02 
  3.331923112e-02 
  3.183655068e-02 
  3.251515701e-02 
  3.224159405e-02 
  3.265310451e-02 
  3.208974749e-02 
  3.191543743e-02 
  3.194251284e-02 
  3.220695257e-02 
  3.200310096e-02 
  2.996100113e-02 
  3.085714392e-02 
  3.119143285e-02 
  3.192072734e-02 
  3.152875602e-02 
  3.205800429e-02 
  3.004448675e-02 
  3.092545457e-02 
  3.180978447e-02 
  3.170536831e-02 
  3.089694120e-02 
  3.041730076e-02 
  3.110566363e-02 
  3.168741241e-02 
  3.184533119e-02 
  3.101162799e-02 
  3.128107265e-02 
  3.116723523e-02 
  3.132538497e-02 
  3.122780845e-02 
  3.027824312e-02 
  3.067599423e-02 
  3.057489172e-02 
  3.009258397e-02 
  2.927555703e-02 
  2.998660319e-02 
  2.978876606e-02 
  2.833572961e-02 
  2.806005068e-02 
  2.764437906e-02 
  2.770215645e-02 
  2.743428014e-02 
  2.733274549e-02 
  2.795944177e-02 
  2.745596133e-02 
  2.743701637e-02 
  2.769888379e-02 
  2.788859047e-02 
  2.769646980e-02 
  2.699601464e-02 
  2.761292644e-02 
  2.693644539e-02 
  2.741619572e-02 
  2.707773820e-02 
  2.731494978e-02 
  2.674192190e-02 
  2.721986175e-02 
  2.695661783e-02 
  2.706595510e-02 
  2.651317604e-02 
  2.675328963e-02 
  2.679180354e-02 
  2.651803382e-02 
  2.626643144e-02 
  2.606736682e-02 
  2.574032545e-02 
  2.557104640e-02 
  2.578262612e-02 
  2.528488263e-02 
  2.530257590e-02 
  2.580253594e-02 
  2.557714097e-02 
  2.430824190e-02 
  2.493986301e-02 
  2.498426288e-02 
  2.469265833e-02 
  2.423714101e-02 
  2.430059947e-02 
  2.438209392e-02 
  2.399119735e-02 
  2.311195061e-02 
  2.225839719e-02 
  2.284615673e-02 
  2.335338481e-02 
  2.372888662e-02 
  2.374072373e-02 
  2.339977585e-02 
  2.343972214e-02 
  2.339882962e-02 
  2.306244895e-02 
  2.299040742e-02 
  2.323265374e-02 
  2.322006226e-02 
  2.308284305e-02 
  2.299582213e-02 
  2.294996008e-02 
  2.276126854e-02 
  2.256764099e-02 
  2.265034989e-02 
  2.245153114e-02 
  2.211657539e-02 
  2.210159972e-02 
  2.197668143e-02 
  2.148045972e-02 
  2.181852609e-02 
  2.186585031e-02 
  2.154503018e-02 
  2.144302800e-02 
  2.079918236e-02 
  2.112963982e-02 
  2.130967751e-02 
  1.964492723e-02 
  2.096609771e-02 
  2.102334797e-02 
  2.097560093e-02 
  2.094045281e-02 
  2.078160271e-02 
  2.053774334e-02 
  2.038103342e-02 
  2.050848864e-02 
  2.000160515e-02 
  1.966264099e-02 
  1.995518804e-02 
  1.891629398e-02 
  1.915692724e-02 
  1.938371919e-02 
  1.953650452e-02 
  1.939720660e-02 
  1.892913319e-02 
  1.926928945e-02 
  1.926251128e-02 
  1.895051822e-02 
  1.869758219e-02 
  1.746661402e-02 
  1.776664890e-02 
  1.784197800e-02 
  1.693793945e-02 
  1.667510159e-02 
  1.745299809e-02 
  1.768432371e-02 
  1.770968735e-02 
  1.726143621e-02 
  1.776370592e-02 
  1.743520424e-02 
  1.764105447e-02 
  1.708758064e-02 
  1.717764512e-02 
  1.671137288e-02 
  1.729134843e-02 
  1.711313054e-02 
  1.703691110e-02 
  1.672332548e-02 
  1.681019180e-02 
  1.682157256e-02 
  1.678871177e-02 
  1.649875194e-02 
  1.663738303e-02 
  1.661133952e-02 
  1.644273661e-02 
  1.647267304e-02 
  1.632442698e-02 
  1.600222662e-02 
  1.556968410e-02 
  1.571123302e-02 
  1.537584700e-02 
  1.560857147e-02 
  1.549381390e-02 
  1.545429602e-02 
  1.519848127e-02 
  1.527703274e-02 
  1.500250120e-02 
  1.499476284e-02 
  1.496740803e-02 
  1.494040713e-02 
  1.460859925e-02 
  1.422064658e-02 
  1.415653806e-02 
  1.376119163e-02 
  1.353496686e-02 
  1.364028826e-02 
  1.354127657e-02 
  1.350685582e-02 
  1.329889521e-02 
  1.308395434e-02 
  1.306549832e-02 
  1.297476608e-02 
  1.305290218e-02 
  1.312853023e-02 
  1.305473316e-02 
  1.271019597e-02 
  1.258470211e-02 
  1.228908543e-02 
  1.209125109e-02 
  1.172800921e-02 
  1.132940035e-02 
  1.139746048e-02 
  1.102898549e-02 
  1.060527004e-02 
  1.061902754e-02 
  1.013960782e-02 
  1.006400120e-02 
  9.456546046e-03 
  9.145763703e-03 
  9.083440527e-03 
  9.180035442e-03 
  9.125768207e-03 
  8.872516453e-03 
  8.722514845e-03 
  8.608102798e-03 
  8.357701823e-03 
  7.998639718e-03 
  7.968600839e-03 
  7.662969176e-03 
  7.661482785e-03 
  7.427118719e-03 
  6.996687036e-03 
  6.884541363e-03 
  6.521721371e-03 
  6.069519557e-03 
  6.329161115e-03 
  6.406153087e-03 
  6.437186152e-03 
  6.336306687e-03 
  6.223523524e-03 
  6.369281560e-03 
  6.007855758e-03 
  6.024274975e-03 
  5.811513402e-03 
  5.744572729e-03 
  5.300714169e-03 
  5.226096138e-03 
  5.199627951e-03 
  5.062367767e-03 
  4.865330644e-03 
  4.838268738e-03 
  4.542703275e-03 
  4.539151210e-03 
  4.449457861e-03 
  4.292876925e-03 
  4.466793500e-03 
  4.489970859e-03 
  4.574619699e-03 
  4.618802108e-03 
  4.457629286e-03 
  4.695447162e-03 
  4.664712120e-03 
  4.612101708e-03 
  4.268049728e-03 
  4.383469932e-03 
  4.441078287e-03 
  4.465350881e-03 
  4.429930355e-03 
  4.391839262e-03 
  4.281911533e-03 
  4.345157184e-03 
  4.342323635e-03 
  4.184769932e-03 
  4.342661705e-03 
  4.402494524e-03 
  4.488134757e-03 
  4.422796890e-03 
  4.634264391e-03 
  4.586216994e-03 
  4.599694628e-03 
  4.539849237e-03 
  4.545673262e-03 
  4.252906423e-03 
  4.171342589e-03 
  3.853746690e-03 
  3.935165703e-03 
  3.636883106e-03 
  3.474158002e-03 
  3.436408238e-03 
  3.444445087e-03 
  3.429828910e-03 
  3.351983847e-03 
  3.108320758e-03 
  3.907223698e-03 
  4.216749221e-03 
  4.295567051e-03 
  4.321379587e-03 
  4.440821707e-03 
  4.516595043e-03 
  4.544442054e-03 
  4.554491490e-03 
  4.517956637e-03 
  4.357963335e-03 
  4.560257774e-03 
  4.486897960e-03 
  4.399998114e-03 
  4.224493168e-03 
  4.356701393e-03 
  4.212971311e-03 
  4.030483309e-03 
  4.182347097e-03 
  4.070895258e-03 
  3.896086244e-03 
  3.868661821e-03 
  3.786126152e-03 
  3.717019223e-03 
  3.664172022e-03 
  3.686206182e-03 
  3.622319782e-03 
  3.640633775e-03 
  3.598903306e-03 
  3.734596772e-03 
  3.740581451e-03 
  3.839819226e-03 
  3.758971347e-03 
  3.822332947e-03 
  3.818251891e-03 
  3.803140717e-03 
  3.682802431e-03 
  3.861089936e-03 
  3.946330864e-03 
  3.911195323e-03 
  4.054240417e-03 
  4.066068679e-03 
  4.156339914e-03 
  4.129253328e-03 
  4.095285200e-03 
  4.250111524e-03 
  4.323258065e-03 
  4.265817348e-03 
  4.339979030e-03 
  4.310162738e-03 
  4.324046429e-03 
  4.328824580e-03 
  4.275678191e-03 
  4.189698957e-03 
  4.346254747e-03 
  4.346466158e-03 
  4.470468033e-03 
  4.387925845e-03 
  4.554061685e-03 
  4.580001812e-03 
  4.632080905e-03 
  4.626951180e-03 
  4.707220010e-03 
  4.487795290e-03 
  4.638113547e-03 
  4.672959447e-03 
  4.708663560e-03 
  4.560602829e-03 
  4.353877157e-03 
  4.081985448e-03 
  4.348861985e-03 
  4.610254895e-03 
  4.657054786e-03 
  4.701089580e-03 
  4.534713458e-03 
  4.393849056e-03 
  4.391046241e-03 
  4.496675450e-03 
  4.418068565e-03 
  4.403207917e-03 
  4.314709920e-03 
  4.410327412e-03 
  4.421705846e-03 
  4.573500715e-03 
  4.529598635e-03 
  4.737405572e-03 
  4.633557983e-03 
  4.766006954e-03 
  4.761637654e-03 
  5.125522614e-03 
  4.989968147e-03 
  5.315058865e-03 
  5.320193712e-03 
  5.512186326e-03 
  5.549354944e-03 
  5.732273217e-03 
  5.674323533e-03 
  5.577511154e-03 
  5.718743429e-03 
  5.973748397e-03 
  5.964543205e-03 
  6.049281452e-03 
  5.729505792e-03 
  6.135254167e-03 
  5.929979496e-03 
  6.090114359e-03 
  6.131631322e-03 
  6.170844659e-03 
  6.090821233e-03 
  6.103435066e-03 
  5.969307385e-03 
  5.985709839e-03 
  6.136109587e-03 
  6.095851306e-03 
  6.066145375e-03 
  6.002999842e-03 
  5.906979553e-03 
  5.657535978e-03 
  5.691739731e-03 
  5.508039147e-03 
  5.495435558e-03 
  4.915724974e-03 
  4.812974948e-03 
  4.259794950e-03 
  4.252996296e-03 
  3.677326255e-03 
  3.675930668e-03 
  3.329377854e-03 
  3.320161253e-03 
  3.350540530e-03 
  3.257085802e-03 
  3.443295602e-03 
  3.433975158e-03 
  3.510293318e-03 
  3.509794362e-03 
  3.532934003e-03 
  3.521758597e-03 
  3.569653025e-03 
  3.527667373e-03 
  3.650401020e-03 
  3.637261922e-03 
  3.835175419e-03 
  3.836661810e-03 
  4.147539381e-03 
  4.108264111e-03 
  4.268425982e-03 
  4.410168622e-03 
  4.727788270e-03 
  4.722772632e-03 
  4.899234511e-03 
  4.933971912e-03 
  5.062841345e-03 
  5.070423242e-03 
  5.079497583e-03 
  5.010277499e-03 
  5.105159711e-03 
  5.180224776e-03 
  5.238635466e-03 
  5.224282388e-03 
  5.062687676e-03 
  5.171293393e-03 
  5.205508322e-03 
  4.916652106e-03 
  5.078267772e-03 
  5.109545775e-03 
  5.063066259e-03 
  5.006183404e-03 
  4.961255006e-03 
  4.950721748e-03 
  4.813790787e-03 
  4.801159259e-03 
  4.765858874e-03 
  4.562369548e-03 
  4.578419495e-03 
  4.344705492e-03 
  4.312264267e-03 
  4.156742245e-03 
  4.090273753e-03 
  4.086687695e-03 
  4.109755158e-03 
  4.141133279e-03 
  4.117187113e-03 
  4.172337241e-03 
  4.165723920e-03 
  4.165261053e-03 
  4.047149327e-03 
  4.158690572e-03 
  4.135244992e-03 
  3.880936652e-03 
  4.100535996e-03 
  4.097650293e-03 
  4.105797503e-03 
  4.063175526e-03 
  4.130121320e-03 
  3.983921837e-03 
  4.205921199e-03 
  4.149749409e-03 
  4.313900601e-03 
  4.299166612e-03 
  4.382460378e-03 
  4.369077273e-03 
  4.422716796e-03 
  4.413221963e-03 
  4.331472330e-03 
  4.411577247e-03 
  4.360244609e-03 
  4.412219860e-03 
  4.326880910e-03 
  4.350430332e-03 
  4.378310405e-03 
  4.404674750e-03 
  4.394146148e-03 
  4.413770977e-03 
  4.411578644e-03 
  4.413664341e-03 
  4.372321069e-03 
  4.197463393e-03 
  4.341946915e-03 
  4.374480806e-03 
  4.228659905e-03 
  4.347667564e-03 
  4.327138420e-03 
  4.313013516e-03 
  4.319578409e-03 
  4.322837573e-03 
  4.310084041e-03 
  4.331287462e-03 
  4.257136956e-03 
  4.314492457e-03 
  4.302705638e-03 
  4.310233984e-03 
  4.289194476e-03 
  4.276643507e-03 
  4.246690311e-03 
  4.139364231e-03 
  4.227773752e-03 
  4.207932390e-03 
  4.178673029e-03 
  4.183784593e-03 
  4.172290675e-03 
  4.135967698e-03 
  4.029094707e-03 
  4.114541225e-03 
  4.133922514e-03 
  4.027374554e-03 
  4.105735570e-03 
  4.062714055e-03 
  4.057783168e-03 
  3.987110686e-03 
  4.065604880e-03 
  4.077753518e-03 
  3.999266773e-03 
  4.074179102e-03 
  4.057389684e-03 
  4.034149460e-03 
  4.050877877e-03 
  4.036062397e-03 
  4.025262315e-03 
  4.005621653e-03 
  4.002662376e-03 
  3.849345259e-03 
  3.973056097e-03 
  3.964812029e-03 
  3.937596455e-03 
  3.925368655e-03 
  3.921702038e-03 
  3.891563741e-03 
  3.864897881e-03 
  3.837988945e-03 
  3.792697797e-03 
  3.726182505e-03 
  3.757035593e-03 
  3.751708660e-03 
  3.699562280e-03 
  3.688221332e-03 
  3.652437590e-03 
  3.636737820e-03 
  3.596327500e-03 
  3.598171053e-03 
  3.590067849e-03 
  3.586492268e-03 
  3.570734756e-03 
  3.559075063e-03 
  3.536055097e-03 
  3.518067300e-03 
  3.508073743e-03 
  3.454669612e-03 
  3.450932447e-03 
  3.396325046e-03 
  3.277155804e-03 
  2.938339487e-03 
  3.208706155e-03 
  3.304167185e-03 
  3.385748016e-03 
  3.376056906e-03 
  3.399220062e-03 
  3.380093724e-03 
  3.386039753e-03 
  3.367116908e-03 
  3.365033539e-03 
  3.338259878e-03 
  3.301329445e-03 
  3.319303505e-03 
  3.186344402e-03 
  3.308895510e-03 
  3.297616495e-03 
  3.261771752e-03 
  3.175569000e-03 
  3.246809356e-03 
  3.249088535e-03 
  3.246785607e-03 
  3.236567136e-03 
  3.149130149e-03 
  3.125889692e-03 
  3.158032196e-03 
  3.189256648e-03 
  3.174757352e-03 
  3.134689294e-03 
  3.120818874e-03 
  3.105878830e-03 
  3.065597266e-03 
  3.048008075e-03 
  3.023410914e-03 
  3.013601061e-03 
  2.996955300e-03 
  2.993699396e-03 
  2.983460203e-03 
  3.010260873e-03 
  3.005357925e-03 
  2.991337329e-03 
  2.910881536e-03 
  2.868607175e-03 
  3.008432453e-03 
  2.940924838e-03 
  3.029994201e-03 
  3.021837911e-03 
  3.006685758e-03 
  3.001166275e-03 
  2.983735409e-03 
  2.978027100e-03 
  2.947687404e-03 
  2.899750369e-03 
  2.929828363e-03 
  2.933898009e-03 
  2.918997547e-03 
  2.908711322e-03 
  2.891927026e-03 
  2.884765156e-03 
  2.872459358e-03 
  2.852898557e-03 
  2.798590576e-03 
  2.801526571e-03 
  2.794610336e-03 
  2.814660082e-03 
  2.779451199e-03 
  2.778695663e-03 
  2.773574321e-03 
  2.760736737e-03 
  2.750647720e-03 
  2.731144195e-03 
  2.715261420e-03 
  2.711660694e-03 
  2.676061122e-03 
  2.615208272e-03 
  2.642868320e-03 
  2.664179774e-03 
  2.653684234e-03 
  2.604981186e-03 
  2.620090032e-03 
  2.616421320e-03 
  2.606164431e-03 
  2.599176019e-03 
  2.524517477e-03 
  2.572497819e-03 
  2.547145821e-03 
  2.539629582e-03 
  2.539244248e-03 
  2.500588074e-03 
  2.433781978e-03 
  2.483069198e-03 
  2.459952142e-03 
  2.455535810e-03 
  2.450624947e-03 
  2.449040068e-03 
  2.427003114e-03 
  2.410840476e-03 
  2.411195077e-03 
  2.321564592e-03 
  2.402720274e-03 
  2.384287771e-03 
  2.350660274e-03 
  2.367289504e-03 
  2.364505781e-03 
  2.354909899e-03 
  2.343791071e-03 
  2.319143852e-03 
  2.336468780e-03 
  2.329783281e-03 
  2.318754327e-03 
  2.280333545e-03 
  2.304283204e-03 
  2.300650347e-03 
  2.295185579e-03 
  2.284055343e-03 
  2.273158869e-03 
  2.158064628e-03 
  2.224327298e-03 
  2.227033721e-03 
  2.219159622e-03 
  2.207278274e-03 
  2.201248193e-03 
  2.201820258e-03 
  2.190364292e-03 
  2.167170169e-03 
  2.163309604e-03 
  2.131009474e-03 
  2.137796255e-03 
  2.129856031e-03 
  2.013700781e-03 
  2.063440625e-03 
  2.051706426e-03 
  2.012143144e-03 
  2.053211443e-03 
  2.055430785e-03 
  2.046382986e-03 
  2.041273285e-03 
  2.060356550e-03 
  2.050673822e-03 
  2.040398773e-03 
  2.058639890e-03 
  2.057230333e-03 
  2.056485275e-03 
  2.052591182e-03 
  2.035978250e-03 
  2.022827743e-03 
  2.025653841e-03 
  2.012685873e-03 
  1.991183031e-03 
  1.976147760e-03 
  1.907771570e-03 
  1.932354528e-03 
  1.910257968e-03 
  1.938715111e-03 
  1.927608042e-03 
  1.900578267e-03 
  1.907117665e-03 
  1.902344404e-03 
  1.808630885e-03 
  1.855649869e-03 
  1.867579645e-03 
  1.843965496e-03 
  1.875749673e-03 
  1.885068486e-03 
  1.867032959e-03 
  1.860616845e-03 
  1.849067979e-03 
  1.834266703e-03 
  1.829848858e-03 
  1.797342440e-03 
  1.768773538e-03 
  1.778266393e-03 
  1.756911632e-03 
  1.744841109e-03 
  1.696780208e-03 
  1.721800072e-03 
  1.720929635e-03 
  1.704038237e-03 
  1.693095779e-03 
  1.685280935e-03 
  1.671441132e-03 
  1.672573271e-03 
  1.660045469e-03 
  1.655271742e-03 
  1.660360373e-03 
  1.647026045e-03 
  1.652093488e-03 
  1.623655669e-03 
  1.570258755e-03 
  1.608350314e-03 
  1.623926917e-03 
  1.635975321e-03 
  1.619979506e-03 
  1.617764821e-03 
  1.643275027e-03 
  1.641903189e-03 
  1.627102727e-03 
  1.609661500e-03 
  1.604674966e-03 
  1.606367645e-03 
  1.571775880e-03 
  1.572350273e-03 
  1.536181779e-03 
  1.525891828e-03 
  1.508733607e-03 
  1.479693456e-03 
  1.494325814e-03 
  1.492277835e-03 
  1.492290758e-03 
  1.417041989e-03 
  1.461895416e-03 
  1.489531365e-03 
  1.482236432e-03 
  1.475374796e-03 
  1.489546383e-03 
  1.482213615e-03 
  1.475104480e-03 
  1.476193196e-03 
  1.403012429e-03 
  1.399853150e-03 
  1.408314100e-03 
  1.416257699e-03 
  1.399289118e-03 
  1.434416976e-03 
  1.426849980e-03 
  1.442477689e-03 
  1.437562634e-03 
  1.431490062e-03 
  1.421384513e-03 
  1.437441213e-03 
  1.422360656e-03 
  1.421386376e-03 
  1.425649854e-03 
  1.413656049e-03 
  1.413592021e-03 
  1.398044988e-03 
  1.392979291e-03 
  1.397731015e-03 
  1.385194017e-03 
  1.365445787e-03 
  1.372164465e-03 
  1.349971164e-03 
  1.337859896e-03 
  1.337969792e-03 
  1.331446110e-03 
  1.312120585e-03 
  1.311168424e-03 
  1.307355356e-03 
  1.289012609e-03 
  1.242077211e-03 
  1.237797900e-03 
  1.194748213e-03 
  1.246590400e-03 
  1.255359850e-03 
  1.287616440e-03 
  1.271729707e-03 
  1.277479110e-03 
  1.291080727e-03 
  1.279878779e-03 
  1.281560981e-03 
  1.274580602e-03 
  1.288535655e-03 
  1.272786525e-03 
  1.269954257e-03 
  1.276413794e-03 
  1.266675070e-03 
  1.251546317e-03 
  1.257221214e-03 
  1.251450041e-03 
  1.211561728e-03 
  1.196303987e-03 
  1.227739733e-03 
  1.217582962e-03 
  1.186398556e-03 
  1.215234515e-03 
  1.195010846e-03 
  1.179184532e-03 
  1.184500172e-03 
  1.151243574e-03 
  1.143623027e-03 
  1.122217160e-03 
  1.088033430e-03 
  1.088734251e-03 
  1.076469780e-03 
  1.074719126e-03 
  1.080465503e-03 
  1.070774742e-03 
  1.068519079e-03 
  1.083387877e-03 
  1.107983524e-03 
  1.094776322e-03 
  1.091075246e-03 
  1.050941297e-03 
  1.103202929e-03 
  1.109003089e-03 
  1.100377413e-03 
  1.083503128e-03 
  1.084553893e-03 
  1.074876636e-03 
  1.061715535e-03 
  1.051654457e-03 
  1.041738433e-03 
  1.018842566e-03 
  1.017086441e-03 
  1.008016290e-03 
  9.298524237e-04 
  9.679476498e-04 
  9.625144303e-04 
  9.466086049e-04 
  9.282221436e-04 
  9.440557333e-04 
  8.989112685e-04 
  9.105838253e-04 
  9.046827909e-04 
  8.352863952e-04 
  8.460087702e-04 
  8.303301875e-04 
  8.047874435e-04 
  7.811151445e-04 
  8.162825834e-04 
  7.852727431e-04 
  7.791985408e-04 
  7.357809227e-04 
  7.675337256e-04 
  7.656802190e-04 
  7.683514850e-04 
  7.641070406e-04 
  7.659100229e-04 
  7.524829707e-04 
  7.677041576e-04 
  7.579868543e-04 
  7.519185892e-04 
  7.664406439e-04 
  7.599006058e-04 
  7.621542900e-04 
  7.523017703e-04 
