  7.154994011e-01 
  1.759158492e+00 
  1.803213358e+00 
  4.341160297e+00 
  4.751044273e+00 
  8.135483742e+00 
  8.615641594e+00 
  1.224583530e+01 
  1.519310188e+01 
  1.589510250e+01 
  1.701816750e+01 
  3.222589874e+01 
  2.682728004e+01 
  3.350574875e+01 
  3.394426346e+01 
  3.975119400e+01 
  3.070216179e+01 
  4.386193085e+01 
  4.210942078e+01 
  4.652051926e+01 
  4.484921265e+01 
  5.436365128e+01 
  4.749160767e+01 
  4.126018906e+01 
  5.111366272e+01 
  5.651325989e+01 
  7.702940369e+01 
  7.688436890e+01 
  6.332359695e+01 
  7.436631012e+01 
  7.706344604e+01 
  6.217226410e+01 
  6.790755463e+01 
  7.624126434e+01 
  6.343546295e+01 
  6.767513275e+01 
  5.048480606e+01 
  4.793766022e+01 
  5.804949570e+01 
  5.800782776e+01 
  6.473742676e+01 
  5.427545929e+01 
  5.648787308e+01 
  5.630109787e+01 
  5.052023315e+01 
  6.445763397e+01 
  7.095393372e+01 
  6.696762085e+01 
  6.255900192e+01 
  6.805321503e+01 
  6.902045441e+01 
  6.500926208e+01 
  6.609020233e+01 
  5.981339264e+01 
  6.849230194e+01 
  6.885697174e+01 
  6.458326721e+01 
  4.095104599e+01 
  4.413959122e+01 
  4.404939651e+01 
  6.481773376e+01 
  5.097704697e+01 
  5.547560883e+01 
  5.853590393e+01 
  5.795738602e+01 
  5.383198166e+01 
  7.329038239e+01 
  6.504921722e+01 
  6.084548187e+01 
  5.804954910e+01 
  6.621759033e+01 
  5.245164871e+01 
  5.475717163e+01 
  5.411251450e+01 
  4.155102539e+01 
  3.772996140e+01 
  5.349539948e+01 
  5.424076462e+01 
  6.949734497e+01 
  5.299333572e+01 
  4.915667343e+01 
  5.464330292e+01 
  4.042388535e+01 
  2.788426590e+01 
  3.035865402e+01 
  4.518177795e+01 
  3.467721939e+01 
  3.934699631e+01 
  3.851615906e+01 
  4.336092377e+01 
  5.193426895e+01 
  5.738902664e+01 
  5.037509537e+01 
  2.667440796e+01 
  2.915447998e+01 
  4.833699417e+01 
  4.913939285e+01 
  1.975312233e+01 
  5.458592606e+01 
  6.464583588e+01 
  6.273104095e+01 
  6.154084396e+01 
  6.437487793e+01 
  5.951287079e+01 
  6.312771225e+01 
  5.714633179e+01 
  5.598670959e+01 
  5.382953644e+01 
  5.757154083e+01 
  6.291334915e+01 
  5.193055725e+01 
  6.020932007e+01 
  6.159860992e+01 
  5.745601654e+01 
  5.568207932e+01 
  5.864280701e+01 
  5.755778122e+01 
  5.511204529e+01 
  5.324391937e+01 
  5.387545776e+01 
  4.503989792e+01 
  5.573778152e+01 
  5.275511169e+01 
  4.401198578e+01 
  4.782316971e+01 
  4.893119431e+01 
  4.647004318e+01 
  4.416281891e+01 
  4.418414688e+01 
  3.971866226e+01 
  3.131872559e+01 
  2.782544136e+01 
  4.949636841e+01 
  4.354208374e+01 
  4.090132523e+01 
  4.398171234e+01 
  4.820374298e+01 
  4.810685730e+01 
  4.259797668e+01 
  4.074865723e+01 
  4.514987564e+01 
  4.449193954e+01 
  4.632855225e+01 
  4.611264801e+01 
  4.529889679e+01 
  4.711668777e+01 
  4.147402191e+01 
  4.677688980e+01 
  4.702871704e+01 
  4.682553864e+01 
  4.731962204e+01 
  5.057814026e+01 
  4.650468826e+01 
  4.269882584e+01 
  4.502943802e+01 
  4.485411453e+01 
  4.544614029e+01 
  4.521010971e+01 
  4.393993378e+01 
  4.346631622e+01 
  4.263037109e+01 
  4.370841217e+01 
  4.254306412e+01 
  4.210646439e+01 
  4.180173874e+01 
  4.076028061e+01 
  4.161251831e+01 
  3.972598267e+01 
  4.161705780e+01 
  4.082251358e+01 
  3.984215164e+01 
  3.935847473e+01 
  3.942783356e+01 
  3.859636307e+01 
  3.850655746e+01 
  3.965245438e+01 
  3.804180908e+01 
  3.730839157e+01 
  3.874699402e+01 
  3.660156631e+01 
  3.693245697e+01 
  3.632655716e+01 
  3.670521164e+01 
  3.636848450e+01 
  3.461537552e+01 
  3.451914597e+01 
  2.770796967e+01 
  3.083290100e+01 
  3.314668655e+01 
  3.050890350e+01 
  3.439157104e+01 
  3.186730003e+01 
  3.032520294e+01 
  3.234326553e+01 
  3.094299889e+01 
  3.275887680e+01 
  3.159772491e+01 
  3.035737228e+01 
  2.935672951e+01 
  2.900680542e+01 
  2.860476112e+01 
  2.769874382e+01 
  2.725749397e+01 
  2.861055756e+01 
  2.636946297e+01 
  2.817588615e+01 
  2.988155746e+01 
  2.754354668e+01 
  2.616911888e+01 
  2.795766449e+01 
  2.683901787e+01 
  2.659911919e+01 
  2.766015625e+01 
  2.508279610e+01 
  2.433147430e+01 
  2.461298370e+01 
  2.561763763e+01 
  1.869851303e+01 
  2.293912125e+01 
  2.153542519e+01 
  2.349528503e+01 
  2.329610443e+01 
  2.400243187e+01 
  2.215904427e+01 
  2.382646370e+01 
  2.342506027e+01 
  2.212539864e+01 
  1.915605545e+01 
  2.280274010e+01 
  2.324305153e+01 
  2.176917839e+01 
  2.348749733e+01 
  2.221051216e+01 
  1.933749008e+01 
  2.084436989e+01 
  2.108149910e+01 
  2.217487526e+01 
  2.039457893e+01 
  2.116461945e+01 
  2.091343498e+01 
  2.029129982e+01 
  1.844803047e+01 
  2.040390396e+01 
  1.935189438e+01 
  2.023935127e+01 
  1.977054787e+01 
  1.916914558e+01 
  1.981679916e+01 
  1.823400116e+01 
  1.903083992e+01 
  1.846134567e+01 
  1.819940948e+01 
  1.883300018e+01 
  1.795177460e+01 
  1.839186287e+01 
  1.829842949e+01 
  1.765441704e+01 
  1.699637604e+01 
  1.750420952e+01 
  1.641637611e+01 
  1.636021042e+01 
  1.784089088e+01 
  1.624915886e+01 
  1.686862564e+01 
  1.650257301e+01 
  1.656904793e+01 
  1.515819645e+01 
  1.613256454e+01 
  1.595683193e+01 
  1.551086521e+01 
  1.547175694e+01 
  1.481251812e+01 
  1.553032875e+01 
  1.556811333e+01 
  1.536684036e+01 
  1.487781811e+01 
  1.450035000e+01 
  1.499770737e+01 
  1.446051311e+01 
  1.425408459e+01 
  1.464967918e+01 
  1.429583740e+01 
  1.441623592e+01 
  1.441973877e+01 
  1.427675915e+01 
  1.408575249e+01 
  1.338822460e+01 
  1.380786896e+01 
  1.357494450e+01 
  1.196322918e+01 
  1.240582371e+01 
  1.307810974e+01 
  1.274457073e+01 
  1.277887058e+01 
  1.280787659e+01 
  1.248357773e+01 
  1.269290829e+01 
  1.264241409e+01 
  1.229403400e+01 
  1.221017456e+01 
  1.212763214e+01 
  1.197509480e+01 
  1.176326466e+01 
  1.175564575e+01 
  1.204785728e+01 
  1.193727684e+01 
  1.171970654e+01 
  1.157585144e+01 
  1.145650768e+01 
  1.126334858e+01 
  1.100922203e+01 
  1.111362839e+01 
  1.089622498e+01 
  1.066594410e+01 
  1.021283436e+01 
  1.063128853e+01 
  1.004153633e+01 
  1.003152943e+01 
  1.043498802e+01 
  1.027052689e+01 
  1.035286999e+01 
  1.046067238e+01 
  9.842441559e+00 
  9.852601051e+00 
  9.797054291e+00 
  9.467512131e+00 
  9.451287270e+00 
  9.536585808e+00 
  9.272714615e+00 
  9.492096901e+00 
  9.114807129e+00 
  9.402760506e+00 
  8.713388443e+00 
  9.298848152e+00 
  8.970546722e+00 
  9.080290794e+00 
  8.708043098e+00 
  8.942117691e+00 
  9.028676033e+00 
  8.899913788e+00 
  8.569340706e+00 
  8.639956474e+00 
  8.484665871e+00 
  8.577837944e+00 
  8.427083969e+00 
  8.444313049e+00 
  8.073663712e+00 
  8.135393143e+00 
  8.074433327e+00 
  8.180600166e+00 
  7.531595707e+00 
  8.062843323e+00 
  7.860673904e+00 
  7.967795849e+00 
  7.815074444e+00 
  7.562567234e+00 
  6.381125927e+00 
  6.768589497e+00 
  7.493419647e+00 
  7.462371826e+00 
  7.476174831e+00 
  7.467413425e+00 
  7.530292034e+00 
  7.400894165e+00 
  7.239515305e+00 
  7.227465153e+00 
  7.270762920e+00 
  7.083644390e+00 
  7.081210613e+00 
  7.139834881e+00 
  7.012105942e+00 
  6.896341801e+00 
  6.832822323e+00 
  6.840713501e+00 
  6.813154697e+00 
  6.669157505e+00 
  6.754606247e+00 
  6.580850124e+00 
  6.649933815e+00 
  6.516930580e+00 
  6.427985668e+00 
  6.396347046e+00 
  6.344535351e+00 
  6.348742485e+00 
  6.196311951e+00 
  6.229791641e+00 
  5.911031246e+00 
  5.352365494e+00 
  5.460617065e+00 
  5.402595520e+00 
  5.471101761e+00 
  5.570153713e+00 
  5.577202320e+00 
  5.568438530e+00 
  5.567500591e+00 
  5.474391460e+00 
  5.527026653e+00 
  5.593454838e+00 
  5.438621044e+00 
  5.431158543e+00 
  5.348200321e+00 
  5.182405472e+00 
  5.138394356e+00 
  5.240794659e+00 
  5.228219509e+00 
  5.212094307e+00 
  5.131776810e+00 
  5.033915997e+00 
  5.159898758e+00 
  4.967216969e+00 
  5.031595230e+00 
  4.973163128e+00 
  4.894001007e+00 
  4.830374241e+00 
  4.879036427e+00 
  4.658739567e+00 
  4.729586601e+00 
  4.439104557e+00 
  4.311245441e+00 
  4.210114956e+00 
  4.176461697e+00 
  4.328495979e+00 
  4.438259125e+00 
  4.361291885e+00 
  4.253246784e+00 
  4.197970390e+00 
  4.161870003e+00 
  4.214220524e+00 
  4.102964401e+00 
  3.955145597e+00 
  4.071420193e+00 
  3.973813534e+00 
  4.092549801e+00 
  4.075025558e+00 
  4.170728683e+00 
  4.101870060e+00 
  3.981554508e+00 
  4.027660847e+00 
  4.016988277e+00 
  3.874862671e+00 
  3.911612511e+00 
  3.871781826e+00 
  3.792212963e+00 
  3.893279552e+00 
  3.914519787e+00 
  3.796236038e+00 
  3.831470490e+00 
  3.870491743e+00 
  3.781142712e+00 
  3.762524605e+00 
  3.686135530e+00 
  3.656923294e+00 
  3.694916725e+00 
  3.640864849e+00 
  3.678342342e+00 
  3.637705326e+00 
  3.547493696e+00 
  3.554228067e+00 
  3.525682926e+00 
  3.194700480e+00 
  1.764250278e+00 
  1.623617887e+00 
  2.371005058e+00 
  2.169435501e+00 
  2.289663792e+00 
  2.565962076e+00 
  2.714764357e+00 
  2.891756773e+00 
  3.104882240e+00 
  3.159006357e+00 
  3.168633223e+00 
  3.176035643e+00 
  3.152150154e+00 
  3.124905348e+00 
  3.143801451e+00 
  3.010713577e+00 
  3.118855476e+00 
  3.081123114e+00 
  3.048537254e+00 
  3.042426586e+00 
  2.989048004e+00 
  2.968996286e+00 
  2.989075184e+00 
  2.904002190e+00 
  2.904633522e+00 
  2.894224167e+00 
  2.824935198e+00 
  2.843917608e+00 
  2.782502413e+00 
  2.769588470e+00 
  2.726152182e+00 
  2.700851679e+00 
  2.646939278e+00 
  2.636642218e+00 
  2.608850479e+00 
  2.573562622e+00 
  2.584350348e+00 
  2.592782736e+00 
  2.593460083e+00 
  2.575288296e+00 
  2.486874104e+00 
  2.521250963e+00 
  2.502771139e+00 
  2.455679417e+00 
  2.469456196e+00 
  2.397604942e+00 
  2.455072403e+00 
  2.428333282e+00 
  2.398477077e+00 
  2.342616796e+00 
  2.316625118e+00 
  2.334224224e+00 
  2.304415226e+00 
  2.270992517e+00 
  2.240892887e+00 
  2.187122583e+00 
  2.134103060e+00 
  2.137535572e+00 
  2.115727663e+00 
  2.055846214e+00 
  2.031738520e+00 
  2.121922016e+00 
  2.027274370e+00 
  1.982938409e+00 
  2.054796934e+00 
  2.078361034e+00 
  2.074661255e+00 
  2.052990198e+00 
  2.015399933e+00 
  2.012639761e+00 
  1.980186939e+00 
  1.938026190e+00 
  1.968953371e+00 
  1.903493285e+00 
  1.928245783e+00 
  1.933647513e+00 
  1.943118095e+00 
  1.917308450e+00 
  1.920027614e+00 
  1.854033947e+00 
  1.895536780e+00 
  1.888394475e+00 
  1.870095730e+00 
  1.854279041e+00 
  1.817453504e+00 
  1.837425828e+00 
  1.845512033e+00 
  1.774886727e+00 
  1.816645741e+00 
  1.811504483e+00 
  1.557910562e+00 
  1.775184870e+00 
  1.699812412e+00 
  1.712908626e+00 
  1.370483041e+00 
  1.502174020e+00 
  1.697690129e+00 
  1.717273951e+00 
  1.682088733e+00 
  1.674565434e+00 
  1.652018189e+00 
  1.644049764e+00 
  1.631017685e+00 
  1.654391766e+00 
  1.643378258e+00 
  1.605233550e+00 
  1.340177774e+00 
  1.420454383e+00 
  1.533331275e+00 
  1.504779458e+00 
  1.559535265e+00 
  1.550090194e+00 
  1.536716580e+00 
  1.535674810e+00 
  1.495029211e+00 
  1.474409580e+00 
  1.479733467e+00 
  1.502235889e+00 
  1.469414353e+00 
  1.465988755e+00 
  1.450628757e+00 
  1.368791342e+00 
  1.437658668e+00 
  1.398476720e+00 
  1.403908730e+00 
  1.411542416e+00 
  1.358505964e+00 
  1.338905454e+00 
  1.372670174e+00 
  1.375706196e+00 
  1.364687562e+00 
  1.350691795e+00 
  1.337365866e+00 
  1.272010207e+00 
  1.303962827e+00 
  1.219225883e+00 
  1.242272854e+00 
  1.189507961e+00 
  1.177793384e+00 
  1.149031401e+00 
  1.118314981e+00 
  1.084083438e+00 
  1.060330391e+00 
  1.149500966e+00 
  1.185629010e+00 
  1.176215291e+00 
  1.124474287e+00 
  1.112807751e+00 
  1.062494516e+00 
  1.040335894e+00 
  1.050327539e+00 
  1.052774549e+00 
  1.045501113e+00 
  1.044390321e+00 
  1.043235540e+00 
  1.028176427e+00 
  1.038408995e+00 
  1.022014618e+00 
  1.017994642e+00 
  1.047078013e+00 
  1.048750520e+00 
  1.017748237e+00 
  1.003901482e+00 
  9.534174204e-01 
  9.793057442e-01 
  9.871575832e-01 
  9.473876953e-01 
  9.670058489e-01 
  9.521319866e-01 
  9.120199680e-01 
  8.771810532e-01 
  8.406447768e-01 
  7.870252132e-01 
  7.553465366e-01 
  7.152894139e-01 
  6.985102296e-01 
  7.020174861e-01 
  7.116318345e-01 
  7.339844704e-01 
  8.245778680e-01 
  8.294252157e-01 
  7.966936827e-01 
  7.376993895e-01 
  7.294245958e-01 
  7.033398151e-01 
  7.224955559e-01 
  7.300661206e-01 
  7.365438342e-01 
  7.460242510e-01 
  7.441874743e-01 
  7.382354736e-01 
  7.486650348e-01 
  7.264171839e-01 
  7.347082496e-01 
  7.385604978e-01 
  6.765354872e-01 
  7.162274718e-01 
  7.473720312e-01 
  7.544450164e-01 
  7.486532331e-01 
  7.369230986e-01 
  7.232542634e-01 
  7.263534665e-01 
  7.397869825e-01 
  7.308529019e-01 
  7.350590229e-01 
  7.118168473e-01 
  7.426592708e-01 
  7.536661625e-01 
  7.661226392e-01 
  7.656310797e-01 
  7.554022074e-01 
  7.544062138e-01 
  7.373573184e-01 
  7.150586247e-01 
  7.107061744e-01 
  7.224693894e-01 
  7.114951015e-01 
  7.251917720e-01 
  7.039622068e-01 
  7.221530676e-01 
  7.267876863e-01 
  7.196112871e-01 
  7.207685709e-01 
  7.194180489e-01 
  7.198731303e-01 
  7.159817219e-01 
  7.233530283e-01 
  7.119952440e-01 
  7.003797293e-01 
  7.039716840e-01 
  7.086757421e-01 
  6.997869015e-01 
  6.968862414e-01 
  6.993470788e-01 
  6.925765276e-01 
  6.896038651e-01 
  6.867879629e-01 
  6.806013584e-01 
  6.758240461e-01 
  6.679748297e-01 
  6.674820781e-01 
  6.614025235e-01 
  6.516128182e-01 
  6.449275613e-01 
  6.005340219e-01 
  6.297017932e-01 
  6.381530762e-01 
  6.364029050e-01 
  6.275710464e-01 
  6.284637451e-01 
  6.251300573e-01 
  6.238392591e-01 
  6.174401641e-01 
  6.192705631e-01 
  6.054672599e-01 
  6.072627902e-01 
  5.990804434e-01 
  6.040451527e-01 
  5.870796442e-01 
  5.837983489e-01 
  5.878410935e-01 
  5.759428144e-01 
  5.839440227e-01 
  5.782362819e-01 
  5.768869519e-01 
  5.758938789e-01 
  5.699075460e-01 
  5.692137480e-01 
  5.588852763e-01 
  5.627841949e-01 
  5.590435863e-01 
  5.550905466e-01 
  5.427876711e-01 
  5.464690328e-01 
  5.385643244e-01 
  5.433694124e-01 
  5.298193097e-01 
  5.329750776e-01 
  5.330486298e-01 
  5.246639252e-01 
  5.253633857e-01 
  5.248488784e-01 
  5.137696266e-01 
  5.168203115e-01 
  5.125838518e-01 
  4.957058728e-01 
  5.028081536e-01 
  5.057597160e-01 
  5.004415512e-01 
  4.954691231e-01 
  4.935550094e-01 
  4.892949760e-01 
  4.875867069e-01 
  4.806566238e-01 
  4.822559059e-01 
  4.790505171e-01 
  4.762441814e-01 
  4.692152739e-01 
  4.526890814e-01 
  4.672509134e-01 
  4.491098225e-01 
  4.596451521e-01 
  4.499786198e-01 
  4.538910985e-01 
  4.513771832e-01 
  4.358521700e-01 
  4.443786740e-01 
  4.406423867e-01 
  4.058748484e-01 
  4.285194874e-01 
  4.275059104e-01 
  4.270293713e-01 
  4.114407003e-01 
  4.243903458e-01 
  4.101579487e-01 
  4.173524380e-01 
  4.145877659e-01 
  4.138901532e-01 
  3.963499069e-01 
  4.055434763e-01 
  3.891921043e-01 
  3.931744397e-01 
  3.806564808e-01 
  3.931388855e-01 
  3.851749301e-01 
  3.891030252e-01 
  3.653927147e-01 
  3.862458766e-01 
  3.682671189e-01 
  3.745613396e-01 
  3.759650290e-01 
  3.650334477e-01 
  3.573578298e-01 
  3.233376145e-01 
  3.488208055e-01 
  3.462357521e-01 
  3.399984241e-01 
  3.295656145e-01 
  3.245401978e-01 
  3.291630447e-01 
  3.279241323e-01 
  3.128552139e-01 
  3.244738281e-01 
  3.201305866e-01 
  3.164727390e-01 
  3.106683195e-01 
  3.096288741e-01 
  3.078335822e-01 
  3.097689152e-01 
  3.098869622e-01 
  3.037616909e-01 
  2.945012450e-01 
  2.848095894e-01 
  2.846835256e-01 
  2.713727951e-01 
  2.612328827e-01 
  2.499032468e-01 
  2.350340933e-01 
  2.217104584e-01 
  2.141058743e-01 
  2.130537629e-01 
  2.037200481e-01 
  2.081220597e-01 
  2.105731368e-01 
  2.040349692e-01 
  1.988485605e-01 
  2.054628730e-01 
  2.021631151e-01 
  2.098357826e-01 
  2.261499763e-01 
  2.327112406e-01 
  2.256558388e-01 
  2.073197663e-01 
  1.831106097e-01 
  1.864868551e-01 
  2.079309970e-01 
  2.219730616e-01 
  2.248083800e-01 
  2.325958759e-01 
  2.302055061e-01 
  2.184931189e-01 
  2.220710367e-01 
  2.125907987e-01 
  2.051417977e-01 
  1.981171370e-01 
  2.012481242e-01 
  2.074347436e-01 
  2.100311965e-01 
  2.120679766e-01 
  2.105092257e-01 
  2.122996300e-01 
  2.127154768e-01 
  2.138747722e-01 
  2.135532796e-01 
  2.184075117e-01 
  2.194505930e-01 
  2.303462029e-01 
  2.335135639e-01 
  2.326925844e-01 
  2.302638292e-01 
  2.278171778e-01 
  2.378154397e-01 
  2.411890775e-01 
  2.362242192e-01 
  2.402299941e-01 
  2.338639647e-01 
  2.372793108e-01 
  2.383668721e-01 
  2.297725230e-01 
  2.355802655e-01 
  2.370478213e-01 
  2.347858548e-01 
  2.316954136e-01 
  2.310520411e-01 
  2.293587029e-01 
  2.247209698e-01 
  2.300525755e-01 
  2.237993032e-01 
  2.220535874e-01 
  2.238145471e-01 
  2.205288410e-01 
  2.187163830e-01 
  2.054201961e-01 
  2.147486508e-01 
  2.187854499e-01 
  2.161640227e-01 
  2.135922462e-01 
  2.113484144e-01 
  1.994214803e-01 
  2.115560770e-01 
  2.150883973e-01 
  2.145863771e-01 
  2.136436105e-01 
  2.123105228e-01 
  2.078970373e-01 
  2.072435021e-01 
  2.058718652e-01 
  1.981423795e-01 
  1.894361228e-01 
  2.011568099e-01 
  2.020134777e-01 
  2.016578317e-01 
  1.906920224e-01 
  1.933721602e-01 
  1.992515624e-01 
  1.983968019e-01 
  1.994983107e-01 
  1.956866235e-01 
  1.824108362e-01 
  1.937968880e-01 
  1.866169423e-01 
  1.920566559e-01 
  1.930128783e-01 
  1.914098710e-01 
  1.917254180e-01 
  1.916434467e-01 
  1.915542036e-01 
  1.905638874e-01 
  1.882767826e-01 
  1.889761686e-01 
  1.881508827e-01 
  1.865915060e-01 
  1.851812750e-01 
  1.866459996e-01 
  1.851480901e-01 
  1.853771806e-01 
  1.788005978e-01 
  1.841351241e-01 
  1.835850030e-01 
  1.826387346e-01 
  1.821906716e-01 
  1.795910746e-01 
  1.804544926e-01 
  1.796441972e-01 
  1.779444367e-01 
  1.784946322e-01 
  1.780185401e-01 
  1.773551702e-01 
  1.747616529e-01 
  1.733851731e-01 
  1.743004620e-01 
  1.726572514e-01 
  1.701300144e-01 
  1.679217666e-01 
  1.701668054e-01 
  1.682143211e-01 
  1.666712761e-01 
  1.673407406e-01 
  1.661067307e-01 
  1.647993326e-01 
  1.629816592e-01 
  1.617831737e-01 
  1.597389132e-01 
  1.592784226e-01 
  1.582152843e-01 
  1.570998132e-01 
  1.544122100e-01 
  1.537237018e-01 
  1.508590281e-01 
  1.498208493e-01 
  1.482310742e-01 
  1.429654658e-01 
  1.435962766e-01 
  1.404821128e-01 
  1.401389390e-01 
  1.399731189e-01 
  1.362153441e-01 
  1.336461753e-01 
  1.341309845e-01 
  1.372731328e-01 
  1.386472136e-01 
  1.386207193e-01 
  1.387544125e-01 
  1.383283436e-01 
  1.391793638e-01 
  1.393000633e-01 
  1.390340179e-01 
  1.385277361e-01 
  1.374156177e-01 
  1.366270185e-01 
  1.327572763e-01 
  1.178689897e-01 
  1.292491555e-01 
  1.342610568e-01 
  1.350006461e-01 
  1.344236583e-01 
  1.345586777e-01 
  1.322160214e-01 
  1.322942376e-01 
  1.288476884e-01 
  1.304112077e-01 
  1.310758442e-01 
  1.308559775e-01 
  1.279402077e-01 
  1.281931996e-01 
  1.271580309e-01 
  1.254006475e-01 
  1.238707453e-01 
  1.247112006e-01 
  1.237524599e-01 
  1.230494604e-01 
  1.207064167e-01 
  1.185236275e-01 
  1.178290322e-01 
  1.180010810e-01 
  1.175804362e-01 
  1.166037843e-01 
  1.155172735e-01 
  1.141714454e-01 
  1.132464334e-01 
  1.125739291e-01 
  1.108411998e-01 
  1.049688607e-01 
  1.072968766e-01 
  1.038163304e-01 
  1.066227928e-01 
  1.073936149e-01 
  1.044510081e-01 
  1.039508656e-01 
  1.010472402e-01 
  9.960143268e-02 
  1.002823710e-01 
  1.014845073e-01 
  1.018877774e-01 
  1.009083390e-01 
  9.894594550e-02 
  9.528755397e-02 
  9.237353504e-02 
  8.372806758e-02 
  8.295115829e-02 
  8.187659830e-02 
  8.019860834e-02 
  8.313734084e-02 
  8.449442685e-02 
  8.539576828e-02 
  8.464291692e-02 
  8.494774997e-02 
  8.538493514e-02 
  8.469158411e-02 
  8.447396010e-02 
  8.538585901e-02 
  8.501375467e-02 
  8.278728276e-02 
  7.971684635e-02 
  7.272632420e-02 
  6.747011095e-02 
  6.477592885e-02 
  6.058391184e-02 
  5.865551159e-02 
  5.439205840e-02 
  5.240241066e-02 
  5.008748919e-02 
  4.688804597e-02 
  4.511490837e-02 
  4.313144088e-02 
  4.144803807e-02 
  3.937201202e-02 
  3.855587542e-02 
  3.628242016e-02 
  3.433487937e-02 
  3.419723362e-02 
  3.372922540e-02 
  3.407973796e-02 
  3.483035415e-02 
  3.478643671e-02 
  3.512738273e-02 
  3.414524347e-02 
  3.386485204e-02 
  3.321044892e-02 
  3.447582945e-02 
  3.646579757e-02 
  3.939611465e-02 
  4.110478237e-02 
  4.225268215e-02 
  4.191316664e-02 
  4.088494182e-02 
  4.057736695e-02 
  3.879161179e-02 
  3.725860640e-02 
  3.459285945e-02 
  3.283604607e-02 
  3.131994978e-02 
  3.145768866e-02 
  3.267753869e-02 
  3.341766074e-02 
  3.515519202e-02 
  3.723786026e-02 
  3.889710829e-02 
  3.963188455e-02 
  3.899545968e-02 
  3.889979422e-02 
  3.714685515e-02 
  3.560411930e-02 
  3.405576572e-02 
  3.441766649e-02 
  3.596516326e-02 
  3.713082150e-02 
  3.716453165e-02 
  3.655761853e-02 
  3.525899351e-02 
  3.548996523e-02 
  3.701956570e-02 
  3.742524609e-02 
  3.678747267e-02 
  3.687848523e-02 
  3.638521582e-02 
  3.642901778e-02 
  3.729261458e-02 
  3.836434335e-02 
  3.968743980e-02 
  4.109559581e-02 
  3.941727802e-02 
  4.070466384e-02 
  4.088920355e-02 
  4.164594412e-02 
  4.216860607e-02 
  4.255401716e-02 
  4.254008830e-02 
  4.195405915e-02 
  4.201645032e-02 
  4.378179833e-02 
  4.324879870e-02 
  4.309887066e-02 
  4.296298325e-02 
  4.329491034e-02 
  4.148266837e-02 
  4.253821447e-02 
  4.374474287e-02 
  4.304525629e-02 
  4.182728752e-02 
  4.058215022e-02 
  4.063291475e-02 
  4.051240534e-02 
  3.932469711e-02 
  4.040740430e-02 
  4.059850052e-02 
  4.078533500e-02 
  4.136184976e-02 
  4.186217859e-02 
  3.949248418e-02 
  4.157442600e-02 
  4.029301554e-02 
  4.086975008e-02 
  4.122682288e-02 
  4.108551145e-02 
  4.193838686e-02 
  4.212660342e-02 
  4.242303967e-02 
  4.202122986e-02 
  4.111353680e-02 
  4.099706188e-02 
  4.121604189e-02 
  4.333644733e-02 
  4.487025365e-02 
  4.517446086e-02 
  4.597124830e-02 
  4.642557725e-02 
  4.708276689e-02 
  4.642388225e-02 
  4.490788653e-02 
  4.435083270e-02 
  4.291178286e-02 
  4.250235483e-02 
  4.212814942e-02 
  4.190980643e-02 
  4.006113485e-02 
  4.042090848e-02 
  3.875739127e-02 
  3.819719329e-02 
  3.756011650e-02 
  3.783984110e-02 
  3.926374763e-02 
  4.127828777e-02 
  4.139272869e-02 
  4.211991280e-02 
  4.207124189e-02 
  4.162669182e-02 
  4.047295079e-02 
  4.027550668e-02 
  4.068088531e-02 
  4.055421799e-02 
  4.159263894e-02 
  4.080994055e-02 
  4.105491936e-02 
  4.163285345e-02 
  4.135750979e-02 
  4.250573367e-02 
  3.712423146e-02 
  4.405342415e-02 
  4.538519308e-02 
  4.640746489e-02 
  4.533977062e-02 
  4.664236680e-02 
  4.639744386e-02 
  4.638387635e-02 
  4.563507438e-02 
  4.661959410e-02 
  4.760440812e-02 
  4.730469361e-02 
  4.842951149e-02 
  4.809831083e-02 
  4.735379294e-02 
  4.226733372e-02 
  4.405499622e-02 
  4.424757883e-02 
  4.473729432e-02 
  4.708538949e-02 
  4.644995928e-02 
  4.676283896e-02 
  4.744631425e-02 
  4.770413414e-02 
  4.679969326e-02 
  4.664278030e-02 
  4.588358104e-02 
  4.678738862e-02 
  4.627324641e-02 
  4.599559307e-02 
  4.695580527e-02 
  4.641933367e-02 
  4.694629088e-02 
  4.612572491e-02 
  4.573724046e-02 
  4.677955806e-02 
  4.625200108e-02 
  4.502376169e-02 
  4.618252814e-02 
  4.563468322e-02 
  4.589528218e-02 
  4.562870786e-02 
  4.264051467e-02 
  4.548393190e-02 
  4.511787370e-02 
  4.479883611e-02 
  4.401888326e-02 
  4.409177974e-02 
  4.456535727e-02 
  4.463236779e-02 
  4.333467409e-02 
  4.415469989e-02 
  4.245046154e-02 
  4.323847592e-02 
  4.338238016e-02 
  4.316326976e-02 
  4.362206906e-02 
  4.369144514e-02 
  4.362476617e-02 
  4.310573265e-02 
  4.173152149e-02 
  4.268986359e-02 
  4.234354198e-02 
  4.201333970e-02 
  4.262316599e-02 
  4.230427369e-02 
  4.063874856e-02 
  4.120752960e-02 
  4.031157121e-02 
  4.152194783e-02 
  4.109225795e-02 
  4.098898172e-02 
  4.017704353e-02 
  4.100976512e-02 
  4.088958725e-02 
  4.015068337e-02 
  3.921224177e-02 
  3.964588419e-02 
  3.879481182e-02 
  3.857053816e-02 
  3.750658780e-02 
  3.737645596e-02 
  3.620728105e-02 
  3.708255291e-02 
  3.694760427e-02 
  3.629942611e-02 
  3.636473790e-02 
  3.371076286e-02 
  3.612422943e-02 
  3.255226836e-02 
  3.555416688e-02 
  3.569920361e-02 
  3.639629483e-02 
  3.606334701e-02 
  3.532176837e-02 
  3.574091569e-02 
  3.540110961e-02 
  3.641083837e-02 
  3.586260602e-02 
  3.542488441e-02 
  3.482470661e-02 
  3.179338947e-02 
  3.416624293e-02 
  3.331852332e-02 
  3.498553485e-02 
  3.563334793e-02 
  3.522868827e-02 
  3.526969999e-02 
  3.295544162e-02 
  3.404634818e-02 
  3.436587751e-02 
  3.287711367e-02 
  3.314842656e-02 
  3.167334571e-02 
  3.234836832e-02 
  3.207628056e-02 
  3.248582780e-02 
  3.192536533e-02 
  3.175200149e-02 
  3.177890554e-02 
  3.204196692e-02 
  3.183915839e-02 
  2.980757132e-02 
  3.069929406e-02 
  3.103209659e-02 
  3.175787628e-02 
  3.136790171e-02 
  3.189461306e-02 
  2.989147045e-02 
  3.076806106e-02 
  3.164789081e-02 
  3.154410049e-02 
  3.073987179e-02 
  3.026262671e-02 
  3.094748780e-02 
  3.152631596e-02 
  3.168345615e-02 
  3.085401654e-02 
  3.112206422e-02 
  3.100881539e-02 
  3.116614185e-02 
  3.106905147e-02 
  3.012430109e-02 
  3.052002750e-02 
  3.041941486e-02 
  2.993954346e-02 
  2.912663668e-02 
  2.983406186e-02 
  2.963728644e-02 
  2.819156088e-02 
  2.791728266e-02 
  2.750364691e-02 
  2.756107226e-02 
  2.729453333e-02 
  2.719351836e-02 
  2.781702019e-02 
  2.731611766e-02 
  2.729727328e-02 
  2.755780704e-02 
  2.774654515e-02 
  2.755539306e-02 
  2.685851231e-02 
  2.747227810e-02 
  2.679926530e-02 
  2.727660723e-02 
  2.693992108e-02 
  2.717592567e-02 
  2.660586126e-02 
  2.708140202e-02 
  2.681949921e-02 
  2.692831121e-02 
  2.637835778e-02 
  2.661723644e-02 
  2.665555105e-02 
  2.638314292e-02 
  2.613278851e-02 
  2.593469806e-02 
  2.560932003e-02 
  2.544090897e-02 
  2.565147169e-02 
  2.515625767e-02 
  2.517381497e-02 
  2.567127161e-02 
  2.544702403e-02 
  2.418457903e-02 
  2.481298894e-02 
  2.485723980e-02 
  2.456711791e-02 
  2.411391400e-02 
  2.417705022e-02 
  2.425804175e-02 
  2.386913262e-02 
  2.299436182e-02 
  2.214515582e-02 
  2.272992395e-02 
  2.323456295e-02 
  2.360815555e-02 
  2.361992374e-02 
  2.328070812e-02 
  2.332052775e-02 
  2.327983268e-02 
  2.294516005e-02 
  2.287346870e-02 
  2.311448194e-02 
  2.310195379e-02 
  2.296543121e-02 
  2.287885733e-02 
  2.283322066e-02 
  2.264548838e-02 
  2.245284244e-02 
  2.253513411e-02 
  2.233732678e-02 
  2.200408094e-02 
  2.198919095e-02 
  2.186490595e-02 
  2.137119696e-02 
  2.170751989e-02 
  2.175460383e-02 
  2.143539116e-02 
  2.133389376e-02 
  2.069333009e-02 
  2.102210373e-02 
  2.120122313e-02 
  1.954494603e-02 
  2.085939050e-02 
  2.091633342e-02 
  2.086883597e-02 
  2.083386108e-02 
  2.067582309e-02 
  2.043321170e-02 
  2.027729712e-02 
  2.040407620e-02 
  1.989971660e-02 
  1.956247538e-02 
  1.985348389e-02 
  1.881984062e-02 
  1.905924082e-02 
  1.928489655e-02 
  1.943693683e-02 
  1.929834485e-02 
  1.883265004e-02 
  1.917108707e-02 
  1.916433871e-02 
  1.885388605e-02 
  1.860220172e-02 
  1.737750880e-02 
  1.767599024e-02 
  1.775087044e-02 
  1.685144380e-02 
  1.658993028e-02 
  1.736383140e-02 
  1.759396866e-02 
  1.761917025e-02 
  1.717319898e-02 
  1.767289825e-02 
  1.734604128e-02 
  1.755081303e-02 
  1.700016484e-02 
  1.708972454e-02 
  1.662586257e-02 
  1.720286161e-02 
  1.702558063e-02 
  1.694973744e-02 
  1.663775742e-02 
  1.672415063e-02 
  1.673543826e-02 
  1.670274511e-02 
  1.641420648e-02 
  1.655212976e-02 
  1.652622037e-02 
  1.635849848e-02 
  1.638828218e-02 
  1.624075137e-02 
  1.592009701e-02 
  1.548977569e-02 
  1.563050784e-02 
  1.529665757e-02 
  1.552818157e-02 
  1.541396696e-02 
  1.537466887e-02 
  1.512017101e-02 
  1.519829128e-02 
  1.492511667e-02 
  1.491741836e-02 
  1.489009894e-02 
  1.486320794e-02 
  1.453280915e-02 
  1.414659340e-02 
  1.408278756e-02 
  1.368925814e-02 
  1.346400660e-02 
  1.356877573e-02 
  1.347008441e-02 
  1.343573723e-02 
  1.322887279e-02 
  1.301482506e-02 
  1.299646590e-02 
  1.290623099e-02 
  1.298391633e-02 
  1.305914391e-02 
  1.298571657e-02 
  1.264254004e-02 
  1.251771580e-02 
  1.222327072e-02 
  1.202640124e-02 
  1.166470349e-02 
  1.126802899e-02 
  1.133572217e-02 
  1.096888073e-02 
  1.054729335e-02 
  1.056097448e-02 
  1.008375827e-02 
  1.000856701e-02 
  9.404218756e-03 
  9.094979614e-03 
  9.033003822e-03 
  9.129038081e-03 
  9.075022303e-03 
  8.823074400e-03 
  8.673883975e-03 
  8.560066111e-03 
  8.310955018e-03 
  7.953858934e-03 
  7.923989557e-03 
  7.620025892e-03 
  7.618547417e-03 
  7.385493722e-03 
  6.957459729e-03 
  6.845943164e-03 
  6.485163234e-03 
  6.035491824e-03 
  6.293684244e-03 
  6.370256655e-03 
  6.401116028e-03 
  6.300789304e-03 
  6.188637577e-03 
  6.333590485e-03 
  5.974204279e-03 
  5.990531296e-03 
  5.778978113e-03 
  5.712408572e-03 
  5.271064583e-03 
  5.196879618e-03 
  5.170559976e-03 
  5.034067668e-03 
  4.838131368e-03 
  4.811237566e-03 
  4.517348018e-03 
  4.513815977e-03 
  4.424631596e-03 
  4.268922843e-03 
  4.441863857e-03 
  4.464895464e-03 
  4.549071193e-03 
  4.592985380e-03 
  4.432713613e-03 
  4.669195041e-03 
  4.638630897e-03 
  4.586320836e-03 
  4.244200885e-03 
  4.358976148e-03 
  4.416265525e-03 
  4.440402146e-03 
  4.405181855e-03 
  4.367305897e-03 
  4.257992376e-03 
  4.320884123e-03 
  4.318066407e-03 
  4.161390476e-03 
  4.318400286e-03 
  4.377888050e-03 
  4.463037942e-03 
  4.398065154e-03 
  4.608337767e-03 
  4.560558591e-03 
  4.573956132e-03 
  4.514452070e-03 
  4.520243499e-03 
  4.229126964e-03 
  4.148019012e-03 
  3.832235700e-03 
  3.913200460e-03 
  3.616588423e-03 
  3.454771126e-03 
  3.417231841e-03 
  3.425219096e-03 
  3.410684178e-03 
  3.333259374e-03 
  3.090958111e-03 
  3.885355778e-03 
  4.193127621e-03 
  4.271503538e-03 
  4.297153093e-03 
  4.415925592e-03 
  4.491261672e-03 
  4.518953618e-03 
  4.528951831e-03 
  4.492621869e-03 
  4.333532415e-03 
  4.534703679e-03 
  4.461755045e-03 
  4.375356715e-03 
  4.200834315e-03 
  4.332309123e-03 
  4.189384170e-03 
  4.007925745e-03 
  4.158944823e-03 
  4.048116039e-03 
  3.874298418e-03 
  3.847027430e-03 
  3.764961846e-03 
  3.696240950e-03 
  3.643702716e-03 
  3.665613476e-03 
  3.602091456e-03 
  3.620291827e-03 
  3.578794422e-03 
  3.713719547e-03 
  3.719670931e-03 
  3.818348981e-03 
  3.737953259e-03 
  3.800960258e-03 
  3.796902252e-03 
  3.781874431e-03 
  3.662209492e-03 
  3.839496057e-03 
  3.924250603e-03 
  3.889312036e-03 
  4.031538963e-03 
  4.043301102e-03 
  4.133058712e-03 
  4.106123466e-03 
  4.072342068e-03 
  4.226301331e-03 
  4.299028311e-03 
  4.241910763e-03 
  4.315658472e-03 
  4.286007024e-03 
  4.299813416e-03 
  4.304565955e-03 
  4.251717124e-03 
  4.166212399e-03 
  4.321890883e-03 
  4.322098102e-03 
  4.445404280e-03 
  4.363316111e-03 
  4.528528545e-03 
  4.554317333e-03 
  4.606104456e-03 
  4.600980319e-03 
  4.680783022e-03 
  4.462590907e-03 
  4.612021614e-03 
  4.646671470e-03 
  4.682129715e-03 
  4.534903448e-03 
  4.329271615e-03 
  4.058916587e-03 
  4.324221052e-03 
  4.584134091e-03 
  4.630520009e-03 
  4.674325231e-03 
  4.508717917e-03 
  4.368661437e-03 
  4.365635104e-03 
  4.470672924e-03 
  4.392377567e-03 
  4.377603531e-03 
  4.289588891e-03 
  4.384771921e-03 
  4.396084230e-03 
  4.547197837e-03 
  4.503549077e-03 
  4.710357171e-03 
  4.607102368e-03 
  4.738993011e-03 
  4.734648857e-03 
  5.096721929e-03 
  4.961929284e-03 
  5.285456777e-03 
  5.290563218e-03 
  5.481873639e-03 
  5.518836901e-03 
  5.701093934e-03 
  5.643476266e-03 
  5.547488108e-03 
  5.687960889e-03 
  5.941875745e-03 
  5.932735279e-03 
  6.017279811e-03 
  5.699195899e-03 
  6.102985237e-03 
  5.898801144e-03 
  6.058277097e-03 
  6.099577062e-03 
  6.138666533e-03 
  6.059068721e-03 
  6.071663462e-03 
  5.938233808e-03 
  5.954580847e-03 
  6.104204338e-03 
  6.064120214e-03 
  6.034569815e-03 
  5.971664563e-03 
  5.876150448e-03 
  5.627784412e-03 
  5.661808886e-03 
  5.478518084e-03 
  5.465985276e-03 
  4.888541065e-03 
  4.786359612e-03 
  4.235364962e-03 
  4.228607286e-03 
  3.655539826e-03 
  3.654152621e-03 
  3.309284803e-03 
  3.300124081e-03 
  3.330278676e-03 
  3.237389028e-03 
  3.422636306e-03 
  3.413372207e-03 
  3.489370923e-03 
  3.488874994e-03 
  3.511942690e-03 
  3.500834340e-03 
  3.548533889e-03 
  3.506796667e-03 
  3.628965467e-03 
  3.615904367e-03 
  3.812975483e-03 
  3.814453026e-03 
  4.123969935e-03 
  4.084918648e-03 
  4.244646989e-03 
  4.385600332e-03 
  4.701970611e-03 
  4.696982913e-03 
  4.872966558e-03 
  4.907518160e-03 
  5.036046728e-03 
  5.043588579e-03 
  5.052852444e-03 
  4.983995575e-03 
  5.078522954e-03 
  5.153195933e-03 
  5.211388227e-03 
  5.197109189e-03 
  5.036400165e-03 
  5.144441966e-03 
  5.178485066e-03 
  4.891128279e-03 
  5.051886663e-03 
  5.083002150e-03 
  5.036712158e-03 
  4.980125464e-03 
  4.935319535e-03 
  4.924841691e-03 
  4.788418766e-03 
  4.775853828e-03 
  4.740739707e-03 
  4.537962377e-03 
  4.553926177e-03 
  4.321050830e-03 
  4.288786557e-03 
  4.133868963e-03 
  4.067766014e-03 
  4.064156208e-03 
  4.087096080e-03 
  4.118402023e-03 
  4.094587639e-03 
  4.149587359e-03 
  4.143009894e-03 
  4.142605234e-03 
  4.025136121e-03 
  4.136056639e-03 
  4.112738650e-03 
  3.859811695e-03 
  4.078215454e-03 
  4.075345583e-03 
  4.083496518e-03 
  4.041105974e-03 
  4.107795190e-03 
  3.962386400e-03 
  4.183451179e-03 
  4.127578810e-03 
  4.291113000e-03 
  4.276456777e-03 
  4.359499551e-03 
  4.346186761e-03 
  4.399673082e-03 
  4.390227608e-03 
  4.308904521e-03 
  4.388662055e-03 
  4.337596241e-03 
  4.389338195e-03 
  4.304442089e-03 
  4.327903036e-03 
  4.355639219e-03 
  4.381902982e-03 
  4.371429328e-03 
  4.390994087e-03 
  4.388812929e-03 
  4.390929826e-03 
  4.349799827e-03 
  4.175842740e-03 
  4.319611471e-03 
  4.351978656e-03 
  4.206930753e-03 
  4.325326066e-03 
  4.304916598e-03 
  4.290864337e-03 
  4.297411535e-03 
  4.300653003e-03 
  4.287978169e-03 
  4.309073091e-03 
  4.235303495e-03 
  4.292367958e-03 
  4.280641209e-03 
  4.288136959e-03 
  4.267205019e-03 
  4.254722968e-03 
  4.224922508e-03 
  4.118151963e-03 
  4.206108395e-03 
  4.186378326e-03 
  4.157267977e-03 
  4.162353929e-03 
  4.150925204e-03 
  4.114788491e-03 
  4.008469637e-03 
  4.093478899e-03 
  4.112774041e-03 
  4.006770905e-03 
  4.084746353e-03 
  4.041944630e-03 
  4.037038889e-03 
  3.966744523e-03 
  4.044837318e-03 
  4.056940787e-03 
  3.978854977e-03 
  4.053399898e-03 
  4.036695696e-03 
  4.013583530e-03 
  4.030226264e-03 
  4.015486222e-03 
  4.004747607e-03 
  3.985207062e-03 
  3.982266411e-03 
  3.829730907e-03 
  3.952811938e-03 
  3.944609314e-03 
  3.917532973e-03 
  3.905365244e-03 
  3.901716787e-03 
  3.871724242e-03 
  3.845194355e-03 
  3.818407888e-03 
  3.773348173e-03 
  3.707152791e-03 
  3.737848252e-03 
  3.732548328e-03 
  3.680649213e-03 
  3.669366008e-03 
  3.633751534e-03 
  3.618131625e-03 
  3.577926196e-03 
  3.579760436e-03 
  3.571698442e-03 
  3.568144282e-03 
  3.552467329e-03 
  3.540867707e-03 
  3.517965553e-03 
  3.500070190e-03 
  3.490128089e-03 
  3.436996834e-03 
  3.433281789e-03 
  3.378953552e-03 
  3.260396188e-03 
  2.923312364e-03 
  3.192302538e-03 
  3.287275089e-03 
  3.368438920e-03 
  3.358802292e-03 
  3.381847404e-03 
  3.362820717e-03 
  3.368736012e-03 
  3.349910257e-03 
  3.347837366e-03 
  3.321200609e-03 
  3.284457140e-03 
  3.302339697e-03 
  3.170057200e-03 
  3.291981760e-03 
  3.280760488e-03 
  3.245095024e-03 
  3.159332788e-03 
  3.230213188e-03 
  3.232480725e-03 
  3.230195725e-03 
  3.220028942e-03 
  3.133038757e-03 
  3.109919373e-03 
  3.141897731e-03 
  3.172952216e-03 
  3.158526728e-03 
  3.118637716e-03 
  3.104838310e-03 
  3.089974867e-03 
  3.049868159e-03 
  3.032369306e-03 
  3.007875755e-03 
  2.998116193e-03 
  2.981556114e-03 
  2.978324657e-03 
  2.968137618e-03 
  2.994828159e-03 
  2.989950124e-03 
  2.976001706e-03 
  2.895989455e-03 
  2.853931161e-03 
  2.993067028e-03 
  2.925904235e-03 
  3.014528891e-03 
  3.006414743e-03 
  2.991339657e-03 
  2.985848812e-03 
  2.968506422e-03 
  2.962823957e-03 
  2.932638861e-03 
  2.884946996e-03 
  2.914866665e-03 
  2.918915590e-03 
  2.904086839e-03 
  2.893853001e-03 
  2.877154853e-03 
  2.870025579e-03 
  2.857782645e-03 
  2.838315908e-03 
  2.784285462e-03 
  2.787206555e-03 
  2.780318726e-03 
  2.800265793e-03 
  2.765228273e-03 
  2.764476463e-03 
  2.759380965e-03 
  2.746602520e-03 
  2.736565191e-03 
  2.717154566e-03 
  2.701353282e-03 
  2.697770949e-03 
  2.662347862e-03 
  2.601807006e-03 
  2.629321534e-03 
  2.650523791e-03 
  2.640082035e-03 
  2.591623692e-03 
  2.606655238e-03 
  2.602997934e-03 
  2.592793666e-03 
  2.585841110e-03 
  2.511555562e-03 
  2.559290035e-03 
  2.534052124e-03 
  2.526574768e-03 
  2.526191063e-03 
  2.487713937e-03 
  2.421252429e-03 
  2.470273059e-03 
  2.447274979e-03 
  2.442881465e-03 
  2.437988063e-03 
  2.436411334e-03 
  2.414484974e-03 
  2.398405923e-03 
  2.398758428e-03 
  2.309594303e-03 
  2.390331356e-03 
  2.371993847e-03 
  2.338537481e-03 
  2.355081262e-03 
  2.352310577e-03 
  2.342764521e-03 
  2.331702970e-03 
  2.307185903e-03 
  2.324421657e-03 
  2.317768987e-03 
  2.306797309e-03 
  2.268574433e-03 
  2.292406978e-03 
  2.288793214e-03 
  2.283360809e-03 
  2.272287849e-03 
  2.261447487e-03 
  2.146943472e-03 
  2.212864580e-03 
  2.215556800e-03 
  2.207722748e-03 
  2.195902634e-03 
  2.189895138e-03 
  2.190464176e-03 
  2.179066883e-03 
  2.155977068e-03 
  2.152136527e-03 
  2.119990299e-03 
  2.126742154e-03 
  2.118843142e-03 
  2.003272297e-03 
  2.052754397e-03 
  2.041080967e-03 
  2.001720946e-03 
  2.042576205e-03 
  2.044787630e-03 
  2.035786631e-03 
  2.030703472e-03 
  2.049705479e-03 
  2.040072577e-03 
  2.029850613e-03 
  2.048022347e-03 
  2.046619775e-03 
  2.045888221e-03 
  2.042013919e-03 
  2.025486669e-03 
  2.012396930e-03 
  2.015208360e-03 
  2.002307447e-03 
  1.980888890e-03 
  1.965931384e-03 
  1.897873473e-03 
  1.922328956e-03 
  1.900347066e-03 
  1.928685466e-03 
  1.917635673e-03 
  1.890712767e-03 
  1.897229580e-03 
  1.892481116e-03 
  1.799274818e-03 
  1.846050727e-03 
  1.857918454e-03 
  1.834443072e-03 
  1.866062987e-03 
  1.875333837e-03 
  1.857384923e-03 
  1.851001987e-03 
  1.839512377e-03 
  1.824766863e-03 
  1.820371603e-03 
  1.788005582e-03 
  1.759584993e-03 
  1.769028022e-03 
  1.747749397e-03 
  1.735741738e-03 
  1.687931712e-03 
  1.712794066e-03 
  1.711928169e-03 
  1.695105224e-03 
  1.684220158e-03 
  1.676446293e-03 
  1.662668074e-03 
  1.663794392e-03 
  1.651331899e-03 
  1.646583667e-03 
  1.651645638e-03 
  1.638381276e-03 
  1.643440453e-03 
  1.615151530e-03 
  1.562059275e-03 
  1.599951996e-03 
  1.615447225e-03 
  1.627460122e-03 
  1.611547428e-03 
  1.609343453e-03 
  1.634729793e-03 
  1.633364940e-03 
  1.618641661e-03 
  1.601270284e-03 
  1.596309710e-03 
  1.597992377e-03 
  1.563541940e-03 
  1.564113307e-03 
  1.528077293e-03 
  1.517841592e-03 
  1.500773942e-03 
  1.471861149e-03 
  1.486415975e-03 
  1.484378823e-03 
  1.484406996e-03 
  1.409555902e-03 
  1.454171259e-03 
  1.481671236e-03 
  1.474414836e-03 
  1.467589405e-03 
  1.481711632e-03 
  1.474417513e-03 
  1.467343303e-03 
  1.468426315e-03 
  1.395630534e-03 
  1.392490580e-03 
  1.400907058e-03 
  1.408808865e-03 
  1.391940867e-03 
  1.426884322e-03 
  1.419357024e-03 
  1.434914535e-03 
  1.430025324e-03 
  1.423982671e-03 
  1.413943944e-03 
  1.429916592e-03 
  1.414915081e-03 
  1.413950347e-03 
  1.418191241e-03 
  1.406258089e-03 
  1.406192430e-03 
  1.390726771e-03 
  1.385677373e-03 
  1.390404184e-03 
  1.377932727e-03 
  1.358260051e-03 
  1.364943339e-03 
  1.342866803e-03 
  1.330793370e-03 
  1.330902451e-03 
  1.324413344e-03 
  1.305159647e-03 
  1.304212608e-03 
  1.300419797e-03 
  1.282156794e-03 
  1.235471107e-03 
  1.231212518e-03 
  1.188398688e-03 
  1.239965437e-03 
  1.248688088e-03 
  1.280814060e-03 
  1.265011262e-03 
  1.270726440e-03 
  1.284286729e-03 
  1.273143571e-03 
  1.274816925e-03 
  1.267888467e-03 
  1.281770412e-03 
  1.266101026e-03 
  1.263281680e-03 
  1.269707340e-03 
  1.260019722e-03 
  1.244953368e-03 
  1.250598347e-03 
  1.244853600e-03 
  1.205155044e-03 
  1.189977862e-03 
  1.221247483e-03 
  1.211144961e-03 
  1.180125400e-03 
  1.208806410e-03 
  1.188662136e-03 
  1.172919874e-03 
  1.178207225e-03 
  1.145085786e-03 
  1.137505984e-03 
  1.116184751e-03 
  1.082184841e-03 
  1.082882052e-03 
  1.070674858e-03 
  1.068933634e-03 
  1.074649044e-03 
  1.065016259e-03 
  1.062772702e-03 
  1.077561523e-03 
  1.102062291e-03 
  1.088925637e-03 
  1.085244468e-03 
  1.045319950e-03 
  1.097316039e-03 
  1.103085233e-03 
  1.094505657e-03 
  1.077702269e-03 
  1.078747446e-03 
  1.069117570e-03 
  1.056001289e-03 
  1.045994461e-03 
  1.036131638e-03 
  1.013331581e-03 
  1.011585002e-03 
  1.002558623e-03 
  9.247878334e-04 
  9.626755491e-04 
  9.572718409e-04 
  9.414429078e-04 
  9.231567965e-04 
  9.388990584e-04 
  8.939774707e-04 
  9.055859991e-04 
  8.997172699e-04 
  8.306815289e-04 
  8.413449395e-04 
  8.257487789e-04 
  8.003275143e-04 
  7.767863572e-04 
  8.117589750e-04 
  7.809078670e-04 
  7.748674252e-04 
  7.316885749e-04 
  7.632604684e-04 
  7.614173228e-04 
  7.640737458e-04 
  7.598546217e-04 
  7.616475923e-04 
  7.482953370e-04 
  7.634296198e-04 
  7.537664496e-04 
  7.477319450e-04 
  7.621772820e-04 
  7.556735654e-04 
  7.579147932e-04 
  7.481120410e-04 
