  6.992323995e-01 
  1.722890973e+00 
  1.768842220e+00 
  4.267649651e+00 
  4.674830914e+00 
  8.019634247e+00 
  8.500996590e+00 
  1.209711170e+01 
  1.502014065e+01 
  1.572394562e+01 
  1.685516357e+01 
  3.193083954e+01 
  2.659919739e+01 
  3.323838043e+01 
  3.367950058e+01 
  3.946731949e+01 
  3.048826790e+01 
  4.356939316e+01 
  4.183747482e+01 
  4.624819183e+01 
  4.456315994e+01 
  5.406550217e+01 
  4.721172714e+01 
  4.103313065e+01 
  5.085064697e+01 
  5.620228958e+01 
  7.663929749e+01 
  7.650087738e+01 
  6.298654175e+01 
  7.400640869e+01 
  7.669268799e+01 
  6.186007690e+01 
  6.758397675e+01 
  7.588078308e+01 
  6.312798309e+01 
  6.735832977e+01 
  5.025035095e+01 
  4.771107483e+01 
  5.777811813e+01 
  5.773977661e+01 
  6.443428040e+01 
  5.402406693e+01 
  5.622762680e+01 
  5.604118729e+01 
  5.028518677e+01 
  6.416085052e+01 
  7.062827301e+01 
  6.666053772e+01 
  6.227223206e+01 
  6.774172974e+01 
  6.870457458e+01 
  6.471174622e+01 
  6.578731537e+01 
  5.953970718e+01 
  6.817893982e+01 
  6.854182434e+01 
  6.428752899e+01 
  4.076328278e+01 
  4.393706512e+01 
  4.384715271e+01 
  6.451998901e+01 
  5.074319077e+01 
  5.522154236e+01 
  5.826810455e+01 
  5.769234085e+01 
  5.358580017e+01 
  7.295528412e+01 
  6.475175476e+01 
  6.056721115e+01 
  5.778402328e+01 
  6.591464996e+01 
  5.221164322e+01 
  5.450656509e+01 
  5.386480331e+01 
  4.136076355e+01 
  3.755713272e+01 
  5.325022888e+01 
  5.399197769e+01 
  6.917822266e+01 
  5.274975586e+01 
  4.893062592e+01 
  5.439210892e+01 
  4.023816681e+01 
  2.775619316e+01 
  3.021921730e+01 
  4.497422028e+01 
  3.451787567e+01 
  3.916613770e+01 
  3.833905792e+01 
  4.316146851e+01 
  5.169528961e+01 
  5.712484360e+01 
  5.014311600e+01 
  2.655152321e+01 
  2.902011681e+01 
  4.811413193e+01 
  4.891273499e+01 
  1.966197205e+01 
  5.433393478e+01 
  6.434727478e+01 
  6.244118500e+01 
  6.125636292e+01 
  6.407715607e+01 
  5.923751831e+01 
  6.283549500e+01 
  5.688168335e+01 
  5.572731400e+01 
  5.358002090e+01 
  5.730455017e+01 
  6.262145233e+01 
  5.168949890e+01 
  5.992969513e+01 
  6.131239700e+01 
  5.718892288e+01 
  5.542304611e+01 
  5.836988831e+01 
  5.728979874e+01 
  5.485533524e+01 
  5.299578476e+01 
  5.362425232e+01 
  4.482977676e+01 
  5.547762680e+01 
  5.250875092e+01 
  4.380635834e+01 
  4.759961700e+01 
  4.870233917e+01 
  4.625257874e+01 
  4.395603561e+01 
  4.397714615e+01 
  3.953247070e+01 
  3.117182350e+01 
  2.769484711e+01 
  4.926393127e+01 
  4.333748627e+01 
  4.070901871e+01 
  4.377480316e+01 
  4.797683716e+01 
  4.788026810e+01 
  4.239721680e+01 
  4.055649567e+01 
  4.493682861e+01 
  4.428186798e+01 
  4.610966873e+01 
  4.589464188e+01 
  4.508459854e+01 
  4.689363098e+01 
  4.127753448e+01 
  4.655514908e+01 
  4.680569077e+01 
  4.660339737e+01 
  4.709505463e+01 
  5.033799744e+01 
  4.628377533e+01 
  4.249588394e+01 
  4.481529617e+01 
  4.464066696e+01 
  4.522970581e+01 
  4.499463654e+01 
  4.373034668e+01 
  4.325882721e+01 
  4.242671204e+01 
  4.349944305e+01 
  4.233950424e+01 
  4.190483856e+01 
  4.160151672e+01 
  4.056498718e+01 
  4.141308212e+01 
  3.953552246e+01 
  4.141739273e+01 
  4.062648010e+01 
  3.965063858e+01 
  3.916907120e+01 
  3.923785400e+01 
  3.841010284e+01 
  3.832041931e+01 
  3.946038055e+01 
  3.785707855e+01 
  3.712683105e+01 
  3.855835724e+01 
  3.642345428e+01 
  3.675286102e+01 
  3.614998627e+01 
  3.652684402e+01 
  3.619175339e+01 
  3.444710922e+01 
  3.435126877e+01 
  2.757316780e+01 
  3.068285561e+01 
  3.298532486e+01 
  3.036033630e+01 
  3.422403717e+01 
  3.171195984e+01 
  3.017727470e+01 
  3.218537521e+01 
  3.079183197e+01 
  3.259872437e+01 
  3.144306374e+01 
  3.020860291e+01 
  2.921269417e+01 
  2.886431503e+01 
  2.846407700e+01 
  2.756234741e+01 
  2.712310791e+01 
  2.846933174e+01 
  2.623914146e+01 
  2.803647041e+01 
  2.973362541e+01 
  2.740712357e+01 
  2.603944206e+01 
  2.781906128e+01 
  2.670590019e+01 
  2.646711540e+01 
  2.752280617e+01 
  2.495817375e+01 
  2.421051407e+01 
  2.449055290e+01 
  2.549010658e+01 
  1.860533333e+01 
  2.282469559e+01 
  2.142789078e+01 
  2.337784767e+01 
  2.317954254e+01 
  2.388220215e+01 
  2.204791832e+01 
  2.370683861e+01 
  2.330731010e+01 
  2.201406097e+01 
  1.905953789e+01 
  2.268770027e+01 
  2.312563515e+01 
  2.165906906e+01 
  2.336854744e+01 
  2.209789848e+01 
  1.923937225e+01 
  2.073854256e+01 
  2.097441483e+01 
  2.206218338e+01 
  2.029087639e+01 
  2.105693245e+01 
  2.080695724e+01 
  2.018792343e+01 
  1.835397911e+01 
  2.029980850e+01 
  1.925309944e+01 
  2.013594246e+01 
  1.966944695e+01 
  1.907103729e+01 
  1.971529007e+01 
  1.814052200e+01 
  1.893319321e+01 
  1.836653328e+01 
  1.810584450e+01 
  1.873608208e+01 
  1.785929489e+01 
  1.829701996e+01 
  1.820396996e+01 
  1.756318665e+01 
  1.690844536e+01 
  1.741355133e+01 
  1.633125687e+01 
  1.627528191e+01 
  1.774816513e+01 
  1.616458511e+01 
  1.678071404e+01 
  1.641645622e+01 
  1.648245049e+01 
  1.507886600e+01 
  1.604795837e+01 
  1.587285137e+01 
  1.542893410e+01 
  1.538995647e+01 
  1.473421288e+01 
  1.544799137e+01 
  1.548542595e+01 
  1.528514004e+01 
  1.479862404e+01 
  1.442312145e+01 
  1.491785812e+01 
  1.438359833e+01 
  1.417835712e+01 
  1.457196999e+01 
  1.422017479e+01 
  1.434005070e+01 
  1.434360409e+01 
  1.420142651e+01 
  1.401146793e+01 
  1.331764126e+01 
  1.373498726e+01 
  1.350308418e+01 
  1.189956665e+01 
  1.233976936e+01 
  1.300869274e+01 
  1.267678356e+01 
  1.271114922e+01 
  1.273991585e+01 
  1.241713238e+01 
  1.262555599e+01 
  1.257519436e+01 
  1.222870636e+01 
  1.214526939e+01 
  1.206320763e+01 
  1.191145515e+01 
  1.170071983e+01 
  1.169316196e+01 
  1.198386765e+01 
  1.187390614e+01 
  1.165750504e+01 
  1.151442623e+01 
  1.139572525e+01 
  1.120359898e+01 
  1.095083046e+01 
  1.105469799e+01 
  1.083846092e+01 
  1.060941219e+01 
  1.015871620e+01 
  1.057496262e+01 
  9.988344193e+00 
  9.978397369e+00 
  1.037971878e+01 
  1.021612358e+01 
  1.029802132e+01 
  1.040524292e+01 
  9.790272713e+00 
  9.800358772e+00 
  9.745087624e+00 
  9.417274475e+00 
  9.401093483e+00 
  9.485795021e+00 
  9.222953796e+00 
  9.441385269e+00 
  9.066163063e+00 
  9.352663994e+00 
  8.666964531e+00 
  9.249389648e+00 
  8.922928810e+00 
  9.032141685e+00 
  8.661938667e+00 
  8.894835472e+00 
  8.981029510e+00 
  8.852992058e+00 
  8.524223328e+00 
  8.594504356e+00 
  8.440073967e+00 
  8.532735825e+00 
  8.382799149e+00 
  8.399902344e+00 
  8.031120300e+00 
  8.092457771e+00 
  8.031747818e+00 
  8.137440681e+00 
  7.492012024e+00 
  8.020474434e+00 
  7.819244862e+00 
  7.925962925e+00 
  7.774033070e+00 
  7.522805214e+00 
  6.347596645e+00 
  6.733057022e+00 
  7.454141140e+00 
  7.423254490e+00 
  7.437015057e+00 
  7.428364754e+00 
  7.490953445e+00 
  7.362226963e+00 
  7.201710224e+00 
  7.189735413e+00 
  7.232826710e+00 
  7.046701908e+00 
  7.044302464e+00 
  7.102634430e+00 
  6.975581169e+00 
  6.860430717e+00 
  6.797250271e+00 
  6.805109024e+00 
  6.777701855e+00 
  6.634461880e+00 
  6.719472885e+00 
  6.546626091e+00 
  6.615355492e+00 
  6.483046055e+00 
  6.394554138e+00 
  6.363070011e+00 
  6.311531067e+00 
  6.315711021e+00 
  6.164061069e+00 
  6.197382927e+00 
  5.880222797e+00 
  5.323564529e+00 
  5.431540966e+00 
  5.373746872e+00 
  5.442039013e+00 
  5.540761948e+00 
  5.547893524e+00 
  5.539155483e+00 
  5.538176537e+00 
  5.445623875e+00 
  5.498021603e+00 
  5.564265728e+00 
  5.410204887e+00 
  5.402642250e+00 
  5.320139885e+00 
  5.155185699e+00 
  5.111426830e+00 
  5.213398933e+00 
  5.200894356e+00 
  5.184805870e+00 
  5.104916096e+00 
  5.007581234e+00 
  5.132920742e+00 
  4.941280842e+00 
  5.005282879e+00 
  4.947192669e+00 
  4.868475914e+00 
  4.805150509e+00 
  4.853546619e+00 
  4.634357929e+00 
  4.704787254e+00 
  4.415592670e+00 
  4.288259029e+00 
  4.187609673e+00 
  4.154047966e+00 
  4.305627823e+00 
  4.414928913e+00 
  4.338301182e+00 
  4.230641365e+00 
  4.175684452e+00 
  4.139766216e+00 
  4.191863537e+00 
  4.081168652e+00 
  3.934200287e+00 
  4.049848080e+00 
  3.952744961e+00 
  4.070962906e+00 
  4.053637028e+00 
  4.148891926e+00 
  4.080374241e+00 
  3.960653543e+00 
  4.006540298e+00 
  3.995956898e+00 
  3.854588032e+00 
  3.891178370e+00 
  3.851575375e+00 
  3.772428989e+00 
  3.872971058e+00 
  3.894111633e+00 
  3.776453495e+00 
  3.811511993e+00 
  3.850329876e+00 
  3.761454344e+00 
  3.742936850e+00 
  3.666937828e+00 
  3.637876511e+00 
  3.675682306e+00 
  3.621913910e+00 
  3.659197092e+00 
  3.618770599e+00 
  3.529027700e+00 
  3.535725355e+00 
  3.507302761e+00 
  3.177782774e+00 
  1.753113508e+00 
  1.613187194e+00 
  2.357187748e+00 
  2.156377316e+00 
  2.276084423e+00 
  2.551386833e+00 
  2.700094938e+00 
  2.876374722e+00 
  3.088516474e+00 
  3.142453194e+00 
  3.152109146e+00 
  3.159491301e+00 
  3.135736227e+00 
  3.108636379e+00 
  3.127440929e+00 
  2.995049715e+00 
  3.102630854e+00 
  3.065093040e+00 
  3.032673359e+00 
  3.026591063e+00 
  2.973486662e+00 
  2.953541040e+00 
  2.973511934e+00 
  2.888878345e+00 
  2.889500141e+00 
  2.879130125e+00 
  2.810186625e+00 
  2.829058647e+00 
  2.767952919e+00 
  2.755074263e+00 
  2.711861372e+00 
  2.686697006e+00 
  2.633070230e+00 
  2.622837067e+00 
  2.595215797e+00 
  2.560094118e+00 
  2.570785522e+00 
  2.579182386e+00 
  2.579879045e+00 
  2.561795235e+00 
  2.473825693e+00 
  2.508022547e+00 
  2.489636660e+00 
  2.442793131e+00 
  2.456504107e+00 
  2.385043144e+00 
  2.442217588e+00 
  2.415617704e+00 
  2.385910988e+00 
  2.330335140e+00 
  2.304471731e+00 
  2.321963787e+00 
  2.292292356e+00 
  2.259023428e+00 
  2.229054928e+00 
  2.175535440e+00 
  2.122756481e+00 
  2.126171350e+00 
  2.104480982e+00 
  2.044929981e+00 
  2.020989656e+00 
  2.110741615e+00 
  2.016557693e+00 
  1.972359896e+00 
  2.043918133e+00 
  2.067408800e+00 
  2.063719749e+00 
  2.042155743e+00 
  2.004729509e+00 
  2.001994848e+00 
  1.969726086e+00 
  1.927790403e+00 
  1.958555460e+00 
  1.893447995e+00 
  1.918078184e+00 
  1.923468947e+00 
  1.932883024e+00 
  1.907208204e+00 
  1.909921050e+00 
  1.844279051e+00 
  1.885564566e+00 
  1.878453374e+00 
  1.860255003e+00 
  1.844533563e+00 
  1.807906747e+00 
  1.827776432e+00 
  1.835814476e+00 
  1.765563488e+00 
  1.807103515e+00 
  1.801988959e+00 
  1.549723864e+00 
  1.765852213e+00 
  1.690875649e+00 
  1.703907132e+00 
  1.363280177e+00 
  1.494280934e+00 
  1.688769102e+00 
  1.708252311e+00 
  1.673252106e+00 
  1.665773153e+00 
  1.643345833e+00 
  1.635418773e+00 
  1.622456431e+00 
  1.645707011e+00 
  1.634752035e+00 
  1.596807718e+00 
  1.333142638e+00 
  1.412996769e+00 
  1.525280356e+00 
  1.496877909e+00 
  1.551344752e+00 
  1.541948795e+00 
  1.528645515e+00 
  1.527607322e+00 
  1.487173796e+00 
  1.466661572e+00 
  1.471955061e+00 
  1.494338036e+00 
  1.461685777e+00 
  1.458277225e+00 
  1.442995667e+00 
  1.361586690e+00 
  1.430089474e+00 
  1.391114473e+00 
  1.396517634e+00 
  1.404107332e+00 
  1.351345778e+00 
  1.331850171e+00 
  1.365436077e+00 
  1.368456960e+00 
  1.357493877e+00 
  1.343572736e+00 
  1.330309391e+00 
  1.265280485e+00 
  1.297054529e+00 
  1.212742209e+00 
  1.235642910e+00 
  1.183134198e+00 
  1.171469569e+00 
  1.142826319e+00 
  1.112280250e+00 
  1.078223705e+00 
  1.054601192e+00 
  1.143346429e+00 
  1.179310679e+00 
  1.169946432e+00 
  1.118463635e+00 
  1.106825709e+00 
  1.056757927e+00 
  1.034719348e+00 
  1.044660568e+00 
  1.047109962e+00 
  1.039868236e+00 
  1.038725853e+00 
  1.037596583e+00 
  1.022632599e+00 
  1.032813668e+00 
  1.016514540e+00 
  1.012524724e+00 
  1.041478276e+00 
  1.043160796e+00 
  1.012320042e+00 
  9.985468388e-01 
  9.483270049e-01 
  9.740649462e-01 
  9.818727374e-01 
  9.423130155e-01 
  9.618096352e-01 
  9.469888210e-01 
  9.070495963e-01 
  8.723388910e-01 
  8.359436989e-01 
  7.825640440e-01 
  7.510311604e-01 
  7.111722231e-01 
  6.944859028e-01 
  6.979839206e-01 
  7.075406909e-01 
  7.298005223e-01 
  8.200119734e-01 
  8.248588443e-01 
  7.922860980e-01 
  7.335718274e-01 
  7.252851129e-01 
  6.993444562e-01 
  7.184090018e-01 
  7.259382010e-01 
  7.323984504e-01 
  7.418376207e-01 
  7.400100231e-01 
  7.340946198e-01 
  7.444962263e-01 
  7.223415375e-01 
  7.306080461e-01 
  7.344655395e-01 
  6.727652550e-01 
  7.122324705e-01 
  7.432741523e-01 
  7.503184080e-01 
  7.445465922e-01 
  7.328776717e-01 
  7.192781568e-01 
  7.223659754e-01 
  7.357643247e-01 
  7.268840075e-01 
  7.310644984e-01 
  7.079507113e-01 
  7.386485338e-01 
  7.496267557e-01 
  7.620289326e-01 
  7.615408301e-01 
  7.513663173e-01 
  7.503719926e-01 
  7.334063053e-01 
  7.112174630e-01 
  7.068818212e-01 
  7.185896039e-01 
  7.076862454e-01 
  7.213087678e-01 
  7.001960874e-01 
  7.183014154e-01 
  7.229139209e-01 
  7.157734036e-01 
  7.169304490e-01 
  7.155930400e-01 
  7.160489559e-01 
  7.121825814e-01 
  7.195166945e-01 
  7.082195878e-01 
  6.966658235e-01 
  7.002391219e-01 
  7.049198747e-01 
  6.960784793e-01 
  6.931898594e-01 
  6.956397295e-01 
  6.889066100e-01 
  6.859494448e-01 
  6.831474304e-01 
  6.769925952e-01 
  6.722398996e-01 
  6.644325256e-01 
  6.639429331e-01 
  6.578930020e-01 
  6.481556296e-01 
  6.415070891e-01 
  5.973494053e-01 
  6.263624430e-01 
  6.347683072e-01 
  6.330253482e-01 
  6.242378950e-01 
  6.251266599e-01 
  6.218129992e-01 
  6.205298901e-01 
  6.141629219e-01 
  6.159840822e-01 
  6.022539139e-01 
  6.040396094e-01 
  5.959009528e-01 
  6.008389592e-01 
  5.839616656e-01 
  5.806981325e-01 
  5.847204328e-01 
  5.728858113e-01 
  5.808435082e-01 
  5.751652718e-01 
  5.738219619e-01 
  5.728352070e-01 
  5.668799281e-01 
  5.661900043e-01 
  5.559168458e-01 
  5.597957373e-01 
  5.560751557e-01 
  5.521432161e-01 
  5.399056673e-01 
  5.435673594e-01 
  5.357045531e-01 
  5.404835939e-01 
  5.270050764e-01 
  5.301441550e-01 
  5.302166939e-01 
  5.218759775e-01 
  5.225712657e-01 
  5.220592022e-01 
  5.110386610e-01 
  5.140725970e-01 
  5.098577142e-01 
  4.930688739e-01 
  5.001325011e-01 
  5.030671358e-01 
  4.977759719e-01 
  4.928291440e-01 
  4.909244478e-01 
  4.866861701e-01 
  4.849863648e-01 
  4.780921340e-01 
  4.796817899e-01 
  4.764923453e-01 
  4.736993015e-01 
  4.667061269e-01 
  4.502677619e-01 
  4.647511840e-01 
  4.467068315e-01 
  4.571843743e-01 
  4.475687444e-01 
  4.514592290e-01 
  4.489583671e-01 
  4.335164130e-01 
  4.419967532e-01 
  4.382821023e-01 
  4.037012160e-01 
  4.262255728e-01 
  4.252176881e-01 
  4.247438610e-01 
  4.092391133e-01 
  4.221202135e-01 
  4.079651833e-01 
  4.151213467e-01 
  4.123713672e-01 
  4.116772413e-01 
  3.942310810e-01 
  4.033740163e-01 
  3.871102929e-01 
  3.910724223e-01 
  3.786206841e-01 
  3.910354674e-01 
  3.831117749e-01 
  3.870195746e-01 
  3.634390235e-01 
  3.841809332e-01 
  3.662951291e-01 
  3.725550175e-01 
  3.739519119e-01 
  3.630772531e-01 
  3.554390073e-01 
  3.215999007e-01 
  3.469464183e-01 
  3.443753719e-01 
  3.381706476e-01 
  3.277841806e-01 
  3.227757215e-01 
  3.273741901e-01 
  3.261435032e-01 
  3.111556172e-01 
  3.227119148e-01 
  3.183903098e-01 
  3.147473633e-01 
  3.089693189e-01 
  3.079366982e-01 
  3.061518669e-01 
  3.080804646e-01 
  3.081966937e-01 
  3.021022677e-01 
  2.928814292e-01 
  2.832271159e-01 
  2.830969095e-01 
  2.698436379e-01 
  2.597525120e-01 
  2.484722584e-01 
  2.336764634e-01 
  2.204235941e-01 
  2.128562629e-01 
  2.118087560e-01 
  2.025233656e-01 
  2.069026530e-01 
  2.093416154e-01 
  2.028404921e-01 
  1.976840198e-01 
  2.042602003e-01 
  2.009809166e-01 
  2.086151242e-01 
  2.248495370e-01 
  2.313778847e-01 
  2.243564129e-01 
  2.061161697e-01 
  1.820316166e-01 
  1.853890121e-01 
  2.067256570e-01 
  2.206972390e-01 
  2.235288769e-01 
  2.312775254e-01 
  2.288978547e-01 
  2.172473073e-01 
  2.208030373e-01 
  2.113720477e-01 
  2.039609402e-01 
  1.969698220e-01 
  2.000843436e-01 
  2.062408179e-01 
  2.088273913e-01 
  2.108548284e-01 
  2.093056142e-01 
  2.110896707e-01 
  2.115050852e-01 
  2.126607001e-01 
  2.123407722e-01 
  2.171733677e-01 
  2.182176858e-01 
  2.290704250e-01 
  2.322287112e-01 
  2.314192057e-01 
  2.290065140e-01 
  2.265788019e-01 
  2.365268171e-01 
  2.398865968e-01 
  2.349493951e-01 
  2.389342636e-01 
  2.326036394e-01 
  2.360012531e-01 
  2.370827347e-01 
  2.285353094e-01 
  2.343122810e-01 
  2.357731760e-01 
  2.335226685e-01 
  2.304481715e-01 
  2.298082709e-01 
  2.281258702e-01 
  2.235146016e-01 
  2.288167775e-01 
  2.225954980e-01 
  2.208591551e-01 
  2.226100266e-01 
  2.193404436e-01 
  2.175362408e-01 
  2.043119669e-01 
  2.135909498e-01 
  2.176080346e-01 
  2.150000930e-01 
  2.124401182e-01 
  2.102079242e-01 
  1.983465999e-01 
  2.104189545e-01 
  2.139332145e-01 
  2.134352028e-01 
  2.124971896e-01 
  2.111710906e-01 
  2.067800313e-01 
  2.061301619e-01 
  2.047652602e-01 
  1.970771700e-01 
  1.884169877e-01 
  2.000750154e-01 
  2.009268999e-01 
  2.005718797e-01 
  1.896637380e-01 
  1.923289299e-01 
  1.981786937e-01 
  1.973297447e-01 
  1.984259188e-01 
  1.946347952e-01 
  1.814301312e-01 
  1.927548498e-01 
  1.856136173e-01 
  1.910244673e-01 
  1.919766068e-01 
  1.903821379e-01 
  1.906962395e-01 
  1.906152219e-01 
  1.905266345e-01 
  1.895411760e-01 
  1.872658432e-01 
  1.879616231e-01 
  1.871411055e-01 
  1.855903864e-01 
  1.841877699e-01 
  1.856453717e-01 
  1.841556430e-01 
  1.843836457e-01 
  1.778426170e-01 
  1.831488311e-01 
  1.826018244e-01 
  1.816607565e-01 
  1.812150627e-01 
  1.786292642e-01 
  1.794878542e-01 
  1.786813736e-01 
  1.769905984e-01 
  1.775378138e-01 
  1.770641953e-01 
  1.764041334e-01 
  1.738243401e-01 
  1.724549234e-01 
  1.733648777e-01 
  1.717300564e-01 
  1.692161411e-01 
  1.670191288e-01 
  1.692517102e-01 
  1.673092246e-01 
  1.657739282e-01 
  1.664392501e-01 
  1.652113348e-01 
  1.639104038e-01 
  1.621018052e-01 
  1.609091312e-01 
  1.588752717e-01 
  1.584162563e-01 
  1.573579460e-01 
  1.562475860e-01 
  1.535733938e-01 
  1.528876722e-01 
  1.500371248e-01 
  1.490031928e-01 
  1.474206001e-01 
  1.421816051e-01 
  1.428078413e-01 
  1.397099942e-01 
  1.393683255e-01 
  1.392024606e-01 
  1.354643106e-01 
  1.329081059e-01 
  1.333897263e-01 
  1.365175098e-01 
  1.378855705e-01 
  1.378606111e-01 
  1.379947662e-01 
  1.375723481e-01 
  1.384196877e-01 
  1.385407001e-01 
  1.382770240e-01 
  1.377744675e-01 
  1.366691738e-01 
  1.358857602e-01 
  1.320378184e-01 
  1.172308475e-01 
  1.285500973e-01 
  1.335354745e-01 
  1.342715770e-01 
  1.336980313e-01 
  1.338325143e-01 
  1.315021366e-01 
  1.315800250e-01 
  1.281523257e-01 
  1.297077686e-01 
  1.303693503e-01 
  1.301509738e-01 
  1.272508055e-01 
  1.275021434e-01 
  1.264721900e-01 
  1.247240007e-01 
  1.232025251e-01 
  1.240385696e-01 
  1.230850667e-01 
  1.223857477e-01 
  1.200551093e-01 
  1.178831458e-01 
  1.171919480e-01 
  1.173629239e-01 
  1.169444397e-01 
  1.159728542e-01 
  1.148915142e-01 
  1.135519743e-01 
  1.126318499e-01 
  1.119629517e-01 
  1.102382243e-01 
  1.043960750e-01 
  1.067096889e-01 
  1.032489389e-01 
  1.060412005e-01 
  1.068078056e-01 
  1.038794219e-01 
  1.033789888e-01 
  1.004876643e-01 
  9.904853255e-02 
  9.972818941e-02 
  1.009263173e-01 
  1.013286859e-01 
  1.003538892e-01 
  9.839994460e-02 
  9.475666285e-02 
  9.185411036e-02 
  8.325133473e-02 
  8.247697353e-02 
  8.140740544e-02 
  7.973935455e-02 
  8.266230673e-02 
  8.401299268e-02 
  8.491027355e-02 
  8.416204154e-02 
  8.446521312e-02 
  8.490080386e-02 
  8.421165496e-02 
  8.399613202e-02 
  8.490220457e-02 
  8.453233540e-02 
  8.231517673e-02 
  7.925923914e-02 
  7.230363041e-02 
  6.707470864e-02 
  6.439484656e-02 
  6.022586673e-02 
  5.830858648e-02 
  5.406987667e-02 
  5.209203809e-02 
  4.979091510e-02 
  4.661056772e-02 
  4.484799877e-02 
  4.287638888e-02 
  4.120305181e-02 
  3.913934156e-02 
  3.832810000e-02 
  3.606828675e-02 
  3.413235769e-02 
  3.399554268e-02 
  3.353029490e-02 
  3.387868404e-02 
  3.462482616e-02 
  3.458113596e-02 
  3.492000327e-02 
  3.394375369e-02 
  3.366509452e-02 
  3.301453963e-02 
  3.427231312e-02 
  3.625031188e-02 
  3.916314244e-02 
  4.086147994e-02 
  4.200251400e-02 
  4.166497663e-02 
  4.064286500e-02 
  4.033716023e-02 
  3.856210783e-02 
  3.703837469e-02 
  3.438849747e-02 
  3.264228255e-02 
  3.113521822e-02 
  3.127214685e-02 
  3.248464689e-02 
  3.322025016e-02 
  3.494742885e-02 
  3.701753914e-02 
  3.866682947e-02 
  3.939722106e-02 
  3.876454756e-02 
  3.866948560e-02 
  3.692704812e-02 
  3.539361060e-02 
  3.385449946e-02 
  3.421423212e-02 
  3.575242311e-02 
  3.691104054e-02 
  3.694453835e-02 
  3.634127229e-02 
  3.505035117e-02 
  3.527994826e-02 
  3.680040687e-02 
  3.720365465e-02 
  3.656967729e-02 
  3.666017205e-02 
  3.616984934e-02 
  3.621342778e-02 
  3.707183525e-02 
  3.813717887e-02 
  3.945228830e-02 
  4.085209966e-02 
  3.918372840e-02 
  4.046357423e-02 
  4.064700752e-02 
  4.139940813e-02 
  4.191906378e-02 
  4.230231047e-02 
  4.228848219e-02 
  4.170601815e-02 
  4.176809639e-02 
  4.352341592e-02 
  4.299376905e-02 
  4.284488410e-02 
  4.270977154e-02 
  4.303963855e-02 
  4.123809934e-02 
  4.228762165e-02 
  4.348702356e-02 
  4.279149696e-02 
  4.157983139e-02 
  4.034053907e-02 
  4.039023817e-02 
  4.027051479e-02 
  3.909009323e-02 
  4.016680270e-02 
  4.035690427e-02 
  4.054264352e-02 
  4.111618549e-02 
  4.161385074e-02 
  3.925872967e-02 
  4.132879898e-02 
  4.005507752e-02 
  4.062842950e-02 
  4.098377749e-02 
  4.084352031e-02 
  4.169190675e-02 
  4.187956080e-02 
  4.217451066e-02 
  4.177498445e-02 
  4.087238386e-02 
  4.075686261e-02 
  4.097535089e-02 
  4.308464006e-02 
  4.461096972e-02 
  4.491430521e-02 
  4.570743814e-02 
  4.615930468e-02 
  4.681295529e-02 
  4.615722969e-02 
  4.464943334e-02 
  4.409528524e-02 
  4.266374186e-02 
  4.225668311e-02 
  4.188439995e-02 
  4.166677222e-02 
  3.982819989e-02 
  4.018543288e-02 
  3.853112832e-02 
  3.797346354e-02 
  3.733983263e-02 
  3.761862218e-02 
  3.903528303e-02 
  4.103967175e-02 
  4.115466028e-02 
  4.187772050e-02 
  4.182932526e-02 
  4.138701782e-02 
  4.023960233e-02 
  4.004282132e-02 
  4.044623673e-02 
  4.032087699e-02 
  4.135401919e-02 
  4.057600349e-02 
  4.081967846e-02 
  4.139422625e-02 
  4.112108797e-02 
  4.226401448e-02 
  3.691325709e-02 
  4.380505159e-02 
  4.513148963e-02 
  4.614942893e-02 
  4.508792609e-02 
  4.638414085e-02 
  4.614068940e-02 
  4.612812772e-02 
  4.538490251e-02 
  4.636412859e-02 
  4.734464362e-02 
  4.704744369e-02 
  4.816676676e-02 
  4.783722758e-02 
  4.709652439e-02 
  4.203752056e-02 
  4.381569102e-02 
  4.400776327e-02 
  4.449486360e-02 
  4.683069512e-02 
  4.619892314e-02 
  4.651035741e-02 
  4.719022661e-02 
  4.744683951e-02 
  4.654737934e-02 
  4.639137536e-02 
  4.563627392e-02 
  4.653532803e-02 
  4.602400213e-02 
  4.574793577e-02 
  4.670318216e-02 
  4.616980627e-02 
  4.669418558e-02 
  4.587814212e-02 
  4.549175128e-02 
  4.652849957e-02 
  4.600370675e-02 
  4.478200153e-02 
  4.593452811e-02 
  4.538965225e-02 
  4.564887285e-02 
  4.538373649e-02 
  4.241156578e-02 
  4.523966461e-02 
  4.487552494e-02 
  4.455816001e-02 
  4.378242418e-02 
  4.385500029e-02 
  4.432603717e-02 
  4.439277202e-02 
  4.310210422e-02 
  4.391775653e-02 
  4.222268611e-02 
  4.300650954e-02 
  4.314963892e-02 
  4.293178022e-02 
  4.338822886e-02 
  4.345733672e-02 
  4.339094833e-02 
  4.287475720e-02 
  4.150795937e-02 
  4.246116802e-02 
  4.211673513e-02 
  4.178831726e-02 
  4.239488393e-02 
  4.207766801e-02 
  4.042106494e-02 
  4.098683223e-02 
  4.009569064e-02 
  4.129959270e-02 
  4.087218642e-02 
  4.076943547e-02 
  3.996185213e-02 
  4.079008102e-02 
  4.067054018e-02 
  3.993553296e-02 
  3.900198266e-02 
  3.943325579e-02 
  3.858674690e-02 
  3.836332262e-02 
  3.730459139e-02 
  3.717458621e-02 
  3.601129353e-02 
  3.688182682e-02 
  3.674746677e-02 
  3.610290214e-02 
  3.616808355e-02 
  3.352858499e-02 
  3.592900559e-02 
  3.237639740e-02 
  3.536215052e-02 
  3.550654277e-02 
  3.620012105e-02 
  3.586897254e-02 
  3.513167799e-02 
  3.554883972e-02 
  3.521107882e-02 
  3.621555120e-02 
  3.567025810e-02 
  3.523499891e-02 
  3.463796899e-02 
  3.162296116e-02 
  3.398310021e-02 
  3.313992545e-02 
  3.479799256e-02 
  3.544230014e-02 
  3.503985703e-02 
  3.508049250e-02 
  3.277865052e-02 
  3.386344761e-02 
  3.418087959e-02 
  3.269968927e-02 
  3.296919167e-02 
  3.150208667e-02 
  3.217334300e-02 
  3.190280497e-02 
  3.231030330e-02 
  3.175286204e-02 
  3.158049658e-02 
  3.160721809e-02 
  3.186883405e-02 
  3.166712821e-02 
  2.964656986e-02 
  3.053366020e-02 
  3.086490370e-02 
  3.158699349e-02 
  3.119911812e-02 
  3.172316402e-02 
  2.973091602e-02 
  3.060291149e-02 
  3.147801384e-02 
  3.137488663e-02 
  3.057506494e-02 
  3.010033071e-02 
  3.078151681e-02 
  3.135728464e-02 
  3.151360527e-02 
  3.068864159e-02 
  3.095522150e-02 
  3.084259480e-02 
  3.099905513e-02 
  3.090247139e-02 
  2.996277064e-02 
  3.035637923e-02 
  3.025627881e-02 
  2.977896482e-02 
  2.897037193e-02 
  2.967400104e-02 
  2.947833762e-02 
  2.804028243e-02 
  2.776747942e-02 
  2.735597827e-02 
  2.741303295e-02 
  2.714789845e-02 
  2.704742178e-02 
  2.766757645e-02 
  2.716937847e-02 
  2.715064213e-02 
  2.740977518e-02 
  2.759749815e-02 
  2.740736119e-02 
  2.671422623e-02 
  2.732469700e-02 
  2.665532380e-02 
  2.713013627e-02 
  2.679531090e-02 
  2.703004703e-02 
  2.646309137e-02 
  2.693612128e-02 
  2.667562105e-02 
  2.678388171e-02 
  2.623689175e-02 
  2.647447772e-02 
  2.651258744e-02 
  2.624160610e-02 
  2.599255554e-02 
  2.579548769e-02 
  2.547185495e-02 
  2.530435659e-02 
  2.551385388e-02 
  2.502129599e-02 
  2.503870986e-02 
  2.553353645e-02 
  2.531049401e-02 
  2.405482344e-02 
  2.467986196e-02 
  2.472396009e-02 
  2.443539165e-02 
  2.398461103e-02 
  2.404741012e-02 
  2.412787452e-02 
  2.374105342e-02 
  2.287097834e-02 
  2.202633582e-02 
  2.260796539e-02 
  2.310988680e-02 
  2.348147333e-02 
  2.349316888e-02 
  2.315577492e-02 
  2.319545858e-02 
  2.315497026e-02 
  2.282209136e-02 
  2.275076509e-02 
  2.299048565e-02 
  2.297802083e-02 
  2.284223400e-02 
  2.275612578e-02 
  2.271072753e-02 
  2.252400108e-02 
  2.233238518e-02 
  2.241423912e-02 
  2.221749350e-02 
  2.188603953e-02 
  2.187124081e-02 
  2.174762264e-02 
  2.125655115e-02 
  2.159104310e-02 
  2.163787186e-02 
  2.132034861e-02 
  2.121938020e-02 
  2.058225870e-02 
  2.090926655e-02 
  2.108742483e-02 
  1.944003254e-02 
  2.074742131e-02 
  2.080404200e-02 
  2.075680345e-02 
  2.072201483e-02 
  2.056482993e-02 
  2.032352611e-02 
  2.016844600e-02 
  2.029451542e-02 
  1.979280263e-02 
  1.945737191e-02 
  1.974676549e-02 
  1.871862821e-02 
  1.895673759e-02 
  1.918120310e-02 
  1.933245547e-02 
  1.919460483e-02 
  1.873140596e-02 
  1.906804182e-02 
  1.906132512e-02 
  1.875248738e-02 
  1.850211620e-02 
  1.728400961e-02 
  1.758086123e-02 
  1.765526645e-02 
  1.676067896e-02 
  1.650055498e-02 
  1.727026887e-02 
  1.749915816e-02 
  1.752418280e-02 
  1.708060503e-02 
  1.757760718e-02 
  1.725247689e-02 
  1.745611615e-02 
  1.690843515e-02 
  1.699746400e-02 
  1.653613150e-02 
  1.711001061e-02 
  1.693371125e-02 
  1.685825922e-02 
  1.654796302e-02 
  1.663386449e-02 
  1.664505340e-02 
  1.661253534e-02 
  1.632548496e-02 
  1.646266878e-02 
  1.643689722e-02 
  1.627010293e-02 
  1.629972458e-02 
  1.615294814e-02 
  1.583391428e-02 
  1.540592127e-02 
  1.554579288e-02 
  1.521355286e-02 
  1.544382051e-02 
  1.533017587e-02 
  1.529110502e-02 
  1.503799111e-02 
  1.511565782e-02 
  1.484390721e-02 
  1.483625080e-02 
  1.480896771e-02 
  1.478219219e-02 
  1.445326861e-02 
  1.406887360e-02 
  1.400538720e-02 
  1.361376327e-02 
  1.338953059e-02 
  1.349372044e-02 
  1.339536626e-02 
  1.336109638e-02 
  1.315538026e-02 
  1.294226944e-02 
  1.292401180e-02 
  1.283429936e-02 
  1.291150972e-02 
  1.298631914e-02 
  1.291327924e-02 
  1.257153135e-02 
  1.244740468e-02 
  1.215419080e-02 
  1.195833553e-02 
  1.159825828e-02 
  1.120361406e-02 
  1.127091981e-02 
  1.090579294e-02 
  1.048643794e-02 
  1.050004084e-02 
  1.002513524e-02 
  9.950381704e-03 
  9.349293076e-03 
  9.041675366e-03 
  8.980060928e-03 
  9.075509384e-03 
  9.021755308e-03 
  8.771179244e-03 
  8.622839116e-03 
  8.509643376e-03 
  8.261888288e-03 
  7.906856947e-03 
  7.877164520e-03 
  7.574951742e-03 
  7.573482115e-03 
  7.341804449e-03 
  6.916286889e-03 
  6.805430166e-03 
  6.446792278e-03 
  5.999775603e-03 
  6.256449036e-03 
  6.332579069e-03 
  6.363256369e-03 
  6.263510324e-03 
  6.152022630e-03 
  6.296128500e-03 
  5.938883871e-03 
  5.955114495e-03 
  5.744828377e-03 
  5.678649060e-03 
  5.239944905e-03 
  5.166214425e-03 
  5.140050314e-03 
  5.004363600e-03 
  4.809583537e-03 
  4.782865755e-03 
  4.490735475e-03 
  4.487224389e-03 
  4.398574121e-03 
  4.243781790e-03 
  4.415698815e-03 
  4.438577686e-03 
  4.522256553e-03 
  4.565889016e-03 
  4.406562541e-03 
  4.641640931e-03 
  4.611256532e-03 
  4.559261259e-03 
  4.219169728e-03 
  4.333267920e-03 
  4.390222952e-03 
  4.414217081e-03 
  4.379205871e-03 
  4.341556225e-03 
  4.232887179e-03 
  4.295408260e-03 
  4.292607773e-03 
  4.136851989e-03 
  4.292936064e-03 
  4.352062009e-03 
  4.436695948e-03 
  4.372106865e-03 
  4.581124987e-03 
  4.533628002e-03 
  4.546941724e-03 
  4.487796221e-03 
  4.493553191e-03 
  4.204168450e-03 
  4.123539198e-03 
  3.809657879e-03 
  3.890146036e-03 
  3.595287912e-03 
  3.434423124e-03 
  3.397105029e-03 
  3.405039199e-03 
  3.390590427e-03 
  3.313607071e-03 
  3.072734224e-03 
  3.862402635e-03 
  4.168333951e-03 
  4.246246535e-03 
  4.271724727e-03 
  4.389794543e-03 
  4.464671947e-03 
  4.492201377e-03 
  4.502145573e-03 
  4.466031212e-03 
  4.307890777e-03 
  4.507882521e-03 
  4.435365088e-03 
  4.349493422e-03 
  4.176002927e-03 
  4.306708463e-03 
  4.164627288e-03 
  3.984250128e-03 
  4.134381656e-03 
  4.024207592e-03 
  3.851429792e-03 
  3.824319923e-03 
  3.742748173e-03 
  3.674432402e-03 
  3.622218268e-03 
  3.644000273e-03 
  3.580860561e-03 
  3.598941490e-03 
  3.557689022e-03 
  3.691807389e-03 
  3.697723383e-03 
  3.795814468e-03 
  3.715893021e-03 
  3.778527491e-03 
  3.774493234e-03 
  3.759552957e-03 
  3.640594892e-03 
  3.816831857e-03 
  3.901075572e-03 
  3.866343293e-03 
  4.007711541e-03 
  4.019404761e-03 
  4.108622670e-03 
  4.081847146e-03 
  4.048261326e-03 
  4.201310221e-03 
  4.273596685e-03 
  4.216818139e-03 
  4.290131852e-03 
  4.260653164e-03 
  4.274377599e-03 
  4.279104527e-03 
  4.226568621e-03 
  4.141560756e-03 
  4.296318162e-03 
  4.296521191e-03 
  4.419097677e-03 
  4.337485880e-03 
  4.501728807e-03 
  4.527357873e-03 
  4.578838591e-03 
  4.573720973e-03 
  4.653034266e-03 
  4.436135758e-03 
  4.584634211e-03 
  4.619078245e-03 
  4.654278979e-03 
  4.507928155e-03 
  4.303444177e-03 
  4.034701735e-03 
  4.298355896e-03 
  4.556714557e-03 
  4.602666013e-03 
  4.646230023e-03 
  4.481428768e-03 
  4.342219792e-03 
  4.338959232e-03 
  4.443375394e-03 
  4.365407396e-03 
  4.350724164e-03 
  4.263217095e-03 
  4.357943311e-03 
  4.369186237e-03 
  4.519585986e-03 
  4.476201721e-03 
  4.681962077e-03 
  4.579329863e-03 
  4.710634705e-03 
  4.706316628e-03 
  5.066489801e-03 
  4.932496231e-03 
  5.254383665e-03 
  5.259460304e-03 
  5.450054072e-03 
  5.486803129e-03 
  5.668365862e-03 
  5.611097906e-03 
  5.515976343e-03 
  5.655650049e-03 
  5.908422638e-03 
  5.899349693e-03 
  5.983692128e-03 
  5.667383317e-03 
  6.069117691e-03 
  5.866077263e-03 
  6.024862640e-03 
  6.065935362e-03 
  6.104894914e-03 
  6.025744136e-03 
  6.038319319e-03 
  5.905622616e-03 
  5.921911448e-03 
  6.070720498e-03 
  6.030819379e-03 
  6.001431029e-03 
  5.938777234e-03 
  5.843794439e-03 
  5.596558563e-03 
  5.630393978e-03 
  5.447532050e-03 
  5.435073283e-03 
  4.860006738e-03 
  4.758421332e-03 
  4.209719598e-03 
  4.203004297e-03 
  3.632665612e-03 
  3.631287022e-03 
  3.288188018e-03 
  3.279086435e-03 
  3.309004707e-03 
  3.216708312e-03 
  3.400945337e-03 
  3.391740611e-03 
  3.467404051e-03 
  3.466911381e-03 
  3.489903407e-03 
  3.478865372e-03 
  3.526360961e-03 
  3.484884277e-03 
  3.606460523e-03 
  3.593481379e-03 
  3.789669136e-03 
  3.791138064e-03 
  4.099227954e-03 
  4.060411360e-03 
  4.219686147e-03 
  4.359810613e-03 
  4.674869590e-03 
  4.669911694e-03 
  4.845394287e-03 
  4.879750311e-03 
  5.007922649e-03 
  5.015423987e-03 
  5.024887156e-03 
  4.956411663e-03 
  5.050566979e-03 
  5.124829710e-03 
  5.182792433e-03 
  5.168591626e-03 
  5.008812062e-03 
  5.116262008e-03 
  5.150125362e-03 
  4.864342045e-03 
  5.024200305e-03 
  5.055145361e-03 
  5.009054206e-03 
  4.952778108e-03 
  4.908099771e-03 
  4.897679202e-03 
  4.761789925e-03 
  4.749294836e-03 
  4.714375827e-03 
  4.512343556e-03 
  4.528217483e-03 
  4.296220839e-03 
  4.264141899e-03 
  4.109859467e-03 
  4.044140223e-03 
  4.040505271e-03 
  4.063311964e-03 
  4.094542004e-03 
  4.070864990e-03 
  4.125707783e-03 
  4.119168036e-03 
  4.118824378e-03 
  4.002030008e-03 
  4.112298135e-03 
  4.089114256e-03 
  3.837637138e-03 
  4.054786172e-03 
  4.051933065e-03 
  4.060088657e-03 
  4.017940722e-03 
  4.084360320e-03 
  3.939780407e-03 
  4.159865901e-03 
  4.104308784e-03 
  4.267196171e-03 
  4.252620973e-03 
  4.335402045e-03 
  4.322162364e-03 
  4.375489429e-03 
  4.366095643e-03 
  4.285219591e-03 
  4.364613444e-03 
  4.313827492e-03 
  4.365324974e-03 
  4.280893598e-03 
  4.304262809e-03 
  4.331847187e-03 
  4.358006641e-03 
  4.347589798e-03 
  4.367091693e-03 
  4.364922643e-03 
  4.367072601e-03 
  4.326165654e-03 
  4.153153859e-03 
  4.296173342e-03 
  4.328364506e-03 
  4.184127785e-03 
  4.301881418e-03 
  4.281598609e-03 
  4.267621320e-03 
  4.274149891e-03 
  4.277374130e-03 
  4.264782649e-03 
  4.285763018e-03 
  4.212392494e-03 
  4.269151483e-03 
  4.257488530e-03 
  4.264948890e-03 
  4.244131036e-03 
  4.231720231e-03 
  4.202081356e-03 
  4.095892422e-03 
  4.183373414e-03 
  4.163759761e-03 
  4.134807270e-03 
  4.139865749e-03 
  4.128505941e-03 
  4.092563875e-03 
  3.986827563e-03 
  4.071378149e-03 
  4.090581555e-03 
  3.985150252e-03 
  4.062721506e-03 
  4.020150751e-03 
  4.015271086e-03 
  3.945373464e-03 
  4.023045767e-03 
  4.035102203e-03 
  3.957436420e-03 
  4.031595774e-03 
  4.014981445e-03 
  3.992003389e-03 
  4.008556716e-03 
  3.993895836e-03 
  3.983222414e-03 
  3.963786177e-03 
  3.960865084e-03 
  3.809149377e-03 
  3.931569867e-03 
  3.923411015e-03 
  3.896479728e-03 
  3.884375561e-03 
  3.880746663e-03 
  3.850907320e-03 
  3.824519459e-03 
  3.797861980e-03 
  3.753044410e-03 
  3.687184304e-03 
  3.717715153e-03 
  3.712443169e-03 
  3.660802962e-03 
  3.649580525e-03 
  3.614142770e-03 
  3.598606912e-03 
  3.558617318e-03 
  3.560441546e-03 
  3.552422859e-03 
  3.548891051e-03 
  3.533298848e-03 
  3.521762090e-03 
  3.498983569e-03 
  3.481185529e-03 
  3.471296513e-03 
  3.418452106e-03 
  3.414760111e-03 
  3.360724775e-03 
  3.242809558e-03 
  2.907544142e-03 
  3.175089369e-03 
  3.269549925e-03 
  3.350275801e-03 
  3.340696683e-03 
  3.363617463e-03 
  3.344695317e-03 
  3.350578714e-03 
  3.331854707e-03 
  3.329793224e-03 
  3.303299425e-03 
  3.266753163e-03 
  3.284538863e-03 
  3.152966732e-03 
  3.274234012e-03 
  3.263072809e-03 
  3.227595473e-03 
  3.142295638e-03 
  3.212798154e-03 
  3.215053584e-03 
  3.212786978e-03 
  3.202675143e-03 
  3.116153646e-03 
  3.093161155e-03 
  3.124967217e-03 
  3.155843122e-03 
  3.141495399e-03 
  3.101794282e-03 
  3.088068916e-03 
  3.073286032e-03 
  3.033362329e-03 
  3.015958471e-03 
  2.991572954e-03 
  2.981866710e-03 
  2.965396270e-03 
  2.962190192e-03 
  2.952058567e-03 
  2.978633391e-03 
  2.973781666e-03 
  2.959908685e-03 
  2.880362328e-03 
  2.838531276e-03 
  2.976943506e-03 
  2.910142299e-03 
  2.998301759e-03 
  2.990230685e-03 
  2.975237090e-03 
  2.969775815e-03 
  2.952527022e-03 
  2.946871100e-03 
  2.916848520e-03 
  2.869413467e-03 
  2.899167361e-03 
  2.903194632e-03 
  2.888441086e-03 
  2.878262196e-03 
  2.861653920e-03 
  2.854559105e-03 
  2.842382062e-03 
  2.823014045e-03 
  2.769274870e-03 
  2.772179898e-03 
  2.765322104e-03 
  2.785161603e-03 
  2.750303596e-03 
  2.749555511e-03 
  2.744487952e-03 
  2.731770976e-03 
  2.721787663e-03 
  2.702474827e-03 
  2.686758526e-03 
  2.683195984e-03 
  2.647958230e-03 
  2.587744268e-03 
  2.615106758e-03 
  2.636193996e-03 
  2.625808585e-03 
  2.577607054e-03 
  2.592556877e-03 
  2.588912146e-03 
  2.578763058e-03 
  2.571848221e-03 
  2.497954061e-03 
  2.545429626e-03 
  2.520312322e-03 
  2.512875246e-03 
  2.512493869e-03 
  2.474204637e-03 
  2.408103552e-03 
  2.456844784e-03 
  2.433971735e-03 
  2.429602202e-03 
  2.424726728e-03 
  2.423158847e-03 
  2.401348436e-03 
  2.385357162e-03 
  2.385707339e-03 
  2.297032624e-03 
  2.377330558e-03 
  2.359092468e-03 
  2.325815847e-03 
  2.342269523e-03 
  2.339513041e-03 
  2.330018673e-03 
  2.319017425e-03 
  2.294637263e-03 
  2.311778953e-03 
  2.305161674e-03 
  2.294249367e-03 
  2.256234409e-03 
  2.279944252e-03 
  2.276349813e-03 
  2.270951634e-03 
  2.259938978e-03 
  2.249157522e-03 
  2.135272603e-03 
  2.200835617e-03 
  2.203513170e-03 
  2.195720794e-03 
  2.183964942e-03 
  2.177981194e-03 
  2.178546973e-03 
  2.167211613e-03 
  2.144231228e-03 
  2.140411409e-03 
  2.108426997e-03 
  2.115141833e-03 
  2.107285894e-03 
  1.992327860e-03 
  2.041539876e-03 
  2.029930241e-03 
  1.990783028e-03 
  2.031415002e-03 
  2.033618512e-03 
  2.024666406e-03 
  2.019610954e-03 
  2.038527746e-03 
  2.028947463e-03 
  2.018780913e-03 
  2.036880003e-03 
  2.035485348e-03 
  2.034767764e-03 
  2.030914649e-03 
  2.014476573e-03 
  2.001450630e-03 
  2.004246693e-03 
  1.991415862e-03 
  1.970085781e-03 
  1.955209766e-03 
  1.887485967e-03 
  1.911807572e-03 
  1.889946056e-03 
  1.918160124e-03 
  1.907170634e-03 
  1.880359370e-03 
  1.886852318e-03 
  1.882129931e-03 
  1.789456117e-03 
  1.835976844e-03 
  1.847779960e-03 
  1.824450097e-03 
  1.855897717e-03 
  1.865118043e-03 
  1.847259933e-03 
  1.840911689e-03 
  1.829484361e-03 
  1.814796939e-03 
  1.810425892e-03 
  1.778206788e-03 
  1.749941846e-03 
  1.759332721e-03 
  1.738133724e-03 
  1.726192073e-03 
  1.678644912e-03 
  1.703342074e-03 
  1.702480949e-03 
  1.685729832e-03 
  1.674904837e-03 
  1.667174045e-03 
  1.653459389e-03 
  1.654579421e-03 
  1.642185496e-03 
  1.637465088e-03 
  1.642499003e-03 
  1.629308332e-03 
  1.634358778e-03 
  1.606226317e-03 
  1.553453738e-03 
  1.591137843e-03 
  1.606547739e-03 
  1.618523267e-03 
  1.602698001e-03 
  1.600505318e-03 
  1.625761739e-03 
  1.624404336e-03 
  1.609761734e-03 
  1.592463581e-03 
  1.587530249e-03 
  1.589202671e-03 
  1.554900082e-03 
  1.555468189e-03 
  1.519570942e-03 
  1.509392285e-03 
  1.492419513e-03 
  1.463640248e-03 
  1.478113816e-03 
  1.476087957e-03 
  1.476132427e-03 
  1.401698566e-03 
  1.446064096e-03 
  1.473421347e-03 
  1.466205227e-03 
  1.459417865e-03 
  1.473488752e-03 
  1.466235030e-03 
  1.459197490e-03 
  1.460274332e-03 
  1.387882861e-03 
  1.384763047e-03 
  1.393132843e-03 
  1.400990877e-03 
  1.384228468e-03 
  1.418978325e-03 
  1.411492703e-03 
  1.426976640e-03 
  1.422114437e-03 
  1.416103332e-03 
  1.406134921e-03 
  1.422019326e-03 
  1.407100586e-03 
  1.406145748e-03 
  1.410363358e-03 
  1.398493652e-03 
  1.398426248e-03 
  1.383046154e-03 
  1.378013520e-03 
  1.382714254e-03 
  1.370311831e-03 
  1.350717968e-03 
  1.357364119e-03 
  1.335410285e-03 
  1.323376317e-03 
  1.323485048e-03 
  1.317032031e-03 
  1.297854003e-03 
  1.296912087e-03 
  1.293140580e-03 
  1.274960814e-03 
  1.228537294e-03 
  1.224300591e-03 
  1.181734377e-03 
  1.233011833e-03 
  1.241685706e-03 
  1.273674541e-03 
  1.257959870e-03 
  1.263639075e-03 
  1.277155941e-03 
  1.266074716e-03 
  1.267738873e-03 
  1.260864781e-03 
  1.274669776e-03 
  1.259084442e-03 
  1.256278367e-03 
  1.262668520e-03 
  1.253034687e-03 
  1.238033641e-03 
  1.243647304e-03 
  1.237930031e-03 
  1.198430778e-03 
  1.183338347e-03 
  1.214433461e-03 
  1.204387867e-03 
  1.173541415e-03 
  1.202059560e-03 
  1.181998523e-03 
  1.166344504e-03 
  1.171602285e-03 
  1.138622640e-03 
  1.131085795e-03 
  1.109853503e-03 
  1.076046261e-03 
  1.076739514e-03 
  1.064592740e-03 
  1.062861294e-03 
  1.068544341e-03 
  1.058972091e-03 
  1.056741225e-03 
  1.071446110e-03 
  1.095847227e-03 
  1.082784729e-03 
  1.079124282e-03 
  1.039419789e-03 
  1.091137063e-03 
  1.096873893e-03 
  1.088342513e-03 
  1.071613631e-03 
  1.072652871e-03 
  1.063072588e-03 
  1.050003688e-03 
  1.040053670e-03 
  1.030246960e-03 
  1.007547253e-03 
  1.005810685e-03 
  9.968301747e-04 
  9.194719605e-04 
  9.571419214e-04 
  9.517693543e-04 
  9.360209224e-04 
  9.178400505e-04 
  9.334866190e-04 
  8.887987351e-04 
  9.003400337e-04 
  8.945053560e-04 
  8.258481976e-04 
  8.364495006e-04 
  8.209400694e-04 
  7.956461050e-04 
  7.722427254e-04 
  8.070108015e-04 
  7.763264002e-04 
  7.703213487e-04 
  7.273929659e-04 
  7.587751606e-04 
  7.569428999e-04 
  7.595836651e-04 
  7.553910837e-04 
  7.571735769e-04 
  7.438996690e-04 
  7.589429733e-04 
  7.493366138e-04 
  7.433375577e-04 
  7.577022188e-04 
  7.512367447e-04 
  7.534647593e-04 
  7.437142776e-04 
