  6.823660731e-01 
  1.685207248e+00 
  1.733073711e+00 
  4.190993786e+00 
  4.595290661e+00 
  7.898530006e+00 
  8.381052017e+00 
  1.194136047e+01 
  1.483889771e+01 
  1.554450989e+01 
  1.668412590e+01 
  3.162115479e+01 
  2.635971642e+01 
  3.295757294e+01 
  3.340140915e+01 
  3.916905975e+01 
  3.026353073e+01 
  4.326199341e+01 
  4.155170822e+01 
  4.596199036e+01 
  4.426258087e+01 
  5.375217438e+01 
  4.691762161e+01 
  4.079453278e+01 
  5.057427597e+01 
  5.587554169e+01 
  7.622942352e+01 
  7.609797668e+01 
  6.263242340e+01 
  7.362832642e+01 
  7.630321503e+01 
  6.153213501e+01 
  6.724411774e+01 
  7.550218201e+01 
  6.280504227e+01 
  6.702564240e+01 
  5.000414276e+01 
  4.747313690e+01 
  5.749316406e+01 
  5.745832825e+01 
  6.411599731e+01 
  5.376013565e+01 
  5.595441437e+01 
  5.576834106e+01 
  5.003844452e+01 
  6.384931183e+01 
  7.028643799e+01 
  6.633821869e+01 
  6.197124863e+01 
  6.741483307e+01 
  6.837306213e+01 
  6.439952850e+01 
  6.546945953e+01 
  5.925251007e+01 
  6.785013580e+01 
  6.821115112e+01 
  6.397723007e+01 
  4.056628799e+01 
  4.372458649e+01 
  4.363497162e+01 
  6.420763397e+01 
  5.049786377e+01 
  5.495502472e+01 
  5.798718262e+01 
  5.741432571e+01 
  5.332757950e+01 
  7.260380554e+01 
  6.443977356e+01 
  6.027536011e+01 
  5.750555420e+01 
  6.559694672e+01 
  5.195994568e+01 
  5.424375916e+01 
  5.360504532e+01 
  4.116125107e+01 
  3.737590790e+01 
  5.299316025e+01 
  5.373112869e+01 
  6.884364319e+01 
  5.249437714e+01 
  4.869363403e+01 
  5.412876129e+01 
  4.004346848e+01 
  2.762193298e+01 
  3.007304573e+01 
  4.475664520e+01 
  3.435084534e+01 
  3.897655487e+01 
  3.815341568e+01 
  4.295241165e+01 
  5.144480896e+01 
  5.684795761e+01 
  4.989998245e+01 
  2.642273140e+01 
  2.887929916e+01 
  4.788057327e+01 
  4.867520905e+01 
  1.956645393e+01 
  5.406986618e+01 
  6.403441620e+01 
  6.213745117e+01 
  6.095827103e+01 
  6.376520157e+01 
  5.894900513e+01 
  6.252932358e+01 
  5.660439682e+01 
  5.545553207e+01 
  5.331859589e+01 
  5.702482605e+01 
  6.231563950e+01 
  5.143695831e+01 
  5.963676453e+01 
  6.101255035e+01 
  5.690911484e+01 
  5.515169907e+01 
  5.808399963e+01 
  5.700908661e+01 
  5.458642578e+01 
  5.273586655e+01 
  5.336112213e+01 
  4.460969162e+01 
  5.520512772e+01 
  5.225071335e+01 
  4.359098053e+01 
  4.736547852e+01 
  4.846264267e+01 
  4.602481842e+01 
  4.373947144e+01 
  4.376035309e+01 
  3.933747864e+01 
  3.101797867e+01 
  2.755808258e+01 
  4.902051163e+01 
  4.312322617e+01 
  4.050763702e+01 
  4.355812836e+01 
  4.773923111e+01 
  4.764299774e+01 
  4.218699265e+01 
  4.035527802e+01 
  4.471374130e+01 
  4.406190109e+01 
  4.588047791e+01 
  4.566637039e+01 
  4.486020660e+01 
  4.666007614e+01 
  4.107180786e+01 
  4.632297897e+01 
  4.657218170e+01 
  4.637081528e+01 
  4.685993195e+01 
  5.008657837e+01 
  4.605248642e+01 
  4.228341293e+01 
  4.459110641e+01 
  4.441720581e+01 
  4.500311661e+01 
  4.476905060e+01 
  4.351093292e+01 
  4.304160690e+01 
  4.221350861e+01 
  4.328068161e+01 
  4.212640762e+01 
  4.169376373e+01 
  4.139191437e+01 
  4.036054993e+01 
  4.120430756e+01 
  3.933614731e+01 
  4.120838547e+01 
  4.042127991e+01 
  3.945016098e+01 
  3.897080994e+01 
  3.903899384e+01 
  3.821513748e+01 
  3.812558746e+01 
  3.925933456e+01 
  3.766372299e+01 
  3.693679428e+01 
  3.836090851e+01 
  3.623703003e+01 
  3.656487656e+01 
  3.596516418e+01 
  3.634015274e+01 
  3.600676346e+01 
  3.427099228e+01 
  3.417556000e+01 
  2.743207932e+01 
  3.052581024e+01 
  3.281644440e+01 
  3.020484352e+01 
  3.404869461e+01 
  3.154938316e+01 
  3.002245331e+01 
  3.202013016e+01 
  3.063362503e+01 
  3.243111420e+01 
  3.128119850e+01 
  3.005290604e+01 
  2.906194878e+01 
  2.871518707e+01 
  2.831684113e+01 
  2.741959953e+01 
  2.698246384e+01 
  2.832152748e+01 
  2.610275269e+01 
  2.789056015e+01 
  2.957880592e+01 
  2.726435089e+01 
  2.590373230e+01 
  2.767401123e+01 
  2.656658745e+01 
  2.632896996e+01 
  2.737906837e+01 
  2.482775116e+01 
  2.408392715e+01 
  2.436243057e+01 
  2.535664368e+01 
  1.850782204e+01 
  2.270494652e+01 
  2.131535721e+01 
  2.325494957e+01 
  2.305756378e+01 
  2.375638199e+01 
  2.193162727e+01 
  2.358165359e+01 
  2.318408775e+01 
  2.189754677e+01 
  1.895853615e+01 
  2.256731033e+01 
  2.300276375e+01 
  2.154384041e+01 
  2.324406815e+01 
  2.198005104e+01 
  1.913669395e+01 
  2.062779617e+01 
  2.086235428e+01 
  2.194425011e+01 
  2.018235397e+01 
  2.094424438e+01 
  2.069553375e+01 
  2.007974052e+01 
  1.825555801e+01 
  2.019087791e+01 
  1.914971352e+01 
  2.002773094e+01 
  1.956365204e+01 
  1.896837234e+01 
  1.960906792e+01 
  1.804270172e+01 
  1.883101082e+01 
  1.826731682e+01 
  1.800793648e+01 
  1.863466072e+01 
  1.776252174e+01 
  1.819777107e+01 
  1.810512352e+01 
  1.746771812e+01 
  1.681643486e+01 
  1.731868362e+01 
  1.624218369e+01 
  1.618640900e+01 
  1.765113258e+01 
  1.607608032e+01 
  1.668872452e+01 
  1.632633972e+01 
  1.639183235e+01 
  1.499584866e+01 
  1.595942211e+01 
  1.578497219e+01 
  1.534319687e+01 
  1.530435371e+01 
  1.465226841e+01 
  1.536182785e+01 
  1.539889622e+01 
  1.519964695e+01 
  1.471575260e+01 
  1.434230900e+01 
  1.483430004e+01 
  1.430311203e+01 
  1.409911346e+01 
  1.449065113e+01 
  1.414099884e+01 
  1.426032829e+01 
  1.426393604e+01 
  1.412259865e+01 
  1.393373680e+01 
  1.324378300e+01 
  1.365872765e+01 
  1.342789173e+01 
  1.183295059e+01 
  1.227065277e+01 
  1.293605709e+01 
  1.260585308e+01 
  1.264028645e+01 
  1.266880608e+01 
  1.234760761e+01 
  1.255507946e+01 
  1.250485897e+01 
  1.216034985e+01 
  1.207735443e+01 
  1.199579620e+01 
  1.184486294e+01 
  1.163527298e+01 
  1.162777996e+01 
  1.191691017e+01 
  1.180759907e+01 
  1.159242058e+01 
  1.145015335e+01 
  1.133212566e+01 
  1.114108086e+01 
  1.088973236e+01 
  1.099303722e+01 
  1.077802181e+01 
  1.055026340e+01 
  1.010208988e+01 
  1.051602936e+01 
  9.932689667e+00 
  9.922803879e+00 
  1.032188988e+01 
  1.015920067e+01 
  1.024063587e+01 
  1.034724712e+01 
  9.735691071e+00 
  9.745699883e+00 
  9.690716743e+00 
  9.364711761e+00 
  9.348576546e+00 
  9.432656288e+00 
  9.170889854e+00 
  9.388327599e+00 
  9.015268326e+00 
  9.300251007e+00 
  8.618393898e+00 
  9.197645187e+00 
  8.873110771e+00 
  8.981765747e+00 
  8.613703728e+00 
  8.845367432e+00 
  8.931180954e+00 
  8.803905487e+00 
  8.477023125e+00 
  8.546953201e+00 
  8.393424034e+00 
  8.485552788e+00 
  8.336471558e+00 
  8.353442192e+00 
  7.986614704e+00 
  8.047541618e+00 
  7.987092495e+00 
  8.092289925e+00 
  7.450601578e+00 
  7.976153374e+00 
  7.775905132e+00 
  7.882200718e+00 
  7.731100082e+00 
  7.481209278e+00 
  6.312522411e+00 
  6.695885658e+00 
  7.413052559e+00 
  7.382335186e+00 
  7.396050453e+00 
  7.387518406e+00 
  7.449801922e+00 
  7.321778774e+00 
  7.162163734e+00 
  7.150268555e+00 
  7.193144321e+00 
  7.008058071e+00 
  7.005694866e+00 
  7.063721180e+00 
  6.937374115e+00 
  6.822866440e+00 
  6.760041714e+00 
  6.767865658e+00 
  6.740617275e+00 
  6.598170280e+00 
  6.682723522e+00 
  6.510827065e+00 
  6.579186440e+00 
  6.447603703e+00 
  6.359584332e+00 
  6.328262806e+00 
  6.277009010e+00 
  6.281161308e+00 
  6.130326748e+00 
  6.163484573e+00 
  5.847998619e+00 
  5.293433666e+00 
  5.401125908e+00 
  5.343567848e+00 
  5.411637306e+00 
  5.510016918e+00 
  5.517236710e+00 
  5.508525372e+00 
  5.507503510e+00 
  5.415533543e+00 
  5.467683792e+00 
  5.533735275e+00 
  5.380483150e+00 
  5.372815609e+00 
  5.290789604e+00 
  5.126715660e+00 
  5.083219051e+00 
  5.184744835e+00 
  5.172314167e+00 
  5.156263828e+00 
  5.076821804e+00 
  4.980037689e+00 
  5.104704380e+00 
  4.914153576e+00 
  4.977761269e+00 
  4.920029163e+00 
  4.841779232e+00 
  4.778769016e+00 
  4.826886654e+00 
  4.608855724e+00 
  4.678848267e+00 
  4.390999794e+00 
  4.264214993e+00 
  4.164067745e+00 
  4.130602360e+00 
  4.281709194e+00 
  4.390526295e+00 
  4.314254761e+00 
  4.206996441e+00 
  4.152373791e+00 
  4.116645336e+00 
  4.168478966e+00 
  4.058371067e+00 
  3.912292480e+00 
  4.027283669e+00 
  3.930708170e+00 
  4.048384666e+00 
  4.031266689e+00 
  4.126053333e+00 
  4.057890892e+00 
  3.938792944e+00 
  3.984450817e+00 
  3.973960400e+00 
  3.833383322e+00 
  3.869807243e+00 
  3.830442190e+00 
  3.751737118e+00 
  3.851731300e+00 
  3.872768164e+00 
  3.755764008e+00 
  3.790637970e+00 
  3.829243422e+00 
  3.740863085e+00 
  3.722450972e+00 
  3.646859169e+00 
  3.617956400e+00 
  3.655565977e+00 
  3.602093697e+00 
  3.639173985e+00 
  3.598967791e+00 
  3.509715557e+00 
  3.516374350e+00 
  3.488079786e+00 
  3.160087585e+00 
  1.741459131e+00 
  1.602271318e+00 
  2.342730045e+00 
  2.142714024e+00 
  2.261876583e+00 
  2.536135912e+00 
  2.684749126e+00 
  2.860285759e+00 
  3.071398735e+00 
  3.125141382e+00 
  3.134827852e+00 
  3.142188787e+00 
  3.118570089e+00 
  3.091621876e+00 
  3.110330582e+00 
  2.978668213e+00 
  3.085663080e+00 
  3.048328876e+00 
  3.016082764e+00 
  3.010030270e+00 
  2.957212448e+00 
  2.937378168e+00 
  2.957236052e+00 
  2.873062134e+00 
  2.873673677e+00 
  2.863345146e+00 
  2.794762373e+00 
  2.813519239e+00 
  2.752737045e+00 
  2.739894867e+00 
  2.696915627e+00 
  2.671893358e+00 
  2.618565559e+00 
  2.608399630e+00 
  2.580956697e+00 
  2.546008587e+00 
  2.556599140e+00 
  2.564959049e+00 
  2.565675735e+00 
  2.547683954e+00 
  2.460179806e+00 
  2.494188547e+00 
  2.475900412e+00 
  2.429316282e+00 
  2.442958355e+00 
  2.371905804e+00 
  2.428774357e+00 
  2.402319908e+00 
  2.372769117e+00 
  2.317491055e+00 
  2.291761637e+00 
  2.309141397e+00 
  2.279613733e+00 
  2.246505976e+00 
  2.216674566e+00 
  2.163416624e+00 
  2.110889196e+00 
  2.114285231e+00 
  2.092718363e+00 
  2.033513069e+00 
  2.009747505e+00 
  2.099048615e+00 
  2.005349636e+00 
  1.961295962e+00 
  2.032540560e+00 
  2.055955172e+00 
  2.052277327e+00 
  2.030824661e+00 
  1.993569493e+00 
  1.990861654e+00 
  1.958785653e+00 
  1.917085528e+00 
  1.947681069e+00 
  1.882942319e+00 
  1.907444835e+00 
  1.912824154e+00 
  1.922179222e+00 
  1.896645427e+00 
  1.899351358e+00 
  1.834077597e+00 
  1.875135779e+00 
  1.868057013e+00 
  1.849963903e+00 
  1.834341764e+00 
  1.797923088e+00 
  1.817685127e+00 
  1.825673103e+00 
  1.755813479e+00 
  1.797124505e+00 
  1.792037964e+00 
  1.541162491e+00 
  1.756092668e+00 
  1.681529760e+00 
  1.694493890e+00 
  1.355747581e+00 
  1.486026049e+00 
  1.679439783e+00 
  1.698817611e+00 
  1.664011121e+00 
  1.656578302e+00 
  1.634276628e+00 
  1.626392603e+00 
  1.613503337e+00 
  1.636624932e+00 
  1.625730991e+00 
  1.587996364e+00 
  1.325785518e+00 
  1.405197859e+00 
  1.516860962e+00 
  1.488614798e+00 
  1.542779565e+00 
  1.533434868e+00 
  1.520205021e+00 
  1.519170642e+00 
  1.478958964e+00 
  1.458559036e+00 
  1.463820815e+00 
  1.486078858e+00 
  1.453603745e+00 
  1.450212955e+00 
  1.435013175e+00 
  1.354052424e+00 
  1.422173858e+00 
  1.383415341e+00 
  1.388788462e+00 
  1.396331906e+00 
  1.343857765e+00 
  1.324472189e+00 
  1.357871056e+00 
  1.360875845e+00 
  1.349971056e+00 
  1.336127758e+00 
  1.322929621e+00 
  1.258242488e+00 
  1.289829850e+00 
  1.205961466e+00 
  1.228708982e+00 
  1.176467776e+00 
  1.164855480e+00 
  1.136335850e+00 
  1.105968237e+00 
  1.072094917e+00 
  1.048608780e+00 
  1.136909604e+00 
  1.172702789e+00 
  1.163390160e+00 
  1.112177253e+00 
  1.100569129e+00 
  1.050757647e+00 
  1.028844714e+00 
  1.038733363e+00 
  1.041185498e+00 
  1.033976436e+00 
  1.032800913e+00 
  1.031698704e+00 
  1.016834259e+00 
  1.026961327e+00 
  1.010761857e+00 
  1.006803751e+00 
  1.035622001e+00 
  1.037315011e+00 
  1.006643176e+00 
  9.929466844e-01 
  9.430034757e-01 
  9.685838819e-01 
  9.763454199e-01 
  9.370055795e-01 
  9.563748240e-01 
  9.416092634e-01 
  9.018505812e-01 
  8.672738075e-01 
  8.310260177e-01 
  7.778972387e-01 
  7.465168238e-01 
  7.068652511e-01 
  6.902759075e-01 
  6.937644482e-01 
  7.032608390e-01 
  7.254236937e-01 
  8.152357340e-01 
  8.200822473e-01 
  7.876757383e-01 
  7.292541265e-01 
  7.209548354e-01 
  6.951650381e-01 
  7.141341567e-01 
  7.216201425e-01 
  7.280620933e-01 
  7.374581695e-01 
  7.356400490e-01 
  7.297630310e-01 
  7.401354909e-01 
  7.180782557e-01 
  7.263190746e-01 
  7.301819921e-01 
  6.688213944e-01 
  7.080537081e-01 
  7.389876842e-01 
  7.460018992e-01 
  7.402511239e-01 
  7.286460996e-01 
  7.151190639e-01 
  7.181949019e-01 
  7.315568924e-01 
  7.227328420e-01 
  7.268863320e-01 
  7.039068937e-01 
  7.344536185e-01 
  7.454020977e-01 
  7.577477098e-01 
  7.572633028e-01 
  7.471454740e-01 
  7.461529374e-01 
  7.292742729e-01 
  7.072001100e-01 
  7.028820515e-01 
  7.145318389e-01 
  7.037028074e-01 
  7.172477841e-01 
  6.962574124e-01 
  7.142732739e-01 
  7.188627720e-01 
  7.117598057e-01 
  7.129166126e-01 
  7.115928531e-01 
  7.120497823e-01 
  7.082095146e-01 
  7.155047655e-01 
  7.042711377e-01 
  6.927819848e-01 
  6.963357329e-01 
  7.009921074e-01 
  6.922003627e-01 
  6.893243790e-01 
  6.917627454e-01 
  6.850687861e-01 
  6.821278334e-01 
  6.793403625e-01 
  6.732187867e-01 
  6.684917808e-01 
  6.607282758e-01 
  6.602419019e-01 
  6.542229652e-01 
  6.445403695e-01 
  6.379300952e-01 
  5.940191150e-01 
  6.228703856e-01 
  6.312286854e-01 
  6.294933558e-01 
  6.207522154e-01 
  6.216369271e-01 
  6.183442473e-01 
  6.170691848e-01 
  6.107357740e-01 
  6.125472784e-01 
  5.988935828e-01 
  6.006690860e-01 
  5.925760865e-01 
  5.974861383e-01 
  5.807010531e-01 
  5.774561763e-01 
  5.814570189e-01 
  5.696890354e-01 
  5.776010752e-01 
  5.719537735e-01 
  5.706167817e-01 
  5.696366429e-01 
  5.637137890e-01 
  5.630279183e-01 
  5.528126955e-01 
  5.566706061e-01 
  5.529709458e-01 
  5.490611196e-01 
  5.368918180e-01 
  5.405329466e-01 
  5.327140689e-01 
  5.374657512e-01 
  5.240622163e-01 
  5.271837115e-01 
  5.272552371e-01 
  5.189605355e-01 
  5.196514130e-01 
  5.191420317e-01 
  5.081827641e-01 
  5.111992359e-01 
  5.070069432e-01 
  4.903112054e-01 
  4.973344505e-01 
  5.002514124e-01 
  4.949884415e-01 
  4.900684059e-01 
  4.881735444e-01 
  4.839580953e-01 
  4.822670519e-01 
  4.754102826e-01 
  4.769898355e-01 
  4.738170803e-01 
  4.710378945e-01 
  4.640821517e-01 
  4.477355778e-01 
  4.621371329e-01 
  4.441938400e-01 
  4.546109736e-01 
  4.450485408e-01 
  4.489160478e-01 
  4.464287758e-01 
  4.310737550e-01 
  4.395058155e-01 
  4.358137846e-01 
  4.014281631e-01 
  4.238266647e-01 
  4.228247106e-01 
  4.223536849e-01 
  4.069367349e-01 
  4.197461605e-01 
  4.056721330e-01 
  4.127881527e-01 
  4.100535214e-01 
  4.093630612e-01 
  3.920153081e-01 
  4.011051953e-01 
  3.849331737e-01 
  3.888741732e-01 
  3.764916658e-01 
  3.888356984e-01 
  3.809540868e-01 
  3.848406971e-01 
  3.613958359e-01 
  3.820214272e-01 
  3.642327785e-01 
  3.704568446e-01 
  3.718466461e-01 
  3.610315323e-01 
  3.534322679e-01 
  3.197826147e-01 
  3.449861407e-01 
  3.424296975e-01 
  3.362591863e-01 
  3.259209991e-01 
  3.209302127e-01 
  3.255031705e-01 
  3.242810965e-01 
  3.093779087e-01 
  3.208690882e-01 
  3.165700734e-01 
  3.129427135e-01 
  3.071921766e-01 
  3.061667383e-01 
  3.043929338e-01 
  3.063143790e-01 
  3.064287007e-01 
  3.003665805e-01 
  2.911871374e-01 
  2.815717757e-01 
  2.814372778e-01 
  2.682440877e-01 
  2.582039535e-01 
  2.469753772e-01 
  2.322561890e-01 
  2.190773636e-01 
  2.115490139e-01 
  2.105063051e-01 
  2.012714744e-01 
  2.056269944e-01 
  2.080532610e-01 
  2.015909106e-01 
  1.964657456e-01 
  2.030020207e-01 
  1.997441500e-01 
  2.073381841e-01 
  2.234891504e-01 
  2.299830467e-01 
  2.229970694e-01 
  2.048570514e-01 
  1.809028089e-01 
  1.842405200e-01 
  2.054647356e-01 
  2.193626016e-01 
  2.221904248e-01 
  2.298984230e-01 
  2.275299430e-01 
  2.159440964e-01 
  2.194766253e-01 
  2.100971490e-01 
  2.027256489e-01 
  1.957696229e-01 
  1.988669336e-01 
  2.049919069e-01 
  2.075681388e-01 
  2.095857859e-01 
  2.080465406e-01 
  2.098239362e-01 
  2.102389485e-01 
  2.113907188e-01 
  2.110723853e-01 
  2.158823907e-01 
  2.169280052e-01 
  2.277359366e-01 
  2.308847457e-01 
  2.300872803e-01 
  2.276913822e-01 
  2.252835482e-01 
  2.351790667e-01 
  2.385243922e-01 
  2.336160988e-01 
  2.375791371e-01 
  2.312855572e-01 
  2.346646041e-01 
  2.357397527e-01 
  2.272413671e-01 
  2.329861820e-01 
  2.344400883e-01 
  2.322015613e-01 
  2.291437387e-01 
  2.285074890e-01 
  2.268365175e-01 
  2.222529650e-01 
  2.275243849e-01 
  2.213365436e-01 
  2.196100056e-01 
  2.213503122e-01 
  2.180976272e-01 
  2.163020074e-01 
  2.031529397e-01 
  2.123801410e-01 
  2.163766623e-01 
  2.137828469e-01 
  2.112351507e-01 
  2.090151310e-01 
  1.972224563e-01 
  2.092297524e-01 
  2.127251178e-01 
  2.122312784e-01 
  2.112982720e-01 
  2.099794447e-01 
  2.056118548e-01 
  2.049658149e-01 
  2.036079615e-01 
  1.959631592e-01 
  1.873511523e-01 
  1.989436746e-01 
  1.997905374e-01 
  1.994361579e-01 
  1.885883212e-01 
  1.912378818e-01 
  1.970566809e-01 
  1.962137818e-01 
  1.973043978e-01 
  1.935347617e-01 
  1.804045141e-01 
  1.916650534e-01 
  1.845643371e-01 
  1.899450123e-01 
  1.908928603e-01 
  1.893073469e-01 
  1.896199286e-01 
  1.895399243e-01 
  1.894519925e-01 
  1.884716302e-01 
  1.862085909e-01 
  1.869006306e-01 
  1.860850900e-01 
  1.845434159e-01 
  1.831487715e-01 
  1.845989376e-01 
  1.831177771e-01 
  1.833446324e-01 
  1.768407822e-01 
  1.821174026e-01 
  1.815736443e-01 
  1.806380451e-01 
  1.801948249e-01 
  1.776234061e-01 
  1.784770042e-01 
  1.776745170e-01 
  1.759931445e-01 
  1.765372306e-01 
  1.760661900e-01 
  1.754095852e-01 
  1.728441715e-01 
  1.714821160e-01 
  1.723864973e-01 
  1.707604378e-01 
  1.682604700e-01 
  1.660751849e-01 
  1.682947278e-01 
  1.663626730e-01 
  1.648355126e-01 
  1.654964685e-01 
  1.642749310e-01 
  1.629807651e-01 
  1.611816734e-01 
  1.599950641e-01 
  1.579720676e-01 
  1.575146168e-01 
  1.564613283e-01 
  1.553563029e-01 
  1.526961327e-01 
  1.520132869e-01 
  1.491775215e-01 
  1.481480002e-01 
  1.465729028e-01 
  1.413617432e-01 
  1.419832110e-01 
  1.389023960e-01 
  1.385622621e-01 
  1.383963674e-01 
  1.346787214e-01 
  1.321361065e-01 
  1.326143444e-01 
  1.357271671e-01 
  1.370889246e-01 
  1.370655745e-01 
  1.372002214e-01 
  1.367816478e-01 
  1.376251578e-01 
  1.377464831e-01 
  1.374853104e-01 
  1.369866580e-01 
  1.358885169e-01 
  1.351105273e-01 
  1.312853992e-01 
  1.165634841e-01 
  1.278189868e-01 
  1.327766627e-01 
  1.335091144e-01 
  1.329391599e-01 
  1.330731213e-01 
  1.307555586e-01 
  1.308331043e-01 
  1.274251044e-01 
  1.289721280e-01 
  1.296305209e-01 
  1.294136941e-01 
  1.265298277e-01 
  1.267794371e-01 
  1.257549077e-01 
  1.240163371e-01 
  1.225036904e-01 
  1.233351156e-01 
  1.223870814e-01 
  1.216916293e-01 
  1.193739548e-01 
  1.172133014e-01 
  1.165256426e-01 
  1.166955084e-01 
  1.162792742e-01 
  1.153129861e-01 
  1.142370626e-01 
  1.129040942e-01 
  1.119890660e-01 
  1.113239154e-01 
  1.096075773e-01 
  1.037969813e-01 
  1.060955375e-01 
  1.026554704e-01 
  1.054328904e-01 
  1.061950848e-01 
  1.032815799e-01 
  1.027808115e-01 
  9.990233183e-02 
  9.847018123e-02 
  9.914851189e-02 
  1.003424376e-01 
  1.007439047e-01 
  9.977395833e-02 
  9.782884270e-02 
  9.420132637e-02 
  9.131078422e-02 
  8.275265247e-02 
  8.198095113e-02 
  8.091659099e-02 
  7.925896347e-02 
  8.216539025e-02 
  8.350939304e-02 
  8.440241963e-02 
  8.365903050e-02 
  8.396046609e-02 
  8.439437300e-02 
  8.370961249e-02 
  8.349630237e-02 
  8.439626545e-02 
  8.402874321e-02 
  8.182131499e-02 
  7.878053933e-02 
  7.186143845e-02 
  6.666107476e-02 
  6.399617344e-02 
  5.985131487e-02 
  5.794567615e-02 
  5.373284221e-02 
  5.176737159e-02 
  4.948067293e-02 
  4.632031173e-02 
  4.456879571e-02 
  4.260959476e-02 
  4.094677791e-02 
  3.889594972e-02 
  3.808982670e-02 
  3.584429249e-02 
  3.392051533e-02 
  3.378455713e-02 
  3.332220390e-02 
  3.366836533e-02 
  3.440983966e-02 
  3.436637670e-02 
  3.470307589e-02 
  3.373298794e-02 
  3.345613182e-02 
  3.280960396e-02 
  3.405942023e-02 
  3.602490202e-02 
  3.891944140e-02 
  4.060697183e-02 
  4.174082354e-02 
  4.140535370e-02 
  4.038963467e-02 
  4.008588567e-02 
  3.832203150e-02 
  3.680800274e-02 
  3.417472541e-02 
  3.243959695e-02 
  3.094197437e-02 
  3.107805736e-02 
  3.228287771e-02 
  3.301374614e-02 
  3.473008797e-02 
  3.678707406e-02 
  3.842593729e-02 
  3.915174305e-02 
  3.852299601e-02 
  3.842856362e-02 
  3.669712320e-02 
  3.517340869e-02 
  3.364396095e-02 
  3.400142863e-02 
  3.552988172e-02 
  3.668114170e-02 
  3.671441972e-02 
  3.611495346e-02 
  3.483209759e-02 
  3.506026417e-02 
  3.657115251e-02 
  3.697185591e-02 
  3.634185717e-02 
  3.643180057e-02 
  3.594456613e-02 
  3.598790243e-02 
  3.684088588e-02 
  3.789955378e-02 
  3.920630366e-02 
  4.059738666e-02 
  3.893941641e-02 
  4.021137208e-02 
  4.039365426e-02 
  4.114151746e-02 
  4.165801406e-02 
  4.203900322e-02 
  4.202527925e-02 
  4.144654050e-02 
  4.150829092e-02 
  4.325311631e-02 
  4.272697493e-02 
  4.257919267e-02 
  4.244488850e-02 
  4.277260229e-02 
  4.098225757e-02 
  4.202547297e-02 
  4.321743175e-02 
  4.252603278e-02 
  4.132095724e-02 
  4.008778185e-02 
  4.013636336e-02 
  4.001745582e-02 
  3.884465992e-02 
  3.991509974e-02 
  4.010415450e-02 
  4.028875008e-02 
  4.085917771e-02 
  4.135406390e-02 
  3.901418298e-02 
  4.107183591e-02 
  3.980615735e-02 
  4.037596658e-02 
  4.072951153e-02 
  4.059036449e-02 
  4.143406078e-02 
  4.162112623e-02 
  4.191451520e-02 
  4.151738063e-02 
  4.062010348e-02 
  4.050559178e-02 
  4.072355852e-02 
  4.282121733e-02 
  4.433972016e-02 
  4.464216158e-02 
  4.543147981e-02 
  4.588076845e-02 
  4.653071612e-02 
  4.587828368e-02 
  4.437906668e-02 
  4.382796213e-02 
  4.240426794e-02 
  4.199968278e-02 
  4.162941873e-02 
  4.141252860e-02 
  3.958451748e-02 
  3.993909806e-02 
  3.829442710e-02 
  3.773941845e-02 
  3.710939363e-02 
  3.738720715e-02 
  3.879627585e-02 
  4.079005122e-02 
  4.090562090e-02 
  4.162436724e-02 
  4.157626629e-02 
  4.113629833e-02 
  3.999550641e-02 
  3.979940340e-02 
  4.020077735e-02 
  4.007677734e-02 
  4.110440612e-02 
  4.033128545e-02 
  4.057360068e-02 
  4.114460945e-02 
  4.087378457e-02 
  4.201117158e-02 
  3.669256344e-02 
  4.354524985e-02 
  4.486611858e-02 
  4.587951675e-02 
  4.482449219e-02 
  4.611404985e-02 
  4.587212205e-02 
  4.586061090e-02 
  4.512323439e-02 
  4.609692469e-02 
  4.707295820e-02 
  4.677838832e-02 
  4.789196700e-02 
  4.756416380e-02 
  4.682745785e-02 
  4.179716855e-02 
  4.356540740e-02 
  4.375695065e-02 
  4.424131289e-02 
  4.656432196e-02 
  4.593637958e-02 
  4.624631628e-02 
  4.692239687e-02 
  4.717775434e-02 
  4.628350213e-02 
  4.612845927e-02 
  4.537763074e-02 
  4.627171904e-02 
  4.576333612e-02 
  4.548893496e-02 
  4.643899202e-02 
  4.590885341e-02 
  4.643054679e-02 
  4.561923444e-02 
  4.523503408e-02 
  4.626595601e-02 
  4.574405402e-02 
  4.452918097e-02 
  4.567517713e-02 
  4.513340816e-02 
  4.539118707e-02 
  4.512755200e-02 
  4.217214882e-02 
  4.498422146e-02 
  4.462208599e-02 
  4.430647567e-02 
  4.353514686e-02 
  4.360738769e-02 
  4.407576099e-02 
  4.414221272e-02 
  4.285889119e-02 
  4.366998002e-02 
  4.198448732e-02 
  4.276393354e-02 
  4.290625453e-02 
  4.268970340e-02 
  4.314368591e-02 
  4.321252555e-02 
  4.314643145e-02 
  4.263322055e-02 
  4.127417877e-02 
  4.222201556e-02 
  4.187955707e-02 
  4.155300185e-02 
  4.215616733e-02 
  4.184070602e-02 
  4.019343108e-02 
  4.075604677e-02 
  3.986993805e-02 
  4.106707498e-02 
  4.064205289e-02 
  4.053986073e-02 
  3.973681480e-02 
  4.056035727e-02 
  4.044147581e-02 
  3.971054032e-02 
  3.878211603e-02 
  3.921090439e-02 
  3.836916760e-02 
  3.814663365e-02 
  3.709335253e-02 
  3.696347028e-02 
  3.580632433e-02 
  3.667190298e-02 
  3.653815016e-02 
  3.589737788e-02 
  3.596241772e-02 
  3.333805501e-02 
  3.572484106e-02 
  3.219247237e-02 
  3.516133875e-02 
  3.530506417e-02 
  3.599497303e-02 
  3.566569090e-02 
  3.493288532e-02 
  3.534797207e-02 
  3.501234949e-02 
  3.601133823e-02 
  3.546911851e-02 
  3.503644094e-02 
  3.444269300e-02 
  3.144473955e-02 
  3.379158303e-02 
  3.295315802e-02 
  3.460187465e-02 
  3.524251655e-02 
  3.484239802e-02 
  3.488263488e-02 
  3.259376809e-02 
  3.367218003e-02 
  3.398741037e-02 
  3.251414001e-02 
  3.278174996e-02 
  3.132298216e-02 
  3.199030086e-02 
  3.172138706e-02 
  3.212673590e-02 
  3.157246485e-02 
  3.140113875e-02 
  3.142767027e-02 
  3.168778121e-02 
  3.148721159e-02 
  2.947819792e-02 
  3.036043607e-02 
  3.069005720e-02 
  3.140829131e-02 
  3.102260828e-02 
  3.154387325e-02 
  2.956301346e-02 
  3.043020703e-02 
  3.130037338e-02 
  3.119793721e-02 
  3.040271439e-02 
  2.993061766e-02 
  3.060795926e-02 
  3.118052334e-02 
  3.133599088e-02 
  3.051570803e-02 
  3.078074940e-02 
  3.066877089e-02 
  3.082432784e-02 
  3.072827682e-02 
  2.979385667e-02 
  3.018524498e-02 
  3.008568287e-02 
  2.961103804e-02 
  2.880696207e-02 
  2.950662374e-02 
  2.931212075e-02 
  2.788209170e-02 
  2.761082537e-02 
  2.720155567e-02 
  2.725822292e-02 
  2.699455433e-02 
  2.689464390e-02 
  2.751129679e-02 
  2.701592818e-02 
  2.699730359e-02 
  2.725497074e-02 
  2.744163387e-02 
  2.725255676e-02 
  2.656334452e-02 
  2.717036381e-02 
  2.650479600e-02 
  2.697696537e-02 
  2.664408647e-02 
  2.687749639e-02 
  2.631379291e-02 
  2.678419463e-02 
  2.652516216e-02 
  2.663284726e-02 
  2.608895674e-02 
  2.632519230e-02 
  2.636308596e-02 
  2.609359287e-02 
  2.584590949e-02 
  2.564991266e-02 
  2.532810532e-02 
  2.516155690e-02 
  2.536994219e-02 
  2.488016151e-02 
  2.489742637e-02 
  2.538950369e-02 
  2.516772225e-02 
  2.391913161e-02 
  2.454064973e-02 
  2.458458580e-02 
  2.429764159e-02 
  2.384939790e-02 
  2.391184308e-02 
  2.399175614e-02 
  2.360711619e-02 
  2.274195477e-02 
  2.190208063e-02 
  2.248042822e-02 
  2.297950909e-02 
  2.334899642e-02 
  2.336061746e-02 
  2.302512713e-02 
  2.306466922e-02 
  2.302439883e-02 
  2.269339561e-02 
  2.262244932e-02 
  2.286081947e-02 
  2.284842171e-02 
  2.271340601e-02 
  2.262778208e-02 
  2.258263156e-02 
  2.239695750e-02 
  2.220642008e-02 
  2.228781767e-02 
  2.209217846e-02 
  2.176260203e-02 
  2.174789831e-02 
  2.162497677e-02 
  2.113666013e-02 
  2.146923728e-02 
  2.151580155e-02 
  2.120004408e-02 
  2.109962702e-02 
  2.046610415e-02 
  2.079126798e-02 
  2.096841857e-02 
  1.933032088e-02 
  2.063033171e-02 
  2.068661340e-02 
  2.063964866e-02 
  2.060505189e-02 
  2.044875920e-02 
  2.020882443e-02 
  2.005461603e-02 
  2.017994225e-02 
  1.968099736e-02 
  1.934745722e-02 
  1.963516325e-02 
  1.861278340e-02 
  1.884954050e-02 
  1.907276362e-02 
  1.922319643e-02 
  1.908611879e-02 
  1.862553135e-02 
  1.896028034e-02 
  1.895359717e-02 
  1.864644699e-02 
  1.839744858e-02 
  1.718622632e-02 
  1.748137735e-02 
  1.755528711e-02 
  1.666576043e-02 
  1.640708745e-02 
  1.717242226e-02 
  1.740000583e-02 
  1.742484979e-02 
  1.698377170e-02 
  1.747795194e-02 
  1.715462841e-02 
  1.735708304e-02 
  1.681250148e-02 
  1.690097339e-02 
  1.644229144e-02 
  1.701290533e-02 
  1.683763415e-02 
  1.676259190e-02 
  1.645405591e-02 
  1.653943956e-02 
  1.655052416e-02 
  1.651819237e-02 
  1.623269916e-02 
  1.636910997e-02 
  1.634348556e-02 
  1.617765613e-02 
  1.620711014e-02 
  1.606111787e-02 
  1.574378088e-02 
  1.531822141e-02 
  1.545719709e-02 
  1.512663532e-02 
  1.535558701e-02 
  1.524253841e-02 
  1.520370971e-02 
  1.495204214e-02 
  1.502923388e-02 
  1.475897152e-02 
  1.475135982e-02 
  1.472411305e-02 
  1.469745860e-02 
  1.437007450e-02 
  1.398758218e-02 
  1.392443106e-02 
  1.353479456e-02 
  1.331162918e-02 
  1.341521274e-02 
  1.331720967e-02 
  1.328301989e-02 
  1.307850517e-02 
  1.286637317e-02 
  1.284822449e-02 
  1.275905501e-02 
  1.283577178e-02 
  1.291014161e-02 
  1.283750776e-02 
  1.249724906e-02 
  1.237385720e-02 
  1.208193041e-02 
  1.188713498e-02 
  1.152875181e-02 
  1.113623288e-02 
  1.120313257e-02 
  1.083979756e-02 
  1.042277925e-02 
  1.043629926e-02 
  9.963809513e-03 
  9.889513254e-03 
  9.291836061e-03 
  8.985911496e-03 
  8.924677968e-03 
  9.019511752e-03 
  8.966031484e-03 
  8.716891520e-03 
  8.569439873e-03 
  8.456896991e-03 
  8.210559376e-03 
  7.857689634e-03 
  7.828181610e-03 
  7.527801208e-03 
  7.526340894e-03 
  7.296102121e-03 
  6.873217411e-03 
  6.763050798e-03 
  6.406653207e-03 
  5.962414201e-03 
  6.217497867e-03 
  6.293167360e-03 
  6.323653273e-03 
  6.224514917e-03 
  6.113721058e-03 
  6.256942637e-03 
  5.901935510e-03 
  5.918066017e-03 
  5.709105171e-03 
  5.643334705e-03 
  5.207392853e-03 
  5.134135950e-03 
  5.108134355e-03 
  4.973291885e-03 
  4.779721610e-03 
  4.753188230e-03 
  4.462898243e-03 
  4.459409043e-03 
  4.371317104e-03 
  4.217482172e-03 
  4.388328642e-03 
  4.411046859e-03 
  4.494207446e-03 
  4.537544213e-03 
  4.379206803e-03 
  4.612818360e-03 
  4.582621623e-03 
  4.530955572e-03 
  4.192986060e-03 
  4.306375980e-03 
  4.362980835e-03 
  4.386826418e-03 
  4.352034535e-03 
  4.314620979e-03 
  4.206626210e-03 
  4.268759396e-03 
  4.265976604e-03 
  4.111184739e-03 
  4.266299773e-03 
  4.325046204e-03 
  4.409140442e-03 
  4.344952293e-03 
  4.552659113e-03 
  4.505455960e-03 
  4.518683068e-03 
  4.459911492e-03 
  4.465633072e-03 
  4.178059753e-03 
  4.097931087e-03 
  3.786040237e-03 
  3.866029903e-03 
  3.573005786e-03 
  3.413137980e-03 
  3.376051318e-03 
  3.383929608e-03 
  3.369570244e-03 
  3.293049522e-03 
  3.053671448e-03 
  3.838392906e-03 
  4.142398480e-03 
  4.219826311e-03 
  4.245125689e-03 
  4.362460226e-03 
  4.436857067e-03 
  4.464216065e-03 
  4.474105313e-03 
  4.438214935e-03 
  4.281067755e-03 
  4.479825962e-03 
  4.407760222e-03 
  4.322439432e-03 
  4.150027875e-03 
  4.279927816e-03 
  4.138730466e-03 
  3.959483933e-03 
  4.108688328e-03 
  3.999198321e-03 
  3.827507840e-03 
  3.800566308e-03 
  3.719510976e-03 
  3.651619656e-03 
  3.599744756e-03 
  3.621391254e-03 
  3.558652243e-03 
  3.576608375e-03 
  3.535611788e-03 
  3.668885445e-03 
  3.674765117e-03 
  3.772241529e-03 
  3.692816477e-03 
  3.755061654e-03 
  3.751052544e-03 
  3.736203769e-03 
  3.617985174e-03 
  3.793123411e-03 
  3.876833245e-03 
  3.842317034e-03 
  3.982787486e-03 
  3.994407598e-03 
  4.083061125e-03 
  4.056451842e-03 
  4.023071378e-03 
  4.175168462e-03 
  4.246993456e-03 
  4.190570675e-03 
  4.263429437e-03 
  4.234131891e-03 
  4.247771110e-03 
  4.252470098e-03 
  4.200261086e-03 
  4.115774296e-03 
  4.269567784e-03 
  4.269765690e-03 
  4.391579423e-03 
  4.310464952e-03 
  4.473694135e-03 
  4.499157425e-03 
  4.550317302e-03 
  4.545205273e-03 
  4.624006804e-03 
  4.408461042e-03 
  4.555983935e-03 
  4.590213299e-03 
  4.625143018e-03 
  4.479708616e-03 
  4.276424181e-03 
  4.009369761e-03 
  4.271296784e-03 
  4.528027959e-03 
  4.573524930e-03 
  4.616836552e-03 
  4.452877212e-03 
  4.314555321e-03 
  4.311047960e-03 
  4.414814524e-03 
  4.337188788e-03 
  4.322600551e-03 
  4.235624336e-03 
  4.329872783e-03 
  4.341043532e-03 
  4.490695894e-03 
  4.447589163e-03 
  4.652253352e-03 
  4.550272133e-03 
  4.680965561e-03 
  4.676674958e-03 
  5.034859758e-03 
  4.901703447e-03 
  5.221875850e-03 
  5.226920359e-03 
  5.416766275e-03 
  5.453291349e-03 
  5.634129047e-03 
  5.577226169e-03 
  5.483010784e-03 
  5.621850956e-03 
  5.873427261e-03 
  5.864426494e-03 
  5.948557984e-03 
  5.634106696e-03 
  6.033692043e-03 
  5.831847899e-03 
  5.989911966e-03 
  6.030746270e-03 
  6.069571245e-03 
  5.990888458e-03 
  6.003443617e-03 
  5.871512461e-03 
  5.887739826e-03 
  6.035698578e-03 
  5.995987915e-03 
  5.966769066e-03 
  5.904377904e-03 
  5.809950642e-03 
  5.563896149e-03 
  5.597534124e-03 
  5.415117834e-03 
  5.402736366e-03 
  4.830155522e-03 
  4.729194101e-03 
  4.182887264e-03 
  4.176217131e-03 
  3.608730854e-03 
  3.607361112e-03 
  3.266111482e-03 
  3.257071599e-03 
  3.286742838e-03 
  3.195067169e-03 
  3.378247144e-03 
  3.369104350e-03 
  3.444417613e-03 
  3.443928203e-03 
  3.466841765e-03 
  3.455877304e-03 
  3.503158921e-03 
  3.461955581e-03 
  3.582912963e-03 
  3.570019035e-03 
  3.765284084e-03 
  3.766743233e-03 
  4.073342308e-03 
  4.034772050e-03 
  4.193572327e-03 
  4.332829732e-03 
  4.646518733e-03 
  4.641591571e-03 
  4.816551227e-03 
  4.850702826e-03 
  4.978503566e-03 
  4.985961597e-03 
  4.995636176e-03 
  4.927559290e-03 
  5.021327175e-03 
  5.095159169e-03 
  5.152883008e-03 
  5.138764624e-03 
  4.979957361e-03 
  5.086788442e-03 
  5.120463204e-03 
  4.836325999e-03 
  4.995243158e-03 
  5.026009399e-03 
  4.980125930e-03 
  4.924174398e-03 
  4.879629239e-03 
  4.869269673e-03 
  4.733934999e-03 
  4.721513018e-03 
  4.686798435e-03 
  4.485543352e-03 
  4.501323216e-03 
  4.270245321e-03 
  4.238359630e-03 
  4.084741697e-03 
  4.019424319e-03 
  4.015762359e-03 
  4.038429353e-03 
  4.069580231e-03 
  4.046047572e-03 
  4.100726452e-03 
  4.094225820e-03 
  4.093946889e-03 
  3.977857064e-03 
  4.087443464e-03 
  4.064399283e-03 
  3.814439522e-03 
  4.030276090e-03 
  4.027440213e-03 
  4.035599995e-03 
  3.993706312e-03 
  4.059843719e-03 
  3.916132264e-03 
  4.135193303e-03 
  4.079965875e-03 
  4.242177587e-03 
  4.227688070e-03 
  4.310196266e-03 
  4.297033418e-03 
  4.350194708e-03 
  4.340854939e-03 
  4.260446411e-03 
  4.339460749e-03 
  4.288967233e-03 
  4.340209533e-03 
  4.256263841e-03 
  4.279537592e-03 
  4.306962714e-03 
  4.333013669e-03 
  4.322656896e-03 
  4.342093598e-03 
  4.339936655e-03 
  4.342121072e-03 
  4.301448353e-03 
  4.129424226e-03 
  4.271660931e-03 
  4.303668160e-03 
  4.160279874e-03 
  4.277362488e-03 
  4.257211462e-03 
  4.243313801e-03 
  4.249822348e-03 
  4.253027961e-03 
  4.240524024e-03 
  4.261384718e-03 
  4.188431427e-03 
  4.244871903e-03 
  4.233274609e-03 
  4.240700044e-03 
  4.219999537e-03 
  4.207664169e-03 
  4.178193863e-03 
  4.072614014e-03 
  4.159597680e-03 
  4.140106030e-03 
  4.111317918e-03 
  4.116347060e-03 
  4.105059896e-03 
  4.069322255e-03 
  3.964194562e-03 
  4.048265051e-03 
  4.067373462e-03 
  3.962540068e-03 
  4.039688502e-03 
  3.997358959e-03 
  3.992507234e-03 
  3.923024051e-03 
  4.000256769e-03 
  4.012264311e-03 
  3.935037646e-03 
  4.008794203e-03 
  3.992273938e-03 
  3.969436046e-03 
  3.985895775e-03 
  3.971317783e-03 
  3.960711882e-03 
  3.941385541e-03 
  3.938485403e-03 
  3.787626745e-03 
  3.909356426e-03 
  3.901243443e-03 
  3.874464659e-03 
  3.862426151e-03 
  3.858817508e-03 
  3.829137655e-03 
  3.802899271e-03 
  3.776376136e-03 
  3.731812118e-03 
  3.666302422e-03 
  3.696659813e-03 
  3.691417864e-03 
  3.640047740e-03 
  3.628889099e-03 
  3.593636444e-03 
  3.578189295e-03 
  3.538423916e-03 
  3.540237900e-03 
  3.532264382e-03 
  3.528756555e-03 
  3.513252595e-03 
  3.501781961e-03 
  3.479132196e-03 
  3.461435903e-03 
  3.451602999e-03 
  3.399058478e-03 
  3.395390464e-03 
  3.341661766e-03 
  3.224418033e-03 
  2.891053911e-03 
  3.157088300e-03 
  3.251013113e-03 
  3.331281245e-03 
  3.321762197e-03 
  3.344553057e-03 
  3.325740108e-03 
  3.331590444e-03 
  3.312972374e-03 
  3.310922533e-03 
  3.284579143e-03 
  3.248238470e-03 
  3.265923588e-03 
  3.135093721e-03 
  3.255673451e-03 
  3.244575579e-03 
  3.209294286e-03 
  3.124478273e-03 
  3.194586141e-03 
  3.196828533e-03 
  3.194581484e-03 
  3.184526693e-03 
  3.098495770e-03 
  3.075635759e-03 
  3.107261611e-03 
  3.137950785e-03 
  3.123684321e-03 
  3.084179014e-03 
  3.070531646e-03 
  3.055832582e-03 
  3.016100498e-03 
  2.998795360e-03 
  2.974523464e-03 
  2.964872168e-03 
  2.948495792e-03 
  2.945316723e-03 
  2.935243072e-03 
  2.961697057e-03 
  2.956872806e-03 
  2.943078056e-03 
  2.864019712e-03 
  2.822426148e-03 
  2.960082376e-03 
  2.893659286e-03 
  2.981331898e-03 
  2.973306458e-03 
  2.958398079e-03 
  2.952967538e-03 
  2.935816301e-03 
  2.930188319e-03 
  2.900335705e-03 
  2.853169106e-03 
  2.882749541e-03 
  2.886753762e-03 
  2.872078912e-03 
  2.861957764e-03 
  2.845443785e-03 
  2.838384593e-03 
  2.826276468e-03 
  2.807011362e-03 
  2.753576962e-03 
  2.756465925e-03 
  2.749639098e-03 
  2.769366140e-03 
  2.734695561e-03 
  2.733951667e-03 
  2.728912747e-03 
  2.716260031e-03 
  2.706333762e-03 
  2.687122673e-03 
  2.671496011e-03 
  2.667953027e-03 
  2.632908989e-03 
  2.573037520e-03 
  2.600240288e-03 
  2.621207852e-03 
  2.610881347e-03 
  2.562948037e-03 
  2.577813342e-03 
  2.574181184e-03 
  2.564089606e-03 
  2.557213884e-03 
  2.483729506e-03 
  2.530934755e-03 
  2.505942946e-03 
  2.498548245e-03 
  2.498168731e-03 
  2.460076008e-03 
  2.394352574e-03 
  2.442800906e-03 
  2.420058474e-03 
  2.415713854e-03 
  2.410857938e-03 
  2.409298439e-03 
  2.387609798e-03 
  2.371709561e-03 
  2.372058108e-03 
  2.283894690e-03 
  2.363733714e-03 
  2.345599933e-03 
  2.312511206e-03 
  2.328870818e-03 
  2.326129004e-03 
  2.316688653e-03 
  2.305750269e-03 
  2.281513298e-03 
  2.298557200e-03 
  2.291976009e-03 
  2.281126333e-03 
  2.243328607e-03 
  2.266910160e-03 
  2.263336442e-03 
  2.257973887e-03 
  2.247023862e-03 
  2.236303873e-03 
  2.123066923e-03 
  2.188254846e-03 
  2.190917032e-03 
  2.183168428e-03 
  2.171479864e-03 
  2.165520797e-03 
  2.166083083e-03 
  2.154812450e-03 
  2.131946152e-03 
  2.128148219e-03 
  2.096332610e-03 
  2.103009028e-03 
  2.095198026e-03 
  1.980881440e-03 
  2.029810566e-03 
  2.018267522e-03 
  1.979343127e-03 
  2.019741805e-03 
  2.021936467e-03 
  2.013036050e-03 
  2.008009702e-03 
  2.026837319e-03 
  2.017311985e-03 
  2.007203409e-03 
  2.025226830e-03 
  2.023839857e-03 
  2.023137175e-03 
  2.019306179e-03 
  2.002961701e-03 
  1.990002347e-03 
  1.992782578e-03 
  1.980025088e-03 
  1.958787208e-03 
  1.943996409e-03 
  1.876621624e-03 
  1.900803065e-03 
  1.879067509e-03 
  1.907151658e-03 
  1.896225265e-03 
  1.869530533e-03 
  1.875998802e-03 
  1.871303539e-03 
  1.779187005e-03 
  1.825440675e-03 
  1.837176038e-03 
  1.813998562e-03 
  1.845266088e-03 
  1.854433445e-03 
  1.836670330e-03 
  1.830358640e-03 
  1.818996156e-03 
  1.804369502e-03 
  1.800023485e-03 
  1.767957932e-03 
  1.739855972e-03 
  1.749192132e-03 
  1.728075906e-03 
  1.716203406e-03 
  1.668931451e-03 
  1.693455386e-03 
  1.692599151e-03 
  1.675923006e-03 
  1.665160991e-03 
  1.657475252e-03 
  1.643827069e-03 
  1.644940465e-03 
  1.632618252e-03 
  1.627926948e-03 
  1.632931642e-03 
  1.619817689e-03 
  1.624859520e-03 
  1.596890390e-03 
  1.544452854e-03 
  1.581918448e-03 
  1.597238937e-03 
  1.609175815e-03 
  1.593442052e-03 
  1.591261011e-03 
  1.616381574e-03 
  1.615032088e-03 
  1.600473886e-03 
  1.583252219e-03 
  1.578347408e-03 
  1.580009004e-03 
  1.545860665e-03 
  1.546425512e-03 
  1.510672853e-03 
  1.500553801e-03 
  1.483680448e-03 
  1.455040649e-03 
  1.469429117e-03 
  1.467415132e-03 
  1.467476715e-03 
  1.393479295e-03 
  1.437583473e-03 
  1.464791596e-03 
  1.457617851e-03 
  1.450870186e-03 
  1.464887289e-03 
  1.457675942e-03 
  1.450676704e-03 
  1.451747376e-03 
  1.379778376e-03 
  1.376679982e-03 
  1.385000884e-03 
  1.392812934e-03 
  1.376161235e-03 
  1.410708530e-03 
  1.403266564e-03 
  1.418673666e-03 
  1.413839753e-03 
  1.407861593e-03 
  1.397966640e-03 
  1.413758844e-03 
  1.398926717e-03 
  1.397982356e-03 
  1.402175403e-03 
  1.390372170e-03 
  1.390303019e-03 
  1.375012216e-03 
  1.369997161e-03 
  1.374670421e-03 
  1.362340292e-03 
  1.342828968e-03 
  1.349436236e-03 
  1.327610458e-03 
  1.315618167e-03 
  1.315726084e-03 
  1.309310901e-03 
  1.290211687e-03 
  1.289275475e-03 
  1.285526087e-03 
  1.267433865e-03 
  1.221284387e-03 
  1.217070618e-03 
  1.174763311e-03 
  1.225738204e-03 
  1.234360854e-03 
  1.266206382e-03 
  1.250583911e-03 
  1.256225514e-03 
  1.269696979e-03 
  1.258680597e-03 
  1.260334859e-03 
  1.253518043e-03 
  1.267242595e-03 
  1.251744805e-03 
  1.248953049e-03 
  1.255305833e-03 
  1.245728228e-03 
  1.230795518e-03 
  1.236376353e-03 
  1.230688067e-03 
  1.191396965e-03 
  1.176393125e-03 
  1.207305817e-03 
  1.197319711e-03 
  1.166654169e-03 
  1.195002114e-03 
  1.175028039e-03 
  1.159466454e-03 
  1.164693269e-03 
  1.131862053e-03 
  1.124369795e-03 
  1.103230519e-03 
  1.069625025e-03 
  1.070314087e-03 
  1.058230526e-03 
  1.056509442e-03 
  1.062158612e-03 
  1.052649459e-03 
  1.050432096e-03 
  1.065049204e-03 
  1.089346013e-03 
  1.076361048e-03 
  1.072722254e-03 
  1.033247914e-03 
  1.084673568e-03 
  1.090376289e-03 
  1.081895665e-03 
  1.065244549e-03 
  1.066277619e-03 
  1.056749257e-03 
  1.043729600e-03 
  1.033839071e-03 
  1.024091034e-03 
  1.001496566e-03 
  9.997703601e-04 
  9.908380453e-04 
  9.139110916e-04 
  9.513532859e-04 
  9.460133151e-04 
  9.303489933e-04 
  9.122785414e-04 
  9.278248181e-04 
  8.833812317e-04 
  8.948522736e-04 
  8.890531608e-04 
  8.207918727e-04 
  8.313283324e-04 
  8.159096469e-04 
  7.907488034e-04 
  7.674896042e-04 
  8.020436508e-04 
  7.715335232e-04 
  7.655656082e-04 
  7.228993927e-04 
  7.540830411e-04 
  7.522620726e-04 
  7.548865397e-04 
  7.507217815e-04 
  7.524932153e-04 
  7.393014384e-04 
  7.542494568e-04 
  7.447024109e-04 
  7.387405494e-04 
  7.530207513e-04 
  7.465953240e-04 
  7.488095434e-04 
  7.391137769e-04 
