  6.649414897e-01 
  1.646187782e+00 
  1.695976973e+00 
  4.111318111e+00 
  4.512543201e+00 
  7.772322655e+00 
  8.255945206e+00 
  1.177873707e+01 
  1.464953232e+01 
  1.535693836e+01 
  1.650517082e+01 
  3.129703903e+01 
  2.610897064e+01 
  3.266346741e+01 
  3.311012268e+01 
  3.885655975e+01 
  3.002804565e+01 
  4.293986893e+01 
  4.125223923e+01 
  4.566203308e+01 
  4.394760132e+01 
  5.342380524e+01 
  4.660940933e+01 
  4.054449463e+01 
  5.028466797e+01 
  5.553314972e+01 
  7.579995728e+01 
  7.567584229e+01 
  6.226139450e+01 
  7.323223877e+01 
  7.589523315e+01 
  6.118858719e+01 
  6.688812256e+01 
  7.510562897e+01 
  6.246680069e+01 
  6.667721558e+01 
  4.974631882e+01 
  4.722396469e+01 
  5.719477844e+01 
  5.716363144e+01 
  6.378272629e+01 
  5.348380661e+01 
  5.566838455e+01 
  5.548270416e+01 
  4.978014374e+01 
  6.352320480e+01 
  6.992863464e+01 
  6.600085449e+01 
  6.165622711e+01 
  6.707270050e+01 
  6.802610779e+01 
  6.407279968e+01 
  6.513684845e+01 
  5.895198441e+01 
  6.750608063e+01 
  6.786515808e+01 
  6.365256119e+01 
  4.036017990e+01 
  4.350229645e+01 
  4.341300201e+01 
  6.388086700e+01 
  5.024123001e+01 
  5.467624283e+01 
  5.769333649e+01 
  5.712352371e+01 
  5.305749512e+01 
  7.223619080e+01 
  6.411348724e+01 
  5.997014236e+01 
  5.721433258e+01 
  6.526470947e+01 
  5.169674683e+01 
  5.396895218e+01 
  5.333342743e+01 
  4.095264435e+01 
  3.718642807e+01 
  5.272438431e+01 
  5.345840836e+01 
  6.849384308e+01 
  5.222739792e+01 
  4.844588470e+01 
  5.385346603e+01 
  3.983994293e+01 
  2.748158836e+01 
  2.992025757e+01 
  4.452922821e+01 
  3.417626190e+01 
  3.877840805e+01 
  3.795939636e+01 
  4.273391724e+01 
  5.118303299e+01 
  5.655858994e+01 
  4.964589691e+01 
  2.628814316e+01 
  2.873214722e+01 
  4.763650894e+01 
  4.842700958e+01 
  1.946664429e+01 
  5.379394913e+01 
  6.370751572e+01 
  6.182010651e+01 
  6.064681625e+01 
  6.343928146e+01 
  5.864757156e+01 
  6.220945358e+01 
  5.631471252e+01 
  5.517160797e+01 
  5.304549789e+01 
  5.673262405e+01 
  6.199618912e+01 
  5.117315674e+01 
  5.933076859e+01 
  6.069935989e+01 
  5.661685944e+01 
  5.486826324e+01 
  5.778539276e+01 
  5.671588898e+01 
  5.430557251e+01 
  5.246440506e+01 
  5.308630753e+01 
  4.437983704e+01 
  5.492054367e+01 
  5.198123550e+01 
  4.336606216e+01 
  4.712096405e+01 
  4.821234131e+01 
  4.578697968e+01 
  4.351332092e+01 
  4.353397369e+01 
  3.913386154e+01 
  3.085733604e+01 
  2.741527748e+01 
  4.876634216e+01 
  4.289950943e+01 
  4.029737091e+01 
  4.333190155e+01 
  4.749114227e+01 
  4.739526749e+01 
  4.196750259e+01 
  4.014519882e+01 
  4.448083496e+01 
  4.383224869e+01 
  4.564120102e+01 
  4.542806244e+01 
  4.462595367e+01 
  4.641626358e+01 
  4.085703659e+01 
  4.608061218e+01 
  4.632841873e+01 
  4.612802505e+01 
  4.661449814e+01 
  4.982412720e+01 
  4.581105804e+01 
  4.206162643e+01 
  4.435709000e+01 
  4.418395615e+01 
  4.476660156e+01 
  4.453358841e+01 
  4.328191757e+01 
  4.281488800e+01 
  4.199097443e+01 
  4.305234146e+01 
  4.190398788e+01 
  4.147346115e+01 
  4.117314911e+01 
  4.014718246e+01 
  4.098641586e+01 
  3.912806702e+01 
  4.099024963e+01 
  4.020711899e+01 
  3.924094009e+01 
  3.876390076e+01 
  3.883145523e+01 
  3.801166153e+01 
  3.792225266e+01 
  3.904951859e+01 
  3.746193314e+01 
  3.673846817e+01 
  3.815485001e+01 
  3.604247284e+01 
  3.636870193e+01 
  3.577229309e+01 
  3.614532471e+01 
  3.581372833e+01 
  3.408720398e+01 
  3.399219894e+01 
  2.728484726e+01 
  3.036192894e+01 
  3.264021683e+01 
  3.004258156e+01 
  3.386572647e+01 
  3.137973785e+01 
  2.986089706e+01 
  3.184770203e+01 
  3.046854019e+01 
  3.225621796e+01 
  3.111230087e+01 
  2.989044189e+01 
  2.890465546e+01 
  2.855957985e+01 
  2.816320801e+01 
  2.727065277e+01 
  2.683571053e+01 
  2.816730499e+01 
  2.596043777e+01 
  2.773831367e+01 
  2.941726112e+01 
  2.711537933e+01 
  2.576213074e+01 
  2.752266502e+01 
  2.642123032e+01 
  2.618483162e+01 
  2.722909164e+01 
  2.469167328e+01 
  2.395185280e+01 
  2.422874832e+01 
  2.521739769e+01 
  1.840608025e+01 
  2.258000565e+01 
  2.119794273e+01 
  2.312672424e+01 
  2.293029404e+01 
  2.362511063e+01 
  2.181029320e+01 
  2.345104027e+01 
  2.305552483e+01 
  2.177598381e+01 
  1.885315323e+01 
  2.244170380e+01 
  2.287456703e+01 
  2.142361832e+01 
  2.311419296e+01 
  2.185709381e+01 
  1.902956390e+01 
  2.051225281e+01 
  2.074543953e+01 
  2.182120895e+01 
  2.006912613e+01 
  2.082667160e+01 
  2.057928276e+01 
  1.996687317e+01 
  1.815287399e+01 
  2.007723045e+01 
  1.904185104e+01 
  1.991483307e+01 
  1.945327568e+01 
  1.886126137e+01 
  1.949824524e+01 
  1.794064331e+01 
  1.872440720e+01 
  1.816380501e+01 
  1.790579033e+01 
  1.852884865e+01 
  1.766155624e+01 
  1.809422493e+01 
  1.800199699e+01 
  1.736811638e+01 
  1.672043800e+01 
  1.721970749e+01 
  1.614925385e+01 
  1.609368896e+01 
  1.754989815e+01 
  1.598374367e+01 
  1.659274673e+01 
  1.623231888e+01 
  1.629728889e+01 
  1.490923691e+01 
  1.586705017e+01 
  1.569328690e+01 
  1.525374699e+01 
  1.521504402e+01 
  1.456677437e+01 
  1.527193165e+01 
  1.530861855e+01 
  1.511044884e+01 
  1.462928963e+01 
  1.425799465e+01 
  1.474712372e+01 
  1.421913910e+01 
  1.401643753e+01 
  1.440581226e+01 
  1.405839634e+01 
  1.417715740e+01 
  1.418082047e+01 
  1.404036045e+01 
  1.385264301e+01 
  1.316673088e+01 
  1.357916927e+01 
  1.334944820e+01 
  1.176345539e+01 
  1.219854736e+01 
  1.286028290e+01 
  1.253185558e+01 
  1.256636238e+01 
  1.259462070e+01 
  1.227507782e+01 
  1.248155880e+01 
  1.243148327e+01 
  1.208903885e+01 
  1.200650597e+01 
  1.192547035e+01 
  1.177539349e+01 
  1.156699753e+01 
  1.155957222e+01 
  1.184705925e+01 
  1.173842525e+01 
  1.152452374e+01 
  1.138310337e+01 
  1.126577854e+01 
  1.107586193e+01 
  1.082599545e+01 
  1.092871380e+01 
  1.071497250e+01 
  1.048855972e+01 
  1.004302025e+01 
  1.045455170e+01 
  9.874631882e+00 
  9.864811897e+00 
  1.026156616e+01 
  1.009982204e+01 
  1.018077374e+01 
  1.028674984e+01 
  9.678754807e+00 
  9.688682556e+00 
  9.634001732e+00 
  9.309883118e+00 
  9.293795586e+00 
  9.377224922e+00 
  9.116579056e+00 
  9.332982063e+00 
  8.962180138e+00 
  9.245578766e+00 
  8.567730904e+00 
  9.143671036e+00 
  8.821146011e+00 
  8.929222107e+00 
  8.563391685e+00 
  8.793770790e+00 
  8.879187584e+00 
  8.752705574e+00 
  8.427791595e+00 
  8.497358322e+00 
  8.344767570e+00 
  8.436340332e+00 
  8.288151741e+00 
  8.304985046e+00 
  7.940196514e+00 
  8.000695229e+00 
  7.940518379e+00 
  8.045199394e+00 
  7.407413006e+00 
  7.929926395e+00 
  7.730704308e+00 
  7.836560726e+00 
  7.686323643e+00 
  7.437828541e+00 
  6.275942802e+00 
  6.657119751e+00 
  7.370200157e+00 
  7.339660645e+00 
  7.353329182e+00 
  7.344918251e+00 
  7.406886101e+00 
  7.279596329e+00 
  7.120921612e+00 
  7.109108925e+00 
  7.151760101e+00 
  6.967757225e+00 
  6.965432644e+00 
  7.023139954e+00 
  6.897529602e+00 
  6.783692360e+00 
  6.721237659e+00 
  6.729027271e+00 
  6.701944351e+00 
  6.560323715e+00 
  6.644400597e+00 
  6.473495960e+00 
  6.541468620e+00 
  6.410642624e+00 
  6.323118210e+00 
  6.291965485e+00 
  6.241008282e+00 
  6.245131969e+00 
  6.095149040e+00 
  6.128135204e+00 
  5.814395428e+00 
  5.262006283e+00 
  5.369403362e+00 
  5.312092304e+00 
  5.379930019e+00 
  5.477953911e+00 
  5.485267162e+00 
  5.476583004e+00 
  5.475517273e+00 
  5.384155273e+00 
  5.436047077e+00 
  5.501899719e+00 
  5.349490166e+00 
  5.341712475e+00 
  5.260184765e+00 
  5.097027302e+00 
  5.053804874e+00 
  5.154865265e+00 
  5.142511845e+00 
  5.126502037e+00 
  5.047525883e+00 
  4.951315880e+00 
  5.075282097e+00 
  4.885867119e+00 
  4.949063301e+00 
  4.891705036e+00 
  4.813941002e+00 
  4.751259804e+00 
  4.799086571e+00 
  4.582263947e+00 
  4.651800632e+00 
  4.365354538e+00 
  4.239141464e+00 
  4.139516830e+00 
  4.106151104e+00 
  4.256766796e+00 
  4.365081310e+00 
  4.289179802e+00 
  4.182339191e+00 
  4.128065586e+00 
  4.092535019e+00 
  4.144093037e+00 
  4.034596920e+00 
  3.889447451e+00 
  4.003755093e+00 
  3.907728195e+00 
  4.024840832e+00 
  4.007940769e+00 
  4.102239132e+00 
  4.034448624e+00 
  3.915998697e+00 
  3.961417913e+00 
  3.951024771e+00 
  3.811273098e+00 
  3.847523928e+00 
  3.808407068e+00 
  3.730162382e+00 
  3.829584837e+00 
  3.850513458e+00 
  3.734191418e+00 
  3.768873215e+00 
  3.807256937e+00 
  3.719393253e+00 
  3.701091051e+00 
  3.625924349e+00 
  3.597186327e+00 
  3.634591103e+00 
  3.581428051e+00 
  3.618296385e+00 
  3.578320265e+00 
  3.489579439e+00 
  3.496197939e+00 
  3.468036890e+00 
  3.141635418e+00 
  1.729300141e+00 
  1.590881705e+00 
  2.327647686e+00 
  2.128460884e+00 
  2.247054577e+00 
  2.520226240e+00 
  2.668744802e+00 
  2.843507767e+00 
  3.053550005e+00 
  3.107090950e+00 
  3.116809845e+00 
  3.124148846e+00 
  3.100672245e+00 
  3.073882580e+00 
  3.092490911e+00 
  2.961588621e+00 
  3.067972422e+00 
  3.030850172e+00 
  2.998785496e+00 
  2.992763519e+00 
  2.940244913e+00 
  2.920526505e+00 
  2.940266132e+00 
  2.856571674e+00 
  2.857172728e+00 
  2.846886873e+00 
  2.778680563e+00 
  2.797317743e+00 
  2.736872435e+00 
  2.724068403e+00 
  2.681332588e+00 
  2.656458855e+00 
  2.603442907e+00 
  2.593346596e+00 
  2.566090584e+00 
  2.531323195e+00 
  2.541807890e+00 
  2.550129414e+00 
  2.550867319e+00 
  2.532971144e+00 
  2.445951700e+00 
  2.479764462e+00 
  2.461578846e+00 
  2.415265083e+00 
  2.428835392e+00 
  2.358208895e+00 
  2.414758444e+00 
  2.388455629e+00 
  2.359067440e+00 
  2.304099798e+00 
  2.278509617e+00 
  2.295772314e+00 
  2.266394854e+00 
  2.233454943e+00 
  2.203765869e+00 
  2.150780678e+00 
  2.098515272e+00 
  2.101891518e+00 
  2.080453634e+00 
  2.021608591e+00 
  1.998026133e+00 
  2.086857319e+00 
  1.993663549e+00 
  1.949759603e+00 
  2.020677567e+00 
  2.044013023e+00 
  2.040346861e+00 
  2.019010305e+00 
  1.981933713e+00 
  1.979253769e+00 
  1.947378635e+00 
  1.905924201e+00 
  1.936343193e+00 
  1.871988773e+00 
  1.896358013e+00 
  1.901725650e+00 
  1.911019325e+00 
  1.885632396e+00 
  1.888331532e+00 
  1.823441386e+00 
  1.864262700e+00 
  1.857217550e+00 
  1.839234114e+00 
  1.823715925e+00 
  1.787514210e+00 
  1.807164073e+00 
  1.815099955e+00 
  1.745648384e+00 
  1.786720395e+00 
  1.781663179e+00 
  1.532236457e+00 
  1.745917320e+00 
  1.671785831e+00 
  1.684679627e+00 
  1.347894430e+00 
  1.477419972e+00 
  1.669713259e+00 
  1.688981295e+00 
  1.654376507e+00 
  1.646992087e+00 
  1.624821305e+00 
  1.616982341e+00 
  1.604169011e+00 
  1.627156019e+00 
  1.616325855e+00 
  1.578809857e+00 
  1.318115354e+00 
  1.397067070e+00 
  1.508082986e+00 
  1.479999781e+00 
  1.533849835e+00 
  1.524558544e+00 
  1.511405349e+00 
  1.510374904e+00 
  1.470394254e+00 
  1.450111389e+00 
  1.455340266e+00 
  1.477468014e+00 
  1.445177436e+00 
  1.441805124e+00 
  1.426690936e+00 
  1.346197486e+00 
  1.413921475e+00 
  1.375388384e+00 
  1.380730152e+00 
  1.388225436e+00 
  1.336051106e+00 
  1.316780090e+00 
  1.349983931e+00 
  1.352972031e+00 
  1.342128038e+00 
  1.328366041e+00 
  1.315235853e+00 
  1.250904799e+00 
  1.282297134e+00 
  1.198891521e+00 
  1.221479058e+00 
  1.169516683e+00 
  1.157958746e+00 
  1.129568100e+00 
  1.099386334e+00 
  1.065703750e+00 
  1.042360067e+00 
  1.130197883e+00 
  1.165812850e+00 
  1.156554341e+00 
  1.105622530e+00 
  1.094045043e+00 
  1.044500947e+00 
  1.022719145e+00 
  1.032552719e+00 
  1.035007715e+00 
  1.027832866e+00 
  1.026622415e+00 
  1.025548458e+00 
  1.010787964e+00 
  1.020858884e+00 
  1.004763484e+00 
  1.000838161e+00 
  1.029515624e+00 
  1.031219840e+00 
  1.000724196e+00 
  9.871076941e-01 
  9.374524951e-01 
  9.628687501e-01 
  9.705822468e-01 
  9.314717054e-01 
  9.507079720e-01 
  9.359998107e-01 
  8.964289427e-01 
  8.619915247e-01 
  8.258975744e-01 
  7.730302811e-01 
  7.418086529e-01 
  7.023731470e-01 
  6.858851314e-01 
  6.893637180e-01 
  6.987971067e-01 
  7.208590508e-01 
  8.102545738e-01 
  8.151007891e-01 
  7.828676105e-01 
  7.247511148e-01 
  7.164387107e-01 
  6.908062100e-01 
  7.096759677e-01 
  7.171168327e-01 
  7.235397100e-01 
  7.328907847e-01 
  7.310827374e-01 
  7.252456546e-01 
  7.355876565e-01 
  7.136321068e-01 
  7.218461633e-01 
  7.257148027e-01 
  6.647083759e-01 
  7.036956549e-01 
  7.345176339e-01 
  7.415006161e-01 
  7.357715368e-01 
  7.242332101e-01 
  7.107816935e-01 
  7.138452530e-01 
  7.271693945e-01 
  7.184039950e-01 
  7.225293517e-01 
  6.996901035e-01 
  7.300794721e-01 
  7.409971356e-01 
  7.532839179e-01 
  7.528032660e-01 
  7.427447438e-01 
  7.417539358e-01 
  7.249658108e-01 
  7.030112743e-01 
  6.987113953e-01 
  7.103008628e-01 
  6.995494366e-01 
  7.130135894e-01 
  6.921507716e-01 
  7.100735307e-01 
  7.146390080e-01 
  7.075752020e-01 
  7.087317705e-01 
  7.074223757e-01 
  7.078804374e-01 
  7.040674090e-01 
  7.113221884e-01 
  7.001546621e-01 
  6.887328625e-01 
  6.922662854e-01 
  6.968972087e-01 
  6.881572604e-01 
  6.852945089e-01 
  6.877208352e-01 
  6.810677052e-01 
  6.781437397e-01 
  6.753712893e-01 
  6.692844033e-01 
  6.645842195e-01 
  6.568663716e-01 
  6.563833952e-01 
  6.503967643e-01 
  6.407712102e-01 
  6.342009306e-01 
  5.905472040e-01 
  6.192297339e-01 
  6.275385022e-01 
  6.258109808e-01 
  6.171181202e-01 
  6.179986596e-01 
  6.147279143e-01 
  6.134612560e-01 
  6.071627736e-01 
  6.089642048e-01 
  5.953902602e-01 
  5.971550941e-01 
  5.891097784e-01 
  5.939906240e-01 
  5.773017406e-01 
  5.740762949e-01 
  5.780547857e-01 
  5.663561821e-01 
  5.742207170e-01 
  5.686056018e-01 
  5.672752857e-01 
  5.663020015e-01 
  5.604130030e-01 
  5.597313046e-01 
  5.495764017e-01 
  5.534124970e-01 
  5.497347116e-01 
  5.458478928e-01 
  5.337498188e-01 
  5.373694897e-01 
  5.295962691e-01 
  5.343195200e-01 
  5.209940672e-01 
  5.240973234e-01 
  5.241677761e-01 
  5.159210563e-01 
  5.166074038e-01 
  5.161006451e-01 
  5.052053332e-01 
  5.082036257e-01 
  5.040348768e-01 
  4.874362350e-01 
  4.944173396e-01 
  4.973158240e-01 
  4.920822978e-01 
  4.871901572e-01 
  4.853055477e-01 
  4.811138511e-01 
  4.794320166e-01 
  4.726143479e-01 
  4.741832912e-01 
  4.710279107e-01 
  4.682632387e-01 
  4.613464773e-01 
  4.450955987e-01 
  4.594117403e-01 
  4.415738881e-01 
  4.519279897e-01 
  4.424210191e-01 
  4.462645352e-01 
  4.437914491e-01 
  4.285270572e-01 
  4.369087517e-01 
  4.332403541e-01 
  3.990582824e-01 
  4.213255346e-01 
  4.203298092e-01 
  4.198617041e-01 
  4.045363069e-01 
  4.172709882e-01 
  4.032814205e-01 
  4.103556275e-01 
  4.076369703e-01 
  4.069502652e-01 
  3.897052109e-01 
  3.987397254e-01 
  3.826633096e-01 
  3.865822554e-01 
  3.742719591e-01 
  3.865422308e-01 
  3.787044287e-01 
  3.825689554e-01 
  3.592656255e-01 
  3.797700107e-01 
  3.620825708e-01 
  3.682692647e-01 
  3.696516454e-01 
  3.588985801e-01 
  3.513399065e-01 
  3.178877234e-01 
  3.429422677e-01 
  3.404010832e-01 
  3.342661560e-01 
  3.239782751e-01 
  3.190057576e-01 
  3.235521615e-01 
  3.223390877e-01 
  3.075242639e-01 
  3.189475238e-01 
  3.146719933e-01 
  3.110608459e-01 
  3.053390086e-01 
  3.043210208e-01 
  3.025586307e-01 
  3.044727743e-01 
  3.045851886e-01 
  2.985566556e-01 
  2.894202471e-01 
  2.798454762e-01 
  2.797065079e-01 
  2.665759027e-01 
  2.565889657e-01 
  2.454142123e-01 
  2.307749093e-01 
  2.176732868e-01 
  2.101855874e-01 
  2.091478705e-01 
  1.999657750e-01 
  2.042964995e-01 
  2.067095190e-01 
  2.002875954e-01 
  1.951950938e-01 
  2.016898096e-01 
  1.984542459e-01 
  2.060063630e-01 
  2.220703512e-01 
  2.285283059e-01 
  2.215793431e-01 
  2.035438418e-01 
  1.797255427e-01 
  1.830426902e-01 
  2.041496336e-01 
  2.179706693e-01 
  2.207945287e-01 
  2.284601778e-01 
  2.261033505e-01 
  2.145849615e-01 
  2.180932909e-01 
  2.087675333e-01 
  2.014373094e-01 
  1.945178509e-01 
  1.975972354e-01 
  2.036893517e-01 
  2.062548250e-01 
  2.082623094e-01 
  2.067334652e-01 
  2.085039169e-01 
  2.089185268e-01 
  2.100662738e-01 
  2.097496241e-01 
  2.145360410e-01 
  2.155830264e-01 
  2.263442576e-01 
  2.294832319e-01 
  2.286983728e-01 
  2.263200283e-01 
  2.239329666e-01 
  2.337737679e-01 
  2.371040732e-01 
  2.322259098e-01 
  2.361662239e-01 
  2.299112231e-01 
  2.332709134e-01 
  2.343394756e-01 
  2.258922458e-01 
  2.316035330e-01 
  2.330501825e-01 
  2.308241427e-01 
  2.277836949e-01 
  2.271512598e-01 
  2.254922092e-01 
  2.209375650e-01 
  2.261768728e-01 
  2.200239003e-01 
  2.183075696e-01 
  2.200368941e-01 
  2.168018073e-01 
  2.150150985e-01 
  2.019444406e-01 
  2.111176997e-01 
  2.150927782e-01 
  2.125136703e-01 
  2.099787742e-01 
  2.077714354e-01 
  1.960503459e-01 
  2.079898566e-01 
  2.114655375e-01 
  2.109760642e-01 
  2.100482583e-01 
  2.087370306e-01 
  2.043938935e-01 
  2.037518770e-01 
  2.024013251e-01 
  1.948016584e-01 
  1.862398833e-01 
  1.977640688e-01 
  1.986057162e-01 
  1.982520074e-01 
  1.874670237e-01 
  1.901003122e-01 
  1.958868504e-01 
  1.950502992e-01 
  1.961350739e-01 
  1.923878640e-01 
  1.793351769e-01 
  1.905288249e-01 
  1.834703237e-01 
  1.888195127e-01 
  1.897629499e-01 
  1.881867349e-01 
  1.884977669e-01 
  1.884188205e-01 
  1.883314401e-01 
  1.873565465e-01 
  1.851063222e-01 
  1.857944429e-01 
  1.849841177e-01 
  1.834518760e-01 
  1.820655167e-01 
  1.835079491e-01 
  1.820356995e-01 
  1.822613925e-01 
  1.757963002e-01 
  1.810420603e-01 
  1.805016994e-01 
  1.795718074e-01 
  1.791311651e-01 
  1.765747666e-01 
  1.774231195e-01 
  1.766247898e-01 
  1.749532223e-01 
  1.754940599e-01 
  1.750257164e-01 
  1.743727028e-01 
  1.718222797e-01 
  1.704678833e-01 
  1.713664681e-01 
  1.697495580e-01 
  1.672640890e-01 
  1.650910527e-01 
  1.672969908e-01 
  1.653758287e-01 
  1.638571471e-01 
  1.645135731e-01 
  1.632986367e-01 
  1.620115340e-01 
  1.602223217e-01 
  1.590420455e-01 
  1.570303887e-01 
  1.565745175e-01 
  1.555264741e-01 
  1.544270217e-01 
  1.517814547e-01 
  1.511016190e-01 
  1.482812166e-01 
  1.472562999e-01 
  1.456890106e-01 
  1.405068338e-01 
  1.411232948e-01 
  1.380602568e-01 
  1.377217472e-01 
  1.375557780e-01 
  1.338595301e-01 
  1.313310266e-01 
  1.318057925e-01 
  1.349029988e-01 
  1.362582296e-01 
  1.362365633e-01 
  1.363717467e-01 
  1.359571666e-01 
  1.367966980e-01 
  1.369183660e-01 
  1.366598010e-01 
  1.361652613e-01 
  1.350745410e-01 
  1.343022138e-01 
  1.305008978e-01 
  1.158676445e-01 
  1.270567328e-01 
  1.319855005e-01 
  1.327141374e-01 
  1.321479678e-01 
  1.322813332e-01 
  1.299771667e-01 
  1.300543249e-01 
  1.266668886e-01 
  1.282051057e-01 
  1.288601905e-01 
  1.286449879e-01 
  1.257781088e-01 
  1.260259151e-01 
  1.250070333e-01 
  1.232785061e-01 
  1.217750609e-01 
  1.226016805e-01 
  1.216593459e-01 
  1.209679097e-01 
  1.186637506e-01 
  1.165148765e-01 
  1.158309057e-01 
  1.159996167e-01 
  1.155857295e-01 
  1.146249697e-01 
  1.135546789e-01 
  1.122285426e-01 
  1.113188416e-01 
  1.106576025e-01 
  1.089499593e-01 
  1.031722724e-01 
  1.054551005e-01 
  1.020366326e-01 
  1.047985777e-01 
  1.055561826e-01 
  1.026581675e-01 
  1.021570340e-01 
  9.929193556e-02 
  9.786705673e-02 
  9.854400903e-02 
  9.973357618e-02 
  1.001340896e-01 
  9.916917980e-02 
  9.723326564e-02 
  9.362220764e-02 
  9.074416012e-02 
  8.223258704e-02 
  8.146366477e-02 
  8.040472120e-02 
  7.875795662e-02 
  8.164716512e-02 
  8.298418671e-02 
  8.387277275e-02 
  8.313444257e-02 
  8.343406022e-02 
  8.386623859e-02 
  8.318604529e-02 
  8.297502995e-02 
  8.386862278e-02 
  8.350353688e-02 
  8.130625635e-02 
  7.828127593e-02 
  7.140025496e-02 
  6.622967869e-02 
  6.358037889e-02 
  5.946068093e-02 
  5.756717920e-02 
  5.338134989e-02 
  5.142877251e-02 
  4.915712774e-02 
  4.601760209e-02 
  4.427761957e-02 
  4.233134910e-02 
  4.067951441e-02 
  3.864211589e-02 
  3.784133866e-02 
  3.561069444e-02 
  3.369958326e-02 
  3.356452286e-02 
  3.310517967e-02 
  3.344903141e-02 
  3.418562934e-02 
  3.414241597e-02 
  3.447684646e-02 
  3.351318091e-02 
  3.323820978e-02 
  3.259588033e-02 
  3.383740038e-02 
  3.578982130e-02 
  3.866529465e-02 
  4.034154117e-02 
  4.146790132e-02 
  4.113459587e-02 
  4.012553766e-02 
  3.982382640e-02 
  3.807165474e-02 
  3.656774387e-02 
  3.395177796e-02 
  3.222822398e-02 
  3.074044175e-02 
  3.087564185e-02 
  3.207245097e-02 
  3.279838711e-02 
  3.450342640e-02 
  3.654672205e-02 
  3.817471489e-02 
  3.889572993e-02 
  3.827108443e-02 
  3.817730397e-02 
  3.645733371e-02 
  3.494376317e-02 
  3.342439234e-02 
  3.377949446e-02 
  3.529779986e-02 
  3.644137457e-02 
  3.647441790e-02 
  3.587893024e-02 
  3.460448235e-02 
  3.483115509e-02 
  3.633205965e-02 
  3.673011065e-02 
  3.610425815e-02 
  3.619363159e-02 
  3.570961580e-02 
  3.575270623e-02 
  3.660002351e-02 
  3.765173256e-02 
  3.894976526e-02 
  4.033173993e-02 
  3.868461773e-02 
  3.994834051e-02 
  4.012942687e-02 
  4.087254778e-02 
  4.138576612e-02 
  4.176439717e-02 
  4.175077751e-02 
  4.117592424e-02 
  4.123733193e-02 
  4.297121242e-02 
  4.244872928e-02 
  4.230209067e-02 
  4.216863587e-02 
  4.249409586e-02 
  4.071543366e-02 
  4.175206646e-02 
  4.293625057e-02 
  4.224915802e-02 
  4.105095193e-02 
  3.982415795e-02 
  3.987156972e-02 
  3.975352272e-02 
  3.858868405e-02 
  3.965257853e-02 
  3.984054551e-02 
  4.002394527e-02 
  4.059112817e-02 
  4.108310118e-02 
  3.875913098e-02 
  4.080382735e-02 
  3.954654559e-02 
  4.011266306e-02 
  4.046431929e-02 
  4.032633081e-02 
  4.116512462e-02 
  4.135158285e-02 
  4.164335504e-02 
  4.124870896e-02 
  4.035698622e-02 
  4.024352506e-02 
  4.046094790e-02 
  4.254647717e-02 
  4.405682907e-02 
  4.435834289e-02 
  4.514367506e-02 
  4.559027404e-02 
  4.623636976e-02 
  4.558737576e-02 
  4.409709573e-02 
  4.354916140e-02 
  4.213365167e-02 
  4.173165560e-02 
  4.136348143e-02 
  4.114737734e-02 
  3.933037072e-02 
  3.968217969e-02 
  3.804755956e-02 
  3.749531507e-02 
  3.686906397e-02 
  3.714584559e-02 
  3.854700178e-02 
  4.052971676e-02 
  4.064589366e-02 
  4.136013985e-02 
  4.131234810e-02 
  4.087482020e-02 
  3.974093124e-02 
  3.954553604e-02 
  3.994478285e-02 
  3.982220590e-02 
  4.084408283e-02 
  4.007607326e-02 
  4.031696543e-02 
  4.088428617e-02 
  4.061587155e-02 
  4.174747691e-02 
  3.646240756e-02 
  4.327431321e-02 
  4.458936676e-02 
  4.559803754e-02 
  4.454977438e-02 
  4.583238065e-02 
  4.559205100e-02 
  4.558163881e-02 
  4.485037178e-02 
  4.581828415e-02 
  4.678965732e-02 
  4.649784416e-02 
  4.760544002e-02 
  4.727944732e-02 
  4.654689506e-02 
  4.154655337e-02 
  4.330443963e-02 
  4.349542782e-02 
  4.397694394e-02 
  4.628658295e-02 
  4.566263780e-02 
  4.597101733e-02 
  4.664315283e-02 
  4.689720273e-02 
  4.600836709e-02 
  4.585433751e-02 
  4.510796815e-02 
  4.599688202e-02 
  4.549156874e-02 
  4.521889985e-02 
  4.616354778e-02 
  4.563678429e-02 
  4.615567997e-02 
  4.534929618e-02 
  4.496738687e-02 
  4.599223658e-02 
  4.547334462e-02 
  4.426559433e-02 
  4.540478811e-02 
  4.486625642e-02 
  4.512253776e-02 
  4.486046359e-02 
  4.192253202e-02 
  4.471790791e-02 
  4.435785860e-02 
  4.404407740e-02 
  4.327734560e-02 
  4.334923625e-02 
  4.381484166e-02 
  4.388099536e-02 
  4.260533676e-02 
  4.341166094e-02 
  4.173615947e-02 
  4.251103848e-02 
  4.265251383e-02 
  4.243732989e-02 
  4.288874194e-02 
  4.295730591e-02 
  4.289152101e-02 
  4.238141328e-02 
  4.103045166e-02 
  4.197269306e-02 
  4.163229465e-02 
  4.130768776e-02 
  4.190729931e-02 
  4.159367085e-02 
  3.995611891e-02 
  4.051544517e-02 
  3.963458538e-02 
  4.082466662e-02 
  4.040213674e-02 
  4.030051827e-02 
  3.950221464e-02 
  4.032086208e-02 
  4.020267352e-02 
  3.947598487e-02 
  3.855289519e-02 
  3.897909448e-02 
  3.814233467e-02 
  3.792071715e-02 
  3.687311336e-02 
  3.674335033e-02 
  3.559262305e-02 
  3.645302728e-02 
  3.631991521e-02 
  3.568309173e-02 
  3.574798256e-02 
  3.313941509e-02 
  3.551197425e-02 
  3.200070560e-02 
  3.495196998e-02 
  3.509499505e-02 
  3.578108549e-02 
  3.545376286e-02 
  3.472563252e-02 
  3.513855487e-02 
  3.480517119e-02 
  3.579843417e-02 
  3.525941819e-02 
  3.482943028e-02 
  3.423910961e-02 
  3.125894442e-02 
  3.359192237e-02 
  3.275844827e-02 
  3.439741954e-02 
  3.503423184e-02 
  3.463653848e-02 
  3.467636183e-02 
  3.240102902e-02 
  3.347277269e-02 
  3.378570825e-02 
  3.232068941e-02 
  3.258631378e-02 
  3.113624454e-02 
  3.179945797e-02 
  3.153223917e-02 
  3.193534538e-02 
  3.138437122e-02 
  3.121414222e-02 
  3.124046884e-02 
  3.149900958e-02 
  3.129963577e-02 
  2.930264920e-02 
  3.017983586e-02 
  3.050776571e-02 
  3.122197837e-02 
  3.083858080e-02 
  3.135694936e-02 
  2.938796394e-02 
  3.025015630e-02 
  3.111517057e-02 
  3.101345897e-02 
  3.022303805e-02 
  2.975368313e-02 
  3.042701818e-02 
  3.099611029e-02 
  3.115082160e-02 
  3.033541702e-02 
  3.059885837e-02 
  3.048755787e-02 
  3.064217418e-02 
  3.054667450e-02 
  2.961776219e-02 
  3.000683524e-02 
  2.990783192e-02 
  2.943597175e-02 
  2.863660455e-02 
  2.933212370e-02 
  2.913883887e-02 
  2.771717310e-02 
  2.744750679e-02 
  2.704055980e-02 
  2.709682658e-02 
  2.683468536e-02 
  2.673536353e-02 
  2.734836936e-02 
  2.685594931e-02 
  2.683744207e-02 
  2.709358186e-02 
  2.727913484e-02 
  2.709116787e-02 
  2.640603669e-02 
  2.700946294e-02 
  2.634786442e-02 
  2.681727894e-02 
  2.648642659e-02 
  2.671845630e-02 
  2.615814283e-02 
  2.662580460e-02 
  2.636830322e-02 
  2.647538856e-02 
  2.593472973e-02 
  2.616955340e-02 
  2.620722167e-02 
  2.593928576e-02 
  2.569302358e-02 
  2.549814060e-02 
  2.517823875e-02 
  2.501268312e-02 
  2.521990612e-02 
  2.473302372e-02 
  2.475013398e-02 
  2.523934469e-02 
  2.501887828e-02 
  2.377767116e-02 
  2.439551428e-02 
  2.443928272e-02 
  2.415403351e-02 
  2.370843291e-02 
  2.377050929e-02 
  2.384984866e-02 
  2.346748114e-02 
  2.260744199e-02 
  2.177254111e-02 
  2.234746702e-02 
  2.284358442e-02 
  2.321088873e-02 
  2.322242782e-02 
  2.288892120e-02 
  2.292831987e-02 
  2.288827300e-02 
  2.255922370e-02 
  2.248867601e-02 
  2.272563614e-02 
  2.271331102e-02 
  2.257909253e-02 
  2.249397896e-02 
  2.244908735e-02 
  2.226451039e-02 
  2.207509615e-02 
  2.215601690e-02 
  2.196153440e-02 
  2.163391374e-02 
  2.161930874e-02 
  2.149711177e-02 
  2.101166919e-02 
  2.134224959e-02 
  2.138853818e-02 
  2.107462101e-02 
  2.097477764e-02 
  2.034500986e-02 
  2.066824958e-02 
  2.084434964e-02 
  1.921594143e-02 
  2.050825953e-02 
  2.056418732e-02 
  2.051750757e-02 
  2.048311010e-02 
  2.032774873e-02 
  2.008924074e-02 
  1.993594132e-02 
  2.006049454e-02 
  1.956443302e-02 
  1.923286356e-02 
  1.951881126e-02 
  1.850243099e-02 
  1.873777993e-02 
  1.895970665e-02 
  1.910928451e-02 
  1.897301525e-02 
  1.851514727e-02 
  1.884793490e-02 
  1.884128526e-02 
  1.853589155e-02 
  1.828832552e-02 
  1.708428375e-02 
  1.737765782e-02 
  1.745104603e-02 
  1.656679623e-02 
  1.630963758e-02 
  1.707040705e-02 
  1.729662903e-02 
  1.732128300e-02 
  1.688281260e-02 
  1.737404987e-02 
  1.705260761e-02 
  1.725382730e-02 
  1.671248116e-02 
  1.680037193e-02 
  1.634445041e-02 
  1.691165939e-02 
  1.673746109e-02 
  1.666284725e-02 
  1.635614596e-02 
  1.644099317e-02 
  1.645196788e-02 
  1.641982608e-02 
  1.613595895e-02 
  1.627156138e-02 
  1.624608785e-02 
  1.608126797e-02 
  1.611054689e-02 
  1.596537232e-02 
  1.564980298e-02 
  1.522678323e-02 
  1.536482014e-02 
  1.503600646e-02 
  1.526358537e-02 
  1.515116077e-02 
  1.511258166e-02 
  1.486242097e-02 
  1.493911911e-02 
  1.467041019e-02 
  1.466284320e-02 
  1.463563461e-02 
  1.460910495e-02 
  1.428332459e-02 
  1.390281413e-02 
  1.384001039e-02 
  1.345244516e-02 
  1.323039178e-02 
  1.333334204e-02 
  1.323570497e-02 
  1.320159901e-02 
  1.299833786e-02 
  1.278722472e-02 
  1.276918780e-02 
  1.268058736e-02 
  1.275678724e-02 
  1.283069979e-02 
  1.275848970e-02 
  1.241978258e-02 
  1.229715720e-02 
  1.200657152e-02 
  1.181287970e-02 
  1.145626418e-02 
  1.106595900e-02 
  1.113243680e-02 
  1.077097189e-02 
  1.035638805e-02 
  1.036982238e-02 
  9.899849072e-03 
  9.826030582e-03 
  9.231910110e-03 
  8.927753195e-03 
  8.866916411e-03 
  8.961108513e-03 
  8.907915093e-03 
  8.660270832e-03 
  8.513746783e-03 
  8.401884697e-03 
  8.157026023e-03 
  7.806411479e-03 
  7.777096238e-03 
  7.478626445e-03 
  7.477175444e-03 
  7.248438429e-03 
  6.828300189e-03 
  6.718853489e-03 
  6.364792585e-03 
  5.923449993e-03 
  6.176876370e-03 
  6.252065301e-03 
  6.282351911e-03 
  6.183846388e-03 
  6.073776633e-03 
  6.216074806e-03 
  5.863402970e-03 
  5.879427306e-03 
  5.671850871e-03 
  5.606505554e-03 
  5.173443351e-03 
  5.100682378e-03 
  5.074849352e-03 
  4.940886982e-03 
  4.748577718e-03 
  4.722238518e-03 
  4.433867056e-03 
  4.430400208e-03 
  4.342891276e-03 
  4.190055653e-03 
  4.359784536e-03 
  4.382336512e-03 
  4.464956000e-03 
  4.507983569e-03 
  4.350678064e-03 
  4.582758993e-03 
  4.552758299e-03 
  4.501437303e-03 
  4.165679682e-03 
  4.278331529e-03 
  4.334570840e-03 
  4.358261358e-03 
  4.323698115e-03 
  4.286531359e-03 
  4.179239739e-03 
  4.240967799e-03 
  4.238203634e-03 
  4.084416199e-03 
  4.238521215e-03 
  4.296871834e-03 
  4.380403552e-03 
  4.316633102e-03 
  4.522972275e-03 
  4.476076458e-03 
  4.489212297e-03 
  4.430831410e-03 
  4.436515272e-03 
  4.150831606e-03 
  4.071224947e-03 
  3.761410015e-03 
  3.840880003e-03 
  3.549767891e-03 
  3.390940139e-03 
  3.354094457e-03 
  3.361915005e-03 
  3.347648773e-03 
  3.271610709e-03 
  3.033791203e-03 
  3.813352669e-03 
  4.115350079e-03 
  4.192272667e-03 
  4.217385780e-03 
  4.333953839e-03 
  4.407849163e-03 
  4.435030278e-03 
  4.444861319e-03 
  4.409206100e-03 
  4.253094550e-03 
  4.450566135e-03 
  4.378970712e-03 
  4.294224549e-03 
  4.122938961e-03 
  4.251999315e-03 
  4.111723043e-03 
  3.933655564e-03 
  4.081891850e-03 
  3.973116167e-03 
  3.802560735e-03 
  3.775794525e-03 
  3.695277264e-03 
  3.627828788e-03 
  3.576307790e-03 
  3.597813426e-03 
  3.535491414e-03 
  3.553316696e-03 
  3.512587398e-03 
  3.644980723e-03 
  3.650822211e-03 
  3.747657407e-03 
  3.668750171e-03 
  3.730589058e-03 
  3.726606024e-03 
  3.711852711e-03 
  3.594405483e-03 
  3.768398194e-03 
  3.851552028e-03 
  3.817260498e-03 
  3.956794273e-03 
  3.968338016e-03 
  4.056402482e-03 
  4.029967356e-03 
  3.996801097e-03 
  4.147904459e-03 
  4.219249357e-03 
  4.163196310e-03 
  4.235581495e-03 
  4.206473473e-03 
  4.220023286e-03 
  4.224693403e-03 
  4.172824789e-03 
  4.088881426e-03 
  4.241670016e-03 
  4.241862800e-03 
  4.362880252e-03 
  4.282284994e-03 
  4.444457125e-03 
  4.469746258e-03 
  4.520571791e-03 
  4.515465815e-03 
  4.593732767e-03 
  4.379598424e-03 
  4.526103381e-03 
  4.560107831e-03 
  4.594755359e-03 
  4.450276494e-03 
  4.248242825e-03 
  3.982948139e-03 
  4.243073054e-03 
  4.498107824e-03 
  4.543128423e-03 
  4.586177412e-03 
  4.423095845e-03 
  4.285699222e-03 
  4.281933885e-03 
  4.385022912e-03 
  4.307752941e-03 
  4.293263890e-03 
  4.206841812e-03 
  4.300592467e-03 
  4.311687779e-03 
  4.460560158e-03 
  4.417742603e-03 
  4.621264059e-03 
  4.519962240e-03 
  4.650017712e-03 
  4.645755515e-03 
  5.001869053e-03 
  4.869584460e-03 
  5.187968723e-03 
  5.192981567e-03 
  5.382048432e-03 
  5.418339744e-03 
  5.598422140e-03 
  5.541900638e-03 
  5.448631477e-03 
  5.586600397e-03 
  5.836931057e-03 
  5.828004796e-03 
  5.911917426e-03 
  5.599402357e-03 
  5.996748339e-03 
  5.796152167e-03 
  5.953465123e-03 
  5.994050764e-03 
  6.032736041e-03 
  5.954539869e-03 
  5.967075471e-03 
  5.835943855e-03 
  5.852107424e-03 
  5.999178160e-03 
  5.959666800e-03 
  5.930624902e-03 
  5.868506618e-03 
  5.774659570e-03 
  5.529833958e-03 
  5.563266110e-03 
  5.381312221e-03 
  5.369011313e-03 
  4.799020011e-03 
  4.698709585e-03 
  4.154898226e-03 
  4.148274194e-03 
  3.583760699e-03 
  3.582400503e-03 
  3.243078478e-03 
  3.234103555e-03 
  3.263516352e-03 
  3.172488650e-03 
  3.354566405e-03 
  3.345488338e-03 
  3.420437220e-03 
  3.419950837e-03 
  3.442782676e-03 
  3.431894816e-03 
  3.478954080e-03 
  3.438035026e-03 
  3.558347467e-03 
  3.545542480e-03 
  3.739846870e-03 
  3.741296241e-03 
  4.046341404e-03 
  4.008027725e-03 
  4.166335799e-03 
  4.304688424e-03 
  4.616949242e-03 
  4.612054210e-03 
  4.786469508e-03 
  4.820407368e-03 
  4.947825335e-03 
  4.955238197e-03 
  4.965132568e-03 
  4.897470586e-03 
  4.990836605e-03 
  5.064220168e-03 
  5.121695343e-03 
  5.107661709e-03 
  4.949869588e-03 
  5.056055263e-03 
  5.089533981e-03 
  4.807112738e-03 
  4.965048283e-03 
  4.995628726e-03 
  4.949960858e-03 
  4.894348327e-03 
  4.849940538e-03 
  4.839643370e-03 
  4.704886116e-03 
  4.692540504e-03 
  4.658038728e-03 
  4.457592499e-03 
  4.473274108e-03 
  4.243152216e-03 
  4.211469088e-03 
  4.058543593e-03 
  3.993645310e-03 
  3.989955876e-03 
  4.012477119e-03 
  4.043545108e-03 
  4.020163324e-03 
  4.074670840e-03 
  4.068211652e-03 
  4.067999311e-03 
  3.952645231e-03 
  4.061520100e-03 
  4.038622603e-03 
  3.790244926e-03 
  4.004712217e-03 
  4.001894034e-03 
  4.010058939e-03 
  3.968430217e-03 
  4.034273792e-03 
  3.891467582e-03 
  4.109461326e-03 
  4.054577556e-03 
  4.216086585e-03 
  4.201686475e-03 
  4.283911549e-03 
  4.270828795e-03 
  4.323818255e-03 
  4.314535297e-03 
  4.234614316e-03 
  4.313232843e-03 
  4.263044335e-03 
  4.314021207e-03 
  4.230582155e-03 
  4.253755789e-03 
  4.281016067e-03 
  4.306953866e-03 
  4.296658561e-03 
  4.316028208e-03 
  4.313884303e-03 
  4.316105507e-03 
  4.275676329e-03 
  4.104683176e-03 
  4.246102646e-03 
  4.277918953e-03 
  4.135414958e-03 
  4.251797684e-03 
  4.231784027e-03 
  4.217970185e-03 
  4.224458244e-03 
  4.227644298e-03 
  4.215231165e-03 
  4.235967528e-03 
  4.163449630e-03 
  4.219557624e-03 
  4.208029713e-03 
  4.215417430e-03 
  4.194840323e-03 
  4.182584118e-03 
  4.153288901e-03 
  4.048343748e-03 
  4.134808667e-03 
  4.115444142e-03 
  4.086826928e-03 
  4.091827199e-03 
  4.080615006e-03 
  4.045090172e-03 
  3.940597177e-03 
  4.024167545e-03 
  4.043176770e-03 
  3.938967362e-03 
  4.015675280e-03 
  3.973596729e-03 
  3.968774341e-03 
  3.899723990e-03 
  3.976497333e-03 
  3.988453653e-03 
  3.911686130e-03 
  3.985022195e-03 
  3.968600184e-03 
  3.945908975e-03 
  3.962270916e-03 
  3.947779536e-03 
  3.937243950e-03 
  3.918032162e-03 
  3.915153909e-03 
  3.765188390e-03 
  3.886197694e-03 
  3.878132906e-03 
  3.851512447e-03 
  3.839542856e-03 
  3.835955635e-03 
  3.806442255e-03 
  3.780358937e-03 
  3.753975965e-03 
  3.709675977e-03 
  3.644531360e-03 
  3.674708307e-03 
  3.669497790e-03 
  3.618408926e-03 
  3.607316408e-03 
  3.572256537e-03 
  3.556900891e-03 
  3.517370904e-03 
  3.519173712e-03 
  3.511247225e-03 
  3.507763846e-03 
  3.492352087e-03 
  3.480950370e-03 
  3.458435414e-03 
  3.440845059e-03 
  3.431070596e-03 
  3.378838301e-03 
  3.375195898e-03 
  3.321786644e-03 
  3.205243032e-03 
  2.873861231e-03 
  3.138320521e-03 
  3.231687238e-03 
  3.311477834e-03 
  3.302021185e-03 
  3.324676771e-03 
  3.305977909e-03 
  3.311792854e-03 
  3.293286311e-03 
  3.291248344e-03 
  3.265061183e-03 
  3.228935413e-03 
  3.246515291e-03 
  3.116459586e-03 
  3.236322431e-03 
  3.225290449e-03 
  3.190214047e-03 
  3.105901647e-03 
  3.175598104e-03 
  3.177826991e-03 
  3.175600432e-03 
  3.165605478e-03 
  3.080085386e-03 
  3.057364374e-03 
  3.088802332e-03 
  3.119296394e-03 
  3.105114680e-03 
  3.065813333e-03 
  3.052247223e-03 
  3.037635470e-03 
  2.998102456e-03 
  2.980900928e-03 
  2.956746379e-03 
  2.947152825e-03 
  2.930874005e-03 
  2.927723574e-03 
  2.917709528e-03 
  2.944038250e-03 
  2.939242870e-03 
  2.925530775e-03 
  2.846981399e-03 
  2.805634635e-03 
  2.942502964e-03 
  2.876474755e-03 
  2.963639563e-03 
  2.955661621e-03 
  2.940841950e-03 
  2.935443539e-03 
  2.918394050e-03 
  2.912795404e-03 
  2.883119741e-03 
  2.836233238e-03 
  2.865632763e-03 
  2.869613469e-03 
  2.855020342e-03 
  2.844959032e-03 
  2.828543074e-03 
  2.821521834e-03 
  2.809485653e-03 
  2.790327417e-03 
  2.737210365e-03 
  2.740082331e-03 
  2.733288333e-03 
  2.752897795e-03 
  2.718422562e-03 
  2.717683325e-03 
  2.712674672e-03 
  2.700088546e-03 
  2.690221183e-03 
  2.671116963e-03 
  2.655582735e-03 
  2.652061405e-03 
  2.617218997e-03 
  2.557704225e-03 
  2.584740520e-03 
  2.605583053e-03 
  2.595318248e-03 
  2.547664801e-03 
  2.562440932e-03 
  2.558822045e-03 
  2.548791002e-03 
  2.541956259e-03 
  2.468898427e-03 
  2.515821951e-03 
  2.490960760e-03 
  2.483610297e-03 
  2.483233111e-03 
  2.445344813e-03 
  2.380014630e-03 
  2.428157954e-03 
  2.405551961e-03 
  2.401233185e-03 
  2.396397060e-03 
  2.394847106e-03 
  2.373284893e-03 
  2.357480349e-03 
  2.357826568e-03 
  2.270196797e-03 
  2.349556657e-03 
  2.331531839e-03 
  2.298638457e-03 
  2.314900048e-03 
  2.312173368e-03 
  2.302789828e-03 
  2.291916870e-03 
  2.267829375e-03 
  2.284770831e-03 
  2.278228058e-03 
  2.267443109e-03 
  2.229872625e-03 
  2.253320301e-03 
  2.249767538e-03 
  2.244442469e-03 
  2.233558102e-03 
  2.222902374e-03 
  2.110340632e-03 
  2.175137633e-03 
  2.177783521e-03 
  2.170080552e-03 
  2.158462070e-03 
  2.152528614e-03 
  2.153087640e-03 
  2.141884295e-03 
  2.119136741e-03 
  2.115361625e-03 
  2.083722036e-03 
  2.090358175e-03 
  2.082594205e-03 
  1.968946075e-03 
  2.017580206e-03 
  2.006106777e-03 
  1.967414748e-03 
  2.007569652e-03 
  2.009755699e-03 
  2.000908833e-03 
  1.995912520e-03 
  2.014647704e-03 
  2.005179413e-03 
  1.995131606e-03 
  2.013076330e-03 
  2.011697739e-03 
  2.011010656e-03 
  2.007202245e-03 
  1.990955556e-03 
  1.978065586e-03 
  1.980829053e-03 
  1.968148164e-03 
  1.947005861e-03 
  1.932304003e-03 
  1.865292899e-03 
  1.889328472e-03 
  1.867723884e-03 
  1.895673107e-03 
  1.884812373e-03 
  1.858238829e-03 
  1.864681486e-03 
  1.860014512e-03 
  1.768479240e-03 
  1.814454445e-03 
  1.826119144e-03 
  1.803100808e-03 
  1.834180555e-03 
  1.843292848e-03 
  1.825628686e-03 
  1.819354948e-03 
  1.808060217e-03 
  1.793496776e-03 
  1.789176953e-03 
  1.757271122e-03 
  1.729338896e-03 
  1.738618012e-03 
  1.717587933e-03 
  1.705787494e-03 
  1.658802386e-03 
  1.683145529e-03 
  1.682294416e-03 
  1.665696269e-03 
  1.655000029e-03 
  1.647361089e-03 
  1.633782056e-03 
  1.634888584e-03 
  1.622641110e-03 
  1.617980306e-03 
  1.622954267e-03 
  1.609920524e-03 
  1.614953391e-03 
  1.587154693e-03 
  1.535066636e-03 
  1.572304522e-03 
  1.587531879e-03 
  1.599428826e-03 
  1.583790174e-03 
  1.581621356e-03 
  1.606600475e-03 
  1.605259022e-03 
  1.590788946e-03 
  1.573646674e-03 
  1.568771550e-03 
  1.570421853e-03 
  1.536434167e-03 
  1.536995638e-03 
  1.501393272e-03 
  1.491336385e-03 
  1.474566641e-03 
  1.446072827e-03 
  1.460372587e-03 
  1.458371175e-03 
  1.458449871e-03 
  1.384907402e-03 
  1.428739284e-03 
  1.455791760e-03 
  1.448662020e-03 
  1.441955916e-03 
  1.455917256e-03 
  1.448750030e-03 
  1.441790839e-03 
  1.442854758e-03 
  1.371326740e-03 
  1.368250349e-03 
  1.376520260e-03 
  1.384284697e-03 
  1.367748249e-03 
  1.402084366e-03 
  1.394687919e-03 
  1.410014927e-03 
  1.405210583e-03 
  1.399266650e-03 
  1.389448647e-03 
  1.405144460e-03 
  1.390402787e-03 
  1.389469486e-03 
  1.393637038e-03 
  1.381902955e-03 
  1.381831942e-03 
  1.366634271e-03 
  1.361637493e-03 
  1.366282348e-03 
  1.354027190e-03 
  1.334601664e-03 
  1.341168652e-03 
  1.319476636e-03 
  1.307527302e-03 
  1.307634637e-03 
  1.301258919e-03 
  1.282241778e-03 
  1.281311270e-03 
  1.277585048e-03 
  1.259584329e-03 
  1.213720534e-03 
  1.209530630e-03 
  1.167493407e-03 
  1.218152931e-03 
  1.226722263e-03 
  1.258418313e-03 
  1.242891885e-03 
  1.248494140e-03 
  1.261918573e-03 
  1.250969595e-03 
  1.252613729e-03 
  1.245856518e-03 
  1.259497367e-03 
  1.244091080e-03 
  1.241313876e-03 
  1.247627777e-03 
  1.238108845e-03 
  1.223247265e-03 
  1.228793873e-03 
  1.223135623e-03 
  1.184061519e-03 
  1.169150113e-03 
  1.199872466e-03 
  1.189948525e-03 
  1.159471925e-03 
  1.187642221e-03 
  1.167758834e-03 
  1.152293524e-03 
  1.157487975e-03 
  1.124811475e-03 
  1.117366017e-03 
  1.096323482e-03 
  1.062928466e-03 
  1.063613221e-03 
  1.051595435e-03 
  1.049885293e-03 
  1.055498957e-03 
  1.046055811e-03 
  1.043852419e-03 
  1.058377908e-03 
  1.082565985e-03 
  1.069661812e-03 
  1.066045836e-03 
  1.026811078e-03 
  1.077932655e-03 
  1.083600102e-03 
  1.075172098e-03 
  1.058602240e-03 
  1.059628907e-03 
  1.050154562e-03 
  1.037186477e-03 
  1.027357997e-03 
  1.017671078e-03 
  9.951861575e-04 
  9.934708942e-04 
  9.845885215e-04 
  9.081116877e-04 
  9.453163366e-04 
  9.400102426e-04 
  9.244338144e-04 
  9.064781480e-04 
  9.219199419e-04 
  8.777313051e-04 
  8.891288307e-04 
  8.833669126e-04 
  8.155184332e-04 
  8.259871393e-04 
  8.106630412e-04 
  7.856413140e-04 
  7.625322323e-04 
  7.968631107e-04 
  7.665348821e-04 
  7.606056752e-04 
  7.182127447e-04 
  7.491894066e-04 
  7.473802543e-04 
  7.499877247e-04 
  7.458519540e-04 
  7.476119208e-04 
  7.345056511e-04 
  7.493542507e-04 
  7.398692542e-04 
  7.339460426e-04 
  7.481382927e-04 
  7.417544839e-04 
  7.439544424e-04 
  7.343156030e-04 
