  6.470017433e-01 
  1.605918169e+00 
  1.657625079e+00 
  4.028756142e+00 
  4.426716805e+00 
  7.641175747e+00 
  8.125821114e+00 
  1.160940552e+01 
  1.445221996e+01 
  1.516138935e+01 
  1.631842422e+01 
  3.095870781e+01 
  2.584710503e+01 
  3.235622025e+01 
  3.280579376e+01 
  3.852996445e+01 
  2.978192329e+01 
  4.260316086e+01 
  4.093919373e+01 
  4.534844208e+01 
  4.361835861e+01 
  5.308051682e+01 
  4.628722763e+01 
  4.028312683e+01 
  4.998194885e+01 
  5.517526245e+01 
  7.535109711e+01 
  7.523466492e+01 
  6.187362289e+01 
  7.281835175e+01 
  7.546891785e+01 
  6.082960892e+01 
  6.651618195e+01 
  7.469133759e+01 
  6.211341858e+01 
  6.631324768e+01 
  4.947700119e+01 
  4.696369934e+01 
  5.688312149e+01 
  5.685586166e+01 
  6.343468094e+01 
  5.319523621e+01 
  5.536971283e+01 
  5.518444824e+01 
  4.951043701e+01 
  6.318272018e+01 
  6.955507660e+01 
  6.564865112e+01 
  6.132736588e+01 
  6.671554565e+01 
  6.766395569e+01 
  6.373175049e+01 
  6.478967285e+01 
  5.863832474e+01 
  6.714699554e+01 
  6.750406647e+01 
  6.331375504e+01 
  4.014510345e+01 
  4.327033997e+01 
  4.318139267e+01 
  6.353992844e+01 
  4.997347260e+01 
  5.438537598e+01 
  5.738677979e+01 
  5.682015610e+01 
  5.277574921e+01 
  7.185272217e+01 
  6.377313232e+01 
  5.965177155e+01 
  5.691057587e+01 
  6.491819000e+01 
  5.142223740e+01 
  5.368234634e+01 
  5.305016708e+01 
  4.073509598e+01 
  3.698883820e+01 
  5.244410706e+01 
  5.317403030e+01 
  6.812910461e+01 
  5.194902420e+01 
  4.818757248e+01 
  5.356644440e+01 
  3.962775421e+01 
  2.733527565e+01 
  2.976097298e+01 
  4.429215240e+01 
  3.399427032e+01 
  3.857186127e+01 
  3.775715256e+01 
  4.250616837e+01 
  5.091017914e+01 
  5.625698471e+01 
  4.938106918e+01 
  2.614787483e+01 
  2.857878685e+01 
  4.738215637e+01 
  4.816835022e+01 
  1.936263084e+01 
  5.350641251e+01 
  6.336687088e+01 
  6.148942184e+01 
  6.032228851e+01 
  6.309967804e+01 
  5.833349609e+01 
  6.187617874e+01 
  5.601288986e+01 
  5.487579346e+01 
  5.276097107e+01 
  5.642819977e+01 
  6.166337967e+01 
  5.089833832e+01 
  5.901200104e+01 
  6.037310028e+01 
  5.631240845e+01 
  5.457302094e+01 
  5.747434235e+01 
  5.641048813e+01 
  5.401303101e+01 
  5.218165207e+01 
  5.280007172e+01 
  4.414043427e+01 
  5.462414551e+01 
  5.170057297e+01 
  4.313180923e+01 
  4.686631393e+01 
  4.795166016e+01 
  4.553928757e+01 
  4.327781296e+01 
  4.329822540e+01 
  3.892182541e+01 
  3.069005013e+01 
  2.726657104e+01 
  4.850167465e+01 
  4.266655350e+01 
  4.007842255e+01 
  4.309633636e+01 
  4.723281860e+01 
  4.713732529e+01 
  4.173897171e+01 
  3.992646790e+01 
  4.423834229e+01 
  4.359314728e+01 
  4.539208221e+01 
  4.517995453e+01 
  4.438207245e+01 
  4.616242599e+01 
  4.063344574e+01 
  4.582828903e+01 
  4.607464600e+01 
  4.587527466e+01 
  4.635899353e+01 
  4.955091476e+01 
  4.555973053e+01 
  4.183074951e+01 
  4.411348724e+01 
  4.394114685e+01 
  4.452040482e+01 
  4.428849030e+01 
  4.304352951e+01 
  4.257888794e+01 
  4.175934219e+01 
  4.281467438e+01 
  4.167248154e+01 
  4.124415588e+01 
  4.094544983e+01 
  3.992509842e+01 
  4.075962830e+01 
  3.891149139e+01 
  4.076321793e+01 
  3.998422623e+01 
  3.902318573e+01 
  3.854855728e+01 
  3.861545944e+01 
  3.779989624e+01 
  3.771063614e+01 
  3.883115768e+01 
  3.725192261e+01 
  3.653207016e+01 
  3.794039917e+01 
  3.583999634e+01 
  3.616454315e+01 
  3.557157135e+01 
  3.594257355e+01 
  3.561283112e+01 
  3.389594650e+01 
  3.380139160e+01 
  2.713163376e+01 
  3.019139481e+01 
  3.245682526e+01 
  2.987373734e+01 
  3.367533112e+01 
  3.120320511e+01 
  2.969278908e+01 
  3.166827774e+01 
  3.029676056e+01 
  3.207422638e+01 
  3.093655014e+01 
  2.972139168e+01 
  2.874098206e+01 
  2.839766502e+01 
  2.800334930e+01 
  2.711566544e+01 
  2.668301010e+01 
  2.800683212e+01 
  2.581235886e+01 
  2.757989883e+01 
  2.924917221e+01 
  2.696037292e+01 
  2.561479378e+01 
  2.736518669e+01 
  2.626998711e+01 
  2.603485870e+01 
  2.707304573e+01 
  2.455008888e+01 
  2.381443024e+01 
  2.408965874e+01 
  2.507251358e+01 
  1.830022240e+01 
  2.245001030e+01 
  2.107578087e+01 
  2.299331093e+01 
  2.279787827e+01 
  2.348852730e+01 
  2.168405342e+01 
  2.331514740e+01 
  2.292176247e+01 
  2.164950371e+01 
  1.874351120e+01 
  2.231101799e+01 
  2.274118423e+01 
  2.129853439e+01 
  2.297906685e+01 
  2.172916603e+01 
  1.891810226e+01 
  2.039203644e+01 
  2.062379837e+01 
  2.169319534e+01 
  1.995132637e+01 
  2.070434761e+01 
  2.045833206e+01 
  1.984944344e+01 
  1.804604149e+01 
  1.995899010e+01 
  1.892962837e+01 
  1.979737473e+01 
  1.933843803e+01 
  1.874982262e+01 
  1.938294601e+01 
  1.783446503e+01 
  1.861349297e+01 
  1.805611038e+01 
  1.779951286e+01 
  1.841876221e+01 
  1.755651283e+01 
  1.798649597e+01 
  1.789470482e+01 
  1.726449203e+01 
  1.662056351e+01 
  1.711673164e+01 
  1.605256844e+01 
  1.599722195e+01 
  1.744457245e+01 
  1.588767624e+01 
  1.649289131e+01 
  1.613450050e+01 
  1.619892502e+01 
  1.481912327e+01 
  1.577094650e+01 
  1.559789658e+01 
  1.516068172e+01 
  1.512212563e+01 
  1.447782516e+01 
  1.517840290e+01 
  1.521469116e+01 
  1.501764774e+01 
  1.453933334e+01 
  1.417027283e+01 
  1.465642357e+01 
  1.413177395e+01 
  1.393042278e+01 
  1.431754589e+01 
  1.397245884e+01 
  1.409062862e+01 
  1.409434986e+01 
  1.395480347e+01 
  1.376827908e+01 
  1.308657074e+01 
  1.349640369e+01 
  1.326784325e+01 
  1.169115829e+01 
  1.212353420e+01 
  1.278145218e+01 
  1.245487499e+01 
  1.248945904e+01 
  1.251744747e+01 
  1.219962502e+01 
  1.240507603e+01 
  1.235515022e+01 
  1.201485443e+01 
  1.193280125e+01 
  1.185231018e+01 
  1.170312214e+01 
  1.149596882e+01 
  1.148861408e+01 
  1.177439213e+01 
  1.166646385e+01 
  1.145388985e+01 
  1.131335068e+01 
  1.119675827e+01 
  1.100801563e+01 
  1.075969219e+01 
  1.086179924e+01 
  1.064938354e+01 
  1.042437267e+01 
  9.981572151e+00 
  1.039059925e+01 
  9.814237595e+00 
  9.804486275e+00 
  1.019881535e+01 
  1.003805542e+01 
  1.011850452e+01 
  1.022381973e+01 
  9.619528770e+00 
  9.629372597e+00 
  9.575006485e+00 
  9.252849579e+00 
  9.236812592e+00 
  9.319566727e+00 
  9.060084343e+00 
  9.275410652e+00 
  8.906958580e+00 
  9.188711166e+00 
  8.515031815e+00 
  9.087530136e+00 
  8.767095566e+00 
  8.874567986e+00 
  8.511060715e+00 
  8.740102768e+00 
  8.825109482e+00 
  8.699453354e+00 
  8.376586914e+00 
  8.445774078e+00 
  8.294161797e+00 
  8.385156631e+00 
  8.237897873e+00 
  8.254588127e+00 
  7.891919136e+00 
  7.951970577e+00 
  7.892078876e+00 
  7.996222973e+00 
  7.362496376e+00 
  7.881850243e+00 
  7.683693409e+00 
  7.789093971e+00 
  7.639755249e+00 
  7.392712116e+00 
  6.237899303e+00 
  6.616803169e+00 
  7.325635433e+00 
  7.295279026e+00 
  7.308899403e+00 
  7.300616741e+00 
  7.362254620e+00 
  7.235726833e+00 
  7.078031063e+00 
  7.066304684e+00 
  7.108722210e+00 
  6.925847054e+00 
  6.923562527e+00 
  6.980937481e+00 
  6.856094837e+00 
  6.742954254e+00 
  6.680885792e+00 
  6.688638210e+00 
  6.661728382e+00 
  6.520967007e+00 
  6.604547501e+00 
  6.434674740e+00 
  6.502246380e+00 
  6.372207642e+00 
  6.285197735e+00 
  6.254220486e+00 
  6.203573704e+00 
  6.207667351e+00 
  6.058569431e+00 
  6.091377258e+00 
  5.779452324e+00 
  5.229319572e+00 
  5.336412907e+00 
  5.279357433e+00 
  5.346955776e+00 
  5.444611073e+00 
  5.452022552e+00 
  5.443367481e+00 
  5.442255020e+00 
  5.351526260e+00 
  5.403149605e+00 
  5.468796253e+00 
  5.317262650e+00 
  5.309369564e+00 
  5.228359222e+00 
  5.066155434e+00 
  5.023219109e+00 
  5.123795986e+00 
  5.111523151e+00 
  5.095554829e+00 
  5.017063618e+00 
  4.921450615e+00 
  5.044687748e+00 
  4.856454372e+00 
  4.919223309e+00 
  4.862253666e+00 
  4.784995079e+00 
  4.722656727e+00 
  4.770180702e+00 
  4.554613590e+00 
  4.623676300e+00 
  4.338686943e+00 
  4.213066578e+00 
  4.113986015e+00 
  4.080723763e+00 
  4.230831146e+00 
  4.338623047e+00 
  4.263106346e+00 
  4.156699181e+00 
  4.102787495e+00 
  4.067463875e+00 
  4.118735790e+00 
  4.009875298e+00 
  3.865691900e+00 
  3.979288340e+00 
  3.883832932e+00 
  4.000360012e+00 
  3.983687162e+00 
  4.077477932e+00 
  4.010073662e+00 
  3.892297745e+00 
  3.937469006e+00 
  3.927177191e+00 
  3.788284063e+00 
  3.824355364e+00 
  3.785496473e+00 
  3.707730532e+00 
  3.806558609e+00 
  3.827374697e+00 
  3.711761951e+00 
  3.746243954e+00 
  3.784397602e+00 
  3.697070599e+00 
  3.678882837e+00 
  3.604157448e+00 
  3.575591326e+00 
  3.612783432e+00 
  3.559942007e+00 
  3.596590042e+00 
  3.556852818e+00 
  3.468643904e+00 
  3.475220442e+00 
  3.447198153e+00 
  3.122448683e+00 
  1.716649175e+00 
  1.579030991e+00 
  2.311958313e+00 
  2.113633633e+00 
  2.231636047e+00 
  2.503675461e+00 
  2.652101040e+00 
  2.826061249e+00 
  3.034991503e+00 
  3.088323116e+00 
  3.098076820e+00 
  3.105392933e+00 
  3.082064390e+00 
  3.055439472e+00 
  3.073944092e+00 
  2.943831444e+00 
  3.049579620e+00 
  3.012678146e+00 
  2.980801821e+00 
  2.974812031e+00 
  2.922604322e+00 
  2.903006315e+00 
  2.922623396e+00 
  2.839427233e+00 
  2.840017319e+00 
  2.829776525e+00 
  2.761961460e+00 
  2.780473471e+00 
  2.720378637e+00 
  2.707613945e+00 
  2.665131330e+00 
  2.640412331e+00 
  2.587720156e+00 
  2.577696562e+00 
  2.550634146e+00 
  2.516054869e+00 
  2.526429653e+00 
  2.534711123e+00 
  2.535471439e+00 
  2.517674923e+00 
  2.431159735e+00 
  2.464768410e+00 
  2.446689129e+00 
  2.400656700e+00 
  2.414152384e+00 
  2.343968868e+00 
  2.400187016e+00 
  2.374041557e+00 
  2.344822168e+00 
  2.290177345e+00 
  2.264732361e+00 
  2.281873226e+00 
  2.252651453e+00 
  2.219885826e+00 
  2.190344810e+00 
  2.137642860e+00 
  2.085649490e+00 
  2.089005470e+00 
  2.067701101e+00 
  2.009231091e+00 
  1.985839248e+00 
  2.074182272e+00 
  1.981513619e+00 
  1.937763810e+00 
  2.008343458e+00 
  2.031597376e+00 
  2.027942896e+00 
  2.006727457e+00 
  1.969835758e+00 
  1.967185140e+00 
  1.935518980e+00 
  1.894319892e+00 
  1.924555421e+00 
  1.860600710e+00 
  1.884831548e+00 
  1.890187025e+00 
  1.899416685e+00 
  1.874182701e+00 
  1.876874804e+00 
  1.812383533e+00 
  1.852958560e+00 
  1.845948339e+00 
  1.828079224e+00 
  1.812668920e+00 
  1.776692629e+00 
  1.796226263e+00 
  1.804107785e+00 
  1.735080242e+00 
  1.775904179e+00 
  1.770877361e+00 
  1.522956729e+00 
  1.735338688e+00 
  1.661655903e+00 
  1.674476504e+00 
  1.339729905e+00 
  1.468473077e+00 
  1.659601331e+00 
  1.678755283e+00 
  1.644360185e+00 
  1.637025952e+00 
  1.614991426e+00 
  1.607199192e+00 
  1.594465017e+00 
  1.617312074e+00 
  1.606548071e+00 
  1.569259524e+00 
  1.310141325e+00 
  1.388614058e+00 
  1.498957396e+00 
  1.471043587e+00 
  1.524566174e+00 
  1.515330553e+00 
  1.502257109e+00 
  1.501230478e+00 
  1.461490393e+00 
  1.441329241e+00 
  1.446523666e+00 
  1.468516111e+00 
  1.436417460e+00 
  1.433064461e+00 
  1.418039083e+00 
  1.338031292e+00 
  1.405341983e+00 
  1.367043495e+00 
  1.372352719e+00 
  1.379797935e+00 
  1.327935219e+00 
  1.308783293e+00 
  1.341784477e+00 
  1.344755173e+00 
  1.333974481e+00 
  1.320296645e+00 
  1.307237267e+00 
  1.243276238e+00 
  1.274465799e+00 
  1.191541076e+00 
  1.213961959e+00 
  1.162289381e+00 
  1.150787830e+00 
  1.122530580e+00 
  1.092542529e+00 
  1.059058189e+00 
  1.035862684e+00 
  1.123219490e+00 
  1.158649564e+00 
  1.149447083e+00 
  1.098807573e+00 
  1.087261558e+00 
  1.037995100e+00 
  1.016349554e+00 
  1.026125908e+00 
  1.028584242e+00 
  1.021444917e+00 
  1.020197749e+00 
  1.019153237e+00 
  1.004500985e+00 
  1.014513612e+00 
  9.985263348e-01 
  9.946355224e-01 
  1.023166656e+00 
  1.024882674e+00 
  9.945701361e-01 
  9.810368419e-01 
  9.316812754e-01 
  9.569267035e-01 
  9.645900130e-01 
  9.257178307e-01 
  9.448158145e-01 
  9.301671386e-01 
  8.907911777e-01 
  8.564982414e-01 
  8.205642104e-01 
  7.679687142e-01 
  7.369122505e-01 
  6.977011561e-01 
  6.813185215e-01 
  6.847867966e-01 
  6.941548586e-01 
  7.161118984e-01 
  8.050743937e-01 
  8.099204898e-01 
  7.778674364e-01 
  7.200682163e-01 
  7.117421031e-01 
  6.862731576e-01 
  7.050395012e-01 
  7.124334574e-01 
  7.188367248e-01 
  7.281409502e-01 
  7.263433337e-01 
  7.205477953e-01 
  7.308581471e-01 
  7.090083361e-01 
  7.171946168e-01 
  7.210692167e-01 
  6.604311466e-01 
  6.991636753e-01 
  7.298691869e-01 
  7.368196845e-01 
  7.311132550e-01 
  7.196442485e-01 
  7.062712908e-01 
  7.093219757e-01 
  7.226070762e-01 
  7.139027715e-01 
  7.179988027e-01 
  6.953053474e-01 
  7.255312204e-01 
  7.364172339e-01 
  7.486429811e-01 
  7.481662631e-01 
  7.381692529e-01 
  7.371803522e-01 
  7.204863429e-01 
  6.986559629e-01 
  6.943749785e-01 
  7.059018016e-01 
  6.952311993e-01 
  7.086112499e-01 
  6.878810525e-01 
  7.057070732e-01 
  7.102476954e-01 
  7.032245994e-01 
  7.043809891e-01 
  7.030866742e-01 
  7.035457492e-01 
  6.997613311e-01 
  7.069739699e-01 
  6.958750486e-01 
  6.845234632e-01 
  6.880357265e-01 
  6.926402450e-01 
  6.839541197e-01 
  6.811050773e-01 
  6.835189462e-01 
  6.769082546e-01 
  6.740018725e-01 
  6.712451577e-01 
  6.651943326e-01 
  6.605219841e-01 
  6.528515816e-01 
  6.523721814e-01 
  6.464191079e-01 
  6.368528605e-01 
  6.303242445e-01 
  5.869377851e-01 
  6.154449582e-01 
  6.237021685e-01 
  6.219827533e-01 
  6.133401394e-01 
  6.142163277e-01 
  6.109683514e-01 
  6.097105145e-01 
  6.034484506e-01 
  6.052392721e-01 
  5.917482972e-01 
  5.935021043e-01 
  5.855062008e-01 
  5.903567672e-01 
  5.737679005e-01 
  5.705626011e-01 
  5.745179057e-01 
  5.628914237e-01 
  5.707065463e-01 
  5.651249290e-01 
  5.638014078e-01 
  5.628353953e-01 
  5.569815636e-01 
  5.563042164e-01 
  5.462120771e-01 
  5.500254035e-01 
  5.463703275e-01 
  5.425074697e-01 
  5.304834247e-01 
  5.340808034e-01 
  5.263550878e-01 
  5.310487151e-01 
  5.178045034e-01 
  5.208887458e-01 
  5.209581852e-01 
  5.127612352e-01 
  5.134428144e-01 
  5.129389167e-01 
  5.021101236e-01 
  5.050894618e-01 
  5.009450912e-01 
  4.844474196e-01 
  4.913847446e-01 
  4.942640364e-01 
  4.890610576e-01 
  4.841979444e-01 
  4.823239744e-01 
  4.781569839e-01 
  4.764846861e-01 
  4.697076380e-01 
  4.712656140e-01 
  4.681282640e-01 
  4.653786719e-01 
  4.585023820e-01 
  4.423509836e-01 
  4.565783441e-01 
  4.388500750e-01 
  4.491387010e-01 
  4.396893978e-01 
  4.435079396e-01 
  4.410496354e-01 
  4.258793890e-01 
  4.342087507e-01 
  4.305648804e-01 
  3.965944946e-01 
  4.187253416e-01 
  4.177360833e-01 
  4.172709584e-01 
  4.020407498e-01 
  4.146977365e-01 
  4.007959664e-01 
  4.078267217e-01 
  4.051246643e-01 
  4.044418931e-01 
  3.873035014e-01 
  3.962805271e-01 
  3.803035021e-01 
  3.841995895e-01 
  3.719643056e-01 
  3.841578960e-01 
  3.763656020e-01 
  3.802071810e-01 
  3.570510447e-01 
  3.774293363e-01 
  3.598471284e-01 
  3.659949601e-01 
  3.673696220e-01 
  3.566810489e-01 
  3.491645753e-01 
  3.159177303e-01 
  3.408172727e-01 
  3.382919729e-01 
  3.321940601e-01 
  3.219583035e-01 
  3.170047402e-01 
  3.215235472e-01 
  3.203197718e-01 
  3.055968583e-01 
  3.169494867e-01 
  3.126984239e-01 
  3.091040254e-01 
  3.034119904e-01 
  3.024017811e-01 
  3.006513119e-01 
  3.025578260e-01 
  3.026681840e-01 
  2.966746688e-01 
  2.875829339e-01 
  2.780503035e-01 
  2.779065967e-01 
  2.648410797e-01 
  2.549094558e-01 
  2.437906414e-01 
  2.292343974e-01 
  2.162130028e-01 
  2.087675631e-01 
  2.077350318e-01 
  1.986078024e-01 
  2.029127330e-01 
  2.053119540e-01 
  1.989320964e-01 
  1.938735545e-01 
  2.003250271e-01 
  1.971126795e-01 
  2.046212256e-01 
  2.205948234e-01 
  2.270154357e-01 
  2.201049179e-01 
  2.021780610e-01 
  1.785011441e-01 
  1.817968786e-01 
  2.027819008e-01 
  2.165230960e-01 
  2.193428427e-01 
  2.269644290e-01 
  2.246197313e-01 
  2.131714970e-01 
  2.166546583e-01 
  2.073847353e-01 
  2.000974268e-01 
  1.932159960e-01 
  1.962766796e-01 
  2.023346871e-01 
  2.048890144e-01 
  2.068858892e-01 
  2.053679079e-01 
  2.071311623e-01 
  2.075453103e-01 
  2.086888999e-01 
  2.083740234e-01 
  2.131359279e-01 
  2.141843885e-01 
  2.248970419e-01 
  2.280258089e-01 
  2.272541374e-01 
  2.248940468e-01 
  2.225286514e-01 
  2.323125899e-01 
  2.356273234e-01 
  2.307805121e-01 
  2.346971631e-01 
  2.284823358e-01 
  2.318219244e-01 
  2.328836173e-01 
  2.244895697e-01 
  2.301660031e-01 
  2.316051424e-01 
  2.293920517e-01 
  2.263696492e-01 
  2.257411629e-01 
  2.240945697e-01 
  2.195699811e-01 
  2.247759253e-01 
  2.186591774e-01 
  2.169534862e-01 
  2.186713219e-01 
  2.154545188e-01 
  2.136770934e-01 
  2.006879449e-01 
  2.098051608e-01 
  2.137579471e-01 
  2.111941129e-01 
  2.086725086e-01 
  2.064783573e-01 
  1.948317140e-01 
  2.067007571e-01 
  2.101560086e-01 
  2.096710801e-01 
  2.087486684e-01 
  2.074453533e-01 
  2.031276077e-01 
  2.024897635e-01 
  2.011468410e-01 
  1.935940832e-01 
  1.850845069e-01 
  1.965377033e-01 
  1.973739117e-01 
  1.970208883e-01 
  1.863012314e-01 
  1.889175624e-01 
  1.946706027e-01 
  1.938406527e-01 
  1.949193776e-01 
  1.911955029e-01 
  1.782234311e-01 
  1.893475205e-01 
  1.823329479e-01 
  1.876494139e-01 
  1.885882467e-01 
  1.870217174e-01 
  1.873311102e-01 
  1.872532666e-01 
  1.871668100e-01 
  1.861972511e-01 
  1.839603633e-01 
  1.846444011e-01 
  1.838395149e-01 
  1.823170632e-01 
  1.809393615e-01 
  1.823737323e-01 
  1.809107661e-01 
  1.811352223e-01 
  1.747104675e-01 
  1.799241453e-01 
  1.793873161e-01 
  1.784633547e-01 
  1.780253798e-01 
  1.754846126e-01 
  1.763275117e-01 
  1.755334586e-01 
  1.738721430e-01 
  1.744095981e-01 
  1.739440411e-01 
  1.732947826e-01 
  1.707599014e-01 
  1.694135070e-01 
  1.703060567e-01 
  1.686986387e-01 
  1.662282795e-01 
  1.640679240e-01 
  1.662597358e-01 
  1.643498838e-01 
  1.628400087e-01 
  1.634917110e-01 
  1.622836441e-01 
  1.610038728e-01 
  1.592249423e-01 
  1.580512226e-01 
  1.560513526e-01 
  1.555971354e-01 
  1.545545459e-01 
  1.534608305e-01 
  1.508304477e-01 
  1.501537412e-01 
  1.473492980e-01 
  1.463291347e-01 
  1.447699368e-01 
  1.396178901e-01 
  1.402291358e-01 
  1.371845603e-01 
  1.368477196e-01 
  1.366817206e-01 
  1.330076903e-01 
  1.304938644e-01 
  1.309649795e-01 
  1.340459734e-01 
  1.353944689e-01 
  1.353745610e-01 
  1.355102956e-01 
  1.350999027e-01 
  1.359353065e-01 
  1.360573471e-01 
  1.358014792e-01 
  1.353112161e-01 
  1.342282295e-01 
  1.334618032e-01 
  1.296852529e-01 
  1.151442081e-01 
  1.262642294e-01 
  1.311629564e-01 
  1.318876445e-01 
  1.313253939e-01 
  1.314581633e-01 
  1.291678846e-01 
  1.292446554e-01 
  1.258786023e-01 
  1.274076700e-01 
  1.280593127e-01 
  1.278458238e-01 
  1.249966174e-01 
  1.252425164e-01 
  1.242295057e-01 
  1.225113869e-01 
  1.210175082e-01 
  1.218391359e-01 
  1.209027097e-01 
  1.202154756e-01 
  1.179253682e-01 
  1.157887205e-01 
  1.151085868e-01 
  1.152760908e-01 
  1.148646399e-01 
  1.139096022e-01 
  1.128451750e-01 
  1.115261316e-01 
  1.106219739e-01 
  1.099648103e-01 
  1.082662195e-01 
  1.025226936e-01 
  1.047891676e-01 
  1.013931409e-01 
  1.041390300e-01 
  1.048918590e-01 
  1.020099148e-01 
  1.015083864e-01 
  9.865719080e-02 
  9.723985940e-02 
  9.791538119e-02 
  9.910043329e-02 
  9.949997067e-02 
  9.854032099e-02 
  9.661394358e-02 
  9.301995486e-02 
  9.015493095e-02 
  8.169174939e-02 
  8.092570305e-02 
  7.987240702e-02 
  7.823693007e-02 
  8.110823482e-02 
  8.243800700e-02 
  8.332198113e-02 
  8.258891106e-02 
  8.288663626e-02 
  8.331699669e-02 
  8.264155686e-02 
  8.243293315e-02 
  8.331990242e-02 
  8.295734972e-02 
  8.077061176e-02 
  7.776205242e-02 
  7.092061639e-02 
  6.578099728e-02 
  6.314794719e-02 
  5.905441940e-02 
  5.717354640e-02 
  5.301580578e-02 
  5.107664317e-02 
  4.882064834e-02 
  4.570278898e-02 
  4.397480562e-02 
  4.204199091e-02 
  4.040156305e-02 
  3.837813810e-02 
  3.758292273e-02 
  3.536776826e-02 
  3.346982226e-02 
  3.333569318e-02 
  3.287948295e-02 
  3.322092816e-02 
  3.395246714e-02 
  3.390950337e-02 
  3.424157947e-02 
  3.328459337e-02 
  3.301157430e-02 
  3.237361833e-02 
  3.360651061e-02 
  3.554534540e-02 
  3.840098903e-02 
  4.006550834e-02 
  4.118407518e-02 
  4.085301235e-02 
  3.985088691e-02 
  3.955129534e-02 
  3.781127557e-02 
  3.631788492e-02 
  3.371992707e-02 
  3.200840577e-02 
  3.053085878e-02 
  3.066513874e-02 
  3.185362369e-02 
  3.257442638e-02 
  3.426770866e-02 
  3.629677370e-02 
  3.791344911e-02 
  3.862949088e-02 
  3.800909966e-02 
  3.791600466e-02 
  3.620796278e-02 
  3.470493481e-02 
  3.319604695e-02 
  3.354868665e-02 
  3.505644575e-02 
  3.619202599e-02 
  3.622482345e-02 
  3.563347459e-02 
  3.436776996e-02 
  3.459288925e-02 
  3.608341143e-02 
  3.647870943e-02 
  3.585715964e-02 
  3.594594449e-02 
  3.546527773e-02 
  3.550811112e-02 
  3.634954244e-02 
  3.739400953e-02 
  3.868297860e-02 
  4.005547613e-02 
  3.841963410e-02 
  3.967480361e-02 
  3.985463828e-02 
  4.059283063e-02 
  4.110263288e-02 
  4.147880524e-02 
  4.146529362e-02 
  4.089448974e-02 
  4.095553979e-02 
  4.267802835e-02 
  4.215935245e-02 
  4.201389849e-02 
  4.188132659e-02 
  4.220445454e-02 
  4.043792933e-02 
  4.146771505e-02 
  4.264381900e-02 
  4.196120054e-02 
  4.077013582e-02 
  3.954996914e-02 
  3.959617019e-02 
  3.947901726e-02 
  3.832245246e-02 
  3.937954456e-02 
  3.956637159e-02 
  3.974852711e-02 
  4.031232744e-02 
  4.080129415e-02 
  3.849384561e-02 
  4.052507877e-02 
  3.927652538e-02 
  3.983880579e-02 
  4.018850252e-02 
  4.005172104e-02 
  4.088542983e-02 
  4.107124731e-02 
  4.136133566e-02 
  4.096928239e-02 
  4.008333385e-02 
  3.997096419e-02 
  4.018782079e-02 
  4.226075113e-02 
  4.376262799e-02 
  4.406317323e-02 
  4.484437034e-02 
  4.528817907e-02 
  4.593025520e-02 
  4.528483748e-02 
  4.380385205e-02 
  4.325921461e-02 
  4.185221717e-02 
  4.145289585e-02 
  4.108691216e-02 
  4.087160528e-02 
  3.906605765e-02 
  3.941498324e-02 
  3.779081255e-02 
  3.724144027e-02 
  3.661910444e-02 
  3.689482808e-02 
  3.828775510e-02 
  4.025897011e-02 
  4.037578031e-02 
  4.108535498e-02 
  4.103788361e-02 
  4.060288146e-02 
  3.947616741e-02 
  3.928152099e-02 
  3.967855126e-02 
  3.955745697e-02 
  4.057335109e-02 
  3.981065750e-02 
  4.005007446e-02 
  4.061355442e-02 
  4.034765810e-02 
  4.147325829e-02 
  3.622306138e-02 
  4.299256206e-02 
  4.430156946e-02 
  4.530533403e-02 
  4.426408932e-02 
  4.553947598e-02 
  4.530080408e-02 
  4.529155046e-02 
  4.456664249e-02 
  4.552855343e-02 
  4.649507999e-02 
  4.620614275e-02 
  4.730753228e-02 
  4.698341712e-02 
  4.625517875e-02 
  4.128596932e-02 
  4.303308949e-02 
  4.322352260e-02 
  4.370206967e-02 
  4.599782079e-02 
  4.537803307e-02 
  4.568478465e-02 
  4.635283351e-02 
  4.660551995e-02 
  4.572232813e-02 
  4.556934163e-02 
  4.482761025e-02 
  4.571113735e-02 
  4.520902038e-02 
  4.493815824e-02 
  4.587718472e-02 
  4.535393044e-02 
  4.586992413e-02 
  4.506867751e-02 
  4.468913376e-02 
  4.570767283e-02 
  4.519192129e-02 
  4.399156570e-02 
  4.512368515e-02 
  4.458852112e-02 
  4.484324530e-02 
  4.458279908e-02 
  4.166303575e-02 
  4.444104433e-02 
  4.408316687e-02 
  4.377128929e-02 
  4.300933331e-02 
  4.308085889e-02 
  4.354358092e-02 
  4.360943288e-02 
  4.234174266e-02 
  4.314311594e-02 
  4.147800431e-02 
  4.224812984e-02 
  4.238872975e-02 
  4.217496514e-02 
  4.262370989e-02 
  4.269198701e-02 
  4.262652621e-02 
  4.211964458e-02 
  4.077708721e-02 
  4.171350971e-02 
  4.137524962e-02 
  4.105266184e-02 
  4.164858162e-02 
  4.133686051e-02 
  3.970941529e-02 
  4.026532918e-02 
  3.938992694e-02 
  4.057267681e-02 
  4.015273228e-02 
  4.005170986e-02 
  3.925833479e-02 
  4.007189721e-02 
  3.995442390e-02 
  3.923214972e-02 
  3.831460327e-02 
  3.873811290e-02 
  3.790652007e-02 
  3.768585995e-02 
  3.664414957e-02 
  3.651451319e-02 
  3.537043557e-02 
  3.622547165e-02 
  3.609301150e-02 
  3.546030447e-02 
  3.552504629e-02 
  3.293289244e-02 
  3.529066592e-02 
  3.180133924e-02 
  3.473429754e-02 
  3.487660363e-02 
  3.555871919e-02 
  3.523343056e-02 
  3.451016918e-02 
  3.492084518e-02 
  3.458978981e-02 
  3.557710722e-02 
  3.504142538e-02 
  3.461423144e-02 
  3.402747586e-02 
  3.106579557e-02 
  3.338436410e-02 
  3.255604208e-02 
  3.418487310e-02 
  3.481770679e-02 
  3.442253545e-02 
  3.446192294e-02 
  3.220066056e-02 
  3.326547146e-02 
  3.357600793e-02 
  3.211956844e-02 
  3.238313273e-02 
  3.094209917e-02 
  3.160104528e-02 
  3.133558482e-02 
  3.173637018e-02 
  3.118882515e-02 
  3.101973049e-02 
  3.104584850e-02 
  3.130275384e-02 
  3.110461868e-02 
  2.912014164e-02 
  2.999207750e-02 
  3.031825088e-02 
  3.102828935e-02 
  3.064727038e-02 
  3.116262518e-02 
  2.920599096e-02 
  3.006297909e-02 
  3.092263825e-02 
  3.082168475e-02 
  3.003625199e-02 
  2.956974693e-02 
  3.023891896e-02 
  3.080467694e-02 
  3.095833212e-02 
  3.014800139e-02 
  3.040977381e-02 
  3.029917367e-02 
  3.045281395e-02 
  3.035788611e-02 
  2.943469770e-02 
  2.982136421e-02 
  2.972294390e-02 
  2.925398201e-02 
  2.845950425e-02 
  2.915072069e-02 
  2.895869501e-02 
  2.754572220e-02 
  2.727772482e-02 
  2.687319368e-02 
  2.692903765e-02 
  2.666848525e-02 
  2.656977996e-02 
  2.717898972e-02 
  2.668963559e-02 
  2.667124756e-02 
  2.692580223e-02 
  2.711020410e-02 
  2.692338638e-02 
  2.624250576e-02 
  2.684219182e-02 
  2.618471906e-02 
  2.665127255e-02 
  2.632252872e-02 
  2.655312046e-02 
  2.599633299e-02 
  2.646114677e-02 
  2.620523795e-02 
  2.631169744e-02 
  2.577440254e-02 
  2.600775845e-02 
  2.604519390e-02 
  2.577887103e-02 
  2.553408779e-02 
  2.534036152e-02 
  2.502243966e-02 
  2.485791594e-02 
  2.506393567e-02 
  2.458006144e-02 
  2.459701151e-02 
  2.508324571e-02 
  2.486414276e-02 
  2.363061160e-02 
  2.424463630e-02 
  2.428823151e-02 
  2.400474437e-02 
  2.356188931e-02 
  2.362358570e-02 
  2.370232530e-02 
  2.332232147e-02 
  2.246760577e-02 
  2.163787372e-02 
  2.220924571e-02 
  2.270228229e-02 
  2.306731418e-02 
  2.307877317e-02 
  2.274732664e-02 
  2.278657444e-02 
  2.274676040e-02 
  2.241974510e-02 
  2.234960906e-02 
  2.258510329e-02 
  2.257285267e-02 
  2.243946679e-02 
  2.235488221e-02 
  2.231025882e-02 
  2.212682180e-02 
  2.193857543e-02 
  2.201899886e-02 
  2.182571776e-02 
  2.150013112e-02 
  2.148562856e-02 
  2.136418968e-02 
  2.088173293e-02 
  2.121023647e-02 
  2.125623822e-02 
  2.094423212e-02 
  2.084498666e-02 
  2.021912299e-02 
  2.054035850e-02 
  2.071536891e-02 
  1.909703389e-02 
  2.038135380e-02 
  2.043691650e-02 
  2.039053105e-02 
  2.035634406e-02 
  2.020194940e-02 
  1.996492408e-02 
  1.981257088e-02 
  1.993631944e-02 
  1.944325119e-02 
  1.911373250e-02 
  1.939784922e-02 
  1.838770695e-02 
  1.862159185e-02 
  1.884217188e-02 
  1.899085939e-02 
  1.885543019e-02 
  1.840039156e-02 
  1.873113587e-02 
  1.872452348e-02 
  1.842095889e-02 
  1.817487739e-02 
  1.697829925e-02 
  1.726982556e-02 
  1.734267548e-02 
  1.646391116e-02 
  1.620832458e-02 
  1.696434617e-02 
  1.718915440e-02 
  1.721360907e-02 
  1.677784882e-02 
  1.726602949e-02 
  1.694654301e-02 
  1.714647748e-02 
  1.660849340e-02 
  1.669578068e-02 
  1.624272950e-02 
  1.680639759e-02 
  1.663331501e-02 
  1.655914448e-02 
  1.625435427e-02 
  1.633863896e-02 
  1.634950191e-02 
  1.631756127e-02 
  1.603537798e-02 
  1.617014036e-02 
  1.614482515e-02 
  1.598105580e-02 
  1.601015218e-02 
  1.586582884e-02 
  1.555209234e-02 
  1.513171569e-02 
  1.526877284e-02 
  1.494177710e-02 
  1.516793016e-02 
  1.505615097e-02 
  1.501782984e-02 
  1.476923935e-02 
  1.484542340e-02 
  1.457832754e-02 
  1.457080804e-02 
  1.454363763e-02 
  1.451723743e-02 
  1.419312228e-02 
  1.381466817e-02 
  1.375222299e-02 
  1.336681377e-02 
  1.314591337e-02 
  1.324820798e-02 
  1.315094903e-02 
  1.311692875e-02 
  1.291497145e-02 
  1.270491909e-02 
  1.268699672e-02 
  1.259898953e-02 
  1.267464925e-02 
  1.274808589e-02 
  1.267631538e-02 
  1.233922224e-02 
  1.221739221e-02 
  1.192820165e-02 
  1.173565816e-02 
  1.138087828e-02 
  1.099287812e-02 
  1.105891820e-02 
  1.069939323e-02 
  1.028734073e-02 
  1.030068751e-02 
  9.833329357e-03 
  9.760007262e-03 
  9.169585072e-03 
  8.867266588e-03 
  8.806842379e-03 
  8.900369518e-03 
  8.847473189e-03 
  8.601385169e-03 
  8.455825970e-03 
  8.344670758e-03 
  8.101351559e-03 
  7.753083482e-03 
  7.723968476e-03 
  7.427486591e-03 
  7.426045369e-03 
  7.198868785e-03 
  6.781587377e-03 
  6.672889460e-03 
  6.321259309e-03 
  5.882929545e-03 
  6.134631112e-03 
  6.209320854e-03 
  6.239399780e-03 
  6.141553633e-03 
  6.032235920e-03 
  6.173574831e-03 
  5.823330488e-03 
  5.839245394e-03 
  5.633107387e-03 
  5.568204913e-03 
  5.138138775e-03 
  5.065891426e-03 
  5.040234886e-03 
  4.907188006e-03 
  4.716190044e-03 
  4.690052476e-03 
  4.403676372e-03 
  4.400232807e-03 
  4.313328769e-03 
  4.161532968e-03 
  4.330100026e-03 
  4.352479707e-03 
  4.434535746e-03 
  4.477242939e-03 
  4.321009852e-03 
  4.551499151e-03 
  4.521702416e-03 
  4.470738582e-03 
  4.137282725e-03 
  4.249166232e-03 
  4.305026494e-03 
  4.328555427e-03 
  4.294230137e-03 
  4.257319495e-03 
  4.150758963e-03 
  4.212066531e-03 
  4.209320992e-03 
  4.056578502e-03 
  4.209633451e-03 
  4.267572425e-03 
  4.350517411e-03 
  4.287182819e-03 
  4.492099397e-03 
  4.445522558e-03 
  4.458563868e-03 
  4.400589038e-03 
  4.406234249e-03 
  4.122515209e-03 
  4.043451976e-03 
  3.735795617e-03 
  3.814724972e-03 
  3.525601467e-03 
  3.367855912e-03 
  3.331261221e-03 
  3.339020535e-03 
  3.324851394e-03 
  3.249315312e-03 
  3.013116773e-03 
  3.787312424e-03 
  4.087221343e-03 
  4.163618200e-03 
  4.188537598e-03 
  4.304307979e-03 
  4.377682228e-03 
  4.404678941e-03 
  4.414448515e-03 
  4.379037302e-03 
  4.224002827e-03 
  4.420137033e-03 
  4.349031486e-03 
  4.264883231e-03 
  4.094767850e-03 
  4.222955089e-03 
  4.083637148e-03 
  3.906795289e-03 
  4.054025281e-03 
  3.945992328e-03 
  3.776616417e-03 
  3.750033211e-03 
  3.670075443e-03 
  3.603086807e-03 
  3.551934613e-03 
  3.573293565e-03 
  3.511406016e-03 
  3.529095557e-03 
  3.488643561e-03 
  3.620121162e-03 
  3.625922371e-03 
  3.722091205e-03 
  3.643722041e-03 
  3.705138573e-03 
  3.701182781e-03 
  3.686528886e-03 
  3.569883294e-03 
  3.742685542e-03 
  3.825260093e-03 
  3.791203257e-03 
  3.929762170e-03 
  3.941227216e-03 
  4.028679337e-03 
  4.002424423e-03 
  3.969480749e-03 
  4.119551275e-03 
  4.190396052e-03 
  4.134728573e-03 
  4.206621088e-03 
  4.177709576e-03 
  4.191166721e-03 
  4.195806570e-03 
  4.144293256e-03 
  4.060914274e-03 
  4.212657921e-03 
  4.212844651e-03 
  4.333034158e-03 
  4.252978601e-03 
  4.414050840e-03 
  4.439159296e-03 
  4.489637446e-03 
  4.484536592e-03 
  4.562247545e-03 
  4.349580966e-03 
  4.495027009e-03 
  4.528797697e-03 
  4.563150927e-03 
  4.419665784e-03 
  4.218932241e-03 
  3.955468070e-03 
  4.213717300e-03 
  4.466987681e-03 
  4.511512816e-03 
  4.554287996e-03 
  4.392117728e-03 
  4.255683627e-03 
  4.251649138e-03 
  4.354033154e-03 
  4.277133383e-03 
  4.262746777e-03 
  4.176901653e-03 
  4.270134028e-03 
  4.281150643e-03 
  4.429212306e-03 
  4.386696499e-03 
  4.589028656e-03 
  4.488434177e-03 
  4.617827479e-03 
  4.613594152e-03 
  4.967554007e-03 
  4.836176988e-03 
  5.152702797e-03 
  5.157681648e-03 
  5.345940590e-03 
  5.381987430e-03 
  5.561285652e-03 
  5.505160894e-03 
  5.412877072e-03 
  5.549940746e-03 
  5.798976868e-03 
  5.790127441e-03 
  5.873813294e-03 
  5.563313141e-03 
  5.958329886e-03 
  5.759031512e-03 
  5.915565416e-03 
  5.955892615e-03 
  5.994432140e-03 
  5.916744005e-03 
  5.929258652e-03 
  5.798958242e-03 
  5.815056153e-03 
  5.961203016e-03 
  5.921898875e-03 
  5.893040914e-03 
  5.831205752e-03 
  5.737961270e-03 
  5.494412035e-03 
  5.527629983e-03 
  5.346154328e-03 
  5.333937705e-03 
  4.766637459e-03 
  4.667004105e-03 
  4.125783686e-03 
  4.119208548e-03 
  3.557783319e-03 
  3.556432901e-03 
  3.219115548e-03 
  3.210207215e-03 
  3.239351325e-03 
  3.148997901e-03 
  3.329929197e-03 
  3.320918418e-03 
  3.395488253e-03 
  3.395005362e-03 
  3.417752450e-03 
  3.406944685e-03 
  3.453772981e-03 
  3.413150320e-03 
  3.532791510e-03 
  3.520079423e-03 
  3.713386133e-03 
  3.714825260e-03 
  4.018256441e-03 
  3.980209120e-03 
  4.138007294e-03 
  4.275419284e-03 
  4.586195573e-03 
  4.581333604e-03 
  4.755184520e-03 
  4.788900260e-03 
  4.915919155e-03 
  4.923285451e-03 
  4.933411721e-03 
  4.866182804e-03 
  4.959131125e-03 
  5.032048561e-03 
  5.089266226e-03 
  5.075321998e-03 
  4.918585531e-03 
  5.024099723e-03 
  5.057374015e-03 
  4.776737187e-03 
  4.933651537e-03 
  4.964038730e-03 
  4.918594845e-03 
  4.863334820e-03 
  4.819068592e-03 
  4.808836617e-03 
  4.674678203e-03 
  4.662411753e-03 
  4.628131632e-03 
  4.428523127e-03 
  4.444102291e-03 
  4.214974120e-03 
  4.183501471e-03 
  4.031294957e-03 
  3.966832533e-03 
  3.963114694e-03 
  3.985484596e-03 
  4.016467370e-03 
  3.993242048e-03 
  4.047571216e-03 
  4.041155335e-03 
  4.041012842e-03 
  3.926423844e-03 
  4.034559242e-03 
  4.011813086e-03 
  3.765080823e-03 
  3.978124354e-03 
  3.975325264e-03 
  3.983494826e-03 
  3.942142241e-03 
  4.007680342e-03 
  3.865815233e-03 
  4.082700238e-03 
  4.028174095e-03 
  4.188954365e-03 
  4.174645990e-03 
  4.256578628e-03 
  4.243579693e-03 
  4.296392202e-03 
  4.287167918e-03 
  4.207753576e-03 
  4.285961855e-03 
  4.236090463e-03 
  4.286791198e-03 
  4.203878809e-03 
  4.226949066e-03 
  4.254037980e-03 
  4.279857501e-03 
  4.269627389e-03 
  4.288927652e-03 
  4.286797252e-03 
  4.289057106e-03 
  4.248881247e-03 
  4.078960046e-03 
  4.219530616e-03 
  4.251147620e-03 
  4.109563306e-03 
  4.225219134e-03 
  4.205348436e-03 
  4.191620275e-03 
  4.198087379e-03 
  4.201253876e-03 
  4.188935738e-03 
  4.209542647e-03 
  4.137476441e-03 
  4.193239845e-03 
  4.181783646e-03 
  4.189132247e-03 
  4.168684129e-03 
  4.156508949e-03 
  4.127395805e-03 
  4.023110960e-03 
  4.109037574e-03 
  4.089804832e-03 
  4.061365966e-03 
  4.066334572e-03 
  4.055201542e-03 
  4.019897431e-03 
  3.916065209e-03 
  3.999114502e-03 
  4.018021747e-03 
  3.914460074e-03 
  3.990710247e-03 
  3.948893398e-03 
  3.944100346e-03 
  3.875500523e-03 
  3.951797262e-03 
  3.963701427e-03 
  3.887409577e-03 
  3.960309550e-03 
  3.943989053e-03 
  3.921450116e-03 
  3.937711474e-03 
  3.923309036e-03 
  3.912847489e-03 
  3.893754911e-03 
  3.890898312e-03 
  3.741862485e-03 
  3.862122772e-03 
  3.854107810e-03 
  3.827652195e-03 
  3.815754084e-03 
  3.812188748e-03 
  3.782848362e-03 
  3.756927093e-03 
  3.730688244e-03 
  3.686663462e-03 
  3.621897660e-03 
  3.651887644e-03 
  3.646708792e-03 
  3.595912596e-03 
  3.584888997e-03 
  3.550029127e-03 
  3.534768708e-03 
  3.495482495e-03 
  3.497274360e-03 
  3.489397233e-03 
  3.485939465e-03 
  3.470623400e-03 
  3.459293162e-03 
  3.436918138e-03 
  3.419437679e-03 
  3.409724217e-03 
  3.357816953e-03 
  3.354200860e-03 
  3.301123856e-03 
  3.185308073e-03 
  2.855987288e-03 
  3.118809080e-03 
  3.211595351e-03 
  3.290889785e-03 
  3.281498561e-03 
  3.304013051e-03 
  3.285432467e-03 
  3.291211557e-03 
  3.272820031e-03 
  3.270795103e-03 
  3.244770691e-03 
  3.208867274e-03 
  3.226337722e-03 
  3.097086446e-03 
  3.216204466e-03 
  3.205241170e-03 
  3.170377109e-03 
  3.086589044e-03 
  3.155857557e-03 
  3.158072708e-03 
  3.155867336e-03 
  3.145934315e-03 
  3.060945543e-03 
  3.038368654e-03 
  3.069611266e-03 
  3.099902766e-03 
  3.085809294e-03 
  3.046719125e-03 
  3.033237765e-03 
  3.018716816e-03 
  2.979390556e-03 
  2.962296130e-03 
  2.938264282e-03 
  2.928730333e-03 
  2.912553260e-03 
  2.909432398e-03 
  2.899480984e-03 
  2.925679320e-03 
  2.920913976e-03 
  2.907287097e-03 
  2.829267178e-03 
  2.788177924e-03 
  2.924227621e-03 
  2.858609194e-03 
  2.945246641e-03 
  2.937318524e-03 
  2.922590356e-03 
  2.917226171e-03 
  2.900282154e-03 
  2.894713078e-03 
  2.865222050e-03 
  2.818626817e-03 
  2.847838216e-03 
  2.851793775e-03 
  2.837285865e-03 
  2.827287186e-03 
  2.810973674e-03 
  2.803991083e-03 
  2.792029642e-03 
  2.772982931e-03 
  2.720196033e-03 
  2.723049838e-03 
  2.716289368e-03 
  2.735777060e-03 
  2.701505087e-03 
  2.700770507e-03 
  2.695792355e-03 
  2.683276311e-03 
  2.673470182e-03 
  2.654476091e-03 
  2.639038954e-03 
  2.635539277e-03 
  2.600906650e-03 
  2.541763010e-03 
  2.568626078e-03 
  2.589338692e-03 
  2.579137916e-03 
  2.531775041e-03 
  2.546458971e-03 
  2.542854054e-03 
  2.532885177e-03 
  2.526093274e-03 
  2.453479217e-03 
  2.500109607e-03 
  2.475384157e-03 
  2.468079561e-03 
  2.467704704e-03 
  2.430028981e-03 
  2.365108114e-03 
  2.412933856e-03 
  2.390469424e-03 
  2.386177424e-03 
  2.381362254e-03 
  2.379821846e-03 
  2.358391415e-03 
  2.342685824e-03 
  2.343029715e-03 
  2.255954547e-03 
  2.334816614e-03 
  2.316904953e-03 
  2.284215530e-03 
  2.300374676e-03 
  2.297663596e-03 
  2.288338961e-03 
  2.277534455e-03 
  2.253602259e-03 
  2.270437544e-03 
  2.263933886e-03 
  2.253216458e-03 
  2.215881599e-03 
  2.239190508e-03 
  2.235660097e-03 
  2.230373677e-03 
  2.219557529e-03 
  2.208968624e-03 
  2.097108401e-03 
  2.161499346e-03 
  2.164128469e-03 
  2.156473231e-03 
  2.144927392e-03 
  2.139020246e-03 
  2.139575779e-03 
  2.128442517e-03 
  2.105818363e-03 
  2.102066996e-03 
  2.070610179e-03 
  2.077204408e-03 
  2.069489332e-03 
  1.956535969e-03 
  2.004863694e-03 
  1.993462443e-03 
  1.955011627e-03 
  1.994913677e-03 
  1.997090410e-03 
  1.988299191e-03 
  1.983334543e-03 
  2.001973335e-03 
  1.992564881e-03 
  1.982579939e-03 
  2.000443172e-03 
  1.999073196e-03 
  1.998402178e-03 
  1.994617982e-03 
  1.978472807e-03 
  1.965654781e-03 
  1.968400786e-03 
  1.955799526e-03 
  1.934756292e-03 
  1.920147217e-03 
  1.853513531e-03 
  1.877397066e-03 
  1.855929033e-03 
  1.883738441e-03 
  1.872946043e-03 
  1.846497995e-03 
  1.852913992e-03 
  1.848276355e-03 
  1.757345744e-03 
  1.803031540e-03 
  1.814622898e-03 
  1.791770221e-03 
  1.822654391e-03 
  1.831709524e-03 
  1.814148156e-03 
  1.807913766e-03 
  1.796689583e-03 
  1.782191452e-03 
  1.777898869e-03 
  1.746158698e-03 
  1.718403306e-03 
  1.727623050e-03 
  1.706682146e-03 
  1.694956562e-03 
  1.648269827e-03 
  1.672424609e-03 
  1.671579084e-03 
  1.655061846e-03 
  1.644433709e-03 
  1.636843430e-03 
  1.623336226e-03 
  1.624435768e-03 
  1.612265944e-03 
  1.607636688e-03 
  1.612579101e-03 
  1.599628478e-03 
  1.604652149e-03 
  1.577030867e-03 
  1.525306259e-03 
  1.562307472e-03 
  1.577438088e-03 
  1.589293475e-03 
  1.573754009e-03 
  1.571597881e-03 
  1.596429851e-03 
  1.595096779e-03 
  1.580718555e-03 
  1.563658705e-03 
  1.558814431e-03 
  1.560452860e-03 
  1.526631764e-03 
  1.527189626e-03 
  1.491743140e-03 
  1.481750747e-03 
  1.465088921e-03 
  1.436745864e-03 
  1.450953423e-03 
  1.448964817e-03 
  1.449062256e-03 
  1.375993248e-03 
  1.419541542e-03 
  1.446432550e-03 
  1.439348678e-03 
  1.432685531e-03 
  1.446589129e-03 
  1.439467771e-03 
  1.432550023e-03 
  1.433607307e-03 
  1.362537732e-03 
  1.359484391e-03 
  1.367701450e-03 
  1.375415944e-03 
  1.358999754e-03 
  1.393116196e-03 
  1.385767013e-03 
  1.401010901e-03 
  1.396237058e-03 
  1.390328980e-03 
  1.380590955e-03 
  1.396186766e-03 
  1.381539041e-03 
  1.380617148e-03 
  1.384758041e-03 
  1.373096136e-03 
  1.373023144e-03 
  1.357922330e-03 
  1.352944179e-03 
  1.357559348e-03 
  1.345382538e-03 
  1.326046302e-03 
  1.332571148e-03 
  1.311018132e-03 
  1.299113501e-03 
  1.299220137e-03 
  1.292885398e-03 
  1.273953705e-03 
  1.273029251e-03 
  1.269327127e-03 
  1.251421287e-03 
  1.205854700e-03 
  1.201689593e-03 
  1.159933046e-03 
  1.210264512e-03 
  1.218778314e-03 
  1.250319416e-03 
  1.234892872e-03 
  1.240454265e-03 
  1.253829687e-03 
  1.242951024e-03 
  1.244584564e-03 
  1.237889519e-03 
  1.251443056e-03 
  1.236131880e-03 
  1.233369927e-03 
  1.239643549e-03 
  1.230185386e-03 
  1.215397846e-03 
  1.220908831e-03 
  1.215281896e-03 
  1.176433405e-03 
  1.161618042e-03 
  1.192142488e-03 
  1.182283042e-03 
  1.152002835e-03 
  1.179988496e-03 
  1.160199405e-03 
  1.144834096e-03 
  1.149995020e-03 
  1.117479522e-03 
  1.110082492e-03 
  1.089140656e-03 
  1.055964502e-03 
  1.056644833e-03 
  1.044695382e-03 
  1.042996417e-03 
  1.048573293e-03 
  1.039198716e-03 
  1.037009759e-03 
  1.051440137e-03 
  1.075515058e-03 
  1.062694937e-03 
  1.059102477e-03 
  1.020117314e-03 
  1.070922590e-03 
  1.076553133e-03 
  1.068179961e-03 
  1.051694504e-03 
  1.052714535e-03 
  1.043296419e-03 
  1.030381885e-03 
  1.020617899e-03 
  1.010994543e-03 
  9.886237094e-04 
  9.869197384e-04 
  9.780892869e-04 
  9.020805010e-04 
  9.390379419e-04 
  9.337670635e-04 
  9.182821959e-04 
  9.004459716e-04 
  9.157790337e-04 
  8.718551835e-04 
  8.831765736e-04 
  8.774531889e-04 
  8.100341074e-04 
  8.204324404e-04 
  8.052066551e-04 
  7.803293993e-04 
  7.573766052e-04 
  7.914752932e-04 
  7.613362395e-04 
  7.554471958e-04 
  7.133386098e-04 
  7.440999616e-04 
  7.423030911e-04 
  7.448928081e-04 
  7.407871890e-04 
  7.425352233e-04 
  7.295180112e-04 
  7.442631759e-04 
  7.348426152e-04 
  7.289597415e-04 
  7.430603728e-04 
  7.367199869e-04 
  7.389050443e-04 
  7.293254603e-04 
