  6.285907030e-01 
  1.564484954e+00 
  1.618092656e+00 
  3.943444014e+00 
  4.337942600e+00 
  7.505257607e+00 
  7.990830898e+00 
  1.143353462e+01 
  1.424713516e+01 
  1.495802307e+01 
  1.612400818e+01 
  3.060636902e+01 
  2.557426834e+01 
  3.203598785e+01 
  3.248857880e+01 
  3.818940735e+01 
  2.952526665e+01 
  4.225200653e+01 
  4.061270523e+01 
  4.502133942e+01 
  4.327497864e+01 
  5.272245026e+01 
  4.595119858e+01 
  4.001052094e+01 
  4.966624069e+01 
  5.480202103e+01 
  7.488301849e+01 
  7.477462769e+01 
  6.146927261e+01 
  7.238681793e+01 
  7.502447510e+01 
  6.045534897e+01 
  6.612845612e+01 
  7.425949860e+01 
  6.174507141e+01 
  6.593391418e+01 
  4.919633484e+01 
  4.669245529e+01 
  5.655835724e+01 
  5.653516388e+01 
  6.307201004e+01 
  5.289457321e+01 
  5.505854034e+01 
  5.487372589e+01 
  4.922946548e+01 
  6.282804108e+01 
  6.916596222e+01 
  6.528180695e+01 
  6.098484421e+01 
  6.634358215e+01 
  6.728679657e+01 
  6.337659073e+01 
  6.442814636e+01 
  5.831171799e+01 
  6.677311707e+01 
  6.712811279e+01 
  6.296100998e+01 
  3.992118835e+01 
  4.302886581e+01 
  4.294029236e+01 
  6.318503571e+01 
  4.969476700e+01 
  5.408262634e+01 
  5.706770325e+01 
  5.650441360e+01 
  5.248252106e+01 
  7.145364380e+01 
  6.341893768e+01 
  5.932047272e+01 
  5.659449768e+01 
  6.455762482e+01 
  5.113661575e+01 
  5.338414764e+01 
  5.275545120e+01 
  4.050876617e+01 
  3.678327179e+01 
  5.215253830e+01 
  5.287820816e+01 
  6.774969482e+01 
  5.165946960e+01 
  4.791889191e+01 
  5.326791000e+01 
  3.940706635e+01 
  2.718310165e+01 
  2.959531784e+01 
  4.404560089e+01 
  3.380500793e+01 
  3.835707092e+01 
  3.754684830e+01 
  4.226935196e+01 
  5.062646103e+01 
  5.594338608e+01 
  4.910572433e+01 
  2.600203514e+01 
  2.841933823e+01 
  4.711772537e+01 
  4.789944458e+01 
  1.925450134e+01 
  5.320751190e+01 
  6.301276016e+01 
  6.114568329e+01 
  5.998494720e+01 
  6.274668121e+01 
  5.800704575e+01 
  6.152976990e+01 
  5.569919205e+01 
  5.456834793e+01 
  5.246526337e+01 
  5.611181641e+01 
  6.131750870e+01 
  5.061273575e+01 
  5.868074036e+01 
  6.003405380e+01 
  5.599604416e+01 
  5.426623154e+01 
  5.715113449e+01 
  5.609314728e+01 
  5.370906830e+01 
  5.188786697e+01 
  5.250267410e+01 
  4.389170074e+01 
  5.431620026e+01 
  5.140898514e+01 
  4.288844299e+01 
  4.660176086e+01 
  4.768084717e+01 
  4.528197479e+01 
  4.303315735e+01 
  4.305332947e+01 
  3.870156479e+01 
  3.051627922e+01 
  2.711210251e+01 
  4.822676086e+01 
  4.242457962e+01 
  3.985100555e+01 
  4.285166168e+01 
  4.696451569e+01 
  4.686941528e+01 
  4.150161362e+01 
  3.969929123e+01 
  4.398648453e+01 
  4.334482574e+01 
  4.513335800e+01 
  4.492228317e+01 
  4.412879944e+01 
  4.589881897e+01 
  4.040124893e+01 
  4.556626511e+01 
  4.581111908e+01 
  4.561280823e+01 
  4.609366989e+01 
  4.926721191e+01 
  4.529875183e+01 
  4.159101486e+01 
  4.386053848e+01 
  4.368903351e+01 
  4.426477051e+01 
  4.403400040e+01 
  4.279600906e+01 
  4.233385086e+01 
  4.151883698e+01 
  4.256790924e+01 
  4.143211365e+01 
  4.100608444e+01 
  4.070904922e+01 
  3.969453049e+01 
  4.052417755e+01 
  3.868664932e+01 
  4.052751923e+01 
  3.975282669e+01 
  3.879712296e+01 
  3.832499695e+01 
  3.839123154e+01 
  3.758005905e+01 
  3.749095154e+01 
  3.860447693e+01 
  3.703391266e+01 
  3.631780624e+01 
  3.771778107e+01 
  3.562981033e+01 
  3.595261383e+01 
  3.536321259e+01 
  3.573210907e+01 
  3.540430069e+01 
  3.369741440e+01 
  3.360332108e+01 
  2.697259521e+01 
  3.001437759e+01 
  3.226647186e+01 
  2.969847679e+01 
  3.347770691e+01 
  3.101997375e+01 
  2.951829910e+01 
  3.148204613e+01 
  3.011846352e+01 
  3.188533211e+01 
  3.075413513e+01 
  2.954592896e+01 
  2.857110214e+01 
  2.822961235e+01 
  2.783742714e+01 
  2.695480347e+01 
  2.652451897e+01 
  2.784027672e+01 
  2.565866280e+01 
  2.741547585e+01 
  2.907471466e+01 
  2.679949188e+01 
  2.546187592e+01 
  2.720174789e+01 
  2.611301613e+01 
  2.587920570e+01 
  2.691109467e+01 
  2.440314674e+01 
  2.367180824e+01 
  2.394530869e+01 
  2.492215347e+01 
  1.819036102e+01 
  2.231509781e+01 
  2.094899750e+01 
  2.285485458e+01 
  2.266045380e+01 
  2.334678078e+01 
  2.155304146e+01 
  2.317411232e+01 
  2.278294373e+01 
  2.151824188e+01 
  1.862972260e+01 
  2.217539215e+01 
  2.260275841e+01 
  2.116872215e+01 
  2.283883095e+01 
  2.159640121e+01 
  1.880242729e+01 
  2.026727676e+01 
  2.049755669e+01 
  2.156034279e+01 
  1.982907295e+01 
  2.057740211e+01 
  2.033281326e+01 
  1.972757912e+01 
  1.793517303e+01 
  1.983628273e+01 
  1.881316948e+01 
  1.967547798e+01 
  1.921926689e+01 
  1.863417816e+01 
  1.926329231e+01 
  1.772427559e+01 
  1.849839401e+01 
  1.794435310e+01 
  1.768922615e+01 
  1.830451965e+01 
  1.744750595e+01 
  1.787469673e+01 
  1.778336143e+01 
  1.715695190e+01 
  1.651691818e+01 
  1.700986862e+01 
  1.595223331e+01 
  1.589711285e+01 
  1.733526993e+01 
  1.578798294e+01 
  1.638926888e+01 
  1.603298950e+01 
  1.609684563e+01 
  1.472560883e+01 
  1.567121220e+01 
  1.549890232e+01 
  1.506410217e+01 
  1.502569866e+01 
  1.438551712e+01 
  1.508134270e+01 
  1.511721802e+01 
  1.492134094e+01 
  1.444598007e+01 
  1.407923794e+01 
  1.456229782e+01 
  1.404110909e+01 
  1.384115982e+01 
  1.422594833e+01 
  1.388327885e+01 
  1.400083447e+01 
  1.400461960e+01 
  1.386602211e+01 
  1.368073368e+01 
  1.300339031e+01 
  1.341051960e+01 
  1.318316269e+01 
  1.161613369e+01 
  1.204569435e+01 
  1.269965267e+01 
  1.237499523e+01 
  1.240965939e+01 
  1.243736744e+01 
  1.212133121e+01 
  1.232571220e+01 
  1.227594280e+01 
  1.193787670e+01 
  1.185631943e+01 
  1.177639484e+01 
  1.162812996e+01 
  1.142226410e+01 
  1.141498280e+01 
  1.169898796e+01 
  1.159179211e+01 
  1.138059711e+01 
  1.124097157e+01 
  1.112514019e+01 
  1.093761539e+01 
  1.069089413e+01 
  1.079236698e+01 
  1.058132839e+01 
  1.035777092e+01 
  9.917814255e+00 
  1.032424259e+01 
  9.751574516e+00 
  9.741894722e+00 
  1.013370705e+01 
  9.973967552e+00 
  1.005389500e+01 
  1.015852642e+01 
  9.558077812e+00 
  9.567836761e+00 
  9.513795853e+00 
  9.193675041e+00 
  9.177690506e+00 
  9.259743690e+00 
  9.001467705e+00 
  9.215681076e+00 
  8.849663734e+00 
  9.129709244e+00 
  8.460356712e+00 
  9.029283524e+00 
  8.711019516e+00 
  8.817867279e+00 
  8.456768990e+00 
  8.684427261e+00 
  8.769005775e+00 
  8.644207001e+00 
  8.323465347e+00 
  8.392260551e+00 
  8.241662979e+00 
  8.332058907e+00 
  8.185764313e+00 
  8.202306747e+00 
  7.841836452e+00 
  7.901425838e+00 
  7.841828346e+00 
  7.945416927e+00 
  7.315901279e+00 
  7.831977844e+00 
  7.634927273e+00 
  7.739854813e+00 
  7.591448784e+00 
  7.345911503e+00 
  6.198436260e+00 
  6.574982166e+00 
  7.279407501e+00 
  7.249242783e+00 
  7.262813091e+00 
  7.254662514e+00 
  7.315958500e+00 
  7.190222263e+00 
  7.033542633e+00 
  7.021905422e+00 
  7.064080715e+00 
  6.882375240e+00 
  6.880132675e+00 
  6.937164307e+00 
  6.813117027e+00 
  6.700699329e+00 
  6.639030933e+00 
  6.646746159e+00 
  6.620015144e+00 
  6.480145931e+00 
  6.563212395e+00 
  6.394409180e+00 
  6.461565018e+00 
  6.332343578e+00 
  6.245866776e+00 
  6.215071678e+00 
  6.164745808e+00 
  6.168808460e+00 
  6.020629406e+00 
  6.053252220e+00 
  5.743210793e+00 
  5.195409775e+00 
  5.302190304e+00 
  5.245399475e+00 
  5.312750340e+00 
  5.410026073e+00 
  5.417540550e+00 
  5.408916473e+00 
  5.407755852e+00 
  5.317684174e+00 
  5.369029522e+00 
  5.434463024e+00 
  5.283837795e+00 
  5.275825024e+00 
  5.195351601e+00 
  5.034136772e+00 
  4.991496563e+00 
  5.091573238e+00 
  5.079383373e+00 
  5.063457966e+00 
  4.985470295e+00 
  4.890477180e+00 
  5.012958050e+00 
  4.825950623e+00 
  4.888275623e+00 
  4.831709385e+00 
  4.754975796e+00 
  4.692991734e+00 
  4.740202427e+00 
  4.525937557e+00 
  4.594508171e+00 
  4.311027050e+00 
  4.186021328e+00 
  4.087504387e+00 
  4.054347515e+00 
  4.203931808e+00 
  4.311182499e+00 
  4.236064911e+00 
  4.130105019e+00 
  4.076570034e+00 
  4.041460514e+00 
  4.092435360e+00 
  3.984234571e+00 
  3.841054201e+00 
  3.953912735e+00 
  3.859049559e+00 
  3.974969864e+00 
  3.958534002e+00 
  4.051799297e+00 
  3.984794855e+00 
  3.867717981e+00 
  3.912631989e+00 
  3.902446032e+00 
  3.764443159e+00 
  3.800328016e+00 
  3.761737347e+00 
  3.684468031e+00 
  3.782679796e+00 
  3.803379059e+00 
  3.688501596e+00 
  3.722776890e+00 
  3.760691404e+00 
  3.673921585e+00 
  3.655852079e+00 
  3.581584930e+00 
  3.553196907e+00 
  3.590168238e+00 
  3.537660360e+00 
  3.574080467e+00 
  3.534590721e+00 
  3.446933270e+00 
  3.453466654e+00 
  3.425587893e+00 
  3.102549076e+00 
  1.703520417e+00 
  1.566731691e+00 
  2.295678139e+00 
  2.098248720e+00 
  2.215637922e+00 
  2.486502409e+00 
  2.634835958e+00 
  2.807966232e+00 
  3.015744686e+00 
  3.068861008e+00 
  3.078650951e+00 
  3.085943699e+00 
  3.062768698e+00 
  3.036314249e+00 
  3.054711103e+00 
  2.925417900e+00 
  3.030507326e+00 
  2.993834257e+00 
  2.962153673e+00 
  2.956196785e+00 
  2.904311657e+00 
  2.884838581e+00 
  2.904328585e+00 
  2.821649075e+00 
  2.822227716e+00 
  2.812033415e+00 
  2.744624376e+00 
  2.763006687e+00 
  2.703275442e+00 
  2.690551281e+00 
  2.648330688e+00 
  2.623771906e+00 
  2.571416378e+00 
  2.561467886e+00 
  2.534606934e+00 
  2.500222206e+00 
  2.510482550e+00 
  2.518723011e+00 
  2.519506454e+00 
  2.501813173e+00 
  2.415820599e+00 
  2.449217796e+00 
  2.431248665e+00 
  2.385508060e+00 
  2.398926497e+00 
  2.329202414e+00 
  2.385076761e+00 
  2.359094381e+00 
  2.330050707e+00 
  2.275740623e+00 
  2.250445843e+00 
  2.267460108e+00 
  2.238400221e+00 
  2.205814362e+00 
  2.176426888e+00 
  2.124018669e+00 
  2.072306633e+00 
  2.075641632e+00 
  2.054476261e+00 
  1.996394992e+00 
  1.973201275e+00 
  2.061038256e+00 
  1.968914032e+00 
  1.925323486e+00 
  1.995552778e+00 
  2.018722534e+00 
  2.015080452e+00 
  1.993990183e+00 
  1.957290053e+00 
  1.954669833e+00 
  1.923220634e+00 
  1.882286429e+00 
  1.912331462e+00 
  1.848791480e+00 
  1.872879028e+00 
  1.878222108e+00 
  1.887385368e+00 
  1.862309694e+00 
  1.864994526e+00 
  1.800917149e+00 
  1.841236830e+00 
  1.834262967e+00 
  1.816512108e+00 
  1.801213861e+00 
  1.765471578e+00 
  1.784884334e+00 
  1.792709589e+00 
  1.724122047e+00 
  1.764688492e+00 
  1.759693146e+00 
  1.513334394e+00 
  1.724369526e+00 
  1.651151776e+00 
  1.663896680e+00 
  1.331264257e+00 
  1.459195733e+00 
  1.649116278e+00 
  1.668151736e+00 
  1.633974195e+00 
  1.626691937e+00 
  1.604798555e+00 
  1.597054839e+00 
  1.584402680e+00 
  1.607104659e+00 
  1.596409440e+00 
  1.559356570e+00 
  1.301872969e+00 
  1.379849076e+00 
  1.489495039e+00 
  1.461756825e+00 
  1.514940023e+00 
  1.505762100e+00 
  1.492771149e+00 
  1.491748810e+00 
  1.452257991e+00 
  1.432222843e+00 
  1.437381744e+00 
  1.459233761e+00 
  1.427334070e+00 
  1.424001098e+00 
  1.409067869e+00 
  1.329563737e+00 
  1.396445870e+00 
  1.358390689e+00 
  1.363665938e+00 
  1.371059537e+00 
  1.319519639e+00 
  1.300491452e+00 
  1.333282232e+00 
  1.336235166e+00 
  1.325519800e+00 
  1.311929464e+00 
  1.298943520e+00 
  1.235365748e+00 
  1.266345263e+00 
  1.183918476e+00 
  1.206166625e+00 
  1.154793978e+00 
  1.143350840e+00 
  1.115231752e+00 
  1.085444450e+00 
  1.052165747e+00 
  1.029123664e+00 
  1.115982533e+00 
  1.151221156e+00 
  1.142076731e+00 
  1.091740012e+00 
  1.080226541e+00 
  1.031247616e+00 
  1.009743452e+00 
  1.019460678e+00 
  1.021922350e+00 
  1.014819860e+00 
  1.013534307e+00 
  1.012520671e+00 
  9.979807734e-01 
  1.007932782e+00 
  9.920580387e-01 
  9.882029295e-01 
  1.016582727e+00 
  1.018311262e+00 
  9.881883860e-01 
  9.747414589e-01 
  9.256964922e-01 
  9.507645369e-01 
  9.583758712e-01 
  9.197508097e-01 
  9.387053251e-01 
  9.241180420e-01 
  8.849437833e-01 
  8.508005142e-01 
  8.150319457e-01 
  7.627183199e-01 
  7.318329811e-01 
  6.928547025e-01 
  6.765812635e-01 
  6.800389886e-01 
  6.893392205e-01 
  7.111875415e-01 
  7.997012138e-01 
  8.045473099e-01 
  7.726808190e-01 
  7.152107358e-01 
  7.068703175e-01 
  6.815710068e-01 
  7.002301812e-01 
  7.075754404e-01 
  7.139582038e-01 
  7.232140899e-01 
  7.214272618e-01 
  7.156748176e-01 
  7.259523869e-01 
  7.042122483e-01 
  7.123696208e-01 
  7.162504792e-01 
  6.559945345e-01 
  6.944627166e-01 
  7.250477672e-01 
  7.319646478e-01 
  7.262817025e-01 
  7.148845196e-01 
  7.015929818e-01 
  7.046303749e-01 
  7.178751826e-01 
  7.092342973e-01 
  7.132998705e-01 
  6.907576919e-01 
  7.208143473e-01 
  7.316678166e-01 
  7.438303828e-01 
  7.433578372e-01 
  7.334245443e-01 
  7.324375510e-01 
  7.158410549e-01 
  6.941394210e-01 
  6.898779273e-01 
  7.013397813e-01 
  6.907531023e-01 
  7.040460110e-01 
  6.834533811e-01 
  7.011793852e-01 
  7.056941390e-01 
  6.987131238e-01 
  6.998695731e-01 
  6.985908747e-01 
  6.990512013e-01 
  6.952962279e-01 
  7.024653554e-01 
  6.914376616e-01 
  6.801587343e-01 
  6.836490035e-01 
  6.882262826e-01 
  6.795959473e-01 
  6.767610908e-01 
  6.791620851e-01 
  6.725953817e-01 
  6.697072387e-01 
  6.669667959e-01 
  6.609533429e-01 
  6.563099623e-01 
  6.486887932e-01 
  6.482129693e-01 
  6.422945857e-01 
  6.327899694e-01 
  6.263044477e-01 
  5.831952691e-01 
  6.115205884e-01 
  6.197243929e-01 
  6.180133820e-01 
  6.094228029e-01 
  6.102945209e-01 
  6.070702076e-01 
  6.058213711e-01 
  5.995970368e-01 
  6.013770700e-01 
  5.879720449e-01 
  5.897142887e-01 
  5.817698240e-01 
  5.865889192e-01 
  5.701036453e-01 
  5.669192672e-01 
  5.708505511e-01 
  5.592988729e-01 
  5.670626760e-01 
  5.615158677e-01 
  5.601994991e-01 
  5.592409372e-01 
  5.534235239e-01 
  5.527507663e-01 
  5.427237153e-01 
  5.465134382e-01 
  5.428819060e-01 
  5.390439034e-01 
  5.270965695e-01 
  5.306708217e-01 
  5.229944587e-01 
  5.276573300e-01 
  5.144972801e-01 
  5.175619125e-01 
  5.176301599e-01 
  5.094849467e-01 
  5.101616383e-01 
  5.096605420e-01 
  4.989006817e-01 
  5.018603802e-01 
  4.977414012e-01 
  4.813484251e-01 
  4.882403314e-01 
  4.910996556e-01 
  4.859283566e-01 
  4.810953438e-01 
  4.792324007e-01 
  4.750910401e-01 
  4.734286070e-01 
  4.666936398e-01 
  4.682402313e-01 
  4.651215971e-01 
  4.623876214e-01 
  4.555533230e-01 
  4.395051003e-01 
  4.536403418e-01 
  4.360257089e-01 
  4.462463856e-01 
  4.368568361e-01 
  4.406495392e-01 
  4.382065237e-01 
  4.231339991e-01 
  4.314090014e-01 
  4.277906120e-01 
  3.940396905e-01 
  4.160290956e-01 
  4.150465131e-01 
  4.145845175e-01 
  3.994530439e-01 
  4.120295048e-01 
  3.982187808e-01 
  4.052043259e-01 
  4.025196135e-01 
  4.018408954e-01 
  3.848131597e-01 
  3.937304318e-01 
  3.778564930e-01 
  3.817288876e-01 
  3.695714176e-01 
  3.816854358e-01 
  3.739402890e-01 
  3.777581453e-01 
  3.547545969e-01 
  3.750022352e-01 
  3.575290442e-01 
  3.636365533e-01 
  3.650032878e-01 
  3.543815613e-01 
  3.469087481e-01 
  3.138747811e-01 
  3.386136293e-01 
  3.361047804e-01 
  3.300453126e-01 
  3.198634982e-01 
  3.149294555e-01 
  3.194195926e-01 
  3.182255626e-01 
  3.035979271e-01 
  3.148773611e-01 
  3.106516302e-01 
  3.070745468e-01 
  3.014133275e-01 
  3.004112542e-01 
  2.986731231e-01 
  3.005717695e-01 
  3.006800115e-01 
  2.947227061e-01 
  2.856772542e-01 
  2.761882246e-01 
  2.760396004e-01 
  2.630416155e-01 
  2.531673312e-01 
  2.421065122e-01 
  2.276363373e-01 
  2.146981657e-01 
  2.072965354e-01 
  2.062693983e-01 
  1.971990466e-01 
  2.014772445e-01 
  2.038621753e-01 
  1.975259632e-01 
  1.925026029e-01 
  1.989092082e-01 
  1.957209557e-01 
  2.031843215e-01 
  2.190642059e-01 
  2.254460454e-01 
  2.185754776e-01 
  2.007612586e-01 
  1.772310138e-01 
  1.805045456e-01 
  2.013630867e-01 
  2.150214612e-01 
  2.178369761e-01 
  2.254128903e-01 
  2.230807692e-01 
  2.117052972e-01 
  2.151623517e-01 
  2.059503645e-01 
  1.987075508e-01 
  1.918655187e-01 
  1.949068606e-01 
  2.009294480e-01 
  2.034722418e-01 
  2.054581493e-01 
  2.039513886e-01 
  2.057072073e-01 
  2.061209232e-01 
  2.072601765e-01 
  2.069471180e-01 
  2.116836607e-01 
  2.127336115e-01 
  2.233959585e-01 
  2.265142202e-01 
  2.257562131e-01 
  2.234151065e-01 
  2.210722417e-01 
  2.307972759e-01 
  2.340958863e-01 
  2.292816043e-01 
  2.331737429e-01 
  2.270005494e-01 
  2.303193212e-01 
  2.313738763e-01 
  2.230349928e-01 
  2.286752909e-01 
  2.301066667e-01 
  2.279069871e-01 
  2.249033153e-01 
  2.242789268e-01 
  2.226452380e-01 
  2.181518525e-01 
  2.233231813e-01 
  2.172439694e-01 
  2.155492902e-01 
  2.172552794e-01 
  2.140573710e-01 
  2.122895569e-01 
  1.993849725e-01 
  2.084440142e-01 
  2.123737484e-01 
  2.098257542e-01 
  2.073178887e-01 
  2.051374018e-01 
  1.935679913e-01 
  2.053639889e-01 
  2.087980509e-01 
  2.083178908e-01 
  2.074010819e-01 
  2.061059475e-01 
  2.018145025e-01 
  2.011809796e-01 
  1.998459697e-01 
  1.923418492e-01 
  1.838863939e-01 
  1.952659488e-01 
  1.960965395e-01 
  1.957442164e-01 
  1.850922853e-01 
  1.876910776e-01 
  1.934093684e-01 
  1.925862730e-01 
  1.936587691e-01 
  1.899590641e-01 
  1.770706028e-01 
  1.881225705e-01 
  1.811535060e-01 
  1.864360422e-01 
  1.873701364e-01 
  1.858136356e-01 
  1.861213595e-01 
  1.860446632e-01 
  1.859589964e-01 
  1.849951744e-01 
  1.827720553e-01 
  1.834518909e-01 
  1.826526374e-01 
  1.811403632e-01 
  1.797715873e-01 
  1.811976433e-01 
  1.797443181e-01 
  1.799674928e-01 
  1.735845506e-01 
  1.787649691e-01 
  1.782318205e-01 
  1.773139983e-01 
  1.768788248e-01 
  1.743542105e-01 
  1.751914769e-01 
  1.744019985e-01 
  1.727511734e-01 
  1.732851118e-01 
  1.728224605e-01 
  1.721770912e-01 
  1.696583480e-01 
  1.683202237e-01 
  1.692065001e-01 
  1.676089168e-01 
  1.651542038e-01 
  1.630070508e-01 
  1.651841998e-01 
  1.632860750e-01 
  1.617853045e-01 
  1.624321043e-01 
  1.612311751e-01 
  1.599590033e-01 
  1.581907272e-01 
  1.570238024e-01 
  1.550361365e-01 
  1.545836180e-01 
  1.535466313e-01 
  1.524589211e-01 
  1.498442590e-01 
  1.491707414e-01 
  1.463828385e-01 
  1.453676075e-01 
  1.438167989e-01 
  1.386959404e-01 
  1.393017918e-01 
  1.362763494e-01 
  1.359412521e-01 
  1.357751638e-01 
  1.321241707e-01 
  1.296255589e-01 
  1.300928891e-01 
  1.331571341e-01 
  1.344986260e-01 
  1.344805509e-01 
  1.346169114e-01 
  1.342108548e-01 
  1.350419819e-01 
  1.351644099e-01 
  1.349114031e-01 
  1.344255209e-01 
  1.333506107e-01 
  1.325903237e-01 
  1.288394332e-01 
  1.143940091e-01 
  1.254424304e-01 
  1.303100288e-01 
  1.310306042e-01 
  1.304724216e-01 
  1.306045651e-01 
  1.283286810e-01 
  1.284050643e-01 
  1.250611544e-01 
  1.265807450e-01 
  1.272288412e-01 
  1.270170957e-01 
  1.241862103e-01 
  1.244301349e-01 
  1.234232411e-01 
  1.217159107e-01 
  1.202319562e-01 
  1.210483909e-01 
  1.201181114e-01 
  1.194352135e-01 
  1.171596646e-01 
  1.150356978e-01 
  1.143595278e-01 
  1.145257801e-01 
  1.141168550e-01 
  1.131677777e-01 
  1.121094003e-01 
  1.107977033e-01 
  1.098992825e-01 
  1.092463359e-01 
  1.075571030e-01 
  1.018490121e-01 
  1.040984988e-01 
  1.007257700e-01 
  1.034550071e-01 
  1.042028740e-01 
  1.013375968e-01 
  1.008356065e-01 
  9.799882025e-02 
  9.658932686e-02 
  9.726339579e-02 
  9.844376147e-02 
  9.884229302e-02 
  9.788806736e-02 
  9.597156197e-02 
  9.239529073e-02 
  8.954375237e-02 
  8.113075793e-02 
  8.036767691e-02 
  7.932022214e-02 
  7.769646496e-02 
  8.054921031e-02 
  8.187146485e-02 
  8.275067806e-02 
  8.202303946e-02 
  8.231880516e-02 
  8.274729550e-02 
  8.207677305e-02 
  8.187063783e-02 
  8.275070786e-02 
  8.239079267e-02 
  8.021496236e-02 
  7.722345740e-02 
  7.042305917e-02 
  6.531555951e-02 
  6.269935519e-02 
  5.863298476e-02 
  5.676522478e-02 
  5.263661593e-02 
  5.071137473e-02 
  4.847162589e-02 
  4.537624493e-02 
  4.366070032e-02 
  4.174184799e-02 
  4.011325911e-02 
  3.810431436e-02 
  3.731486946e-02 
  3.511578217e-02 
  3.323149681e-02 
  3.309832886e-02 
  3.264536709e-02 
  3.298432752e-02 
  3.371060640e-02 
  3.366791084e-02 
  3.399754316e-02 
  3.304748610e-02 
  3.277648985e-02 
  3.214307129e-02 
  3.336701915e-02 
  3.529175371e-02 
  3.812683001e-02 
  3.977917880e-02 
  4.088966176e-02 
  4.056092724e-02 
  3.956599534e-02 
  3.926860169e-02 
  3.754119202e-02 
  3.605870903e-02 
  3.347944096e-02 
  3.178039566e-02 
  3.031346016e-02 
  3.044679016e-02 
  3.162663803e-02 
  3.234211728e-02 
  3.402319551e-02 
  3.603750095e-02 
  3.764244542e-02 
  3.835331649e-02 
  3.773734346e-02 
  3.764495626e-02 
  3.594929725e-02 
  3.445721045e-02 
  3.295918554e-02 
  3.330927715e-02 
  3.480609134e-02 
  3.593338653e-02 
  3.596592695e-02 
  3.537886962e-02 
  3.412223980e-02 
  3.434574604e-02 
  3.582549095e-02 
  3.621792793e-02 
  3.560084850e-02 
  3.568901494e-02 
  3.521182761e-02 
  3.525439650e-02 
  3.608971462e-02 
  3.712667152e-02 
  3.840623796e-02 
  3.976890072e-02 
  3.814476728e-02 
  3.939105198e-02 
  3.956959397e-02 
  4.030267522e-02 
  4.080892727e-02 
  4.118255898e-02 
  4.116916284e-02 
  4.060254246e-02 
  4.066323116e-02 
  4.237390682e-02 
  4.185916483e-02 
  4.171494395e-02 
  4.158328474e-02 
  4.190399125e-02 
  4.015006870e-02 
  4.117275774e-02 
  4.234046489e-02 
  4.166248068e-02 
  4.047882184e-02 
  3.926553205e-02 
  3.931047767e-02 
  3.919424489e-02 
  3.804626316e-02 
  3.909629583e-02 
  3.928194940e-02 
  3.946280852e-02 
  4.002310336e-02 
  4.050894454e-02 
  3.821864724e-02 
  4.023591056e-02 
  3.899642080e-02 
  3.955471516e-02 
  3.990237787e-02 
  3.976684809e-02 
  4.059527069e-02 
  4.078043625e-02 
  4.106877372e-02 
  4.067940637e-02 
  3.979946300e-02 
  3.968822211e-02 
  3.990449384e-02 
  4.196434841e-02 
  4.345743358e-02 
  4.375698417e-02 
  4.453390092e-02 
  4.497481138e-02 
  4.561272264e-02 
  4.497101158e-02 
  4.349966347e-02 
  4.295844957e-02 
  4.156026617e-02 
  4.116374254e-02 
  4.080002010e-02 
  4.058554024e-02 
  3.879187256e-02 
  3.913780302e-02 
  3.752447292e-02 
  3.697808832e-02 
  3.635980561e-02 
  3.663443029e-02 
  3.801881894e-02 
  3.997811303e-02 
  4.009559378e-02 
  4.080031440e-02 
  4.075317085e-02 
  4.032079875e-02 
  3.920153156e-02 
  3.900764138e-02 
  3.940238804e-02 
  3.928282857e-02 
  4.029252753e-02 
  3.953534365e-02 
  3.977323696e-02 
  4.033273458e-02 
  4.006944597e-02 
  4.118881747e-02 
  3.597479686e-02 
  4.270031676e-02 
  4.400305450e-02 
  4.500173032e-02 
  4.396777973e-02 
  4.523567855e-02 
  4.499872774e-02 
  4.499066994e-02 
  4.427237064e-02 
  4.522805288e-02 
  4.618958011e-02 
  4.590363428e-02 
  4.699859023e-02 
  4.667641595e-02 
  4.595265910e-02 
  4.101572558e-02 
  4.275168851e-02 
  4.294154048e-02 
  4.341701418e-02 
  4.569836706e-02 
  4.508289322e-02 
  4.538797215e-02 
  4.605177417e-02 
  4.630305618e-02 
  4.542570934e-02 
  4.527381063e-02 
  4.453688860e-02 
  4.541483521e-02 
  4.491602629e-02 
  4.464703798e-02 
  4.558023810e-02 
  4.506063834e-02 
  4.557362199e-02 
  4.477769881e-02 
  4.440062121e-02 
  4.541261122e-02 
  4.490010440e-02 
  4.370742664e-02 
  4.483221471e-02 
  4.430054128e-02 
  4.455364496e-02 
  4.429488629e-02 
  4.139396548e-02 
  4.415396228e-02 
  4.379833862e-02 
  4.348842800e-02 
  4.273143411e-02 
  4.280258715e-02 
  4.326231778e-02 
  4.332785308e-02 
  4.206842557e-02 
  4.286466911e-02 
  4.121031985e-02 
  4.197553173e-02 
  4.211521894e-02 
  4.190292582e-02 
  4.234891385e-02 
  4.241688177e-02 
  4.235175997e-02 
  4.184823111e-02 
  4.051439092e-02 
  4.144477099e-02 
  4.110873118e-02 
  4.078824446e-02 
  4.138033465e-02 
  4.107058793e-02 
  3.945362568e-02 
  4.000599682e-02 
  3.913625330e-02 
  4.031139985e-02 
  3.989413381e-02 
  3.979373723e-02 
  3.900546953e-02 
  3.981375694e-02 
  3.969702125e-02 
  3.897932544e-02 
  3.806753084e-02 
  3.848824278e-02 
  3.766201437e-02 
  3.744233400e-02 
  3.640673310e-02 
  3.627721593e-02 
  3.514003754e-02 
  3.598950431e-02 
  3.585772589e-02 
  3.522927687e-02 
  3.529386595e-02 
  3.271874040e-02 
  3.506117687e-02 
  3.159460425e-02 
  3.450858593e-02 
  3.465013951e-02 
  3.532814234e-02 
  3.500495851e-02 
  3.428674862e-02 
  3.469510376e-02 
  3.436646983e-02 
  3.534762189e-02 
  3.481538966e-02 
  3.439110145e-02 
  3.380803764e-02 
  3.086552583e-02 
  3.316915408e-02 
  3.234617040e-02 
  3.396449611e-02 
  3.459320217e-02 
  3.420063853e-02 
  3.423957899e-02 
  3.199290484e-02 
  3.305052221e-02 
  3.335857019e-02 
  3.191101924e-02 
  3.217243776e-02 
  3.074078076e-02 
  3.139529377e-02 
  3.113166429e-02 
  3.153003752e-02 
  3.098605201e-02 
  3.081813268e-02 
  3.084404022e-02 
  3.109924123e-02 
  3.090239316e-02 
  2.893088944e-02 
  2.979738265e-02 
  3.012173995e-02 
  3.082744777e-02 
  3.044889867e-02 
  3.096112981e-02 
  2.901730314e-02 
  2.986890078e-02 
  3.072300740e-02 
  3.062283434e-02 
  2.984258533e-02 
  2.937903441e-02 
  3.004388884e-02 
  3.060605191e-02 
  3.075874411e-02 
  2.995367348e-02 
  3.021371737e-02 
  3.010384925e-02 
  3.025647253e-02 
  3.016214259e-02 
  2.924489230e-02 
  2.962905914e-02 
  2.953124233e-02 
  2.906528488e-02 
  2.827587537e-02 
  2.896263264e-02 
  2.877191268e-02 
  2.736795135e-02 
  2.710168064e-02 
  2.669965662e-02 
  2.675506473e-02 
  2.649615705e-02 
  2.639808692e-02 
  2.700336091e-02 
  2.651718445e-02 
  2.649892680e-02 
  2.675183117e-02 
  2.693504095e-02 
  2.674941532e-02 
  2.607294172e-02 
  2.666874789e-02 
  2.601555735e-02 
  2.647913806e-02 
  2.615258284e-02 
  2.638168447e-02 
  2.582855523e-02 
  2.629041858e-02 
  2.603616007e-02 
  2.614197321e-02 
  2.560816146e-02 
  2.583999746e-02 
  2.587718889e-02 
  2.561254054e-02 
  2.536929026e-02 
  2.517676540e-02 
  2.486089431e-02 
  2.469744347e-02 
  2.490221523e-02 
  2.442146093e-02 
  2.443824150e-02 
  2.492139116e-02 
  2.470370568e-02 
  2.347813360e-02 
  2.408819459e-02 
  2.413161099e-02 
  2.384995110e-02 
  2.340994403e-02 
  2.347124368e-02 
  2.354936115e-02 
  2.317181230e-02 
  2.232261561e-02 
  2.149824612e-02 
  2.206592634e-02 
  2.255577222e-02 
  2.291844599e-02 
  2.292981930e-02 
  2.260051109e-02 
  2.263960242e-02 
  2.260003239e-02 
  2.227512375e-02 
  2.220541239e-02 
  2.243939042e-02 
  2.242721617e-02 
  2.229469270e-02 
  2.221065387e-02 
  2.216630988e-02 
  2.198405564e-02 
  2.179701999e-02 
  2.187692933e-02 
  2.168489620e-02 
  2.136141807e-02 
  2.134702355e-02 
  2.122636326e-02 
  2.074700408e-02 
  2.107335441e-02 
  2.111905813e-02 
  2.080903575e-02 
  2.071040869e-02 
  2.008859068e-02 
  2.040775307e-02 
  2.058163099e-02 
  1.897374168e-02 
  2.024977095e-02 
  2.030495182e-02 
  2.025887184e-02 
  2.022489905e-02 
  2.007151209e-02 
  1.983602345e-02 
  1.968464814e-02 
  1.980756037e-02 
  1.931760088e-02 
  1.899020746e-02 
  1.927242242e-02 
  1.826874726e-02 
  1.850111596e-02 
  1.872029714e-02 
  1.886806451e-02 
  1.873350702e-02 
  1.828140020e-02 
  1.861002855e-02 
  1.860345155e-02 
  1.830178127e-02 
  1.805724017e-02 
  1.686840132e-02 
  1.715801097e-02 
  1.723030023e-02 
  1.635722443e-02 
  1.610327139e-02 
  1.685436629e-02 
  1.707771048e-02 
  1.710195653e-02 
  1.666900888e-02 
  1.715401560e-02 
  1.683655940e-02 
  1.703516021e-02 
  1.650066301e-02 
  1.658732072e-02 
  1.613724791e-02 
  1.669724658e-02 
  1.652532071e-02 
  1.645161211e-02 
  1.614879817e-02 
  1.623249985e-02 
  1.624324545e-02 
  1.621151343e-02 
  1.593107730e-02 
  1.606496982e-02 
  1.603982039e-02 
  1.587713882e-02 
  1.590604521e-02 
  1.576260291e-02 
  1.545076817e-02 
  1.503312867e-02 
  1.516917162e-02 
  1.484405994e-02 
  1.506873313e-02 
  1.495762169e-02 
  1.491957065e-02 
  1.467260532e-02 
  1.474825758e-02 
  1.448283345e-02 
  1.447536331e-02 
  1.444822922e-02 
  1.442196593e-02 
  1.409957185e-02 
  1.372324675e-02 
  1.366117690e-02 
  1.327799819e-02 
  1.305829454e-02 
  1.315990556e-02 
  1.306303963e-02 
  1.302910969e-02 
  1.282850467e-02 
  1.261954661e-02 
  1.260174625e-02 
  1.251435187e-02 
  1.258945372e-02 
  1.266239583e-02 
  1.259108353e-02 
  1.225566026e-02 
  1.213465538e-02 
  1.184691209e-02 
  1.165555790e-02 
  1.130268537e-02 
  1.091707032e-02 
  1.098265685e-02 
  1.062514447e-02 
  1.021571830e-02 
  1.022897102e-02 
  9.764326736e-03 
  9.691518731e-03 
  9.104934521e-03 
  8.804522455e-03 
  8.744525723e-03 
  8.837359957e-03 
  8.784772828e-03 
  8.540298790e-03 
  8.395740762e-03 
  8.285321295e-03 
  8.043600246e-03 
  7.697764784e-03 
  7.668857463e-03 
  7.374438457e-03 
  7.373008411e-03 
  7.147450931e-03 
  6.733132992e-03 
  6.625212263e-03 
  6.276102737e-03 
  5.840897560e-03 
  6.090811919e-03 
  6.164981984e-03 
  6.194846705e-03 
  6.097683217e-03 
  5.989146885e-03 
  6.129489746e-03 
  5.781763233e-03 
  5.797564518e-03 
  5.592920817e-03 
  5.528477021e-03 
  5.101518240e-03 
  5.029804073e-03 
  5.004329607e-03 
  4.872231744e-03 
  4.682594445e-03 
  4.656666890e-03 
  4.372360185e-03 
  4.368941300e-03 
  4.282664973e-03 
  4.131946247e-03 
  4.299309570e-03 
  4.321510438e-03 
  4.402982537e-03 
  4.445356317e-03 
  4.290236160e-03 
  4.519073758e-03 
  4.489488434e-03 
  4.438895732e-03 
  4.107827786e-03 
  4.218915012e-03 
  4.274381325e-03 
  4.297742620e-03 
  4.263664130e-03 
  4.227019381e-03 
  4.121217411e-03 
  4.182088189e-03 
  4.179363139e-03 
  4.027704243e-03 
  4.179669544e-03 
  4.237181041e-03 
  4.319517408e-03 
  4.256634042e-03 
  4.460074939e-03 
  4.413829651e-03 
  4.426773638e-03 
  4.369219765e-03 
  4.374824464e-03 
  4.093143158e-03 
  4.014643375e-03 
  3.709227080e-03 
  3.787595546e-03 
  3.500534454e-03 
  3.343910910e-03 
  3.307576058e-03 
  3.315272275e-03 
  3.301204182e-03 
  3.226188710e-03 
  2.991671674e-03 
  3.760300810e-03 
  4.058043938e-03 
  4.133894574e-03 
  4.158613738e-03 
  4.273557104e-03 
  4.346390720e-03 
  4.373195115e-03 
  4.382902291e-03 
  4.347744398e-03 
  4.193826579e-03 
  4.388573579e-03 
  4.317976069e-03 
  4.234447610e-03 
  4.065546673e-03 
  4.192828201e-03 
  4.054503981e-03 
  3.878934309e-03 
  4.025120288e-03 
  3.917858005e-03 
  3.749704221e-03 
  3.723310539e-03 
  3.643934149e-03 
  3.577422583e-03 
  3.526653396e-03 
  3.547860309e-03 
  3.486423520e-03 
  3.503971733e-03 
  3.463807516e-03 
  3.594334237e-03 
  3.600094235e-03 
  3.695571562e-03 
  3.617760492e-03 
  3.678739304e-03 
  3.674811684e-03 
  3.660260700e-03 
  3.544447245e-03 
  3.716014326e-03 
  3.797988407e-03 
  3.764174413e-03 
  3.901722375e-03 
  3.913105931e-03 
  3.999921959e-03 
  3.973854240e-03 
  3.941142000e-03 
  4.090141505e-03 
  4.160468001e-03 
  4.105199594e-03 
  4.176579881e-03 
  4.147873260e-03 
  4.161234479e-03 
  4.165842663e-03 
  4.114697222e-03 
  4.031904042e-03 
  4.182564095e-03 
  4.182744306e-03 
  4.302075133e-03 
  4.222578835e-03 
  4.382510670e-03 
  4.407431465e-03 
  4.457548261e-03 
  4.452453461e-03 
  4.529587459e-03 
  4.318443593e-03 
  4.462790210e-03 
  4.496319219e-03 
  4.530365579e-03 
  4.387911409e-03 
  4.188525956e-03 
  3.926960286e-03 
  4.183262587e-03 
  4.434702918e-03 
  4.478712101e-03 
  4.521202762e-03 
  4.359977785e-03 
  4.224542528e-03 
  4.220227711e-03 
  4.321880173e-03 
  4.245363642e-03 
  4.231084604e-03 
  4.145836458e-03 
  4.238532390e-03 
  4.249467980e-03 
  4.396688193e-03 
  4.354483448e-03 
  4.555583932e-03 
  4.455721937e-03 
  4.584429320e-03 
  4.580227192e-03 
  4.931953270e-03 
  4.801518284e-03 
  5.116118118e-03 
  5.121060647e-03 
  5.308482330e-03 
  5.344277248e-03 
  5.522762891e-03 
  5.467049778e-03 
  5.375789478e-03 
  5.511913449e-03 
  5.759607069e-03 
  5.750838667e-03 
  5.834290292e-03 
  5.525879096e-03 
  5.918481853e-03 
  5.720529705e-03 
  5.876255687e-03 
  5.916315131e-03 
  5.954706576e-03 
  5.877544172e-03 
  5.890037399e-03 
  5.760598928e-03 
  5.776628852e-03 
  5.921818316e-03 
  5.882727914e-03 
  5.854060408e-03 
  5.792518612e-03 
  5.699898582e-03 
  5.457671825e-03 
  5.490667187e-03 
  5.309684668e-03 
  5.297555588e-03 
  4.733044188e-03 
  4.634112120e-03 
  4.095576704e-03 
  4.089051392e-03 
  3.530826420e-03 
  3.529486246e-03 
  3.194247605e-03 
  3.185408888e-03 
  3.214274067e-03 
  3.124620067e-03 
  3.304362064e-03 
  3.295420902e-03 
  3.369598417e-03 
  3.369119251e-03 
  3.391778562e-03 
  3.381053684e-03 
  3.427642863e-03 
  3.387327539e-03 
  3.506273963e-03 
  3.493658034e-03 
  3.685930977e-03 
  3.687359393e-03 
  3.989118151e-03 
  3.951347899e-03 
  4.108618479e-03 
  4.245054442e-03 
  4.554292187e-03 
  4.549465142e-03 
  4.722730257e-03 
  4.756216425e-03 
  4.882823676e-03 
  4.890141543e-03 
  4.900511820e-03 
  4.833730869e-03 
  4.926247988e-03 
  4.998681601e-03 
  5.055633839e-03 
  5.041781347e-03 
  4.886140116e-03 
  4.990958609e-03 
  5.024021491e-03 
  4.745235201e-03 
  4.901090171e-03 
  4.931276664e-03 
  4.886064678e-03 
  4.831169732e-03 
  4.787048791e-03 
  4.776885733e-03 
  4.643345252e-03 
  4.631160758e-03 
  4.597110674e-03 
  4.398368299e-03 
  4.413842224e-03 
  4.185742699e-03 
  4.154487979e-03 
  4.003027920e-03 
  3.939017653e-03 
  3.935270011e-03 
  3.957482520e-03 
  3.988376819e-03 
  3.965314012e-03 
  4.019459244e-03 
  4.013087600e-03 
  4.013017286e-03 
  3.899222706e-03 
  4.006589763e-03 
  3.984001931e-03 
  3.738976084e-03 
  3.950542305e-03 
  3.947762772e-03 
  3.955937922e-03 
  3.914871253e-03 
  3.980093170e-03 
  3.839204554e-03 
  4.054940771e-03 
  4.000784364e-03 
  4.160810262e-03 
  4.146598279e-03 
  4.228229634e-03 
  4.215317313e-03 
  4.267946817e-03 
  4.258784000e-03 
  4.179895390e-03 
  4.257678986e-03 
  4.208136816e-03 
  4.258551635e-03 
  4.176185466e-03 
  4.199149087e-03 
  4.226059653e-03 
  4.251758102e-03 
  4.241595045e-03 
  4.260824062e-03 
  4.258707166e-03 
  4.261007532e-03 
  4.221093841e-03 
  4.052283708e-03 
  4.191974644e-03 
  4.223384894e-03 
  4.082756117e-03 
  4.197657108e-03 
  4.177934956e-03 
  4.164296202e-03 
  4.170741886e-03 
  4.173887894e-03 
  4.161668010e-03 
  4.182141274e-03 
  4.110543989e-03 
  4.165949300e-03 
  4.154567607e-03 
  4.161876626e-03 
  4.141560756e-03 
  4.129469860e-03 
  4.100547172e-03 
  3.996946849e-03 
  4.082313739e-03 
  4.063218366e-03 
  4.034964368e-03 
  4.039900843e-03 
  4.028849304e-03 
  3.993774299e-03 
  3.890626598e-03 
  3.973136656e-03 
  3.991937265e-03 
  3.889048006e-03 
  3.964823205e-03 
  3.923277836e-03 
  3.918515984e-03 
  3.850382753e-03 
  3.926184960e-03 
  3.938035108e-03 
  3.862237092e-03 
  3.934685141e-03 
  3.918469884e-03 
  3.896089504e-03 
  3.912245389e-03 
  3.897936782e-03 
  3.887551371e-03 
  3.868581960e-03 
  3.865749110e-03 
  3.717676038e-03 
  3.837159835e-03 
  3.829197027e-03 
  3.802912310e-03 
  3.791088238e-03 
  3.787545720e-03 
  3.758384380e-03 
  3.732630517e-03 
  3.706542309e-03 
  3.662801813e-03 
  3.598429030e-03 
  3.628224367e-03 
  3.623079043e-03 
  3.572585527e-03 
  3.561633173e-03 
  3.526980057e-03 
  3.511819057e-03 
  3.472786164e-03 
  3.474565689e-03 
  3.466739552e-03 
  3.463308327e-03 
  3.448091913e-03 
  3.436835483e-03 
  3.414605977e-03 
  3.397240071e-03 
  3.387589240e-03 
  3.336019348e-03 
  3.332430264e-03 
  3.279697848e-03 
  3.164637135e-03 
  2.837453270e-03 
  3.098577494e-03 
  3.190761432e-03 
  3.269541077e-03 
  3.260218073e-03 
  3.282585880e-03 
  3.264128231e-03 
  3.269870067e-03 
  3.251598217e-03 
  3.249586094e-03 
  3.223730484e-03 
  3.188058268e-03 
  3.205415327e-03 
  3.076998284e-03 
  3.195343539e-03 
  3.184451256e-03 
  3.149807686e-03 
  3.066563280e-03 
  3.135387786e-03 
  3.137588501e-03 
  3.135405481e-03 
  3.125537187e-03 
  3.041099058e-03 
  3.018671647e-03 
  3.049711697e-03 
  3.079792485e-03 
  3.065790515e-03 
  3.026919905e-03 
  3.013525624e-03 
  2.999098971e-03 
  2.959986450e-03 
  2.943003550e-03 
  2.919097897e-03 
  2.909626346e-03 
  2.893554745e-03 
  2.890464384e-03 
  2.880578395e-03 
  2.906641690e-03 
  2.901907312e-03 
  2.888369141e-03 
  2.810898935e-03 
  2.770076506e-03 
  2.905277535e-03 
  2.840084257e-03 
  2.926174784e-03 
  2.918297891e-03 
  2.903665649e-03 
  2.898336155e-03 
  2.881502034e-03 
  2.875964390e-03 
  2.846664051e-03 
  2.800370334e-03 
  2.829386853e-03 
  2.833316801e-03 
  2.818897367e-03 
  2.808963414e-03 
  2.792755375e-03 
  2.785813063e-03 
  2.773928922e-03 
  2.754998161e-03 
  2.702553291e-03 
  2.705388935e-03 
  2.698662691e-03 
  2.718023956e-03 
  2.683962462e-03 
  2.683232538e-03 
  2.678287216e-03 
  2.665842650e-03 
  2.656100551e-03 
  2.637220547e-03 
  2.621884225e-03 
  2.618406666e-03 
  2.583991736e-03 
  2.525232499e-03 
  2.551916288e-03 
  2.572494559e-03 
  2.562359441e-03 
  2.515298314e-03 
  2.529886551e-03 
  2.526295604e-03 
  2.516392153e-03 
  2.509643557e-03 
  2.437489573e-03 
  2.483816352e-03 
  2.459231531e-03 
  2.451974666e-03 
  2.451601904e-03 
  2.414146205e-03 
  2.349649789e-03 
  2.397146309e-03 
  2.374829026e-03 
  2.370564733e-03 
  2.365770750e-03 
  2.364240354e-03 
  2.342946595e-03 
  2.327343682e-03 
  2.327685012e-03 
  2.241185401e-03 
  2.319531050e-03 
  2.301736735e-03 
  2.269258024e-03 
  2.285311930e-03 
  2.282616915e-03 
  2.273353515e-03 
  2.262619324e-03 
  2.238848479e-03 
  2.255573403e-03 
  2.249110490e-03 
  2.238463610e-03 
  2.201372990e-03 
  2.224537777e-03 
  2.221030416e-03 
  2.215784043e-03 
  2.205038676e-03 
  2.194518922e-03 
  2.083386760e-03 
  2.147356281e-03 
  2.149968175e-03 
  2.142361831e-03 
  2.130891662e-03 
  2.125011757e-03 
  2.125563798e-03 
  2.114503179e-03 
  2.092006849e-03 
  2.088279929e-03 
  2.057012403e-03 
  2.063563326e-03 
  2.055899007e-03 
  1.943665906e-03 
  1.991675701e-03 
  1.980349422e-03 
  1.942149131e-03 
  1.981788548e-03 
  1.983955735e-03 
  1.975222258e-03 
  1.970290206e-03 
  1.988829579e-03 
  1.979482826e-03 
  1.969563076e-03 
  1.987342257e-03 
  1.985981129e-03 
  1.985327341e-03 
  1.981567591e-03 
  1.965527656e-03 
  1.952784136e-03 
  1.955512445e-03 
  1.942993375e-03 
  1.922053052e-03 
  1.907539670e-03 
  1.841297140e-03 
  1.865023398e-03 
  1.843696809e-03 
  1.871361281e-03 
  1.860639895e-03 
  1.834321534e-03 
  1.840710058e-03 
  1.836102922e-03 
  1.745799673e-03 
  1.791185234e-03 
  1.802700455e-03 
  1.780019607e-03 
  1.810701448e-03 
  1.819697092e-03 
  1.802242361e-03 
  1.796048833e-03 
  1.784897526e-03 
  1.770467032e-03 
  1.766202739e-03 
  1.734634163e-03 
  1.707061776e-03 
  1.716220053e-03 
  1.695371233e-03 
  1.683723531e-03 
  1.637346111e-03 
  1.661305199e-03 
  1.660465146e-03 
  1.644032425e-03 
  1.633475069e-03 
  1.625935547e-03 
  1.612501685e-03 
  1.613593893e-03 
  1.601504628e-03 
  1.596908434e-03 
  1.601817552e-03 
  1.588953426e-03 
  1.593967900e-03 
  1.566530555e-03 
  1.515183249e-03 
  1.551938825e-03 
  1.566969091e-03 
  1.578781870e-03 
  1.563345082e-03 
  1.561202225e-03 
  1.585881691e-03 
  1.584557584e-03 
  1.570274122e-03 
  1.553299371e-03 
  1.548487344e-03 
  1.550113433e-03 
  1.516464865e-03 
  1.517018885e-03 
  1.481733401e-03 
  1.471808064e-03 
  1.455257996e-03 
  1.427071053e-03 
  1.441183034e-03 
  1.439207816e-03 
  1.439324813e-03 
  1.366746845e-03 
  1.410001074e-03 
  1.436724677e-03 
  1.429688302e-03 
  1.423069974e-03 
  1.436913619e-03 
  1.429839991e-03 
  1.422965317e-03 
  1.424015500e-03 
  1.353421365e-03 
  1.350392122e-03 
  1.358554116e-03 
  1.366217039e-03 
  1.349925413e-03 
  1.383814262e-03 
  1.376513974e-03 
  1.391671714e-03 
  1.386929769e-03 
  1.381058712e-03 
  1.371403690e-03 
  1.386896009e-03 
  1.372345607e-03 
  1.371435588e-03 
  1.375549007e-03 
  1.363961608e-03 
  1.363886520e-03 
  1.348886406e-03 
  1.343927695e-03 
  1.348512131e-03 
  1.336416462e-03 
  1.317172311e-03 
  1.323653501e-03 
  1.302244724e-03 
  1.290386426e-03 
  1.290492364e-03 
  1.284200232e-03 
  1.265357016e-03 
  1.264438732e-03 
  1.260761754e-03 
  1.242954284e-03 
  1.197696081e-03 
  1.193556702e-03 
  1.152091310e-03 
  1.202082611e-03 
  1.210538787e-03 
  1.241918886e-03 
  1.226596069e-03 
  1.232115086e-03 
  1.245439751e-03 
  1.234633848e-03 
  1.236256561e-03 
  1.229626127e-03 
  1.243089209e-03 
  1.227876521e-03 
  1.225130400e-03 
  1.231361995e-03 
  1.221967279e-03 
  1.207256224e-03 
  1.212730422e-03 
  1.207135618e-03 
  1.168521121e-03 
  1.153805642e-03 
  1.184124616e-03 
  1.174332225e-03 
  1.144255628e-03 
  1.172049553e-03 
  1.152358251e-03 
  1.137096900e-03 
  1.142222900e-03 
  1.109874109e-03 
  1.102527371e-03 
  1.081690076e-03 
  1.048740931e-03 
  1.049416722e-03 
  1.037538284e-03 
  1.035850961e-03 
  1.041389653e-03 
  1.032086206e-03 
  1.029912150e-03 
  1.044243807e-03 
  1.068201265e-03 
  1.055468456e-03 
  1.051900326e-03 
  1.013173955e-03 
  1.063651056e-03 
  1.069243415e-03 
  1.060927170e-03 
  1.044529141e-03 
  1.045542303e-03 
  1.036182628e-03 
  1.023323508e-03 
  1.013626461e-03 
  1.004068996e-03 
  9.818164399e-04 
  9.801242268e-04 
  9.713477921e-04 
  8.958242252e-04 
  9.325254359e-04 
  9.272911702e-04 
  9.119010065e-04 
  8.941887063e-04 
  9.094090201e-04 
  8.657598519e-04 
  8.770021377e-04 
  8.713186835e-04 
  8.043448906e-04 
  8.146702312e-04 
  7.995464257e-04 
  7.748190546e-04 
  7.520283689e-04 
  7.858863100e-04 
  7.559434162e-04 
  7.500961074e-04 
  7.082824013e-04 
  7.388203521e-04 
  7.370362873e-04 
  7.396076689e-04 
  7.355333073e-04 
  7.372689433e-04 
  7.243441069e-04 
  7.389819366e-04 
  7.296283147e-04 
  7.237871177e-04 
  7.377929287e-04 
  7.314974209e-04 
  7.336669951e-04 
  7.241489948e-04 
