  6.097534895e-01 
  1.521978259e+00 
  1.577457428e+00 
  3.855523825e+00 
  4.246357441e+00 
  7.364742756e+00 
  7.851130486e+00 
  1.125129986e+01 
  1.403446293e+01 
  1.474700546e+01 
  1.592205620e+01 
  3.024024010e+01 
  2.529060936e+01 
  3.170293427e+01 
  3.215862274e+01 
  3.783504105e+01 
  2.925818634e+01 
  4.188655090e+01 
  4.027289200e+01 
  4.468083954e+01 
  4.291761398e+01 
  5.234973145e+01 
  4.560145569e+01 
  3.972678757e+01 
  4.933766174e+01 
  5.441358566e+01 
  7.439591980e+01 
  7.429592133e+01 
  6.104851532e+01 
  7.193784332e+01 
  7.456208038e+01 
  6.006597137e+01 
  6.572512817e+01 
  7.381030273e+01 
  6.136192322e+01 
  6.553938293e+01 
  4.890444183e+01 
  4.641036987e+01 
  5.622063446e+01 
  5.620169830e+01 
  6.269491959e+01 
  5.258197784e+01 
  5.473503876e+01 
  5.455070877e+01 
  4.893738174e+01 
  6.245936203e+01 
  6.876152039e+01 
  6.490052032e+01 
  6.062886047e+01 
  6.595702362e+01 
  6.689485168e+01 
  6.300753021e+01 
  6.405248260e+01 
  5.797235489e+01 
  6.638465118e+01 
  6.673752594e+01 
  6.259455109e+01 
  3.968857956e+01 
  4.277803040e+01 
  4.268985748e+01 
  6.281641006e+01 
  4.940529251e+01 
  5.376819611e+01 
  5.673632812e+01 
  5.617651367e+01 
  5.217801285e+01 
  7.103922272e+01 
  6.305115128e+01 
  5.897646713e+01 
  5.626631546e+01 
  6.418326569e+01 
  5.084007645e+01 
  5.307456970e+01 
  5.244950485e+01 
  4.027381516e+01 
  3.656988907e+01 
  5.184989548e+01 
  5.257115936e+01 
  6.735590363e+01 
  5.135894775e+01 
  4.764004898e+01 
  5.295809174e+01 
  3.917803955e+01 
  2.702518845e+01 
  2.942341805e+01 
  4.378976440e+01 
  3.360862732e+01 
  3.813420486e+01 
  3.732864380e+01 
  4.202364731e+01 
  5.033211517e+01 
  5.561804962e+01 
  4.882007980e+01 
  2.585074234e+01 
  2.825393867e+01 
  4.684342194e+01 
  4.762051392e+01 
  1.914234352e+01 
  5.289748383e+01 
  6.264548492e+01 
  6.078916550e+01 
  5.963508987e+01 
  6.238058853e+01 
  5.766849899e+01 
  6.117053986e+01 
  5.537388611e+01 
  5.424953461e+01 
  5.215863037e+01 
  5.578375626e+01 
  6.095888519e+01 
  5.031660843e+01 
  5.833727264e+01 
  5.968253326e+01 
  5.566803741e+01 
  5.394816589e+01 
  5.681605530e+01 
  5.576416397e+01 
  5.339395523e+01 
  5.158330917e+01 
  5.219437790e+01 
  4.363386154e+01 
  5.399698639e+01 
  5.110673141e+01 
  4.263618851e+01 
  4.632754898e+01 
  4.740015793e+01 
  4.501527786e+01 
  4.277958679e+01 
  4.279951096e+01 
  3.847328568e+01 
  3.033618546e+01 
  2.695201683e+01 
  4.794185257e+01 
  4.217381668e+01 
  3.961533356e+01 
  4.259811401e+01 
  4.668648529e+01 
  4.659180069e+01 
  4.125565720e+01 
  3.946389008e+01 
  4.372552109e+01 
  4.308752441e+01 
  4.486528015e+01 
  4.465530396e+01 
  4.386637115e+01 
  4.562569809e+01 
  4.016067505e+01 
  4.529478836e+01 
  4.553808975e+01 
  4.534088898e+01 
  4.581879425e+01 
  4.897329712e+01 
  4.502838898e+01 
  4.134266281e+01 
  4.359849930e+01 
  4.342786026e+01 
  4.399995422e+01 
  4.377037430e+01 
  4.253960037e+01 
  4.208002472e+01 
  4.126971436e+01 
  4.231229782e+01 
  4.118313599e+01 
  4.075947571e+01 
  4.046417999e+01 
  3.945570755e+01 
  4.028030396e+01 
  3.845376587e+01 
  4.028339386e+01 
  3.951316071e+01 
  3.856298828e+01 
  3.809345245e+01 
  3.815898895e+01 
  3.735237503e+01 
  3.726343155e+01 
  3.836970520e+01 
  3.680812073e+01 
  3.609590149e+01 
  3.748722839e+01 
  3.541213226e+01 
  3.573312759e+01 
  3.514743423e+01 
  3.551414490e+01 
  3.518834686e+01 
  3.349181366e+01 
  3.339820862e+01 
  2.680790138e+01 
  2.983106804e+01 
  3.206935120e+01 
  2.951698875e+01 
  3.327306366e+01 
  3.083023453e+01 
  2.933761215e+01 
  3.128920364e+01 
  2.993383789e+01 
  3.168973732e+01 
  3.056525040e+01 
  2.936424255e+01 
  2.839519882e+01 
  2.805559731e+01 
  2.766562080e+01 
  2.678823662e+01 
  2.636040688e+01 
  2.766781425e+01 
  2.549952126e+01 
  2.724522781e+01 
  2.889407349e+01 
  2.663290977e+01 
  2.530354118e+01 
  2.703252029e+01 
  2.595048714e+01 
  2.571804237e+01 
  2.674341011e+01 
  2.425100136e+01 
  2.352414131e+01 
  2.379585266e+01 
  2.476647186e+01 
  1.807661629e+01 
  2.217541695e+01 
  2.081773186e+01 
  2.271150208e+01 
  2.251817131e+01 
  2.320002365e+01 
  2.141739655e+01 
  2.302809525e+01 
  2.263921738e+01 
  2.138234138e+01 
  1.851191139e+01 
  2.203497124e+01 
  2.245944023e+01 
  2.103432274e+01 
  2.269363976e+01 
  2.145894432e+01 
  1.868266487e+01 
  2.013810539e+01 
  2.036685753e+01 
  2.142279625e+01 
  1.970250130e+01 
  2.044597435e+01 
  2.020286179e+01 
  1.960140800e+01 
  1.782038689e+01 
  1.970924377e+01 
  1.869259834e+01 
  1.954928017e+01 
  1.909588623e+01 
  1.851444817e+01 
  1.913941574e+01 
  1.761019707e+01 
  1.837923050e+01 
  1.782864761e+01 
  1.757504654e+01 
  1.818624496e+01 
  1.733464813e+01 
  1.775895500e+01 
  1.766808891e+01 
  1.704561996e+01 
  1.640961266e+01 
  1.689923477e+01 
  1.584835625e+01 
  1.579346848e+01 
  1.722210884e+01 
  1.568476868e+01 
  1.628198433e+01 
  1.592789078e+01 
  1.599116325e+01 
  1.462879086e+01 
  1.556795692e+01 
  1.539641476e+01 
  1.496411324e+01 
  1.492586613e+01 
  1.428995037e+01 
  1.498085403e+01 
  1.501630306e+01 
  1.482163334e+01 
  1.434932995e+01 
  1.398498821e+01 
  1.446484947e+01 
  1.394724369e+01 
  1.374874592e+01 
  1.413111973e+01 
  1.379095173e+01 
  1.390787411e+01 
  1.391172504e+01 
  1.377411079e+01 
  1.359010506e+01 
  1.291727924e+01 
  1.332161236e+01 
  1.309550095e+01 
  1.153847027e+01 
  1.196511459e+01 
  1.261497307e+01 
  1.229230309e+01 
  1.232705212e+01 
  1.235446930e+01 
  1.204028130e+01 
  1.224355507e+01 
  1.219394684e+01 
  1.185818863e+01 
  1.177714634e+01 
  1.169780636e+01 
  1.155049706e+01 
  1.134596539e+01 
  1.133875847e+01 
  1.162092876e+01 
  1.151449203e+01 
  1.130472374e+01 
  1.116604805e+01 
  1.105100250e+01 
  1.086473942e+01 
  1.061967564e+01 
  1.072049522e+01 
  1.051088142e+01 
  1.028882980e+01 
  9.851816177e+00 
  1.025555611e+01 
  9.686709404e+00 
  9.677103996e+00 
  1.006631279e+01 
  9.907631874e+00 
  9.987018585e+00 
  1.009094143e+01 
  9.494472504e+00 
  9.504141808e+00 
  9.450437546e+00 
  9.132425308e+00 
  9.116495132e+00 
  9.197823524e+00 
  8.940793037e+00 
  9.153855324e+00 
  8.790361404e+00 
  9.068639755e+00 
  8.403765678e+00 
  8.968997002e+00 
  8.652978897e+00 
  8.759180069e+00 
  8.400578499e+00 
  8.626801491e+00 
  8.710940361e+00 
  8.587029457e+00 
  8.268487930e+00 
  8.336877823e+00 
  8.187330246e+00 
  8.277106285e+00 
  8.131810188e+00 
  8.148200035e+00 
  7.790005684e+00 
  7.849117279e+00 
  7.789824009e+00 
  7.892837524e+00 
  7.267681122e+00 
  7.780368328e+00 
  7.584460258e+00 
  7.688900471e+00 
  7.541459560e+00 
  7.297480106e+00 
  6.157598495e+00 
  6.531703949e+00 
  7.231570244e+00 
  7.201603889e+00 
  7.215121746e+00 
  7.207108021e+00 
  7.268052101e+00 
  7.143134594e+00 
  6.987505913e+00 
  6.975961208e+00 
  7.017887592e+00 
  6.837391376e+00 
  6.835192680e+00 
  6.891868591e+00 
  6.768645287e+00 
  6.656976223e+00 
  6.595722675e+00 
  6.603397846e+00 
  6.576852798e+00 
  6.437907219e+00 
  6.520442009e+00 
  6.352745533e+00 
  6.419472218e+00 
  6.291095734e+00 
  6.205170631e+00 
  6.174564362e+00 
  6.124571323e+00 
  6.128602505e+00 
  5.981373787e+00 
  6.013805866e+00 
  5.705712795e+00 
  5.160315514e+00 
  5.266775131e+00 
  5.210258007e+00 
  5.277355194e+00 
  5.374238968e+00 
  5.381861687e+00 
  5.373270035e+00 
  5.372058868e+00 
  5.282668114e+00 
  5.333726406e+00 
  5.398941040e+00 
  5.249255657e+00 
  5.241117477e+00 
  5.161199570e+00 
  5.001008034e+00 
  4.958674908e+00 
  5.058234215e+00 
  5.046131134e+00 
  5.030250072e+00 
  4.952782631e+00 
  4.858430862e+00 
  4.980129719e+00 
  4.794390678e+00 
  4.856256962e+00 
  4.800108910e+00 
  4.723917961e+00 
  4.662301064e+00 
  4.709187508e+00 
  4.496269226e+00 
  4.564330578e+00 
  4.282408714e+00 
  4.158036709e+00 
  4.060102463e+00 
  4.027055264e+00 
  4.176099777e+00 
  4.282792568e+00 
  4.208086491e+00 
  4.102588177e+00 
  4.049443722e+00 
  4.014554977e+00 
  4.065223694e+00 
  3.957704306e+00 
  3.815562248e+00 
  3.927657366e+00 
  3.833407402e+00 
  3.948701143e+00 
  3.932511091e+00 
  4.025232792e+00 
  3.958642244e+00 
  3.842288494e+00 
  3.886936903e+00 
  3.876860142e+00 
  3.739778280e+00 
  3.775470972e+00 
  3.737157583e+00 
  3.660402060e+00 
  3.757976532e+00 
  3.778554916e+00 
  3.664438486e+00 
  3.698499441e+00 
  3.736166954e+00 
  3.649973154e+00 
  3.632026672e+00 
  3.558233500e+00 
  3.530029535e+00 
  3.566772938e+00 
  3.514610052e+00 
  3.550793648e+00 
  3.511560678e+00 
  3.424473763e+00 
  3.430962324e+00 
  3.403232098e+00 
  3.081960440e+00 
  1.689927697e+00 
  1.553996682e+00 
  2.278825998e+00 
  2.082322836e+00 
  2.199077368e+00 
  2.468724966e+00 
  2.616969824e+00 
  2.789244175e+00 
  2.995832443e+00 
  3.048727036e+00 
  3.058555603e+00 
  3.065824032e+00 
  3.042807817e+00 
  3.016530037e+00 
  3.034815550e+00 
  2.906370163e+00 
  3.010777712e+00 
  2.974341631e+00 
  2.942862988e+00 
  2.936940670e+00 
  2.885388851e+00 
  2.866045237e+00 
  2.885403633e+00 
  2.803258657e+00 
  2.803825617e+00 
  2.793678761e+00 
  2.726689816e+00 
  2.744938374e+00 
  2.685582638e+00 
  2.672900438e+00 
  2.630951405e+00 
  2.606558084e+00 
  2.554550171e+00 
  2.544680119e+00 
  2.518027544e+00 
  2.483844042e+00 
  2.493985891e+00 
  2.502184153e+00 
  2.502991915e+00 
  2.485404968e+00 
  2.399952888e+00 
  2.433131218e+00 
  2.415276289e+00 
  2.369837523e+00 
  2.383176088e+00 
  2.313927412e+00 
  2.369446039e+00 
  2.343632936e+00 
  2.314770699e+00 
  2.260806561e+00 
  2.235667229e+00 
  2.252550602e+00 
  2.223657370e+00 
  2.191258192e+00 
  2.162028790e+00 
  2.109923840e+00 
  2.058503151e+00 
  2.061815977e+00 
  2.040794134e+00 
  1.983115554e+00 
  1.960127115e+00 
  2.047441483e+00 
  1.955879688e+00 
  1.912453055e+00 
  1.982320786e+00 
  2.005403757e+00 
  2.001774549e+00 
  1.980813742e+00 
  1.944311619e+00 
  1.941722989e+00 
  1.910498261e+00 
  1.869837999e+00 
  1.899686098e+00 
  1.836575150e+00 
  1.860514402e+00 
  1.865844965e+00 
  1.874939561e+00 
  1.850027800e+00 
  1.852705240e+00 
  1.789055705e+00 
  1.829111338e+00 
  1.822175026e+00 
  1.804546595e+00 
  1.789364576e+00 
  1.753864288e+00 
  1.773152351e+00 
  1.780919433e+00 
  1.712786794e+00 
  1.753086805e+00 
  1.748124242e+00 
  1.503380895e+00 
  1.713022828e+00 
  1.640286207e+00 
  1.652952790e+00 
  1.322507024e+00 
  1.449599028e+00 
  1.638270259e+00 
  1.657183409e+00 
  1.623230815e+00 
  1.616002440e+00 
  1.594255090e+00 
  1.586561561e+00 
  1.573994279e+00 
  1.596546292e+00 
  1.585922003e+00 
  1.549113035e+00 
  1.293320060e+00 
  1.370782614e+00 
  1.479707241e+00 
  1.452150583e+00 
  1.504982710e+00 
  1.495864391e+00 
  1.482959032e+00 
  1.481940866e+00 
  1.442708015e+00 
  1.422803402e+00 
  1.427925467e+00 
  1.449632168e+00 
  1.417938352e+00 
  1.414626002e+00 
  1.399788141e+00 
  1.320805073e+00 
  1.387243867e+00 
  1.349440217e+00 
  1.354680538e+00 
  1.362020373e+00 
  1.310814857e+00 
  1.291914225e+00 
  1.324487686e+00 
  1.327421904e+00 
  1.316774487e+00 
  1.303274512e+00 
  1.290364265e+00 
  1.227183104e+00 
  1.257944703e+00 
  1.176033139e+00 
  1.198102236e+00 
  1.147039771e+00 
  1.135656953e+00 
  1.107680321e+00 
  1.078100681e+00 
  1.045034528e+00 
  1.022151351e+00 
  1.108495593e+00 
  1.143536448e+00 
  1.134452343e+00 
  1.084428668e+00 
  1.072948217e+00 
  1.024266601e+00 
  1.002908707e+00 
  1.012564659e+00 
  1.015030146e+00 
  1.007965565e+00 
  1.006639719e+00 
  1.005658388e+00 
  9.912350178e-01 
  1.001124382e+00 
  9.853659272e-01 
  9.815478921e-01 
  1.009771466e+00 
  1.011513114e+00 
  9.815865755e-01 
  9.682288766e-01 
  9.195051789e-01 
  9.443895221e-01 
  9.519472122e-01 
  9.135778546e-01 
  9.323834777e-01 
  9.178594947e-01 
  8.788933754e-01 
  8.449046016e-01 
  8.093075156e-01 
  7.572852373e-01 
  7.265768647e-01 
  6.878392696e-01 
  6.716788411e-01 
  6.751255989e-01 
  6.843554974e-01 
  7.060917020e-01 
  7.941411734e-01 
  7.989873886e-01 
  7.673138976e-01 
  7.101842761e-01 
  7.018288970e-01 
  6.767051220e-01 
  6.952534318e-01 
  7.025483847e-01 
  7.089100480e-01 
  7.181158066e-01 
  7.163401246e-01 
  7.106323838e-01 
  7.208759785e-01 
  6.992492676e-01 
  7.073767781e-01 
  7.112642527e-01 
  6.514036655e-01 
  6.895983219e-01 
  7.200589776e-01 
  7.269410491e-01 
  7.212822437e-01 
  7.099595070e-01 
  6.967521906e-01 
  6.997758150e-01 
  7.129793167e-01 
  7.044041157e-01 
  7.084382176e-01 
  6.860524416e-01 
  7.159341574e-01 
  7.267544866e-01 
  7.388518453e-01 
  7.383835316e-01 
  7.285162807e-01 
  7.275311947e-01 
  7.110354304e-01 
  6.894668341e-01 
  6.852253675e-01 
  6.966202855e-01 
  6.861206293e-01 
  6.993232965e-01 
  6.788730621e-01 
  6.964956522e-01 
  7.009837627e-01 
  6.940463185e-01 
  6.952027082e-01 
  6.939403415e-01 
  6.944019794e-01 
  6.906776428e-01 
  6.978017092e-01 
  6.868478060e-01 
  6.756439805e-01 
  6.791115999e-01 
  6.836606264e-01 
  6.750880480e-01 
  6.722677946e-01 
  6.746554375e-01 
  6.681343317e-01 
  6.652650833e-01 
  6.625415087e-01 
  6.565666795e-01 
  6.519531608e-01 
  6.443828940e-01 
  6.439108253e-01 
  6.380283833e-01 
  6.285873652e-01 
  6.221465468e-01 
  5.793241858e-01 
  6.074614525e-01 
  6.156098843e-01 
  6.139076352e-01 
  6.053708196e-01 
  6.062378883e-01 
  6.030380130e-01 
  6.017986536e-01 
  5.956133604e-01 
  5.973820686e-01 
  5.840660334e-01 
  5.857964158e-01 
  5.779049993e-01 
  5.826916099e-01 
  5.663135052e-01 
  5.631507635e-01 
  5.670572519e-01 
  5.555828810e-01 
  5.632936954e-01 
  5.577827096e-01 
  5.564737320e-01 
  5.555229187e-01 
  5.497431755e-01 
  5.490751266e-01 
  5.391153693e-01 
  5.428807735e-01 
  5.392736197e-01 
  5.354613066e-01 
  5.235933065e-01 
  5.271437764e-01 
  5.195183158e-01 
  5.241494179e-01 
  5.110764503e-01 
  5.141206980e-01 
  5.141878128e-01 
  5.060960054e-01 
  5.067676306e-01 
  5.062695146e-01 
  4.955809712e-01 
  4.985203743e-01 
  4.944276214e-01 
  4.781428874e-01 
  4.849878252e-01 
  4.878265262e-01 
  4.826879799e-01 
  4.778860807e-01 
  4.760345817e-01 
  4.719196558e-01 
  4.702674448e-01 
  4.635760188e-01 
  4.651108086e-01 
  4.620115161e-01 
  4.592936635e-01 
  4.525027871e-01 
  4.365612864e-01 
  4.506012499e-01 
  4.331041873e-01 
  4.432545602e-01 
  4.339268506e-01 
  4.376927912e-01 
  4.352655709e-01 
  4.202941060e-01 
  4.285129607e-01 
  4.249208272e-01 
  3.913969696e-01 
  4.132400155e-01 
  4.122644365e-01 
  4.118056595e-01 
  3.967762589e-01 
  4.092693925e-01 
  3.955529332e-01 
  4.024918079e-01 
  3.998248875e-01 
  3.991503716e-01 
  3.822370768e-01 
  3.910926282e-01 
  3.753252923e-01 
  3.791731894e-01 
  3.670961261e-01 
  3.791278601e-01 
  3.714314997e-01 
  3.752247095e-01 
  3.523791432e-01 
  3.724915981e-01 
  3.551311493e-01 
  3.611969352e-01 
  3.625554442e-01 
  3.520028293e-01 
  3.445751667e-01 
  3.117614090e-01 
  3.363340199e-01 
  3.338422477e-01 
  3.278224170e-01 
  3.176963031e-01 
  3.127823174e-01 
  3.172428906e-01 
  3.160589039e-01 
  3.015298247e-01 
  3.127334714e-01 
  3.085339963e-01 
  3.049747944e-01 
  2.993454039e-01 
  2.983516455e-01 
  2.966263890e-01 
  2.985169590e-01 
  2.986229956e-01 
  2.927031219e-01 
  2.837054431e-01 
  2.742614746e-01 
  2.741077244e-01 
  2.611795366e-01 
  2.513646185e-01 
  2.403637618e-01 
  2.259825617e-01 
  2.131305039e-01 
  2.057741582e-01 
  2.047526091e-01 
  1.957411766e-01 
  1.999916434e-01 
  2.023617774e-01 
  1.960707158e-01 
  1.910838187e-01 
  1.974439919e-01 
  1.942806691e-01 
  2.016973048e-01 
  2.174802423e-01 
  2.238219976e-01 
  2.169927210e-01 
  1.992950290e-01 
  1.759165525e-01 
  1.791671365e-01 
  1.998948157e-01 
  2.134675533e-01 
  2.162786722e-01 
  2.238073498e-01 
  2.214882523e-01 
  2.101880908e-01 
  2.136181295e-01 
  2.044660449e-01 
  1.972692609e-01 
  1.904679537e-01 
  1.934892535e-01 
  1.994752735e-01 
  2.020061463e-01 
  2.039806992e-01 
  2.024855912e-01 
  2.042336911e-01 
  2.046469599e-01 
  2.057817578e-01 
  2.054706067e-01 
  2.101808935e-01 
  2.112323642e-01 
  2.218427211e-01 
  2.249501497e-01 
  2.242064029e-01 
  2.218849659e-01 
  2.195654660e-01 
  2.292295992e-01 
  2.325116098e-01 
  2.277309597e-01 
  2.315977514e-01 
  2.254676819e-01 
  2.287648767e-01 
  2.298120707e-01 
  2.215302885e-01 
  2.271331847e-01 
  2.285565138e-01 
  2.263707072e-01 
  2.233863920e-01 
  2.227662504e-01 
  2.211459577e-01 
  2.166848779e-01 
  2.218203694e-01 
  2.157799900e-01 
  2.140967250e-01 
  2.157903761e-01 
  2.126120329e-01 
  2.108541131e-01 
  1.980370134e-01 
  2.070359141e-01 
  2.109418213e-01 
  2.084102035e-01 
  2.059165388e-01 
  2.037502080e-01 
  1.922606677e-01 
  2.039811611e-01 
  2.073933035e-01 
  2.069180906e-01 
  2.060070634e-01 
  2.047204226e-01 
  2.004561722e-01 
  1.998271197e-01 
  1.985002458e-01 
  1.910464615e-01 
  1.826470047e-01 
  1.939503402e-01 
  1.947751641e-01 
  1.944235265e-01 
  1.838416755e-01 
  1.864222735e-01 
  1.921046823e-01 
  1.912886947e-01 
  1.923547387e-01 
  1.886800379e-01 
  1.758780628e-01 
  1.868554056e-01 
  1.799334288e-01 
  1.851808578e-01 
  1.861100793e-01 
  1.845639497e-01 
  1.848699450e-01 
  1.847944409e-01 
  1.847096235e-01 
  1.837516874e-01 
  1.815428734e-01 
  1.822183281e-01 
  1.814249158e-01 
  1.799231470e-01 
  1.785636544e-01 
  1.799810976e-01 
  1.785377413e-01 
  1.787596196e-01 
  1.724199057e-01 
  1.775659323e-01 
  1.770365834e-01 
  1.761251390e-01 
  1.756928414e-01 
  1.731849909e-01 
  1.740163863e-01 
  1.732315719e-01 
  1.715916693e-01 
  1.721219718e-01 
  1.716623306e-01 
  1.710209846e-01 
  1.685189307e-01 
  1.671893448e-01 
  1.680691391e-01 
  1.664817482e-01 
  1.640432179e-01 
  1.619096696e-01 
  1.640716642e-01 
  1.621856540e-01 
  1.606943160e-01 
  1.613360345e-01 
  1.601424813e-01 
  1.588781476e-01 
  1.571208835e-01 
  1.559609920e-01 
  1.539859474e-01 
  1.535351574e-01 
  1.525040120e-01 
  1.514224559e-01 
  1.488240510e-01 
  1.481538415e-01 
  1.453830302e-01 
  1.443728507e-01 
  1.428306848e-01 
  1.377420872e-01 
  1.383423060e-01 
  1.353366822e-01 
  1.350033730e-01 
  1.348371655e-01 
  1.312100142e-01 
  1.287271082e-01 
  1.291905046e-01 
  1.322374791e-01 
  1.335717440e-01 
  1.335556060e-01 
  1.336925924e-01 
  1.332910657e-01 
  1.341178119e-01 
  1.342406571e-01 
  1.339905560e-01 
  1.335092932e-01 
  1.324426979e-01 
  1.316887438e-01 
  1.279644370e-01 
  1.136179566e-01 
  1.245923117e-01 
  1.294276863e-01 
  1.301440448e-01 
  1.295900494e-01 
  1.297215521e-01 
  1.274605691e-01 
  1.275365204e-01 
  1.242155731e-01 
  1.257253438e-01 
  1.263697594e-01 
  1.261598468e-01 
  1.233478859e-01 
  1.235897765e-01 
  1.225891709e-01 
  1.208930090e-01 
  1.194192991e-01 
  1.202303842e-01 
  1.193064600e-01 
  1.186280549e-01 
  1.163675636e-01 
  1.142566875e-01 
  1.135846227e-01 
  1.137495860e-01 
  1.133432686e-01 
  1.124003157e-01 
  1.113482192e-01 
  1.100440919e-01 
  1.091516241e-01 
  1.085030437e-01 
  1.068234742e-01 
  1.011520103e-01 
  1.033838987e-01 
  1.000352874e-01 
  1.027472839e-01 
  1.034900472e-01 
  1.006419882e-01 
  1.001394987e-01 
  9.731759131e-02 
  9.591618180e-02 
  9.658876061e-02 
  9.776430577e-02 
  9.816181660e-02 
  9.721320122e-02 
  9.530691803e-02 
  9.174893051e-02 
  8.891134709e-02 
  8.055026084e-02 
  7.979025692e-02 
  7.874882966e-02 
  7.713720202e-02 
  7.997073978e-02 
  8.128523082e-02 
  8.215948939e-02 
  8.143749833e-02 
  8.173123747e-02 
  8.215778321e-02 
  8.149234951e-02 
  8.128877729e-02 
  8.216170967e-02 
  8.180451393e-02 
  7.963997126e-02 
  7.666608691e-02 
  6.990815699e-02 
  6.483388692e-02 
  6.223512068e-02 
  5.819687247e-02 
  5.634268001e-02 
  5.224421993e-02 
  5.033339188e-02 
  4.811045155e-02 
  4.503832757e-02 
  4.333566874e-02 
  4.143126309e-02 
  3.981491178e-02 
  3.782095760e-02 
  3.703749180e-02 
  3.485503420e-02 
  3.298488632e-02 
  3.285270929e-02 
  3.240310401e-02 
  3.273949027e-02 
  3.346035257e-02 
  3.341791406e-02 
  3.374502063e-02 
  3.280212730e-02 
  3.253323212e-02 
  3.190449998e-02 
  3.311920166e-02 
  3.502934054e-02 
  3.784313053e-02 
  3.948288783e-02 
  4.058500007e-02 
  4.025867209e-02 
  3.927117959e-02 
  3.897606954e-02 
  3.726170957e-02 
  3.579051420e-02 
  3.323057666e-02 
  3.154445440e-02 
  3.008850105e-02 
  3.022084385e-02 
  3.139175847e-02 
  3.210172802e-02 
  3.377017751e-02 
  3.576920927e-02 
  3.736200184e-02 
  3.806753084e-02 
  3.745612875e-02 
  3.736447915e-02 
  3.568163142e-02 
  3.420086205e-02 
  3.271408379e-02 
  3.306153789e-02 
  3.454702720e-02 
  3.566573933e-02 
  3.569801897e-02 
  3.511540592e-02 
  3.386816010e-02 
  3.409000114e-02 
  3.555859625e-02 
  3.594806790e-02 
  3.533561528e-02 
  3.542314842e-02 
  3.494955227e-02 
  3.499184921e-02 
  3.582084179e-02 
  3.685003147e-02 
  3.811986744e-02 
  3.947235644e-02 
  3.786032274e-02 
  3.909742460e-02 
  3.927462548e-02 
  4.000241309e-02 
  4.050499201e-02 
  4.087599367e-02 
  4.086271301e-02 
  4.030044004e-02 
  4.036073759e-02 
  4.205918685e-02 
  4.154851660e-02 
  4.140557721e-02 
  4.127486423e-02 
  4.159306735e-02 
  3.985217959e-02 
  4.086751491e-02 
  4.202653840e-02 
  4.135334492e-02 
  4.017734528e-02 
  3.897116706e-02 
  3.901480138e-02 
  3.889952973e-02 
  3.776044026e-02 
  3.880316392e-02 
  3.898759931e-02 
  3.916712105e-02 
  3.972378001e-02 
  4.020638019e-02 
  3.793383762e-02 
  3.993665054e-02 
  3.870653734e-02 
  3.926070780e-02 
  3.960626945e-02 
  3.947203606e-02 
  4.029498994e-02 
  4.047947004e-02 
  4.076600447e-02 
  4.037942737e-02 
  3.950568289e-02 
  3.939561546e-02 
  3.961128742e-02 
  4.165761173e-02 
  4.314161465e-02 
  4.344013706e-02 
  4.421262071e-02 
  4.465053231e-02 
  4.528414831e-02 
  4.464626685e-02 
  4.318488762e-02 
  4.264720902e-02 
  4.125814885e-02 
  4.086450115e-02 
  4.050312191e-02 
  4.028950259e-02 
  3.850812837e-02 
  3.885096312e-02 
  3.724884987e-02 
  3.670554608e-02 
  3.609146550e-02 
  3.636494651e-02 
  3.774050996e-02 
  3.968746588e-02 
  3.980564699e-02 
  4.050535336e-02 
  4.045854881e-02 
  4.002889618e-02 
  3.891732544e-02 
  3.872422129e-02 
  3.911659867e-02 
  3.899864852e-02 
  4.000193253e-02 
  3.925044835e-02 
  3.948675841e-02 
  4.004213586e-02 
  3.978155181e-02 
  4.089448974e-02 
  3.571789712e-02 
  4.239792004e-02 
  4.369416460e-02 
  4.468758404e-02 
  4.366117343e-02 
  4.492133111e-02 
  4.468617216e-02 
  4.467935115e-02 
  4.396791011e-02 
  4.491715133e-02 
  4.587351158e-02 
  4.559067264e-02 
  4.667897522e-02 
  4.635881260e-02 
  4.563968256e-02 
  4.073615000e-02 
  4.246056825e-02 
  4.264982790e-02 
  4.312212020e-02 
  4.538858682e-02 
  4.477757961e-02 
  4.508092627e-02 
  4.574033618e-02 
  4.599016532e-02 
  4.511887208e-02 
  4.496809468e-02 
  4.423614964e-02 
  4.510832578e-02 
  4.461294040e-02 
  4.434589669e-02 
  4.527307674e-02 
  4.475724697e-02 
  4.526712745e-02 
  4.447671771e-02 
  4.410218447e-02 
  4.510740563e-02 
  4.459825531e-02 
  4.341351613e-02 
  4.453070834e-02 
  4.400265217e-02 
  4.425409064e-02 
  4.399707168e-02 
  4.111564159e-02 
  4.385701194e-02 
  4.350371659e-02 
  4.319584742e-02 
  4.244397581e-02 
  4.251474515e-02 
  4.297138751e-02 
  4.303659499e-02 
  4.178571701e-02 
  4.257665202e-02 
  4.093344510e-02 
  4.169356078e-02 
  4.183230549e-02 
  4.162154347e-02 
  4.206466675e-02 
  4.213234037e-02 
  4.206755757e-02 
  4.156749323e-02 
  4.024266824e-02 
  4.116680846e-02 
  4.083306342e-02 
  4.051474482e-02 
  4.110288247e-02 
  4.079517722e-02 
  3.918905184e-02 
  3.973776102e-02 
  3.887387365e-02 
  4.004115239e-02 
  3.962666169e-02 
  3.952690586e-02 
  3.874392435e-02 
  3.954675049e-02 
  3.943078965e-02 
  3.871782497e-02 
  3.781196848e-02 
  3.822979331e-02 
  3.740911186e-02 
  3.719044104e-02 
  3.616114706e-02 
  3.603174537e-02 
  3.490169719e-02 
  3.574540094e-02 
  3.561432287e-02 
  3.499028832e-02 
  3.505472466e-02 
  3.249720857e-02 
  3.482379019e-02 
  3.138075024e-02 
  3.427509591e-02 
  3.441588208e-02 
  3.508963063e-02 
  3.476863354e-02 
  3.405564651e-02 
  3.446159884e-02 
  3.413547575e-02 
  3.511025384e-02 
  3.458159417e-02 
  3.416030854e-02 
  3.358106315e-02 
  3.065838106e-02 
  3.294655308e-02 
  3.212909028e-02 
  3.373654932e-02 
  3.436098993e-02 
  3.397112340e-02 
  3.400959820e-02 
  3.177801520e-02 
  3.282817826e-02 
  3.313365579e-02 
  3.169528767e-02 
  3.195448592e-02 
  3.053252771e-02 
  3.118245676e-02 
  3.092071414e-02 
  3.131660074e-02 
  3.077629581e-02 
  3.060959466e-02 
  3.063527308e-02 
  3.088872321e-02 
  3.069320880e-02 
  2.873511985e-02 
  2.959598973e-02 
  2.991846576e-02 
  3.061970696e-02 
  3.024370410e-02 
  3.075271100e-02 
  2.882213145e-02 
  2.966814861e-02 
  3.051651642e-02 
  3.041715734e-02 
  2.964226529e-02 
  2.918177284e-02 
  2.984216250e-02 
  3.040060401e-02 
  3.055230714e-02 
  2.975267917e-02 
  3.001093306e-02 
  2.990181930e-02 
  3.005339205e-02 
  2.995967865e-02 
  2.904856578e-02 
  2.943015471e-02 
  2.933296002e-02 
  2.887010388e-02 
  2.808593959e-02 
  2.876820415e-02 
  2.857871540e-02 
  2.718407474e-02 
  2.691959403e-02 
  2.652015351e-02 
  2.657510899e-02 
  2.631790563e-02 
  2.622049302e-02 
  2.682169713e-02 
  2.633881196e-02 
  2.632068098e-02 
  2.657188475e-02 
  2.675385773e-02 
  2.656946518e-02 
  2.589754760e-02 
  2.648934722e-02 
  2.584058046e-02 
  2.630109154e-02 
  2.597679943e-02 
  2.620436065e-02 
  2.565501630e-02 
  2.611382492e-02 
  2.586127259e-02 
  2.596641891e-02 
  2.543621138e-02 
  2.566647343e-02 
  2.570341527e-02 
  2.544049546e-02 
  2.519883215e-02 
  2.500754781e-02 
  2.469379827e-02 
  2.453145571e-02 
  2.473493852e-02 
  2.425741218e-02 
  2.427401952e-02 
  2.475397661e-02 
  2.453775704e-02 
  2.332041599e-02 
  2.392638102e-02 
  2.396961302e-02 
  2.368984185e-02 
  2.325278334e-02 
  2.331367135e-02 
  2.339114621e-02 
  2.301613055e-02 
  2.217264660e-02 
  2.135382220e-02 
  2.191768773e-02 
  2.240422927e-02 
  2.276446484e-02 
  2.277575061e-02 
  2.244865336e-02 
  2.248758264e-02 
  2.244826220e-02 
  2.212553285e-02 
  2.205626480e-02 
  2.228867076e-02 
  2.227657661e-02 
  2.214494534e-02 
  2.206147462e-02 
  2.201741561e-02 
  2.183638513e-02 
  2.165060304e-02 
  2.172997966e-02 
  2.153923549e-02 
  2.121793851e-02 
  2.120365389e-02 
  2.108380571e-02 
  2.060764655e-02 
  2.093177103e-02 
  2.097716555e-02 
  2.066919208e-02 
  2.057120577e-02 
  1.995357312e-02 
  2.027058974e-02 
  2.044329792e-02 
  1.884621195e-02 
  2.011366189e-02 
  2.016844973e-02 
  2.012268640e-02 
  2.008893900e-02 
  1.993658952e-02 
  1.970269158e-02 
  1.955233142e-02 
  1.967437752e-02 
  1.918762736e-02 
  1.886243373e-02 
  1.914268173e-02 
  1.814569719e-02 
  1.837649383e-02 
  1.859422959e-02 
  1.874104701e-02 
  1.860738918e-02 
  1.815831847e-02 
  1.848475635e-02 
  1.847821660e-02 
  1.817850396e-02 
  1.793555915e-02 
  1.675472409e-02 
  1.704235189e-02 
  1.711406000e-02 
  1.624686830e-02 
  1.599459909e-02 
  1.674060151e-02 
  1.696242765e-02 
  1.698645763e-02 
  1.655641757e-02 
  1.703814603e-02 
  1.672278531e-02 
  1.692000777e-02 
  1.638911478e-02 
  1.647512428e-02 
  1.602813229e-02 
  1.658433490e-02 
  1.641360484e-02 
  1.634037308e-02 
  1.603960618e-02 
  1.612270623e-02 
  1.613332890e-02 
  1.610180922e-02 
  1.582318172e-02 
  1.595617458e-02 
  1.593119279e-02 
  1.576964185e-02 
  1.579834893e-02 
  1.565581933e-02 
  1.534594875e-02 
  1.493114233e-02 
  1.506613474e-02 
  1.474296581e-02 
  1.496610977e-02 
  1.485568937e-02 
  1.481791772e-02 
  1.457263529e-02 
  1.464773435e-02 
  1.438404154e-02 
  1.437662169e-02 
  1.434952486e-02 
  1.432339940e-02 
  1.400278136e-02 
  1.362865791e-02 
  1.356697548e-02 
  1.318610366e-02 
  1.296763588e-02 
  1.306854002e-02 
  1.297208015e-02 
  1.293823961e-02 
  1.273903344e-02 
  1.253121067e-02 
  1.251353510e-02 
  1.242677681e-02 
  1.250129752e-02 
  1.257372834e-02 
  1.250288822e-02 
  1.216919255e-02 
  1.204904169e-02 
  1.176279690e-02 
  1.157267299e-02 
  1.122177020e-02 
  1.083862688e-02 
  1.090374030e-02 
  1.054831035e-02 
  1.014160179e-02 
  1.015475858e-02 
  9.692918509e-03 
  9.620643221e-03 
  9.038029239e-03 
  8.739589714e-03 
  8.680035360e-03 
  8.772155270e-03 
  8.719887584e-03 
  8.477084339e-03 
  8.333561942e-03 
  8.223901503e-03 
  7.983835414e-03 
  7.640521042e-03 
  7.611827925e-03 
  7.319542579e-03 
  7.318123244e-03 
  7.094243076e-03 
  6.682991516e-03 
  6.575874519e-03 
  6.229374092e-03 
  5.797402933e-03 
  6.045468152e-03 
  6.119100843e-03 
  6.148742978e-03 
  6.052286830e-03 
  5.944558419e-03 
  6.083871238e-03 
  5.738749634e-03 
  5.754433572e-03 
  5.551335867e-03 
  5.487367045e-03 
  5.063623656e-03 
  4.992459901e-03 
  4.967175424e-03 
  4.836059641e-03 
  4.647830036e-03 
  4.622120410e-03 
  4.339955281e-03 
  4.336562008e-03 
  4.250934813e-03 
  4.101330880e-03 
  4.267450422e-03 
  4.289463628e-03 
  4.370331764e-03 
  4.412360955e-03 
  4.258391913e-03 
  4.485520534e-03 
  4.456153605e-03 
  4.405946005e-03 
  4.077348392e-03 
  4.187611397e-03 
  4.242670257e-03 
  4.265858792e-03 
  4.232035484e-03 
  4.195665941e-03 
  4.090648144e-03 
  4.151067231e-03 
  4.148363136e-03 
  3.997825552e-03 
  4.148663487e-03 
  4.205732606e-03 
  4.287438467e-03 
  4.225021694e-03 
  4.426937085e-03 
  4.381034523e-03 
  4.393876996e-03 
  4.336758517e-03 
  4.342322238e-03 
  4.062749445e-03 
  3.984832671e-03 
  3.681736067e-03 
  3.759524552e-03 
  3.474594792e-03 
  3.319133073e-03 
  3.283067606e-03 
  3.290697699e-03 
  3.276733914e-03 
  3.202258376e-03 
  2.969481051e-03 
  3.732349491e-03 
  4.027850926e-03 
  4.103137646e-03 
  4.127649125e-03 
  4.241736606e-03 
  4.314009566e-03 
  4.340616055e-03 
  4.350258037e-03 
  4.315361846e-03 
  4.162600264e-03 
  4.355912097e-03 
  4.285839852e-03 
  4.202953540e-03 
  4.035308491e-03 
  4.161653109e-03 
  4.024358001e-03 
  3.850103822e-03 
  3.995209932e-03 
  3.888744395e-03 
  3.721856279e-03 
  3.695658175e-03 
  3.616883419e-03 
  3.550865455e-03 
  3.500493243e-03 
  3.521542763e-03 
  3.460571636e-03 
  3.477973863e-03 
  3.438108135e-03 
  3.567650216e-03 
  3.573367139e-03 
  3.668128280e-03 
  3.590895562e-03 
  3.651421517e-03 
  3.647522768e-03 
  3.633078653e-03 
  3.518125974e-03 
  3.688415047e-03 
  3.769768635e-03 
  3.736205632e-03 
  3.872707486e-03 
  3.884006292e-03 
  3.970163409e-03 
  3.944290336e-03 
  3.911816981e-03 
  4.059707280e-03 
  4.129498266e-03 
  4.074643366e-03 
  4.145494662e-03 
  4.116998985e-03 
  4.130260553e-03 
  4.134837072e-03 
  4.084072076e-03 
  4.001884256e-03 
  4.151422530e-03 
  4.151596688e-03 
  4.270039033e-03 
  4.191120621e-03 
  4.349872004e-03 
  4.374598619e-03 
  4.424341954e-03 
  4.419253673e-03 
  4.495789763e-03 
  4.286220763e-03 
  4.429429770e-03 
  4.462708253e-03 
  4.496436100e-03 
  4.355048761e-03 
  4.157057498e-03 
  3.897457151e-03 
  4.151742905e-03 
  4.401288927e-03 
  4.444763530e-03 
  4.486960359e-03 
  4.326712340e-03 
  4.192309920e-03 
  4.187703598e-03 
  4.288599361e-03 
  4.212478641e-03 
  4.198310431e-03 
  4.113680683e-03 
  4.205821548e-03 
  4.216672387e-03 
  4.363023210e-03 
  4.321141634e-03 
  4.520966206e-03 
  4.421863705e-03 
  4.549861420e-03 
  4.545690957e-03 
  4.895107821e-03 
  4.765646532e-03 
  5.078253802e-03 
  5.083160475e-03 
  5.269717891e-03 
  5.305251107e-03 
  5.482897628e-03 
  5.427610595e-03 
  5.337409675e-03 
  5.472561810e-03 
  5.718867294e-03 
  5.710182711e-03 
  5.793393590e-03 
  5.487143993e-03 
  5.877249874e-03 
  5.680690985e-03 
  5.835582968e-03 
  5.875364877e-03 
  5.913603120e-03 
  5.836985540e-03 
  5.849457346e-03 
  5.720910151e-03 
  5.736870691e-03 
  5.881069694e-03 
  5.842200015e-03 
  5.813729949e-03 
  5.752489902e-03 
  5.660517141e-03 
  5.419655703e-03 
  5.452421494e-03 
  5.271944683e-03 
  5.259905942e-03 
  4.698277451e-03 
  4.600072280e-03 
  4.064309876e-03 
  4.057837185e-03 
  3.502919804e-03 
  3.501590341e-03 
  3.168501426e-03 
  3.159735119e-03 
  3.188310657e-03 
  3.099380527e-03 
  3.277892713e-03 
  3.269023960e-03 
  3.342795186e-03 
  3.342320211e-03 
  3.364889184e-03 
  3.354250221e-03 
  3.400592133e-03 
  3.360594856e-03 
  3.478822997e-03 
  3.466306720e-03 
  3.657511435e-03 
  3.658928908e-03 
  3.958959598e-03 
  3.921476193e-03 
  4.078202415e-03 
  4.213628359e-03 
  4.521275405e-03 
  4.516483750e-03 
  4.689146299e-03 
  4.722394049e-03 
  4.848578013e-03 
  4.855845124e-03 
  4.866470117e-03 
  4.800152965e-03 
  4.892225843e-03 
  4.964159336e-03 
  5.020837300e-03 
  5.007080268e-03 
  4.852572922e-03 
  4.956671037e-03 
  4.989515059e-03 
  4.712644033e-03 
  4.867402837e-03 
  4.897381179e-03 
  4.852408543e-03 
  4.797891714e-03 
  4.753919784e-03 
  4.743826576e-03 
  4.610924516e-03 
  4.598824307e-03 
  4.565011710e-03 
  4.367162939e-03 
  4.382526968e-03 
  4.155490547e-03 
  4.124462139e-03 
  3.973772749e-03 
  3.910230938e-03 
  3.906452563e-03 
  3.928502090e-03 
  3.959305584e-03 
  3.936410416e-03 
  3.990365192e-03 
  3.984040115e-03 
  3.984045237e-03 
  3.871071618e-03 
  3.977644257e-03 
  3.955219407e-03 
  3.711960744e-03 
  3.921998199e-03 
  3.919238690e-03 
  3.927418962e-03 
  3.886648454e-03 
  3.951543011e-03 
  3.811665811e-03 
  4.026213195e-03 
  3.972440958e-03 
  4.131688736e-03 
  4.117575940e-03 
  4.198898096e-03 
  4.186074715e-03 
  4.238517024e-03 
  4.229417536e-03 
  4.151072819e-03 
  4.228417762e-03 
  4.179215990e-03 
  4.229336046e-03 
  4.147534724e-03 
  4.170388449e-03 
  4.197114147e-03 
  4.222687799e-03 
  4.212594591e-03 
  4.231749568e-03 
  4.229647107e-03 
  4.231990315e-03 
  4.192348104e-03 
  4.024687689e-03 
  4.163469188e-03 
  4.194665700e-03 
  4.055024125e-03 
  4.169144668e-03 
  4.149576183e-03 
  4.136030097e-03 
  4.142453894e-03 
  4.145578481e-03 
  4.133461509e-03 
  4.153795540e-03 
  4.082683939e-03 
  4.137719050e-03 
  4.126414191e-03 
  4.133681767e-03 
  4.113503732e-03 
  4.101501312e-03 
  4.072773736e-03 
  3.969881218e-03 
  4.054669756e-03 
  4.035716876e-03 
  4.007654265e-03 
  4.012557212e-03 
  4.001589492e-03 
  3.966751508e-03 
  3.864312312e-03 
  3.946264274e-03 
  3.964955453e-03 
  3.862761660e-03 
  3.938045818e-03 
  3.896781011e-03 
  3.892051522e-03 
  3.824401880e-03 
  3.899691859e-03 
  3.911486827e-03 
  3.836199641e-03 
  3.908180166e-03 
  3.892073873e-03 
  3.869857872e-03 
  3.885905026e-03 
  3.871692577e-03 
  3.861386329e-03 
  3.842544276e-03 
  3.839735407e-03 
  3.692659317e-03 
  3.811339848e-03 
  3.803430358e-03 
  3.777322359e-03 
  3.765574889e-03 
  3.762056353e-03 
  3.733079880e-03 
  3.707499243e-03 
  3.681565635e-03 
  3.638120368e-03 
  3.574152943e-03 
  3.603747115e-03 
  3.598636948e-03 
  3.548455657e-03 
  3.537577577e-03 
  3.503137967e-03 
  3.488079645e-03 
  3.449307987e-03 
  3.451075871e-03 
  3.443302121e-03 
  3.439898835e-03 
  3.424784634e-03 
  3.413605271e-03 
  3.391525708e-03 
  3.374278313e-03 
  3.364692442e-03 
  3.313470865e-03 
  3.309910651e-03 
  3.257534234e-03 
  3.143254435e-03 
  2.818281297e-03 
  3.077649046e-03 
  3.169210628e-03 
  3.247458022e-03 
  3.238204867e-03 
  3.260422032e-03 
  3.242091509e-03 
  3.247794695e-03 
  3.229646012e-03 
  3.227647394e-03 
  3.201966407e-03 
  3.166533075e-03 
  3.183773253e-03 
  3.056218615e-03 
  3.173764562e-03 
  3.162945621e-03 
  3.128530225e-03 
  3.045847872e-03 
  3.114213701e-03 
  3.116399283e-03 
  3.114239313e-03 
  3.104437608e-03 
  3.020569449e-03 
  2.998297103e-03 
  3.029127140e-03 
  3.058990231e-03 
  3.045082558e-03 
  3.006438026e-03 
  2.993134782e-03 
  2.978805685e-03 
  2.939913888e-03 
  2.923046006e-03 
  2.899270738e-03 
  2.889863681e-03 
  2.873901278e-03 
  2.870842582e-03 
  2.861023182e-03 
  2.886948409e-03 
  2.882245928e-03 
  2.868799493e-03 
  2.791898325e-03 
  2.751351567e-03 
  2.885675756e-03 
  2.820922295e-03 
  2.906447509e-03 
  2.898623701e-03 
  2.884090180e-03 
  2.878796309e-03 
  2.862076042e-03 
  2.856570296e-03 
  2.827467863e-03 
  2.781486604e-03 
  2.810300793e-03 
  2.814204199e-03 
  2.799876267e-03 
  2.790009137e-03 
  2.773910528e-03 
  2.767009661e-03 
  2.755205845e-03 
  2.736394526e-03 
  2.684303792e-03 
  2.687120112e-03 
  2.680429723e-03 
  2.699660137e-03 
  2.665816341e-03 
  2.665091539e-03 
  2.660179278e-03 
  2.647809451e-03 
  2.638133010e-03 
  2.619371517e-03 
  2.604138572e-03 
  2.600684529e-03 
  2.566494513e-03 
  2.508132951e-03 
  2.534631407e-03 
  2.555069746e-03 
  2.545003314e-03 
  2.498253947e-03 
  2.512743464e-03 
  2.509166952e-03 
  2.499330323e-03 
  2.492627595e-03 
  2.420949517e-03 
  2.466961741e-03 
  2.442522440e-03 
  2.435314702e-03 
  2.434944268e-03 
  2.397716278e-03 
  2.333658747e-03 
  2.380813938e-03 
  2.358648926e-03 
  2.354413504e-03 
  2.349641174e-03 
  2.348121488e-03 
  2.326968359e-03 
  2.311472315e-03 
  2.311811084e-03 
  2.225906588e-03 
  2.303718124e-03 
  2.286044648e-03 
  2.253784565e-03 
  2.269728808e-03 
  2.267051022e-03 
  2.257850487e-03 
  2.247189637e-03 
  2.223585499e-03 
  2.240196569e-03 
  2.233775798e-03 
  2.223201329e-03 
  2.186363796e-03 
  2.209379338e-03 
  2.205895958e-03 
  2.200691262e-03 
  2.190019237e-03 
  2.179570962e-03 
  2.069191774e-03 
  2.132725203e-03 
  2.135319170e-03 
  2.127763815e-03 
  2.116371412e-03 
  2.110519912e-03 
  2.111067995e-03 
  2.100082580e-03 
  2.077718033e-03 
  2.074016491e-03 
  2.042944776e-03 
  2.049450995e-03 
  2.041838830e-03 
  1.930350787e-03 
  1.978031592e-03 
  1.966782846e-03 
  1.928841695e-03 
  1.968209399e-03 
  1.970366808e-03 
  1.961693168e-03 
  1.956794877e-03 
  1.975231571e-03 
  1.965948613e-03 
  1.956096385e-03 
  1.973788952e-03 
  1.972437138e-03 
  1.971800812e-03 
  1.968066907e-03 
  1.952135819e-03 
  1.939469366e-03 
  1.942178817e-03 
  1.929745311e-03 
  1.908910694e-03 
  1.894496498e-03 
  1.828658162e-03 
  1.852221554e-03 
  1.831041300e-03 
  1.858556643e-03 
  1.847908599e-03 
  1.821723767e-03 
  1.828084001e-03 
  1.823508646e-03 
  1.733854529e-03 
  1.778929494e-03 
  1.790365786e-03 
  1.767863287e-03 
  1.798335579e-03 
  1.807269640e-03 
  1.789925154e-03 
  1.783773885e-03 
  1.772698364e-03 
  1.758337370e-03 
  1.754102181e-03 
  1.722710673e-03 
  1.695327926e-03 
  1.704422408e-03 
  1.683668583e-03 
  1.672101091e-03 
  1.626043813e-03 
  1.649800106e-03 
  1.648965757e-03 
  1.632619300e-03 
  1.622135285e-03 
  1.614648150e-03 
  1.601290889e-03 
  1.602375531e-03 
  1.590369735e-03 
  1.585807302e-03 
  1.590682426e-03 
  1.577907708e-03 
  1.582912868e-03 
  1.555665745e-03 
  1.504709246e-03 
  1.541210804e-03 
  1.556136995e-03 
  1.567906234e-03 
  1.552575850e-03 
  1.550446614e-03 
  1.574968337e-03 
  1.573653426e-03 
  1.559468219e-03 
  1.542581245e-03 
  1.537802513e-03 
  1.539415796e-03 
  1.505944994e-03 
  1.506495173e-03 
  1.471375464e-03 
  1.461519627e-03 
  1.445085276e-03 
  1.417059801e-03 
  1.431072713e-03 
  1.429111348e-03 
  1.429248834e-03 
  1.357178902e-03 
  1.400128822e-03 
  1.426679199e-03 
  1.419692067e-03 
  1.413119840e-03 
  1.426902018e-03 
  1.419877750e-03 
  1.413047663e-03 
  1.414090511e-03 
  1.343988348e-03 
  1.340983901e-03 
  1.349089085e-03 
  1.356698573e-03 
  1.340536168e-03 
  1.374189160e-03 
  1.366939861e-03 
  1.382008544e-03 
  1.377299428e-03 
  1.371466555e-03 
  1.361897914e-03 
  1.377282664e-03 
  1.362833194e-03 
  1.361935632e-03 
  1.366020530e-03 
  1.354510314e-03 
  1.354433130e-03 
  1.339536742e-03 
  1.334598172e-03 
  1.339150942e-03 
  1.327139093e-03 
  1.307990169e-03 
  1.314426190e-03 
  1.293166657e-03 
  1.281356090e-03 
  1.281461329e-03 
  1.275213202e-03 
  1.256461721e-03 
  1.255549840e-03 
  1.251898590e-03 
  1.234192983e-03 
  1.189253759e-03 
  1.185140922e-03 
  1.143976930e-03 
  1.193616074e-03 
  1.202012994e-03 
  1.233226736e-03 
  1.218011021e-03 
  1.223486266e-03 
  1.236758661e-03 
  1.226028078e-03 
  1.227639616e-03 
  1.221075887e-03 
  1.234445372e-03 
  1.219334779e-03 
  1.216604956e-03 
  1.222793362e-03 
  1.213463838e-03 
  1.198831829e-03 
  1.204267843e-03 
  1.198706450e-03 
  1.160334097e-03 
  1.145721530e-03 
  1.175828394e-03 
  1.166105154e-03 
  1.136239152e-03 
  1.163834939e-03 
  1.144244685e-03 
  1.129090553e-03 
  1.134180580e-03 
  1.102004433e-03 
  1.094709733e-03 
  1.073980704e-03 
  1.041266369e-03 
  1.041937270e-03 
  1.030132407e-03 
  1.028456958e-03 
  1.033956185e-03 
  1.024726196e-03 
  1.022567740e-03 
  1.036797184e-03 
  1.060633222e-03 
  1.047990401e-03 
  1.044447767e-03 
  1.005988917e-03 
  1.056126668e-03 
  1.061679563e-03 
  1.053422107e-03 
  1.037114533e-03 
  1.038120477e-03 
  1.028821105e-03 
  1.016019494e-03 
  1.006391714e-03 
  9.969023522e-04 
  9.747724398e-04 
  9.730923339e-04 
  9.643716621e-04 
  8.893502527e-04 
  9.257862694e-04 
  9.205898386e-04 
  9.052977548e-04 
  8.877137443e-04 
  9.028171189e-04 
  8.594521787e-04 
  8.706124499e-04 
  8.649705560e-04 
  7.984574768e-04 
  8.087072056e-04 
  7.936889306e-04 
  7.691166829e-04 
  7.464936352e-04 
  7.801025058e-04 
  7.503625820e-04 
  7.445584633e-04 
  7.030499401e-04 
  7.333567482e-04 
  7.315858384e-04 
  7.341382443e-04 
  7.300962461e-04 
  7.318190765e-04 
  7.189897588e-04 
  7.335166447e-04 
  7.242321735e-04 
  7.184342830e-04 
  7.323416066e-04 
  7.260927232e-04 
  7.282462320e-04 
  7.187918527e-04 
