  5.905370116e-01 
  1.478492498e+00 
  1.535800576e+00 
  3.765145779e+00 
  4.152105808e+00 
  7.219818115e+00 
  7.706886292e+00 
  1.106288815e+01 
  1.381440258e+01 
  1.452851677e+01 
  1.571270752e+01 
  2.986056137e+01 
  2.499628639e+01 
  3.135722542e+01 
  3.181609917e+01 
  3.746702194e+01 
  2.898079872e+01 
  4.150693893e+01 
  3.991990280e+01 
  4.432707977e+01 
  4.254639435e+01 
  5.196250534e+01 
  4.523813629e+01 
  3.943204117e+01 
  4.899634552e+01 
  5.401009750e+01 
  7.388999176e+01 
  7.379874420e+01 
  6.061151505e+01 
  7.147161102e+01 
  7.408193970e+01 
  5.966164780e+01 
  6.530637360e+01 
  7.334397888e+01 
  6.096415329e+01 
  6.512984467e+01 
  4.860147476e+01 
  4.611758423e+01 
  5.587012863e+01 
  5.585564423e+01 
  6.230358887e+01 
  5.225760651e+01 
  5.439937973e+01 
  5.421556473e+01 
  4.863434219e+01 
  6.207689285e+01 
  6.834196472e+01 
  6.450501251e+01 
  6.025962067e+01 
  6.555609131e+01 
  6.648834991e+01 
  6.262479019e+01 
  6.366291428e+01 
  5.762045288e+01 
  6.598185730e+01 
  6.633252716e+01 
  6.221459961e+01 
  3.944741821e+01 
  4.251798630e+01 
  4.243024063e+01 
  6.243429947e+01 
  4.910523605e+01 
  5.344228363e+01 
  5.639286804e+01 
  5.583666992e+01 
  5.186243439e+01 
  7.060975647e+01 
  6.267002487e+01 
  5.862001038e+01 
  5.592625809e+01 
  6.379537582e+01 
  5.053283691e+01 
  5.275383377e+01 
  5.213254547e+01 
  4.003041840e+01 
  3.634884644e+01 
  5.153638840e+01 
  5.225310516e+01 
  6.694802856e+01 
  5.104768753e+01 
  4.735124588e+01 
  5.263722992e+01 
  3.894085312e+01 
  2.686165810e+01 
  2.924540901e+01 
  4.352484131e+01 
  3.340528107e+01 
  3.790344238e+01 
  3.710271835e+01 
  4.176925659e+01 
  5.002737045e+01 
  5.528122330e+01 
  4.852436447e+01 
  2.569412231e+01 
  2.808271980e+01 
  4.655947876e+01 
  4.733179092e+01 
  1.902625275e+01 
  5.257659149e+01 
  6.226535416e+01 
  6.042018127e+01 
  5.927300262e+01 
  6.200172043e+01 
  5.731814194e+01 
  6.079878998e+01 
  5.503725052e+01 
  5.391963196e+01 
  5.184133911e+01 
  5.544430161e+01 
  6.058780670e+01 
  5.001021576e+01 
  5.798191071e+01 
  5.931884766e+01 
  5.532869339e+01 
  5.361910629e+01 
  5.646940613e+01 
  5.542383194e+01 
  5.306797409e+01 
  5.126826859e+01 
  5.187547684e+01 
  4.336715317e+01 
  5.366680527e+01 
  5.079410553e+01 
  4.237527466e+01 
  4.604393387e+01 
  4.710984421e+01 
  4.473944855e+01 
  4.251733780e+01 
  4.253701401e+01 
  3.823720551e+01 
  3.014994431e+01 
  2.678646851e+01 
  4.764722443e+01 
  4.191451263e+01 
  3.937163544e+01 
  4.233592987e+01 
  4.639899445e+01 
  4.630474472e+01 
  4.100134659e+01 
  3.922049713e+01 
  4.345569992e+01 
  4.282149124e+01 
  4.458811951e+01 
  4.437928009e+01 
  4.359506226e+01 
  4.534333038e+01 
  3.991196442e+01 
  4.501413727e+01 
  4.525584030e+01 
  4.505978012e+01 
  4.553464508e+01 
  4.866946793e+01 
  4.474890900e+01 
  4.108594131e+01 
  4.332763672e+01 
  4.315789795e+01 
  4.372623062e+01 
  4.349787521e+01 
  4.227457809e+01 
  4.181766891e+01 
  4.101221848e+01 
  4.204810333e+01 
  4.092579651e+01 
  4.050460052e+01 
  4.021109772e+01 
  3.920888138e+01 
  4.002825928e+01 
  3.821308517e+01 
  4.003109741e+01 
  3.926546860e+01 
  3.832102203e+01 
  3.785416794e+01 
  3.791899109e+01 
  3.711708450e+01 
  3.702830505e+01 
  3.812709045e+01 
  3.657479477e+01 
  3.586658478e+01 
  3.724897766e+01 
  3.518719101e+01 
  3.550632477e+01 
  3.492445755e+01 
  3.528892136e+01 
  3.496519470e+01 
  3.327936935e+01 
  3.318626404e+01 
  2.663772774e+01 
  2.964165688e+01 
  3.186567497e+01 
  2.932946777e+01 
  3.306161880e+01 
  3.063418770e+01 
  2.915092468e+01 
  3.108995628e+01 
  2.974308395e+01 
  3.148764992e+01 
  3.037009430e+01 
  2.917652702e+01 
  2.821345520e+01 
  2.787580681e+01 
  2.748811531e+01 
  2.661614418e+01 
  2.619085312e+01 
  2.748963165e+01 
  2.533510017e+01 
  2.706933212e+01 
  2.870744133e+01 
  2.646080971e+01 
  2.513995743e+01 
  2.685768509e+01 
  2.578257561e+01 
  2.555154419e+01 
  2.657017517e+01 
  2.409382248e+01 
  2.337158775e+01 
  2.364145088e+01 
  2.460564232e+01 
  1.795910645e+01 
  2.203111267e+01 
  2.068212509e+01 
  2.256340790e+01 
  2.237118530e+01 
  2.304841423e+01 
  2.127726746e+01 
  2.287725067e+01 
  2.249073982e+01 
  2.124194908e+01 
  1.839020920e+01 
  2.188990974e+01 
  2.231138611e+01 
  2.089547729e+01 
  2.254364967e+01 
  2.131694412e+01 
  1.855894470e+01 
  2.000466919e+01 
  2.023184013e+01 
  2.128070641e+01 
  1.957174873e+01 
  2.031020355e+01 
  2.006861877e+01 
  1.947107315e+01 
  1.770181465e+01 
  1.957801247e+01 
  1.856804466e+01 
  1.941891670e+01 
  1.896843338e+01 
  1.839076805e+01 
  1.901144981e+01 
  1.749235535e+01 
  1.825613785e+01 
  1.770912743e+01 
  1.745709991e+01 
  1.806406784e+01 
  1.721806717e+01 
  1.763939476e+01 
  1.754901314e+01 
  1.693061066e+01 
  1.629876709e+01 
  1.678495026e+01 
  1.574105167e+01 
  1.568640518e+01 
  1.710521317e+01 
  1.557814789e+01 
  1.617115974e+01 
  1.581932735e+01 
  1.588199139e+01 
  1.452877712e+01 
  1.546129227e+01 
  1.529054165e+01 
  1.486082363e+01 
  1.482273960e+01 
  1.419122791e+01 
  1.487704659e+01 
  1.491205502e+01 
  1.471863365e+01 
  1.424948788e+01 
  1.388762856e+01 
  1.436418438e+01 
  1.385027885e+01 
  1.365328312e+01 
  1.403316212e+01 
  1.369558048e+01 
  1.381184959e+01 
  1.381576920e+01 
  1.367917061e+01 
  1.349649048e+01 
  1.282833290e+01 
  1.322977829e+01 
  1.300495338e+01 
  1.145825100e+01 
  1.188188171e+01 
  1.252750874e+01 
  1.220689011e+01 
  1.224172783e+01 
  1.226884556e+01 
  1.195656586e+01 
  1.215869808e+01 
  1.210925579e+01 
  1.177588081e+01 
  1.169536972e+01 
  1.161663055e+01 
  1.147030926e+01 
  1.126715469e+01 
  1.126002598e+01 
  1.154030228e+01 
  1.143464947e+01 
  1.122635651e+01 
  1.108866024e+01 
  1.097442722e+01 
  1.078946877e+01 
  1.054611874e+01 
  1.064626217e+01 
  1.043812084e+01 
  1.021762466e+01 
  9.783651352e+00 
  1.018461418e+01 
  9.619717598e+00 
  9.610189438e+00 
  9.996708870e+00 
  9.839119911e+00 
  9.917950630e+00 
  1.002114296e+01 
  9.428781509e+00 
  9.438360214e+00 
  9.385004997e+00 
  9.069170952e+00 
  9.053295135e+00 
  9.133875847e+00 
  8.878129959e+00 
  9.090005875e+00 
  8.729117393e+00 
  9.005572319e+00 
  8.345324516e+00 
  8.906739235e+00 
  8.593040466e+00 
  8.698576927e+00 
  8.342551231e+00 
  8.567296028e+00 
  8.650979996e+00 
  8.527986526e+00 
  8.211716652e+00 
  8.279688835e+00 
  8.131226540e+00 
  8.220362663e+00 
  8.076098442e+00 
  8.092331886e+00 
  7.736487389e+00 
  7.795105457e+00 
  7.736125469e+00 
  7.838547230e+00 
  7.217893124e+00 
  7.727077961e+00 
  7.532351494e+00 
  7.636289597e+00 
  7.489844799e+00 
  7.247473717e+00 
  6.115432262e+00 
  6.487020016e+00 
  7.182178497e+00 
  7.152417660e+00 
  7.165882587e+00 
  7.158010960e+00 
  7.218589783e+00 
  7.094519138e+00 
  6.939975739e+00 
  6.928526878e+00 
  6.970194817e+00 
  6.790949345e+00 
  6.788794994e+00 
  6.845105648e+00 
  6.722732544e+00 
  6.611836433e+00 
  6.551010609e+00 
  6.558646679e+00 
  6.532293320e+00 
  6.394300461e+00 
  6.476286411e+00 
  6.309734344e+00 
  6.376015663e+00 
  6.248513222e+00 
  6.163157463e+00 
  6.132746696e+00 
  6.083097458e+00 
  6.087095261e+00 
  5.940848827e+00 
  5.973083496e+00 
  5.667002201e+00 
  5.124077320e+00 
  5.230209351e+00 
  5.173973083e+00 
  5.240810394e+00 
  5.337292194e+00 
  5.345027924e+00 
  5.336469650e+00 
  5.335206985e+00 
  5.246519566e+00 
  5.297282219e+00 
  5.362271309e+00 
  5.213557243e+00 
  5.205288410e+00 
  5.125944614e+00 
  4.966808796e+00 
  4.924792290e+00 
  5.023819923e+00 
  5.011806011e+00 
  4.995969772e+00 
  4.919040203e+00 
  4.825350285e+00 
  4.946242332e+00 
  4.761813164e+00 
  4.823204994e+00 
  4.767488480e+00 
  4.691859245e+00 
  4.630620003e+00 
  4.677171707e+00 
  4.465643883e+00 
  4.533179283e+00 
  4.252864361e+00 
  4.129145622e+00 
  4.031812668e+00 
  3.998876572e+00 
  4.147369385e+00 
  4.253486633e+00 
  4.179205418e+00 
  4.074182034e+00 
  4.021440506e+00 
  3.986779690e+00 
  4.037131786e+00 
  3.930316687e+00 
  3.789247274e+00 
  3.900553942e+00 
  3.806936741e+00 
  3.921584606e+00 
  3.905649185e+00 
  3.997810602e+00 
  3.931647301e+00 
  3.816039562e+00 
  3.860413551e+00 
  3.850449800e+00 
  3.714319706e+00 
  3.749813795e+00 
  3.711786747e+00 
  3.635561943e+00 
  3.732478619e+00 
  3.752932310e+00 
  3.639601231e+00 
  3.673440933e+00 
  3.710853815e+00 
  3.625254869e+00 
  3.607435226e+00 
  3.534131050e+00 
  3.506117105e+00 
  3.542625427e+00 
  3.490818501e+00 
  3.526758671e+00 
  3.487790585e+00 
  3.401292562e+00 
  3.407734871e+00 
  3.380157948e+00 
  3.060706854e+00 
  1.675885916e+00 
  1.540840030e+00 
  2.261420250e+00 
  2.065874338e+00 
  2.181973457e+00 
  2.450363874e+00 
  2.598523855e+00 
  2.769917011e+00 
  2.975278616e+00 
  3.027945280e+00 
  3.037814856e+00 
  3.045058727e+00 
  3.022206068e+00 
  2.996110678e+00 
  3.014281511e+00 
  2.886711121e+00 
  2.990415335e+00 
  2.954223394e+00 
  2.922953367e+00 
  2.917066574e+00 
  2.865858793e+00 
  2.846648932e+00 
  2.865871668e+00 
  2.784278154e+00 
  2.784832954e+00 
  2.774735928e+00 
  2.708179951e+00 
  2.726290226e+00 
  2.667321682e+00 
  2.654682636e+00 
  2.613013506e+00 
  2.588791847e+00 
  2.537142992e+00 
  2.527353764e+00 
  2.500916243e+00 
  2.466940880e+00 
  2.476959705e+00 
  2.485113859e+00 
  2.485946894e+00 
  2.468470335e+00 
  2.383575678e+00 
  2.416528463e+00 
  2.398791075e+00 
  2.353664160e+00 
  2.366920471e+00 
  2.298162460e+00 
  2.353314638e+00 
  2.327675581e+00 
  2.299000502e+00 
  2.245393515e+00 
  2.220413923e+00 
  2.237162590e+00 
  2.208441257e+00 
  2.176234484e+00 
  2.147167921e+00 
  2.095375776e+00 
  2.044254780e+00 
  2.047545195e+00 
  2.026671648e+00 
  1.969408870e+00 
  1.946632743e+00 
  2.033408403e+00 
  1.942426682e+00 
  1.899167895e+00 
  1.968663454e+00 
  1.991657853e+00 
  1.988041401e+00 
  1.967214346e+00 
  1.930915952e+00 
  1.928360105e+00 
  1.897367120e+00 
  1.856989861e+00 
  1.886634707e+00 
  1.823966622e+00 
  1.847753167e+00 
  1.853070855e+00 
  1.862094402e+00 
  1.837351918e+00 
  1.840021610e+00 
  1.776814222e+00 
  1.816597104e+00 
  1.809699416e+00 
  1.792197704e+00 
  1.777135491e+00 
  1.741884947e+00 
  1.761044264e+00 
  1.768751383e+00 
  1.701088428e+00 
  1.741113663e+00 
  1.736184478e+00 
  1.493108392e+00 
  1.701312542e+00 
  1.629072428e+00 
  1.641658187e+00 
  1.313469291e+00 
  1.439695120e+00 
  1.627076745e+00 
  1.645863533e+00 
  1.612143159e+00 
  1.604970574e+00 
  1.583373904e+00 
  1.575732231e+00 
  1.563252568e+00 
  1.585649610e+00 
  1.575098753e+00 
  1.538541317e+00 
  1.284493446e+00 
  1.361425757e+00 
  1.469606042e+00 
  1.442236781e+00 
  1.494706511e+00 
  1.485649824e+00 
  1.472832561e+00 
  1.471818924e+00 
  1.432852268e+00 
  1.413082361e+00 
  1.418166280e+00 
  1.439723134e+00 
  1.408241630e+00 
  1.404950738e+00 
  1.390211225e+00 
  1.311765671e+00 
  1.377747178e+00 
  1.340203166e+00 
  1.345407486e+00 
  1.352691889e+00 
  1.301831126e+00 
  1.283062458e+00 
  1.315411568e+00 
  1.318326592e+00 
  1.307749033e+00 
  1.294342518e+00 
  1.281510353e+00 
  1.218737841e+00 
  1.249274969e+00 
  1.167894602e+00 
  1.189778328e+00 
  1.139035821e+00 
  1.127714992e+00 
  1.099884868e+00 
  1.070519924e+00 
  1.037672997e+00 
  1.014953971e+00 
  1.100767612e+00 
  1.135604978e+00 
  1.126582861e+00 
  1.076882005e+00 
  1.065435290e+00 
  1.017060161e+00 
  9.958533049e-01 
  1.005446076e+00 
  1.007915854e+00 
  1.000890255e+00 
  9.995225072e-01 
  9.985744357e-01 
  9.842715859e-01 
  9.940964580e-01 
  9.784580469e-01 
  9.746785164e-01 
  1.002740979e+00 
  1.004496574e+00 
  9.747725129e-01 
  9.615070820e-01 
  9.131149054e-01 
  9.378096461e-01 
  9.453118443e-01 
  9.072063565e-01 
  9.258581996e-01 
  9.113990664e-01 
  8.726474047e-01 
  8.388175964e-01 
  8.033971786e-01 
  7.516757250e-01 
  7.211498618e-01 
  6.826605797e-01 
  6.666167974e-01 
  6.700524092e-01 
  6.792096496e-01 
  7.008303404e-01 
  7.884007692e-01 
  7.932471633e-01 
  7.617728710e-01 
  7.049947381e-01 
  6.966238618e-01 
  6.716812849e-01 
  6.901151538e-01 
  6.973581910e-01 
  7.036980391e-01 
  7.128521204e-01 
  7.110880613e-01 
  7.054263353e-01 
  7.156349421e-01 
  6.941254139e-01 
  7.022221088e-01 
  7.061163187e-01 
  6.466639638e-01 
  6.845763326e-01 
  7.149085999e-01 
  7.217549086e-01 
  7.161209583e-01 
  7.048750520e-01 
  6.917545795e-01 
  6.947641373e-01 
  7.079252601e-01 
  6.994179487e-01 
  7.034193873e-01 
  6.811951399e-01 
  7.108967900e-01 
  7.216831446e-01 
  7.337134480e-01 
  7.332495451e-01 
  7.234504819e-01 
  7.224672437e-01 
  7.060753703e-01 
  6.846439242e-01 
  6.804231405e-01 
  6.917489767e-01 
  6.813392639e-01 
  6.944488883e-01 
  6.741455793e-01 
  6.916616559e-01 
  6.961222887e-01 
  6.892297268e-01 
  6.903862953e-01 
  6.891407967e-01 
  6.896038055e-01 
  6.859112382e-01 
  6.929888129e-01 
  6.821110249e-01 
  6.709847450e-01 
  6.744289398e-01 
  6.789488792e-01 
  6.704359055e-01 
  6.676308513e-01 
  6.700047255e-01 
  6.635305882e-01 
  6.606808305e-01 
  6.579746604e-01 
  6.520396471e-01 
  6.474570036e-01 
  6.399392486e-01 
  6.394711137e-01 
  6.336256862e-01 
  6.242504120e-01 
  6.178556085e-01 
  5.753292441e-01 
  6.032723784e-01 
  6.113637686e-01 
  6.096704602e-01 
  6.011891365e-01 
  6.020513177e-01 
  5.988768935e-01 
  5.976472497e-01 
  5.915022492e-01 
  5.932593942e-01 
  5.800350308e-01 
  5.817531943e-01 
  5.739165545e-01 
  5.786696672e-01 
  5.624021292e-01 
  5.592617393e-01 
  5.631425381e-01 
  5.517480373e-01 
  5.594040751e-01 
  5.539301634e-01 
  5.526288748e-01 
  5.516860485e-01 
  5.459451675e-01 
  5.452820063e-01 
  5.353917480e-01 
  5.391319990e-01 
  5.355499387e-01 
  5.317641497e-01 
  5.199780464e-01 
  5.235038400e-01 
  5.159309506e-01 
  5.205292702e-01 
  5.075462461e-01 
  5.105694532e-01 
  5.106353760e-01 
  5.025987625e-01 
  5.032650232e-01 
  5.027700663e-01 
  4.921550751e-01 
  4.950735271e-01 
  4.910077751e-01 
  4.748347700e-01 
  4.816312492e-01 
  4.844486415e-01 
  4.793438911e-01 
  4.745740891e-01 
  4.727343619e-01 
  4.686467648e-01 
  4.670050740e-01 
  4.603585899e-01 
  4.618811905e-01 
  4.588018656e-01 
  4.561006129e-01 
  4.493545294e-01 
  4.335231483e-01 
  4.474648237e-01 
  4.300890565e-01 
  4.401668906e-01 
  4.309029281e-01 
  4.346412420e-01 
  4.322303534e-01 
  4.173631370e-01 
  4.255240262e-01 
  4.219590724e-01 
  3.886695504e-01 
  4.103616178e-01 
  4.093931913e-01 
  4.089377224e-01 
  3.940137029e-01 
  4.064208567e-01 
  3.928016722e-01 
  3.996923864e-01 
  3.970438838e-01 
  3.963736892e-01 
  3.795785010e-01 
  3.883702457e-01 
  3.727129996e-01 
  3.765355647e-01 
  3.645415306e-01 
  3.764883280e-01 
  3.688422143e-01 
  3.726100624e-01 
  3.499275744e-01 
  3.699005246e-01 
  3.526563346e-01 
  3.586790860e-01 
  3.600291312e-01 
  3.495478034e-01 
  3.421666622e-01 
  3.095801771e-01 
  3.339811563e-01 
  3.315069675e-01 
  3.255281448e-01 
  3.154593706e-01 
  3.105659485e-01 
  3.149959147e-01 
  3.138223588e-01 
  2.993950248e-01 
  3.105205297e-01 
  3.063479960e-01 
  3.028072417e-01 
  2.972106338e-01 
  2.962255776e-01 
  2.945135236e-01 
  2.963957787e-01 
  2.964995503e-01 
  2.906183600e-01 
  2.816697657e-01 
  2.722722590e-01 
  2.721132338e-01 
  2.592571080e-01 
  2.495033443e-01 
  2.385644168e-01 
  2.242749929e-01 
  2.115118057e-01 
  2.042022347e-01 
  2.031864077e-01 
  1.942358017e-01 
  1.984576434e-01 
  2.008125186e-01 
  1.945680678e-01 
  1.896188259e-01 
  1.959310621e-01 
  1.927935034e-01 
  2.001618892e-01 
  2.158448100e-01 
  2.221451700e-01 
  2.153585404e-01 
  1.977811009e-01 
  1.745593548e-01 
  1.777862012e-01 
  1.983787268e-01 
  2.118631303e-01 
  2.146698087e-01 
  2.221496701e-01 
  2.198440284e-01 
  2.086216211e-01 
  2.120237201e-01 
  2.029335201e-01 
  1.957842112e-01 
  1.890249103e-01 
  1.920255572e-01 
  1.979738474e-01 
  2.004924417e-01 
  2.024552971e-01 
  2.009721845e-01 
  2.027123421e-01 
  2.031251490e-01 
  2.042553723e-01 
  2.039461881e-01 
  2.086293846e-01 
  2.096824944e-01 
  2.202391773e-01 
  2.233354747e-01 
  2.226065248e-01 
  2.203054279e-01 
  2.180101424e-01 
  2.276114374e-01 
  2.308763713e-01 
  2.261305153e-01 
  2.299710959e-01 
  2.238855362e-01 
  2.271604985e-01 
  2.282000631e-01 
  2.199772149e-01 
  2.255415320e-01 
  2.269566059e-01 
  2.247851193e-01 
  2.218207717e-01 
  2.212049961e-01 
  2.195985615e-01 
  2.151708454e-01 
  2.202693373e-01 
  2.142689824e-01 
  2.125974894e-01 
  2.142784297e-01 
  2.111202776e-01 
  2.093725502e-01 
  1.966457218e-01 
  2.055826038e-01 
  2.094639242e-01 
  2.069491893e-01 
  2.044701427e-01 
  2.023183703e-01 
  1.909113228e-01 
  2.025539726e-01 
  2.059435099e-01 
  2.054734081e-01 
  2.045683414e-01 
  2.032904327e-01 
  1.990542561e-01 
  1.984298080e-01 
  1.971113533e-01 
  1.897095144e-01 
  1.813677996e-01 
  1.925925463e-01 
  1.934113353e-01 
  1.930604577e-01 
  1.825508773e-01 
  1.851127148e-01 
  1.907581240e-01 
  1.899494827e-01 
  1.910088807e-01 
  1.873599738e-01 
  1.746472269e-01 
  1.855475754e-01 
  1.786742061e-01 
  1.838854402e-01 
  1.848095953e-01 
  1.832741946e-01 
  1.835783869e-01 
  1.835041642e-01 
  1.834201962e-01 
  1.824683696e-01 
  1.802742928e-01 
  1.809452474e-01 
  1.801578552e-01 
  1.786669493e-01 
  1.773170233e-01 
  1.787256002e-01 
  1.772925109e-01 
  1.775130481e-01 
  1.712179631e-01 
  1.763285249e-01 
  1.758030951e-01 
  1.748982221e-01 
  1.744689047e-01 
  1.719783098e-01 
  1.728037000e-01 
  1.720236689e-01 
  1.703950763e-01 
  1.709216386e-01 
  1.704650670e-01 
  1.698278636e-01 
  1.673430353e-01 
  1.660222709e-01 
  1.668953747e-01 
  1.653184891e-01 
  1.628966480e-01 
  1.607771665e-01 
  1.629234850e-01 
  1.610499769e-01 
  1.595683545e-01 
  1.602048427e-01 
  1.590188891e-01 
  1.577626467e-01 
  1.560167372e-01 
  1.548640877e-01 
  1.529020518e-01 
  1.524530649e-01 
  1.514278948e-01 
  1.503527015e-01 
  1.477710605e-01 
  1.471042335e-01 
  1.443510354e-01 
  1.433460712e-01 
  1.418128163e-01 
  1.367574781e-01 
  1.373518556e-01 
  1.343666464e-01 
  1.340351999e-01 
  1.338688880e-01 
  1.302662790e-01 
  1.277996004e-01 
  1.282589585e-01 
  1.312881112e-01 
  1.326149553e-01 
  1.326008290e-01 
  1.327385008e-01 
  1.323416531e-01 
  1.331638545e-01 
  1.332871318e-01 
  1.330400705e-01 
  1.325635910e-01 
  1.315055937e-01 
  1.307582259e-01 
  1.270613521e-01 
  1.128169820e-01 
  1.237149015e-01 
  1.285170317e-01 
  1.292290390e-01 
  1.286794096e-01 
  1.288102269e-01 
  1.265645921e-01 
  1.266401112e-01 
  1.233428195e-01 
  1.248425022e-01 
  1.254831254e-01 
  1.252751052e-01 
  1.224826872e-01 
  1.227224618e-01 
  1.217283383e-01 
  1.200436801e-01 
  1.185805798e-01 
  1.193861216e-01 
  1.184687540e-01 
  1.177949756e-01 
  1.155500337e-01 
  1.134526432e-01 
  1.127848104e-01 
  1.129484177e-01 
  1.125447974e-01 
  1.116081998e-01 
  1.105625480e-01 
  1.092662290e-01 
  1.083798930e-01 
  1.077358127e-01 
  1.060662046e-01 
  1.004325300e-01 
  1.026462093e-01 
  9.932252020e-02 
  1.020167768e-01 
  1.027542278e-01 
  9.992391616e-02 
  9.942089766e-02 
  9.661431611e-02 
  9.522127360e-02 
  9.589229524e-02 
  9.706287831e-02 
  9.745935351e-02 
  9.651653469e-02 
  9.462075680e-02 
  9.108163416e-02 
  8.825845271e-02 
  7.995093614e-02 
  7.919408381e-02 
  7.815889269e-02 
  7.655977458e-02 
  7.937350869e-02 
  8.067998290e-02 
  8.154913038e-02 
  8.083297312e-02 
  8.112460375e-02 
  8.154914528e-02 
  8.088896424e-02 
  8.068804443e-02 
  8.155359328e-02 
  8.119921386e-02 
  7.904631644e-02 
  7.609061152e-02 
  6.937649101e-02 
  6.433653086e-02 
  6.175577268e-02 
  5.774657428e-02 
  5.590639263e-02 
  5.183908343e-02 
  4.994314536e-02 
  4.773755372e-02 
  4.468943924e-02 
  4.300008714e-02 
  4.111059755e-02 
  3.950688615e-02 
  3.752840683e-02 
  3.675111011e-02 
  3.458582982e-02 
  3.273026273e-02 
  3.259910643e-02 
  3.215297684e-02 
  3.248670697e-02 
  3.320195898e-02 
  3.315980732e-02 
  3.348430246e-02 
  3.254880756e-02 
  3.228207305e-02 
  3.165818378e-02 
  3.286333755e-02 
  3.475840390e-02 
  3.755022585e-02 
  3.917697072e-02 
  4.027044401e-02 
  3.994660079e-02 
  3.896679357e-02 
  3.867404535e-02 
  3.697315976e-02 
  3.551361337e-02 
  3.297363967e-02 
  3.130085394e-02 
  2.985624224e-02 
  2.998755872e-02 
  3.114926256e-02 
  3.185353801e-02 
  3.350894153e-02 
  3.549220785e-02 
  3.707244992e-02 
  3.777246922e-02 
  3.716577962e-02 
  3.707488999e-02 
  3.540527448e-02 
  3.393619508e-02 
  3.246102110e-02 
  3.280575573e-02 
  3.427955508e-02 
  3.538940474e-02 
  3.542141616e-02 
  3.484338522e-02 
  3.360583633e-02 
  3.382595256e-02 
  3.528302908e-02 
  3.566944972e-02 
  3.506177291e-02 
  3.514864668e-02 
  3.467876837e-02 
  3.472078592e-02 
  3.554324061e-02 
  3.656440973e-02 
  3.782419488e-02 
  3.916617110e-02 
  3.756664321e-02 
  3.879425675e-02 
  3.897007927e-02 
  3.969239444e-02 
  4.019118100e-02 
  4.055946320e-02 
  4.054630548e-02 
  3.998851404e-02 
  4.004841298e-02 
  4.173423350e-02 
  4.122777283e-02 
  4.108614475e-02 
  4.095641151e-02 
  4.127203301e-02 
  3.954460472e-02 
  4.055234417e-02 
  4.170239344e-02 
  4.103414342e-02 
  3.986604884e-02 
  3.866721317e-02 
  3.870949522e-02 
  3.859521449e-02 
  3.746530786e-02 
  3.850048408e-02 
  3.868365660e-02 
  3.886179626e-02 
  3.941470012e-02 
  3.989396244e-02 
  3.763974831e-02 
  3.962763771e-02 
  3.840721026e-02 
  3.895712271e-02 
  3.930051252e-02 
  3.916761279e-02 
  3.998493403e-02 
  4.016871750e-02 
  4.045338184e-02 
  4.006967694e-02 
  3.920234740e-02 
  3.909348696e-02 
  3.930854052e-02 
  4.134090245e-02 
  4.281551763e-02 
  4.311299697e-02 
  4.388090968e-02 
  4.431572929e-02 
  4.494489729e-02 
  4.431097209e-02 
  4.285987839e-02 
  4.232585803e-02 
  4.094620794e-02 
  4.055553675e-02 
  4.019657150e-02 
  3.998384252e-02 
  3.821516037e-02 
  3.855478764e-02 
  3.696425259e-02 
  3.642414138e-02 
  3.581439704e-02 
  3.608669713e-02 
  3.745315224e-02 
  3.938737512e-02 
  3.950628266e-02 
  4.020081088e-02 
  4.015436023e-02 
  3.972750157e-02 
  3.862388432e-02 
  3.843158856e-02 
  3.882152215e-02 
  3.870521858e-02 
  3.970189765e-02 
  3.895631433e-02 
  3.919098899e-02 
  3.974211216e-02 
  3.948432207e-02 
  4.059061408e-02 
  3.545267507e-02 
  4.208571836e-02 
  4.337527230e-02 
  4.436327145e-02 
  4.334465042e-02 
  4.459681362e-02 
  4.436349496e-02 
  4.435797036e-02 
  4.365361482e-02 
  4.459620640e-02 
  4.554725066e-02 
  4.526763409e-02 
  4.634908214e-02 
  4.603099078e-02 
  4.531663284e-02 
  4.044756666e-02 
  4.216007516e-02 
  4.234873503e-02 
  4.281774536e-02 
  4.506884888e-02 
  4.446245730e-02 
  4.476402327e-02 
  4.541889951e-02 
  4.566723108e-02 
  4.480218887e-02 
  4.465257376e-02 
  4.392575845e-02 
  4.479198530e-02 
  4.430014268e-02 
  4.403509572e-02 
  4.495606199e-02 
  4.444413632e-02 
  4.495082051e-02 
  4.416609555e-02 
  4.379418865e-02 
  4.479243234e-02 
  4.428674281e-02 
  4.311019182e-02 
  4.421955720e-02 
  4.369522631e-02 
  4.394494370e-02 
  4.368972406e-02 
  4.082840309e-02 
  4.355055839e-02 
  4.319966212e-02 
  4.289390147e-02 
  4.214731976e-02 
  4.221768677e-02 
  4.267114028e-02 
  4.273601994e-02 
  4.149395600e-02 
  4.227941856e-02 
  4.064770788e-02 
  4.140256718e-02 
  4.154034704e-02 
  4.133115709e-02 
  4.177133739e-02 
  4.183869809e-02 
  4.177427664e-02 
  4.127778858e-02 
  3.996226564e-02 
  4.087996110e-02 
  4.054858908e-02 
  4.023250937e-02 
  4.081656039e-02 
  4.051096365e-02 
  3.891602531e-02 
  3.946095333e-02 
  3.860310465e-02 
  3.976227343e-02 
  3.935064375e-02 
  3.925154731e-02 
  3.847401589e-02 
  3.927121684e-02 
  3.915604576e-02 
  3.844796121e-02 
  3.754824027e-02 
  3.796307743e-02 
  3.714811802e-02 
  3.693048283e-02 
  3.590769321e-02 
  3.577840328e-02 
  3.465570882e-02 
  3.549346328e-02 
  3.536311164e-02 
  3.474362940e-02 
  3.480790555e-02 
  3.226857260e-02 
  3.457877785e-02 
  3.116003238e-02 
  3.403412551e-02 
  3.417411819e-02 
  3.484348208e-02 
  3.452472389e-02 
  3.381714597e-02 
  3.422062472e-02 
  3.389708698e-02 
  3.486529365e-02 
  3.434032202e-02 
  3.392213583e-02 
  3.334683552e-02 
  3.044461459e-02 
  3.271684051e-02 
  3.190507367e-02 
  3.350131959e-02 
  3.412135318e-02 
  3.373427317e-02 
  3.377225995e-02 
  3.155624866e-02 
  3.259873018e-02 
  3.290153295e-02 
  3.147264197e-02 
  3.172953799e-02 
  3.031759337e-02 
  3.096278757e-02 
  3.070300072e-02 
  3.109631687e-02 
  3.055981360e-02 
  3.039436787e-02 
  3.041981719e-02 
  3.067145310e-02 
  3.047731146e-02 
  2.853307500e-02 
  2.938813530e-02 
  2.970868163e-02 
  3.040530905e-02 
  3.003193997e-02 
  3.053761832e-02 
  2.862071618e-02 
  2.946098335e-02 
  3.030342236e-02 
  3.020490333e-02 
  2.943554148e-02 
  2.897820622e-02 
  2.963398583e-02 
  3.018859029e-02 
  3.033927269e-02 
  2.954525687e-02 
  2.980167046e-02 
  2.969333529e-02 
  2.984382026e-02 
  2.975074202e-02 
  2.884596214e-02 
  2.922489122e-02 
  2.912833728e-02 
  2.866868675e-02 
  2.788993344e-02 
  2.856731415e-02 
  2.837933972e-02 
  2.699431777e-02 
  2.673168108e-02 
  2.633491158e-02 
  2.638939768e-02 
  2.613395080e-02 
  2.603721805e-02 
  2.663422003e-02 
  2.615472861e-02 
  2.613673173e-02 
  2.638617903e-02 
  2.656687982e-02 
  2.638375945e-02 
  2.571654133e-02 
  2.630420402e-02 
  2.566000447e-02 
  2.611734718e-02 
  2.579539269e-02 
  2.602136321e-02 
  2.547592297e-02 
  2.593158558e-02 
  2.568079345e-02 
  2.578525245e-02 
  2.525876462e-02 
  2.548740432e-02 
  2.552408539e-02 
  2.526294813e-02 
  2.502292022e-02 
  2.483291924e-02 
  2.452135645e-02 
  2.436015941e-02 
  2.456231229e-02 
  2.408811823e-02 
  2.410454676e-02 
  2.458121069e-02 
  2.436650544e-02 
  2.315765806e-02 
  2.375939488e-02 
  2.380243503e-02 
  2.352461405e-02 
  2.309059724e-02 
  2.315106243e-02 
  2.322787419e-02 
  2.285547368e-02 
  2.201788127e-02 
  2.120477892e-02 
  2.176471055e-02 
  2.224784158e-02 
  2.260556258e-02 
  2.261675522e-02 
  2.229194157e-02 
  2.233070508e-02 
  2.229163982e-02 
  2.197116241e-02 
  2.190234698e-02 
  2.213313058e-02 
  2.212112024e-02 
  2.199040912e-02 
  2.190752141e-02 
  2.186376229e-02 
  2.168399468e-02 
  2.149950340e-02 
  2.157833241e-02 
  2.138891630e-02 
  2.106986940e-02 
  2.105570212e-02 
  2.093668841e-02 
  2.046383545e-02 
  2.078565769e-02 
  2.083073556e-02 
  2.052487619e-02 
  2.042754926e-02 
  1.981423609e-02 
  2.012903988e-02 
  2.030053921e-02 
  1.871460117e-02 
  1.997319981e-02 
  2.002758160e-02 
  1.998214610e-02 
  1.994862966e-02 
  1.979734935e-02 
  1.956509613e-02 
  1.941578276e-02 
  1.953693479e-02 
  1.905349456e-02 
  1.873056777e-02 
  1.900878735e-02 
  1.801870391e-02 
  1.824788190e-02 
  1.846412569e-02 
  1.860996336e-02 
  1.847723499e-02 
  1.803129353e-02 
  1.835547388e-02 
  1.834897511e-02 
  1.805127971e-02 
  1.780997589e-02 
  1.663740352e-02 
  1.692298613e-02 
  1.699409261e-02 
  1.613297127e-02 
  1.588244550e-02 
  1.662318967e-02 
  1.684344746e-02 
  1.686725579e-02 
  1.644021831e-02 
  1.691856049e-02 
  1.660536230e-02 
  1.680116169e-02 
  1.627399027e-02 
  1.635932922e-02 
  1.591551676e-02 
  1.646779850e-02 
  1.629830711e-02 
  1.622556522e-02 
  1.592691056e-02 
  1.600939035e-02 
  1.601988636e-02 
  1.598858647e-02 
  1.571182348e-02 
  1.584388502e-02 
  1.581908017e-02 
  1.565869153e-02 
  1.568719745e-02 
  1.554560475e-02 
  1.523776259e-02 
  1.482587960e-02 
  1.495978516e-02 
  1.463862136e-02 
  1.486018486e-02 
  1.475047506e-02 
  1.471299399e-02 
  1.446944848e-02 
  1.454397663e-02 
  1.428206731e-02 
  1.427470054e-02 
  1.424764004e-02 
  1.422165986e-02 
  1.390287187e-02 
  1.353101432e-02 
  1.346972957e-02 
  1.309123635e-02 
  1.287404355e-02 
  1.297422126e-02 
  1.287817489e-02 
  1.284442935e-02 
  1.264666766e-02 
  1.244001370e-02 
  1.242246572e-02 
  1.233636215e-02 
  1.241028402e-02 
  1.248219050e-02 
  1.241183653e-02 
  1.207991969e-02 
  1.196065079e-02 
  1.167595293e-02 
  1.148709841e-02 
  1.113822870e-02 
  1.075763721e-02 
  1.082226448e-02 
  1.046898216e-02 
  1.006507687e-02 
  1.007813495e-02 
  9.619187564e-03 
  9.547462687e-03 
  8.968947455e-03 
  8.672543801e-03 
  8.613446727e-03 
  8.704828098e-03 
  8.652890101e-03 
  8.411811665e-03 
  8.269360289e-03 
  8.160484023e-03 
  7.922127843e-03 
  7.581417449e-03 
  7.552946452e-03 
  7.262864616e-03 
  7.261455990e-03 
  7.039306685e-03 
  6.631221622e-03 
  6.524934433e-03 
  6.181129720e-03 
  5.752495956e-03 
  5.998651497e-03 
  6.071729586e-03 
  6.101143081e-03 
  6.005417556e-03 
  5.898522679e-03 
  6.036771927e-03 
  5.694339518e-03 
  5.709901918e-03 
  5.508400965e-03 
  5.444923416e-03 
  5.024498794e-03 
  4.953904543e-03 
  4.928815179e-03 
  4.798714072e-03 
  4.611937795e-03 
  4.586454015e-03 
  4.306498915e-03 
  4.303131718e-03 
  4.218174145e-03 
  4.069721792e-03 
  4.234555177e-03 
  4.256377928e-03 
  4.336622544e-03 
  4.378295504e-03 
  4.225515295e-03 
  4.450878128e-03 
  4.421737511e-03 
  4.371926654e-03 
  4.045880865e-03 
  4.155293107e-03 
  4.209931474e-03 
  4.232940264e-03 
  4.199380521e-03 
  4.163295031e-03 
  4.059087951e-03 
  4.119039979e-03 
  4.116357770e-03 
  3.966977820e-03 
  4.116652068e-03 
  4.173264373e-03 
  4.254318308e-03 
  4.192383960e-03 
  4.392723553e-03 
  4.347174894e-03 
  4.359912127e-03 
  4.303243943e-03 
  4.308763891e-03 
  4.031369463e-03 
  3.954054322e-03 
  3.653351218e-03 
  3.730540397e-03 
  3.447813680e-03 
  3.293551272e-03 
  3.257764038e-03 
  3.265325679e-03 
  3.251469461e-03 
  3.177551087e-03 
  2.946569817e-03 
  3.703491064e-03 
  3.996677697e-03 
  4.071381874e-03 
  4.095679149e-03 
  4.208882805e-03 
  4.280577879e-03 
  4.306979477e-03 
  4.316554405e-03 
  4.281928297e-03 
  4.130360670e-03 
  4.322190303e-03 
  4.252660088e-03 
  4.170437343e-03 
  4.004089627e-03 
  4.129466601e-03 
  3.993233200e-03 
  3.820338054e-03 
  3.964328673e-03 
  3.858686192e-03 
  3.693104023e-03 
  3.667108715e-03 
  3.588954685e-03 
  3.523446620e-03 
  3.473484889e-03 
  3.494372126e-03 
  3.433882259e-03 
  3.451133147e-03 
  3.411574755e-03 
  3.540100530e-03 
  3.545773681e-03 
  3.639795119e-03 
  3.563158680e-03 
  3.623216879e-03 
  3.619348397e-03 
  3.605014412e-03 
  3.490950214e-03 
  3.659919836e-03 
  3.740632674e-03 
  3.707329277e-03 
  3.842750099e-03 
  3.853961825e-03 
  3.939439543e-03 
  3.913766239e-03 
  3.881539917e-03 
  4.028285854e-03 
  4.097523633e-03 
  4.043095279e-03 
  4.113400355e-03 
  4.085122142e-03 
  4.098281264e-03 
  4.102824721e-03 
  4.052452743e-03 
  3.970890772e-03 
  4.119270481e-03 
  4.119436722e-03 
  4.236961715e-03 
  4.158640746e-03 
  4.316173494e-03 
  4.340698477e-03 
  4.390057176e-03 
  4.384974483e-03 
  4.460893106e-03 
  4.252951127e-03 
  4.394984804e-03 
  4.428003915e-03 
  4.461402539e-03 
  4.321116954e-03 
  4.124563653e-03 
  3.866992425e-03 
  4.119195510e-03 
  4.366785288e-03 
  4.409706220e-03 
  4.451599438e-03 
  4.292358179e-03 
  4.159022588e-03 
  4.154114984e-03 
  4.254228435e-03 
  4.178516567e-03 
  4.164462443e-03 
  4.080472048e-03 
  4.172039684e-03 
  4.182803445e-03 
  4.328254610e-03 
  4.286707379e-03 
  4.485215526e-03 
  4.386896268e-03 
  4.514162894e-03 
  4.510025028e-03 
  4.857058637e-03 
  4.728604108e-03 
  5.039154552e-03 
  5.044023506e-03 
  5.229690112e-03 
  5.264953710e-03 
  5.441735499e-03 
  5.386888981e-03 
  5.297783297e-03 
  5.431932397e-03 
  5.676805042e-03 
  5.668207537e-03 
  5.751170684e-03 
  5.447153468e-03 
  5.834682845e-03 
  5.639562383e-03 
  5.793595687e-03 
  5.833090749e-03 
  5.871172063e-03 
  5.795115605e-03 
  5.807566922e-03 
  5.679940339e-03 
  5.695829168e-03 
  5.839006044e-03 
  5.800364073e-03 
  5.772097968e-03 
  5.711168516e-03 
  5.619862583e-03 
  5.380408838e-03 
  5.412937142e-03 
  5.232979078e-03 
  5.221033469e-03 
  4.662377294e-03 
  4.564922769e-03 
  4.032019060e-03 
  4.025599919e-03 
  3.474093974e-03 
  3.472775454e-03 
  3.141905647e-03 
  3.133213613e-03 
  3.161490429e-03 
  3.073308617e-03 
  3.250550013e-03 
  3.241756000e-03 
  3.315109294e-03 
  3.314637579e-03 
  3.337114118e-03 
  3.326563630e-03 
  3.372650826e-03 
  3.332982073e-03 
  3.450469580e-03 
  3.438055748e-03 
  3.628159873e-03 
  3.629566170e-03 
  3.927814774e-03 
  3.890627064e-03 
  4.046794493e-03 
  4.181177355e-03 
  4.487183411e-03 
  4.482429009e-03 
  4.654470365e-03 
  4.687471315e-03 
  4.813221283e-03 
  4.820436705e-03 
  4.831327125e-03 
  4.765488673e-03 
  4.857104737e-03 
  4.928521812e-03 
  4.984918516e-03 
  4.971259739e-03 
  4.817923531e-03 
  4.921277985e-03 
  4.953896627e-03 
  4.679001402e-03 
  4.832628649e-03 
  4.862393253e-03 
  4.817666020e-03 
  4.763539881e-03 
  4.719720688e-03 
  4.709699657e-03 
  4.577452783e-03 
  4.565440584e-03 
  4.531873390e-03 
  4.334942903e-03 
  4.350193776e-03 
  4.124253057e-03 
  4.093457945e-03 
  3.943564836e-03 
  3.880505683e-03 
  3.876695177e-03 
  3.898577066e-03 
  3.929287195e-03 
  3.906565718e-03 
  3.960324451e-03 
  3.954046406e-03 
  3.954130225e-03 
  3.842005040e-03 
  3.947756719e-03 
  3.925499972e-03 
  3.684065538e-03 
  3.892524634e-03 
  3.889785847e-03 
  3.897971939e-03 
  3.857507138e-03 
  3.922064323e-03 
  3.783230204e-03 
  3.996552899e-03 
  3.943176474e-03 
  4.101622850e-03 
  4.087612964e-03 
  4.168617073e-03 
  4.155886360e-03 
  4.208137747e-03 
  4.199102987e-03 
  4.121320322e-03 
  4.198213108e-03 
  4.149362911e-03 
  4.199178889e-03 
  4.117960576e-03 
  4.140701611e-03 
  4.167236853e-03 
  4.192682449e-03 
  4.182660487e-03 
  4.201740492e-03 
  4.199652467e-03 
  4.202040378e-03 
  4.162678961e-03 
  3.996205050e-03 
  4.134047311e-03 
  4.165023100e-03 
  4.026401788e-03 
  4.139716737e-03 
  4.120307509e-03 
  4.106856883e-03 
  4.113258328e-03 
  4.116361029e-03 
  4.104350228e-03 
  4.124540836e-03 
  4.053929355e-03 
  4.108583089e-03 
  4.097358324e-03 
  4.104583059e-03 
  4.084547050e-03 
  4.072634969e-03 
  4.044109490e-03 
  3.941948060e-03 
  4.026140086e-03 
  4.007333424e-03 
  3.979468253e-03 
  3.984336741e-03 
  3.973455634e-03 
  3.938863054e-03 
  3.837154945e-03 
  3.918530419e-03 
  3.937108442e-03 
  3.835632466e-03 
  3.910411149e-03 
  3.869435517e-03 
  3.864739090e-03 
  3.797588637e-03 
  3.872351022e-03 
  3.884097794e-03 
  3.809328424e-03 
  3.880826756e-03 
  3.864834085e-03 
  3.842787119e-03 
  3.858721815e-03 
  3.844608786e-03 
  3.834384261e-03 
  3.815674223e-03 
  3.812890500e-03 
  3.666842123e-03 
  3.784694243e-03 
  3.776839701e-03 
  3.750914242e-03 
  3.739245934e-03 
  3.735751845e-03 
  3.706965828e-03 
  3.681564005e-03 
  3.655789886e-03 
  3.612648696e-03 
  3.549099667e-03 
  3.578486387e-03 
  3.573411843e-03 
  3.523552557e-03 
  3.512750380e-03 
  3.478532191e-03 
  3.463578876e-03 
  3.425077070e-03 
  3.426832845e-03 
  3.419113345e-03 
  3.415738465e-03 
  3.400730668e-03 
  3.389630467e-03 
  3.367705969e-03 
  3.350580111e-03 
  3.341062227e-03 
  3.290199907e-03 
  3.286669031e-03 
  3.234660719e-03 
  3.121186746e-03 
  2.798495116e-03 
  3.056050511e-03 
  3.146969248e-03 
  3.224667627e-03 
  3.215486417e-03 
  3.237548051e-03 
  3.219348611e-03 
  3.225011518e-03 
  3.206990659e-03 
  3.205006244e-03 
  3.179505002e-03 
  3.144318238e-03 
  3.161437344e-03 
  3.034772817e-03 
  3.151494078e-03 
  3.140751040e-03 
  3.106570570e-03 
  3.024468664e-03 
  3.092360916e-03 
  3.094531130e-03 
  3.092395375e-03 
  3.082662355e-03 
  2.999382326e-03 
  2.977269469e-03 
  3.007883439e-03 
  3.037521616e-03 
  3.023711266e-03 
  2.985299332e-03 
  2.972089685e-03 
  2.957861638e-03 
  2.919197083e-03 
  2.902447479e-03 
  2.878807019e-03 
  2.869465854e-03 
  2.853615908e-03 
  2.850590739e-03 
  2.840840491e-03 
  2.866622759e-03 
  2.861953806e-03 
  2.848601900e-03 
  2.772288397e-03 
  2.732026856e-03 
  2.865446033e-03 
  2.801146591e-03 
  2.886088798e-03 
  2.878319472e-03 
  2.863887930e-03 
  2.858631779e-03 
  2.842028160e-03 
  2.836555708e-03 
  2.807657002e-03 
  2.761997981e-03 
  2.790603787e-03 
  2.794479951e-03 
  2.780245384e-03 
  2.770448104e-03 
  2.754461952e-03 
  2.747604391e-03 
  2.735883230e-03 
  2.717194613e-03 
  2.665469656e-03 
  2.668266417e-03 
  2.661613282e-03 
  2.680708421e-03 
  2.647088841e-03 
  2.646368695e-03 
  2.641491126e-03 
  2.629197668e-03 
  2.619589213e-03 
  2.600949258e-03 
  2.585823881e-03 
  2.582394285e-03 
  2.548435936e-03 
  2.490485087e-03 
  2.516791690e-03 
  2.537085908e-03 
  2.527090721e-03 
  2.480662894e-03 
  2.495050197e-03 
  2.491488820e-03 
  2.481721109e-03 
  2.475065878e-03 
  2.403878607e-03 
  2.449566033e-03 
  2.425276674e-03 
  2.418119926e-03 
  2.417752286e-03 
  2.380758291e-03 
  2.317153849e-03 
  2.363957232e-03 
  2.341948915e-03 
  2.337743528e-03 
  2.332993317e-03 
  2.331484342e-03 
  2.310476964e-03 
  2.295090584e-03 
  2.295426792e-03 
  2.210136736e-03 
  2.287396928e-03 
  2.269848948e-03 
  2.237814013e-03 
  2.253645100e-03 
  2.250984777e-03 
  2.241849201e-03 
  2.231264021e-03 
  2.207831945e-03 
  2.224325202e-03 
  2.217948437e-03 
  2.207448473e-03 
  2.170871943e-03 
  2.193734050e-03 
  2.190275351e-03 
  2.185113495e-03 
  2.174516907e-03 
  2.164142672e-03 
  2.054540440e-03 
  2.117624041e-03 
  2.120199148e-03 
  2.112696180e-03 
  2.101384569e-03 
  2.095561940e-03 
  2.096105833e-03 
  2.085198415e-03 
  2.062969608e-03 
  2.059294144e-03 
  2.028424293e-03 
  2.034884179e-03 
  2.027326263e-03 
  1.916606794e-03 
  1.963948132e-03 
  1.952779596e-03 
  1.915105619e-03 
  1.954192994e-03 
  1.956340391e-03 
  1.947728568e-03 
  1.942865085e-03 
  1.961196074e-03 
  1.951979008e-03 
  1.942196512e-03 
  1.959799789e-03 
  1.958457753e-03 
  1.957839821e-03 
  1.954132225e-03 
  1.938313595e-03 
  1.925726538e-03 
  1.928416779e-03 
  1.916071167e-03 
  1.895345515e-03 
  1.881033648e-03 
  1.815611729e-03 
  1.839007135e-03 
  1.817977987e-03 
  1.845339779e-03 
  1.834767289e-03 
  1.808719826e-03 
  1.815051073e-03 
  1.810508198e-03 
  1.721524750e-03 
  1.766279223e-03 
  1.777634257e-03 
  1.755315810e-03 
  1.785571687e-03 
  1.794442418e-03 
  1.777211437e-03 
  1.771103824e-03 
  1.760106301e-03 
  1.745817019e-03 
  1.741611864e-03 
  1.710402779e-03 
  1.683215494e-03 
  1.692244434e-03 
  1.671587699e-03 
  1.660103211e-03 
  1.614376437e-03 
  1.637923066e-03 
  1.637094887e-03 
  1.620836905e-03 
  1.610428677e-03 
  1.602995326e-03 
  1.589717227e-03 
  1.590793952e-03 
  1.578874304e-03 
  1.574346912e-03 
  1.579186763e-03 
  1.566504478e-03 
  1.571500208e-03 
  1.544449478e-03 
  1.493896823e-03 
  1.530136098e-03 
  1.544955070e-03 
  1.556679606e-03 
  1.541458769e-03 
  1.539343735e-03 
  1.563702943e-03 
  1.562397345e-03 
  1.548313536e-03 
  1.531517017e-03 
  1.526772510e-03 
  1.528372872e-03 
  1.495084725e-03 
  1.495631062e-03 
  1.460681902e-03 
  1.450897544e-03 
  1.434582635e-03 
  1.406723633e-03 
  1.420634333e-03 
  1.418687170e-03 
  1.418845961e-03 
  1.347300597e-03 
  1.389936428e-03 
  1.416308107e-03 
  1.409371849e-03 
  1.402847469e-03 
  1.416566200e-03 
  1.409592689e-03 
  1.402808703e-03 
  1.403843984e-03 
  1.334249857e-03 
  1.331271022e-03 
  1.339317299e-03 
  1.346871839e-03 
  1.330842846e-03 
  1.364252414e-03 
  1.357055618e-03 
  1.372032450e-03 
  1.367357443e-03 
  1.361563918e-03 
  1.352084568e-03 
  1.367358491e-03 
  1.353013096e-03 
  1.352128340e-03 
  1.356183784e-03 
  1.344753313e-03 
  1.344673918e-03 
  1.329884981e-03 
  1.324966783e-03 
  1.329486608e-03 
  1.317561720e-03 
  1.298510819e-03 
  1.304900157e-03 
  1.283794641e-03 
  1.272033318e-03 
  1.272137742e-03 
  1.265935134e-03 
  1.247277949e-03 
  1.246372820e-03 
  1.242748345e-03 
  1.225147862e-03 
  1.180537976e-03 
  1.176452613e-03 
  1.135599916e-03 
  1.184875378e-03 
  1.193210715e-03 
  1.224253210e-03 
  1.209148206e-03 
  1.214578049e-03 
  1.227796543e-03 
  1.217143610e-03 
  1.218743506e-03 
  1.212249044e-03 
  1.225521788e-03 
  1.210516552e-03 
  1.207803609e-03 
  1.213947078e-03 
  1.204685192e-03 
  1.190134673e-03 
  1.195531338e-03 
  1.190004521e-03 
  1.151881763e-03 
  1.137375715e-03 
  1.167263137e-03 
  1.157611609e-03 
  1.127963187e-03 
  1.155354083e-03 
  1.135867788e-03 
  1.120824949e-03 
  1.125877607e-03 
  1.093879575e-03 
  1.086638775e-03 
  1.066021272e-03 
  1.033549313e-03 
  1.034215442e-03 
  1.022486133e-03 
  1.020823373e-03 
  1.026281738e-03 
  1.017127535e-03 
  1.014985028e-03 
  1.029109000e-03 
  1.052819542e-03 
  1.040270086e-03 
  1.036753529e-03 
  9.985710494e-04 
  1.048358041e-03 
  1.053870190e-03 
  1.045673504e-03 
  1.029459410e-03 
  1.030458021e-03 
  1.021220814e-03 
  1.008478343e-03 
  9.989220416e-04 
  9.895033436e-04 
  9.674995672e-04 
  9.658322670e-04 
  9.571691044e-04 
  8.826659760e-04 
  9.188281256e-04 
  9.136708686e-04 
  8.984798915e-04 
  8.810283616e-04 
  8.960112464e-04 
  8.529394981e-04 
  8.640152519e-04 
  8.584160823e-04 
  7.923785015e-04 
  8.025502902e-04 
  7.876410964e-04 
  7.632286870e-04 
  7.407789235e-04 
  7.741304580e-04 
  7.446003146e-04 
  7.388407248e-04 
  6.976473378e-04 
  7.277154364e-04 
  7.259581471e-04 
  7.284909370e-04 
  7.244824083e-04 
  7.261919673e-04 
  7.134613115e-04 
  7.278735866e-04 
  7.186605362e-04 
  7.129072328e-04 
  7.267132169e-04 
  7.205122965e-04 
  7.226492744e-04 
  7.132606115e-04 
