  5.709879398e-01 
  1.434121132e+00 
  1.493203402e+00 
  3.672459841e+00 
  4.055333614e+00 
  7.070669174e+00 
  7.558264256e+00 
  1.086848736e+01 
  1.358714485e+01 
  1.430273056e+01 
  1.549609947e+01 
  2.946755791e+01 
  2.469145966e+01 
  3.099902916e+01 
  3.146115685e+01 
  3.708549881e+01 
  2.869320679e+01 
  4.111331558e+01 
  3.955385590e+01 
  4.396016693e+01 
  4.216146088e+01 
  5.156089783e+01 
  4.486135864e+01 
  3.912636948e+01 
  4.864240265e+01 
  5.359170151e+01 
  7.336540222e+01 
  7.328327179e+01 
  6.015843582e+01 
  7.098829651e+01 
  7.358424377e+01 
  5.924252701e+01 
  6.487237549e+01 
  7.286067963e+01 
  6.055192184e+01 
  6.470548248e+01 
  4.828755951e+01 
  4.581422043e+01 
  5.550699615e+01 
  5.549714661e+01 
  6.189820480e+01 
  5.192162323e+01 
  5.405172348e+01 
  5.386846542e+01 
  4.832049942e+01 
  6.168081284e+01 
  6.790751648e+01 
  6.409548950e+01 
  5.987731171e+01 
  6.514099121e+01 
  6.606752014e+01 
  6.222856522e+01 
  6.325965118e+01 
  5.725619507e+01 
  6.556493378e+01 
  6.591336823e+01 
  6.182137680e+01 
  3.919785309e+01 
  4.224888992e+01 
  4.216160583e+01 
  6.203892517e+01 
  4.879478073e+01 
  5.310509109e+01 
  5.603753662e+01 
  5.548509598e+01 
  5.153597260e+01 
  7.016551208e+01 
  6.227579498e+01 
  5.825130844e+01 
  5.557454681e+01 
  6.339421082e+01 
  5.021509933e+01 
  5.242214584e+01 
  5.180477905e+01 
  3.977873230e+01 
  3.612028503e+01 
  5.121224213e+01 
  5.192427063e+01 
  6.652633667e+01 
  5.072590256e+01 
  4.705269623e+01 
  5.230553818e+01 
  3.869567871e+01 
  2.669262314e+01 
  2.906141663e+01 
  4.325103378e+01 
  3.319512177e+01 
  3.766495514e+01 
  3.686923218e+01 
  4.150637054e+01 
  4.971245575e+01 
  5.493318558e+01 
  4.821880341e+01 
  2.553229713e+01 
  2.790581322e+01 
  4.626612091e+01 
  4.703350067e+01 
  1.890631866e+01 
  5.224509048e+01 
  6.187266541e+01 
  6.003902054e+01 
  5.889897919e+01 
  6.161037445e+01 
  5.695625687e+01 
  6.041482162e+01 
  5.468956757e+01 
  5.357891083e+01 
  5.151365280e+01 
  5.509373093e+01 
  6.020460510e+01 
  4.969380951e+01 
  5.761495209e+01 
  5.894329453e+01 
  5.497829056e+01 
  5.327933502e+01 
  5.611148071e+01 
  5.507244110e+01 
  5.273141861e+01 
  5.094300079e+01 
  5.154623413e+01 
  4.309180832e+01 
  5.332594299e+01 
  5.047137070e+01 
  4.210593033e+01 
  4.575116348e+01 
  4.681017303e+01 
  4.445473099e+01 
  4.224664688e+01 
  4.226607513e+01 
  3.799353790e+01 
  2.995771790e+01 
  2.661560440e+01 
  4.734315109e+01 
  4.164688873e+01 
  3.912012863e+01 
  4.206535721e+01 
  4.610230637e+01 
  4.600851059e+01 
  4.073890686e+01 
  3.896933746e+01 
  4.317726898e+01 
  4.254698181e+01 
  4.430212402e+01 
  4.409446716e+01 
  4.331512070e+01 
  4.505198288e+01 
  3.965535355e+01 
  4.472456741e+01 
  4.496463013e+01 
  4.476976013e+01 
  4.524148560e+01 
  4.835601425e+01 
  4.446058273e+01 
  4.082109451e+01 
  4.304820633e+01 
  4.287939453e+01 
  4.344385529e+01 
  4.321677780e+01 
  4.200118637e+01 
  4.154703140e+01 
  4.074660110e+01 
  4.177558136e+01 
  4.066035080e+01 
  4.024169159e+01 
  3.995005035e+01 
  3.895429230e+01 
  3.976828766e+01 
  3.796484375e+01 
  3.977088165e+01 
  3.901000977e+01 
  3.807145691e+01 
  3.760737991e+01 
  3.767146683e+01 
  3.687441635e+01 
  3.678581619e+01 
  3.787687683e+01 
  3.633415985e+01 
  3.563008881e+01 
  3.700326920e+01 
  3.495521164e+01 
  3.527242279e+01 
  3.469451141e+01 
  3.505665970e+01 
  3.473506927e+01 
  3.306029129e+01 
  3.296770859e+01 
  2.646224022e+01 
  2.944633865e+01 
  3.165564346e+01 
  2.913610458e+01 
  3.284358597e+01 
  3.043203926e+01 
  2.895842743e+01 
  3.088450813e+01 
  2.954639435e+01 
  3.127927780e+01 
  3.016887093e+01 
  2.898297310e+01 
  2.802606392e+01 
  2.769042969e+01 
  2.730509186e+01 
  2.643870163e+01 
  2.601603127e+01 
  2.730591202e+01 
  2.516556931e+01 
  2.688797379e+01 
  2.851501465e+01 
  2.628336334e+01 
  2.497130013e+01 
  2.667742348e+01 
  2.560945511e+01 
  2.537988281e+01 
  2.639156914e+01 
  2.393177223e+01 
  2.321430779e+01 
  2.348226547e+01 
  2.443983078e+01 
  1.783795929e+01 
  2.188234329e+01 
  2.054232025e+01 
  2.241073036e+01 
  2.221964836e+01 
  2.289211273e+01 
  2.113280296e+01 
  2.272173691e+01 
  2.233766937e+01 
  2.109721184e+01 
  1.826473999e+01 
  2.174035835e+01 
  2.215875053e+01 
  2.075233841e+01 
  2.238901711e+01 
  2.117054749e+01 
  1.843139458e+01 
  1.986710548e+01 
  2.009264374e+01 
  2.113422203e+01 
  1.943695259e+01 
  2.017023468e+01 
  1.993022346e+01 
  1.933670807e+01 
  1.757957458e+01 
  1.944272232e+01 
  1.843964577e+01 
  1.928452492e+01 
  1.883704376e+01 
  1.826326752e+01 
  1.887953186e+01 
  1.737087250e+01 
  1.812924004e+01 
  1.758591270e+01 
  1.733551025e+01 
  1.793811607e+01 
  1.709788704e+01 
  1.751613998e+01 
  1.742625809e+01 
  1.681205177e+01 
  1.618449974e+01 
  1.666713333e+01 
  1.563043118e+01 
  1.557603359e+01 
  1.698470688e+01 
  1.546823406e+01 
  1.605691147e+01 
  1.570740700e+01 
  1.576944542e+01 
  1.442567444e+01 
  1.535133171e+01 
  1.518139839e+01 
  1.475434208e+01 
  1.471642494e+01 
  1.408945179e+01 
  1.477003384e+01 
  1.480458546e+01 
  1.461244869e+01 
  1.414656067e+01 
  1.378725815e+01 
  1.426040745e+01 
  1.375031948e+01 
  1.355487061e+01 
  1.393217945e+01 
  1.359726524e+01 
  1.371286201e+01 
  1.371685505e+01 
  1.358130360e+01 
  1.339999104e+01 
  1.273664570e+01 
  1.313511562e+01 
  1.291162014e+01 
  1.137555885e+01 
  1.179608631e+01 
  1.243735123e+01 
  1.211884785e+01 
  1.215377808e+01 
  1.218058777e+01 
  1.187027454e+01 
  1.207122993e+01 
  1.202195835e+01 
  1.169104004e+01 
  1.161107635e+01 
  1.153295994e+01 
  1.138765335e+01 
  1.118591690e+01 
  1.117887020e+01 
  1.145719337e+01 
  1.135234928e+01 
  1.114557838e+01 
  1.100889111e+01 
  1.089549923e+01 
  1.071188354e+01 
  1.047029972e+01 
  1.056974792e+01 
  1.036312485e+01 
  1.014423275e+01 
  9.713394165e+00 
  1.011149693e+01 
  9.550669670e+00 
  9.541221619e+00 
  9.924969673e+00 
  9.768507004e+00 
  9.846765518e+00 
  9.949203491e+00 
  9.361078262e+00 
  9.370562553e+00 
  9.317566872e+00 
  9.003976822e+00 
  8.988160133e+00 
  9.067970276e+00 
  8.813545227e+00 
  9.024201393e+00 
  8.665998459e+00 
  8.940575600e+00 
  8.285095215e+00 
  8.842576981e+00 
  8.531271935e+00 
  8.636120796e+00 
  8.282752991e+00 
  8.505973816e+00 
  8.589188576e+00 
  8.467143059e+00 
  8.153214455e+00 
  8.220756531e+00 
  8.073412895e+00 
  8.161891937e+00 
  8.018690109e+00 
  8.034762383e+00 
  7.681339741e+00 
  7.739449501e+00 
  7.680794716e+00 
  7.782604218e+00 
  7.166590214e+00 
  7.672169209e+00 
  7.478658676e+00 
  7.582079411e+00 
  7.436661720e+00 
  7.195949078e+00 
  6.071987152e+00 
  6.440979481e+00 
  7.131287098e+00 
  7.101738930e+00 
  7.115149975e+00 
  7.107424736e+00 
  7.167628288e+00 
  7.044428825e+00 
  6.891004086e+00 
  6.879655361e+00 
  6.921058178e+00 
  6.743100166e+00 
  6.740993023e+00 
  6.796926498e+00 
  6.675429344e+00 
  6.565330505e+00 
  6.504946232e+00 
  6.512541294e+00 
  6.486386299e+00 
  6.349375725e+00 
  6.430796623e+00 
  6.265422344e+00 
  6.331247330e+00 
  6.204644203e+00 
  6.119875431e+00 
  6.089666843e+00 
  6.040371418e+00 
  6.044335842e+00 
  5.899100304e+00 
  5.931132317e+00 
  5.627123833e+00 
  5.086734295e+00 
  5.192533016e+00 
  5.136585712e+00 
  5.203155994e+00 
  5.299227715e+00 
  5.307081223e+00 
  5.298557758e+00 
  5.297242165e+00 
  5.209280014e+00 
  5.259737968e+00 
  5.324497223e+00 
  5.176782131e+00 
  5.168378830e+00 
  5.089625835e+00 
  4.931578159e+00 
  4.889888763e+00 
  4.988368511e+00 
  4.976446629e+00 
  4.960656643e+00 
  4.884281635e+00 
  4.791273594e+00 
  4.911334991e+00 
  4.728255272e+00 
  4.789158344e+00 
  4.733886242e+00 
  4.658834934e+00 
  4.597986221e+00 
  4.644193172e+00 
  4.434096813e+00 
  4.501090527e+00 
  4.222428799e+00 
  4.099380970e+00 
  4.002666473e+00 
  3.969845057e+00 
  4.117772579e+00 
  4.223298550e+00 
  4.149453640e+00 
  4.044918060e+00 
  3.992591381e+00 
  3.958165646e+00 
  4.008192539e+00 
  3.902101994e+00 
  3.762138605e+00 
  3.872633457e+00 
  3.779667616e+00 
  3.893651724e+00 
  3.877979755e+00 
  3.969564676e+00 
  3.903840780e+00 
  3.789001226e+00 
  3.833093882e+00 
  3.823246956e+00 
  3.688096762e+00 
  3.723386526e+00 
  3.685654879e+00 
  3.609976530e+00 
  3.706215858e+00 
  3.726541042e+00 
  3.614018679e+00 
  3.647631168e+00 
  3.684781313e+00 
  3.599794865e+00 
  3.582106113e+00 
  3.509305716e+00 
  3.481487751e+00 
  3.517753839e+00 
  3.466313839e+00 
  3.502003193e+00 
  3.463307858e+00 
  3.377416372e+00 
  3.383810997e+00 
  3.356391907e+00 
  3.038812876e+00 
  1.661409378e+00 
  1.527275205e+00 
  2.243479729e+00 
  2.048920155e+00 
  2.164344072e+00 
  2.431438684e+00 
  2.579518080e+00 
  2.750006437e+00 
  2.954107046e+00 
  3.006540537e+00 
  3.016453505e+00 
  3.023671627e+00 
  3.000988007e+00 
  2.975080252e+00 
  2.993133068e+00 
  2.866463661e+00 
  2.969443321e+00 
  2.933503151e+00 
  2.902447939e+00 
  2.896597624e+00 
  2.845744848e+00 
  2.826672316e+00 
  2.845755100e+00 
  2.764729738e+00 
  2.765272141e+00 
  2.755225897e+00 
  2.689116478e+00 
  2.707083941e+00 
  2.648514986e+00 
  2.635919571e+00 
  2.594539165e+00 
  2.570493460e+00 
  2.519214630e+00 
  2.509508848e+00 
  2.483293533e+00 
  2.449531794e+00 
  2.459423780e+00 
  2.467532873e+00 
  2.468392134e+00 
  2.451029062e+00 
  2.366708517e+00 
  2.399429083e+00 
  2.381812572e+00 
  2.337006330e+00 
  2.350178003e+00 
  2.281925917e+00 
  2.336700201e+00 
  2.311240911e+00 
  2.282758474e+00 
  2.229519367e+00 
  2.204705238e+00 
  2.221313953e+00 
  2.192769527e+00 
  2.160760641e+00 
  2.131861687e+00 
  2.080391169e+00 
  2.029578686e+00 
  2.032845736e+00 
  2.012125254e+00 
  1.955290556e+00 
  1.932733893e+00 
  2.018954754e+00 
  1.928570390e+00 
  1.885483265e+00 
  1.954596519e+00 
  1.977500319e+00 
  1.973897219e+00 
  1.953207493e+00 
  1.917118549e+00 
  1.914596915e+00 
  1.883843064e+00 
  1.843757033e+00 
  1.873192668e+00 
  1.810980916e+00 
  1.834609985e+00 
  1.839914680e+00 
  1.848865032e+00 
  1.824296832e+00 
  1.826958776e+00 
  1.764206529e+00 
  1.803708792e+00 
  1.796850681e+00 
  1.779479504e+00 
  1.764541030e+00 
  1.729547858e+00 
  1.748574495e+00 
  1.756219745e+00 
  1.689040422e+00 
  1.728782535e+00 
  1.723888278e+00 
  1.482529283e+00 
  1.689252377e+00 
  1.617523551e+00 
  1.630026340e+00 
  1.304161668e+00 
  1.429495335e+00 
  1.615549088e+00 
  1.634205818e+00 
  1.600724578e+00 
  1.593609214e+00 
  1.572167873e+00 
  1.564579487e+00 
  1.552190065e+00 
  1.574427843e+00 
  1.563952446e+00 
  1.527654171e+00 
  1.275403261e+00 
  1.351789832e+00 
  1.459203243e+00 
  1.432027102e+00 
  1.484123588e+00 
  1.475130320e+00 
  1.462404013e+00 
  1.461395025e+00 
  1.422702193e+00 
  1.403071046e+00 
  1.408115745e+00 
  1.429518342e+00 
  1.398255587e+00 
  1.394986629e+00 
  1.380348444e+00 
  1.302456617e+00 
  1.367967010e+00 
  1.330690384e+00 
  1.335857630e+00 
  1.343084931e+00 
  1.292579293e+00 
  1.273946404e+00 
  1.306064487e+00 
  1.308959723e+00 
  1.298454165e+00 
  1.285143852e+00 
  1.272392035e+00 
  1.210040450e+00 
  1.240345716e+00 
  1.159512281e+00 
  1.181204915e+00 
  1.130791426e+00 
  1.119534373e+00 
  1.091854811e+00 
  1.062710762e+00 
  1.030089498e+00 
  1.007539868e+00 
  1.092807531e+00 
  1.127435565e+00 
  1.118477583e+00 
  1.069108963e+00 
  1.057696342e+00 
  1.009636641e+00 
  9.885854721e-01 
  9.981133342e-01 
  1.000587463e+00 
  9.936020374e-01 
  9.921904802e-01 
  9.912771583e-01 
  9.770984650e-01 
  9.868569970e-01 
  9.713425636e-01 
  9.676025510e-01 
  9.954998493e-01 
  9.972699881e-01 
  9.677544236e-01 
  9.545838833e-01 
  9.065330625e-01 
  9.310321808e-01 
  9.384772182e-01 
  9.006434679e-01 
  9.191368222e-01 
  9.047441483e-01 
  8.662127852e-01 
  8.325464725e-01 
  7.973078489e-01 
  7.458959222e-01 
  7.155580521e-01 
  6.773244143e-01 
  6.614009142e-01 
  6.648249626e-01 
  6.739073992e-01 
  6.954092383e-01 
  7.824864984e-01 
  7.873333097e-01 
  7.560641766e-01 
  6.996479034e-01 
  6.912608743e-01 
  6.665050387e-01 
  6.848210692e-01 
  6.920105219e-01 
  6.983281374e-01 
  7.074289918e-01 
  7.056767344e-01 
  7.000626326e-01 
  7.102351189e-01 
  6.888462305e-01 
  6.969112754e-01 
  7.008125782e-01 
  6.417807341e-01 
  6.794021726e-01 
  7.096026540e-01 
  7.164121866e-01 
  7.108037472e-01 
  6.996368170e-01 
  6.866059899e-01 
  6.896010041e-01 
  7.027188540e-01 
  6.942813993e-01 
  6.982493401e-01 
  6.761915088e-01 
  7.057078481e-01 
  7.164598107e-01 
  7.284211516e-01 
  7.279618979e-01 
  7.182329297e-01 
  7.172515988e-01 
  7.009666562e-01 
  6.796762943e-01 
  6.754766703e-01 
  6.867315173e-01 
  6.764146090e-01 
  6.894283891e-01 
  6.692765355e-01 
  6.866830587e-01 
  6.911153793e-01 
  6.842691302e-01 
  6.854259372e-01 
  6.841979027e-01 
  6.846624613e-01 
  6.810025573e-01 
  6.880323291e-01 
  6.772329211e-01 
  6.661865711e-01 
  6.696066260e-01 
  6.740966439e-01 
  6.656449437e-01 
  6.628555655e-01 
  6.652153134e-01 
  6.587896347e-01 
  6.559599042e-01 
  6.532716155e-01 
  6.473777294e-01 
  6.428268552e-01 
  6.353631616e-01 
  6.348990202e-01 
  6.290916204e-01 
  6.197839975e-01 
  6.134367585e-01 
  5.712151527e-01 
  5.989584327e-01 
  6.069910526e-01 
  6.053069234e-01 
  5.968826413e-01 
  5.977399945e-01 
  5.945916772e-01 
  5.933721066e-01 
  5.872685313e-01 
  5.890136957e-01 
  5.758839250e-01 
  5.775893927e-01 
  5.698092580e-01 
  5.745278001e-01 
  5.583741665e-01 
  5.552567840e-01 
  5.591111779e-01 
  5.477988124e-01 
  5.553985238e-01 
  5.499626994e-01 
  5.486693382e-01 
  5.477347374e-01 
  5.420339108e-01 
  5.413757563e-01 
  5.315570235e-01 
  5.352714062e-01 
  5.317152143e-01 
  5.279567838e-01 
  5.162550211e-01 
  5.197554231e-01 
  5.122367144e-01 
  5.168012381e-01 
  5.039107800e-01 
  5.069123507e-01 
  5.069769621e-01 
  4.989971817e-01 
  4.996580184e-01 
  4.991662502e-01 
  4.886270463e-01 
  4.915239215e-01 
  4.874860346e-01 
  4.714280367e-01 
  4.781745672e-01 
  4.809699953e-01 
  4.759000540e-01 
  4.711633027e-01 
  4.693356752e-01 
  4.652762115e-01 
  4.636453688e-01 
  4.570451677e-01 
  4.585551918e-01 
  4.554964304e-01 
  4.528122544e-01 
  4.461122751e-01 
  4.303942919e-01 
  4.442346990e-01 
  4.269838929e-01 
  4.369869530e-01 
  4.277887344e-01 
  4.314985275e-01 
  4.291044176e-01 
  4.143446386e-01 
  4.224458039e-01 
  4.189088345e-01 
  3.858606517e-01 
  4.073972404e-01 
  4.064361155e-01 
  4.059841335e-01 
  3.911686540e-01 
  4.034872651e-01 
  3.899682760e-01 
  3.968093693e-01 
  3.941797912e-01 
  3.935140371e-01 
  3.768405020e-01 
  3.855665326e-01 
  3.700225949e-01 
  3.738191426e-01 
  3.619106114e-01 
  3.737699091e-01 
  3.661754727e-01 
  3.699172735e-01 
  3.474027514e-01 
  3.672319949e-01 
  3.501074910e-01 
  3.560859561e-01 
  3.574272692e-01 
  3.470193744e-01 
  3.396860659e-01 
  3.073335588e-01 
  3.315578699e-01 
  3.291018307e-01 
  3.231651783e-01 
  3.131552637e-01 
  3.082828820e-01 
  3.126813471e-01 
  3.115185797e-01 
  2.971960306e-01 
  3.082409799e-01 
  3.040962815e-01 
  3.005743623e-01 
  2.950115204e-01 
  2.940354049e-01 
  2.923369706e-01 
  2.942107320e-01 
  2.943121791e-01 
  2.884706855e-01 
  2.795726955e-01 
  2.702229023e-01 
  2.700583637e-01 
  2.572763860e-01 
  2.475857288e-01 
  2.367104739e-01 
  2.225155681e-01 
  2.098439038e-01 
  2.025824487e-01 
  2.015725672e-01 
  1.926846355e-01 
  1.968769878e-01 
  1.992161274e-01 
  1.930197030e-01 
  1.881092340e-01 
  1.943720579e-01 
  1.912610531e-01 
  1.985797435e-01 
  2.141597271e-01 
  2.204174548e-01 
  2.136746943e-01 
  1.962211430e-01 
  1.731608510e-01 
  1.763632596e-01 
  1.968165934e-01 
  2.102099955e-01 
  2.130120844e-01 
  2.204417735e-01 
  2.181499451e-01 
  2.070076317e-01 
  2.103809565e-01 
  2.013544589e-01 
  1.942540705e-01 
  1.875380278e-01 
  1.905173957e-01 
  1.964268237e-01 
  1.989327967e-01 
  2.008835971e-01 
  1.994128823e-01 
  2.011449039e-01 
  2.015572190e-01 
  2.026827484e-01 
  2.023755908e-01 
  2.070309073e-01 
  2.080857009e-01 
  2.185871303e-01 
  2.216720581e-01 
  2.209583968e-01 
  2.186782807e-01 
  2.164080143e-01 
  2.259446830e-01 
  2.291920930e-01 
  2.244820595e-01 
  2.282957286e-01 
  2.222559899e-01 
  2.255080789e-01 
  2.265397459e-01 
  2.183776051e-01 
  2.239022255e-01 
  2.253087908e-01 
  2.231520265e-01 
  2.202082574e-01 
  2.195969820e-01 
  2.180048376e-01 
  2.136115283e-01 
  2.186719030e-01 
  2.127127498e-01 
  2.110533714e-01 
  2.127212286e-01 
  2.095837891e-01 
  2.078465670e-01 
  1.952127367e-01 
  2.040856779e-01 
  2.079417706e-01 
  2.054444253e-01 
  2.029803842e-01 
  2.008436471e-01 
  1.895215958e-01 
  2.010840625e-01 
  2.044503540e-01 
  2.039855272e-01 
  2.030865997e-01 
  2.018177062e-01 
  1.976103932e-01 
  1.969906986e-01 
  1.956809014e-01 
  1.883325428e-01 
  1.800503135e-01 
  1.911941171e-01 
  1.920067221e-01 
  1.916565448e-01 
  1.812214255e-01 
  1.837639362e-01 
  1.893712580e-01 
  1.885702312e-01 
  1.896227598e-01 
  1.860004514e-01 
  1.733796299e-01 
  1.842006296e-01 
  1.773773134e-01 
  1.825512499e-01 
  1.834702492e-01 
  1.819458902e-01 
  1.822482347e-01 
  1.821753383e-01 
  1.820922643e-01 
  1.811467111e-01 
  1.789678037e-01 
  1.796341389e-01 
  1.788529456e-01 
  1.773732305e-01 
  1.760331243e-01 
  1.774326116e-01 
  1.760101169e-01 
  1.762292534e-01 
  1.699801534e-01 
  1.750541776e-01 
  1.745328158e-01 
  1.736347228e-01 
  1.732084602e-01 
  1.707356721e-01 
  1.715548337e-01 
  1.707797647e-01 
  1.691627651e-01 
  1.696854681e-01 
  1.692321151e-01 
  1.685991585e-01 
  1.661320776e-01 
  1.648203880e-01 
  1.656865925e-01 
  1.641205102e-01 
  1.617158651e-01 
  1.596108228e-01 
  1.617410332e-01 
  1.598803997e-01 
  1.584087759e-01 
  1.590398699e-01 
  1.578617245e-01 
  1.566137969e-01 
  1.548795849e-01 
  1.537343860e-01 
  1.517857313e-01 
  1.513385922e-01 
  1.503195465e-01 
  1.492509097e-01 
  1.466865093e-01 
  1.460231394e-01 
  1.432880759e-01 
  1.422884613e-01 
  1.407643408e-01 
  1.357432008e-01 
  1.363315731e-01 
  1.333674043e-01 
  1.330378354e-01 
  1.328713894e-01 
  1.292940974e-01 
  1.268440932e-01 
  1.272992492e-01 
  1.303101331e-01 
  1.316293478e-01 
  1.316173077e-01 
  1.317556947e-01 
  1.313637048e-01 
  1.321812570e-01 
  1.323050112e-01 
  1.320610940e-01 
  1.315895021e-01 
  1.305404007e-01 
  1.297998130e-01 
  1.261312068e-01 
  1.119920313e-01 
  1.228112355e-01 
  1.275791526e-01 
  1.282866746e-01 
  1.277415156e-01 
  1.278716475e-01 
  1.256417930e-01 
  1.257168651e-01 
  1.224439591e-01 
  1.239332408e-01 
  1.245699823e-01 
  1.243639067e-01 
  1.215916127e-01 
  1.218291819e-01 
  1.208417192e-01 
  1.191689149e-01 
  1.177167296e-01 
  1.185165793e-01 
  1.176059693e-01 
  1.169369519e-01 
  1.147080064e-01 
  1.126245111e-01 
  1.119610146e-01 
  1.121232435e-01 
  1.117224023e-01 
  1.107923165e-01 
  1.097533032e-01 
  1.084650159e-01 
  1.075849980e-01 
  1.069455594e-01 
  1.052861810e-01 
  9.969139099e-02 
  1.018863171e-01 
  9.858828783e-02 
  1.012642682e-01 
  1.019962803e-01 
  9.918420762e-02 
  9.868058562e-02 
  9.588979930e-02 
  9.450534731e-02 
  9.517478198e-02 
  9.634028375e-02 
  9.673569351e-02 
  9.579883516e-02 
  9.391387552e-02 
  9.039415419e-02 
  8.758580685e-02 
  7.933346182e-02 
  7.857985795e-02 
  7.755105197e-02 
  7.596485317e-02 
  7.875816524e-02 
  8.005639166e-02 
  8.092029393e-02 
  8.021012694e-02 
  8.049959689e-02 
  8.092207462e-02 
  8.026731014e-02 
  8.006912470e-02 
  8.092703670e-02 
  8.057556301e-02 
  7.843463123e-02 
  7.549764961e-02 
  6.882867962e-02 
  6.382405013e-02 
  6.126185134e-02 
  5.728260428e-02 
  5.545686558e-02 
  5.142164975e-02 
  4.954104871e-02 
  4.735334218e-02 
  4.432997108e-02 
  4.265433177e-02 
  4.078020900e-02 
  3.918952122e-02 
  3.722697869e-02 
  3.645605594e-02 
  3.430846334e-02 
  3.246791288e-02 
  3.233781829e-02 
  3.189526126e-02 
  3.222626075e-02 
  3.293573484e-02 
  3.289387748e-02 
  3.321569040e-02 
  3.228782862e-02 
  3.202329949e-02 
  3.140439838e-02 
  3.259972110e-02 
  3.447925672e-02 
  3.724844009e-02 
  3.886178508e-02 
  3.994634375e-02 
  3.962506354e-02 
  3.865317255e-02 
  3.836285323e-02 
  3.667585924e-02 
  3.522831202e-02 
  3.270891681e-02 
  3.104987741e-02 
  2.961693704e-02 
  2.974719927e-02 
  3.089941479e-02 
  3.159782290e-02 
  3.323978558e-02 
  3.520681337e-02 
  3.677412122e-02 
  3.746844828e-02 
  3.686662763e-02 
  3.677651659e-02 
  3.512054309e-02 
  3.366351128e-02 
  3.220028803e-02 
  3.254221380e-02 
  3.400397673e-02 
  3.510469198e-02 
  3.513642401e-02 
  3.456312418e-02 
  3.333556280e-02 
  3.355390206e-02 
  3.499910608e-02 
  3.538237140e-02 
  3.477961943e-02 
  3.486581892e-02 
  3.439977020e-02 
  3.444148973e-02 
  3.525721654e-02 
  3.627012670e-02 
  3.751955554e-02 
  3.885069862e-02 
  3.726405278e-02 
  3.848188743e-02 
  3.865628690e-02 
  3.937296197e-02 
  3.986784071e-02 
  4.023332894e-02 
  4.022029042e-02 
  3.966711834e-02 
  3.972660750e-02 
  4.139941186e-02 
  4.089727625e-02 
  4.075700417e-02 
  4.062827677e-02 
  4.094124958e-02 
  3.922768682e-02 
  4.022760317e-02 
  4.136840254e-02 
  4.070524126e-02 
  3.954527527e-02 
  3.835400194e-02 
  3.839489445e-02 
  3.828163445e-02 
  3.716119379e-02 
  3.818858787e-02 
  3.837045655e-02 
  3.854716942e-02 
  3.909620643e-02 
  3.957202658e-02 
  3.733670339e-02 
  3.930921853e-02 
  3.809877113e-02 
  3.864430264e-02 
  3.898545355e-02 
  3.885393590e-02 
  3.966543823e-02 
  3.984849527e-02 
  4.013124853e-02 
  3.975050151e-02 
  3.888978064e-02 
  3.878216818e-02 
  3.899658099e-02 
  4.101456329e-02 
  4.247952625e-02 
  4.277592525e-02 
  4.353914037e-02 
  4.397077113e-02 
  4.459536821e-02 
  4.396550357e-02 
  4.252501577e-02 
  4.199475050e-02 
  4.062479734e-02 
  4.023719206e-02 
  3.988071531e-02 
  3.966889903e-02 
  3.791328147e-02 
  3.824961185e-02 
  3.667100519e-02 
  3.613417968e-02 
  3.552891314e-02 
  3.579998389e-02 
  3.715705499e-02 
  3.907816485e-02 
  3.919783607e-02 
  3.988702968e-02 
  3.984094039e-02 
  3.941697255e-02 
  3.832153976e-02 
  3.813007846e-02 
  3.851749003e-02 
  3.840289637e-02 
  3.939276934e-02 
  3.865325451e-02 
  3.888625652e-02 
  3.943298385e-02 
  3.917808458e-02 
  4.027754813e-02 
  3.517942876e-02 
  4.176407307e-02 
  4.304673150e-02 
  4.402915016e-02 
  4.301854968e-02 
  4.426249489e-02 
  4.403106868e-02 
  4.402688146e-02 
  4.332984239e-02 
  4.426559061e-02 
  4.521117732e-02 
  4.493489116e-02 
  4.600928724e-02 
  4.569333419e-02 
  4.498388246e-02 
  4.015031829e-02 
  4.185055569e-02 
  4.203861207e-02 
  4.250424355e-02 
  4.473952949e-02 
  4.413789883e-02 
  4.443762824e-02 
  4.508784041e-02 
  4.533463344e-02 
  4.447603598e-02 
  4.432760924e-02 
  4.360608011e-02 
  4.446618631e-02 
  4.397798330e-02 
  4.371500015e-02 
  4.462957755e-02 
  4.412167147e-02 
  4.462507367e-02 
  4.384620860e-02 
  4.347700998e-02 
  4.446805641e-02 
  4.396593198e-02 
  4.279781505e-02 
  4.389911145e-02 
  4.337863252e-02 
  4.362656921e-02 
  4.337320849e-02 
  4.053260759e-02 
  4.323495924e-02 
  4.288654402e-02 
  4.258294031e-02 
  4.184181616e-02 
  4.191177338e-02 
  4.236194119e-02 
  4.242647067e-02 
  4.119350761e-02 
  4.197332636e-02 
  4.035345837e-02 
  4.110291228e-02 
  4.123969004e-02 
  4.103212059e-02 
  4.146926850e-02 
  4.153630883e-02 
  4.147225246e-02 
  4.097944871e-02 
  3.967351466e-02 
  4.058457911e-02 
  4.025564343e-02 
  3.994186968e-02 
  4.052171484e-02 
  4.021828622e-02 
  3.863487393e-02 
  3.917590901e-02 
  3.832427785e-02 
  3.947509080e-02 
  3.906640783e-02 
  3.896799684e-02 
  3.819607943e-02 
  3.898748010e-02 
  3.887312114e-02 
  3.817006573e-02 
  3.727665544e-02 
  3.768841177e-02 
  3.687934577e-02 
  3.666277230e-02 
  3.564667329e-02 
  3.551748395e-02 
  3.440235555e-02 
  3.523397818e-02 
  3.510437533e-02 
  3.448957950e-02 
  3.455370665e-02 
  3.203309327e-02 
  3.432644159e-02 
  3.093271516e-02 
  3.378594667e-02 
  3.392511979e-02 
  3.458997235e-02 
  3.427353501e-02 
  3.357152268e-02 
  3.397246450e-02 
  3.365159780e-02 
  3.461303562e-02 
  3.409185633e-02 
  3.367687389e-02 
  3.310563043e-02 
  3.022448346e-02 
  3.248028830e-02 
  3.167438880e-02 
  3.325907886e-02 
  3.387457505e-02 
  3.349036723e-02 
  3.352785110e-02 
  3.132786974e-02 
  3.236243129e-02 
  3.266248479e-02 
  3.124333918e-02 
  3.149786592e-02 
  3.009622544e-02 
  3.073654696e-02 
  3.047877178e-02 
  3.086944669e-02 
  3.033685870e-02 
  3.017270938e-02 
  3.019791842e-02 
  3.044768237e-02 
  3.025495820e-02 
  2.832498401e-02 
  2.917407267e-02 
  2.949263155e-02 
  3.018451855e-02 
  2.981385216e-02 
  3.031611256e-02 
  2.841329388e-02 
  2.924763784e-02 
  3.008397855e-02 
  2.998632379e-02 
  2.922266163e-02 
  2.876857482e-02 
  2.941961028e-02 
  2.997026406e-02 
  3.011989594e-02 
  2.933166176e-02 
  2.958617359e-02 
  2.947863936e-02 
  2.962801233e-02 
  2.953558601e-02 
  2.863732912e-02 
  2.901351266e-02 
  2.891761996e-02 
  2.846127003e-02 
  2.768808790e-02 
  2.836056426e-02 
  2.817402594e-02 
  2.679890580e-02 
  2.653816901e-02 
  2.614414692e-02 
  2.619815059e-02 
  2.594450861e-02 
  2.584847808e-02 
  2.644115500e-02 
  2.596515976e-02 
  2.594729885e-02 
  2.619493753e-02 
  2.637432329e-02 
  2.619251423e-02 
  2.553013898e-02 
  2.611353993e-02 
  2.547404356e-02 
  2.592812665e-02 
  2.560857870e-02 
  2.583291009e-02 
  2.529149316e-02 
  2.574391477e-02 
  2.549493499e-02 
  2.559868619e-02 
  2.507602982e-02 
  2.530299686e-02 
  2.533941157e-02 
  2.508011274e-02 
  2.484176680e-02 
  2.465308085e-02 
  2.434377559e-02 
  2.418375574e-02 
  2.438454330e-02 
  2.391378023e-02 
  2.393002622e-02 
  2.440330014e-02 
  2.419015020e-02 
  2.299005166e-02 
  2.358743362e-02 
  2.363027819e-02 
  2.335446700e-02 
  2.292357758e-02 
  2.298360877e-02 
  2.305973507e-02 
  2.269003168e-02 
  2.185850590e-02 
  2.105129696e-02 
  2.160717361e-02 
  2.208679542e-02 
  2.244192548e-02 
  2.245302126e-02 
  2.213055827e-02 
  2.216915227e-02 
  2.213035151e-02 
  2.181218751e-02 
  2.174384333e-02 
  2.197295800e-02 
  2.196102962e-02 
  2.183126658e-02 
  2.174898237e-02 
  2.170552872e-02 
  2.152705938e-02 
  2.134389803e-02 
  2.142216265e-02 
  2.123411931e-02 
  2.091739140e-02 
  2.090334147e-02 
  2.078518644e-02 
  2.031573653e-02 
  2.063519135e-02 
  2.067994140e-02 
  2.037625760e-02 
  2.027961239e-02 
  1.967074722e-02 
  1.998326927e-02 
  2.015352622e-02 
  1.857906953e-02 
  1.982855052e-02 
  1.988251321e-02 
  1.983741298e-02 
  1.980413683e-02 
  1.965395920e-02 
  1.942339726e-02 
  1.927516051e-02 
  1.939539239e-02 
  1.891536079e-02 
  1.859476976e-02 
  1.887089573e-02 
  1.788792200e-02 
  1.811542735e-02 
  1.833014004e-02 
  1.847496815e-02 
  1.834319532e-02 
  1.790047809e-02 
  1.822233200e-02 
  1.821587421e-02 
  1.792025752e-02 
  1.768064313e-02 
  1.651657932e-02 
  1.680005528e-02 
  1.687053777e-02 
  1.601567306e-02 
  1.576693729e-02 
  1.650226861e-02 
  1.672091335e-02 
  1.674449258e-02 
  1.632054150e-02 
  1.679539680e-02 
  1.648442820e-02 
  1.667875983e-02 
  1.615542173e-02 
  1.624006592e-02 
  1.579952985e-02 
  1.634777710e-02 
  1.617955975e-02 
  1.610732265e-02 
  1.581084356e-02 
  1.589268260e-02 
  1.590304635e-02 
  1.587197371e-02 
  1.559713017e-02 
  1.572823524e-02 
  1.570361108e-02 
  1.554442290e-02 
  1.557271928e-02 
  1.543209329e-02 
  1.512633450e-02 
  1.471746434e-02 
  1.485024765e-02 
  1.453114487e-02 
  1.475108042e-02 
  1.464210358e-02 
  1.460492238e-02 
  1.436316501e-02 
  1.443710551e-02 
  1.417703275e-02 
  1.416971814e-02 
  1.414269488e-02 
  1.411686279e-02 
  1.379995234e-02 
  1.343042683e-02 
  1.336955372e-02 
  1.299350802e-02 
  1.277762372e-02 
  1.287705079e-02 
  1.278143283e-02 
  1.274778415e-02 
  1.255151071e-02 
  1.234605722e-02 
  1.232864242e-02 
  1.224321593e-02 
  1.231652033e-02 
  1.238788292e-02 
  1.231803186e-02 
  1.198794600e-02 
  1.186958421e-02 
  1.158647984e-02 
  1.139893197e-02 
  1.105215680e-02 
  1.067419164e-02 
  1.073831785e-02 
  1.038724557e-02 
  9.986229241e-03 
  9.999184869e-03 
  9.543216787e-03 
  9.472059086e-03 
  8.897767402e-03 
  8.603461087e-03 
  8.544835262e-03 
  8.635455742e-03 
  8.583855815e-03 
  8.344556205e-03 
  8.203207515e-03 
  8.095140569e-03 
  7.858546451e-03 
  7.520519663e-03 
  7.492277306e-03 
  7.204466965e-03 
  7.203069516e-03 
  6.982702762e-03 
  6.577881984e-03 
  6.472449750e-03 
  6.131421775e-03 
  5.706228316e-03 
  5.950416438e-03 
  6.022923160e-03 
  6.052100100e-03 
  5.957126152e-03 
  5.851092283e-03 
  5.988243967e-03 
  5.648582708e-03 
  5.664020311e-03 
  5.464165006e-03 
  5.401192699e-03 
  4.984188359e-03 
  4.914178979e-03 
  4.889291245e-03 
  4.760235548e-03 
  4.574957304e-03 
  4.549706355e-03 
  4.272028804e-03 
  4.268688150e-03 
  4.184420686e-03 
  4.037154838e-03 
  4.200662952e-03 
  4.222289659e-03 
  4.301891662e-03 
  4.343197215e-03 
  4.191642161e-03 
  4.415186122e-03 
  4.386278335e-03 
  4.336877260e-03 
  4.013460129e-03 
  4.121995065e-03 
  4.176200833e-03 
  4.199025221e-03 
  4.165736493e-03 
  4.129943904e-03 
  4.026571754e-03 
  4.086043220e-03 
  4.083382897e-03 
  3.935195506e-03 
  4.083671141e-03 
  4.139812198e-03 
  4.220194183e-03 
  4.158756696e-03 
  4.357472993e-03 
  4.312288947e-03 
  4.324919544e-03 
  4.268713295e-03 
  4.274189007e-03 
  3.999038134e-03 
  3.922342788e-03 
  3.624106059e-03 
  3.700678237e-03 
  3.420220222e-03 
  3.267194610e-03 
  3.231693758e-03 
  3.239183920e-03 
  3.225438762e-03 
  3.152095014e-03 
  2.922964515e-03 
  3.673757426e-03 
  3.964559641e-03 
  4.038663115e-03 
  4.062740598e-03 
  4.175033420e-03 
  4.246131983e-03 
  4.272323102e-03 
  4.281828646e-03 
  4.247481003e-03 
  4.097143188e-03 
  4.287445918e-03 
  4.218474962e-03 
  4.136936739e-03 
  3.971924540e-03 
  4.096304998e-03 
  3.961165436e-03 
  3.789670533e-03 
  3.932511900e-03 
  3.827717155e-03 
  3.663480282e-03 
  3.637693357e-03 
  3.560179612e-03 
  3.495196579e-03 
  3.445658134e-03 
  3.466377966e-03 
  3.406383796e-03 
  3.423479386e-03 
  3.384238109e-03 
  3.511715680e-03 
  3.517343430e-03 
  3.610602813e-03 
  3.534580814e-03 
  3.594157053e-03 
  3.590319538e-03 
  3.576098941e-03 
  3.462950699e-03 
  3.630561288e-03 
  3.710614052e-03 
  3.677577712e-03 
  3.811885370e-03 
  3.823006758e-03 
  3.907783423e-03 
  3.882316407e-03 
  3.850344801e-03 
  3.995911218e-03 
  4.064579029e-03 
  4.010590259e-03 
  4.080332816e-03 
  4.052279051e-03 
  4.065332934e-03 
  4.069842398e-03 
  4.019875545e-03 
  3.938957117e-03 
  4.086143337e-03 
  4.086302128e-03 
  4.202881362e-03 
  4.125175066e-03 
  4.281452857e-03 
  4.305770155e-03 
  4.354731180e-03 
  4.349654540e-03 
  4.424937069e-03 
  4.218671005e-03 
  4.359492566e-03 
  4.392245319e-03 
  4.425303079e-03 
  4.286152776e-03 
  4.091079812e-03 
  3.835599869e-03 
  4.085655790e-03 
  4.331229720e-03 
  4.373577423e-03 
  4.415158648e-03 
  4.256953020e-03 
  4.124717321e-03 
  4.119496793e-03 
  4.218804650e-03 
  4.143513273e-03 
  4.129576497e-03 
  4.046245012e-03 
  4.137221724e-03 
  4.147895146e-03 
  4.292421509e-03 
  4.251217935e-03 
  4.448369611e-03 
  4.350857809e-03 
  4.477372859e-03 
  4.473268054e-03 
  4.817847162e-03 
  4.690430127e-03 
  4.998862743e-03 
  5.003693048e-03 
  5.188445095e-03 
  5.223431159e-03 
  5.399323069e-03 
  5.344930105e-03 
  5.256955046e-03 
  5.390069913e-03 
  5.633468740e-03 
  5.624960177e-03 
  5.707670469e-03 
  5.405952688e-03 
  5.790828727e-03 
  5.597190466e-03 
  5.750340875e-03 
  5.789541639e-03 
  5.827460904e-03 
  5.751984194e-03 
  5.764414091e-03 
  5.637736525e-03 
  5.653551314e-03 
  5.795675330e-03 
  5.757267121e-03 
  5.729210563e-03 
  5.668599624e-03 
  5.577982403e-03 
  5.339975003e-03 
  5.372258835e-03 
  5.192830227e-03 
  5.180981010e-03 
  4.625384230e-03 
  4.528703168e-03 
  3.998738714e-03 
  3.992375918e-03 
  3.444379661e-03 
  3.443072084e-03 
  3.114487743e-03 
  3.105872311e-03 
  3.133840859e-03 
  3.046430415e-03 
  3.222362604e-03 
  3.213645658e-03 
  3.286568681e-03 
  3.286101390e-03 
  3.308482235e-03 
  3.298023250e-03 
  3.343848744e-03 
  3.304518526e-03 
  3.421243280e-03 
  3.408935620e-03 
  3.597907722e-03 
  3.599301679e-03 
  3.895717440e-03 
  3.858835204e-03 
  4.014429171e-03 
  4.147736821e-03 
  4.452053923e-03 
  4.447338171e-03 
  4.618741106e-03 
  4.651489202e-03 
  4.776793998e-03 
  4.783955868e-03 
  4.795123357e-03 
  4.729777575e-03 
  4.820925649e-03 
  4.891810939e-03 
  4.947918467e-03 
  4.934361205e-03 
  4.782232456e-03 
  4.884820897e-03 
  4.917206708e-03 
  4.644347355e-03 
  4.796808586e-03 
  4.826352932e-03 
  4.781878088e-03 
  4.728153814e-03 
  4.684490152e-03 
  4.674543627e-03 
  4.542968702e-03 
  4.531047307e-03 
  4.497732501e-03 
  4.301744048e-03 
  4.316878505e-03 
  4.092064686e-03 
  4.061509855e-03 
  3.912436310e-03 
  3.849875415e-03 
  3.846031846e-03 
  3.867740510e-03 
  3.898354713e-03 
  3.875812050e-03 
  3.929369152e-03 
  3.923140466e-03 
  3.923304379e-03 
  3.812053241e-03 
  3.916959278e-03 
  3.894876689e-03 
  3.655321663e-03 
  3.862154437e-03 
  3.859436605e-03 
  3.867628984e-03 
  3.827478969e-03 
  3.891689237e-03 
  3.753930097e-03 
  3.965991549e-03 
  3.913023509e-03 
  4.070647061e-03 
  4.056742880e-03 
  4.137422889e-03 
  4.124787636e-03 
  4.176843446e-03 
  4.167875275e-03 
  4.090671428e-03 
  4.167100415e-03 
  4.118612036e-03 
  4.168115091e-03 
  4.087497946e-03 
  4.110123031e-03 
  4.136462696e-03 
  4.161776043e-03 
  4.151828121e-03 
  4.170830827e-03 
  4.168759100e-03 
  4.171192646e-03 
  4.132120404e-03 
  3.966868389e-03 
  4.103744403e-03 
  4.134493414e-03 
  3.996922635e-03 
  4.109407309e-03 
  4.090162460e-03 
  4.076810088e-03 
  4.083188716e-03 
  4.086268600e-03 
  4.074367695e-03 
  4.094410688e-03 
  4.024315160e-03 
  4.078576341e-03 
  4.067433067e-03 
  4.074614961e-03 
  4.054724704e-03 
  4.042906221e-03 
  4.014589358e-03 
  3.913179971e-03 
  3.996757790e-03 
  3.978102002e-03 
  3.950439859e-03 
  3.955272958e-03 
  3.944481257e-03 
  3.910141066e-03 
  3.809185931e-03 
  3.889968386e-03 
  3.908429760e-03 
  3.807693254e-03 
  3.881950863e-03 
  3.841273487e-03 
  3.836611053e-03 
  3.769974923e-03 
  3.844193649e-03 
  3.855872434e-03 
  3.781655803e-03 
  3.852658439e-03 
  3.836781019e-03 
  3.814909374e-03 
  3.830727888e-03 
  3.816717304e-03 
  3.806577763e-03 
  3.788002999e-03 
  3.785245121e-03 
  3.640255891e-03 
  3.757254453e-03 
  3.749456722e-03 
  3.723719157e-03 
  3.712132107e-03 
  3.708662931e-03 
  3.680073423e-03 
  3.654856468e-03 
  3.629245562e-03 
  3.586417297e-03 
  3.523298772e-03 
  3.552471288e-03 
  3.547433997e-03 
  3.497905564e-03 
  3.487182083e-03 
  3.453189973e-03 
  3.438346321e-03 
  3.400122281e-03 
  3.401865019e-03 
  3.394201398e-03 
  3.390856087e-03 
  3.375957720e-03 
  3.364939010e-03 
  3.343173768e-03 
  3.326174337e-03 
  3.316725371e-03 
  3.266233718e-03 
  3.262733342e-03 
  3.211103380e-03 
  3.098459681e-03 
  2.778117778e-03 
  3.033806570e-03 
  3.124063602e-03 
  3.201195970e-03 
  3.192090197e-03 
  3.213990945e-03 
  3.195926547e-03 
  3.201548010e-03 
  3.183658700e-03 
  3.181688255e-03 
  3.156372812e-03 
  3.121440066e-03 
  3.138434608e-03 
  3.012686735e-03 
  3.128558164e-03 
  3.117893357e-03 
  3.083954798e-03 
  3.002450336e-03 
  3.069855040e-03 
  3.072009422e-03 
  3.069898812e-03 
  3.060236108e-03 
  2.977562137e-03 
  2.955614123e-03 
  2.986005275e-03 
  3.015411086e-03 
  3.001701785e-03 
  2.963528968e-03 
  2.950415714e-03 
  2.936291276e-03 
  2.897859318e-03 
  2.881232882e-03 
  2.857730025e-03 
  2.848457312e-03 
  2.832723316e-03 
  2.829732373e-03 
  2.820053604e-03 
  2.845689654e-03 
  2.841054229e-03 
  2.827799879e-03 
  2.752092900e-03 
  2.712124260e-03 
  2.844612813e-03 
  2.780780429e-03 
  2.865122631e-03 
  2.857409650e-03 
  2.843083115e-03 
  2.837865148e-03 
  2.821381902e-03 
  2.815943910e-03 
  2.787254984e-03 
  2.741927980e-03 
  2.770319115e-03 
  2.774166642e-03 
  2.760029165e-03 
  2.750302432e-03 
  2.734433394e-03 
  2.727619605e-03 
  2.715983894e-03 
  2.697421936e-03 
  2.646073466e-03 
  2.648849506e-03 
  2.642234089e-03 
  2.661190229e-03 
  2.627801616e-03 
  2.627087058e-03 
  2.622244647e-03 
  2.610030118e-03 
  2.600491513e-03 
  2.581977285e-03 
  2.566961804e-03 
  2.563557122e-03 
  2.529837657e-03 
  2.472309861e-03 
  2.498418791e-03 
  2.518564928e-03 
  2.508642618e-03 
  2.462545410e-03 
  2.476827940e-03 
  2.473281464e-03 
  2.463585464e-03 
  2.456978662e-03 
  2.386296634e-03 
  2.431650180e-03 
  2.407514723e-03 
  2.400410362e-03 
  2.400045050e-03 
  2.363292733e-03 
  2.300154418e-03 
  2.346595051e-03 
  2.324748551e-03 
  2.320573898e-03 
  2.315846505e-03 
  2.314348705e-03 
  2.293491270e-03 
  2.278217580e-03 
  2.278551459e-03 
  2.193894004e-03 
  2.270586556e-03 
  2.253167331e-03 
  2.221364528e-03 
  2.237079199e-03 
  2.234436804e-03 
  2.225368517e-03 
  2.214861102e-03 
  2.191606443e-03 
  2.207978396e-03 
  2.201646334e-03 
  2.191223437e-03 
  2.154915594e-03 
  2.177619608e-03 
  2.174186287e-03 
  2.169068670e-03 
  2.158549847e-03 
  2.148251981e-03 
  2.039449755e-03 
  2.102070022e-03 
  2.104626037e-03 
  2.097177086e-03 
  2.085948596e-03 
  2.080155304e-03 
  2.080695238e-03 
  2.069867682e-03 
  2.047778340e-03 
  2.044130117e-03 
  2.013467718e-03 
  2.019880107e-03 
  2.012377838e-03 
  1.902449876e-03 
  1.949441619e-03 
  1.938355388e-03 
  1.900956850e-03 
  1.939755515e-03 
  1.941892435e-03 
  1.933344291e-03 
  1.928516547e-03 
  1.946739038e-03 
  1.937590074e-03 
  1.927879173e-03 
  1.945391181e-03 
  1.944058808e-03 
  1.943460084e-03 
  1.939779730e-03 
  1.924076932e-03 
  1.911571366e-03 
  1.914241817e-03 
  1.901986892e-03 
  1.881372766e-03 
  1.867166488e-03 
  1.802173094e-03 
  1.825395157e-03 
  1.804521657e-03 
  1.831725705e-03 
  1.821231213e-03 
  1.795324730e-03 
  1.801626291e-03 
  1.797116944e-03 
  1.708824653e-03 
  1.753248973e-03 
  1.764520188e-03 
  1.742391614e-03 
  1.772424788e-03 
  1.781230094e-03 
  1.764115994e-03 
  1.758053550e-03 
  1.747136470e-03 
  1.732920296e-03 
  1.728746225e-03 
  1.697724452e-03 
  1.670738682e-03 
  1.679699984e-03 
  1.659142785e-03 
  1.647743746e-03 
  1.602357486e-03 
  1.625687582e-03 
  1.624865574e-03 
  1.608698629e-03 
  1.598368282e-03 
  1.590990694e-03 
  1.577793853e-03 
  1.578862313e-03 
  1.567031257e-03 
  1.562540303e-03 
  1.567343832e-03 
  1.554756542e-03 
  1.559742726e-03 
  1.532894559e-03 
  1.482758438e-03 
  1.518727397e-03 
  1.533436007e-03 
  1.545114676e-03 
  1.530006994e-03 
  1.527906512e-03 
  1.552098314e-03 
  1.550802379e-03 
  1.536823111e-03 
  1.520119375e-03 
  1.515410026e-03 
  1.516996766e-03 
  1.483896631e-03 
  1.484438777e-03 
  1.449664473e-03 
  1.439953921e-03 
  1.423762180e-03 
  1.396074193e-03 
  1.409879420e-03 
  1.407947275e-03 
  1.408127951e-03 
  1.337123103e-03 
  1.379435183e-03 
  1.405623159e-03 
  1.398739056e-03 
  1.392263919e-03 
  1.405917690e-03 
  1.398996683e-03 
  1.392260077e-03 
  1.393287559e-03 
  1.324216719e-03 
  1.321264426e-03 
  1.329250284e-03 
  1.336747897e-03 
  1.320856507e-03 
  1.354015316e-03 
  1.346872537e-03 
  1.361754956e-03 
  1.357114990e-03 
  1.351362327e-03 
  1.341974945e-03 
  1.357134664e-03 
  1.342896721e-03 
  1.342025003e-03 
  1.346050180e-03 
  1.334701781e-03 
  1.334620058e-03 
  1.319941599e-03 
  1.315044588e-03 
  1.319530536e-03 
  1.307694823e-03 
  1.288744621e-03 
  1.295085880e-03 
  1.274139271e-03 
  1.262428588e-03 
  1.262532314e-03 
  1.256376505e-03 
  1.237816294e-03 
  1.236918033e-03 
  1.233321032e-03 
  1.215829048e-03 
  1.171558513e-03 
  1.167501323e-03 
  1.126969233e-03 
  1.175870304e-03 
  1.184142428e-03 
  1.215007971e-03 
  1.200017170e-03 
  1.205400215e-03 
  1.218563411e-03 
  1.207990688e-03 
  1.209578477e-03 
  1.203155494e-03 
  1.216328819e-03 
  1.201431849e-03 
  1.198736136e-03 
  1.204833621e-03 
  1.195641235e-03 
  1.181174768e-03 
  1.186530571e-03 
  1.181039377e-03 
  1.143173780e-03 
  1.128777396e-03 
  1.158438972e-03 
  1.148860902e-03 
  1.119436813e-03 
  1.146616763e-03 
  1.127237803e-03 
  1.112309052e-03 
  1.117323292e-03 
  1.085508731e-03 
  1.078323461e-03 
  1.057821093e-03 
  1.025598845e-03 
  1.026259735e-03 
  1.014608541e-03 
  1.012958586e-03 
  1.018374809e-03 
  1.009298721e-03 
  1.007172745e-03 
  1.021187985e-03 
  1.044769189e-03 
  1.032315660e-03 
  1.028825995e-03 
  9.909281507e-04 
  1.040354138e-03 
  1.045824145e-03 
  1.037690090e-03 
  1.021572272e-03 
  1.022563200e-03 
  1.013390138e-03 
  1.000708668e-03 
  9.912260575e-04 
  9.818798862e-04 
  9.600064950e-04 
  9.583520005e-04 
  9.497480351e-04 
  8.757788455e-04 
  9.116589790e-04 
  9.065418853e-04 
  8.914553327e-04 
  8.741402416e-04 
  8.889987366e-04 
  8.462289115e-04 
  8.572176448e-04 
  8.516625967e-04 
  7.861150079e-04 
  7.962064119e-04 
  7.814093260e-04 
  7.571619353e-04 
  7.348906365e-04 
  7.679770351e-04 
  7.386628422e-04 
  7.329492364e-04 
  6.920804735e-04 
  7.219027029e-04 
  7.201594999e-04 
  7.226720336e-04 
  7.186979055e-04 
  7.203939022e-04 
  7.077648770e-04 
  7.220589905e-04 
  7.129195728e-04 
  7.072121953e-04 
  7.209136384e-04 
  7.147622528e-04 
  7.168822340e-04 
  7.075613248e-04 
