  5.511549115e-01 
  1.388962746e+00 
  1.449751496e+00 
  3.577624559e+00 
  3.956192732e+00 
  6.917493343e+00 
  7.405442715e+00 
  1.066829681e+01 
  1.335290337e+01 
  1.406983566e+01 
  1.527237606e+01 
  2.906147575e+01 
  2.437629509e+01 
  3.062851715e+01 
  3.109396935e+01 
  3.669062424e+01 
  2.839552879e+01 
  4.070582581e+01 
  3.917488480e+01 
  4.358023071e+01 
  4.176295853e+01 
  5.114504623e+01 
  4.447126389e+01 
  3.880989075e+01 
  4.827595901e+01 
  5.315855026e+01 
  7.282236481e+01 
  7.274969482e+01 
  5.968944550e+01 
  7.048808289e+01 
  7.306919098e+01 
  5.880877686e+01 
  6.442329407e+01 
  7.236064148e+01 
  6.012540054e+01 
  6.426647186e+01 
  4.796284103e+01 
  4.550041962e+01 
  5.513139343e+01 
  5.512638855e+01 
  6.147894669e+01 
  5.157417297e+01 
  5.369223404e+01 
  5.350957489e+01 
  4.799600220e+01 
  6.127133179e+01 
  6.745838928e+01 
  6.367215347e+01 
  5.948213577e+01 
  6.471194458e+01 
  6.563257599e+01 
  6.181908417e+01 
  6.284290314e+01 
  5.687979126e+01 
  6.513414001e+01 
  6.548027802e+01 
  6.141511154e+01 
  3.894001770e+01 
  4.197090149e+01 
  4.188410568e+01 
  6.163053513e+01 
  4.847412109e+01 
  5.275682449e+01 
  5.567055130e+01 
  5.512201309e+01 
  5.119884109e+01 
  6.970676422e+01 
  6.186872101e+01 
  5.787061691e+01 
  5.521141052e+01 
  6.298004150e+01 
  4.988706970e+01 
  5.207973862e+01 
  5.146643448e+01 
  3.951893997e+01 
  3.588437271e+01 
  5.087768173e+01 
  5.158488464e+01 
  6.609114075e+01 
  5.039382553e+01 
  4.674460602e+01 
  5.196327209e+01 
  3.844269562e+01 
  2.651821327e+01 
  2.887158203e+01 
  4.296853256e+01 
  3.297830200e+01 
  3.741892242e+01 
  3.662837219e+01 
  4.123518753e+01 
  4.938762283e+01 
  5.457418060e+01 
  4.790364075e+01 
  2.536539078e+01 
  2.772336197e+01 
  4.596356964e+01 
  4.672587967e+01 
  1.878263855e+01 
  5.190324020e+01 
  6.146773529e+01 
  5.964599609e+01 
  5.851332474e+01 
  6.120687103e+01 
  5.658314896e+01 
  6.001896286e+01 
  5.433112717e+01 
  5.322764969e+01 
  5.117584610e+01 
  5.473235321e+01 
  5.980958939e+01 
  4.936766052e+01 
  5.723671341e+01 
  5.855621338e+01 
  5.461713791e+01 
  5.292914963e+01 
  5.574259949e+01 
  5.471030045e+01 
  5.238457108e+01 
  5.060781097e+01 
  5.120695496e+01 
  4.280807495e+01 
  5.297470474e+01 
  5.013882065e+01 
  4.182840729e+01 
  4.544950485e+01 
  4.650140762e+01 
  4.416138840e+01 
  4.196775818e+01 
  4.198693848e+01 
  3.774250412e+01 
  2.975968742e+01 
  2.643958473e+01 
  4.702991104e+01 
  4.137120819e+01 
  3.886105347e+01 
  4.178664398e+01 
  4.579670334e+01 
  4.570338440e+01 
  4.046859741e+01 
  3.871063995e+01 
  4.289049530e+01 
  4.226424789e+01 
  4.400757599e+01 
  4.380113602e+01 
  4.302681732e+01 
  4.475194168e+01 
  3.939108276e+01 
  4.442636490e+01 
  4.466474152e+01 
  4.447110367e+01 
  4.493960190e+01 
  4.803323746e+01 
  4.416368866e+01 
  4.054838181e+01 
  4.276048279e+01 
  4.259263992e+01 
  4.315311050e+01 
  4.292734909e+01 
  4.171970367e+01 
  4.126839066e+01 
  4.047313309e+01 
  4.149500275e+01 
  4.038706207e+01 
  3.997102737e+01 
  3.968130112e+01 
  3.869219589e+01 
  3.950065994e+01 
  3.770929337e+01 
  3.950300217e+01 
  3.874702835e+01 
  3.781456375e+01 
  3.735333633e+01 
  3.741667175e+01 
  3.662461853e+01 
  3.653620529e+01 
  3.761931992e+01 
  3.608646393e+01 
  3.538665390e+01 
  3.675035477e+01 
  3.471643066e+01 
  3.503167725e+01 
  3.445782852e+01 
  3.481759644e+01 
  3.449821854e+01 
  3.283480453e+01 
  3.274275970e+01 
  2.628162575e+01 
  2.924531746e+01 
  3.143948746e+01 
  2.893709755e+01 
  3.261919785e+01 
  3.022399712e+01 
  2.876031876e+01 
  3.067307663e+01 
  2.934397697e+01 
  3.106483841e+01 
  2.996179008e+01 
  2.878378677e+01 
  2.783321762e+01 
  2.749966049e+01 
  2.711674500e+01 
  2.625609970e+01 
  2.583612442e+01 
  2.711684990e+01 
  2.499111176e+01 
  2.670134163e+01 
  2.831699371e+01 
  2.610076332e+01 
  2.479774094e+01 
  2.649193192e+01 
  2.543131065e+01 
  2.520324135e+01 
  2.620778084e+01 
  2.376502419e+01 
  2.305246544e+01 
  2.331846619e+01 
  2.426921272e+01 
  1.771330070e+01 
  2.172926331e+01 
  2.039846420e+01 
  2.225362968e+01 
  2.206372261e+01 
  2.273128319e+01 
  2.098415375e+01 
  2.256171989e+01 
  2.218016434e+01 
  2.094828415e+01 
  1.813563538e+01 
  2.158647919e+01 
  2.200169373e+01 
  2.060505486e+01 
  2.222990799e+01 
  2.101991463e+01 
  1.830015564e+01 
  1.972555923e+01 
  1.994942093e+01 
  2.098349953e+01 
  1.929825783e+01 
  2.002621841e+01 
  1.978783035e+01 
  1.919845963e+01 
  1.745380402e+01 
  1.930352402e+01 
  1.830753517e+01 
  1.914624977e+01 
  1.870185661e+01 
  1.813208389e+01 
  1.874380302e+01 
  1.724587822e+01 
  1.799867630e+01 
  1.745913887e+01 
  1.721040535e+01 
  1.780852699e+01 
  1.697423363e+01 
  1.738932419e+01 
  1.729995728e+01 
  1.669006729e+01 
  1.606692696e+01 
  1.654591370e+01 
  1.551661587e+01 
  1.546247196e+01 
  1.686071777e+01 
  1.535514259e+01 
  1.593936157e+01 
  1.559225082e+01 
  1.565364838e+01 
  1.431958866e+01 
  1.523819065e+01 
  1.506909943e+01 
  1.464478397e+01 
  1.460703659e+01 
  1.398473549e+01 
  1.465992737e+01 
  1.469400978e+01 
  1.450319576e+01 
  1.404065704e+01 
  1.368398857e+01 
  1.415363216e+01 
  1.364747143e+01 
  1.345361423e+01 
  1.382828140e+01 
  1.349611282e+01 
  1.361101913e+01 
  1.361508751e+01 
  1.348061657e+01 
  1.330071163e+01 
  1.264231873e+01 
  1.303772831e+01 
  1.281559849e+01 
  1.129048729e+01 
  1.170782089e+01 
  1.234460068e+01 
  1.202827263e+01 
  1.206329823e+01 
  1.208979034e+01 
  1.178150082e+01 
  1.198124695e+01 
  1.193214989e+01 
  1.160375881e+01 
  1.152435780e+01 
  1.144688034e+01 
  1.130261898e+01 
  1.110234165e+01 
  1.109537792e+01 
  1.137169266e+01 
  1.126768303e+01 
  1.106247711e+01 
  1.092683029e+01 
  1.081430149e+01 
  1.063206959e+01 
  1.039230347e+01 
  1.049103737e+01 
  1.028597641e+01 
  1.006873608e+01 
  9.641121864e+00 
  1.003628063e+01 
  9.479641914e+00 
  9.470277786e+00 
  9.851175308e+00 
  9.695872307e+00 
  9.773541451e+00 
  9.875204086e+00 
  9.291436195e+00 
  9.300824165e+00 
  9.248199463e+00 
  8.936919212e+00 
  8.921161652e+00 
  9.000180244e+00 
  8.747111320e+00 
  8.956514359e+00 
  8.601076126e+00 
  8.873721123e+00 
  8.223144531e+00 
  8.776582718e+00 
  8.467739105e+00 
  8.571884155e+00 
  8.221249580e+00 
  8.442903519e+00 
  8.525638580e+00 
  8.404566765e+00 
  8.093048096e+00 
  8.160148621e+00 
  8.013956070e+00 
  8.101758957e+00 
  7.959650993e+00 
  7.975559711e+00 
  7.624626160e+00 
  7.682212830e+00 
  7.623890877e+00 
  7.725074768e+00 
  7.113833427e+00 
  7.615703583e+00 
  7.423442364e+00 
  7.526332855e+00 
  7.381972313e+00 
  7.142964363e+00 
  6.027310848e+00 
  6.393635750e+00 
  7.078956127e+00 
  7.049626827e+00 
  7.062982559e+00 
  7.055407047e+00 
  7.115226269e+00 
  6.992923260e+00 
  6.840649128e+00 
  6.829402924e+00 
  6.870532513e+00 
  6.693900108e+00 
  6.691841602e+00 
  6.747387409e+00 
  6.626792431e+00 
  6.517513275e+00 
  6.457582474e+00 
  6.465136528e+00 
  6.439185143e+00 
  6.303184509e+00 
  6.384025097e+00 
  6.219861984e+00 
  6.285218239e+00 
  6.159540653e+00 
  6.075375080e+00 
  6.045373440e+00 
  5.996442795e+00 
  6.000372887e+00 
  5.856177807e+00 
  5.888001442e+00 
  5.586123943e+00 
  5.048329353e+00 
  5.153789520e+00 
  5.098137856e+00 
  5.164437771e+00 
  5.260088444e+00 
  5.268065929e+00 
  5.259578705e+00 
  5.258208275e+00 
  5.170992851e+00 
  5.221138477e+00 
  5.285662174e+00 
  5.138974667e+00 
  5.130431175e+00 
  5.052286625e+00 
  4.895356655e+00 
  4.854003906e+00 
  4.951921940e+00 
  4.940095425e+00 
  4.924352646e+00 
  4.848547459e+00 
  4.756240845e+00 
  4.875448227e+00 
  4.693756104e+00 
  4.754157066e+00 
  4.699342728e+00 
  4.624885559e+00 
  4.564437866e+00 
  4.610290051e+00 
  4.401664734e+00 
  4.468101025e+00 
  4.191136837e+00 
  4.068777561e+00 
  3.972698212e+00 
  3.939993143e+00 
  4.087344170e+00 
  4.192263603e+00 
  4.118867397e+00 
  4.014829636e+00 
  3.962931633e+00 
  3.928747177e+00 
  3.978439808e+00 
  3.873094082e+00 
  3.734268427e+00 
  3.843928337e+00 
  3.751631737e+00 
  3.864935637e+00 
  3.849535704e+00 
  3.940528154e+00 
  3.875256538e+00 
  3.761205912e+00 
  3.805008888e+00 
  3.795282841e+00 
  3.661140203e+00 
  3.696220636e+00 
  3.658792734e+00 
  3.583676100e+00 
  3.679219246e+00 
  3.699412823e+00 
  3.587722063e+00 
  3.621099949e+00 
  3.657980442e+00 
  3.573623896e+00 
  3.556069613e+00 
  3.483787298e+00 
  3.456170797e+00 
  3.492188215e+00 
  3.441125154e+00 
  3.476556778e+00 
  3.438141823e+00 
  3.352874041e+00 
  3.359220028e+00 
  3.331962585e+00 
  3.016304255e+00 
  1.646513820e+00 
  1.513316154e+00 
  2.225023746e+00 
  2.031479120e+00 
  2.146208525e+00 
  2.411970139e+00 
  2.559974432e+00 
  2.729537010e+00 
  2.932342768e+00 
  2.984538317e+00 
  2.994496584e+00 
  3.001689196e+00 
  2.979178905e+00 
  2.953464508e+00 
  2.971395493e+00 
  2.845652580e+00 
  2.947887659e+00 
  2.912205935e+00 
  2.881371975e+00 
  2.875559092e+00 
  2.825070620e+00 
  2.806139708e+00 
  2.825078726e+00 
  2.744637489e+00 
  2.745166779e+00 
  2.735172987e+00 
  2.669522524e+00 
  2.687343121e+00 
  2.629184246e+00 
  2.616633654e+00 
  2.575550079e+00 
  2.551685572e+00 
  2.500786781e+00 
  2.491167307e+00 
  2.465179920e+00 
  2.431638002e+00 
  2.441399097e+00 
  2.449462175e+00 
  2.450348854e+00 
  2.433101892e+00 
  2.349371433e+00 
  2.381853104e+00 
  2.364361286e+00 
  2.319885015e+00 
  2.332969904e+00 
  2.265237331e+00 
  2.319623709e+00 
  2.294349194e+00 
  2.266064882e+00 
  2.213203430e+00 
  2.188558817e+00 
  2.205024242e+00 
  2.176661491e+00 
  2.144855261e+00 
  2.116128445e+00 
  2.064988136e+00 
  2.014491796e+00 
  2.017735720e+00 
  1.997171998e+00 
  1.940777659e+00 
  1.918447137e+00 
  2.004098892e+00 
  1.914327741e+00 
  1.871415496e+00 
  1.940137267e+00 
  1.962948561e+00 
  1.959358931e+00 
  1.938810587e+00 
  1.902936339e+00 
  1.900449395e+00 
  1.869941711e+00 
  1.830155253e+00 
  1.859375834e+00 
  1.797633171e+00 
  1.821100712e+00 
  1.826392531e+00 
  1.835267544e+00 
  1.810878277e+00 
  1.813532710e+00 
  1.751248360e+00 
  1.790462017e+00 
  1.783644676e+00 
  1.766407609e+00 
  1.751596332e+00 
  1.716867447e+00 
  1.735758185e+00 
  1.743340015e+00 
  1.676657796e+00 
  1.716108918e+00 
  1.711250186e+00 
  1.471655965e+00 
  1.676856995e+00 
  1.605654001e+00 
  1.618071198e+00 
  1.294595361e+00 
  1.419012189e+00 
  1.603701115e+00 
  1.622224212e+00 
  1.588988781e+00 
  1.581932306e+00 
  1.560650468e+00 
  1.553117037e+00 
  1.540820360e+00 
  1.562894106e+00 
  1.552496552e+00 
  1.516464710e+00 
  1.266060710e+00 
  1.341886044e+00 
  1.448511481e+00 
  1.421533942e+00 
  1.473246932e+00 
  1.464318752e+00 
  1.451685786e+00 
  1.450681567e+00 
  1.412270427e+00 
  1.392781734e+00 
  1.397786260e+00 
  1.419030190e+00 
  1.387992263e+00 
  1.384745955e+00 
  1.370211720e+00 
  1.292889118e+00 
  1.357915282e+00 
  1.320913434e+00 
  1.326042533e+00 
  1.333211184e+00 
  1.283070445e+00 
  1.264577389e+00 
  1.296457767e+00 
  1.299332857e+00 
  1.288901448e+00 
  1.275689721e+00 
  1.263020277e+00 
  1.201101065e+00 
  1.231168151e+00 
  1.150896192e+00 
  1.172392130e+00 
  1.122316480e+00 
  1.111124754e+00 
  1.083599329e+00 
  1.054682612e+00 
  1.022293329e+00 
  9.999172688e-01 
  1.084625125e+00 
  1.119038582e+00 
  1.110146284e+00 
  1.061118841e+00 
  1.049740911e+00 
  1.002005100e+00 
  9.811137915e-01 
  9.905748367e-01 
  9.930539131e-01 
  9.861096740e-01 
  9.846524000e-01 
  9.837750793e-01 
  9.697244167e-01 
  9.794147015e-01 
  9.640276432e-01 
  9.603286982e-01 
  9.880563021e-01 
  9.898418784e-01 
  9.605405331e-01 
  9.474675655e-01 
  8.997676373e-01 
  9.240655303e-01 
  9.314517379e-01 
  8.938973546e-01 
  9.122273326e-01 
  8.979026079e-01 
  8.595971465e-01 
  8.260983229e-01 
  7.910465002e-01 
  7.399526834e-01 
  7.098078132e-01 
  6.718369126e-01 
  6.560370326e-01 
  6.594493389e-01 
  6.684548855e-01 
  6.898346543e-01 
  7.764052749e-01 
  7.812525630e-01 
  7.501942515e-01 
  6.941499710e-01 
  6.857463121e-01 
  6.611823440e-01 
  6.793773174e-01 
  6.865116954e-01 
  6.928064227e-01 
  7.018525004e-01 
  7.001125813e-01 
  6.945472360e-01 
  7.046827674e-01 
  6.834180355e-01 
  6.914504766e-01 
  6.953591108e-01 
  6.367595196e-01 
  6.740820408e-01 
  7.041471601e-01 
  7.109190822e-01 
  7.053367496e-01 
  6.942511797e-01 
  6.813122630e-01 
  6.842923760e-01 
  6.973661780e-01 
  6.890007257e-01 
  6.929340959e-01 
  6.710474491e-01 
  7.003735900e-01 
  7.110906839e-01 
  7.229814529e-01 
  7.225267887e-01 
  7.128700018e-01 
  7.118905783e-01 
  6.957153082e-01 
  6.745699048e-01 
  6.703919172e-01 
  6.815739274e-01 
  6.713525653e-01 
  6.842678189e-01 
  6.642716527e-01 
  6.815659404e-01 
  6.859691739e-01 
  6.791703701e-01 
  6.803275347e-01 
  6.791176200e-01 
  6.795838475e-01 
  6.759576797e-01 
  6.829383373e-01 
  6.722195148e-01 
  6.612552404e-01 
  6.646506190e-01 
  6.691098213e-01 
  6.607212424e-01 
  6.579478383e-01 
  6.602930427e-01 
  6.539171934e-01 
  6.511080861e-01 
  6.484382153e-01 
  6.425865293e-01 
  6.380682588e-01 
  6.306602359e-01 
  6.302000880e-01 
  6.244318485e-01 
  6.151937246e-01 
  6.088953018e-01 
  5.669870377e-01 
  5.945249200e-01 
  6.024971008e-01 
  6.008223295e-01 
  5.924566388e-01 
  5.933089852e-01 
  5.901876092e-01 
  5.889783502e-01 
  5.829174519e-01 
  5.846503973e-01 
  5.716177225e-01 
  5.733101368e-01 
  5.655880570e-01 
  5.702710748e-01 
  5.542344451e-01 
  5.511407852e-01 
  5.549679995e-01 
  5.437402129e-01 
  5.512818098e-01 
  5.458852053e-01 
  5.446000099e-01 
  5.436738729e-01 
  5.380141735e-01 
  5.373611450e-01 
  5.276160240e-01 
  5.313037634e-01 
  5.277742147e-01 
  5.240438581e-01 
  5.124288201e-01 
  5.159030557e-01 
  5.084400177e-01 
  5.129699111e-01 
  5.001744628e-01 
  5.031538606e-01 
  5.032172203e-01 
  4.952957332e-01 
  4.959510267e-01 
  4.954624772e-01 
  4.850011766e-01 
  4.878758788e-01 
  4.838665724e-01 
  4.679268003e-01 
  4.746220112e-01 
  4.773948491e-01 
  4.723606706e-01 
  4.676578939e-01 
  4.658426642e-01 
  4.618121088e-01 
  4.601924121e-01 
  4.536397159e-01 
  4.551368654e-01 
  4.520991743e-01 
  4.494325519e-01 
  4.427799284e-01 
  4.271785021e-01 
  4.409148693e-01 
  4.237924218e-01 
  4.337187111e-01 
  4.245879352e-01 
  4.282684624e-01 
  4.258916378e-01 
  4.112422168e-01 
  4.192820191e-01 
  4.157738090e-01 
  3.829736114e-01 
  4.043504298e-01 
  4.033968747e-01 
  4.029483497e-01 
  3.882444501e-01 
  4.004721045e-01 
  3.870560825e-01 
  3.938462436e-01 
  3.912361562e-01 
  3.905749321e-01 
  3.740264177e-01 
  3.826848567e-01 
  3.672574461e-01 
  3.710272312e-01 
  3.592065573e-01 
  3.709758520e-01 
  3.634345233e-01 
  3.671495020e-01 
  3.448077738e-01 
  3.644893467e-01 
  3.474877775e-01 
  3.534206152e-01 
  3.547530174e-01 
  3.444204926e-01 
  3.371363282e-01 
  3.050243556e-01 
  3.290670216e-01 
  3.266296089e-01 
  3.207362890e-01 
  3.107867539e-01 
  3.059357405e-01 
  3.103018999e-01 
  3.091502190e-01 
  2.949353755e-01 
  3.058976531e-01 
  3.017813861e-01 
  2.982788682e-01 
  2.927505672e-01 
  2.917837203e-01 
  2.900992930e-01 
  2.919643819e-01 
  2.920633554e-01 
  2.862627506e-01 
  2.774165273e-01 
  2.681156993e-01 
  2.679454684e-01 
  2.552397549e-01 
  2.456138730e-01 
  2.348040342e-01 
  2.207062393e-01 
  2.081286758e-01 
  2.009166926e-01 
  1.999128908e-01 
  1.910894513e-01 
  1.952514499e-01 
  1.975743920e-01 
  1.914273500e-01 
  1.865568161e-01 
  1.927687973e-01 
  1.896850914e-01 
  1.969527304e-01 
  2.124269307e-01 
  2.186408192e-01 
  2.119431794e-01 
  1.946169138e-01 
  1.717227101e-01 
  1.748999506e-01 
  1.952101290e-01 
  2.085100412e-01 
  2.113074660e-01 
  2.186855227e-01 
  2.164079398e-01 
  2.053479999e-01 
  2.086917609e-01 
  1.997307539e-01 
  1.926805824e-01 
  1.860089749e-01 
  1.889664531e-01 
  1.948359609e-01 
  1.973290145e-01 
  1.992674470e-01 
  1.978094727e-01 
  1.995331347e-01 
  1.999449879e-01 
  2.010656744e-01 
  2.007606179e-01 
  2.053873092e-01 
  2.064438462e-01 
  2.168885320e-01 
  2.199618071e-01 
  2.192640007e-01 
  2.170054764e-01 
  2.147610337e-01 
  2.242313176e-01 
  2.274608165e-01 
  2.227875590e-01 
  2.265735567e-01 
  2.205810100e-01 
  2.238095403e-01 
  2.248331755e-01 
  2.167334110e-01 
  2.222172171e-01 
  2.236150801e-01 
  2.214734405e-01 
  2.185507715e-01 
  2.179441452e-01 
  2.163667232e-01 
  2.120088041e-01 
  2.170299739e-01 
  2.111131698e-01 
  2.094662488e-01 
  2.111206055e-01 
  2.080044895e-01 
  2.062779963e-01 
  1.937397718e-01 
  2.025470287e-01 
  2.063771635e-01 
  2.038977146e-01 
  2.014490664e-01 
  1.993277371e-01 
  1.880930662e-01 
  1.995732039e-01 
  2.029156089e-01 
  2.024562657e-01 
  2.015636563e-01 
  2.003039867e-01 
  1.961263269e-01 
  1.955115199e-01 
  1.942106336e-01 
  1.869172305e-01 
  1.786961108e-01 
  1.897567064e-01 
  1.905629486e-01 
  1.902135313e-01 
  1.798548996e-01 
  1.823775619e-01 
  1.879457682e-01 
  1.871525645e-01 
  1.881980747e-01 
  1.846030802e-01 
  1.720767319e-01 
  1.828161627e-01 
  1.760443151e-01 
  1.811799407e-01 
  1.820936352e-01 
  1.805806160e-01 
  1.808810830e-01 
  1.808095425e-01 
  1.807274222e-01 
  1.797883064e-01 
  1.776250005e-01 
  1.782865524e-01 
  1.775117368e-01 
  1.760435551e-01 
  1.747135967e-01 
  1.761037111e-01 
  1.746921241e-01 
  1.749098450e-01 
  1.687080115e-01 
  1.737444699e-01 
  1.732272804e-01 
  1.723361611e-01 
  1.719130427e-01 
  1.694585383e-01 
  1.702713221e-01 
  1.695013344e-01 
  1.678962857e-01 
  1.684150249e-01 
  1.679649353e-01 
  1.673363596e-01 
  1.648875028e-01 
  1.635851413e-01 
  1.644442528e-01 
  1.628892571e-01 
  1.605022997e-01 
  1.584121138e-01 
  1.605257392e-01 
  1.586783230e-01 
  1.572169811e-01 
  1.578424871e-01 
  1.566723734e-01 
  1.554329991e-01 
  1.537107825e-01 
  1.525732279e-01 
  1.506383568e-01 
  1.501930654e-01 
  1.491803378e-01 
  1.481183916e-01 
  1.455717087e-01 
  1.449118555e-01 
  1.421954036e-01 
  1.412012577e-01 
  1.396865100e-01 
  1.347004920e-01 
  1.352826655e-01 
  1.323401034e-01 
  1.320124865e-01 
  1.318458915e-01 
  1.282945573e-01 
  1.258617043e-01 
  1.263125241e-01 
  1.293046772e-01 
  1.306160837e-01 
  1.306062341e-01 
  1.307453662e-01 
  1.303583980e-01 
  1.311711669e-01 
  1.312954128e-01 
  1.310547590e-01 
  1.305882335e-01 
  1.295482665e-01 
  1.288146675e-01 
  1.251751482e-01 
  1.111440882e-01 
  1.218824089e-01 
  1.266151369e-01 
  1.273180544e-01 
  1.267774999e-01 
  1.269069314e-01 
  1.246932968e-01 
  1.247679070e-01 
  1.215200573e-01 
  1.229986548e-01 
  1.236314178e-01 
  1.234273463e-01 
  1.206757277e-01 
  1.209110469e-01 
  1.199304163e-01 
  1.182697788e-01 
  1.168288291e-01 
  1.176228151e-01 
  1.167191491e-01 
  1.160550267e-01 
  1.138425171e-01 
  1.117732748e-01 
  1.111142337e-01 
  1.112750322e-01 
  1.108770370e-01 
  1.099536568e-01 
  1.089214608e-01 
  1.076414064e-01 
  1.067678630e-01 
  1.061331928e-01 
  1.044843197e-01 
  9.892950207e-02 
  1.011050791e-01 
  9.783345461e-02 
  1.004906744e-01 
  1.012170762e-01 
  9.842374176e-02 
  9.791947156e-02 
  9.514486790e-02 
  9.376925975e-02 
  9.443709254e-02 
  9.559736401e-02 
  9.599171579e-02 
  9.506095946e-02 
  9.318709373e-02 
  8.968730271e-02 
  8.689418435e-02 
  7.869856060e-02 
  7.794826478e-02 
  7.692603022e-02 
  7.535310835e-02 
  7.812544703e-02 
  7.941519469e-02 
  8.027369529e-02 
  7.956969738e-02 
  7.985693216e-02 
  8.027730137e-02 
  7.962808758e-02 
  7.943271101e-02 
  8.028278500e-02 
  7.993428409e-02 
  7.780563831e-02 
  7.488791645e-02 
  6.826532632e-02 
  6.329703331e-02 
  6.075391918e-02 
  5.680548027e-02 
  5.499460176e-02 
  5.099240318e-02 
  4.912758619e-02 
  4.695826769e-02 
  4.396034032e-02 
  4.229880124e-02 
  4.044048116e-02 
  3.886318207e-02 
  3.691703081e-02 
  3.615264967e-02 
  3.402326256e-02 
  3.219814599e-02 
  3.206913173e-02 
  3.163025901e-02 
  3.195844963e-02 
  3.266198188e-02 
  3.262043372e-02 
  3.293948248e-02 
  3.201945499e-02 
  3.175722063e-02 
  3.114344366e-02 
  3.232866526e-02 
  3.419221193e-02 
  3.693811968e-02 
  3.853768110e-02 
  3.961307555e-02 
  3.929443285e-02 
  3.833068162e-02 
  3.804286197e-02 
  3.637015074e-02 
  3.493494168e-02 
  3.243671358e-02 
  3.079180978e-02 
  2.937086672e-02 
  2.950004302e-02 
  3.064251132e-02 
  3.133488446e-02 
  3.296301514e-02 
  3.491334617e-02 
  3.646735474e-02 
  3.715583310e-02 
  3.655900806e-02 
  3.646970540e-02 
  3.482776508e-02 
  3.338310495e-02 
  3.193217516e-02 
  3.227122128e-02 
  3.372060880e-02 
  3.481192514e-02 
  3.484337404e-02 
  3.427493572e-02 
  3.305764496e-02 
  3.327415884e-02 
  3.470715508e-02 
  3.508718312e-02 
  3.448948637e-02 
  3.457499295e-02 
  3.411287814e-02 
  3.415430337e-02 
  3.496310487e-02 
  3.596751764e-02 
  3.720629960e-02 
  3.852629289e-02 
  3.695289791e-02 
  3.816067427e-02 
  3.833361343e-02 
  3.904449567e-02 
  3.953534737e-02 
  3.989795223e-02 
  3.988504782e-02 
  3.933662176e-02 
  3.939568624e-02 
  4.105510190e-02 
  4.055742174e-02 
  4.041854292e-02 
  4.029085115e-02 
  4.060108960e-02 
  3.890179098e-02 
  3.989365697e-02 
  4.102493450e-02 
  4.036700353e-02 
  3.921540082e-02 
  3.803189844e-02 
  3.807135299e-02 
  3.795913607e-02 
  3.684844077e-02 
  3.786783293e-02 
  3.804836422e-02 
  3.822360933e-02 
  3.876866028e-02 
  3.924094141e-02 
  3.702504933e-02 
  3.898175061e-02 
  3.778157383e-02 
  3.832259774e-02 
  3.866144642e-02 
  3.853134811e-02 
  3.933687136e-02 
  3.951919079e-02 
  3.979996964e-02 
  3.942227364e-02 
  3.856835142e-02 
  3.846202046e-02 
  3.867577761e-02 
  4.067898169e-02 
  4.213401675e-02 
  4.242931306e-02 
  4.318770766e-02 
  4.361606017e-02 
  4.423594847e-02 
  4.361027107e-02 
  4.218067229e-02 
  4.165426642e-02 
  4.029428214e-02 
  3.990982845e-02 
  3.955591097e-02 
  3.934502602e-02 
  3.760284558e-02 
  3.793578222e-02 
  3.636943921e-02 
  3.583599627e-02 
  3.523532674e-02 
  3.550514206e-02 
  3.685256094e-02 
  3.876020014e-02 
  3.888065740e-02 
  3.956436738e-02 
  3.951865435e-02 
  3.909764811e-02 
  3.801063076e-02 
  3.782002255e-02 
  3.820484132e-02 
  3.809201345e-02 
  3.907490149e-02 
  3.834163025e-02 
  3.857290000e-02 
  3.911512345e-02 
  3.886320069e-02 
  3.995562717e-02 
  3.489845246e-02 
  4.143335670e-02 
  4.270892590e-02 
  4.368561506e-02 
  4.268326610e-02 
  4.391876236e-02 
  4.368928820e-02 
  4.368649051e-02 
  4.299698770e-02 
  4.392569885e-02 
  4.486569017e-02 
  4.459284618e-02 
  4.565999284e-02 
  4.534623772e-02 
  4.464183375e-02 
  3.984475508e-02 
  4.153239354e-02 
  4.171983153e-02 
  4.218198732e-02 
  4.440103099e-02 
  4.380428791e-02 
  4.410213977e-02 
  4.474756122e-02 
  4.499277845e-02 
  4.414079338e-02 
  4.399359971e-02 
  4.327750579e-02 
  4.413131252e-02 
  4.364685714e-02 
  4.338600487e-02 
  4.429401457e-02 
  4.379025102e-02 
  4.429027438e-02 
  4.351744801e-02 
  4.315102845e-02 
  4.413468018e-02 
  4.363622144e-02 
  4.247676209e-02 
  4.356977344e-02 
  4.305324703e-02 
  4.329936206e-02 
  4.304790869e-02 
  4.022859037e-02 
  4.291060194e-02 
  4.256473109e-02 
  4.226335138e-02 
  4.152783006e-02 
  4.159737378e-02 
  4.204416275e-02 
  4.210834950e-02 
  4.088471830e-02 
  4.165874049e-02 
  4.005104303e-02 
  4.079493880e-02 
  4.093068838e-02 
  4.072479531e-02 
  4.115882143e-02 
  4.122554138e-02 
  4.116186500e-02 
  4.067285359e-02 
  3.937676176e-02 
  4.028101265e-02 
  3.995458782e-02 
  3.964318335e-02 
  4.021870717e-02 
  3.991750628e-02 
  3.834593296e-02 
  3.888296708e-02 
  3.803773224e-02 
  3.917995468e-02 
  3.877430409e-02 
  3.867658600e-02 
  3.791043907e-02 
  3.869588301e-02 
  3.858236223e-02 
  3.788446635e-02 
  3.699754179e-02 
  3.740613908e-02 
  3.660312667e-02 
  3.638763726e-02 
  3.537840024e-02 
  3.524930775e-02 
  3.414194658e-02 
  3.496727720e-02 
  3.483843058e-02 
  3.422845900e-02 
  3.429242596e-02 
  3.179106489e-02 
  3.406708688e-02 
  3.069907613e-02 
  3.353086486e-02 
  3.366919979e-02 
  3.432942182e-02 
  3.401536494e-02 
  3.331908584e-02 
  3.371741250e-02 
  3.339929879e-02 
  3.435378522e-02 
  3.383651376e-02 
  3.342481330e-02 
  3.285774589e-02 
  2.999825589e-02 
  3.223717958e-02 
  3.143731132e-02 
  3.301013261e-02 
  3.362096474e-02 
  3.323970363e-02 
  3.327666596e-02 
  3.109316900e-02 
  3.211957961e-02 
  3.241679445e-02 
  3.100766242e-02 
  3.125974536e-02 
  2.986869588e-02 
  3.050400689e-02 
  3.024830297e-02 
  3.063626587e-02 
  3.010769561e-02 
  2.994487993e-02 
  2.996984124e-02 
  3.021769039e-02 
  3.002641909e-02 
  2.811110951e-02 
  2.895405889e-02 
  2.927058004e-02 
  2.995759249e-02 
  2.958971448e-02 
  3.008846007e-02 
  2.820012160e-02 
  2.902838215e-02 
  2.985845134e-02 
  2.976168878e-02 
  2.900388464e-02 
  2.855313942e-02 
  2.919929847e-02 
  2.974589169e-02 
  2.989444137e-02 
  2.911215462e-02 
  2.936470881e-02 
  2.925800346e-02 
  2.940622345e-02 
  2.931447141e-02 
  2.842291445e-02 
  2.879628353e-02 
  2.870106511e-02 
  2.824810706e-02 
  2.748065069e-02 
  2.814808674e-02 
  2.796302550e-02 
  2.659807913e-02 
  2.633929253e-02 
  2.594809048e-02 
  2.600159869e-02 
  2.574981377e-02 
  2.565450221e-02 
  2.624273114e-02 
  2.577033080e-02 
  2.575261146e-02 
  2.599839121e-02 
  2.617642842e-02 
  2.599596232e-02 
  2.533856593e-02 
  2.591758780e-02 
  2.528292686e-02 
  2.573365346e-02 
  2.541658655e-02 
  2.563923411e-02 
  2.510195412e-02 
  2.555104159e-02 
  2.530392818e-02 
  2.540694922e-02 
  2.488823235e-02 
  2.511347830e-02 
  2.514961734e-02 
  2.489220910e-02 
  2.465559170e-02 
  2.446825989e-02 
  2.416127175e-02 
  2.400246263e-02 
  2.420184575e-02 
  2.373460867e-02 
  2.375066653e-02 
  2.422045730e-02 
  2.400890924e-02 
  2.281779982e-02 
  2.341070771e-02 
  2.345335111e-02 
  2.317960374e-02 
  2.275193296e-02 
  2.281151526e-02 
  2.288693748e-02 
  2.252000198e-02 
  2.169471420e-02 
  2.089356445e-02 
  2.144527249e-02 
  2.192128636e-02 
  2.227375470e-02 
  2.228475362e-02 
  2.196470462e-02 
  2.200312167e-02 
  2.196459472e-02 
  2.164881118e-02 
  2.158094570e-02 
  2.180834487e-02 
  2.179650217e-02 
  2.166771516e-02 
  2.158605121e-02 
  2.154291049e-02 
  2.136577852e-02 
  2.118398249e-02 
  2.126166783e-02 
  2.107503079e-02 
  2.076068521e-02 
  2.074675821e-02 
  2.062948793e-02 
  2.016353235e-02 
  2.048055083e-02 
  2.052496560e-02 
  2.022351883e-02 
  2.012757026e-02 
  1.952327602e-02 
  1.983345486e-02 
  2.000243403e-02 
  1.843977533e-02 
  1.967989095e-02 
  1.973341964e-02 
  1.968866959e-02 
  1.965563558e-02 
  1.950659230e-02 
  1.927777007e-02 
  1.913063973e-02 
  1.924992353e-02 
  1.877339371e-02 
  1.845520362e-02 
  1.872918010e-02 
  1.775350422e-02 
  1.797929592e-02 
  1.819243096e-02 
  1.833622344e-02 
  1.820543595e-02 
  1.776603237e-02 
  1.808549464e-02 
  1.807907969e-02 
  1.778559573e-02 
  1.754771732e-02 
  1.639240049e-02 
  1.667370647e-02 
  1.674355008e-02 
  1.589511149e-02 
  1.564821787e-02 
  1.637798361e-02 
  1.659497060e-02 
  1.661831141e-02 
  1.619753800e-02 
  1.666880958e-02 
  1.636012830e-02 
  1.655295119e-02 
  1.603355445e-02 
  1.611748524e-02 
  1.568031497e-02 
  1.622441411e-02 
  1.605750807e-02 
  1.598578878e-02 
  1.569154672e-02 
  1.577272639e-02 
  1.578295231e-02 
  1.575211622e-02 
  1.547924243e-02 
  1.560936309e-02 
  1.558492519e-02 
  1.542697102e-02 
  1.545505412e-02 
  1.531541999e-02 
  1.501180045e-02 
  1.460602507e-02 
  1.473765448e-02 
  1.442066580e-02 
  1.463892777e-02 
  1.453070436e-02 
  1.449383050e-02 
  1.425391063e-02 
  1.432724576e-02 
  1.406906173e-02 
  1.406180300e-02 
  1.403481513e-02 
  1.400913298e-02 
  1.369414851e-02 
  1.332701463e-02 
  1.326656342e-02 
  1.289303042e-02 
  1.267849281e-02 
  1.277714781e-02 
  1.268196758e-02 
  1.264841668e-02 
  1.245367248e-02 
  1.224945486e-02 
  1.223217603e-02 
  1.214744430e-02 
  1.222011074e-02 
  1.229091454e-02 
  1.222158037e-02 
  1.189337298e-02 
  1.177594718e-02 
  1.149447914e-02 
  1.130827609e-02 
  1.096365042e-02 
  1.058838703e-02 
  1.065199822e-02 
  1.030319743e-02 
  9.905149229e-03 
  9.918000549e-03 
  9.465091862e-03 
  9.394517168e-03 
  8.824568242e-03 
  8.532419801e-03 
  8.474278264e-03 
  8.564115502e-03 
  8.512865752e-03 
  8.275394328e-03 
  8.135179989e-03 
  8.027943783e-03 
  7.793163415e-03 
  7.457897067e-03 
  7.429890800e-03 
  7.144416217e-03 
  7.143030409e-03 
  6.924497895e-03 
  6.523033604e-03 
  6.418480072e-03 
  6.080308463e-03 
  5.658651702e-03 
  5.900817923e-03 
  5.972736981e-03 
  6.001670845e-03 
  5.907470360e-03 
  5.802319385e-03 
  5.938344635e-03 
  5.601531826e-03 
  5.616840906e-03 
  5.418678746e-03 
  5.356225651e-03 
  4.942738917e-03 
  4.873331636e-03 
  4.848650191e-03 
  4.720670171e-03 
  4.536931403e-03 
  4.511921201e-03 
  4.236584529e-03 
  4.233271815e-03 
  4.149713088e-03 
  4.003666807e-03 
  4.165812396e-03 
  4.187238868e-03 
  4.266180098e-03 
  4.307108000e-03 
  4.156811628e-03 
  4.378485493e-03 
  4.349816591e-03 
  4.300837405e-03 
  3.980123438e-03 
  4.087757319e-03 
  4.141516518e-03 
  4.164151847e-03 
  4.131142981e-03 
  4.095651209e-03 
  3.993136808e-03 
  4.052114673e-03 
  4.049476702e-03 
  3.902515862e-03 
  4.049757961e-03 
  4.105414730e-03 
  4.185104743e-03 
  4.124178085e-03 
  4.321225919e-03 
  4.276416730e-03 
  4.288936965e-03 
  4.233205691e-03 
  4.238636233e-03 
  3.965793177e-03 
  3.889735555e-03 
  3.594034351e-03 
  3.669971833e-03 
  3.391847014e-03 
  3.240093589e-03 
  3.204886802e-03 
  3.212303389e-03 
  3.198672086e-03 
  3.125919728e-03 
  2.898692386e-03 
  3.643183270e-03 
  3.931533080e-03 
  4.005019087e-03 
  4.028869793e-03 
  4.140227567e-03 
  4.210712854e-03 
  4.236686975e-03 
  4.246121272e-03 
  4.212060012e-03 
  4.062986467e-03 
  4.251719452e-03 
  4.183323123e-03 
  4.102488048e-03 
  3.938850481e-03 
  4.062206019e-03 
  3.928191494e-03 
  3.758135950e-03 
  3.899796400e-03 
  3.795873374e-03 
  3.633018583e-03 
  3.607446328e-03 
  3.530591261e-03 
  3.466148162e-03 
  3.417045809e-03 
  3.437593346e-03 
  3.378109075e-03 
  3.395044478e-03 
  3.356129164e-03 
  3.482528729e-03 
  3.488109680e-03 
  3.580584889e-03 
  3.505194793e-03 
  3.564275568e-03 
  3.560469951e-03 
  3.546366468e-03 
  3.434159793e-03 
  3.600372234e-03 
  3.679747460e-03 
  3.646985628e-03 
  3.780147992e-03 
  3.791176947e-03 
  3.875232302e-03 
  3.849977395e-03 
  3.818267491e-03 
  3.962621093e-03 
  4.030703101e-03 
  3.977167420e-03 
  4.046330694e-03 
  4.018508364e-03 
  4.031452350e-03 
  4.035926890e-03 
  3.986376338e-03 
  3.906121012e-03 
  4.052080214e-03 
  4.052230623e-03 
  4.167838022e-03 
  4.090763628e-03 
  4.245749675e-03 
  4.269853700e-03 
  4.318405874e-03 
  4.313334823e-03 
  4.387962166e-03 
  4.183419514e-03 
  4.322993569e-03 
  4.355472513e-03 
  4.388179164e-03 
  4.250196274e-03 
  4.056645092e-03 
  3.803315340e-03 
  4.051160999e-03 
  4.294661339e-03 
  4.336419515e-03 
  4.377678037e-03 
  4.220536444e-03 
  4.089432303e-03 
  4.083888605e-03 
  4.182367120e-03 
  4.107507411e-03 
  4.093692172e-03 
  4.011037759e-03 
  4.101407249e-03 
  4.111988470e-03 
  4.255562089e-03 
  4.214712419e-03 
  4.410469439e-03 
  4.313788377e-03 
  4.439531360e-03 
  4.435461946e-03 
  4.777518101e-03 
  4.651167430e-03 
  4.957424942e-03 
  4.962215200e-03 
  5.146029405e-03 
  5.180728622e-03 
  5.355708301e-03 
  5.301782396e-03 
  5.214971490e-03 
  5.347023718e-03 
  5.588907748e-03 
  5.580490921e-03 
  5.662942771e-03 
  5.363589618e-03 
  5.745739210e-03 
  5.553624593e-03 
  5.705870222e-03 
  5.744766910e-03 
  5.782522261e-03 
  5.707640667e-03 
  5.720050074e-03 
  5.594346672e-03 
  5.610087886e-03 
  5.751128774e-03 
  5.712960381e-03 
  5.685119890e-03 
  5.624834914e-03 
  5.534925498e-03 
  5.298402160e-03 
  5.330434535e-03 
  5.151546095e-03 
  5.139795598e-03 
  4.587340169e-03 
  4.491453525e-03 
  3.964506090e-03 
  3.958200105e-03 
  3.413808532e-03 
  3.412512830e-03 
  3.086277749e-03 
  3.077741247e-03 
  3.105392214e-03 
  3.018775024e-03 
  3.193361219e-03 
  3.184723435e-03 
  3.257204546e-03 
  3.256741678e-03 
  3.279025201e-03 
  3.268659813e-03 
  3.314216388e-03 
  3.275234718e-03 
  3.391176229e-03 
  3.378977766e-03 
  3.566788044e-03 
  3.568170359e-03 
  3.862703918e-03 
  3.826135071e-03 
  3.981142770e-03 
  4.113344941e-03 
  4.415927455e-03 
  4.411250819e-03 
  4.581999499e-03 
  4.614487756e-03 
  4.739337601e-03 
  4.746444989e-03 
  4.757899791e-03 
  4.693061579e-03 
  4.783730954e-03 
  4.854068626e-03 
  4.909881391e-03 
  4.896427970e-03 
  4.745541140e-03 
  4.847343080e-03 
  4.879489541e-03 
  4.608722869e-03 
  4.759985488e-03 
  4.789302591e-03 
  4.745086655e-03 
  4.691775423e-03 
  4.648269154e-03 
  4.638399929e-03 
  4.507512320e-03 
  4.495683592e-03 
  4.462629091e-03 
  4.267605487e-03 
  4.282619804e-03 
  4.058962222e-03 
  4.028654657e-03 
  3.880423261e-03 
  3.818374127e-03 
  3.814497031e-03 
  3.836027579e-03 
  3.866543528e-03 
  3.844184568e-03 
  3.897535615e-03 
  3.891356755e-03 
  3.891603788e-03 
  3.781251842e-03 
  3.885288024e-03 
  3.863383550e-03 
  3.625761950e-03 
  3.830921371e-03 
  3.828226356e-03 
  3.836424788e-03 
  3.796598641e-03 
  3.860452212e-03 
  3.723798785e-03 
  3.934565466e-03 
  3.882016754e-03 
  4.038796760e-03 
  4.025001079e-03 
  4.105351400e-03 
  4.092813935e-03 
  4.144671373e-03 
  4.135772120e-03 
  4.059162922e-03 
  4.135116003e-03 
  4.086999223e-03 
  4.136181902e-03 
  4.056182224e-03 
  4.078689497e-03 
  4.104827065e-03 
  4.130006302e-03 
  4.120134283e-03 
  4.139058292e-03 
  4.137001932e-03 
  4.139484838e-03 
  4.100709222e-03 
  3.936713561e-03 
  4.072596785e-03 
  4.103112034e-03 
  3.966621589e-03 
  4.078253638e-03 
  4.059177358e-03 
  4.045926034e-03 
  4.052282311e-03 
  4.055338446e-03 
  4.043550696e-03 
  4.063442349e-03 
  3.993876744e-03 
  4.047734197e-03 
  4.036675207e-03 
  4.043812864e-03 
  4.024073016e-03 
  4.012350459e-03 
  3.984247334e-03 
  3.883611644e-03 
  3.966557793e-03 
  3.948058002e-03 
  3.920604475e-03 
  3.925400786e-03 
  3.914701287e-03 
  3.880620236e-03 
  3.780439030e-03 
  3.860611701e-03 
  3.878954565e-03 
  3.778977320e-03 
  3.852699883e-03 
  3.812328912e-03 
  3.807701869e-03 
  3.741594963e-03 
  3.815254662e-03 
  3.826874075e-03 
  3.753215540e-03 
  3.823708510e-03 
  3.807950299e-03 
  3.786258632e-03 
  3.801958403e-03 
  3.788052825e-03 
  3.778000129e-03 
  3.759565298e-03 
  3.756833728e-03 
  3.612932283e-03 
  3.729054239e-03 
  3.721314948e-03 
  3.695770632e-03 
  3.684266936e-03 
  3.680823836e-03 
  3.652435960e-03 
  3.627407830e-03 
  3.601964796e-03 
  3.559458535e-03 
  3.496781224e-03 
  3.525734413e-03 
  3.520734143e-03 
  3.471545875e-03 
  3.460903652e-03 
  3.427143907e-03 
  3.412411781e-03 
  3.374473657e-03 
  3.376203123e-03 
  3.368597012e-03 
  3.365281969e-03 
  3.350495826e-03 
  3.339560935e-03 
  3.317960072e-03 
  3.301089630e-03 
  3.291711910e-03 
  3.241600934e-03 
  3.238131758e-03 
  3.186891321e-03 
  3.075100947e-03 
  2.757173497e-03 
  3.010944696e-03 
  3.100521630e-03 
  3.177072154e-03 
  3.168043680e-03 
  3.189779120e-03 
  3.171853721e-03 
  3.177432809e-03 
  3.159678308e-03 
  3.157722764e-03 
  3.132598009e-03 
  3.097926266e-03 
  3.114792518e-03 
  2.989986679e-03 
  3.104984993e-03 
  3.094400512e-03 
  3.060710384e-03 
  2.979820129e-03 
  3.046724014e-03 
  3.048861865e-03 
  3.046776867e-03 
  3.037187038e-03 
  2.955135657e-03 
  2.933356911e-03 
  2.963519190e-03 
  2.992686583e-03 
  2.979080193e-03 
  2.941153245e-03 
  2.928138478e-03 
  2.914120443e-03 
  2.875928069e-03 
  2.859427361e-03 
  2.836065367e-03 
  2.826862969e-03 
  2.811248414e-03 
  2.808292862e-03 
  2.798687201e-03 
  2.824173542e-03 
  2.819573274e-03 
  2.806419041e-03 
  2.731336048e-03 
  2.691668924e-03 
  2.823200310e-03 
  2.759848954e-03 
  2.843574155e-03 
  2.835919382e-03 
  2.821700880e-03 
  2.816522261e-03 
  2.800163347e-03 
  2.794760047e-03 
  2.766286954e-03 
  2.721301047e-03 
  2.749470994e-03 
  2.753289649e-03 
  2.739251824e-03 
  2.729598200e-03 
  2.713848371e-03 
  2.707079984e-03 
  2.695531817e-03 
  2.677100245e-03 
  2.626138274e-03 
  2.628893591e-03 
  2.622316359e-03 
  2.641130006e-03 
  2.607978648e-03 
  2.607268980e-03 
  2.602463355e-03 
  2.590329619e-03 
  2.580863191e-03 
  2.562477253e-03 
  2.547575161e-03 
  2.544196090e-03 
  2.510722028e-03 
  2.453628462e-03 
  2.479534363e-03 
  2.499528462e-03 
  2.489680890e-03 
  2.443924081e-03 
  2.458098577e-03 
  2.454567468e-03 
  2.444945043e-03 
  2.438387834e-03 
  2.368225250e-03 
  2.413235139e-03 
  2.389258007e-03 
  2.382207429e-03 
  2.381844679e-03 
  2.345339861e-03 
  2.282681642e-03 
  2.328749048e-03 
  2.307068324e-03 
  2.302925335e-03 
  2.298221691e-03 
  2.296734834e-03 
  2.276031300e-03 
  2.260873793e-03 
  2.261204878e-03 
  2.177198185e-03 
  2.253307030e-03 
  2.236020518e-03 
  2.204455901e-03 
  2.220050897e-03 
  2.217426896e-03 
  2.208427759e-03 
  2.197999973e-03 
  2.174928086e-03 
  2.191175241e-03 
  2.184889046e-03 
  2.174545778e-03 
  2.138514305e-03 
  2.161055570e-03 
  2.157648327e-03 
  2.152576344e-03 
  2.142137382e-03 
  2.131917747e-03 
  2.023938112e-03 
  2.086082008e-03 
  2.088618232e-03 
  2.081224695e-03 
  2.070081653e-03 
  2.064318396e-03 
  2.064854372e-03 
  2.054108772e-03 
  2.032162622e-03 
  2.028542338e-03 
  1.998093212e-03 
  2.004456474e-03 
  1.997011248e-03 
  1.887897030e-03 
  1.934529049e-03 
  1.923527685e-03 
  1.886412036e-03 
  1.924913726e-03 
  1.927040401e-03 
  1.918557449e-03 
  1.913766726e-03 
  1.931877923e-03 
  1.922798692e-03 
  1.913161599e-03 
  1.930580358e-03 
  1.929257996e-03 
  1.928679179e-03 
  1.925026765e-03 
  1.909442944e-03 
  1.897021080e-03 
  1.899671275e-03 
  1.887509599e-03 
  1.867009327e-03 
  1.852911431e-03 
  1.788358088e-03 
  1.811402151e-03 
  1.790688606e-03 
  1.817731070e-03 
  1.807316905e-03 
  1.781554427e-03 
  1.787825604e-03 
  1.783350832e-03 
  1.695769257e-03 
  1.739854226e-03 
  1.751039294e-03 
  1.729106414e-03 
  1.758910483e-03 
  1.767648850e-03 
  1.750654657e-03 
  1.744638314e-03 
  1.733803772e-03 
  1.719662687e-03 
  1.715520630e-03 
  1.684690709e-03 
  1.657912158e-03 
  1.666803844e-03 
  1.646348508e-03 
  1.635037363e-03 
  1.590001048e-03 
  1.613107976e-03 
  1.612292253e-03 
  1.596218674e-03 
  1.585968537e-03 
  1.578647993e-03 
  1.565534505e-03 
  1.566594816e-03 
  1.554854796e-03 
  1.550401095e-03 
  1.555167139e-03 
  1.542677754e-03 
  1.547654625e-03 
  1.521014376e-03 
  1.471306896e-03 
  1.506997971e-03 
  1.521592960e-03 
  1.533225295e-03 
  1.518234028e-03 
  1.516148215e-03 
  1.540168189e-03 
  1.538882148e-03 
  1.525010332e-03 
  1.508401474e-03 
  1.503728447e-03 
  1.505301450e-03 
  1.472393516e-03 
  1.472931588e-03 
  1.438336098e-03 
  1.428701449e-03 
  1.412636018e-03 
  1.385123818e-03 
  1.398820896e-03 
  1.396903652e-03 
  1.397107495e-03 
  1.326658297e-03 
  1.368637546e-03 
  1.394636347e-03 
  1.387806260e-03 
  1.381381648e-03 
  1.394969062e-03 
  1.388101955e-03 
  1.381414128e-03 
  1.382433577e-03 
  1.313900808e-03 
  1.310975640e-03 
  1.318899333e-03 
  1.326338737e-03 
  1.310588792e-03 
  1.343489974e-03 
  1.336402493e-03 
  1.351188286e-03 
  1.346584293e-03 
  1.340873307e-03 
  1.331580919e-03 
  1.346623176e-03 
  1.332495362e-03 
  1.331637497e-03 
  1.335631474e-03 
  1.324367477e-03 
  1.324283308e-03 
  1.309718704e-03 
  1.304842881e-03 
  1.309294137e-03 
  1.297550276e-03 
  1.278703334e-03 
  1.284995233e-03 
  1.264211838e-03 
  1.252552960e-03 
  1.252655871e-03 
  1.246548258e-03 
  1.228087931e-03 
  1.227196655e-03 
  1.223627944e-03 
  1.206247369e-03 
  1.162325731e-03 
  1.158297644e-03 
  1.118095126e-03 
  1.166611211e-03 
  1.174818026e-03 
  1.205502311e-03 
  1.190628856e-03 
  1.195963705e-03 
  1.209070324e-03 
  1.198580139e-03 
  1.200155471e-03 
  1.193805947e-03 
  1.206876943e-03 
  1.192091382e-03 
  1.189413480e-03 
  1.195463585e-03 
  1.186342677e-03 
  1.171962358e-03 
  1.177276368e-03 
  1.171821612e-03 
  1.134220278e-03 
  1.119936700e-03 
  1.149365795e-03 
  1.139863743e-03 
  1.110669924e-03 
  1.137632993e-03 
  1.118364045e-03 
  1.103552873e-03 
  1.108527649e-03 
  1.076901797e-03 
  1.069773454e-03 
  1.049389015e-03 
  1.017423812e-03 
  1.018079463e-03 
  1.006508362e-03 
  1.004871679e-03 
  1.010244712e-03 
  1.001248835e-03 
  9.991398547e-04 
  1.013043453e-03 
  1.036491594e-03 
  1.024136669e-03 
  1.020674827e-03 
  9.830695344e-04 
  1.032124041e-03 
  1.037550857e-03 
  1.029481064e-03 
  1.013462315e-03 
  1.014445443e-03 
  1.005338039e-03 
  9.927193169e-04 
  9.833123768e-04 
  9.740409441e-04 
  9.523015469e-04 
  9.506603819e-04 
  9.421172435e-04 
  8.686971851e-04 
  9.042871534e-04 
  8.992114454e-04 
  8.842319367e-04 
  8.670572424e-04 
  8.817879134e-04 
  8.393283351e-04 
  8.502274868e-04 
  8.447177242e-04 
  7.796739810e-04 
  7.896826137e-04 
  7.750010118e-04 
  7.509231218e-04 
  7.288353518e-04 
  7.616492221e-04 
  7.325570914e-04 
  7.268906920e-04 
  6.863558083e-04 
  7.159252418e-04 
  7.141964161e-04 
  7.166881696e-04 
  7.127494318e-04 
  7.144313422e-04 
  7.019069162e-04 
  7.160795503e-04 
  7.070158026e-04 
  7.013558061e-04 
  7.149496814e-04 
  7.088492857e-04 
  7.109516300e-04 
  7.017003372e-04 
