  5.310866237e-01 
  1.343116164e+00 
  1.405531406e+00 
  3.480801821e+00 
  3.854840755e+00 
  6.760494232e+00 
  7.248601437e+00 
  1.046252060e+01 
  1.311188698e+01 
  1.383002377e+01 
  1.504168701e+01 
  2.864256477e+01 
  2.405095482e+01 
  3.024586678e+01 
  3.071469688e+01 
  3.628255463e+01 
  2.808787346e+01 
  4.028461456e+01 
  3.878312683e+01 
  4.318739319e+01 
  4.135101700e+01 
  5.071507263e+01 
  4.406797409e+01 
  3.848270416e+01 
  4.789712906e+01 
  5.271078110e+01 
  7.226103210e+01 
  7.219818878e+01 
  5.920470428e+01 
  6.997115326e+01 
  7.253695679e+01 
  5.836056137e+01 
  6.395929337e+01 
  7.184403992e+01 
  5.968475342e+01 
  6.381298828e+01 
  4.762744141e+01 
  4.517630386e+01 
  5.474348831e+01 
  5.474351501e+01 
  6.104601288e+01 
  5.121542358e+01 
  5.332108307e+01 
  5.313905716e+01 
  4.766100311e+01 
  6.084863281e+01 
  6.699479675e+01 
  6.323521423e+01 
  5.907429123e+01 
  6.426917267e+01 
  6.518373871e+01 
  6.139654922e+01 
  6.241289902e+01 
  5.649143600e+01 
  6.468969727e+01 
  6.503349304e+01 
  6.099602509e+01 
  3.867406464e+01 
  4.168417740e+01 
  4.159790421e+01 
  6.120935822e+01 
  4.814343643e+01 
  5.239768982e+01 
  5.529213715e+01 
  5.474763489e+01 
  5.085124207e+01 
  6.923379517e+01 
  6.144905472e+01 
  5.747816849e+01 
  5.483708572e+01 
  6.255312347e+01 
  4.954896545e+01 
  5.172682571e+01 
  5.111772919e+01 
  3.925120544e+01 
  3.564125824e+01 
  5.053292465e+01 
  5.123517990e+01 
  6.564273071e+01 
  5.005168152e+01 
  4.642719650e+01 
  5.161066818e+01 
  3.818207932e+01 
  2.633854675e+01 
  2.867603493e+01 
  4.267754745e+01 
  3.275497437e+01 
  3.716551971e+01 
  3.638031006e+01 
  4.095590591e+01 
  4.905310059e+01 
  5.420449448e+01 
  4.757910919e+01 
  2.519352722e+01 
  2.753550148e+01 
  4.565206528e+01 
  4.640916443e+01 
  1.865530586e+01 
  5.155131912e+01 
  6.105088425e+01 
  5.924140930e+01 
  5.811635208e+01 
  6.079154205e+01 
  5.619911194e+01 
  5.961151505e+01 
  5.396220779e+01 
  5.286614990e+01 
  5.082819366e+01 
  5.436045074e+01 
  5.940309143e+01 
  4.903205109e+01 
  5.684749985e+01 
  5.815791702e+01 
  5.424553299e+01 
  5.256884003e+01 
  5.536306381e+01 
  5.433771515e+01 
  5.202773666e+01 
  5.026296997e+01 
  5.085792160e+01 
  4.251619339e+01 
  5.261339188e+01 
  4.979674149e+01 
  4.154294205e+01 
  4.513922501e+01 
  4.618382645e+01 
  4.385967255e+01 
  4.168091965e+01 
  4.169985199e+01 
  3.748432922e+01 
  2.955603027e+01 
  2.625856972e+01 
  4.670777893e+01 
  4.108771515e+01 
  3.859463882e+01 
  4.150005341e+01 
  4.548246002e+01 
  4.538963699e+01 
  4.019065857e+01 
  3.844465256e+01 
  4.259564972e+01 
  4.197356415e+01 
  4.370474625e+01 
  4.349956894e+01 
  4.273041916e+01 
  4.444348145e+01 
  3.911940765e+01 
  4.411981964e+01 
  4.435646439e+01 
  4.416410065e+01 
  4.462928772e+01 
  4.770145035e+01 
  4.385851288e+01 
  4.026806641e+01 
  4.246474838e+01 
  4.229789734e+01 
  4.285427856e+01 
  4.262987900e+01 
  4.143039703e+01 
  4.098201370e+01 
  4.019207382e+01 
  4.120664597e+01 
  4.010620117e+01 
  3.969286346e+01 
  3.940511322e+01 
  3.842285156e+01 
  3.922563553e+01 
  3.744668198e+01 
  3.922772980e+01 
  3.847679901e+01 
  3.755058289e+01 
  3.709229279e+01 
  3.715485382e+01 
  3.636795044e+01 
  3.627972412e+01 
  3.735467529e+01 
  3.583195114e+01 
  3.513652802e+01 
  3.649049377e+01 
  3.447109604e+01 
  3.478431320e+01 
  3.421465302e+01 
  3.457197189e+01 
  3.425486755e+01 
  3.260313797e+01 
  3.251165009e+01 
  2.609606934e+01 
  2.903879547e+01 
  3.121742058e+01 
  2.873265266e+01 
  3.238867950e+01 
  3.001027489e+01 
  2.855680466e+01 
  3.045587540e+01 
  2.913603973e+01 
  3.084455299e+01 
  2.974906540e+01 
  2.857917404e+01 
  2.763511848e+01 
  2.730368996e+01 
  2.692326927e+01 
  2.606852531e+01 
  2.565131569e+01 
  2.692264175e+01 
  2.481190300e+01 
  2.650962639e+01 
  2.811358452e+01 
  2.591319656e+01 
  2.461946487e+01 
  2.630139732e+01 
  2.524832535e+01 
  2.502179909e+01 
  2.601900482e+01 
  2.359374809e+01 
  2.288623619e+01 
  2.315022469e+01 
  2.409397125e+01 
  1.758526421e+01 
  2.157203293e+01 
  2.025071144e+01 
  2.209227180e+01 
  2.190357208e+01 
  2.256609726e+01 
  2.083147621e+01 
  2.239736938e+01 
  2.201839256e+01 
  2.079532242e+01 
  1.800303841e+01 
  2.142843056e+01 
  2.184038734e+01 
  2.045378113e+01 
  2.206649017e+01 
  2.086520386e+01 
  1.816536140e+01 
  1.958017921e+01 
  1.980232239e+01 
  2.082869720e+01 
  1.915581131e+01 
  1.987830734e+01 
  1.964158249e+01 
  1.905647278e+01 
  1.732463074e+01 
  1.916056061e+01 
  1.817185211e+01 
  1.900423431e+01 
  1.856301880e+01 
  1.799735260e+01 
  1.860440445e+01 
  1.711750984e+01 
  1.786458778e+01 
  1.732894135e+01 
  1.708192444e+01 
  1.767543602e+01 
  1.684724045e+01 
  1.725908279e+01 
  1.717024422e+01 
  1.656478500e+01 
  1.594618130e+01 
  1.642141914e+01 
  1.539972305e+01 
  1.534584332e+01 
  1.673337936e+01 
  1.523899460e+01 
  1.581863403e+01 
  1.547398376e+01 
  1.553472137e+01 
  1.421063709e+01 
  1.512199211e+01 
  1.495376587e+01 
  1.453226471e+01 
  1.449469280e+01 
  1.387718678e+01 
  1.454684162e+01 
  1.458044338e+01 
  1.439098644e+01 
  1.393189049e+01 
  1.357792568e+01 
  1.404396915e+01 
  1.354184246e+01 
  1.334962273e+01 
  1.372157574e+01 
  1.339223003e+01 
  1.350642872e+01 
  1.351057529e+01 
  1.337721539e+01 
  1.319875717e+01 
  1.254545021e+01 
  1.293772125e+01 
  1.271699429e+01 
  1.120312500e+01 
  1.161718082e+01 
  1.224935532e+01 
  1.193526173e+01 
  1.197038746e+01 
  1.199655342e+01 
  1.169034004e+01 
  1.188884449e+01 
  1.183992672e+01 
  1.151413155e+01 
  1.143530846e+01 
  1.135848618e+01 
  1.121529770e+01 
  1.101651764e+01 
  1.100963879e+01 
  1.128389263e+01 
  1.118073940e+01 
  1.097714233e+01 
  1.084256363e+01 
  1.073092175e+01 
  1.055011272e+01 
  1.031221390e+01 
  1.041021347e+01 
  1.020675850e+01 
  9.991212845e+00 
  9.566912651e+00 
  9.959050179e+00 
  9.406713486e+00 
  9.397433281e+00 
  9.775406837e+00 
  9.621294022e+00 
  9.698357582e+00 
  9.799226761e+00 
  9.219932556e+00 
  9.229222298e+00 
  9.176977158e+00 
  8.868068695e+00 
  8.852373123e+00 
  8.930579185e+00 
  8.678899765e+00 
  8.887019157e+00 
  8.534420013e+00 
  8.805081367e+00 
  8.159541130e+00 
  8.708829880e+00 
  8.402513504e+00 
  8.505936623e+00 
  8.158109665e+00 
  8.378156662e+00 
  8.460398674e+00 
  8.340327263e+00 
  8.031283379e+00 
  8.097930908e+00 
  7.952920914e+00 
  8.040030479e+00 
  7.899047375e+00 
  7.914787292e+00 
  7.566411018e+00 
  7.623459816e+00 
  7.565479279e+00 
  7.666021347e+00 
  7.059680462e+00 
  7.557743549e+00 
  7.366766453e+00 
  7.469113350e+00 
  7.325838089e+00 
  7.088580132e+00 
  5.981454849e+00 
  6.345041275e+00 
  7.025244713e+00 
  6.996140003e+00 
  7.009438515e+00 
  7.002018452e+00 
  7.061441898e+00 
  6.940060139e+00 
  6.788968086e+00 
  6.777826309e+00 
  6.818676949e+00 
  6.643404484e+00 
  6.641396999e+00 
  6.696544647e+00 
  6.576875687e+00 
  6.468438148e+00 
  6.408974171e+00 
  6.416485786e+00 
  6.390743732e+00 
  6.255781174e+00 
  6.336025715e+00 
  6.173107147e+00 
  6.237980843e+00 
  6.113252640e+00 
  6.029707432e+00 
  5.999918938e+00 
  5.951362133e+00 
  5.955258369e+00 
  5.812130451e+00 
  5.843740940e+00 
  5.544049740e+00 
  5.008905888e+00 
  5.114021778e+00 
  5.058673382e+00 
  5.124697208e+00 
  5.219920158e+00 
  5.228026867e+00 
  5.219576836e+00 
  5.218150139e+00 
  5.131702423e+00 
  5.181527615e+00 
  5.245811462e+00 
  5.100178719e+00 
  5.091489792e+00 
  5.013970375e+00 
  4.858187675e+00 
  4.817180157e+00 
  4.914523125e+00 
  4.902793884e+00 
  4.887098789e+00 
  4.811879158e+00 
  4.720292568e+00 
  4.838624001e+00 
  4.658356190e+00 
  4.718241215e+00 
  4.663897514e+00 
  4.590050697e+00 
  4.530013561e+00 
  4.575502872e+00 
  4.368386745e+00 
  4.434250832e+00 
  4.159025192e+00 
  4.037370205e+00 
  3.941941738e+00 
  3.909355164e+00 
  4.056119919e+00 
  4.160418034e+00 
  4.087481499e+00 
  3.983953238e+00 
  3.932493925e+00 
  3.898557425e+00 
  3.947907686e+00 
  3.843326092e+00 
  3.705669165e+00 
  3.814471960e+00 
  3.722862720e+00 
  3.835469484e+00 
  3.820349932e+00 
  3.910735369e+00 
  3.845927238e+00 
  3.732686520e+00 
  3.776192665e+00 
  3.766590595e+00 
  3.633481741e+00 
  3.668347836e+00 
  3.631231785e+00 
  3.556692123e+00 
  3.651520967e+00 
  3.671578884e+00 
  3.560741186e+00 
  3.593879461e+00 
  3.630483389e+00 
  3.546772957e+00 
  3.529356956e+00 
  3.457605839e+00 
  3.430196047e+00 
  3.465958118e+00 
  3.415282488e+00 
  3.450449467e+00 
  3.412322521e+00 
  3.327694654e+00 
  3.333990335e+00 
  3.306898832e+00 
  2.993207932e+00 
  1.631214857e+00 
  1.498977900e+00 
  2.206073284e+00 
  2.013570309e+00 
  2.127587080e+00 
  2.391979694e+00 
  2.539915562e+00 
  2.708531141e+00 
  2.910011053e+00 
  2.961964369e+00 
  2.971970081e+00 
  2.979136944e+00 
  2.956804514e+00 
  2.931288004e+00 
  2.949095011e+00 
  2.824302197e+00 
  2.925773621e+00 
  2.890357494e+00 
  2.859750032e+00 
  2.853975534e+00 
  2.803861141e+00 
  2.785075188e+00 
  2.803866863e+00 
  2.724024773e+00 
  2.724540710e+00 
  2.714600801e+00 
  2.649420977e+00 
  2.667091131e+00 
  2.609353065e+00 
  2.596848011e+00 
  2.556068420e+00 
  2.532390356e+00 
  2.481881618e+00 
  2.472349882e+00 
  2.446597576e+00 
  2.413280725e+00 
  2.422907114e+00 
  2.430922985e+00 
  2.431838274e+00 
  2.414710760e+00 
  2.331585169e+00 
  2.363821507e+00 
  2.346457958e+00 
  2.302320004e+00 
  2.315315962e+00 
  2.248116970e+00 
  2.302105188e+00 
  2.277020216e+00 
  2.248938799e+00 
  2.196465254e+00 
  2.171994448e+00 
  2.188312531e+00 
  2.160135984e+00 
  2.128537893e+00 
  2.099986553e+00 
  2.049184322e+00 
  1.999012351e+00 
  2.002231836e+00 
  1.981829524e+00 
  1.925887346e+00 
  1.903789401e+00 
  1.988857746e+00 
  1.899715304e+00 
  1.856981158e+00 
  1.925302267e+00 
  1.948019505e+00 
  1.944443822e+00 
  1.924040079e+00 
  1.888385653e+00 
  1.885935068e+00 
  1.855679870e+00 
  1.816200852e+00 
  1.845200896e+00 
  1.783939600e+00 
  1.807241559e+00 
  1.812520266e+00 
  1.821318030e+00 
  1.797112584e+00 
  1.799758911e+00 
  1.737954736e+00 
  1.776872635e+00 
  1.770096898e+00 
  1.752997398e+00 
  1.738316894e+00 
  1.703859687e+00 
  1.722610593e+00 
  1.730127335e+00 
  1.663955092e+00 
  1.703107595e+00 
  1.698285699e+00 
  1.460501671e+00 
  1.664141297e+00 
  1.593477488e+00 
  1.605807304e+00 
  1.284781933e+00 
  1.408258200e+00 
  1.591547132e+00 
  1.609933019e+00 
  1.576949596e+00 
  1.569953680e+00 
  1.548835635e+00 
  1.541358590e+00 
  1.529157043e+00 
  1.551062703e+00 
  1.540744781e+00 
  1.504986286e+00 
  1.256476879e+00 
  1.331726670e+00 
  1.437543750e+00 
  1.410769701e+00 
  1.462089300e+00 
  1.453227997e+00 
  1.440690875e+00 
  1.439691305e+00 
  1.401569247e+00 
  1.382226825e+00 
  1.387189984e+00 
  1.408271194e+00 
  1.377463937e+00 
  1.374240637e+00 
  1.359813333e+00 
  1.283074379e+00 
  1.347603917e+00 
  1.310883999e+00 
  1.315973997e+00 
  1.323082566e+00 
  1.273316264e+00 
  1.254966259e+00 
  1.286603212e+00 
  1.289457440e+00 
  1.279101849e+00 
  1.265991449e+00 
  1.253406525e+00 
  1.191930413e+00 
  1.221753120e+00 
  1.142056704e+00 
  1.163350224e+00 
  1.113620996e+00 
  1.102496028e+00 
  1.075127959e+00 
  1.046444774e+00 
  1.014293432e+00 
  9.920956492e-01 
  1.076229811e+00 
  1.110423565e+00 
  1.101598620e+00 
  1.052921057e+00 
  1.041578174e+00 
  9.941740036e-01 
  9.734468460e-01 
  9.828395247e-01 
  9.853239655e-01 
  9.784217477e-01 
  9.769170284e-01 
  9.760769606e-01 
  9.621579051e-01 
  9.717782140e-01 
  9.565221667e-01 
  9.528654218e-01 
  9.804194570e-01 
  9.822208881e-01 
  9.531396031e-01 
  9.401665330e-01 
  8.928265572e-01 
  9.169178009e-01 
  9.242436290e-01 
  8.869758844e-01 
  9.051380157e-01 
  8.908824325e-01 
  8.528080583e-01 
  8.194805980e-01 
  7.846202850e-01 
  7.338527441e-01 
  7.039057016e-01 
  6.662040949e-01 
  6.505311728e-01 
  6.539315581e-01 
  6.628580093e-01 
  6.841129661e-01 
  7.701638937e-01 
  7.750120759e-01 
  7.441698909e-01 
  6.885071993e-01 
  6.800861955e-01 
  6.557192802e-01 
  6.737899780e-01 
  6.808679700e-01 
  6.871393323e-01 
  6.961292028e-01 
  6.944018602e-01 
  6.888867617e-01 
  6.989842653e-01 
  6.778468490e-01 
  6.858459711e-01 
  6.897622347e-01 
  6.316063404e-01 
  6.686218977e-01 
  6.985484958e-01 
  7.052818537e-01 
  6.997262239e-01 
  6.887240410e-01 
  6.758794785e-01 
  6.788445115e-01 
  6.918733120e-01 
  6.835818887e-01 
  6.874797344e-01 
  6.657687426e-01 
  6.949003339e-01 
  7.055820823e-01 
  7.174006104e-01 
  7.169508338e-01 
  7.073680162e-01 
  7.063905597e-01 
  6.903276443e-01 
  6.693307161e-01 
  6.651748419e-01 
  6.762822270e-01 
  6.661592722e-01 
  6.789732575e-01 
  6.591369510e-01 
  6.763162017e-01 
  6.806898713e-01 
  6.739396453e-01 
  6.750973463e-01 
  6.739061475e-01 
  6.743740439e-01 
  6.707826257e-01 
  6.777129173e-01 
  6.670768261e-01 
  6.561967134e-01 
  6.595667005e-01 
  6.639944315e-01 
  6.556705832e-01 
  6.529135704e-01 
  6.552439928e-01 
  6.489191651e-01 
  6.461311579e-01 
  6.434801817e-01 
  6.376717687e-01 
  6.331869364e-01 
  6.258360744e-01 
  6.253800392e-01 
  6.196518540e-01 
  6.104851365e-01 
  6.042367816e-01 
  5.626499057e-01 
  5.899770856e-01 
  5.978872776e-01 
  5.962221622e-01 
  5.879164934e-01 
  5.887637138e-01 
  5.856699944e-01 
  5.844713449e-01 
  5.784541965e-01 
  5.801745057e-01 
  5.672414899e-01 
  5.689206123e-01 
  5.612580180e-01 
  5.659046769e-01 
  5.499880910e-01 
  5.469185710e-01 
  5.507180691e-01 
  5.395768881e-01 
  5.470590591e-01 
  5.417025685e-01 
  5.404257178e-01 
  5.395083427e-01 
  5.338908434e-01 
  5.332431793e-01 
  5.235733390e-01 
  5.272338986e-01 
  5.237316489e-01 
  5.200300813e-01 
  5.085039735e-01 
  5.119514465e-01 
  5.045455098e-01 
  5.090397596e-01 
  4.963419139e-01 
  4.992985129e-01 
  4.993604422e-01 
  4.914988875e-01 
  4.921484590e-01 
  4.916632771e-01 
  4.812818468e-01 
  4.841337502e-01 
  4.801538289e-01 
  4.643352926e-01 
  4.709778428e-01 
  4.737275243e-01 
  4.687299430e-01 
  4.640620053e-01 
  4.622595608e-01 
  4.582586586e-01 
  4.566503465e-01 
  4.501463771e-01 
  4.516302943e-01 
  4.486142099e-01 
  4.459655881e-01 
  4.393615425e-01 
  4.238796234e-01 
  4.375092387e-01 
  4.205185175e-01 
  4.303659499e-01 
  4.213044047e-01 
  4.249548614e-01 
  4.225957096e-01 
  4.080595970e-01 
  4.160364270e-01 
  4.125576615e-01 
  3.800119758e-01 
  4.012248814e-01 
  4.002790451e-01 
  3.998341560e-01 
  3.852447271e-01 
  3.973790407e-01 
  3.840686977e-01 
  3.908065856e-01 
  3.882164359e-01 
  3.875598311e-01 
  3.711396456e-01 
  3.797286749e-01 
  3.644207120e-01 
  3.681631982e-01 
  3.564325869e-01 
  3.681096137e-01 
  3.606227040e-01 
  3.643101454e-01 
  3.421457112e-01 
  3.616757989e-01 
  3.448002636e-01 
  3.506863117e-01 
  3.520095348e-01 
  3.417544067e-01 
  3.345204890e-01 
  3.026552200e-01 
  3.265115619e-01 
  3.240932524e-01 
  3.182443976e-01 
  3.083566129e-01 
  3.035274148e-01 
  3.078603745e-01 
  3.067201078e-01 
  2.926157415e-01 
  3.034930825e-01 
  2.994061112e-01 
  2.959233522e-01 
  2.904304862e-01 
  2.894730568e-01 
  2.878030539e-01 
  2.896593511e-01 
  2.897557914e-01 
  2.839970589e-01 
  2.752038538e-01 
  2.659531534e-01 
  2.657770514e-01 
  2.531494796e-01 
  2.435901016e-01 
  2.328473181e-01 
  2.188490927e-01 
  2.063680887e-01 
  1.992067993e-01 
  1.982092857e-01 
  1.894520074e-01 
  1.935828328e-01 
  1.958891600e-01 
  1.897928268e-01 
  1.849632263e-01 
  1.911230832e-01 
  1.880673766e-01 
  1.952826530e-01 
  2.106483430e-01 
  2.168172896e-01 
  2.101658881e-01 
  1.929702312e-01 
  1.702464968e-01 
  1.733979136e-01 
  1.935611665e-01 
  2.067652345e-01 
  2.095579058e-01 
  2.168830186e-01 
  2.146200240e-01 
  2.036445886e-01 
  2.069580108e-01 
  1.980641782e-01 
  1.910655349e-01 
  1.844394803e-01 
  1.873745024e-01 
  1.932030916e-01 
  1.956829131e-01 
  1.976086646e-01 
  1.961637884e-01 
  1.978788823e-01 
  1.982902884e-01 
  1.994060278e-01 
  1.991031170e-01 
  2.037004381e-01 
  2.047588080e-01 
  2.151453197e-01 
  2.182067633e-01 
  2.175252736e-01 
  2.152889818e-01 
  2.130710930e-01 
  2.224733531e-01 
  2.256845385e-01 
  2.210490704e-01 
  2.248066813e-01 
  2.188625336e-01 
  2.220669389e-01 
  2.230823040e-01 
  2.150465697e-01 
  2.204885036e-01 
  2.218774855e-01 
  2.197513282e-01 
  2.168502957e-01 
  2.162484378e-01 
  2.146861851e-01 
  2.103645951e-01 
  2.153455466e-01 
  2.094721198e-01 
  2.078379691e-01 
  2.094785124e-01 
  2.063841969e-01 
  2.046687007e-01 
  1.922285557e-01 
  2.009684443e-01 
  2.047720253e-01 
  2.023108900e-01 
  1.998780072e-01 
  1.977724731e-01 
  1.866274625e-01 
  1.980232447e-01 
  2.013411820e-01 
  2.008874416e-01 
  2.000012696e-01 
  1.987510920e-01 
  1.946038455e-01 
  1.939940602e-01 
  1.927022487e-01 
  1.854652464e-01 
  1.773068458e-01 
  1.882820725e-01 
  1.890818030e-01 
  1.887331009e-01 
  1.784529388e-01 
  1.809552014e-01 
  1.864833385e-01 
  1.856982112e-01 
  1.867365390e-01 
  1.831695437e-01 
  1.707400978e-01 
  1.813958585e-01 
  1.746768057e-01 
  1.797731072e-01 
  1.806814075e-01 
  1.791800112e-01 
  1.794785708e-01 
  1.794084460e-01 
  1.793272942e-01 
  1.783947945e-01 
  1.762474775e-01 
  1.769041717e-01 
  1.761358976e-01 
  1.746795177e-01 
  1.733599305e-01 
  1.747404784e-01 
  1.733400822e-01 
  1.735563427e-01 
  1.674029976e-01 
  1.724009812e-01 
  1.718880534e-01 
  1.710041016e-01 
  1.705842167e-01 
  1.681484282e-01 
  1.689546853e-01 
  1.681899428e-01 
  1.665971279e-01 
  1.671117991e-01 
  1.666650772e-01 
  1.660410017e-01 
  1.636108160e-01 
  1.623180211e-01 
  1.631698459e-01 
  1.616262496e-01 
  1.592573971e-01 
  1.571824551e-01 
  1.592790484e-01 
  1.574451923e-01 
  1.559943855e-01 
  1.566141695e-01 
  1.554522812e-01 
  1.542216688e-01 
  1.525117606e-01 
  1.513820291e-01 
  1.494612694e-01 
  1.490178406e-01 
  1.480115950e-01 
  1.469565034e-01 
  1.444279402e-01 
  1.437717080e-01 
  1.410742998e-01 
  1.400857419e-01 
  1.385805607e-01 
  1.336305439e-01 
  1.342063397e-01 
  1.312859356e-01 
  1.309603006e-01 
  1.307935119e-01 
  1.272688508e-01 
  1.248535365e-01 
  1.252999157e-01 
  1.282729059e-01 
  1.295763254e-01 
  1.295687407e-01 
  1.297086924e-01 
  1.293268800e-01 
  1.301347911e-01 
  1.302595586e-01 
  1.300222427e-01 
  1.295609325e-01 
  1.285303533e-01 
  1.278039366e-01 
  1.241942868e-01 
  1.102741733e-01 
  1.209295094e-01 
  1.256261617e-01 
  1.263243705e-01 
  1.257885396e-01 
  1.259172410e-01 
  1.237202287e-01 
  1.237943769e-01 
  1.205722317e-01 
  1.220398694e-01 
  1.226685643e-01 
  1.224665493e-01 
  1.197361350e-01 
  1.199691221e-01 
  1.189955026e-01 
  1.173473224e-01 
  1.159178987e-01 
  1.167058796e-01 
  1.158093363e-01 
  1.151502356e-01 
  1.129545867e-01 
  1.108999401e-01 
  1.102454588e-01 
  1.104048043e-01 
  1.100097224e-01 
  1.090932265e-01 
  1.080679893e-01 
  1.067963615e-01 
  1.059294716e-01 
  1.052996963e-01 
  1.036615521e-01 
  9.814769775e-02 
  1.003034264e-01 
  9.705890715e-02 
  9.969689697e-02 
  1.004175395e-01 
  9.764339030e-02 
  9.713840485e-02 
  9.438039362e-02 
  9.301384538e-02 
  9.368004650e-02 
  9.483499825e-02 
  9.522826225e-02 
  9.430377185e-02 
  9.244126081e-02 
  8.896187693e-02 
  8.618440479e-02 
  7.804694772e-02 
  7.730004191e-02 
  7.628452778e-02 
  7.472523302e-02 
  7.747606188e-02 
  7.875711471e-02 
  7.961008698e-02 
  7.891240716e-02 
  7.919735461e-02 
  7.961555570e-02 
  7.897203416e-02 
  7.877955586e-02 
  7.962154597e-02 
  7.927610725e-02 
  7.716006041e-02 
  7.426207513e-02 
  6.768707186e-02 
  6.275606155e-02 
  6.023254991e-02 
  5.631575361e-02 
  5.452012643e-02 
  5.055181682e-02 
  4.870321229e-02 
  4.655276984e-02 
  4.358096048e-02 
  4.193389788e-02 
  4.009180516e-02 
  3.852823377e-02 
  3.659890592e-02 
  3.584125265e-02 
  3.373054415e-02 
  3.192127123e-02 
  3.179336339e-02 
  3.135826066e-02 
  3.168357909e-02 
  3.238101676e-02 
  3.233977780e-02 
  3.265600279e-02 
  3.174400702e-02 
  3.148411587e-02 
  3.087561019e-02 
  3.205046058e-02 
  3.389760107e-02 
  3.661961854e-02 
  3.820503503e-02 
  3.927101567e-02 
  3.895507380e-02 
  3.799967840e-02 
  3.771442920e-02 
  3.605639189e-02 
  3.463383019e-02 
  3.215733543e-02 
  3.052693792e-02 
  2.911830321e-02 
  2.924637310e-02 
  3.037883900e-02 
  3.106501512e-02 
  3.267894313e-02 
  3.461214527e-02 
  3.615249693e-02 
  3.683496639e-02 
  3.624327108e-02 
  3.615479916e-02 
  3.452726454e-02 
  3.309531137e-02 
  3.165699542e-02 
  3.199307993e-02 
  3.342976794e-02 
  3.451144695e-02 
  3.454259038e-02 
  3.397914767e-02 
  3.277239949e-02 
  3.298703954e-02 
  3.440750018e-02 
  3.478419781e-02 
  3.419170156e-02 
  3.427649289e-02 
  3.381842747e-02 
  3.385954350e-02 
  3.466123343e-02 
  3.565692902e-02 
  3.688478842e-02 
  3.819333389e-02 
  3.663352877e-02 
  3.783098608e-02 
  3.800242767e-02 
  3.870734945e-02 
  3.919406980e-02 
  3.955372050e-02 
  3.954094648e-02 
  3.899739310e-02 
  3.905602545e-02 
  4.070169479e-02 
  4.020858184e-02 
  4.007113352e-02 
  3.994450346e-02 
  4.025194421e-02 
  3.856728226e-02 
  3.955088183e-02 
  4.067238793e-02 
  4.001980275e-02 
  3.887678683e-02 
  3.770125285e-02 
  3.773922846e-02 
  3.762809560e-02 
  3.652739897e-02 
  3.753857315e-02 
  3.771772981e-02 
  3.789146245e-02 
  3.843242303e-02 
  3.890107945e-02 
  3.670513257e-02 
  3.864560649e-02 
  3.745597601e-02 
  3.799236566e-02 
  3.832885250e-02 
  3.820022196e-02 
  3.899959847e-02 
  3.918115795e-02 
  3.945991769e-02 
  3.908535838e-02 
  3.823841736e-02 
  3.813339770e-02 
  3.834648430e-02 
  4.033451900e-02 
  4.177937657e-02 
  4.207355529e-02 
  4.282700270e-02 
  4.325199872e-02 
  4.386705905e-02 
  4.324566200e-02 
  4.182724282e-02 
  4.130480438e-02 
  3.995503485e-02 
  3.957382217e-02 
  3.922252357e-02 
  3.901258856e-02 
  3.728420660e-02 
  3.761365265e-02 
  3.605989739e-02 
  3.552992269e-02 
  3.493396938e-02 
  3.520249203e-02 
  3.654001281e-02 
  3.843383864e-02 
  3.855511919e-02 
  3.923319280e-02 
  3.918785974e-02 
  3.876989335e-02 
  3.769151121e-02 
  3.750177100e-02 
  3.788394481e-02 
  3.777293116e-02 
  3.874864802e-02 
  3.802178800e-02 
  3.825128824e-02 
  3.878888860e-02 
  3.854001686e-02 
  3.962523863e-02 
  3.461008891e-02 
  4.109395295e-02 
  4.236224666e-02 
  4.333306476e-02 
  4.233917594e-02 
  4.356601462e-02 
  4.333854094e-02 
  4.333717749e-02 
  4.265543073e-02 
  4.357692227e-02 
  4.451118782e-02 
  4.424189776e-02 
  4.530163109e-02 
  4.499012232e-02 
  4.429088533e-02 
  3.953124210e-02 
  4.120594636e-02 
  4.139276594e-02 
  4.185135290e-02 
  4.405374080e-02 
  4.346202314e-02 
  4.375795648e-02 
  4.439846054e-02 
  4.464206472e-02 
  4.379687086e-02 
  4.365094379e-02 
  4.294042289e-02 
  4.378777742e-02 
  4.330716655e-02 
  4.304849356e-02 
  4.394977540e-02 
  4.345026240e-02 
  4.394683987e-02 
  4.318019375e-02 
  4.281662777e-02 
  4.379270598e-02 
  4.329799861e-02 
  4.214742407e-02 
  4.323193431e-02 
  4.271946102e-02 
  4.296371341e-02 
  4.271421209e-02 
  3.991673514e-02 
  4.257787019e-02 
  4.223460704e-02 
  4.193551466e-02 
  4.120574147e-02 
  4.127485678e-02 
  4.171818867e-02 
  4.178201407e-02 
  4.056796804e-02 
  4.133604839e-02 
  3.974083439e-02 
  4.047903419e-02 
  4.061372951e-02 
  4.040954262e-02 
  4.084038734e-02 
  4.090676829e-02 
  4.084348306e-02 
  4.035836458e-02 
  3.907237574e-02 
  3.996963054e-02 
  3.964577988e-02 
  3.933680803e-02 
  3.990789503e-02 
  3.960898519e-02 
  3.804955631e-02 
  3.858249262e-02 
  3.774381429e-02 
  3.887722641e-02 
  3.847468272e-02 
  3.837768361e-02 
  3.761745617e-02 
  3.839678317e-02 
  3.828412294e-02 
  3.759152442e-02 
  3.671124578e-02 
  3.711658716e-02 
  3.631979600e-02 
  3.610540554e-02 
  3.510319814e-02 
  3.497419134e-02 
  3.387478739e-02 
  3.469365835e-02 
  3.456559032e-02 
  3.396057338e-02 
  3.402438015e-02 
  3.154277429e-02 
  3.380101547e-02 
  3.045938723e-02 
  3.326918185e-02 
  3.340666369e-02 
  3.406213224e-02 
  3.375052288e-02 
  3.306012601e-02 
  3.345578909e-02 
  3.314049914e-02 
  3.408785909e-02 
  3.357458860e-02 
  3.316626325e-02 
  3.260347247e-02 
  2.976620384e-02 
  3.198781610e-02 
  3.119413182e-02 
  3.275477514e-02 
  3.336082026e-02 
  3.298258409e-02 
  3.301900998e-02 
  3.085241653e-02 
  3.187046945e-02 
  3.216475993e-02 
  3.076589294e-02 
  3.101545759e-02 
  2.963528037e-02 
  3.026544116e-02 
  3.001186624e-02 
  3.039704822e-02 
  2.987260744e-02 
  2.971115708e-02 
  2.973586507e-02 
  2.998174354e-02 
  2.979196608e-02 
  2.789169922e-02 
  2.872835658e-02 
  2.904279344e-02 
  2.972481214e-02 
  2.935978957e-02 
  2.985493466e-02 
  2.798145264e-02 
  2.880347893e-02 
  2.962711081e-02 
  2.953127027e-02 
  2.877947502e-02 
  2.833215706e-02 
  2.897331119e-02 
  2.951574512e-02 
  2.966318466e-02 
  2.888699621e-02 
  2.913754806e-02 
  2.903168648e-02 
  2.917872742e-02 
  2.908766270e-02 
  2.820298448e-02 
  2.857345901e-02 
  2.847893722e-02 
  2.802945487e-02 
  2.726786956e-02 
  2.793013677e-02 
  2.774658799e-02 
  2.639207803e-02 
  2.613529749e-02 
  2.574698441e-02 
  2.579997852e-02 
  2.555010095e-02 
  2.545552328e-02 
  2.603919432e-02 
  2.557047829e-02 
  2.555290423e-02 
  2.579677477e-02 
  2.597342990e-02 
  2.579434589e-02 
  2.514205128e-02 
  2.571658231e-02 
  2.508688346e-02 
  2.553417161e-02 
  2.521964349e-02 
  2.544056624e-02 
  2.490752749e-02 
  2.535319887e-02 
  2.510799654e-02 
  2.521027438e-02 
  2.469559759e-02 
  2.491907962e-02 
  2.495493740e-02 
  2.469946072e-02 
  2.446461841e-02 
  2.427867614e-02 
  2.397406474e-02 
  2.381649800e-02 
  2.401444130e-02 
  2.355082147e-02 
  2.356668562e-02 
  2.403290570e-02 
  2.382300049e-02 
  2.264111303e-02 
  2.322942950e-02 
  2.327186987e-02 
  2.300023846e-02 
  2.257586643e-02 
  2.263499051e-02 
  2.270969003e-02 
  2.234559506e-02 
  2.152670547e-02 
  2.073176764e-02 
  2.127920464e-02 
  2.175151557e-02 
  2.210125327e-02 
  2.211214975e-02 
  2.179457992e-02 
  2.183281444e-02 
  2.179456502e-02 
  2.148122713e-02 
  2.141385153e-02 
  2.163949050e-02 
  2.162773721e-02 
  2.149995044e-02 
  2.141892165e-02 
  2.137610130e-02 
  2.120033838e-02 
  2.101994678e-02 
  2.109703608e-02 
  2.091184072e-02 
  2.059994265e-02 
  2.058614045e-02 
  2.046977915e-02 
  2.000740916e-02 
  2.032192610e-02 
  2.036599629e-02 
  2.006684244e-02 
  1.997160912e-02 
  1.937200688e-02 
  1.967977919e-02 
  1.984744892e-02 
  1.829689369e-02 
  1.952739805e-02 
  1.958048344e-02 
  1.953609101e-02 
  1.950330473e-02 
  1.935542934e-02 
  1.912838966e-02 
  1.898239367e-02 
  1.910070516e-02 
  1.862776279e-02 
  1.831203699e-02 
  1.858380251e-02 
  1.761561632e-02 
  1.783964969e-02 
  1.805116795e-02 
  1.819389872e-02 
  1.806411892e-02 
  1.762811281e-02 
  1.794512756e-02 
  1.793875359e-02 
  1.764745638e-02 
  1.741136052e-02 
  1.626501232e-02 
  1.654409803e-02 
  1.661327854e-02 
  1.577143371e-02 
  1.552642975e-02 
  1.625048369e-02 
  1.646577194e-02 
  1.648886688e-02 
  1.607135125e-02 
  1.653894410e-02 
  1.623261347e-02 
  1.642388664e-02 
  1.590852998e-02 
  1.599173062e-02 
  1.555801462e-02 
  1.609785669e-02 
  1.593229547e-02 
  1.586110890e-02 
  1.556916162e-02 
  1.564966328e-02 
  1.565974951e-02 
  1.562915370e-02 
  1.535829995e-02 
  1.548741106e-02 
  1.546316221e-02 
  1.530647371e-02 
  1.533433795e-02 
  1.519571897e-02 
  1.489429455e-02 
  1.449169591e-02 
  1.462213695e-02 
  1.430731360e-02 
  1.452386100e-02 
  1.441640873e-02 
  1.437985059e-02 
  1.414181758e-02 
  1.421453152e-02 
  1.395828277e-02 
  1.395108085e-02 
  1.392412465e-02 
  1.389859710e-02 
  1.358558331e-02 
  1.322089788e-02 
  1.316087972e-02 
  1.278992184e-02 
  1.257676259e-02 
  1.267462596e-02 
  1.257989369e-02 
  1.254644152e-02 
  1.235326845e-02 
  1.215031464e-02 
  1.213317458e-02 
  1.204915624e-02 
  1.212116983e-02 
  1.219140086e-02 
  1.212259661e-02 
  1.179631334e-02 
  1.167984400e-02 
  1.140006073e-02 
  1.121523231e-02 
  1.087281480e-02 
  1.050032210e-02 
  1.056340523e-02 
  1.021693274e-02 
  9.821929969e-03 
  9.834673256e-03 
  9.384903125e-03 
  9.314925410e-03 
  8.749434724e-03 
  8.459498174e-03 
  8.401853964e-03 
  8.490888402e-03 
  8.439997211e-03 
  8.204402402e-03 
  8.065353148e-03 
  7.958969101e-03 
  7.726054173e-03 
  7.393623237e-03 
  7.365857717e-03 
  7.082779892e-03 
  7.081406191e-03 
  6.864757277e-03 
  6.466739345e-03 
  6.363088731e-03 
  6.027847994e-03 
  5.609821063e-03 
  5.849910900e-03 
  5.921228323e-03 
  5.949912127e-03 
  5.856505129e-03 
  5.752261262e-03 
  5.887128878e-03 
  5.553239956e-03 
  5.568417255e-03 
  5.371994339e-03 
  5.310074426e-03 
  4.900196567e-03 
  4.831406288e-03 
  4.806937650e-03 
  4.680061713e-03 
  4.497903865e-03 
  4.473141395e-03 
  4.200207070e-03 
  4.196922760e-03 
  4.114090465e-03 
  3.969296347e-03 
  4.130044021e-03 
  4.151265137e-03 
  4.229527898e-03 
  4.270067904e-03 
  4.121064674e-03 
  4.340817221e-03 
  4.312394653e-03 
  4.263848532e-03 
  3.945908509e-03 
  4.052617121e-03 
  4.105919506e-03 
  4.128360655e-03 
  4.095637705e-03 
  4.060455132e-03 
  3.958821762e-03 
  4.017292522e-03 
  4.014677834e-03 
  3.868975677e-03 
  4.014952574e-03 
  4.070111550e-03 
  4.149090499e-03 
  4.088687710e-03 
  4.284022842e-03 
  4.239598755e-03 
  4.252005368e-03 
  4.196762573e-03 
  4.202146549e-03 
  3.931671847e-03 
  3.856268944e-03 
  3.563170554e-03 
  3.638456576e-03 
  3.362725955e-03 
  3.212278476e-03 
  3.177374136e-03 
  3.184713889e-03 
  3.171199933e-03 
  3.099054564e-03 
  2.873780206e-03 
  3.611803520e-03 
  3.897635499e-03 
  3.970488440e-03 
  3.994107246e-03 
  4.104503430e-03 
  4.174359143e-03 
  4.200110678e-03 
  4.209471866e-03 
  4.175704904e-03 
  4.027929157e-03 
  4.215051420e-03 
  4.147244617e-03 
  4.067132249e-03 
  3.904904937e-03 
  4.027208779e-03 
  3.894348629e-03 
  3.725770395e-03 
  3.866218030e-03 
  3.763189772e-03 
  3.601754317e-03 
  3.576401854e-03 
  3.500222927e-03 
  3.436334431e-03 
  3.387679812e-03 
  3.408050397e-03 
  3.349089529e-03 
  3.365860786e-03 
  3.327279817e-03 
  3.452572040e-03 
  3.458105261e-03 
  3.549775807e-03 
  3.475034609e-03 
  3.533605719e-03 
  3.529832698e-03 
  3.515849821e-03 
  3.404609393e-03 
  3.569388296e-03 
  3.648066893e-03 
  3.615587484e-03 
  3.747574287e-03 
  3.758508246e-03 
  3.841822734e-03 
  3.816785291e-03 
  3.785344306e-03 
  3.928453196e-03 
  3.995934501e-03 
  3.942862153e-03 
  4.011432175e-03 
  3.983846400e-03 
  3.996679094e-03 
  4.001117777e-03 
  3.951994702e-03 
  3.872418776e-03 
  4.017119296e-03 
  4.017260391e-03 
  4.131869879e-03 
  4.055443220e-03 
  4.209103994e-03 
  4.232987761e-03 
  4.281121772e-03 
  4.276056308e-03 
  4.350010771e-03 
  4.147237167e-03 
  4.285529722e-03 
  4.317727406e-03 
  4.350072239e-03 
  4.213287495e-03 
  4.021296743e-03 
  3.770174924e-03 
  4.015749786e-03 
  4.257122055e-03 
  4.298271611e-03 
  4.339199979e-03 
  4.183148500e-03 
  4.053205252e-03 
  4.047328606e-03 
  4.144955426e-03 
  4.070538096e-03 
  4.056847189e-03 
  3.974888008e-03 
  4.064634442e-03 
  4.075121135e-03 
  4.217718262e-03 
  4.177231342e-03 
  4.371556919e-03 
  4.275729414e-03 
  4.400680773e-03 
  4.396646749e-03 
  4.736116156e-03 
  4.610859789e-03 
  4.914886784e-03 
  4.919636063e-03 
  5.102490075e-03 
  5.136895925e-03 
  5.310941488e-03 
  5.257494282e-03 
  5.171880592e-03 
  5.302841775e-03 
  5.543172359e-03 
  5.534850992e-03 
  5.617038812e-03 
  5.320112221e-03 
  5.699466448e-03 
  5.508915521e-03 
  5.660234019e-03 
  5.698820110e-03 
  5.736407358e-03 
  5.662137177e-03 
  5.674526095e-03 
  5.549823400e-03 
  5.565487780e-03 
  5.705418065e-03 
  5.667495076e-03 
  5.639876239e-03 
  5.579924677e-03 
  5.490740761e-03 
  5.255737342e-03 
  5.287511740e-03 
  5.109171849e-03 
  5.097523332e-03 
  4.548286553e-03 
  4.453216679e-03 
  3.929358441e-03 
  3.923111130e-03 
  3.382413881e-03 
  3.381129587e-03 
  3.057304770e-03 
  3.048849525e-03 
  3.076174064e-03 
  2.990371780e-03 
  3.163576126e-03 
  3.155019833e-03 
  3.227048088e-03 
  3.226589411e-03 
  3.248773282e-03 
  3.238504520e-03 
  3.283785889e-03 
  3.245162079e-03 
  3.360300558e-03 
  3.348214086e-03 
  3.534834599e-03 
  3.536204342e-03 
  3.828810062e-03 
  3.792562988e-03 
  3.946972545e-03 
  4.078039899e-03 
  4.378844053e-03 
  4.374207929e-03 
  4.544288386e-03 
  4.576508421e-03 
  4.700895865e-03 
  4.707946442e-03 
  4.719701130e-03 
  4.655383527e-03 
  4.745563492e-03 
  4.815340042e-03 
  4.870851524e-03 
  4.857504740e-03 
  4.707893357e-03 
  4.808887374e-03 
  4.840788431e-03 
  4.572169855e-03 
  4.722201731e-03 
  4.751286004e-03 
  4.707334563e-03 
  4.654447082e-03 
  4.611100536e-03 
  4.601310473e-03 
  4.471124616e-03 
  4.459391348e-03 
  4.426603671e-03 
  4.232564941e-03 
  4.247455858e-03 
  4.024983384e-03 
  3.994929139e-03 
  3.847561544e-03 
  3.786038142e-03 
  3.782126121e-03 
  3.803473432e-03 
  3.833888797e-03 
  3.811718896e-03 
  3.864858299e-03 
  3.858731827e-03 
  3.859064309e-03 
  3.749634605e-03 
  3.852777882e-03 
  3.831056645e-03 
  3.595418995e-03 
  3.798861755e-03 
  3.796188626e-03 
  3.804394510e-03 
  3.764900379e-03 
  3.828388639e-03 
  3.692870727e-03 
  3.902309341e-03 
  3.850191366e-03 
  4.006109200e-03 
  3.992425743e-03 
  4.072439391e-03 
  4.060002044e-03 
  4.111658782e-03 
  4.102830309e-03 
  4.026831593e-03 
  4.102297593e-03 
  4.054562654e-03 
  4.103417508e-03 
  4.024051130e-03 
  4.046437331e-03 
  4.072368611e-03 
  4.097410012e-03 
  4.087615758e-03 
  4.106460605e-03 
  4.104420077e-03 
  4.106953274e-03 
  4.068482667e-03 
  3.905775491e-03 
  4.040641245e-03 
  4.070917144e-03 
  3.935534973e-03 
  4.046292510e-03 
  4.027389456e-03 
  4.014241975e-03 
  4.020574968e-03 
  4.023607355e-03 
  4.011936020e-03 
  4.031672142e-03 
  3.962649964e-03 
  4.016094375e-03 
  4.005121533e-03 
  4.012214020e-03 
  3.992628306e-03 
  3.981004469e-03 
  3.953121137e-03 
  3.853278467e-03 
  3.935576882e-03 
  3.917236347e-03 
  3.889997024e-03 
  3.894756082e-03 
  3.884151345e-03 
  3.850336187e-03 
  3.750949400e-03 
  3.830496455e-03 
  3.848717315e-03 
  3.749519354e-03 
  3.822693368e-03 
  3.782637184e-03 
  3.778045531e-03 
  3.712482052e-03 
  3.785568755e-03 
  3.797127167e-03 
  3.724041395e-03 
  3.794012126e-03 
  3.778376617e-03 
  3.756869584e-03 
  3.772447351e-03 
  3.758649575e-03 
  3.748686519e-03 
  3.730394412e-03 
  3.727690317e-03 
  3.584905528e-03 
  3.700127592e-03 
  3.692448372e-03 
  3.667101962e-03 
  3.655683948e-03 
  3.652267158e-03 
  3.624085803e-03 
  3.599251853e-03 
  3.573980415e-03 
  3.531804308e-03 
  3.469578922e-03 
  3.498306964e-03 
  3.493346041e-03 
  3.444505390e-03 
  3.433945822e-03 
  3.400423564e-03 
  3.385806456e-03 
  3.348161699e-03 
  3.349877428e-03 
  3.342330456e-03 
  3.339046845e-03 
  3.324375721e-03 
  3.313526977e-03 
  3.292094218e-03 
  3.275356721e-03 
  3.266051644e-03 
  3.216331126e-03 
  3.212894546e-03 
  3.162053181e-03 
  3.051138250e-03 
  2.735688351e-03 
  2.987491898e-03 
  3.076371038e-03 
  3.152325051e-03 
  3.143375739e-03 
  3.164942143e-03 
  3.147159470e-03 
  3.152694786e-03 
  3.135078354e-03 
  3.133138176e-03 
  3.108208533e-03 
  3.073804313e-03 
  3.090539249e-03 
  2.966699656e-03 
  3.080802737e-03 
  3.070300212e-03 
  3.036864800e-03 
  2.956604818e-03 
  3.022994613e-03 
  3.025115933e-03 
  3.023057943e-03 
  3.013542620e-03 
  2.932129428e-03 
  2.910524607e-03 
  2.940452425e-03 
  2.969374415e-03 
  2.955874195e-03 
  2.918197773e-03 
  2.905284753e-03 
  2.891376149e-03 
  2.853428479e-03 
  2.837056294e-03 
  2.813839121e-03 
  2.804708900e-03 
  2.789216582e-03 
  2.786297351e-03 
  2.776766894e-03 
  2.802100265e-03 
  2.797535621e-03 
  2.784484299e-03 
  2.710042056e-03 
  2.670684131e-03 
  2.801235532e-03 
  2.738376614e-03 
  2.821470378e-03 
  2.813874744e-03 
  2.799766837e-03 
  2.794628730e-03 
  2.778396709e-03 
  2.773029497e-03 
  2.744777361e-03 
  2.700141631e-03 
  2.728085034e-03 
  2.731873887e-03 
  2.717937576e-03 
  2.708359389e-03 
  2.692732261e-03 
  2.686009975e-03 
  2.674551681e-03 
  2.656253520e-03 
  2.605688293e-03 
  2.608421957e-03 
  2.601884771e-03 
  2.620551502e-03 
  2.587643219e-03 
  2.586939139e-03 
  2.582170768e-03 
  2.570119686e-03 
  2.560726833e-03 
  2.542472910e-03 
  2.527687233e-03 
  2.524334472e-03 
  2.491111634e-03 
  2.434464172e-03 
  2.460161922e-03 
  2.479999559e-03 
  2.470228588e-03 
  2.424820792e-03 
  2.438884228e-03 
  2.435369184e-03 
  2.425821731e-03 
  2.419315977e-03 
  2.349685878e-03 
  2.394343261e-03 
  2.370528178e-03 
  2.363533014e-03 
  2.363173058e-03 
  2.326921327e-03 
  2.264755312e-03 
  2.310439944e-03 
  2.288929420e-03 
  2.284819027e-03 
  2.280138899e-03 
  2.278664149e-03 
  2.258118009e-03 
  2.243079944e-03 
  2.243408235e-03 
  2.160069067e-03 
  2.235578839e-03 
  2.218428068e-03 
  2.187108155e-03 
  2.202580450e-03 
  2.199975541e-03 
  2.191046951e-03 
  2.180701355e-03 
  2.157816431e-03 
  2.173935995e-03 
  2.167696832e-03 
  2.157435054e-03 
  2.121687168e-03 
  2.144061727e-03 
  2.140681259e-03 
  2.135656076e-03 
  2.125299070e-03 
  2.115159761e-03 
  2.008023672e-03 
  2.069679089e-03 
  2.072195057e-03 
  2.064858330e-03 
  2.053802833e-03 
  2.048070310e-03 
  2.048602095e-03 
  2.037940780e-03 
  2.016141079e-03 
  2.012549201e-03 
  1.982318470e-03 
  1.988631440e-03 
  1.981245121e-03 
  1.872964902e-03 
  1.919228118e-03 
  1.908313716e-03 
  1.871488523e-03 
  1.909685554e-03 
  1.911801519e-03 
  1.903385739e-03 
  1.898632734e-03 
  1.916630077e-03 
  1.907622558e-03 
  1.898061135e-03 
  1.915384433e-03 
  1.914072549e-03 
  1.913514338e-03 
  1.909890561e-03 
  1.894428744e-03 
  1.882092678e-03 
  1.884722034e-03 
  1.872656052e-03 
  1.852272311e-03 
  1.838285825e-03 
  1.774182776e-03 
  1.797044068e-03 
  1.776494784e-03 
  1.803372405e-03 
  1.793040428e-03 
  1.767425099e-03 
  1.773665310e-03 
  1.769225928e-03 
  1.682374161e-03 
  1.726110699e-03 
  1.737207407e-03 
  1.715475693e-03 
  1.745044719e-03 
  1.753714052e-03 
  1.736842911e-03 
  1.730874064e-03 
  1.720124390e-03 
  1.706059556e-03 
  1.701950328e-03 
  1.671317150e-03 
  1.644751057e-03 
  1.653571147e-03 
  1.633219654e-03 
  1.621998730e-03 
  1.577321324e-03 
  1.600198797e-03 
  1.599389710e-03 
  1.583411358e-03 
  1.573243295e-03 
  1.565981656e-03 
  1.552953501e-03 
  1.554005197e-03 
  1.542358776e-03 
  1.537944074e-03 
  1.542671933e-03 
  1.530282665e-03 
  1.535249525e-03 
  1.508822897e-03 
  1.459555584e-03 
  1.494961791e-03 
  1.509440015e-03 
  1.521025435e-03 
  1.506153261e-03 
  1.504082698e-03 
  1.527926535e-03 
  1.526650740e-03 
  1.512889285e-03 
  1.496377285e-03 
  1.491741627e-03 
  1.493300195e-03 
  1.460589003e-03 
  1.461122651e-03 
  1.426709699e-03 
  1.417152933e-03 
  1.401217422e-03 
  1.373884850e-03 
  1.387470984e-03 
  1.385569340e-03 
  1.385796699e-03 
  1.315917936e-03 
  1.357555622e-03 
  1.383360825e-03 
  1.376585802e-03 
  1.370213227e-03 
  1.383732772e-03 
  1.376920962e-03 
  1.370283309e-03 
  1.371294493e-03 
  1.303313882e-03 
  1.300416770e-03 
  1.308276667e-03 
  1.315656002e-03 
  1.300051576e-03 
  1.332688262e-03 
  1.325657708e-03 
  1.340344432e-03 
  1.335777342e-03 
  1.330109080e-03 
  1.320914365e-03 
  1.335836248e-03 
  1.321821590e-03 
  1.320977812e-03 
  1.324939891e-03 
  1.313762390e-03 
  1.313675777e-03 
  1.299227704e-03 
  1.294373767e-03 
  1.298789284e-03 
  1.287139603e-03 
  1.268398482e-03 
  1.274639741e-03 
  1.254023751e-03 
  1.242417959e-03 
  1.242520171e-03 
  1.236461801e-03 
  1.218103687e-03 
  1.217219746e-03 
  1.213680138e-03 
  1.196413650e-03 
  1.152850105e-03 
  1.148851705e-03 
  1.108987723e-03 
  1.157108694e-03 
  1.165248570e-03 
  1.195747056e-03 
  1.180993859e-03 
  1.186279347e-03 
  1.199328108e-03 
  1.188922324e-03 
  1.190485083e-03 
  1.184211229e-03 
  1.197177218e-03 
  1.182505861e-03 
  1.179846353e-03 
  1.185847796e-03 
  1.176800230e-03 
  1.162507921e-03 
  1.167779323e-03 
  1.162361819e-03 
  1.125031500e-03 
  1.110863639e-03 
  1.140054432e-03 
  1.130630146e-03 
  1.101672882e-03 
  1.128413249e-03 
  1.109256875e-03 
  1.094566425e-03 
  1.099500805e-03 
  1.068068435e-03 
  1.060998649e-03 
  1.040735166e-03 
  1.009033644e-03 
  1.009683823e-03 
  9.981952608e-04 
  9.965719655e-04 
  1.001900644e-03 
  9.929870721e-04 
  9.908954380e-04 
  1.004684134e-03 
  1.027995953e-03 
  1.015742426e-03 
  1.012308872e-03 
  9.750038735e-04 
  1.023677294e-03 
  1.029059640e-03 
  1.021056087e-03 
  1.005138620e-03 
  1.006113715e-03 
  9.970739484e-04 
  9.845194872e-04 
  9.751901962e-04 
  9.659955394e-04 
  9.443935123e-04 
  9.427659097e-04 
  9.342852863e-04 
  8.614284452e-04 
  8.967207395e-04 
  8.916875231e-04 
  8.768180851e-04 
  8.597873384e-04 
  8.743868675e-04 
  8.322455105e-04 
  8.430525777e-04 
  8.375893813e-04 
  7.730627549e-04 
  7.829865790e-04 
  7.684234297e-04 
  7.445193478e-04 
  7.226199959e-04 
  7.551540039e-04 
  7.262898725e-04 
  7.206719602e-04 
  6.804798031e-04 
  7.097896305e-04 
  7.080756477e-04 
  7.105460973e-04 
  7.066436228e-04 
  7.083112141e-04 
  6.958940648e-04 
  7.099419599e-04 
  7.009559777e-04 
  6.953444099e-04 
  7.088280399e-04 
  7.027797401e-04 
  7.048642728e-04 
  6.956845173e-04 
