  5.108326674e-01 
  1.296683550e+00 
  1.360632539e+00 
  3.382158756e+00 
  3.751439810e+00 
  6.599881649e+00 
  7.087930679e+00 
  1.025137138e+01 
  1.286432171e+01 
  1.358349800e+01 
  1.480418873e+01 
  2.821107864e+01 
  2.371562004e+01 
  2.985125542e+01 
  3.032351875e+01 
  3.586144638e+01 
  2.777035904e+01 
  3.984983444e+01 
  3.837870407e+01 
  4.278176498e+01 
  4.092577744e+01 
  5.027111435e+01 
  4.365162277e+01 
  3.814490128e+01 
  4.750603867e+01 
  5.224853897e+01 
  7.168161011e+01 
  7.162895203e+01 
  5.870437241e+01 
  6.943769073e+01 
  7.198773193e+01 
  5.789802933e+01 
  6.348056412e+01 
  7.131106567e+01 
  5.923015213e+01 
  6.334522247e+01 
  4.728150558e+01 
  4.484201050e+01 
  5.434344101e+01 
  5.434869766e+01 
  6.059957504e+01 
  5.084552383e+01 
  5.293843079e+01 
  5.275708008e+01 
  4.731565857e+01 
  6.041292191e+01 
  6.651697540e+01 
  6.278489304e+01 
  5.865396881e+01 
  6.381290054e+01 
  6.472124481e+01 
  6.096118164e+01 
  6.196986008e+01 
  5.609133911e+01 
  6.423184204e+01 
  6.457325745e+01 
  6.056434631e+01 
  3.840014267e+01 
  4.138887787e+01 
  4.130316162e+01 
  6.077563858e+01 
  4.780292130e+01 
  5.202789688e+01 
  5.490251160e+01 
  5.436219406e+01 
  5.049338913e+01 
  6.874691010e+01 
  6.101705551e+01 
  5.707420731e+01 
  5.445178986e+01 
  6.211372757e+01 
  4.920099258e+01 
  5.136364365e+01 
  5.075888824e+01 
  3.897570419e+01 
  3.539110184e+01 
  5.017821121e+01 
  5.087538528e+01 
  6.518140411e+01 
  4.969971085e+01 
  4.610068512e+01 
  5.124796295e+01 
  3.791401291e+01 
  2.615375137e+01 
  2.847491455e+01 
  4.237828827e+01 
  3.252531052e+01 
  3.690493774e+01 
  3.612522888e+01 
  4.066873550e+01 
  4.870914459e+01 
  5.382439804e+01 
  4.724544907e+01 
  2.501683998e+01 
  2.734237480e+01 
  4.533184433e+01 
  4.608359909e+01 
  1.852442360e+01 
  5.118959045e+01 
  6.062243652e+01 
  5.882559967e+01 
  5.770836639e+01 
  6.036470795e+01 
  5.580445480e+01 
  5.919282150e+01 
  5.358312607e+01 
  5.249468994e+01 
  5.047098541e+01 
  5.397834396e+01 
  5.898545074e+01 
  4.868724442e+01 
  5.644764328e+01 
  5.774874115e+01 
  5.386379242e+01 
  5.219871521e+01 
  5.497320557e+01 
  5.395500946e+01 
  5.166122055e+01 
  4.990878677e+01 
  5.049943924e+01 
  4.221642685e+01 
  5.224232101e+01 
  4.944543839e+01 
  4.124978256e+01 
  4.482059479e+01 
  4.585771179e+01 
  4.354986191e+01 
  4.138639450e+01 
  4.140507507e+01 
  3.721924591e+01 
  2.934692764e+01 
  2.607271767e+01 
  4.637705994e+01 
  4.079666519e+01 
  3.832113647e+01 
  4.120583344e+01 
  4.515987015e+01 
  4.506756592e+01 
  3.990535355e+01 
  3.817162323e+01 
  4.229299927e+01 
  4.167518997e+01 
  4.339391327e+01 
  4.319004059e+01 
  4.242620468e+01 
  4.412689590e+01 
  3.884057617e+01 
  4.380520630e+01 
  4.404008865e+01 
  4.384903717e+01 
  4.431083679e+01 
  4.736097336e+01 
  4.354534531e+01 
  3.998042297e+01 
  4.216127777e+01 
  4.199546051e+01 
  4.254764938e+01 
  4.232464981e+01 
  4.113355255e+01 
  4.068817520e+01 
  3.990370178e+01 
  4.091078949e+01 
  3.981804276e+01 
  3.940747070e+01 
  3.912176132e+01 
  3.814651871e+01 
  3.894348907e+01 
  3.717727661e+01 
  3.894533920e+01 
  3.819958496e+01 
  3.727978134e+01 
  3.682451248e+01 
  3.688628387e+01 
  3.610466003e+01 
  3.601663208e+01 
  3.708321381e+01 
  3.557088470e+01 
  3.487995529e+01 
  3.622393799e+01 
  3.421944427e+01 
  3.453059387e+01 
  3.396522903e+01 
  3.432004547e+01 
  3.400527573e+01 
  3.236552811e+01 
  3.227461243e+01 
  2.590575600e+01 
  2.882698631e+01 
  3.098966980e+01 
  2.852297974e+01 
  3.215226746e+01 
  2.979109573e+01 
  2.834809494e+01 
  3.023313332e+01 
  2.892279816e+01 
  3.061865234e+01 
  2.953091812e+01 
  2.836934471e+01 
  2.743197060e+01 
  2.710272980e+01 
  2.672486115e+01 
  2.587617302e+01 
  2.546180344e+01 
  2.672348785e+01 
  2.462813187e+01 
  2.631303596e+01 
  2.790500259e+01 
  2.572085762e+01 
  2.443665886e+01 
  2.610602188e+01 
  2.506069565e+01 
  2.483575249e+01 
  2.582543755e+01 
  2.341812706e+01 
  2.271578789e+01 
  2.297772026e+01 
  2.391428757e+01 
  1.745398140e+01 
  2.141081810e+01 
  2.009921265e+01 
  2.192682838e+01 
  2.173936462e+01 
  2.239672661e+01 
  2.067493439e+01 
  2.222885704e+01 
  2.185252571e+01 
  2.063848877e+01 
  1.786708260e+01 
  2.126638222e+01 
  2.167499352e+01 
  2.029868126e+01 
  2.189893532e+01 
  2.070657349e+01 
  1.802715492e+01 
  1.943112183e+01 
  1.965150261e+01 
  2.066998291e+01 
  1.900976181e+01 
  1.972665596e+01 
  1.949163818e+01 
  1.891089630e+01 
  1.719219398e+01 
  1.901398659e+01 
  1.803274345e+01 
  1.885863686e+01 
  1.842067146e+01 
  1.785922050e+01 
  1.846148682e+01 
  1.698589897e+01 
  1.772711372e+01 
  1.719545746e+01 
  1.695019722e+01 
  1.753898621e+01 
  1.671703911e+01 
  1.712555313e+01 
  1.703725624e+01 
  1.643634415e+01 
  1.582238674e+01 
  1.629378128e+01 
  1.527988052e+01 
  1.522626972e+01 
  1.660282326e+01 
  1.511991596e+01 
  1.569485760e+01 
  1.535273075e+01 
  1.541278839e+01 
  1.409893227e+01 
  1.500285816e+01 
  1.483551788e+01 
  1.441690159e+01 
  1.437950993e+01 
  1.376692104e+01 
  1.443089867e+01 
  1.446400738e+01 
  1.427594280e+01 
  1.382037449e+01 
  1.346918297e+01 
  1.393153572e+01 
  1.343354607e+01 
  1.324300575e+01 
  1.361217880e+01 
  1.328572750e+01 
  1.339920235e+01 
  1.340343189e+01 
  1.327121162e+01 
  1.309423828e+01 
  1.244614697e+01 
  1.283520031e+01 
  1.261591244e+01 
  1.111356831e+01 
  1.152425957e+01 
  1.215171719e+01 
  1.183991432e+01 
  1.187514400e+01 
  1.190097427e+01 
  1.159689140e+01 
  1.179412460e+01 
  1.174538994e+01 
  1.142225456e+01 
  1.134402275e+01 
  1.126787376e+01 
  1.112578201e+01 
  1.092853642e+01 
  1.092174625e+01 
  1.119388771e+01 
  1.109161377e+01 
  1.088966560e+01 
  1.075618362e+01 
  1.064545345e+01 
  1.046610165e+01 
  1.023011780e+01 
  1.032736588e+01 
  1.012555790e+01 
  9.911751747e+00 
  9.490845680e+00 
  9.879888535e+00 
  9.331960678e+00 
  9.322770119e+00 
  9.697744370e+00 
  9.544853210e+00 
  9.621297836e+00 
  9.721352577e+00 
  9.146645546e+00 
  9.155834198e+00 
  9.103980064e+00 
  8.797501564e+00 
  8.781869888e+00 
  8.859244347e+00 
  8.608986855e+00 
  8.815793037e+00 
  8.466102600e+00 
  8.734735489e+00 
  8.094356537e+00 
  8.639391899e+00 
  8.335667610e+00 
  8.438350677e+00 
  8.093402863e+00 
  8.311804771e+00 
  8.393541336e+00 
  8.274498940e+00 
  7.967989922e+00 
  8.034175873e+00 
  7.890377522e+00 
  7.976777077e+00 
  7.836946964e+00 
  7.852514744e+00 
  7.506758690e+00 
  7.563257694e+00 
  7.505626678e+00 
  7.605511189e+00 
  7.004193306e+00 
  7.498356819e+00 
  7.308693886e+00 
  7.410483837e+00 
  7.268321991e+00 
  7.032857418e+00 
  5.934471607e+00 
  6.295253277e+00 
  6.970212460e+00 
  6.941339016e+00 
  6.954580784e+00 
  6.947319508e+00 
  7.006338596e+00 
  6.885900021e+00 
  6.736018658e+00 
  6.724986076e+00 
  6.765550613e+00 
  6.591671944e+00 
  6.589716911e+00 
  6.644458294e+00 
  6.525737762e+00 
  6.418163300e+00 
  6.359177113e+00 
  6.366645336e+00 
  6.341118336e+00 
  6.207219124e+00 
  6.286854267e+00 
  6.125209332e+00 
  6.189590454e+00 
  6.065835953e+00 
  5.982925892e+00 
  5.953355312e+00 
  5.905182362e+00 
  5.909042835e+00 
  5.767009258e+00 
  5.798401356e+00 
  5.500951290e+00 
  4.968507290e+00 
  5.073276520e+00 
  5.018237591e+00 
  5.083980083e+00 
  5.178768635e+00 
  5.187010288e+00 
  5.178598881e+00 
  5.177114487e+00 
  5.091453552e+00 
  5.140952587e+00 
  5.204992771e+00 
  5.060439110e+00 
  5.051600456e+00 
  4.974720955e+00 
  4.820113659e+00 
  4.779460430e+00 
  4.876215458e+00 
  4.864586353e+00 
  4.848940849e+00 
  4.774320126e+00 
  4.683471680e+00 
  4.800906181e+00 
  4.622097492e+00 
  4.681453228e+00 
  4.627592087e+00 
  4.554371357e+00 
  4.494754791e+00 
  4.539871693e+00 
  4.334301472e+00 
  4.399578571e+00 
  4.126130581e+00 
  4.005195141e+00 
  3.910433292e+00 
  3.877966642e+00 
  4.024135590e+00 
  4.127799511e+00 
  4.055332661e+00 
  3.952323675e+00 
  3.901314974e+00 
  3.867631912e+00 
  3.916631460e+00 
  3.812832594e+00 
  3.676373482e+00 
  3.784298658e+00 
  3.693393230e+00 
  3.805287361e+00 
  3.790457249e+00 
  3.880221844e+00 
  3.815888405e+00 
  3.703475952e+00 
  3.746678352e+00 
  3.737204790e+00 
  3.605154991e+00 
  3.639801979e+00 
  3.603005409e+00 
  3.529056072e+00 
  3.623153687e+00 
  3.643073082e+00 
  3.533109426e+00 
  3.566001654e+00 
  3.602322340e+00 
  3.519273758e+00 
  3.501999378e+00 
  3.430792332e+00 
  3.403594494e+00 
  3.439095736e+00 
  3.388816118e+00 
  3.423712730e+00 
  3.385880232e+00 
  3.301907778e+00 
  3.308152437e+00 
  3.281230927e+00 
  2.969549656e+00 
  1.615528464e+00 
  1.484274864e+00 
  2.186648369e+00 
  1.995212674e+00 
  2.108500004e+00 
  2.371489048e+00 
  2.519364595e+00 
  2.687014341e+00 
  2.887138844e+00 
  2.938845634e+00 
  2.948901892e+00 
  2.956042051e+00 
  2.933891773e+00 
  2.908578396e+00 
  2.926257849e+00 
  2.802438736e+00 
  2.903128147e+00 
  2.867983580e+00 
  2.837608099e+00 
  2.831873417e+00 
  2.782141685e+00 
  2.763504744e+00 
  2.782145262e+00 
  2.702916622e+00 
  2.703419209e+00 
  2.693534136e+00 
  2.628836393e+00 
  2.646351814e+00 
  2.589045048e+00 
  2.576586008e+00 
  2.536118031e+00 
  2.512630701e+00 
  2.462521553e+00 
  2.453080654e+00 
  2.427568913e+00 
  2.394482613e+00 
  2.403970003e+00 
  2.411937714e+00 
  2.412882805e+00 
  2.395877361e+00 
  2.313370943e+00 
  2.345356703e+00 
  2.328123808e+00 
  2.284332514e+00 
  2.297237396e+00 
  2.230585098e+00 
  2.284165859e+00 
  2.259275198e+00 
  2.231401920e+00 
  2.179324865e+00 
  2.155031681e+00 
  2.171199083e+00 
  2.143212557e+00 
  2.111826897e+00 
  2.083455801e+00 
  2.032999516e+00 
  1.983158469e+00 
  1.986353159e+00 
  1.966116190e+00 
  1.910637259e+00 
  1.888778329e+00 
  1.973249912e+00 
  1.884750605e+00 
  1.842197180e+00 
  1.910109639e+00 
  1.932731509e+00 
  1.929169774e+00 
  1.908914208e+00 
  1.873484492e+00 
  1.871071100e+00 
  1.841074705e+00 
  1.801910520e+00 
  1.830684543e+00 
  1.769916415e+00 
  1.793049097e+00 
  1.798314691e+00 
  1.807033181e+00 
  1.783015847e+00 
  1.785654306e+00 
  1.724341869e+00 
  1.762956738e+00 
  1.756223679e+00 
  1.739265323e+00 
  1.724718928e+00 
  1.690539718e+00 
  1.709147692e+00 
  1.716597915e+00 
  1.650947809e+00 
  1.689794660e+00 
  1.685010195e+00 
  1.449079871e+00 
  1.651120782e+00 
  1.581008911e+00 
  1.593249202e+00 
  1.274732947e+00 
  1.397246361e+00 
  1.579101801e+00 
  1.597347140e+00 
  1.564622045e+00 
  1.557688117e+00 
  1.536737680e+00 
  1.529318213e+00 
  1.517214179e+00 
  1.538947821e+00 
  1.528711557e+00 
  1.493232846e+00 
  1.246663332e+00 
  1.321323872e+00 
  1.426313281e+00 
  1.399747610e+00 
  1.450664401e+00 
  1.441871524e+00 
  1.429432631e+00 
  1.428437948e+00 
  1.390611768e+00 
  1.371419072e+00 
  1.376339912e+00 
  1.397254467e+00 
  1.366683245e+00 
  1.363483906e+00 
  1.349165916e+00 
  1.273024797e+00 
  1.337045550e+00 
  1.300614476e+00 
  1.305664182e+00 
  1.312711239e+00 
  1.263328433e+00 
  1.245125055e+00 
  1.276512384e+00 
  1.279345512e+00 
  1.269067764e+00 
  1.256060958e+00 
  1.243562460e+00 
  1.182539701e+00 
  1.212111592e+00 
  1.133004308e+00 
  1.154090285e+00 
  1.104714990e+00 
  1.093658328e+00 
  1.066450953e+00 
  1.038006783e+00 
  1.006098866e+00 
  9.840839505e-01 
  1.067631602e+00 
  1.101601005e+00 
  1.092845082e+00 
  1.044525385e+00 
  1.033217549e+00 
  9.861527681e-01 
  9.655938745e-01 
  9.749165177e-01 
  9.774066210e-01 
  9.705473185e-01 
  9.689934254e-01 
  9.681918621e-01 
  9.544077516e-01 
  9.639567137e-01 
  9.488347769e-01 
  9.452214837e-01 
  9.725983143e-01 
  9.744166732e-01 
  9.455602169e-01 
  9.326897860e-01 
  8.857180476e-01 
  9.095974565e-01 
  9.168615937e-01 
  8.798871636e-01 
  8.978772163e-01 
  8.836920261e-01 
  8.458535671e-01 
  8.127010465e-01 
  7.780366540e-01 
  7.276030183e-01 
  6.978584528e-01 
  6.604326367e-01 
  6.448896527e-01 
  6.482776999e-01 
  6.571233273e-01 
  6.782506108e-01 
  7.637696862e-01 
  7.686188221e-01 
  7.379979491e-01 
  6.827261448e-01 
  6.742872000e-01 
  6.501221061e-01 
  6.680655479e-01 
  6.750856638e-01 
  6.813331246e-01 
  6.902656555e-01 
  6.885511875e-01 
  6.830874681e-01 
  6.931462288e-01 
  6.721392274e-01 
  6.801041961e-01 
  6.840283275e-01 
  6.263269186e-01 
  6.630281806e-01 
  6.928132176e-01 
  6.995071173e-01 
  6.939787865e-01 
  6.830620170e-01 
  6.703141332e-01 
  6.732635498e-01 
  6.862469316e-01 
  6.780313849e-01 
  6.818927526e-01 
  6.603617072e-01 
  6.892942786e-01 
  6.999406219e-01 
  7.116854787e-01 
  7.112407088e-01 
  7.017337084e-01 
  7.007580400e-01 
  6.848100424e-01 
  6.639650464e-01 
  6.598316431e-01 
  6.708627343e-01 
  6.608408093e-01 
  6.735512614e-01 
  6.538786292e-01 
  6.709403992e-01 
  6.752836704e-01 
  6.685832143e-01 
  6.697415113e-01 
  6.685696840e-01 
  6.690394878e-01 
  6.654836535e-01 
  6.723625064e-01 
  6.618109941e-01 
  6.510171294e-01 
  6.543612480e-01 
  6.587567329e-01 
  6.504991055e-01 
  6.477589607e-01 
  6.500741243e-01 
  6.438016891e-01 
  6.410353184e-01 
  6.384036541e-01 
  6.326394677e-01 
  6.281889677e-01 
  6.208965182e-01 
  6.204446554e-01 
  6.147574782e-01 
  6.056638360e-01 
  5.994669199e-01 
  5.582090616e-01 
  5.853204727e-01 
  5.931672454e-01 
  5.915118456e-01 
  5.832676291e-01 
  5.841096640e-01 
  5.810443163e-01 
  5.798565745e-01 
  5.738842487e-01 
  5.755916834e-01 
  5.627607107e-01 
  5.644261241e-01 
  5.568245649e-01 
  5.614338517e-01 
  5.456401110e-01 
  5.425955057e-01 
  5.463665724e-01 
  5.353140235e-01 
  5.427352786e-01 
  5.374199152e-01 
  5.361516476e-01 
  5.352432132e-01 
  5.296689272e-01 
  5.290266275e-01 
  5.194341540e-01 
  5.230667591e-01 
  5.195924044e-01 
  5.159203410e-01 
  5.044852495e-01 
  5.079053640e-01 
  5.005578995e-01 
  5.050156713e-01 
  4.924177229e-01 
  4.953509271e-01 
  4.954115450e-01 
  4.876112938e-01 
  4.882549942e-01 
  4.877732396e-01 
  4.774735868e-01 
  4.803022146e-01 
  4.763522148e-01 
  4.606578648e-01 
  4.672465026e-01 
  4.699724317e-01 
  4.650123715e-01 
  4.603800774e-01 
  4.585907161e-01 
  4.546200633e-01 
  4.530234635e-01 
  4.465694129e-01 
  4.480396807e-01 
  4.450457990e-01 
  4.424155056e-01 
  4.358611703e-01 
  4.205016792e-01 
  4.340219498e-01 
  4.171660841e-01 
  4.269327819e-01 
  4.179421365e-01 
  4.215618074e-01 
  4.192207754e-01 
  4.048005939e-01 
  4.127129018e-01 
  4.092644155e-01 
  3.769792616e-01 
  3.980243802e-01 
  3.970865011e-01 
  3.966453075e-01 
  3.821730614e-01 
  3.942117989e-01 
  3.810097277e-01 
  3.876940608e-01 
  3.851242959e-01 
  3.844724894e-01 
  3.681835830e-01 
  3.767015934e-01 
  3.615159988e-01 
  3.652304113e-01 
  3.535920680e-01 
  3.651745021e-01 
  3.577432632e-01 
  3.614026308e-01 
  3.394197524e-01 
  3.587947786e-01 
  3.420481980e-01 
  3.478863239e-01 
  3.492001891e-01 
  3.390242159e-01 
  3.318416774e-01 
  3.002290726e-01 
  3.238946199e-01 
  3.214958906e-01 
  3.156925142e-01 
  3.058677018e-01 
  3.010606170e-01 
  3.053596020e-01 
  3.042310774e-01 
  2.902398109e-01 
  3.010302782e-01 
  2.969731987e-01 
  2.935105562e-01 
  2.880539298e-01 
  2.871062458e-01 
  2.854509652e-01 
  2.872983217e-01 
  2.873921394e-01 
  2.816762626e-01 
  2.729372680e-01 
  2.637377381e-01 
  2.635555565e-01 
  2.510080040e-01 
  2.415166944e-01 
  2.308425605e-01 
  2.169461995e-01 
  2.045640796e-01 
  1.974547505e-01 
  1.964635998e-01 
  1.877741814e-01 
  1.918730587e-01 
  1.941623986e-01 
  1.881179661e-01 
  1.833303273e-01 
  1.894367486e-01 
  1.864097416e-01 
  1.935713887e-01 
  2.088260204e-01 
  2.149488777e-01 
  2.083448768e-01 
  1.912830025e-01 
  1.687338948e-01 
  1.718588322e-01 
  1.918715835e-01 
  2.049774975e-01 
  2.077653706e-01 
  2.150362730e-01 
  2.127882242e-01 
  2.018993795e-01 
  2.051816732e-01 
  1.963566691e-01 
  1.894107908e-01 
  1.828313321e-01 
  1.857433766e-01 
  1.915300936e-01 
  1.939963847e-01 
  1.959091574e-01 
  1.944777071e-01 
  1.961840689e-01 
  1.965949982e-01 
  1.977056712e-01 
  1.974049956e-01 
  2.019722760e-01 
  2.030325234e-01 
  2.133595496e-01 
  2.164088935e-01 
  2.157442272e-01 
  2.135307491e-01 
  2.113402337e-01 
  2.206728905e-01 
  2.238654047e-01 
  2.192686796e-01 
  2.229972184e-01 
  2.171026617e-01 
  2.202823758e-01 
  2.212892473e-01 
  2.133191079e-01 
  2.187181860e-01 
  2.200980484e-01 
  2.179877609e-01 
  2.151088864e-01 
  2.145119160e-01 
  2.129652053e-01 
  2.086808681e-01 
  2.136206180e-01 
  2.077915668e-01 
  2.061705291e-01 
  2.077968717e-01 
  2.047248632e-01 
  2.030206025e-01 
  1.906808913e-01 
  1.993518174e-01 
  2.031282485e-01 
  2.006858587e-01 
  1.982690692e-01 
  1.961797178e-01 
  1.851265579e-01 
  1.964359730e-01 
  1.997288615e-01 
  1.992809474e-01 
  1.984014064e-01 
  1.971608996e-01 
  1.930447370e-01 
  1.924401224e-01 
  1.911576092e-01 
  1.839783639e-01 
  1.758841276e-01 
  1.867719740e-01 
  1.875650138e-01 
  1.872170717e-01 
  1.770172268e-01 
  1.794985831e-01 
  1.849857420e-01 
  1.842088997e-01 
  1.852398515e-01 
  1.817015857e-01 
  1.693713367e-01 
  1.799414307e-01 
  1.732764095e-01 
  1.783324778e-01 
  1.792352647e-01 
  1.777457744e-01 
  1.780423671e-01 
  1.779737324e-01 
  1.778935939e-01 
  1.769678444e-01 
  1.748369038e-01 
  1.754886061e-01 
  1.747270674e-01 
  1.732827723e-01 
  1.719738394e-01 
  1.733445972e-01 
  1.719556153e-01 
  1.721704155e-01 
  1.660667509e-01 
  1.710253060e-01 
  1.705167741e-01 
  1.696401685e-01 
  1.692235917e-01 
  1.668070257e-01 
  1.676065624e-01 
  1.668471545e-01 
  1.652668715e-01 
  1.657773852e-01 
  1.653341055e-01 
  1.647146344e-01 
  1.623035818e-01 
  1.610205919e-01 
  1.618649364e-01 
  1.603329778e-01 
  1.579826921e-01 
  1.559233069e-01 
  1.580024809e-01 
  1.561824828e-01 
  1.547424644e-01 
  1.553563774e-01 
  1.542029083e-01 
  1.529812664e-01 
  1.512839198e-01 
  1.501622051e-01 
  1.482558697e-01 
  1.478143781e-01 
  1.468147039e-01 
  1.457666010e-01 
  1.432566196e-01 
  1.426040679e-01 
  1.399261355e-01 
  1.389432400e-01 
  1.374478489e-01 
  1.325346529e-01 
  1.331038624e-01 
  1.302061379e-01 
  1.298825294e-01 
  1.297155470e-01 
  1.262181550e-01 
  1.238207966e-01 
  1.242626309e-01 
  1.272160262e-01 
  1.285113394e-01 
  1.285060942e-01 
  1.286468804e-01 
  1.282704026e-01 
  1.290733367e-01 
  1.291986704e-01 
  1.289647967e-01 
  1.285088509e-01 
  1.274878979e-01 
  1.267688572e-01 
  1.231897995e-01 
  1.093833074e-01 
  1.199536920e-01 
  1.246134117e-01 
  1.253068149e-01 
  1.247758344e-01 
  1.249037907e-01 
  1.227237508e-01 
  1.227974147e-01 
  1.196016148e-01 
  1.210580394e-01 
  1.216825843e-01 
  1.214826778e-01 
  1.187739670e-01 
  1.190045476e-01 
  1.180380881e-01 
  1.164027005e-01 
  1.149850637e-01 
  1.157668903e-01 
  1.148776412e-01 
  1.142236814e-01 
  1.120452881e-01 
  1.100055650e-01 
  1.093557477e-01 
  1.095135882e-01 
  1.091215014e-01 
  1.082120314e-01 
  1.071939245e-01 
  1.059309021e-01 
  1.050708070e-01 
  1.044460610e-01 
  1.028188840e-01 
  9.734693170e-02 
  9.948229045e-02 
  9.626555443e-02 
  9.888386726e-02 
  9.959862381e-02 
  9.684408456e-02 
  9.633833170e-02 
  9.359727800e-02 
  9.223999828e-02 
  9.290453792e-02 
  9.405405074e-02 
  9.444623441e-02 
  9.352813661e-02 
  9.167724848e-02 
  8.821874112e-02 
  8.545725793e-02 
  7.737937570e-02 
  7.663591951e-02 
  7.562728226e-02 
  7.408194989e-02 
  7.681073993e-02 
  7.808291167e-02 
  7.893021405e-02 
  7.823903114e-02 
  7.852161676e-02 
  7.893759757e-02 
  7.829990983e-02 
  7.811039686e-02 
  7.894409448e-02 
  7.860178500e-02 
  7.649861276e-02 
  7.362084836e-02 
  6.709457934e-02 
  6.220175698e-02 
  5.969832465e-02 
  5.581397191e-02 
  5.403398350e-02 
  5.010041222e-02 
  4.826841876e-02 
  4.613731056e-02 
  4.319226369e-02 
  4.156003892e-02 
  3.973456472e-02 
  3.818507120e-02 
  3.627296910e-02 
  3.552221507e-02 
  3.343064710e-02 
  3.163759410e-02 
  3.151082247e-02 
  3.107959218e-02 
  3.140196577e-02 
  3.209316358e-02 
  3.205225989e-02 
  3.236556798e-02 
  3.146180138e-02 
  3.120430745e-02 
  3.060120903e-02 
  3.176543862e-02 
  3.359575942e-02 
  3.629330173e-02 
  3.786421940e-02 
  3.892055526e-02 
  3.860738128e-02 
  3.766054288e-02 
  3.737793490e-02 
  3.573492914e-02 
  3.432533145e-02 
  3.187110275e-02 
  3.025556728e-02 
  2.885954268e-02 
  2.898647264e-02 
  3.010869958e-02 
  3.078853153e-02 
  3.238790110e-02 
  3.430355713e-02 
  3.582990915e-02 
  3.650622070e-02 
  3.591978177e-02 
  3.583215922e-02 
  3.421939164e-02 
  3.280044720e-02 
  3.137505427e-02 
  3.170811012e-02 
  3.313179314e-02 
  3.420358896e-02 
  3.423442692e-02 
  3.367610276e-02 
  3.248015791e-02 
  3.269287944e-02 
  3.410048783e-02 
  3.447377309e-02 
  3.388660401e-02 
  3.397066519e-02 
  3.351674229e-02 
  3.355754539e-02 
  3.435194492e-02 
  3.533871472e-02 
  3.655537590e-02 
  3.785219043e-02 
  3.630631790e-02 
  3.749319166e-02 
  3.766309842e-02 
  3.836191818e-02 
  3.884440288e-02 
  3.920102492e-02 
  3.918838501e-02 
  3.864982352e-02 
  3.870801255e-02 
  4.033959284e-02 
  3.985115141e-02 
  3.971517459e-02 
  3.958963230e-02 
  3.989421204e-02 
  3.822454438e-02 
  3.919967264e-02 
  4.031115770e-02 
  3.966405615e-02 
  3.852981329e-02 
  3.736243770e-02 
  3.739890829e-02 
  3.728888184e-02 
  3.619844094e-02 
  3.720118850e-02 
  3.737893328e-02 
  3.755111992e-02 
  3.808787838e-02 
  3.855281696e-02 
  3.637731820e-02 
  3.830115870e-02 
  3.712233901e-02 
  3.765398636e-02 
  3.798805550e-02 
  3.786091506e-02 
  3.865400702e-02 
  3.883479536e-02 
  3.911148012e-02 
  3.874012828e-02 
  3.790034354e-02 
  3.779667988e-02 
  3.800908104e-02 
  3.998157755e-02 
  4.141601548e-02 
  4.170905799e-02 
  4.245744646e-02 
  4.287899658e-02 
  4.348911718e-02 
  4.287210479e-02 
  4.146512970e-02 
  4.094674438e-02 
  3.960743919e-02 
  3.922954202e-02 
  3.888093680e-02 
  3.867197782e-02 
  3.695771843e-02 
  3.728358820e-02 
  3.574272618e-02 
  3.521630540e-02 
  3.462519124e-02 
  3.489238769e-02 
  3.621977195e-02 
  3.809944168e-02 
  3.822157905e-02 
  3.889388591e-02 
  3.884894401e-02 
  3.843408450e-02 
  3.736454993e-02 
  3.717569634e-02 
  3.755515441e-02 
  3.744600341e-02 
  3.841438890e-02 
  3.769410029e-02 
  3.792179003e-02 
  3.845463693e-02 
  3.820890933e-02 
  3.928676620e-02 
  3.431467339e-02 
  4.074624553e-02 
  4.200708866e-02 
  4.297190532e-02 
  4.198669270e-02 
  4.320466518e-02 
  4.297924787e-02 
  4.297934845e-02 
  4.230557382e-02 
  4.321966693e-02 
  4.414809868e-02 
  4.388245940e-02 
  4.493461549e-02 
  4.462540150e-02 
  4.393144697e-02 
  3.921014071e-02 
  4.087161273e-02 
  4.105780646e-02 
  4.151275009e-02 
  4.369808733e-02 
  4.311151803e-02 
  4.340549186e-02 
  4.404096305e-02 
  4.428291693e-02 
  4.344468564e-02 
  4.330005124e-02 
  4.259524122e-02 
  4.343598336e-02 
  4.295931384e-02 
  4.270287603e-02 
  4.359726980e-02 
  4.310212284e-02 
  4.359517619e-02 
  4.283487052e-02 
  4.247422516e-02 
  4.344254360e-02 
  4.295167699e-02 
  4.181020334e-02 
  4.288600385e-02 
  4.237768427e-02 
  4.262002558e-02 
  4.237252846e-02 
  3.959741071e-02 
  4.223718122e-02 
  4.189658910e-02 
  4.159983620e-02 
  4.087594524e-02 
  4.094462469e-02 
  4.138441011e-02 
  4.144787788e-02 
  4.024364799e-02 
  4.100564122e-02 
  3.942321241e-02 
  4.015557095e-02 
  4.028918967e-02 
  4.008676112e-02 
  4.051433504e-02 
  4.058038443e-02 
  4.051750526e-02 
  4.003636539e-02 
  3.876072541e-02 
  3.965082020e-02 
  3.932960704e-02 
  3.902312368e-02 
  3.958967328e-02 
  3.929310292e-02 
  3.774610534e-02 
  3.827484697e-02 
  3.744288161e-02 
  3.856728226e-02 
  3.816790879e-02 
  3.807164729e-02 
  3.731747717e-02 
  3.809054568e-02 
  3.797876090e-02 
  3.729158267e-02 
  3.641811013e-02 
  3.682012111e-02 
  3.602968901e-02 
  3.581642359e-02 
  3.482139856e-02 
  3.469246626e-02 
  3.360120580e-02 
  3.441346064e-02 
  3.428618982e-02 
  3.368624300e-02 
  3.374989331e-02 
  3.128851578e-02 
  3.352855146e-02 
  3.021394461e-02 
  3.300121054e-02 
  3.313782811e-02 
  3.378844261e-02 
  3.347933292e-02 
  3.279496357e-02 
  3.318790346e-02 
  3.287550434e-02 
  3.381558135e-02 
  3.330640495e-02 
  3.290154040e-02 
  3.234313428e-02 
  2.952861413e-02 
  3.173249960e-02 
  3.094514832e-02 
  3.249332309e-02 
  3.309446946e-02 
  3.271932527e-02 
  3.275519982e-02 
  3.060591221e-02 
  3.161539510e-02 
  3.190669045e-02 
  3.051831760e-02 
  3.076530062e-02 
  2.939625084e-02 
  3.002114408e-02 
  2.976974286e-02 
  3.015208803e-02 
  2.963186987e-02 
  2.947182208e-02 
  2.949626930e-02 
  2.974013425e-02 
  2.955188043e-02 
  2.766701952e-02 
  2.849723771e-02 
  2.880954556e-02 
  2.948646061e-02 
  2.912436053e-02 
  2.961582318e-02 
  2.775755338e-02 
  2.857319452e-02 
  2.939024381e-02 
  2.929534763e-02 
  2.854970843e-02 
  2.810589783e-02 
  2.874193154e-02 
  2.928010374e-02 
  2.942641079e-02 
  2.865646780e-02 
  2.890496142e-02 
  2.879996970e-02 
  2.894580364e-02 
  2.885544300e-02 
  2.797780000e-02 
  2.834531851e-02 
  2.825150639e-02 
  2.780558355e-02 
  2.705000713e-02 
  2.770698071e-02 
  2.752498351e-02 
  2.618115395e-02 
  2.592642233e-02 
  2.554107085e-02 
  2.559353784e-02 
  2.534560859e-02 
  2.525178902e-02 
  2.583078854e-02 
  2.536584623e-02 
  2.534842119e-02 
  2.559033968e-02 
  2.576557547e-02 
  2.558790520e-02 
  2.494083904e-02 
  2.551076747e-02 
  2.488614991e-02 
  2.532991953e-02 
  2.501799352e-02 
  2.523714863e-02 
  2.470845543e-02 
  2.515063062e-02 
  2.490738593e-02 
  2.500890382e-02 
  2.449836023e-02 
  2.472003736e-02 
  2.475560643e-02 
  2.450210974e-02 
  2.426908351e-02 
  2.408455685e-02 
  2.378237993e-02 
  2.362608723e-02 
  2.382256091e-02 
  2.336264402e-02 
  2.337831073e-02 
  2.384087443e-02 
  2.363265119e-02 
  2.246020548e-02 
  2.304382436e-02 
  2.308605425e-02 
  2.281658910e-02 
  2.239559777e-02 
  2.245425247e-02 
  2.252820879e-02 
  2.216702327e-02 
  2.135468461e-02 
  2.056610771e-02 
  2.110916935e-02 
  2.157768980e-02 
  2.192462981e-02 
  2.193542384e-02 
  2.162039094e-02 
  2.165844291e-02 
  2.162047662e-02 
  2.130963840e-02 
  2.124276385e-02 
  2.146660164e-02 
  2.145494148e-02 
  2.132817730e-02 
  2.124779858e-02 
  2.120530605e-02 
  2.103094757e-02 
  2.085199021e-02 
  2.092847042e-02 
  2.074475586e-02 
  2.043535747e-02 
  2.042168751e-02 
  2.030625381e-02 
  1.984755322e-02 
  2.015951090e-02 
  2.020322718e-02 
  1.990642212e-02 
  1.981191896e-02 
  1.921711862e-02 
  1.952243038e-02 
  1.968875714e-02 
  1.815059409e-02 
  1.937125996e-02 
  1.942389086e-02 
  1.937985979e-02 
  1.934733242e-02 
  1.920064911e-02 
  1.897543669e-02 
  1.883060485e-02 
  1.894791611e-02 
  1.847864687e-02 
  1.816544496e-02 
  1.843494363e-02 
  1.747442596e-02 
  1.769665442e-02 
  1.790652052e-02 
  1.804816537e-02 
  1.791941933e-02 
  1.748689450e-02 
  1.780139841e-02 
  1.779506728e-02 
  1.750600711e-02 
  1.727173291e-02 
  1.613457128e-02 
  1.641137898e-02 
  1.647988148e-02 
  1.564478874e-02 
  1.540171821e-02 
  1.611992531e-02 
  1.633347012e-02 
  1.635631546e-02 
  1.594213396e-02 
  1.640596054e-02 
  1.610203087e-02 
  1.629172079e-02 
  1.578050107e-02 
  1.586295292e-02 
  1.543277409e-02 
  1.596825756e-02 
  1.580407470e-02 
  1.573343202e-02 
  1.544383448e-02 
  1.552364323e-02 
  1.553358510e-02 
  1.550323330e-02 
  1.523444708e-02 
  1.536252443e-02 
  1.533847209e-02 
  1.518307999e-02 
  1.521071792e-02 
  1.507314015e-02 
  1.477396023e-02 
  1.437461283e-02 
  1.450383663e-02 
  1.419122517e-02 
  1.440601610e-02 
  1.429935079e-02 
  1.426311675e-02 
  1.402701624e-02 
  1.409909222e-02 
  1.384482440e-02 
  1.383768208e-02 
  1.381075848e-02 
  1.378538739e-02 
  1.347438432e-02 
  1.311220136e-02 
  1.305262465e-02 
  1.268430054e-02 
  1.247255411e-02 
  1.256960537e-02 
  1.247532759e-02 
  1.244197879e-02 
  1.225041319e-02 
  1.204875205e-02 
  1.203175727e-02 
  1.194846909e-02 
  1.201981027e-02 
  1.208945364e-02 
  1.202119142e-02 
  1.169687603e-02 
  1.158138923e-02 
  1.130332798e-02 
  1.111990865e-02 
  1.077975146e-02 
  1.041009743e-02 
  1.047263760e-02 
  1.012854930e-02 
  9.736664593e-03 
  9.749297984e-03 
  9.302739985e-03 
  9.233376011e-03 
  8.672449738e-03 
  8.384782821e-03 
  8.327647112e-03 
  8.415858261e-03 
  8.365334012e-03 
  8.131662384e-03 
  7.993806154e-03 
  7.888297550e-03 
  7.657292299e-03 
  7.327768486e-03 
  7.300251164e-03 
  7.019629702e-03 
  7.018268108e-03 
  6.803548429e-03 
  6.409061607e-03 
  6.306335330e-03 
  5.974099040e-03 
  5.559792276e-03 
  5.797755439e-03 
  5.868454929e-03 
  5.896883085e-03 
  5.804289598e-03 
  5.700975657e-03 
  5.834656768e-03 
  5.503762979e-03 
  5.518804770e-03 
  5.324164405e-03 
  5.262790713e-03 
  4.856611136e-03 
  4.788452759e-03 
  4.764201120e-03 
  4.638456739e-03 
  4.457918461e-03 
  4.433411174e-03 
  4.162936937e-03 
  4.159681965e-03 
  4.077594262e-03 
  3.934082575e-03 
  4.093397874e-03 
  4.114409443e-03 
  4.191977438e-03 
  4.232120235e-03 
  4.084440414e-03 
  4.302226007e-03 
  4.274054430e-03 
  4.225952085e-03 
  3.910855856e-03 
  4.016616382e-03 
  4.069449846e-03 
  4.091691691e-03 
  4.059263039e-03 
  4.024396185e-03 
  3.923665732e-03 
  3.981616814e-03 
  3.979026340e-03 
  3.834613599e-03 
  3.979293630e-03 
  4.033942707e-03 
  4.112192430e-03 
  4.052327015e-03 
  4.245907534e-03 
  4.201877862e-03 
  4.214168526e-03 
  4.159425385e-03 
  4.164761398e-03 
  3.896713722e-03 
  3.821981139e-03 
  3.531549359e-03 
  3.606168088e-03 
  3.332890337e-03 
  3.183780937e-03 
  3.149186261e-03 
  3.156447783e-03 
  3.143053502e-03 
  3.071530489e-03 
  2.848257544e-03 
  3.579653567e-03 
  3.862906247e-03 
  3.935109824e-03 
  3.958491143e-03 
  4.067902919e-03 
  4.137113690e-03 
  4.162637051e-03 
  4.171923269e-03 
  4.138457123e-03 
  3.992011771e-03 
  4.177483730e-03 
  4.110281356e-03 
  4.030908924e-03 
  3.870126326e-03 
  3.991352860e-03 
  3.859675489e-03 
  3.692611586e-03 
  3.831816139e-03 
  3.729704767e-03 
  3.569722641e-03 
  3.544595558e-03 
  3.469110234e-03 
  3.405789612e-03 
  3.357594600e-03 
  3.377784276e-03 
  3.319359152e-03 
  3.335961839e-03 
  3.297723597e-03 
  3.421881003e-03 
  3.427364863e-03 
  3.518210026e-03 
  3.444133792e-03 
  3.502183594e-03 
  3.498444567e-03 
  3.484584158e-03 
  3.374334192e-03 
  3.537643002e-03 
  3.615609603e-03 
  3.583418904e-03 
  3.714201506e-03 
  3.725037910e-03 
  3.807592904e-03 
  3.782778746e-03 
  3.751612734e-03 
  3.893446410e-03 
  3.960311878e-03 
  3.907715436e-03 
  3.975677304e-03 
  3.948334139e-03 
  3.961052746e-03 
  3.965454642e-03 
  3.916769754e-03 
  3.837890457e-03 
  3.981300630e-03 
  3.981431015e-03 
  4.095018376e-03 
  4.019255750e-03 
  4.171558656e-03 
  4.195216578e-03 
  4.242921248e-03 
  4.237860907e-03 
  4.311125260e-03 
  4.110164475e-03 
  4.247143399e-03 
  4.279052373e-03 
  4.311025608e-03 
  4.175468814e-03 
  3.985075280e-03 
  3.736214945e-03 
  3.979463596e-03 
  4.218654707e-03 
  4.259177484e-03 
  4.299767781e-03 
  4.144830164e-03 
  4.016077612e-03 
  4.009857308e-03 
  4.106611945e-03 
  4.032646772e-03 
  4.019083455e-03 
  3.937836736e-03 
  4.026944749e-03 
  4.037334584e-03 
  4.178930074e-03 
  4.138816148e-03 
  4.331674892e-03 
  4.236721434e-03 
  4.360863473e-03 
  4.356866702e-03 
  4.693686031e-03 
  4.569552373e-03 
  4.871295765e-03 
  4.876002669e-03 
  5.057876930e-03 
  5.091981962e-03 
  5.265072454e-03 
  5.212116987e-03 
  5.127732642e-03 
  5.257575307e-03 
  5.496316589e-03 
  5.488092545e-03 
  5.570012610e-03 
  5.275571719e-03 
  5.652063061e-03 
  5.463114940e-03 
  5.613486283e-03 
  5.651753396e-03 
  5.689171143e-03 
  5.615527276e-03 
  5.627895705e-03 
  5.504217464e-03 
  5.519805476e-03 
  5.658597685e-03 
  5.620924756e-03 
  5.593533162e-03 
  5.533921067e-03 
  5.445481744e-03 
  5.212031770e-03 
  5.243541207e-03 
  5.065757781e-03 
  5.054212641e-03 
  4.508269019e-03 
  4.414035473e-03 
  3.893334419e-03 
  3.887147410e-03 
  3.350228537e-03 
  3.348956583e-03 
  3.027600236e-03 
  3.019227879e-03 
  3.046217375e-03 
  2.961250721e-03 
  3.133038990e-03 
  3.124566283e-03 
  3.196131671e-03 
  3.195677185e-03 
  3.217759775e-03 
  3.207589965e-03 
  3.252589609e-03 
  3.214332974e-03 
  3.328650026e-03 
  3.316678340e-03 
  3.502081847e-03 
  3.503439017e-03 
  3.794073360e-03 
  3.758156672e-03 
  3.911956213e-03 
  4.041861743e-03 
  4.340846092e-03 
  4.336250946e-03 
  4.505649675e-03 
  4.537595902e-03 
  4.661513027e-03 
  4.668505862e-03 
  4.680570681e-03 
  4.616786260e-03 
  4.706468433e-03 
  4.775669891e-03 
  4.830874503e-03 
  4.817637149e-03 
  4.669333808e-03 
  4.769499879e-03 
  4.801149946e-03 
  4.534731153e-03 
  4.683502018e-03 
  4.712347873e-03 
  4.668666050e-03 
  4.616213497e-03 
  4.573028535e-03 
  4.563318565e-03 
  4.433847498e-03 
  4.422212020e-03 
  4.389697220e-03 
  4.196662456e-03 
  4.211427644e-03 
  3.990165889e-03 
  3.960371483e-03 
  3.813887713e-03 
  3.752902616e-03 
  3.748954507e-03 
  3.770115087e-03 
  3.800428240e-03 
  3.778451588e-03 
  3.831375157e-03 
  3.825301537e-03 
  3.825722029e-03 
  3.717237851e-03 
  3.819466336e-03 
  3.797932761e-03 
  3.564327955e-03 
  3.766011214e-03 
  3.763361601e-03 
  3.771574236e-03 
  3.732421203e-03 
  3.795534838e-03 
  3.661180148e-03 
  3.869260661e-03 
  3.817584133e-03 
  3.972622100e-03 
  3.959052730e-03 
  4.038725980e-03 
  4.026391543e-03 
  4.077844787e-03 
  4.069089424e-03 
  3.993715160e-03 
  4.068683833e-03 
  4.021340515e-03 
  4.069859162e-03 
  3.991142381e-03 
  4.013405647e-03 
  4.039124586e-03 
  4.064026289e-03 
  4.054311197e-03 
  4.073075950e-03 
  4.071052186e-03 
  4.073638469e-03 
  4.035479389e-03 
  3.874092130e-03 
  4.007915966e-03 
  4.037946463e-03 
  3.903700737e-03 
  4.013562109e-03 
  3.994836938e-03 
  3.981795628e-03 
  3.988105338e-03 
  3.991113044e-03 
  3.979562316e-03 
  3.999138251e-03 
  3.930673935e-03 
  3.983694594e-03 
  3.972810227e-03 
  3.979856148e-03 
  3.960428759e-03 
  3.948905971e-03 
  3.921247087e-03 
  3.822217463e-03 
  3.903851844e-03 
  3.885675222e-03 
  3.858655458e-03 
  3.863376100e-03 
  3.852868220e-03 
  3.819325007e-03 
  3.720751731e-03 
  3.799658502e-03 
  3.817755496e-03 
  3.719355213e-03 
  3.791968105e-03 
  3.752233228e-03 
  3.747679060e-03 
  3.682672046e-03 
  3.755171783e-03 
  3.766668029e-03 
  3.694168292e-03 
  3.763605841e-03 
  3.748095594e-03 
  3.726777853e-03 
  3.742230590e-03 
  3.728543874e-03 
  3.718672553e-03 
  3.700526431e-03 
  3.697850974e-03 
  3.556208685e-03 
  3.670509905e-03 
  3.662891919e-03 
  3.637748305e-03 
  3.626418067e-03 
  3.623028519e-03 
  3.595058108e-03 
  3.570422996e-03 
  3.545326879e-03 
  3.503488377e-03 
  3.441725159e-03 
  3.470222466e-03 
  3.465301124e-03 
  3.416816238e-03 
  3.406341420e-03 
  3.373062704e-03 
  3.358562943e-03 
  3.321218304e-03 
  3.322920064e-03 
  3.315433394e-03 
  3.312181681e-03 
  3.297629068e-03 
  3.286868101e-03 
  3.265607869e-03 
  3.249006113e-03 
  3.239776008e-03 
  3.190455725e-03 
  3.187051741e-03 
  3.136619460e-03 
  3.026601160e-03 
  2.713688184e-03 
  2.963477047e-03 
  3.051641397e-03 
  3.126985161e-03 
  3.118116641e-03 
  3.139509354e-03 
  3.121872433e-03 
  3.127363743e-03 
  3.109888872e-03 
  3.107964294e-03 
  3.083234886e-03 
  3.049104474e-03 
  3.065704834e-03 
  2.942854306e-03 
  3.056040034e-03 
  3.045622027e-03 
  3.012447385e-03 
  2.932832344e-03 
  2.998696407e-03 
  3.000800498e-03 
  2.998769749e-03 
  2.989331260e-03 
  2.908571856e-03 
  2.887144918e-03 
  2.916832222e-03 
  2.945503220e-03 
  2.932111267e-03 
  2.894691424e-03 
  2.881882479e-03 
  2.868085634e-03 
  2.830387559e-03 
  2.814147389e-03 
  2.791077364e-03 
  2.782021184e-03 
  2.766653895e-03 
  2.763772616e-03 
  2.754318994e-03 
  2.779496368e-03 
  2.774968743e-03 
  2.762022428e-03 
  2.688237699e-03 
  2.649196424e-03 
  2.778744558e-03 
  2.716390416e-03 
  2.798836678e-03 
  2.791302046e-03 
  2.777307527e-03 
  2.772211330e-03 
  2.756109228e-03 
  2.750778571e-03 
  2.722753678e-03 
  2.678475808e-03 
  2.706186846e-03 
  2.709945198e-03 
  2.696113195e-03 
  2.686611842e-03 
  2.671109978e-03 
  2.664435422e-03 
  2.653068863e-03 
  2.634907374e-03 
  2.584748436e-03 
  2.587460214e-03 
  2.580963308e-03 
  2.599479631e-03 
  2.566819778e-03 
  2.566121519e-03 
  2.561391564e-03 
  2.549425000e-03 
  2.540107816e-03 
  2.521988470e-03 
  2.507321769e-03 
  2.503996016e-03 
  2.471030923e-03 
  2.414839808e-03 
  2.440323820e-03 
  2.460001502e-03 
  2.450309228e-03 
  2.405258594e-03 
  2.419208409e-03 
  2.415709430e-03 
  2.406239044e-03 
  2.399785677e-03 
  2.330700867e-03 
  2.374997362e-03 
  2.351347823e-03 
  2.344409004e-03 
  2.344052074e-03 
  2.308059949e-03 
  2.246397315e-03 
  2.291689627e-03 
  2.270353725e-03 
  2.266276395e-03 
  2.261620481e-03 
  2.260157373e-03 
  2.239772817e-03 
  2.224856755e-03 
  2.225182252e-03 
  2.142526675e-03 
  2.217423404e-03 
  2.200412098e-03 
  2.169342479e-03 
  2.184688812e-03 
  2.182103228e-03 
  2.173247281e-03 
  2.162985737e-03 
  2.140292432e-03 
  2.156280912e-03 
  2.150090178e-03 
  2.139911754e-03 
  2.104453975e-03 
  2.126658102e-03 
  2.123305108e-03 
  2.118327888e-03 
  2.108055167e-03 
  2.097997582e-03 
  1.991725527e-03 
  2.052880358e-03 
  2.055375837e-03 
  2.048097318e-03 
  2.037131693e-03 
  2.031430136e-03 
  2.031957498e-03 
  2.021382796e-03 
  1.999732573e-03 
  1.996169798e-03 
  1.966162585e-03 
  1.972424099e-03 
  1.965097850e-03 
  1.857671421e-03 
  1.903556986e-03 
  1.892731758e-03 
  1.856203773e-03 
  1.894088811e-03 
  1.896193950e-03 
  1.887846738e-03 
  1.883132616e-03 
  1.901013777e-03 
  1.892079599e-03 
  1.882595709e-03 
  1.899821917e-03 
  1.898520859e-03 
  1.897983719e-03 
  1.894389512e-03 
  1.879052492e-03 
  1.866804203e-03 
  1.869412023e-03 
  1.857444178e-03 
  1.837178948e-03 
  1.823306317e-03 
  1.759664039e-03 
  1.782338368e-03 
  1.761957072e-03 
  1.788666705e-03 
  1.778418897e-03 
  1.752953045e-03 
  1.759161823e-03 
  1.754758647e-03 
  1.668655081e-03 
  1.712035039e-03 
  1.723041059e-03 
  1.701515634e-03 
  1.730844146e-03 
  1.739442931e-03 
  1.722697634e-03 
  1.716777217e-03 
  1.706114272e-03 
  1.692127436e-03 
  1.688051736e-03 
  1.657619025e-03 
  1.631270745e-03 
  1.640017726e-03 
  1.619771472e-03 
  1.608642982e-03 
  1.564333565e-03 
  1.586975413e-03 
  1.586172846e-03 
  1.570291701e-03 
  1.560208038e-03 
  1.553006470e-03 
  1.540065161e-03 
  1.541108359e-03 
  1.529557747e-03 
  1.525182161e-03 
  1.529870788e-03 
  1.517584315e-03 
  1.522542210e-03 
  1.496334211e-03 
  1.447518473e-03 
  1.482632593e-03 
  1.496991492e-03 
  1.508529065e-03 
  1.493779244e-03 
  1.491724281e-03 
  1.515387907e-03 
  1.514122472e-03 
  1.500473823e-03 
  1.484060660e-03 
  1.479463070e-03 
  1.481007086e-03 
  1.448496478e-03 
  1.449025702e-03 
  1.414798666e-03 
  1.405321760e-03 
  1.389519311e-03 
  1.362370676e-03 
  1.375842723e-03 
  1.373957144e-03 
  1.374209183e-03 
  1.304914709e-03 
  1.346202334e-03 
  1.371809281e-03 
  1.365090837e-03 
  1.358771580e-03 
  1.372221974e-03 
  1.365466742e-03 
  1.358880429e-03 
  1.359883230e-03 
  1.292468398e-03 
  1.289599924e-03 
  1.297394396e-03 
  1.304712379e-03 
  1.289257081e-03 
  1.321622753e-03 
  1.314650755e-03 
  1.329235849e-03 
  1.324706594e-03 
  1.319082337e-03 
  1.309987972e-03 
  1.324786339e-03 
  1.310887630e-03 
  1.310058404e-03 
  1.313987654e-03 
  1.302898861e-03 
  1.302809571e-03 
  1.288481057e-03 
  1.283649472e-03 
  1.288028201e-03 
  1.276475261e-03 
  1.257841825e-03 
  1.264031162e-03 
  1.243586768e-03 
  1.232035225e-03 
  1.232136507e-03 
  1.226129010e-03 
  1.207875437e-03 
  1.206998946e-03 
  1.203488908e-03 
  1.186339883e-03 
  1.143143163e-03 
  1.139175147e-03 
  1.099657733e-03 
  1.147373812e-03 
  1.155445352e-03 
  1.185753616e-03 
  1.171123702e-03 
  1.176358317e-03 
  1.189347939e-03 
  1.179028885e-03 
  1.180578722e-03 
  1.174382516e-03 
  1.187240821e-03 
  1.172686694e-03 
  1.170045696e-03 
  1.175997313e-03 
  1.167024951e-03 
  1.152822748e-03 
  1.158050378e-03 
  1.152671059e-03 
  1.115618157e-03 
  1.101568807e-03 
  1.130515477e-03 
  1.121170702e-03 
  1.092455816e-03 
  1.118968008e-03 
  1.099927002e-03 
  1.085360069e-03 
  1.090253005e-03 
  1.059018890e-03 
  1.052008942e-03 
  1.031869557e-03 
  1.000438002e-03 
  1.001082826e-03 
  9.896784322e-04 
  9.880689904e-04 
  9.933522670e-04 
  9.845227469e-04 
  9.824490407e-04 
  9.961203905e-04 
  1.019292278e-03 
  1.007142477e-03 
  1.003738143e-03 
  9.667407139e-04 
  1.015023445e-03 
  1.020360389e-03 
  1.012424473e-03 
  9.966110811e-04 
  9.975779103e-04 
  9.886071784e-04 
  9.761185502e-04 
  9.668689454e-04 
  9.577526944e-04 
  9.362916462e-04 
  9.346780716e-04 
  9.262611857e-04 
  8.539814153e-04 
  8.889685269e-04 
  8.839789080e-04 
  8.692221018e-04 
  8.523390279e-04 
  8.668039227e-04 
  8.249884122e-04 
  8.357012994e-04 
  8.302858332e-04 
  7.662887219e-04 
  7.761256420e-04 
  7.616837393e-04 
  7.379580056e-04 
  7.162516122e-04 
  7.484989474e-04 
  7.198684034e-04 
  7.143002003e-04 
  6.744590355e-04 
  7.035030285e-04 
  7.018042961e-04 
  7.042528596e-04 
  7.003875799e-04 
  7.020403282e-04 
  6.897331332e-04 
  7.036532625e-04 
  6.947468501e-04 
  6.891851081e-04 
  7.025555824e-04 
  6.965609500e-04 
  6.986269727e-04 
  6.895203842e-04 
