  4.904427230e-01 
  1.249766707e+00 
  1.315144658e+00 
  3.281864405e+00 
  3.646154165e+00 
  6.435868263e+00 
  6.923621178e+00 
  1.003506374e+01 
  1.261043167e+01 
  1.333045673e+01 
  1.456003189e+01 
  2.776727486e+01 
  2.337045479e+01 
  2.944485855e+01 
  2.992059708e+01 
  3.542745209e+01 
  2.744309044e+01 
  3.940161514e+01 
  3.796175003e+01 
  4.236345673e+01 
  4.048737335e+01 
  4.981328201e+01 
  4.322231674e+01 
  3.779658508e+01 
  4.710278702e+01 
  5.177194977e+01 
  7.108424377e+01 
  7.104212952e+01 
  5.818859100e+01 
  6.888785553e+01 
  7.142169952e+01 
  5.742132950e+01 
  6.298724747e+01 
  7.076190948e+01 
  5.876174164e+01 
  6.286332321e+01 
  4.692515564e+01 
  4.449764633e+01 
  5.393138885e+01 
  5.394207764e+01 
  6.013980865e+01 
  5.046462250e+01 
  5.254443741e+01 
  5.236380768e+01 
  4.696010971e+01 
  5.996438217e+01 
  6.602512360e+01 
  6.232136917e+01 
  5.822136688e+01 
  6.334332275e+01 
  6.424529266e+01 
  6.051317978e+01 
  6.151399231e+01 
  5.567968369e+01 
  6.376079178e+01 
  6.409979248e+01 
  6.012029266e+01 
  3.811838150e+01 
  4.108515167e+01 
  4.100003433e+01 
  6.032960510e+01 
  4.745275879e+01 
  5.164764404e+01 
  5.450188446e+01 
  5.396589279e+01 
  5.012547302e+01 
  6.824636078e+01 
  6.057295990e+01 
  5.665896606e+01 
  5.405576324e+01 
  6.166211319e+01 
  4.884336853e+01 
  5.099039841e+01 
  5.039013672e+01 
  3.869260406e+01 
  3.513406372e+01 
  4.981375122e+01 
  5.050572968e+01 
  6.470747375e+01 
  4.933813095e+01 
  4.576527786e+01 
  5.087539673e+01 
  3.763867188e+01 
  2.596395111e+01 
  2.826835823e+01 
  4.207094955e+01 
  3.228945923e+01 
  3.663734436e+01 
  3.586330032e+01 
  4.037387085e+01 
  4.835598755e+01 
  5.343415451e+01 
  4.690290070e+01 
  2.483545303e+01 
  2.714412117e+01 
  4.500313187e+01 
  4.574942017e+01 
  1.839008141e+01 
  5.081831741e+01 
  6.018271637e+01 
  5.839884567e+01 
  5.728967285e+01 
  5.992668915e+01 
  5.539947510e+01 
  5.876319504e+01 
  5.319414902e+01 
  5.211355591e+01 
  5.010448837e+01 
  5.358631897e+01 
  5.855698013e+01 
  4.833351898e+01 
  5.603745270e+01 
  5.732901382e+01 
  5.347222137e+01 
  5.181907272e+01 
  5.457333374e+01 
  5.356248093e+01 
  5.128531647e+01 
  4.954554367e+01 
  5.013180542e+01 
  4.190900803e+01 
  5.186180115e+01 
  4.908519745e+01 
  4.094917679e+01 
  4.449388504e+01 
  4.552333069e+01 
  4.323220825e+01 
  4.108442307e+01 
  4.110285950e+01 
  3.694747925e+01 
  2.913255882e+01 
  2.588219452e+01 
  4.603803253e+01 
  4.049831390e+01 
  3.804077911e+01 
  4.090425110e+01 
  4.482921982e+01 
  4.473745346e+01 
  3.961293030e+01 
  3.789178467e+01 
  4.198281097e+01 
  4.136940002e+01 
  4.307536697e+01 
  4.287283325e+01 
  4.211444855e+01 
  4.380247498e+01 
  3.855485153e+01 
  4.348282242e+01 
  4.371590042e+01 
  4.352620316e+01 
  4.398453903e+01 
  4.701211548e+01 
  4.322447968e+01 
  3.968571472e+01 
  4.185036850e+01 
  4.168560791e+01 
  4.223350906e+01 
  4.201194382e+01 
  4.082945251e+01 
  4.038715744e+01 
  3.960828400e+01 
  4.060771179e+01 
  3.952285385e+01 
  3.911513138e+01 
  3.883150864e+01 
  3.786347198e+01 
  3.865448380e+01 
  3.690132904e+01 
  3.865610123e+01 
  3.791564941e+01 
  3.700242233e+01 
  3.655024719e+01 
  3.661122131e+01 
  3.583500290e+01 
  3.574718094e+01 
  3.680519104e+01 
  3.530351257e+01 
  3.461719513e+01 
  3.595095444e+01 
  3.396172333e+01 
  3.427075958e+01 
  3.370979691e+01 
  3.406205750e+01 
  3.374968338e+01 
  3.212221527e+01 
  3.203189087e+01 
  2.571087837e+01 
  2.861009789e+01 
  3.075646210e+01 
  2.830828857e+01 
  3.191020203e+01 
  2.956667328e+01 
  2.813439560e+01 
  3.000506783e+01 
  2.870446587e+01 
  3.038735771e+01 
  2.930756569e+01 
  2.815451050e+01 
  2.722397995e+01 
  2.689697647e+01 
  2.652172661e+01 
  2.567923546e+01 
  2.526777458e+01 
  2.651958847e+01 
  2.443998528e+01 
  2.611175919e+01 
  2.769145203e+01 
  2.552394485e+01 
  2.424950218e+01 
  2.590600014e+01 
  2.486860657e+01 
  2.464529037e+01 
  2.562727547e+01 
  2.323834229e+01 
  2.254129982e+01 
  2.280112267e+01 
  2.373034477e+01 
  1.731958961e+01 
  2.124578667e+01 
  1.994412804e+01 
  2.175746536e+01 
  2.157126999e+01 
  2.222334862e+01 
  2.051468658e+01 
  2.205635452e+01 
  2.168273544e+01 
  2.047794342e+01 
  1.772790909e+01 
  2.110049820e+01 
  2.150568771e+01 
  2.013990784e+01 
  2.172741508e+01 
  2.054419136e+01 
  1.788567734e+01 
  1.927854156e+01 
  1.949711418e+01 
  2.050751495e+01 
  1.886026001e+01 
  1.957142067e+01 
  1.933815384e+01 
  1.876188087e+01 
  1.705662918e+01 
  1.886395264e+01 
  1.789035034e+01 
  1.870960236e+01 
  1.827496529e+01 
  1.771782684e+01 
  1.831519890e+01 
  1.685118294e+01 
  1.758639526e+01 
  1.705882263e+01 
  1.681536484e+01 
  1.739931679e+01 
  1.658376884e+01 
  1.698887444e+01 
  1.690113068e+01 
  1.630486870e+01 
  1.569567013e+01 
  1.616312981e+01 
  1.515721130e+01 
  1.510387516e+01 
  1.646918869e+01 
  1.499802399e+01 
  1.556816101e+01 
  1.522861385e+01 
  1.528797817e+01 
  1.398458958e+01 
  1.488091087e+01 
  1.471447754e+01 
  1.429881382e+01 
  1.426160717e+01 
  1.365404987e+01 
  1.431221867e+01 
  1.434482098e+01 
  1.415818119e+01 
  1.370622444e+01 
  1.335787201e+01 
  1.381644821e+01 
  1.332269287e+01 
  1.313387394e+01 
  1.350020218e+01 
  1.317671490e+01 
  1.328945160e+01 
  1.329376793e+01 
  1.316271496e+01 
  1.298726273e+01 
  1.234451103e+01 
  1.273027325e+01 
  1.251245880e+01 
  1.102190781e+01 
  1.142915916e+01 
  1.205178928e+01 
  1.174233055e+01 
  1.177766895e+01 
  1.180315685e+01 
  1.150125313e+01 
  1.169718456e+01 
  1.164863586e+01 
  1.132822227e+01 
  1.125059605e+01 
  1.117513657e+01 
  1.103416824e+01 
  1.083849144e+01 
  1.083179092e+01 
  1.110177231e+01 
  1.100039864e+01 
  1.080013943e+01 
  1.066777992e+01 
  1.055798244e+01 
  1.038012409e+01 
  1.014610004e+01 
  1.024258137e+01 
  1.004245853e+01 
  9.830433846e+00 
  9.413003922e+00 
  9.798880577e+00 
  9.255464554e+00 
  9.246365547e+00 
  9.618272781e+00 
  9.466630936e+00 
  9.542444229e+00 
  9.641666412e+00 
  9.071652412e+00 
  9.080738068e+00 
  9.029286385e+00 
  8.725294113e+00 
  8.709728241e+00 
  8.786252022e+00 
  8.537445068e+00 
  8.742913246e+00 
  8.396200180e+00 
  8.662755966e+00 
  8.027659416e+00 
  8.568345070e+00 
  8.267272949e+00 
  8.369201660e+00 
  8.027199745e+00 
  8.243918419e+00 
  8.325139999e+00 
  8.207149506e+00 
  7.903236389e+00 
  7.968950748e+00 
  7.826393127e+00 
  7.912067890e+00 
  7.773416996e+00 
  7.788811207e+00 
  7.445734024e+00 
  7.501669884e+00 
  7.444396019e+00 
  7.543611526e+00 
  6.947432995e+00 
  7.437607765e+00 
  7.249289036e+00 
  7.350512028e+00 
  7.209487915e+00 
  6.975857735e+00 
  5.886411190e+00 
  6.244325161e+00 
  6.913921833e+00 
  6.885286331e+00 
  6.898469448e+00 
  6.891369820e+00 
  6.949975967e+00 
  6.830503464e+00 
  6.681860924e+00 
  6.670938969e+00 
  6.711213112e+00 
  6.538760185e+00 
  6.536859035e+00 
  6.591185570e+00 
  6.473435879e+00 
  6.366744041e+00 
  6.308246613e+00 
  6.315671921e+00 
  6.290365696e+00 
  6.157553673e+00 
  6.236565113e+00 
  6.076224327e+00 
  6.140101433e+00 
  6.017342567e+00 
  5.935082436e+00 
  5.905736446e+00 
  5.857956409e+00 
  5.861780167e+00 
  5.720865726e+00 
  5.752035141e+00 
  5.456876278e+00 
  4.927178383e+00 
  5.031598568e+00 
  4.976875305e+00 
  5.042332649e+00 
  5.136680126e+00 
  5.145062447e+00 
  5.136692047e+00 
  5.135147572e+00 
  5.050293446e+00 
  5.099458694e+00 
  5.163251400e+00 
  5.019801617e+00 
  5.010808468e+00 
  4.934584618e+00 
  4.781177998e+00 
  4.740888119e+00 
  4.837043285e+00 
  4.825516701e+00 
  4.809920311e+00 
  4.735913277e+00 
  4.645819664e+00 
  4.762337208e+00 
  4.585021496e+00 
  4.643836021e+00 
  4.590468407e+00 
  4.517888069e+00 
  4.458701611e+00 
  4.503437519e+00 
  4.299448013e+00 
  4.364124775e+00 
  4.092490673e+00 
  3.972288609e+00 
  3.878207922e+00 
  3.845861912e+00 
  3.991428614e+00 
  4.094445705e+00 
  4.022458553e+00 
  3.919977188e+00 
  3.869429588e+00 
  3.836005926e+00 
  3.884647846e+00 
  3.781648636e+00 
  3.646416187e+00 
  3.753443241e+00 
  3.663257122e+00 
  3.774424791e+00 
  3.759891987e+00 
  3.849022150e+00 
  3.785174131e+00 
  3.673608303e+00 
  3.716500998e+00 
  3.707158327e+00 
  3.576191664e+00 
  3.610615015e+00 
  3.574145794e+00 
  3.500800371e+00 
  3.594150543e+00 
  3.613928318e+00 
  3.504858017e+00 
  3.537499189e+00 
  3.573529959e+00 
  3.491158724e+00 
  3.474028826e+00 
  3.403378248e+00 
  3.376397133e+00 
  3.411631584e+00 
  3.361757517e+00 
  3.396377563e+00 
  3.358846426e+00 
  3.275543928e+00 
  3.281736135e+00 
  3.254988194e+00 
  2.945357084e+00 
  1.599470377e+00 
  1.469222069e+00 
  2.166769743e+00 
  1.976426005e+00 
  2.088966846e+00 
  2.350520372e+00 
  2.498343706e+00 
  2.665010214e+00 
  2.863752365e+00 
  2.915209055e+00 
  2.925318718e+00 
  2.932431459e+00 
  2.910467863e+00 
  2.885362148e+00 
  2.902911425e+00 
  2.780087471e+00 
  2.879977465e+00 
  2.845110893e+00 
  2.814972639e+00 
  2.809278250e+00 
  2.759938002e+00 
  2.741452932e+00 
  2.759939194e+00 
  2.681338310e+00 
  2.681826830e+00 
  2.671997786e+00 
  2.607792854e+00 
  2.625150442e+00 
  2.568284273e+00 
  2.555871964e+00 
  2.515722036e+00 
  2.492429733e+00 
  2.442729235e+00 
  2.433381319e+00 
  2.408116102e+00 
  2.375264883e+00 
  2.384609938e+00 
  2.392529011e+00 
  2.393504381e+00 
  2.376624107e+00 
  2.294750452e+00 
  2.326479673e+00 
  2.309380531e+00 
  2.265943766e+00 
  2.278755665e+00 
  2.212662697e+00 
  2.265826941e+00 
  2.241134644e+00 
  2.213473558e+00 
  2.161802292e+00 
  2.137691021e+00 
  2.153703690e+00 
  2.125911474e+00 
  2.094743013e+00 
  2.066555023e+00 
  2.016451836e+00 
  1.966948748e+00 
  1.970117927e+00 
  1.950050116e+00 
  1.895044923e+00 
  1.873431087e+00 
  1.957293630e+00 
  1.869451404e+00 
  1.827080607e+00 
  1.894576788e+00 
  1.917102337e+00 
  1.913554668e+00 
  1.893450499e+00 
  1.858249664e+00 
  1.855874777e+00 
  1.826143146e+00 
  1.787300944e+00 
  1.815844059e+00 
  1.755580306e+00 
  1.778539896e+00 
  1.783792615e+00 
  1.792429805e+00 
  1.768604875e+00 
  1.771235466e+00 
  1.710425854e+00 
  1.748731136e+00 
  1.742041588e+00 
  1.725227475e+00 
  1.710818291e+00 
  1.676923633e+00 
  1.695385337e+00 
  1.702767611e+00 
  1.637651205e+00 
  1.676185608e+00 
  1.671439409e+00 
  1.437404037e+00 
  1.637810349e+00 
  1.568263054e+00 
  1.580411911e+00 
  1.264460802e+00 
  1.385989666e+00 
  1.566379547e+00 
  1.584481597e+00 
  1.552020192e+00 
  1.545149803e+00 
  1.524370909e+00 
  1.517010212e+00 
  1.505006075e+00 
  1.526563644e+00 
  1.516410947e+00 
  1.481218338e+00 
  1.236631989e+00 
  1.310689926e+00 
  1.414833307e+00 
  1.388480783e+00 
  1.438985705e+00 
  1.430262923e+00 
  1.417924285e+00 
  1.416934729e+00 
  1.379410863e+00 
  1.360371232e+00 
  1.365248680e+00 
  1.385993123e+00 
  1.355663300e+00 
  1.352488160e+00 
  1.338281870e+00 
  1.262751698e+00 
  1.326252699e+00 
  1.290116668e+00 
  1.295125604e+00 
  1.302109599e+00 
  1.253118634e+00 
  1.235065222e+00 
  1.266197562e+00 
  1.269008875e+00 
  1.258810759e+00 
  1.245909810e+00 
  1.233499527e+00 
  1.172939777e+00 
  1.202255368e+00 
  1.123749852e+00 
  1.144622922e+00 
  1.095609069e+00 
  1.084622025e+00 
  1.057577968e+00 
  1.029378533e+00 
  9.977194071e-01 
  9.758914709e-01 
  1.058840513e+00 
  1.092581153e+00 
  1.083895802e+00 
  1.035941601e+00 
  1.024668932e+00 
  9.779506326e-01 
  9.575636387e-01 
  9.668148160e-01 
  9.693112373e-01 
  9.624956250e-01 
  9.608905315e-01 
  9.601287842e-01 
  9.464830160e-01 
  9.559589624e-01 
  9.409744740e-01 
  9.374055862e-01 
  9.646019936e-01 
  9.664378166e-01 
  9.378113747e-01 
  9.250457883e-01 
  8.784506917e-01 
  9.021132588e-01 
  9.093140364e-01 
  8.726397753e-01 
  8.904533386e-01 
  8.763394952e-01 
  8.387414217e-01 
  8.057671785e-01 
  7.713029385e-01 
  7.212104797e-01 
  6.916727424e-01 
  6.545286179e-01 
  6.391185522e-01 
  6.424942017e-01 
  6.512569785e-01 
  6.722542048e-01 
  7.572297454e-01 
  7.620801330e-01 
  7.316854596e-01 
  6.768133044e-01 
  6.683556437e-01 
  6.443969607e-01 
  6.622103453e-01 
  6.691713929e-01 
  6.753945351e-01 
  6.842684150e-01 
  6.825671196e-01 
  6.771560311e-01 
  6.871752143e-01 
  6.663013697e-01 
  6.742316484e-01 
  6.781638265e-01 
  6.209272146e-01 
  6.573070288e-01 
  6.869476438e-01 
  6.936014295e-01 
  6.881008744e-01 
  6.772714853e-01 
  6.646223664e-01 
  6.675559878e-01 
  6.804933548e-01 
  6.723554134e-01 
  6.761794686e-01 
  6.548325419e-01 
  6.835621595e-01 
  6.941728592e-01 
  7.058428526e-01 
  7.054030299e-01 
  6.959735155e-01 
  6.949996352e-01 
  6.791689992e-01 
  6.584790349e-01 
  6.543685198e-01 
  6.653218269e-01 
  6.554034352e-01 
  6.680079103e-01 
  6.485027671e-01 
  6.654447317e-01 
  6.697570682e-01 
  6.631073952e-01 
  6.642665267e-01 
  6.631145477e-01 
  6.635863185e-01 
  6.600670815e-01 
  6.668933034e-01 
  6.564283967e-01 
  6.457226872e-01 
  6.490402222e-01 
  6.534028649e-01 
  6.452130675e-01 
  6.424900293e-01 
  6.447896957e-01 
  6.385707855e-01 
  6.358265877e-01 
  6.332145333e-01 
  6.274957061e-01 
  6.230802536e-01 
  6.158474684e-01 
  6.153999567e-01 
  6.097545624e-01 
  6.007356048e-01 
  5.945912600e-01 
  5.536697507e-01 
  5.805606246e-01 
  5.883426070e-01 
  5.866971612e-01 
  5.785156488e-01 
  5.793523192e-01 
  5.763161182e-01 
  5.751395226e-01 
  5.692129731e-01 
  5.709072351e-01 
  5.581806302e-01 
  5.598320365e-01 
  5.522927642e-01 
  5.568639636e-01 
  5.411957502e-01 
  5.381766558e-01 
  5.419185758e-01 
  5.309567451e-01 
  5.383156538e-01 
  5.330423117e-01 
  5.317828655e-01 
  5.308836102e-01 
  5.253534317e-01 
  5.247166753e-01 
  5.152031183e-01 
  5.188072324e-01 
  5.153614879e-01 
  5.117195249e-01 
  5.003775358e-01 
  5.037696362e-01 
  4.964818954e-01 
  5.009024143e-01 
  4.884065688e-01 
  4.913159311e-01 
  4.913751185e-01 
  4.836374819e-01 
  4.842752218e-01 
  4.837969244e-01 
  4.735808969e-01 
  4.763856828e-01 
  4.724664092e-01 
  4.568989575e-01 
  4.634324014e-01 
  4.661340714e-01 
  4.612122774e-01 
  4.566164315e-01 
  4.548403919e-01 
  4.509007633e-01 
  4.493160844e-01 
  4.429130554e-01 
  4.443693757e-01 
  4.413980842e-01 
  4.387866259e-01 
  4.322830439e-01 
  4.170486331e-01 
  4.304571748e-01 
  4.137391746e-01 
  4.234232903e-01 
  4.145050645e-01 
  4.180932641e-01 
  4.157707393e-01 
  4.014690518e-01 
  4.093154669e-01 
  4.058978558e-01 
  3.738791049e-01 
  3.947526813e-01 
  3.938229084e-01 
  3.933854997e-01 
  3.790330291e-01 
  3.909741640e-01 
  3.778827786e-01 
  3.845123351e-01 
  3.819634616e-01 
  3.813164830e-01 
  3.651618958e-01 
  3.736071289e-01 
  3.585466444e-01 
  3.622324765e-01 
  3.506883979e-01 
  3.621741235e-01 
  3.547996879e-01 
  3.584302962e-01 
  3.366332054e-01 
  3.558496535e-01 
  3.392348289e-01 
  3.450239301e-01 
  3.463282883e-01 
  3.362331986e-01 
  3.291030824e-01 
  2.977487147e-01 
  3.212192059e-01 
  3.188404441e-01 
  3.130835891e-01 
  3.033229411e-01 
  2.985382676e-01 
  3.028025329e-01 
  3.016860187e-01 
  2.878104448e-01 
  2.985120416e-01 
  2.944855094e-01 
  2.910434008e-01 
  2.856236100e-01 
  2.846859097e-01 
  2.830457687e-01 
  2.848840654e-01 
  2.849752307e-01 
  2.793030739e-01 
  2.706192732e-01 
  2.614718974e-01 
  2.612834871e-01 
  2.488177270e-01 
  2.393960059e-01 
  2.287919521e-01 
  2.149997056e-01 
  2.027186453e-01 
  1.956624240e-01 
  1.946777999e-01 
  1.860578060e-01 
  1.901239753e-01 
  1.923958808e-01 
  1.864046156e-01 
  1.816599071e-01 
  1.877116561e-01 
  1.847140193e-01 
  1.918208003e-01 
  2.069619596e-01 
  2.130377442e-01 
  2.064821720e-01 
  1.895570159e-01 
  1.671865880e-01 
  1.702844054e-01 
  1.901432425e-01 
  2.031488270e-01 
  2.059318721e-01 
  2.131473571e-01 
  2.109145820e-01 
  2.001142949e-01 
  2.033647597e-01 
  1.946101189e-01 
  1.877181232e-01 
  1.811863035e-01 
  1.840748489e-01 
  1.898187548e-01 
  1.922712922e-01 
  1.941708177e-01 
  1.927530915e-01 
  1.944505572e-01 
  1.948610097e-01 
  1.959665418e-01 
  1.956681311e-01 
  2.002047300e-01 
  2.012669444e-01 
  2.115332037e-01 
  2.145703137e-01 
  2.139229625e-01 
  2.117328644e-01 
  2.095704377e-01 
  2.188320160e-01 
  2.220055461e-01 
  2.174484283e-01 
  2.211472690e-01 
  2.153034359e-01 
  2.184579074e-01 
  2.194561213e-01 
  2.115530521e-01 
  2.169083208e-01 
  2.182789147e-01 
  2.161848396e-01 
  2.133285701e-01 
  2.127365917e-01 
  2.112058103e-01 
  2.069596201e-01 
  2.118572146e-01 
  2.060735226e-01 
  2.044658512e-01 
  2.060776800e-01 
  2.030284256e-01 
  2.013356090e-01 
  1.890985966e-01 
  1.976990551e-01 
  2.014477849e-01 
  1.990245283e-01 
  1.966241300e-01 
  1.945513338e-01 
  1.835921109e-01 
  1.948133260e-01 
  1.980806291e-01 
  1.976387054e-01 
  1.967658848e-01 
  1.955352873e-01 
  1.914508939e-01 
  1.908515096e-01 
  1.895785034e-01 
  1.824582815e-01 
  1.744296402e-01 
  1.852281690e-01 
  1.860143989e-01 
  1.856671721e-01 
  1.755494028e-01 
  1.780094206e-01 
  1.834547371e-01 
  1.826864034e-01 
  1.837098598e-01 
  1.802009046e-01 
  1.679720730e-01 
  1.784545630e-01 
  1.718448251e-01 
  1.768597513e-01 
  1.777569205e-01 
  1.762796044e-01 
  1.765742004e-01 
  1.765071005e-01 
  1.764279902e-01 
  1.755091697e-01 
  1.733949631e-01 
  1.740415543e-01 
  1.732868850e-01 
  1.718549877e-01 
  1.705569029e-01 
  1.719176918e-01 
  1.705404520e-01 
  1.707537323e-01 
  1.647008210e-01 
  1.696190983e-01 
  1.691150665e-01 
  1.682459712e-01 
  1.678327918e-01 
  1.654358357e-01 
  1.662285179e-01 
  1.654745936e-01 
  1.639071256e-01 
  1.644133776e-01 
  1.639736295e-01 
  1.633588374e-01 
  1.609673649e-01 
  1.596943587e-01 
  1.605310738e-01 
  1.590110064e-01 
  1.566796750e-01 
  1.546362191e-01 
  1.566975564e-01 
  1.548917294e-01 
  1.534627080e-01 
  1.540706158e-01 
  1.529257298e-01 
  1.517132372e-01 
  1.500287503e-01 
  1.489152014e-01 
  1.470236033e-01 
  1.465840340e-01 
  1.455910802e-01 
  1.445501447e-01 
  1.420591027e-01 
  1.414102316e-01 
  1.387522072e-01 
  1.377750784e-01 
  1.362896711e-01 
  1.314140409e-01 
  1.319765151e-01 
  1.291019619e-01 
  1.287804246e-01 
  1.286132038e-01 
  1.251436919e-01 
  1.227646396e-01 
  1.232018024e-01 
  1.261352748e-01 
  1.274222881e-01 
  1.274195015e-01 
  1.275611669e-01 
  1.271901727e-01 
  1.279880553e-01 
  1.281139702e-01 
  1.278836429e-01 
  1.274331957e-01 
  1.264221072e-01 
  1.257106215e-01 
  1.221628413e-01 
  1.084725633e-01 
  1.189561039e-01 
  1.235780716e-01 
  1.242665723e-01 
  1.237405464e-01 
  1.238677353e-01 
  1.217050627e-01 
  1.217782050e-01 
  1.186093464e-01 
  1.200543195e-01 
  1.206746176e-01 
  1.204768941e-01 
  1.177903637e-01 
  1.180184782e-01 
  1.170593277e-01 
  1.154369563e-01 
  1.140313894e-01 
  1.148069426e-01 
  1.139251441e-01 
  1.132764444e-01 
  1.111156866e-01 
  1.090911776e-01 
  1.084461361e-01 
  1.086024269e-01 
  1.082133874e-01 
  1.073111147e-01 
  1.063002646e-01 
  1.050460115e-01 
  1.041928902e-01 
  1.035732552e-01 
  1.019572690e-01 
  9.652812034e-02 
  9.864261746e-02 
  9.545430541e-02 
  9.805251658e-02 
  9.876126051e-02 
  9.602674097e-02 
  9.552013874e-02 
  9.279639274e-02 
  9.144858271e-02 
  9.211144596e-02 
  9.325543791e-02 
  9.364651889e-02 
  9.273497760e-02 
  9.089592844e-02 
  8.745870739e-02 
  8.471358567e-02 
  7.669658214e-02 
  7.595663518e-02 
  7.495502383e-02 
  7.342397422e-02 
  7.613024861e-02 
  7.739333808e-02 
  7.823484391e-02 
  7.755029202e-02 
  7.783047855e-02 
  7.824420184e-02 
  7.761245966e-02 
  7.742598653e-02 
  7.825118303e-02 
  7.791208476e-02 
  7.582205534e-02 
  7.296494395e-02 
  6.648848951e-02 
  6.163472682e-02 
  5.915184692e-02 
  5.530069023e-02 
  5.353670940e-02 
  4.963867739e-02 
  4.782368243e-02 
  4.571236297e-02 
  4.279468581e-02 
  4.117764905e-02 
  3.936917707e-02 
  3.783406317e-02 
  3.593958169e-02 
  3.519589826e-02 
  3.312391043e-02 
  3.134744242e-02 
  3.122182749e-02 
  3.079454228e-02 
  3.111392446e-02 
  3.179873154e-02 
  3.175815567e-02 
  3.206850216e-02 
  3.117315657e-02 
  3.091810644e-02 
  3.032053076e-02 
  3.147390857e-02 
  3.328702226e-02 
  3.595953062e-02 
  3.751562163e-02 
  3.856208175e-02 
  3.825173900e-02 
  3.731365874e-02 
  3.703374788e-02 
  3.540612385e-02 
  3.400978073e-02 
  3.157833964e-02 
  2.997802012e-02 
  2.859487012e-02 
  2.872063592e-02 
  2.983239479e-02 
  3.050573543e-02 
  3.209020942e-02 
  3.398791701e-02 
  3.549994901e-02 
  3.616995737e-02 
  3.558889776e-02 
  3.550214320e-02 
  3.390448540e-02 
  3.249884769e-02 
  3.108667210e-02 
  3.141662478e-02 
  3.282701224e-02 
  3.388869762e-02 
  3.391922265e-02 
  3.336613998e-02 
  3.218123689e-02 
  3.239199892e-02 
  3.378646076e-02 
  3.415625542e-02 
  3.357453272e-02 
  3.365784511e-02 
  3.320816159e-02 
  3.324865550e-02 
  3.403559700e-02 
  3.501322120e-02 
  3.621843457e-02 
  3.750324622e-02 
  3.597161919e-02 
  3.714767098e-02 
  3.731600940e-02 
  3.800858185e-02 
  3.848672658e-02 
  3.884025663e-02 
  3.882775456e-02 
  3.829430044e-02 
  3.835203126e-02 
  3.996919841e-02 
  3.948553652e-02 
  3.935105354e-02 
  3.922663257e-02 
  3.952827677e-02 
  3.787394986e-02 
  3.884040937e-02 
  3.994163871e-02 
  3.930013999e-02 
  3.817486763e-02 
  3.701583296e-02 
  3.705074638e-02 
  3.694185615e-02 
  3.586191311e-02 
  3.685604036e-02 
  3.703233972e-02 
  3.720294684e-02 
  3.773540258e-02 
  3.819654509e-02 
  3.604195639e-02 
  3.794878721e-02 
  3.678103909e-02 
  3.730782866e-02 
  3.763942793e-02 
  3.751381859e-02 
  3.830047324e-02 
  3.848046809e-02 
  3.875504434e-02 
  3.838697448e-02 
  3.755451366e-02 
  3.745222837e-02 
  3.766392916e-02 
  3.962054476e-02 
  4.104433209e-02 
  4.133621603e-02 
  4.207944497e-02 
  4.249747097e-02 
  4.310254380e-02 
  4.249000922e-02 
  4.109473526e-02 
  4.058048874e-02 
  3.925188631e-02 
  3.887738660e-02 
  3.853151947e-02 
  3.832355514e-02 
  3.662374243e-02 
  3.694595397e-02 
  3.541828319e-02 
  3.489550203e-02 
  3.430933133e-02 
  3.457516804e-02 
  3.589218110e-02 
  3.775739297e-02 
  3.788040951e-02 
  3.854681924e-02 
  3.850228712e-02 
  3.809060156e-02 
  3.703010827e-02 
  3.684215620e-02 
  3.721885011e-02 
  3.711161017e-02 
  3.807249665e-02 
  3.735893220e-02 
  3.758476675e-02 
  3.811275959e-02 
  3.787025437e-02 
  3.894057870e-02 
  3.401252255e-02 
  4.039063305e-02 
  4.164386541e-02 
  4.260254279e-02 
  4.162621126e-02 
  4.283512011e-02 
  4.261180386e-02 
  4.261342064e-02 
  4.194781557e-02 
  4.285435006e-02 
  4.377682880e-02 
  4.351495951e-02 
  4.455937445e-02 
  4.425249994e-02 
  4.356395081e-02 
  3.888183832e-02 
  4.052978009e-02 
  4.071534798e-02 
  4.116656259e-02 
  4.333447292e-02 
  4.275318235e-02 
  4.304515570e-02 
  4.367548972e-02 
  4.391575977e-02 
  4.308465123e-02 
  4.294133559e-02 
  4.224236310e-02 
  4.307635501e-02 
  4.260371253e-02 
  4.234956950e-02 
  4.323692247e-02 
  4.274624214e-02 
  4.323570058e-02 
  4.248188436e-02 
  4.212422296e-02 
  4.308461025e-02 
  4.259767011e-02 
  4.146549106e-02 
  4.253239930e-02 
  4.202832282e-02 
  4.226871207e-02 
  4.202326015e-02 
  3.927100077e-02 
  4.188892618e-02 
  4.155106470e-02 
  4.125670344e-02 
  4.053883255e-02 
  4.060706869e-02 
  4.104323313e-02 
  4.110632837e-02 
  3.991213441e-02 
  4.066791385e-02 
  3.909854963e-02 
  3.982494771e-02 
  3.995745629e-02 
  3.975683451e-02 
  4.018107429e-02 
  4.024678469e-02 
  4.018431157e-02 
  3.970724717e-02 
  3.844217956e-02 
  3.932495788e-02 
  3.900644183e-02 
  3.870249912e-02 
  3.926441446e-02 
  3.897023574e-02 
  3.743594885e-02 
  3.796039894e-02 
  3.713529930e-02 
  3.825047985e-02 
  3.785435855e-02 
  3.775884584e-02 
  3.701087087e-02 
  3.777754307e-02 
  3.766665235e-02 
  3.698501363e-02 
  3.611848503e-02 
  3.651709110e-02 
  3.573316336e-02 
  3.552103043e-02 
  3.453334048e-02 
  3.440447152e-02 
  3.332151845e-02 
  3.412700817e-02 
  3.400054947e-02 
  3.340579197e-02 
  3.346928954e-02 
  3.102859110e-02 
  3.325001523e-02 
  2.996303327e-02 
  3.272727504e-02 
  3.286300227e-02 
  3.350866213e-02 
  3.320211172e-02 
  3.252391517e-02 
  3.291407228e-02 
  3.260464966e-02 
  3.353727236e-02 
  3.303228691e-02 
  3.263096511e-02 
  3.207703307e-02 
  2.928576432e-02 
  3.147153184e-02 
  3.069065697e-02 
  3.222608939e-02 
  3.282222524e-02 
  3.245024383e-02 
  3.248554096e-02 
  3.035394847e-02 
  3.135466203e-02 
  3.164288774e-02 
  3.026523255e-02 
  3.050956503e-02 
  2.915189601e-02 
  2.977139875e-02 
  2.952223085e-02 
  2.990167029e-02 
  2.938576788e-02 
  2.922716178e-02 
  2.925133891e-02 
  2.949313819e-02 
  2.930644713e-02 
  2.743733674e-02 
  2.826097421e-02 
  2.857111581e-02 
  2.924281359e-02 
  2.888370678e-02 
  2.937140688e-02 
  2.752869017e-02 
  2.833781391e-02 
  2.914812975e-02 
  2.905419841e-02 
  2.831485868e-02 
  2.787463181e-02 
  2.850543149e-02 
  2.903925069e-02 
  2.918439917e-02 
  2.842084132e-02 
  2.866723388e-02 
  2.856312878e-02 
  2.870772779e-02 
  2.861808613e-02 
  2.774763666e-02 
  2.811212838e-02 
  2.801904269e-02 
  2.757675946e-02 
  2.682732232e-02 
  2.747888677e-02 
  2.729847282e-02 
  2.596556209e-02 
  2.571292594e-02 
  2.533059195e-02 
  2.538252249e-02 
  2.513658442e-02 
  2.504353411e-02 
  2.561776340e-02 
  2.515667677e-02 
  2.513940260e-02 
  2.537932619e-02 
  2.555311471e-02 
  2.537688613e-02 
  2.473516390e-02 
  2.530039102e-02 
  2.468096837e-02 
  2.512113936e-02 
  2.481187508e-02 
  2.502922341e-02 
  2.450497448e-02 
  2.494357713e-02 
  2.470233291e-02 
  2.480307221e-02 
  2.429675683e-02 
  2.451658808e-02 
  2.455186471e-02 
  2.430038899e-02 
  2.406921424e-02 
  2.388613857e-02 
  2.358645014e-02 
  2.343145944e-02 
  2.362643369e-02 
  2.317030169e-02 
  2.318576537e-02 
  2.364459261e-02 
  2.343809046e-02 
  2.227529697e-02 
  2.285410836e-02 
  2.289612778e-02 
  2.262887731e-02 
  2.221133932e-02 
  2.226951346e-02 
  2.234271169e-02 
  2.198449709e-02 
  2.117885649e-02 
  2.039678022e-02 
  2.093536779e-02 
  2.140001766e-02 
  2.174410038e-02 
  2.175478637e-02 
  2.144234627e-02 
  2.148021013e-02 
  2.144253626e-02 
  2.113425173e-02 
  2.106788941e-02 
  2.128988504e-02 
  2.127831802e-02 
  2.115260251e-02 
  2.107288502e-02 
  2.103072964e-02 
  2.085780539e-02 
  2.068031579e-02 
  2.075617388e-02 
  2.057396993e-02 
  2.026713081e-02 
  2.025359310e-02 
  2.013910748e-02 
  1.968416013e-02 
  1.999349892e-02 
  2.003685385e-02 
  1.974244416e-02 
  1.964868791e-02 
  1.905879937e-02 
  1.936159469e-02 
  1.952654868e-02 
  1.800105348e-02 
  1.921166107e-02 
  1.926382631e-02 
  1.922016963e-02 
  1.918790303e-02 
  1.904243790e-02 
  1.881909370e-02 
  1.867545024e-02 
  1.879174076e-02 
  1.832622103e-02 
  1.801559702e-02 
  1.828278229e-02 
  1.733009890e-02 
  1.755048521e-02 
  1.775866188e-02 
  1.789919659e-02 
  1.777150668e-02 
  1.734253950e-02 
  1.765447855e-02 
  1.764819399e-02 
  1.736141928e-02 
  1.712900400e-02 
  1.600123011e-02 
  1.627571136e-02 
  1.634351537e-02 
  1.551532559e-02 
  1.527423225e-02 
  1.598646119e-02 
  1.619822532e-02 
  1.622080989e-02 
  1.581003703e-02 
  1.627001725e-02 
  1.596854255e-02 
  1.615660824e-02 
  1.564962044e-02 
  1.573130116e-02 
  1.530474424e-02 
  1.583576947e-02 
  1.567299664e-02 
  1.560291089e-02 
  1.531571522e-02 
  1.539481245e-02 
  1.540460344e-02 
  1.537450496e-02 
  1.510782912e-02 
  1.523485221e-02 
  1.521099918e-02 
  1.505693235e-02 
  1.508434024e-02 
  1.494782604e-02 
  1.465093531e-02 
  1.425491273e-02 
  1.438288949e-02 
  1.407253463e-02 
  1.428552810e-02 
  1.417966746e-02 
  1.414376590e-02 
  1.390964072e-02 
  1.398106478e-02 
  1.372882351e-02 
  1.372173894e-02 
  1.369484514e-02 
  1.366963424e-02 
  1.336067915e-02 
  1.300104801e-02 
  1.294192392e-02 
  1.257629134e-02 
  1.236598287e-02 
  1.246220618e-02 
  1.236839220e-02 
  1.233514678e-02 
  1.214522496e-02 
  1.194488443e-02 
  1.192803495e-02 
  1.184549555e-02 
  1.191614754e-02 
  1.198519021e-02 
  1.191748306e-02 
  1.159517560e-02 
  1.148069371e-02 
  1.120439172e-02 
  1.102241408e-02 
  1.068456471e-02 
  1.031781174e-02 
  1.037979871e-02 
  1.003814489e-02 
  9.649449959e-03 
  9.661970660e-03 
  9.218691848e-03 
  9.149955586e-03 
  8.593699895e-03 
  8.308351971e-03 
  8.251737803e-03 
  8.339106105e-03 
  8.288958110e-03 
  8.057255298e-03 
  7.920619100e-03 
  7.816005498e-03 
  7.586956955e-03 
  7.260407787e-03 
  7.233142387e-03 
  6.955034565e-03 
  6.953686010e-03 
  6.740939803e-03 
  6.350066978e-03 
  6.248285528e-03 
  5.919122603e-03 
  5.508619361e-03 
  5.744407885e-03 
  5.814476404e-03 
  5.842643324e-03 
  5.750879645e-03 
  5.648516119e-03 
  5.780986510e-03 
  5.453155376e-03 
  5.468058400e-03 
  5.275242031e-03 
  5.214427598e-03 
  4.812029656e-03 
  4.744517617e-03 
  4.720488563e-03 
  4.595902283e-03 
  4.417020362e-03 
  4.392774776e-03 
  4.124818370e-03 
  4.121593665e-03 
  4.040264059e-03 
  3.898064606e-03 
  4.055915866e-03 
  4.076713230e-03 
  4.153570626e-03 
  4.193306435e-03 
  4.046981223e-03 
  4.262753762e-03 
  4.234839696e-03 
  4.187191837e-03 
  3.875003429e-03 
  3.979794215e-03 
  4.032148980e-03 
  4.054186400e-03 
  4.022057634e-03 
  3.987515345e-03 
  3.887708066e-03 
  3.945127595e-03 
  3.942560870e-03 
  3.799467813e-03 
  3.942821641e-03 
  3.996949177e-03 
  4.074451514e-03 
  4.015135579e-03 
  4.206921440e-03 
  4.163294565e-03 
  4.175467417e-03 
  4.121235106e-03 
  4.126521759e-03 
  3.860957455e-03 
  3.786910558e-03 
  3.499206621e-03 
  3.573142458e-03 
  3.302373458e-03 
  3.154633567e-03 
  3.120355541e-03 
  3.127536038e-03 
  3.114264458e-03 
  3.043378238e-03 
  2.822151873e-03 
  3.546769498e-03 
  3.827383043e-03 
  3.898922820e-03 
  3.922061529e-03 
  4.030466545e-03 
  4.099017009e-03 
  4.124307539e-03 
  4.133516923e-03 
  4.100359045e-03 
  3.955273889e-03 
  4.139057826e-03 
  4.072473384e-03 
  3.993859049e-03 
  3.834553994e-03 
  3.954678308e-03 
  3.824211424e-03 
  3.658695379e-03 
  3.796628444e-03 
  3.695454681e-03 
  3.536959412e-03 
  3.512062831e-03 
  3.437286709e-03 
  3.374546999e-03 
  3.326823004e-03 
  3.346827580e-03 
  3.288950771e-03 
  3.305380931e-03 
  3.267493332e-03 
  3.390489612e-03 
  3.395922948e-03 
  3.485923400e-03 
  3.412526799e-03 
  3.470043652e-03 
  3.466339083e-03 
  3.452604637e-03 
  3.343367483e-03 
  3.505174071e-03 
  3.582411446e-03 
  3.550516441e-03 
  3.680066904e-03 
  3.690803656e-03 
  3.772581229e-03 
  3.747995244e-03 
  3.717110492e-03 
  3.857639851e-03 
  3.923876211e-03 
  3.871766152e-03 
  3.939105663e-03 
  3.912011161e-03 
  3.924612422e-03 
  3.928977065e-03 
  3.880739445e-03 
  3.802573076e-03 
  3.944663331e-03 
  3.944783472e-03 
  4.057325423e-03 
  3.982240800e-03 
  4.133154638e-03 
  4.156582057e-03 
  4.203846678e-03 
  4.198791459e-03 
  4.271349404e-03 
  4.072243348e-03 
  4.207876511e-03 
  4.239491187e-03 
  4.271081649e-03 
  4.136781208e-03 
  3.948020283e-03 
  3.701474285e-03 
  3.942338750e-03 
  4.179298412e-03 
  4.219178576e-03 
  4.259422421e-03 
  4.105623346e-03 
  3.978088498e-03 
  3.971514758e-03 
  4.067376722e-03 
  3.993873019e-03 
  3.980439622e-03 
  3.899922827e-03 
  3.988377750e-03 
  3.998667933e-03 
  4.139239900e-03 
  4.099506885e-03 
  4.290866666e-03 
  4.196807742e-03 
  4.320124164e-03 
  4.316164181e-03 
  4.650275223e-03 
  4.527289886e-03 
  4.826699849e-03 
  4.831362981e-03 
  5.012237933e-03 
  5.046035163e-03 
  5.218153354e-03 
  5.165700335e-03 
  5.082575139e-03 
  5.211274605e-03 
  5.448391661e-03 
  5.440267269e-03 
  5.521916319e-03 
  5.230017472e-03 
  5.603584461e-03 
  5.416274536e-03 
  5.565680563e-03 
  5.603621714e-03 
  5.640866701e-03 
  5.567863584e-03 
  5.580212455e-03 
  5.457582418e-03 
  5.473091267e-03 
  5.610720720e-03 
  5.573303439e-03 
  5.546143744e-03 
  5.486877169e-03 
  5.399197806e-03 
  5.167332478e-03 
  5.198572297e-03 
  5.021350924e-03 
  5.009912886e-03 
  4.467329942e-03 
  4.373951815e-03 
  3.856472438e-03 
  3.850346431e-03 
  3.317286260e-03 
  3.316027112e-03 
  2.997194184e-03 
  2.988906810e-03 
  3.015552880e-03 
  2.931441646e-03 
  3.101781476e-03 
  3.093393985e-03 
  3.164486727e-03 
  3.164036665e-03 
  3.186016344e-03 
  3.175947582e-03 
  3.220660146e-03 
  3.182779066e-03 
  3.296256997e-03 
  3.284402890e-03 
  3.468565410e-03 
  3.469909076e-03 
  3.758531762e-03 
  3.722952679e-03 
  3.876133123e-03 
  4.004848655e-03 
  4.301975481e-03 
  4.297422711e-03 
  4.466126673e-03 
  4.497792572e-03 
  4.621232860e-03 
  4.628167022e-03 
  4.640553147e-03 
  4.577314015e-03 
  4.666490946e-03 
  4.735104740e-03 
  4.789997358e-03 
  4.776872229e-03 
  4.629906267e-03 
  4.729226697e-03 
  4.760620184e-03 
  4.496449605e-03 
  4.643931054e-03 
  4.672532901e-03 
  4.629125819e-03 
  4.577117506e-03 
  4.534094594e-03 
  4.524467513e-03 
  4.395723343e-03 
  4.384187516e-03 
  4.351952113e-03 
  4.159938544e-03 
  4.174574744e-03 
  3.954548389e-03 
  3.925019410e-03 
  3.779438790e-03 
  3.719005035e-03 
  3.715019906e-03 
  3.735989099e-03 
  3.766197944e-03 
  3.744419431e-03 
  3.797122976e-03 
  3.791103605e-03 
  3.791614436e-03 
  3.684097435e-03 
  3.785389708e-03 
  3.764048219e-03 
  3.532522125e-03 
  3.732405836e-03 
  3.729779972e-03 
  3.738000756e-03 
  3.699195804e-03 
  3.761927830e-03 
  3.628762439e-03 
  3.835456446e-03 
  3.784231376e-03 
  3.938372713e-03 
  3.924920224e-03 
  4.004248884e-03 
  3.992020153e-03 
  4.043268040e-03 
  4.034586716e-03 
  3.959851805e-03 
  4.034313373e-03 
  3.987370059e-03 
  4.035546910e-03 
  3.957493231e-03 
  3.979631700e-03 
  4.005134571e-03 
  4.029894248e-03 
  4.020260647e-03 
  4.038943909e-03 
  4.036936909e-03 
  4.039578140e-03 
  4.001738038e-03 
  3.841700032e-03 
  3.974459600e-03 
  4.004239570e-03 
  3.871155437e-03 
  3.980101086e-03 
  3.961557522e-03 
  3.948624711e-03 
  3.954911139e-03 
  3.957894165e-03 
  3.946466371e-03 
  3.965879790e-03 
  3.897984512e-03 
  3.950572573e-03 
  3.939779010e-03 
  3.946778364e-03 
  3.927512094e-03 
  3.916093148e-03 
  3.888663836e-03 
  3.790464951e-03 
  3.871421330e-03 
  3.853411879e-03 
  3.826616099e-03 
  3.831297858e-03 
  3.820888931e-03 
  3.787624184e-03 
  3.689882578e-03 
  3.768134397e-03 
  3.786104498e-03 
  3.688519821e-03 
  3.760559717e-03 
  3.721154062e-03 
  3.716637380e-03 
  3.652200103e-03 
  3.724099835e-03 
  3.735534381e-03 
  3.663633484e-03 
  3.732525511e-03 
  3.717142856e-03 
  3.696019296e-03 
  3.711344441e-03 
  3.697770881e-03 
  3.687993158e-03 
  3.669997212e-03 
  3.667350858e-03 
  3.526876681e-03 
  3.640236333e-03 
  3.632680979e-03 
  3.607745050e-03 
  3.596503753e-03 
  3.593142377e-03 
  3.565387335e-03 
  3.540955251e-03 
  3.516037483e-03 
  3.474544734e-03 
  3.413253231e-03 
  3.441514680e-03 
  3.436634084e-03 
  3.388511715e-03 
  3.378123278e-03 
  3.345092759e-03 
  3.330713371e-03 
  3.293675138e-03 
  3.295362927e-03 
  3.287937958e-03 
  3.284719307e-03 
  3.270286834e-03 
  3.259615973e-03 
  3.238531994e-03 
  3.222069237e-03 
  3.212915966e-03 
  3.164004302e-03 
  3.160634311e-03 
  3.110619960e-03 
  3.001518082e-03 
  2.691198373e-03 
  2.938928083e-03 
  3.026362276e-03 
  3.101081122e-03 
  3.092295956e-03 
  3.113511950e-03 
  3.096023807e-03 
  3.101469483e-03 
  3.084139666e-03 
  3.082230687e-03 
  3.057706170e-03 
  3.023855388e-03 
  3.040318144e-03 
  2.918479033e-03 
  3.030726686e-03 
  3.020395292e-03 
  2.987486543e-03 
  2.908531111e-03 
  2.973857569e-03 
  2.975944662e-03 
  2.973941853e-03 
  2.964581130e-03 
  2.884490648e-03 
  2.863245783e-03 
  2.892687451e-03 
  2.921101404e-03 
  2.907820279e-03 
  2.870661439e-03 
  2.857958665e-03 
  2.844276140e-03 
  2.806832315e-03 
  2.790727420e-03 
  2.767807338e-03 
  2.758826362e-03 
  2.743587364e-03 
  2.740744734e-03 
  2.731370274e-03 
  2.756388625e-03 
  2.751898486e-03 
  2.739059972e-03 
  2.665948123e-03 
  2.627230249e-03 
  2.755754394e-03 
  2.693915740e-03 
  2.775701461e-03 
  2.768228995e-03 
  2.754350193e-03 
  2.749296371e-03 
  2.733327448e-03 
  2.728034044e-03 
  2.700240351e-03 
  2.656328958e-03 
  2.683802508e-03 
  2.687529894e-03 
  2.673803829e-03 
  2.664381173e-03 
  2.649008064e-03 
  2.642381703e-03 
  2.631109208e-03 
  2.613086952e-03 
  2.563343616e-03 
  2.566032810e-03 
  2.559576416e-03 
  2.577939536e-03 
  2.545533469e-03 
  2.544841031e-03 
  2.540150192e-03 
  2.528269775e-03 
  2.519029891e-03 
  2.501048148e-03 
  2.486503217e-03 
  2.483205171e-03 
  2.450502478e-03 
  2.394778188e-03 
  2.420043806e-03 
  2.439558040e-03 
  2.429946326e-03 
  2.385260537e-03 
  2.399094868e-03 
  2.395611489e-03 
  2.386220032e-03 
  2.379819984e-03 
  2.311292570e-03 
  2.355220262e-03 
  2.331739524e-03 
  2.324858448e-03 
  2.324504079e-03 
  2.288776916e-03 
  2.227629302e-03 
  2.272519981e-03 
  2.251362661e-03 
  2.247319091e-03 
  2.242687624e-03 
  2.241236856e-03 
  2.221016912e-03 
  2.206225879e-03 
  2.206548583e-03 
  2.124591963e-03 
  2.198861679e-03 
  2.181992633e-03 
  2.151179127e-03 
  2.166396938e-03 
  2.163830912e-03 
  2.155049238e-03 
  2.144873375e-03 
  2.122376580e-03 
  2.138231182e-03 
  2.132089576e-03 
  2.121996135e-03 
  2.086835448e-03 
  2.108865418e-03 
  2.105540130e-03 
  2.100612270e-03 
  2.090425231e-03 
  2.080451930e-03 
  1.975063002e-03 
  2.035706304e-03 
  2.038180362e-03 
  2.030961215e-03 
  2.020087093e-03 
  2.014417434e-03 
  2.014940372e-03 
  2.004453680e-03 
  1.982956193e-03 
  1.979423221e-03 
  1.949643949e-03 
  1.955852844e-03 
  1.948588295e-03 
  1.842034515e-03 
  1.887533697e-03 
  1.876799506e-03 
  1.840575598e-03 
  1.878141775e-03 
  1.880235737e-03 
  1.871958841e-03 
  1.867284300e-03 
  1.885047182e-03 
  1.876187860e-03 
  1.866783248e-03 
  1.883910969e-03 
  1.882620738e-03 
  1.882105717e-03 
  1.878541312e-03 
  1.863332349e-03 
  1.851173351e-03 
  1.853759401e-03 
  1.841891673e-03 
  1.821747050e-03 
  1.807990950e-03 
  1.744818757e-03 
  1.767301583e-03 
  1.747092349e-03 
  1.773630851e-03 
  1.763469190e-03 
  1.738155494e-03 
  1.744332374e-03 
  1.739966334e-03 
  1.654627966e-03 
  1.697643194e-03 
  1.708556898e-03 
  1.687242766e-03 
  1.716325176e-03 
  1.724851667e-03 
  1.708234893e-03 
  1.702364301e-03 
  1.691789948e-03 
  1.677882159e-03 
  1.673840685e-03 
  1.643612515e-03 
  1.617486821e-03 
  1.626158948e-03 
  1.606019679e-03 
  1.594985602e-03 
  1.551052323e-03 
  1.573452610e-03 
  1.572656911e-03 
  1.556874719e-03 
  1.546877087e-03 
  1.539736986e-03 
  1.526884618e-03 
  1.527918736e-03 
  1.516466029e-03 
  1.512130606e-03 
  1.516778953e-03 
  1.504597720e-03 
  1.509546535e-03 
  1.483562286e-03 
  1.435209066e-03 
  1.470024465e-03 
  1.484261360e-03 
  1.495750854e-03 
  1.481125946e-03 
  1.479086932e-03 
  1.502566389e-03 
  1.501311664e-03 
  1.487778616e-03 
  1.471465803e-03 
  1.466907328e-03 
  1.468436327e-03 
  1.436130027e-03 
  1.436654711e-03 
  1.402616617e-03 
  1.393221202e-03 
  1.377554727e-03 
  1.350593870e-03 
  1.363949501e-03 
  1.362079987e-03 
  1.362357521e-03 
  1.293660607e-03 
  1.334590372e-03 
  1.359994872e-03 
  1.353334286e-03 
  1.347069279e-03 
  1.360449707e-03 
  1.353752450e-03 
  1.347218524e-03 
  1.348212827e-03 
  1.281376346e-03 
  1.278537326e-03 
  1.286264975e-03 
  1.293520094e-03 
  1.278217533e-03 
  1.310306136e-03 
  1.303393859e-03 
  1.317875343e-03 
  1.313384739e-03 
  1.307805418e-03 
  1.298813848e-03 
  1.313486020e-03 
  1.299705822e-03 
  1.298891613e-03 
  1.302787568e-03 
  1.291789114e-03 
  1.291697263e-03 
  1.277490985e-03 
  1.272681751e-03 
  1.277023228e-03 
  1.265568775e-03 
  1.247045584e-03 
  1.253181719e-03 
  1.232912764e-03 
  1.221416635e-03 
  1.221516868e-03 
  1.215561060e-03 
  1.197414589e-03 
  1.196545782e-03 
  1.193066128e-03 
  1.176036778e-03 
  1.133215148e-03 
  1.129278215e-03 
  1.090115635e-03 
  1.137417741e-03 
  1.145419199e-03 
  1.175532932e-03 
  1.161029330e-03 
  1.166212023e-03 
  1.179141575e-03 
  1.168910996e-03 
  1.170447445e-03 
  1.164330984e-03 
  1.177079161e-03 
  1.162644709e-03 
  1.160022919e-03 
  1.165923546e-03 
  1.157028018e-03 
  1.142917899e-03 
  1.148100477e-03 
  1.142760157e-03 
  1.105990843e-03 
  1.092062797e-03 
  1.120759756e-03 
  1.111496589e-03 
  1.083029434e-03 
  1.109308214e-03 
  1.090384787e-03 
  1.075944398e-03 
  1.080794842e-03 
  1.049763407e-03 
  1.042814692e-03 
  1.022801967e-03 
  9.916466661e-04 
  9.922857862e-04 
  9.809675394e-04 
  9.793724166e-04 
  9.846091270e-04 
  9.758657543e-04 
  9.738102090e-04 
  9.873614181e-04 
  1.010390348e-03 
  9.983467171e-04 
  9.949719533e-04 
  9.582891362e-04 
  1.006172388e-03 
  1.011462766e-03 
  1.003596000e-03 
  9.878890123e-04 
  9.888473433e-04 
  9.799472755e-04 
  9.675259353e-04 
  9.583578794e-04 
  9.493218968e-04 
  9.280046215e-04 
  9.264054825e-04 
  9.180539055e-04 
  8.463641861e-04 
  8.810391882e-04 
  8.760940982e-04 
  8.614525432e-04 
  8.447204018e-04 
  8.590476355e-04 
  8.175651310e-04 
  8.281817427e-04 
  8.228149964e-04 
  7.593594491e-04 
  7.691074861e-04 
  7.547896821e-04 
  7.312460802e-04 
  7.097371854e-04 
  7.416912704e-04 
  7.132996689e-04 
  7.077822811e-04 
  6.683003157e-04 
  6.970722461e-04 
  6.953890552e-04 
  6.978152669e-04 
  6.939880550e-04 
  6.956257275e-04 
  6.834309897e-04 
  6.972203264e-04 
  6.883954047e-04 
  6.828844780e-04 
  6.961392937e-04 
  6.901994348e-04 
  6.922466564e-04 
  6.832149811e-04 
