  4.699673951e-01 
  1.202471137e+00 
  1.269161463e+00 
  3.180097580e+00 
  3.539157629e+00 
  6.268683910e+00 
  6.755879879e+00 
  9.813833237e+00 
  1.235046196e+01 
  1.307112408e+01 
  1.430939388e+01 
  2.731144524e+01 
  2.301565933e+01 
  2.902689171e+01 
  2.950613213e+01 
  3.498075104e+01 
  2.710620689e+01 
  3.894013977e+01 
  3.753241348e+01 
  4.193261719e+01 
  4.003596878e+01 
  4.934172821e+01 
  4.278022385e+01 
  3.743787384e+01 
  4.668751907e+01 
  5.128119278e+01 
  7.046917725e+01 
  7.043796539e+01 
  5.765756607e+01 
  6.832186127e+01 
  7.083907318e+01 
  5.693065643e+01 
  6.247955322e+01 
  7.019678497e+01 
  5.827970886e+01 
  6.236749649e+01 
  4.655854416e+01 
  4.414337540e+01 
  5.350751877e+01 
  5.352384567e+01 
  5.966691589e+01 
  5.007289124e+01 
  5.213927841e+01 
  5.195941544e+01 
  4.659452057e+01 
  5.950323105e+01 
  6.551947021e+01 
  6.184489059e+01 
  5.777669907e+01 
  6.286068344e+01 
  6.375614548e+01 
  6.005278397e+01 
  6.104553986e+01 
  5.525669479e+01 
  6.327681351e+01 
  6.361335373e+01 
  5.966410828e+01 
  3.782894516e+01 
  4.077317429e+01 
  4.068869400e+01 
  5.987151718e+01 
  4.709315109e+01 
  5.125716019e+01 
  5.409050369e+01 
  5.355897141e+01 
  4.974772644e+01 
  6.773246002e+01 
  6.011705780e+01 
  5.623270416e+01 
  5.364925003e+01 
  6.119857025e+01 
  4.847632217e+01 
  5.060734558e+01 
  5.001170731e+01 
  3.840209579e+01 
  3.487031555e+01 
  4.943979645e+01 
  5.012646866e+01 
  6.422124481e+01 
  4.896719742e+01 
  4.542121506e+01 
  5.049323273e+01 
  3.735625076e+01 
  2.576928329e+01 
  2.805651283e+01 
  4.175575638e+01 
  3.204759598e+01 
  3.636294556e+01 
  3.559471893e+01 
  4.007153320e+01 
  4.799389648e+01 
  5.303405762e+01 
  4.655172348e+01 
  2.464950752e+01 
  2.694088936e+01 
  4.466619110e+01 
  4.540688324e+01 
  1.825238609e+01 
  5.043780899e+01 
  5.973206329e+01 
  5.796151352e+01 
  5.686061859e+01 
  5.947784424e+01 
  5.498450089e+01 
  5.832298279e+01 
  5.279561234e+01 
  5.172307587e+01 
  4.972901917e+01 
  5.318470001e+01 
  5.811805344e+01 
  4.797117233e+01 
  5.561728287e+01 
  5.689908600e+01 
  5.307115173e+01 
  5.143023300e+01 
  5.416379166e+01 
  5.316048431e+01 
  5.090034866e+01 
  4.917356110e+01 
  4.975533676e+01 
  4.159421921e+01 
  5.147216415e+01 
  4.871633911e+01 
  4.064139557e+01 
  4.415937805e+01 
  4.518098831e+01 
  4.290700150e+01 
  4.077528000e+01 
  4.079347992e+01 
  3.666928101e+01 
  2.891312408e+01 
  2.568717384e+01 
  4.569100952e+01 
  4.019293594e+01 
  3.775382614e+01 
  4.059558487e+01 
  4.449080658e+01 
  4.439960480e+01 
  3.931365967e+01 
  3.760541153e+01 
  4.166538620e+01 
  4.105648041e+01 
  4.274939346e+01 
  4.254824448e+01 
  4.179545593e+01 
  4.347052002e+01 
  3.826250839e+01 
  4.315297318e+01 
  4.338421631e+01 
  4.319591141e+01 
  4.365071106e+01 
  4.665522003e+01 
  4.289622879e+01 
  3.938422775e+01 
  4.153231049e+01 
  4.136864471e+01 
  4.191216278e+01 
  4.169208145e+01 
  4.051838684e+01 
  4.007925415e+01 
  3.930611801e+01 
  4.029771423e+01 
  3.922093582e+01 
  3.881612396e+01 
  3.853464890e+01 
  3.757398224e+01 
  3.835891724e+01 
  3.661912155e+01 
  3.836030579e+01 
  3.762528229e+01 
  3.671878815e+01 
  3.626977921e+01 
  3.632994080e+01 
  3.555925369e+01 
  3.547164917e+01 
  3.652089691e+01 
  3.503010941e+01 
  3.434849930e+01 
  3.567181015e+01 
  3.369820023e+01 
  3.400507355e+01 
  3.344861984e+01 
  3.379827118e+01 
  3.348834610e+01 
  3.187343216e+01 
  3.178371811e+01 
  2.551162910e+01 
  2.838835144e+01 
  3.051803589e+01 
  2.808879280e+01 
  3.166272736e+01 
  2.933724022e+01 
  2.791592598e+01 
  2.977191734e+01 
  2.848126602e+01 
  3.015091324e+01 
  2.907923698e+01 
  2.793489075e+01 
  2.701135635e+01 
  2.668664360e+01 
  2.631406784e+01 
  2.547791481e+01 
  2.506942749e+01 
  2.631115341e+01 
  2.424765205e+01 
  2.590600777e+01 
  2.747315788e+01 
  2.532265854e+01 
  2.405819130e+01 
  2.570154381e+01 
  2.467225838e+01 
  2.445060349e+01 
  2.542472458e+01 
  2.305457306e+01 
  2.236294937e+01 
  2.262062263e+01 
  2.354233551e+01 
  1.718222618e+01 
  2.107710457e+01 
  1.978561592e+01 
  2.158436203e+01 
  2.139946365e+01 
  2.204614067e+01 
  2.035090256e+01 
  2.188004684e+01 
  2.150919533e+01 
  2.031385422e+01 
  1.758566475e+01 
  2.093095398e+01 
  2.133264542e+01 
  1.997763062e+01 
  2.155211067e+01 
  2.037822533e+01 
  1.774108124e+01 
  1.912259293e+01 
  1.933932304e+01 
  2.034146500e+01 
  1.870746422e+01 
  1.941276550e+01 
  1.918128586e+01 
  1.860958672e+01 
  1.691807938e+01 
  1.871061325e+01 
  1.774482346e+01 
  1.855728531e+01 
  1.812605476e+01 
  1.757332611e+01 
  1.816569328e+01 
  1.671350288e+01 
  1.744258308e+01 
  1.691918373e+01 
  1.667756462e+01 
  1.725657654e+01 
  1.644756699e+01 
  1.684918976e+01 
  1.676201439e+01 
  1.617050362e+01 
  1.556616688e+01 
  1.602960777e+01 
  1.503184223e+01 
  1.497878742e+01 
  1.633261299e+01 
  1.487345123e+01 
  1.543867493e+01 
  1.510176563e+01 
  1.516042042e+01 
  1.386773014e+01 
  1.475627804e+01 
  1.459077263e+01 
  1.417812824e+01 
  1.414110756e+01 
  1.353869343e+01 
  1.419092369e+01 
  1.422300911e+01 
  1.403782558e+01 
  1.358955956e+01 
  1.324411011e+01 
  1.369882679e+01 
  1.320940018e+01 
  1.302233982e+01 
  1.338576412e+01 
  1.306530952e+01 
  1.317729187e+01 
  1.318169880e+01 
  1.305184078e+01 
  1.287794495e+01 
  1.224065113e+01 
  1.262305260e+01 
  1.240674496e+01 
  1.092824459e+01 
  1.133198071e+01 
  1.194967937e+01 
  1.164261436e+01 
  1.167806530e+01 
  1.170320606e+01 
  1.140352535e+01 
  1.159813023e+01 
  1.154977036e+01 
  1.123213863e+01 
  1.115513134e+01 
  1.108037281e+01 
  1.094055176e+01 
  1.074647808e+01 
  1.073987103e+01 
  1.100764275e+01 
  1.090719128e+01 
  1.070865917e+01 
  1.057744789e+01 
  1.046860504e+01 
  1.029227352e+01 
  1.006025410e+01 
  1.015595150e+01 
  9.957551956e+00 
  9.747347832e+00 
  9.333471298e+00 
  9.716112137e+00 
  9.177308083e+00 
  9.168303490e+00 
  9.537077904e+00 
  9.386714935e+00 
  9.461881638e+00 
  9.560254097e+00 
  8.995036125e+00 
  9.004017830e+00 
  8.952975273e+00 
  8.651525497e+00 
  8.636026382e+00 
  8.711681366e+00 
  8.464353561e+00 
  8.668456078e+00 
  8.324786186e+00 
  8.589221954e+00 
  7.959523678e+00 
  8.495765686e+00 
  8.197405815e+00 
  8.298563957e+00 
  7.959573269e+00 
  8.174573898e+00 
  8.255271912e+00 
  8.138357162e+00 
  7.837095261e+00 
  7.902328968e+00 
  7.761040211e+00 
  7.845974922e+00 
  7.708530426e+00 
  7.723746777e+00 
  7.383406639e+00 
  7.438767910e+00 
  7.381860256e+00 
  7.480391026e+00 
  6.889462471e+00 
  7.375564575e+00 
  7.188618660e+00 
  7.289264679e+00 
  7.149403572e+00 
  6.917647362e+00 
  5.837330341e+00 
  6.192315102e+00 
  6.856436729e+00 
  6.828043461e+00 
  6.841167450e+00 
  6.834234715e+00 
  6.892419815e+00 
  6.773933887e+00 
  6.626557350e+00 
  6.615749836e+00 
  6.655725002e+00 
  6.484729767e+00 
  6.482884407e+00 
  6.536786556e+00 
  6.420030117e+00 
  6.314239502e+00 
  6.256242752e+00 
  6.263623714e+00 
  6.238543510e+00 
  6.106842041e+00 
  6.185217857e+00 
  6.026208878e+00 
  6.089571953e+00 
  5.967830181e+00 
  5.886233807e+00 
  5.857115746e+00 
  5.809737206e+00 
  5.813525200e+00 
  5.673753738e+00 
  5.704695702e+00 
  5.411876678e+00 
  4.884965420e+00 
  4.989034653e+00 
  4.934631824e+00 
  4.999802589e+00 
  5.093703747e+00 
  5.102232933e+00 
  5.093903065e+00 
  5.092298985e+00 
  5.008268833e+00 
  5.057093620e+00 
  5.120636940e+00 
  4.978313923e+00 
  4.969160557e+00 
  4.893606186e+00 
  4.741426468e+00 
  4.701507092e+00 
  4.797051907e+00 
  4.785630226e+00 
  4.770084858e+00 
  4.696703434e+00 
  4.607380867e+00 
  4.722962856e+00 
  4.547171593e+00 
  4.605433464e+00 
  4.552569866e+00 
  4.480644703e+00 
  4.421896935e+00 
  4.466243744e+00 
  4.263866901e+00 
  4.327930450e+00 
  4.058145523e+00 
  3.938688278e+00 
  3.845302343e+00 
  3.813079357e+00 
  3.958036184e+00 
  4.060395241e+00 
  3.988896847e+00 
  3.886950970e+00 
  3.836874962e+00 
  3.803715944e+00 
  3.851993084e+00 
  3.749809742e+00 
  3.615830898e+00 
  3.721941233e+00 
  3.632489443e+00 
  3.742917776e+00 
  3.728689909e+00 
  3.817173958e+00 
  3.753820658e+00 
  3.643119097e+00 
  3.685695887e+00 
  3.676487684e+00 
  3.546626806e+00 
  3.580822468e+00 
  3.544687033e+00 
  3.471958637e+00 
  3.564546108e+00 
  3.584179401e+00 
  3.476021051e+00 
  3.508405685e+00 
  3.544141293e+00 
  3.462460756e+00 
  3.445478916e+00 
  3.375396490e+00 
  3.348636389e+00 
  3.383598328e+00 
  3.334138632e+00 
  3.368476391e+00 
  3.331253052e+00 
  3.248634815e+00 
  3.254773617e+00 
  3.228202343e+00 
  2.920658827e+00 
  1.583057761e+00 
  1.453835249e+00 
  2.146459341e+00 
  1.957230091e+00 
  2.069009304e+00 
  2.329095840e+00 
  2.476877213e+00 
  2.642545700e+00 
  2.839879036e+00 
  2.891083002e+00 
  2.901248693e+00 
  2.908333778e+00 
  2.886560678e+00 
  2.861666679e+00 
  2.879083395e+00 
  2.757275343e+00 
  2.856349707e+00 
  2.821766853e+00 
  2.791870832e+00 
  2.786217690e+00 
  2.737276793e+00 
  2.718947172e+00 
  2.737276077e+00 
  2.659314871e+00 
  2.659789085e+00 
  2.650017738e+00 
  2.586315870e+00 
  2.603512049e+00 
  2.547095060e+00 
  2.534730196e+00 
  2.494905233e+00 
  2.471812487e+00 
  2.422528982e+00 
  2.413275719e+00 
  2.388262510e+00 
  2.355651379e+00 
  2.364850521e+00 
  2.372719765e+00 
  2.373726845e+00 
  2.356973886e+00 
  2.275745869e+00 
  2.307213068e+00 
  2.290250778e+00 
  2.247175455e+00 
  2.259892941e+00 
  2.194370508e+00 
  2.247110367e+00 
  2.222620487e+00 
  2.195176125e+00 
  2.143918991e+00 
  2.119992971e+00 
  2.135847569e+00 
  2.108253479e+00 
  2.077306032e+00 
  2.049304724e+00 
  1.999561191e+00 
  1.950402021e+00 
  1.953545332e+00 
  1.933650255e+00 
  1.879129171e+00 
  1.857766271e+00 
  1.941008329e+00 
  1.853835464e+00 
  1.811649561e+00 
  1.878722548e+00 
  1.901150823e+00 
  1.897617340e+00 
  1.877667427e+00 
  1.842699528e+00 
  1.840364099e+00 
  1.810903192e+00 
  1.772389770e+00 
  1.800697446e+00 
  1.740948439e+00 
  1.763731599e+00 
  1.768971205e+00 
  1.777525663e+00 
  1.753896952e+00 
  1.756519794e+00 
  1.696223497e+00 
  1.734212756e+00 
  1.727567315e+00 
  1.710900664e+00 
  1.696631908e+00 
  1.663027644e+00 
  1.681340337e+00 
  1.688653111e+00 
  1.624081492e+00 
  1.662297010e+00 
  1.657589912e+00 
  1.425488353e+00 
  1.624226570e+00 
  1.555255413e+00 
  1.567310929e+00 
  1.253977656e+00 
  1.374501944e+00 
  1.553396344e+00 
  1.571351886e+00 
  1.539159894e+00 
  1.532354236e+00 
  1.511750221e+00 
  1.504449844e+00 
  1.492547393e+00 
  1.513925314e+00 
  1.503857851e+00 
  1.468957305e+00 
  1.226394773e+00 
  1.299837947e+00 
  1.403117895e+00 
  1.376982689e+00 
  1.427067518e+00 
  1.418416262e+00 
  1.406179905e+00 
  1.405195355e+00 
  1.367980123e+00 
  1.349096894e+00 
  1.353930116e+00 
  1.374500632e+00 
  1.344417214e+00 
  1.341266751e+00 
  1.327174664e+00 
  1.252268076e+00 
  1.315238476e+00 
  1.279403687e+00 
  1.284370780e+00 
  1.291290522e+00 
  1.242699385e+00 
  1.224799037e+00 
  1.255671144e+00 
  1.258460283e+00 
  1.248343229e+00 
  1.235550404e+00 
  1.223229885e+00 
  1.163142443e+00 
  1.192196250e+00 
  1.114304066e+00 
  1.134959459e+00 
  1.086314082e+00 
  1.075397611e+00 
  1.048519492e+00 
  1.020570159e+00 
  9.891645908e-01 
  9.675277472e-01 
  1.049867034e+00 
  1.083374858e+00 
  1.074761748e+00 
  1.027179956e+00 
  1.015942335e+00 
  9.695772529e-01 
  9.493657351e-01 
  9.585440755e-01 
  9.610471725e-01 
  9.542762637e-01 
  9.526180029e-01 
  9.518972039e-01 
  9.383930564e-01 
  9.477943778e-01 
  9.329503179e-01 
  9.294273257e-01 
  9.564399123e-01 
  9.582943320e-01 
  9.299024343e-01 
  9.172437191e-01 
  8.710329533e-01 
  8.944738507e-01 
  9.016098380e-01 
  8.652418852e-01 
  8.828750849e-01 
  8.688334823e-01 
  8.314800262e-01 
  7.986870408e-01 
  7.644269466e-01 
  7.146823406e-01 
  6.853555441e-01 
  6.484988332e-01 
  6.332245469e-01 
  6.365875602e-01 
  6.452657580e-01 
  6.661303639e-01 
  7.505516410e-01 
  7.554035783e-01 
  7.252396941e-01 
  6.707752943e-01 
  6.622983813e-01 
  6.385504603e-01 
  6.562311649e-01 
  6.631318331e-01 
  6.693302989e-01 
  6.781442761e-01 
  6.764565110e-01 
  6.710991263e-01 
  6.810778975e-01 
  6.603402495e-01 
  6.682349443e-01 
  6.721756458e-01 
  6.154136062e-01 
  6.514651179e-01 
  6.809588075e-01 
  6.875717044e-01 
  6.820994020e-01 
  6.713591218e-01 
  6.588108540e-01 
  6.617283225e-01 
  6.746193171e-01 
  6.665608287e-01 
  6.703466773e-01 
  6.491876245e-01 
  6.777105331e-01 
  6.882858276e-01 
  6.998794079e-01 
  6.994448900e-01 
  6.900944710e-01 
  6.891223788e-01 
  6.734113097e-01 
  6.528793573e-01 
  6.487919688e-01 
  6.596661210e-01 
  6.498536468e-01 
  6.623499990e-01 
  6.430159211e-01 
  6.598358750e-01 
  6.641166210e-01 
  6.575188041e-01 
  6.586788893e-01 
  6.575474143e-01 
  6.580213904e-01 
  6.545395255e-01 
  6.613121629e-01 
  6.509355903e-01 
  6.403198838e-01 
  6.436103582e-01 
  6.479393244e-01 
  6.398187876e-01 
  6.371132731e-01 
  6.393971443e-01 
  6.332327724e-01 
  6.305112243e-01 
  6.279193759e-01 
  6.222466826e-01 
  6.178669333e-01 
  6.106951833e-01 
  6.102519631e-01 
  6.046491861e-01 
  5.957065225e-01 
  5.896158218e-01 
  5.490375757e-01 
  5.757034421e-01 
  5.834192038e-01 
  5.817838311e-01 
  5.736662745e-01 
  5.744975805e-01 
  5.714911222e-01 
  5.703259706e-01 
  5.644460917e-01 
  5.661270022e-01 
  5.535067916e-01 
  5.551440120e-01 
  5.476682782e-01 
  5.522006154e-01 
  5.366604924e-01 
  5.336672664e-01 
  5.373796225e-01 
  5.265102386e-01 
  5.338055491e-01 
  5.285751224e-01 
  5.273246765e-01 
  5.264347196e-01 
  5.209496617e-01 
  5.203185678e-01 
  5.108855963e-01 
  5.144606233e-01 
  5.110440254e-01 
  5.074328184e-01 
  4.961858094e-01 
  4.995492995e-01 
  4.923225641e-01 
  4.967049956e-01 
  4.843133688e-01 
  4.871984124e-01 
  4.872561395e-01 
  4.795824587e-01 
  4.802139699e-01 
  4.797393084e-01 
  4.696085751e-01 
  4.723890424e-01 
  4.685010314e-01 
  4.530630708e-01 
  4.595402479e-01 
  4.622170925e-01 
  4.573343992e-01 
  4.527757168e-01 
  4.510132968e-01 
  4.471052587e-01 
  4.455327094e-01 
  4.391816854e-01 
  4.406237900e-01 
  4.376755357e-01 
  4.350832403e-01 
  4.286314547e-01 
  4.135247171e-01 
  4.268191755e-01 
  4.102418721e-01 
  4.198416770e-01 
  4.109973907e-01 
  4.145534039e-01 
  4.122497439e-01 
  3.980690837e-01 
  4.058481753e-01 
  4.024621546e-01 
  3.707152307e-01 
  3.914137781e-01 
  3.904922307e-01 
  3.900586665e-01 
  3.758285344e-01 
  3.876699805e-01 
  3.746916354e-01 
  3.812652826e-01 
  3.787376881e-01 
  3.780956566e-01 
  3.620781004e-01 
  3.704490662e-01 
  3.555162847e-01 
  3.591729105e-01 
  3.477250040e-01 
  3.591120541e-01 
  3.517955244e-01 
  3.553968668e-01 
  3.337893784e-01 
  3.528440297e-01 
  3.363635838e-01 
  3.421026468e-01 
  3.433972597e-01 
  3.333846033e-01 
  3.263079822e-01 
  2.952171564e-01 
  3.184885085e-01 
  3.161302507e-01 
  3.104208112e-01 
  3.007253706e-01 
  2.959632576e-01 
  3.001921177e-01 
  2.990879118e-01 
  2.853304148e-01 
  2.959413528e-01 
  2.919459343e-01 
  2.885246277e-01 
  2.831424475e-01 
  2.822149098e-01 
  2.805902362e-01 
  2.824193239e-01 
  2.825077474e-01 
  2.768802345e-01 
  2.682525516e-01 
  2.591583431e-01 
  2.589634955e-01 
  2.465811372e-01 
  2.372304052e-01 
  2.266978621e-01 
  2.130117863e-01 
  2.008339018e-01 
  1.938318610e-01 
  1.928538829e-01 
  1.843048185e-01 
  1.883375496e-01 
  1.905916631e-01 
  1.846546829e-01 
  1.799538434e-01 
  1.859497428e-01 
  1.829821020e-01 
  1.900329292e-01 
  2.050583214e-01 
  2.110860199e-01 
  2.045798600e-01 
  1.877942532e-01 
  1.656062901e-01 
  1.686764359e-01 
  1.883780807e-01 
  2.012813389e-01 
  2.040594816e-01 
  2.112184018e-01 
  2.090012431e-01 
  1.982913911e-01 
  2.015093416e-01 
  1.928265095e-01 
  1.859894991e-01 
  1.795062423e-01 
  1.823707968e-01 
  1.880710572e-01 
  1.905096024e-01 
  1.923956126e-01 
  1.909919381e-01 
  1.926803142e-01 
  1.930903196e-01 
  1.941906214e-01 
  1.938945353e-01 
  1.983998567e-01 
  1.994641423e-01 
  2.096684128e-01 
  2.126930952e-01 
  2.120635808e-01 
  2.098974138e-01 
  2.077637762e-01 
  2.169529051e-01 
  2.201071829e-01 
  2.155905068e-01 
  2.192590684e-01 
  2.134670317e-01 
  2.165957838e-01 
  2.175851017e-01 
  2.097504884e-01 
  2.150610685e-01 
  2.164222747e-01 
  2.143446803e-01 
  2.115115225e-01 
  2.109246105e-01 
  2.094101757e-01 
  2.052029222e-01 
  2.100574821e-01 
  2.043199986e-01 
  2.027259916e-01 
  2.043229938e-01 
  2.012969851e-01 
  1.996157765e-01 
  1.874835938e-01 
  1.960121095e-01 
  1.997326165e-01 
  1.973288804e-01 
  1.949451715e-01 
  1.928891987e-01 
  1.820259243e-01 
  1.931572109e-01 
  1.963984370e-01 
  1.959626377e-01 
  1.950967014e-01 
  1.938762516e-01 
  1.898242086e-01 
  1.892302036e-01 
  1.879668683e-01 
  1.809068918e-01 
  1.729451865e-01 
  1.836525351e-01 
  1.844317764e-01 
  1.840852946e-01 
  1.740512848e-01 
  1.764895022e-01 
  1.818921566e-01 
  1.811325401e-01 
  1.821483374e-01 
  1.786693335e-01 
  1.665440053e-01 
  1.769370586e-01 
  1.703837216e-01 
  1.753566861e-01 
  1.762481630e-01 
  1.747832596e-01 
  1.750758290e-01 
  1.750103086e-01 
  1.749322861e-01 
  1.740205437e-01 
  1.719233990e-01 
  1.725647599e-01 
  1.718171239e-01 
  1.703978628e-01 
  1.691108942e-01 
  1.704615206e-01 
  1.690962315e-01 
  1.693079621e-01 
  1.633068919e-01 
  1.681840867e-01 
  1.676846445e-01 
  1.668232381e-01 
  1.664135158e-01 
  1.640365869e-01 
  1.648222655e-01 
  1.640739143e-01 
  1.625195295e-01 
  1.630214453e-01 
  1.625852734e-01 
  1.619752645e-01 
  1.596037447e-01 
  1.583409458e-01 
  1.591698676e-01 
  1.576619446e-01 
  1.553499252e-01 
  1.533226967e-01 
  1.553658396e-01 
  1.535744667e-01 
  1.521566659e-01 
  1.527584195e-01 
  1.516222954e-01 
  1.504191309e-01 
  1.487477273e-01 
  1.476425231e-01 
  1.457659602e-01 
  1.453283429e-01 
  1.443422139e-01 
  1.433085352e-01 
  1.408368051e-01 
  1.401916891e-01 
  1.375539303e-01 
  1.365826428e-01 
  1.351073682e-01 
  1.302700341e-01 
  1.308256090e-01 
  1.279746890e-01 
  1.276552677e-01 
  1.274877787e-01 
  1.240466535e-01 
  1.216863096e-01 
  1.221186742e-01 
  1.250318885e-01 
  1.263104826e-01 
  1.263102293e-01 
  1.264528483e-01 
  1.260874867e-01 
  1.268802136e-01 
  1.270067543e-01 
  1.267800629e-01 
  1.263352633e-01 
  1.253342479e-01 
  1.246305034e-01 
  1.211146936e-01 
  1.075430140e-01 
  1.179379374e-01 
  1.225213930e-01 
  1.232048869e-01 
  1.226839349e-01 
  1.228103340e-01 
  1.206653565e-01 
  1.207379997e-01 
  1.175966039e-01 
  1.190299019e-01 
  1.196459159e-01 
  1.194503978e-01 
  1.167865172e-01 
  1.170120835e-01 
  1.160603613e-01 
  1.144512892e-01 
  1.130580455e-01 
  1.138271838e-01 
  1.129529998e-01 
  1.123096570e-01 
  1.101668850e-01 
  1.081579030e-01 
  1.075176895e-01 
  1.076724231e-01 
  1.072864905e-01 
  1.063915342e-01 
  1.053880900e-01 
  1.041427627e-01 
  1.032967418e-01 
  1.026823297e-01 
  1.010777280e-01 
  9.569223225e-02 
  9.778539836e-02 
  9.462612122e-02 
  9.720385075e-02 
  9.790643305e-02 
  9.519230574e-02 
  9.468479455e-02 
  9.197867662e-02 
  9.064052999e-02 
  9.130170196e-02 
  9.244007617e-02 
  9.283006191e-02 
  9.192517400e-02 
  9.009818733e-02 
  8.668268472e-02 
  8.395423740e-02 
  7.599937171e-02 
  7.526297867e-02 
  7.426851243e-02 
  7.275207341e-02 
  7.543535531e-02 
  7.668919116e-02 
  7.752478123e-02 
  7.684700936e-02 
  7.712472975e-02 
  7.753614336e-02 
  7.691048086e-02 
  7.672711462e-02 
  7.754361629e-02 
  7.720778137e-02 
  7.513114065e-02 
  7.229511440e-02 
  6.586949527e-02 
  6.105561182e-02 
  5.859373137e-02 
  5.477648973e-02 
  5.302885920e-02 
  4.916713387e-02 
  4.736952111e-02 
  4.527839646e-02 
  4.238867760e-02 
  4.078714922e-02 
  3.899603710e-02 
  3.747561201e-02 
  3.559912741e-02 
  3.486266732e-02 
  3.281067312e-02 
  3.105113655e-02 
  3.092670068e-02 
  3.050345555e-02 
  3.081976622e-02 
  3.149805591e-02 
  3.145782277e-02 
  3.176515177e-02 
  3.087839298e-02 
  3.062583879e-02 
  3.003390133e-02 
  3.117621131e-02 
  3.297173977e-02 
  3.561868519e-02 
  3.715962917e-02 
  3.819600120e-02 
  3.788854927e-02 
  3.695941716e-02 
  3.668226674e-02 
  3.507035226e-02 
  3.368753940e-02 
  3.127937019e-02 
  2.969457768e-02 
  2.832458913e-02 
  2.844916657e-02 
  2.955024317e-02 
  3.021695092e-02 
  3.178619966e-02 
  3.366558626e-02 
  3.516298532e-02 
  3.582656384e-02 
  3.525099158e-02 
  3.516512737e-02 
  3.358291090e-02 
  3.219085559e-02 
  3.079217672e-02 
  3.111896291e-02 
  3.251577541e-02 
  3.356713057e-02 
  3.359733522e-02 
  3.304960206e-02 
  3.187599033e-02 
  3.208474442e-02 
  3.346577659e-02 
  3.383199871e-02 
  3.325583786e-02 
  3.333839402e-02 
  3.289303929e-02 
  3.293320537e-02 
  3.371252865e-02 
  3.468082845e-02 
  3.587434441e-02 
  3.714688867e-02 
  3.562981635e-02 
  3.679481149e-02 
  3.696155176e-02 
  3.764774278e-02 
  3.812145442e-02 
  3.847181797e-02 
  3.845945373e-02 
  3.793122619e-02 
  3.798848763e-02 
  3.959092870e-02 
  3.911213949e-02 
  3.897919133e-02 
  3.885590658e-02 
  3.915456682e-02 
  3.751590475e-02 
  3.847350553e-02 
  3.956425935e-02 
  3.892846406e-02 
  3.781234846e-02 
  3.666182235e-02 
  3.669514880e-02 
  3.658741713e-02 
  3.551819548e-02 
  3.650352359e-02 
  3.667834401e-02 
  3.684733063e-02 
  3.737539053e-02 
  3.783265129e-02 
  3.569942713e-02 
  3.758889437e-02 
  3.643244505e-02 
  3.695428371e-02 
  3.728335351e-02 
  3.715931624e-02 
  3.793939576e-02 
  3.811858222e-02 
  3.839100525e-02 
  3.802629188e-02 
  3.720131144e-02 
  3.710043803e-02 
  3.731142357e-02 
  3.925182298e-02 
  4.066475481e-02 
  4.095546156e-02 
  4.169342667e-02 
  4.210786521e-02 
  4.270777479e-02 
  4.209981859e-02 
  4.071648046e-02 
  4.020646214e-02 
  3.888878226e-02 
  3.851774335e-02 
  3.817467764e-02 
  3.796772659e-02 
  3.628266230e-02 
  3.660113364e-02 
  3.508692607e-02 
  3.456785530e-02 
  3.398674726e-02 
  3.425118700e-02 
  3.555762023e-02 
  3.740806878e-02 
  3.753200546e-02 
  3.819239140e-02 
  3.814826906e-02 
  3.773982450e-02 
  3.668856248e-02 
  3.650152311e-02 
  3.687538952e-02 
  3.677011281e-02 
  3.772335500e-02 
  3.701666370e-02 
  3.724060580e-02 
  3.776364774e-02 
  3.752443567e-02 
  3.858707845e-02 
  3.370399401e-02 
  4.002751783e-02 
  4.127298668e-02 
  4.222541675e-02 
  4.125814885e-02 
  4.245781898e-02 
  4.223664477e-02 
  4.223982245e-02 
  4.158257693e-02 
  4.248139635e-02 
  4.339783266e-02 
  4.313981906e-02 
  4.417635873e-02 
  4.387187585e-02 
  4.318882897e-02 
  3.854671121e-02 
  4.018085077e-02 
  4.036580399e-02 
  4.081320763e-02 
  4.296335578e-02 
  4.238744453e-02 
  4.267738760e-02 
  4.330246896e-02 
  4.354103655e-02 
  4.271719232e-02 
  4.257523268e-02 
  4.188221693e-02 
  4.270932451e-02 
  4.224079102e-02 
  4.198898748e-02 
  4.286916927e-02 
  4.238305241e-02 
  4.286885634e-02 
  4.212166369e-02 
  4.176704958e-02 
  4.271934554e-02 
  4.223641008e-02 
  4.111371562e-02 
  4.217153788e-02 
  4.167179391e-02 
  4.191020504e-02 
  4.166683182e-02 
  3.893790767e-02 
  4.153353721e-02 
  4.119846597e-02 
  4.090653732e-02 
  4.019481316e-02 
  4.026260599e-02 
  4.069506750e-02 
  4.075779021e-02 
  3.957383707e-02 
  4.032327235e-02 
  3.876724467e-02 
  3.948755562e-02 
  3.961894289e-02 
  3.942015767e-02 
  3.984099999e-02 
  3.990636393e-02 
  3.984431550e-02 
  3.937140852e-02 
  3.811713681e-02 
  3.899244964e-02 
  3.867667913e-02 
  3.837533668e-02 
  3.893251717e-02 
  3.864077851e-02 
  3.711945564e-02 
  3.763953596e-02 
  3.682143986e-02 
  3.792721778e-02 
  3.753441200e-02 
  3.743965924e-02 
  3.669800609e-02 
  3.745814413e-02 
  3.734816983e-02 
  3.667218238e-02 
  3.581274301e-02 
  3.620786592e-02 
  3.543057293e-02 
  3.521959111e-02 
  3.423936293e-02 
  3.411054611e-02 
  3.303606808e-02 
  3.383465484e-02 
  3.370901197e-02 
  3.311955929e-02 
  3.318290412e-02 
  3.076331690e-02 
  3.296574578e-02 
  2.970695496e-02 
  3.244770318e-02 
  3.258252889e-02 
  3.322313726e-02 
  3.291919455e-02 
  3.224730864e-02 
  3.263463825e-02 
  3.232824802e-02 
  3.325327858e-02 
  3.275256604e-02 
  3.235485777e-02 
  3.180549666e-02 
  2.903795801e-02 
  3.120524064e-02 
  3.043096885e-02 
  3.195339441e-02 
  3.254441544e-02 
  3.217566013e-02 
  3.221037239e-02 
  3.009683453e-02 
  3.108859807e-02 
  3.137367219e-02 
  3.000694513e-02 
  3.024856374e-02 
  2.890250832e-02 
  2.951650321e-02 
  2.926961519e-02 
  2.964609675e-02 
  2.913460508e-02 
  2.897746302e-02 
  2.900136635e-02 
  2.924106084e-02 
  2.905596234e-02 
  2.720293030e-02 
  2.801985852e-02 
  2.832778916e-02 
  2.899417095e-02 
  2.863811515e-02 
  2.912198566e-02 
  2.729514614e-02 
  2.809761837e-02 
  2.890106477e-02 
  2.880812436e-02 
  2.807521075e-02 
  2.763864584e-02 
  2.826410346e-02 
  2.879348211e-02 
  2.893744968e-02 
  2.818040363e-02 
  2.842465602e-02 
  2.832145430e-02 
  2.846479230e-02 
  2.837588452e-02 
  2.751277573e-02 
  2.787417918e-02 
  2.778183296e-02 
  2.734326012e-02 
  2.660008892e-02 
  2.724613249e-02 
  2.706733532e-02 
  2.574555762e-02 
  2.549505979e-02 
  2.511581033e-02 
  2.516718954e-02 
  2.492328174e-02 
  2.483102120e-02 
  2.540037595e-02 
  2.494322695e-02 
  2.492610924e-02 
  2.516399138e-02 
  2.533630468e-02 
  2.516154759e-02 
  2.452527918e-02 
  2.508570813e-02 
  2.447158471e-02 
  2.490808628e-02 
  2.460153960e-02 
  2.481704392e-02 
  2.429733425e-02 
  2.473228797e-02 
  2.449308522e-02 
  2.459303662e-02 
  2.409103699e-02 
  2.430897951e-02 
  2.434395626e-02 
  2.409454249e-02 
  2.386526018e-02 
  2.368366346e-02 
  2.338651195e-02 
  2.323285118e-02 
  2.342629619e-02 
  2.297402546e-02 
  2.298928425e-02 
  2.344430238e-02 
  2.323955670e-02 
  2.208660729e-02 
  2.266051807e-02 
  2.270232141e-02 
  2.243733034e-02 
  2.202331647e-02 
  2.208100073e-02 
  2.215342410e-02 
  2.179824375e-02 
  2.099943534e-02 
  2.022399567e-02 
  2.075801976e-02 
  2.121871524e-02 
  2.155988105e-02 
  2.157045715e-02 
  2.126066200e-02 
  2.129833773e-02 
  2.126095816e-02 
  2.095528133e-02 
  2.088944055e-02 
  2.110955678e-02 
  2.109808475e-02 
  2.097343653e-02 
  2.089439891e-02 
  2.085258625e-02 
  2.068112418e-02 
  2.050513215e-02 
  2.058035322e-02 
  2.039969154e-02 
  2.009546384e-02 
  2.008206397e-02 
  1.996854693e-02 
  1.951742545e-02 
  1.982409135e-02 
  1.986707747e-02 
  1.957511343e-02 
  1.948212087e-02 
  1.889723912e-02 
  1.919746585e-02 
  1.936102100e-02 
  1.784845442e-02 
  1.904879697e-02 
  1.910048723e-02 
  1.905721053e-02 
  1.902521215e-02 
  1.888099127e-02 
  1.865955256e-02 
  1.851712167e-02 
  1.863237098e-02 
  1.817067526e-02 
  1.786268130e-02 
  1.812749915e-02 
  1.718281023e-02 
  1.740131527e-02 
  1.760776900e-02 
  1.774717495e-02 
  1.762056351e-02 
  1.719522290e-02 
  1.750454865e-02 
  1.749830879e-02 
  1.721386425e-02 
  1.698334329e-02 
  1.586515456e-02 
  1.613725722e-02 
  1.620434970e-02 
  1.538320165e-02 
  1.514412556e-02 
  1.585025340e-02 
  1.606019773e-02 
  1.608251780e-02 
  1.567522623e-02 
  1.613127440e-02 
  1.583230495e-02 
  1.601871476e-02 
  1.551604364e-02 
  1.559693739e-02 
  1.517407410e-02 
  1.570055261e-02 
  1.553921960e-02 
  1.546970196e-02 
  1.518495567e-02 
  1.526332833e-02 
  1.527296659e-02 
  1.524312235e-02 
  1.497860160e-02 
  1.510454714e-02 
  1.508089527e-02 
  1.492818445e-02 
  1.495535765e-02 
  1.481992565e-02 
  1.452536881e-02 
  1.413274091e-02 
  1.425944082e-02 
  1.395138446e-02 
  1.416254323e-02 
  1.405750215e-02 
  1.402194146e-02 
  1.378983259e-02 
  1.386058889e-02 
  1.361041330e-02 
  1.360338926e-02 
  1.357652340e-02 
  1.355147641e-02 
  1.324460283e-02 
  1.288757008e-02 
  1.282890700e-02 
  1.246601623e-02 
  1.225717459e-02 
  1.235255133e-02 
  1.225920767e-02 
  1.222606655e-02 
  1.203782577e-02 
  1.183882914e-02 
  1.182212867e-02 
  1.174035389e-02 
  1.181030087e-02 
  1.187873073e-02 
  1.181158796e-02 
  1.149132662e-02 
  1.137787104e-02 
  1.110336650e-02 
  1.092285756e-02 
  1.058736350e-02 
  1.022357494e-02 
  1.028499566e-02 
  9.945824742e-03 
  9.560383856e-03 
  9.572789073e-03 
  9.132857434e-03 
  9.064760990e-03 
  8.513275534e-03 
  8.230293170e-03 
  8.174212649e-03 
  8.260721341e-03 
  8.210956119e-03 
  7.981263101e-03 
  7.845875807e-03 
  7.742174901e-03 
  7.515125908e-03 
  7.191616111e-03 
  7.164610084e-03 
  6.889068056e-03 
  6.887732074e-03 
  6.677001715e-03 
  6.289820187e-03 
  6.189004984e-03 
  5.862981081e-03 
  5.456362385e-03 
  5.689931102e-03 
  5.759353749e-03 
  5.787253380e-03 
  5.696339067e-03 
  5.594946444e-03 
  5.726177245e-03 
  5.401474889e-03 
  5.416236352e-03 
  5.225284025e-03 
  5.165040027e-03 
  4.766504280e-03 
  4.699651618e-03 
  4.675850272e-03 
  4.552446306e-03 
  4.375255667e-03 
  4.351278767e-03 
  4.085890949e-03 
  4.082696512e-03 
  4.002142698e-03 
  3.861283185e-03 
  4.017639440e-03 
  4.038219340e-03 
  4.114350770e-03 
  4.153671674e-03 
  4.008729942e-03 
  4.222445656e-03 
  4.194794223e-03 
  4.147611093e-03 
  3.838392207e-03 
  3.942193463e-03 
  3.994058818e-03 
  4.015887622e-03 
  3.984066192e-03 
  3.949854057e-03 
  3.850989044e-03 
  3.907866310e-03 
  3.905325197e-03 
  3.763578134e-03 
  3.905578284e-03 
  3.959172871e-03 
  4.035911057e-03 
  3.977156244e-03 
  4.167109262e-03 
  4.123894498e-03 
  4.135946278e-03 
  4.082235973e-03 
  4.087472800e-03 
  3.824444022e-03 
  3.751097247e-03 
  3.466178663e-03 
  3.539417638e-03 
  3.271210240e-03 
  3.124869196e-03 
  3.090914572e-03 
  3.098011715e-03 
  3.084865399e-03 
  3.014629474e-03 
  2.795493463e-03 
  3.513188567e-03 
  3.791106632e-03 
  3.861968638e-03 
  3.884860314e-03 
  3.992237151e-03 
  4.060113337e-03 
  4.085165448e-03 
  4.094296135e-03 
  4.061453044e-03 
  3.917757422e-03 
  4.099817481e-03 
  4.033864941e-03 
  3.956024069e-03 
  3.798228456e-03 
  3.917227499e-03 
  3.787995782e-03 
  3.624061355e-03 
  3.760695690e-03 
  3.660479560e-03 
  3.503501648e-03 
  3.478840925e-03 
  3.404789837e-03 
  3.342643147e-03 
  3.295400180e-03 
  3.315215930e-03 
  3.257898847e-03 
  3.274153220e-03 
  3.236623714e-03 
  3.358433023e-03 
  3.363815136e-03 
  3.452952718e-03 
  3.380250419e-03 
  3.437222680e-03 
  3.433553036e-03 
  3.419946646e-03 
  3.311743727e-03 
  3.472016426e-03 
  3.548510373e-03 
  3.516917350e-03 
  3.645208897e-03 
  3.655844368e-03 
  3.736827057e-03 
  3.712474136e-03 
  3.681876697e-03 
  3.821074031e-03 
  3.886667546e-03 
  3.835054813e-03 
  3.901758231e-03 
  3.874917515e-03 
  3.887399798e-03 
  3.891725792e-03 
  3.843945451e-03 
  3.766507376e-03 
  3.907249775e-03 
  3.907358740e-03 
  4.018832929e-03 
  3.944439348e-03 
  4.093935713e-03 
  4.117126577e-03 
  4.163942300e-03 
  4.158891737e-03 
  4.230727907e-03 
  4.033515230e-03 
  4.167773761e-03 
  4.199086688e-03 
  4.230286460e-03 
  4.097267985e-03 
  3.910172265e-03 
  3.665989963e-03 
  3.904417390e-03 
  4.139097873e-03 
  4.178320058e-03 
  4.218210001e-03 
  4.065569956e-03 
  3.939279821e-03 
  3.932342865e-03 
  4.027292598e-03 
  3.954259213e-03 
  3.940958995e-03 
  3.861187492e-03 
  3.948975820e-03 
  3.959164489e-03 
  4.098690581e-03 
  4.059347324e-03 
  4.249176010e-03 
  4.156031180e-03 
  4.278504290e-03 
  4.274582956e-03 
  4.605931230e-03 
  4.484118428e-03 
  4.781147931e-03 
  4.785767756e-03 
  4.965626169e-03 
  4.999109544e-03 
  5.170235876e-03 
  5.118296947e-03 
  5.036460236e-03 
  5.163992289e-03 
  5.399453919e-03 
  5.391431041e-03 
  5.472805817e-03 
  5.183503032e-03 
  5.554085132e-03 
  5.368448794e-03 
  5.516872276e-03 
  5.554480944e-03 
  5.591551308e-03 
  5.519202445e-03 
  5.531532690e-03 
  5.409972277e-03 
  5.425401963e-03 
  5.561843980e-03 
  5.524687003e-03 
  5.497763865e-03 
  5.438848399e-03 
  5.351945292e-03 
  5.121692549e-03 
  5.152656697e-03 
  4.976003431e-03 
  4.964673892e-03 
  4.425516352e-03 
  4.333011806e-03 
  3.818811849e-03 
  3.812749404e-03 
  3.283621976e-03 
  3.282375401e-03 
  2.966118278e-03 
  2.957917983e-03 
  2.984212711e-03 
  2.900975524e-03 
  3.069836413e-03 
  3.061535768e-03 
  3.132147249e-03 
  3.131701611e-03 
  3.153576050e-03 
  3.143610898e-03 
  3.188031260e-03 
  3.150533885e-03 
  3.263156163e-03 
  3.251421964e-03 
  3.434320446e-03 
  3.435650840e-03 
  3.722223686e-03 
  3.686989658e-03 
  3.839542158e-03 
  3.967042547e-03 
  4.262275994e-03 
  4.257766530e-03 
  4.425764550e-03 
  4.457144067e-03 
  4.580102395e-03 
  4.586976022e-03 
  4.599695560e-03 
  4.537013359e-03 
  4.625677131e-03 
  4.693690222e-03 
  4.748268053e-03 
  4.735256545e-03 
  4.589657299e-03 
  4.688113928e-03 
  4.719246179e-03 
  4.457371309e-03 
  4.603535868e-03 
  4.631889053e-03 
  4.588760901e-03 
  4.537206143e-03 
  4.494346213e-03 
  4.484803416e-03 
  4.356795456e-03 
  4.345361609e-03 
  4.313412122e-03 
  4.122434650e-03 
  4.136939067e-03 
  3.918170463e-03 
  3.888913197e-03 
  3.744253190e-03 
  3.684382187e-03 
  3.680360038e-03 
  3.701132955e-03 
  3.731236560e-03 
  3.709660377e-03 
  3.762140637e-03 
  3.756176215e-03 
  3.756779712e-03 
  3.650250379e-03 
  3.750586882e-03 
  3.729441436e-03 
  3.500038991e-03 
  3.698084503e-03 
  3.695482621e-03 
  3.703711554e-03 
  3.665262833e-03 
  3.727605101e-03 
  3.595654853e-03 
  3.800934879e-03 
  3.750170814e-03 
  3.903400619e-03 
  3.890067339e-03 
  3.969049081e-03 
  3.956926987e-03 
  4.007969517e-03 
  3.999364097e-03 
  3.925281111e-03 
  3.999227658e-03 
  3.952692263e-03 
  4.000520799e-03 
  3.923144657e-03 
  3.945156466e-03 
  3.970438149e-03 
  3.995053470e-03 
  3.985503223e-03 
  4.004104994e-03 
  4.002114758e-03 
  4.004813731e-03 
  3.967299126e-03 
  3.808638314e-03 
  3.940311726e-03 
  3.969835583e-03 
  3.837938420e-03 
  3.945949022e-03 
  3.927591722e-03 
  3.914769739e-03 
  3.921033349e-03 
  3.923990298e-03 
  3.912689164e-03 
  3.931936342e-03 
  3.864622209e-03 
  3.916769754e-03 
  3.906067461e-03 
  3.913020249e-03 
  3.893918591e-03 
  3.882605815e-03 
  3.855410498e-03 
  3.758059349e-03 
  3.838323522e-03 
  3.820485203e-03 
  3.793918062e-03 
  3.798560007e-03 
  3.788252128e-03 
  3.755271435e-03 
  3.658378962e-03 
  3.735962557e-03 
  3.753803438e-03 
  3.657051828e-03 
  3.728506621e-03 
  3.689437173e-03 
  3.684959142e-03 
  3.621103475e-03 
  3.692390863e-03 
  3.703762311e-03 
  3.632472828e-03 
  3.700809320e-03 
  3.685557051e-03 
  3.664632095e-03 
  3.679826856e-03 
  3.666368313e-03 
  3.656686982e-03 
  3.638843773e-03 
  3.636226989e-03 
  3.496944904e-03 
  3.609343898e-03 
  3.601852804e-03 
  3.577128053e-03 
  3.565978492e-03 
  3.562645055e-03 
  3.535109572e-03 
  3.510885173e-03 
  3.486148547e-03 
  3.445008304e-03 
  3.384197596e-03 
  3.412218066e-03 
  3.407378914e-03 
  3.359625582e-03 
  3.349325852e-03 
  3.316548187e-03 
  3.302291036e-03 
  3.265565727e-03 
  3.267239081e-03 
  3.259876976e-03 
  3.256692085e-03 
  3.242382780e-03 
  3.231804352e-03 
  3.210900119e-03 
  3.194578923e-03 
  3.185503650e-03 
  3.137009218e-03 
  3.133674152e-03 
  3.084086115e-03 
  2.975919750e-03 
  2.668246860e-03 
  2.913875272e-03 
  3.000563942e-03 
  3.074645530e-03 
  3.065945581e-03 
  3.086980432e-03 
  3.069644794e-03 
  3.075044136e-03 
  3.057861701e-03 
  3.055968788e-03 
  3.031653119e-03 
  2.998087788e-03 
  3.014410147e-03 
  2.893602708e-03 
  3.004893893e-03 
  2.994650276e-03 
  2.962013008e-03 
  2.883730689e-03 
  2.948508831e-03 
  2.950577764e-03 
  2.948604291e-03 
  2.939323196e-03 
  2.859914675e-03 
  2.838856075e-03 
  2.868046518e-03 
  2.896198072e-03 
  2.883030102e-03 
  2.846137155e-03 
  2.833542414e-03 
  2.819977002e-03 
  2.782791853e-03 
  2.766824793e-03 
  2.744056983e-03 
  2.735153073e-03 
  2.720044460e-03 
  2.717241645e-03 
  2.707947744e-03 
  2.732804744e-03 
  2.728353022e-03 
  2.715624403e-03 
  2.643200336e-03 
  2.604812849e-03 
  2.732292050e-03 
  2.670980291e-03 
  2.752091503e-03 
  2.744682599e-03 
  2.730922075e-03 
  2.725912025e-03 
  2.710078610e-03 
  2.704823157e-03 
  2.677266253e-03 
  2.633728553e-03 
  2.660959493e-03 
  2.664654749e-03 
  2.651037648e-03 
  2.641694853e-03 
  2.626452595e-03 
  2.619875595e-03 
  2.608699026e-03 
  2.590818796e-03 
  2.541499212e-03 
  2.544165589e-03 
  2.537750872e-03 
  2.555957530e-03 
  2.523810370e-03 
  2.523123752e-03 
  2.518472727e-03 
  2.506680088e-03 
  2.497518901e-03 
  2.479677321e-03 
  2.465256490e-03 
  2.461986383e-03 
  2.429551678e-03 
  2.374303993e-03 
  2.399346326e-03 
  2.418693621e-03 
  2.409164095e-03 
  2.364850603e-03 
  2.378566191e-03 
  2.375099808e-03 
  2.365788212e-03 
  2.359442879e-03 
  2.291484037e-03 
  2.335035475e-03 
  2.311726799e-03 
  2.304904861e-03 
  2.304553287e-03 
  2.269095508e-03 
  2.208474092e-03 
  2.252954291e-03 
  2.231979044e-03 
  2.227970166e-03 
  2.223363146e-03 
  2.221924951e-03 
  2.201873343e-03 
  2.187209902e-03 
  2.187529113e-03 
  2.106286353e-03 
  2.179916017e-03 
  2.163192257e-03 
  2.132639987e-03 
  2.147726482e-03 
  2.145180712e-03 
  2.136474708e-03 
  2.126386622e-03 
  2.104090061e-03 
  2.119807992e-03 
  2.113716677e-03 
  2.103710081e-03 
  2.068852307e-03 
  2.090704395e-03 
  2.087407978e-03 
  2.082530409e-03 
  2.072430914e-03 
  2.062543528e-03 
  1.958055655e-03 
  2.018176485e-03 
  2.020629356e-03 
  2.013470512e-03 
  2.002690220e-03 
  1.997052459e-03 
  1.997570740e-03 
  1.987174153e-03 
  1.965831732e-03 
  1.962329494e-03 
  1.932782703e-03 
  1.938937930e-03 
  1.931735897e-03 
  1.826072461e-03 
  1.871177461e-03 
  1.860536286e-03 
  1.824622508e-03 
  1.861862838e-03 
  1.863945858e-03 
  1.855740673e-03 
  1.851106528e-03 
  1.868749154e-03 
  1.859966549e-03 
  1.850642846e-03 
  1.867670449e-03 
  1.866391278e-03 
  1.865898957e-03 
  1.862365403e-03 
  1.847286709e-03 
  1.835218864e-03 
  1.837782562e-03 
  1.826017047e-03 
  1.805994776e-03 
  1.792357652e-03 
  1.729664276e-03 
  1.751951757e-03 
  1.731918077e-03 
  1.758282888e-03 
  1.748209121e-03 
  1.723049558e-03 
  1.729194191e-03 
  1.724866102e-03 
  1.640309580e-03 
  1.682952512e-03 
  1.693771570e-03 
  1.672673738e-03 
  1.701505040e-03 
  1.709958073e-03 
  1.693472150e-03 
  1.687652199e-03 
  1.677168533e-03 
  1.663340721e-03 
  1.659334404e-03 
  1.629313920e-03 
  1.603415469e-03 
  1.612011343e-03 
  1.591980341e-03 
  1.581042772e-03 
  1.537493430e-03 
  1.559646102e-03 
  1.558857504e-03 
  1.543175778e-03 
  1.533266040e-03 
  1.526188687e-03 
  1.513426658e-03 
  1.514451695e-03 
  1.503099222e-03 
  1.498804544e-03 
  1.503412030e-03 
  1.491338015e-03 
  1.496278215e-03 
  1.470522373e-03 
  1.422642032e-03 
  1.457152423e-03 
  1.471264637e-03 
  1.482705818e-03 
  1.468208269e-03 
  1.466185669e-03 
  1.489477232e-03 
  1.488233684e-03 
  1.474818331e-03 
  1.458607847e-03 
  1.454088953e-03 
  1.455602585e-03 
  1.423503738e-03 
  1.424023765e-03 
  1.390178106e-03 
  1.380865928e-03 
  1.365338452e-03 
  1.338568050e-03 
  1.351804705e-03 
  1.349951955e-03 
  1.350255683e-03 
  1.282169018e-03 
  1.322733238e-03 
  1.347931102e-03 
  1.341329655e-03 
  1.335120294e-03 
  1.348429592e-03 
  1.341791358e-03 
  1.335311099e-03 
  1.336296438e-03 
  1.270050998e-03 
  1.267241896e-03 
  1.274901209e-03 
  1.282092300e-03 
  1.266945736e-03 
  1.298751449e-03 
  1.291899942e-03 
  1.306276186e-03 
  1.301825163e-03 
  1.296291361e-03 
  1.287405379e-03 
  1.301948563e-03 
  1.288289437e-03 
  1.287490712e-03 
  1.291352324e-03 
  1.280446420e-03 
  1.280351658e-03 
  1.266270177e-03 
  1.261483878e-03 
  1.265787054e-03 
  1.254433533e-03 
  1.236021984e-03 
  1.242103986e-03 
  1.222014311e-03 
  1.210574294e-03 
  1.210673829e-03 
  1.204770873e-03 
  1.186733367e-03 
  1.185872126e-03 
  1.182423555e-03 
  1.165516675e-03 
  1.123078051e-03 
  1.119173015e-03 
  1.080372371e-03 
  1.127251657e-03 
  1.135181636e-03 
  1.165097463e-03 
  1.150722383e-03 
  1.155852107e-03 
  1.168720541e-03 
  1.158580417e-03 
  1.160103362e-03 
  1.154068159e-03 
  1.166704111e-03 
  1.152391778e-03 
  1.149789197e-03 
  1.155637903e-03 
  1.146820956e-03 
  1.132804435e-03 
  1.137941261e-03 
  1.132640755e-03 
  1.096160850e-03 
  1.082356554e-03 
  1.110798330e-03 
  1.101618516e-03 
  1.073404332e-03 
  1.099444809e-03 
  1.080641407e-03 
  1.066330005e-03 
  1.071137143e-03 
  1.040312578e-03 
  1.033426495e-03 
  1.013542875e-03 
  9.826696478e-04 
  9.833029471e-04 
  9.720727103e-04 
  9.704919648e-04 
  9.756813524e-04 
  9.670258733e-04 
  9.649890708e-04 
  9.784174617e-04 
  1.001300290e-03 
  9.893650422e-04 
  9.860206628e-04 
  9.496588027e-04 
  9.971341351e-04 
  1.002377132e-03 
  9.945810307e-04 
  9.789825417e-04 
  9.799323743e-04 
  9.711041930e-04 
  9.587514796e-04 
  9.496666025e-04 
  9.407125181e-04 
  9.195422754e-04 
  9.179576882e-04 
  9.096725844e-04 
  8.385853725e-04 
  8.729418041e-04 
  8.680422907e-04 
  8.535182569e-04 
  8.369401912e-04 
  8.511267952e-04 
  8.099841652e-04 
  8.205023478e-04 
  8.151853690e-04 
  7.522828528e-04 
  7.619400276e-04 
  7.477489416e-04 
  7.243914297e-04 
  7.030841662e-04 
  7.347386563e-04 
  7.065911195e-04 
  7.011256530e-04 
  6.620106287e-04 
  6.905046757e-04 
  6.888373755e-04 
  6.912406534e-04 
  6.874522660e-04 
  6.890745135e-04 
  6.769946776e-04 
  6.906504859e-04 
  6.819087430e-04 
  6.764496793e-04 
  6.895864499e-04 
  6.837025285e-04 
  6.857304252e-04 
  6.767753512e-04 
