  4.494564533e-01 
  1.154900670e+00 
  1.222774625e+00 
  3.077031374e+00 
  3.430619240e+00 
  6.098546982e+00 
  6.584900379e+00 
  9.587894440e+00 
  1.208463478e+01 
  1.280569649e+01 
  1.405241489e+01 
  2.684381866e+01 
  2.265137482e+01 
  2.859747887e+01 
  2.908024216e+01 
  3.452144241e+01 
  2.675976944e+01 
  3.846547699e+01 
  3.709075546e+01 
  4.148928070e+01 
  3.957162476e+01 
  4.885649109e+01 
  4.232537842e+01 
  3.706879044e+01 
  4.626026535e+01 
  5.077630997e+01 
  6.983643341e+01 
  6.981648254e+01 
  5.711133575e+01 
  6.773975372e+01 
  7.023992157e+01 
  5.642604828e+01 
  6.195754242e+01 
  6.961580658e+01 
  5.778416443e+01 
  6.185785294e+01 
  4.618174744e+01 
  4.377927017e+01 
  5.307193756e+01 
  5.309410477e+01 
  5.918102264e+01 
  4.967043686e+01 
  5.172307587e+01 
  5.154402924e+01 
  4.621900558e+01 
  5.902960205e+01 
  6.500019836e+01 
  6.135560226e+01 
  5.732010651e+01 
  6.236514282e+01 
  6.325395584e+01 
  5.958015060e+01 
  6.056466293e+01 
  5.482252884e+01 
  6.278007126e+01 
  6.311414337e+01 
  5.919597626e+01 
  3.753194809e+01 
  4.045307541e+01 
  4.036926651e+01 
  5.940156555e+01 
  4.672425079e+01 
  5.085660934e+01 
  5.366854477e+01 
  5.314161301e+01 
  4.936030960e+01 
  6.720545197e+01 
  5.964954758e+01 
  5.579561615e+01 
  5.323244476e+01 
  6.072332382e+01 
  4.810002518e+01 
  5.021466446e+01 
  4.962379456e+01 
  3.810432434e+01 
  3.459999084e+01 
  4.905654144e+01 
  4.973779297e+01 
  6.372298813e+01 
  4.858710480e+01 
  4.506867599e+01 
  5.010168076e+01 
  3.706690979e+01 
  2.556985283e+01 
  2.783949661e+01 
  4.143289185e+01 
  3.179985237e+01 
  3.608189774e+01 
  3.531964874e+01 
  3.976190186e+01 
  4.762309647e+01 
  5.262435150e+01 
  4.619212341e+01 
  2.445911407e+01 
  2.673281097e+01 
  4.432122421e+01 
  4.505621338e+01 
  1.811142731e+01 
  5.004829407e+01 
  5.927076340e+01 
  5.751387405e+01 
  5.642147064e+01 
  5.901847076e+01 
  5.455981445e+01 
  5.787248611e+01 
  5.238777924e+01 
  5.132350159e+01 
  4.934482193e+01 
  5.277377701e+01 
  5.766896820e+01 
  4.760045242e+01 
  5.518742752e+01 
  5.645926666e+01 
  5.266086960e+01 
  5.103248215e+01 
  5.374488068e+01 
  5.274930573e+01 
  5.050661087e+01 
  4.879310989e+01 
  4.937031555e+01 
  4.127228546e+01 
  5.107370377e+01 
  4.833914948e+01 
  4.032666779e+01 
  4.381734085e+01 
  4.483095169e+01 
  4.257449341e+01 
  4.045920944e+01 
  4.047717285e+01 
  3.638486099e+01 
  2.868879128e+01 
  2.548780441e+01 
  4.533626938e+01 
  3.988077545e+01 
  3.746051025e+01 
  4.028008270e+01 
  4.414490891e+01 
  4.405429459e+01 
  3.900779724e+01 
  3.731272888e+01 
  4.134097672e+01 
  4.073668671e+01 
  4.241627884e+01 
  4.221655273e+01 
  4.146948242e+01 
  4.313132095e+01 
  3.796378326e+01 
  4.281593704e+01 
  4.304531860e+01 
  4.285844421e+01 
  4.330964279e+01 
  4.629058456e+01 
  4.256087112e+01 
  3.907622147e+01 
  4.120738983e+01 
  4.104484558e+01 
  4.158389664e+01 
  4.136533356e+01 
  4.020063782e+01 
  3.976473999e+01 
  3.899747086e+01 
  3.998107529e+01 
  3.891254807e+01 
  3.851072311e+01 
  3.823144913e+01 
  3.727832413e+01 
  3.805705261e+01 
  3.633090973e+01 
  3.805821991e+01 
  3.732874680e+01 
  3.642913437e+01 
  3.598336411e+01 
  3.604269791e+01 
  3.527767181e+01 
  3.519028854e+01 
  3.623059464e+01 
  3.475093079e+01 
  3.407414627e+01 
  3.538678741e+01 
  3.342912674e+01 
  3.373380280e+01 
  3.318195343e+01 
  3.352894592e+01 
  3.322152710e+01 
  3.161944199e+01 
  3.153034973e+01 
  2.530821419e+01 
  2.816197014e+01 
  3.027462959e+01 
  2.786472321e+01 
  3.141009331e+01 
  2.910302925e+01 
  2.769291115e+01 
  2.953391647e+01 
  2.825342560e+01 
  2.990955544e+01 
  2.884616661e+01 
  2.771071243e+01 
  2.679431915e+01 
  2.647194481e+01 
  2.610210419e+01 
  2.527241898e+01 
  2.486697006e+01 
  2.609839630e+01 
  2.405133057e+01 
  2.569599342e+01 
  2.725033951e+01 
  2.511720276e+01 
  2.386292458e+01 
  2.549286079e+01 
  2.447185326e+01 
  2.425190163e+01 
  2.521799469e+01 
  2.286701775e+01 
  2.218092346e+01 
  2.243640327e+01 
  2.335045815e+01 
  1.704203606e+01 
  2.090495491e+01 
  1.962384224e+01 
  2.140769577e+01 
  2.122412300e+01 
  2.186528778e+01 
  2.018374634e+01 
  2.170011139e+01 
  2.133208656e+01 
  2.014639473e+01 
  1.744049644e+01 
  2.075792503e+01 
  2.115604591e+01 
  1.981201935e+01 
  2.137320137e+01 
  2.020884895e+01 
  1.759351349e+01 
  1.896344185e+01 
  1.917829323e+01 
  2.017200661e+01 
  1.855153275e+01 
  1.925085449e+01 
  1.902120018e+01 
  1.845416641e+01 
  1.677668762e+01 
  1.855413246e+01 
  1.759631538e+01 
  1.840184975e+01 
  1.797409248e+01 
  1.742586517e+01 
  1.801312256e+01 
  1.657300758e+01 
  1.729582405e+01 
  1.677668762e+01 
  1.653694725e+01 
  1.711091423e+01 
  1.630857658e+01 
  1.670664406e+01 
  1.662004852e+01 
  1.603338814e+01 
  1.543401337e+01 
  1.589334965e+01 
  1.490390587e+01 
  1.485113716e+01 
  1.619323921e+01 
  1.474632645e+01 
  1.530653572e+01 
  1.497231865e+01 
  1.503024673e+01 
  1.374847603e+01 
  1.462908840e+01 
  1.446453285e+01 
  1.405496597e+01 
  1.401813507e+01 
  1.342097187e+01 
  1.406713867e+01 
  1.409870052e+01 
  1.391500282e+01 
  1.347050285e+01 
  1.312801647e+01 
  1.357879448e+01 
  1.309378529e+01 
  1.290852165e+01 
  1.326898479e+01 
  1.295162582e+01 
  1.306284237e+01 
  1.306734276e+01 
  1.293870544e+01 
  1.276640034e+01 
  1.213467693e+01 
  1.251365089e+01 
  1.229887962e+01 
  1.083267307e+01 
  1.123282337e+01 
  1.184549236e+01 
  1.154087067e+01 
  1.157643795e+01 
  1.160122395e+01 
  1.130381298e+01 
  1.149706364e+01 
  1.144889641e+01 
  1.113410187e+01 
  1.105772495e+01 
  1.098368263e+01 
  1.084503269e+01 
  1.065259361e+01 
  1.064608097e+01 
  1.091160107e+01 
  1.081209087e+01 
  1.061532307e+01 
  1.048528385e+01 
  1.037741566e+01 
  1.020264149e+01 
  9.972667694e+00 
  1.006756878e+01 
  9.870928764e+00 
  9.662582397e+00 
  9.252330780e+00 
  9.631672859e+00 
  9.097574234e+00 
  9.088666916e+00 
  9.454246521e+00 
  9.305187225e+00 
  9.379696846e+00 
  9.477203369e+00 
  8.916878700e+00 
  8.925754547e+00 
  8.875130653e+00 
  8.576273918e+00 
  8.560843468e+00 
  8.635614395e+00 
  8.389789581e+00 
  8.592502594e+00 
  8.251938820e+00 
  8.514214516e+00 
  7.890021801e+00 
  8.421734810e+00 
  8.126141548e+00 
  8.226516724e+00 
  7.890597820e+00 
  8.103847504e+00 
  8.184010506e+00 
  8.068195343e+00 
  7.769639492e+00 
  7.834384441e+00 
  7.694389820e+00 
  7.778571129e+00 
  7.642358303e+00 
  7.657394409e+00 
  7.319845200e+00 
  7.374619961e+00 
  7.318085194e+00 
  7.415919781e+00 
  6.830348492e+00 
  7.312297344e+00 
  7.126749992e+00 
  7.226809502e+00 
  7.088134766e+00 
  6.858288765e+00 
  5.787282467e+00 
  6.139281750e+00 
  6.797821045e+00 
  6.769676685e+00 
  6.782741547e+00 
  6.775978565e+00 
  6.833734512e+00 
  6.716254234e+00 
  6.570169926e+00 
  6.559478283e+00 
  6.599152088e+00 
  6.429642200e+00 
  6.427854538e+00 
  6.481325626e+00 
  6.365580082e+00 
  6.260709763e+00 
  6.203223705e+00 
  6.210560799e+00 
  6.185710430e+00 
  6.055142403e+00 
  6.132870674e+00 
  5.975219250e+00 
  6.038058281e+00 
  5.917354107e+00 
  5.836434364e+00 
  5.807550430e+00 
  5.760581493e+00 
  5.764332771e+00 
  5.625726700e+00 
  5.656438351e+00 
  5.366004467e+00 
  4.841915131e+00 
  4.945632935e+00 
  4.891555786e+00 
  4.956436634e+00 
  5.049888134e+00 
  5.058568954e+00 
  5.050282955e+00 
  5.048616409e+00 
  4.965427876e+00 
  5.013907433e+00 
  5.077198029e+00 
  4.936023712e+00 
  4.926705837e+00 
  4.851834774e+00 
  4.700904369e+00 
  4.661364079e+00 
  4.756287575e+00 
  4.744973660e+00 
  4.729478836e+00 
  4.656736374e+00 
  4.568199635e+00 
  4.682827950e+00 
  4.508591175e+00 
  4.566289902e+00 
  4.513941288e+00 
  4.442683220e+00 
  4.384382725e+00 
  4.428333282e+00 
  4.227599621e+00 
  4.291038036e+00 
  4.023133278e+00 
  3.904433489e+00 
  3.811754465e+00 
  3.779654264e+00 
  3.923998117e+00 
  4.025687695e+00 
  3.954686403e+00 
  3.853283167e+00 
  3.803688526e+00 
  3.770799637e+00 
  3.818705797e+00 
  3.717353106e+00 
  3.584653616e+00 
  3.689829826e+00 
  3.601125717e+00 
  3.710802555e+00 
  3.696887970e+00 
  3.784714222e+00 
  3.721865416e+00 
  3.612043858e+00 
  3.654298544e+00 
  3.645228148e+00 
  3.516495228e+00 
  3.550459146e+00 
  3.514664888e+00 
  3.442564726e+00 
  3.534374952e+00 
  3.553860903e+00 
  3.446631908e+00 
  3.478755474e+00 
  3.514189959e+00 
  3.433214188e+00 
  3.416383028e+00 
  3.346879482e+00 
  3.320344687e+00 
  3.355029821e+00 
  3.305992126e+00 
  3.340042114e+00 
  3.303132772e+00 
  3.221211672e+00 
  3.227296352e+00 
  3.200904608e+00 
  2.895483494e+00 
  1.566306591e+00 
  1.438129187e+00 
  2.125738144e+00 
  1.937645316e+00 
  2.048648119e+00 
  2.307238340e+00 
  2.454989910e+00 
  2.619645834e+00 
  2.815546751e+00 
  2.866495848e+00 
  2.876719713e+00 
  2.883777857e+00 
  2.862198591e+00 
  2.837520599e+00 
  2.854802370e+00 
  2.734029531e+00 
  2.832272768e+00 
  2.797978878e+00 
  2.768329859e+00 
  2.762718439e+00 
  2.714184761e+00 
  2.696013451e+00 
  2.714181900e+00 
  2.636873007e+00 
  2.637332916e+00 
  2.627619982e+00 
  2.564430952e+00 
  2.581462622e+00 
  2.525503159e+00 
  2.513185978e+00 
  2.473692179e+00 
  2.450802565e+00 
  2.401944160e+00 
  2.392787695e+00 
  2.368031979e+00 
  2.335664988e+00 
  2.344715118e+00 
  2.352533579e+00 
  2.353573322e+00 
  2.336950064e+00 
  2.256379604e+00 
  2.287580490e+00 
  2.270757198e+00 
  2.228050709e+00 
  2.240671396e+00 
  2.175731659e+00 
  2.228038549e+00 
  2.203755140e+00 
  2.176531315e+00 
  2.125695944e+00 
  2.101958752e+00 
  2.117652416e+00 
  2.090259552e+00 
  2.059536934e+00 
  2.031725168e+00 
  1.982347608e+00 
  1.933538079e+00 
  1.936655045e+00 
  1.916936159e+00 
  1.862908721e+00 
  1.841802716e+00 
  1.924413085e+00 
  1.837922096e+00 
  1.795921922e+00 
  1.862565994e+00 
  1.884895802e+00 
  1.881376743e+00 
  1.861584306e+00 
  1.826852918e+00 
  1.824557900e+00 
  1.795373082e+00 
  1.757194757e+00 
  1.785262227e+00 
  1.726038098e+00 
  1.748641729e+00 
  1.753868699e+00 
  1.762338638e+00 
  1.738909841e+00 
  1.741525054e+00 
  1.681751728e+00 
  1.719419241e+00 
  1.712818623e+00 
  1.696302295e+00 
  1.682176590e+00 
  1.648868442e+00 
  1.667029142e+00 
  1.674271345e+00 
  1.610254884e+00 
  1.648145437e+00 
  1.643478155e+00 
  1.413347006e+00 
  1.610385537e+00 
  1.542001367e+00 
  1.553961873e+00 
  1.243295908e+00 
  1.362796664e+00 
  1.540167451e+00 
  1.557973742e+00 
  1.526056051e+00 
  1.519316554e+00 
  1.498890758e+00 
  1.491651654e+00 
  1.479853034e+00 
  1.501048088e+00 
  1.491067410e+00 
  1.456464410e+00 
  1.215963840e+00 
  1.288780689e+00 
  1.391180873e+00 
  1.365267396e+00 
  1.414923906e+00 
  1.406345367e+00 
  1.394213557e+00 
  1.393234253e+00 
  1.356333375e+00 
  1.337609172e+00 
  1.342397451e+00 
  1.362790942e+00 
  1.332958460e+00 
  1.329833388e+00 
  1.315857530e+00 
  1.241586208e+00 
  1.304015994e+00 
  1.268488169e+00 
  1.273412704e+00 
  1.280266881e+00 
  1.232083321e+00 
  1.214338779e+00 
  1.244945645e+00 
  1.247712374e+00 
  1.237678051e+00 
  1.224995255e+00 
  1.212766290e+00 
  1.153159499e+00 
  1.181946278e+00 
  1.104678512e+00 
  1.125111580e+00 
  1.076840878e+00 
  1.065996170e+00 
  1.039286256e+00 
  1.011591673e+00 
  9.804446697e-01 
  9.590023160e-01 
  1.040721774e+00 
  1.073993206e+00 
  1.065453291e+00 
  1.018250823e+00 
  1.007048130e+00 
  9.610420465e-01 
  9.410098195e-01 
  9.501139522e-01 
  9.526243806e-01 
  9.458985329e-01 
  9.441850781e-01 
  9.435066581e-01 
  9.301471710e-01 
  9.394727349e-01 
  9.247721434e-01 
  9.212957621e-01 
  9.481220245e-01 
  9.499958754e-01 
  9.218429327e-01 
  9.092931747e-01 
  8.634737134e-01 
  8.866883516e-01 
  8.937585354e-01 
  8.577025533e-01 
  8.751515150e-01 
  8.611829877e-01 
  8.240777254e-01 
  7.914686799e-01 
  7.574163079e-01 
  7.080259919e-01 
  6.789138913e-01 
  6.423498988e-01 
  6.272138953e-01 
  6.305642724e-01 
  6.391562223e-01 
  6.598860621e-01 
  7.437429428e-01 
  7.485967278e-01 
  7.186678648e-01 
  6.646191478e-01 
  6.561222076e-01 
  6.325889826e-01 
  6.501345634e-01 
  6.569736600e-01 
  6.631471515e-01 
  6.719001532e-01 
  6.702262163e-01 
  6.649236679e-01 
  6.748613119e-01 
  6.542623043e-01 
  6.621209979e-01 
  6.660704017e-01 
  6.097921729e-01 
  6.455090046e-01 
  6.748533845e-01 
  6.814247966e-01 
  6.759810448e-01 
  6.653316617e-01 
  6.528861523e-01 
  6.557873487e-01 
  6.686315536e-01 
  6.606541276e-01 
  6.644009948e-01 
  6.434336305e-01 
  6.717464924e-01 
  6.822863817e-01 
  6.938025951e-01 
  6.933735609e-01 
  6.841036081e-01 
  6.831331849e-01 
  6.675437093e-01 
  6.471724510e-01 
  6.431086063e-01 
  6.539022923e-01 
  6.441982388e-01 
  6.565842628e-01 
  6.374245882e-01 
  6.541205645e-01 
  6.583692431e-01 
  6.518241763e-01 
  6.529853940e-01 
  6.518749595e-01 
  6.523511410e-01 
  6.489074826e-01 
  6.556257010e-01 
  6.453391314e-01 
  6.348151565e-01 
  6.380780339e-01 
  6.423729062e-01 
  6.343228221e-01 
  6.316351891e-01 
  6.339029074e-01 
  6.277942657e-01 
  6.250956655e-01 
  6.225243807e-01 
  6.168987751e-01 
  6.125554442e-01 
  6.054457426e-01 
  6.050069928e-01 
  5.994475484e-01 
  5.905826092e-01 
  5.845465660e-01 
  5.443181396e-01 
  5.707547069e-01 
  5.784029961e-01 
  5.767778754e-01 
  5.687254667e-01 
  5.695512295e-01 
  5.665752292e-01 
  5.654217601e-01 
  5.595894456e-01 
  5.612567067e-01 
  5.487449169e-01 
  5.503675938e-01 
  5.429566503e-01 
  5.474493504e-01 
  5.320398211e-01 
  5.290730000e-01 
  5.327551365e-01 
  5.219799876e-01 
  5.292105079e-01 
  5.240237117e-01 
  5.227824450e-01 
  5.219020844e-01 
  5.164628029e-01 
  5.158375502e-01 
  5.064866543e-01 
  5.100320578e-01 
  5.066451430e-01 
  5.030653477e-01 
  4.919150770e-01 
  4.952494502e-01 
  4.880848229e-01 
  4.924285114e-01 
  4.801429808e-01 
  4.830032289e-01 
  4.830594957e-01 
  4.754509330e-01 
  4.760762155e-01 
  4.756051898e-01 
  4.655613899e-01 
  4.683170617e-01 
  4.644608796e-01 
  4.491548538e-01 
  4.555746913e-01 
  4.582262039e-01 
  4.533832967e-01 
  4.488624930e-01 
  4.471139014e-01 
  4.432380199e-01 
  4.416778982e-01 
  4.353798628e-01 
  4.368074834e-01 
  4.338826537e-01 
  4.313097894e-01 
  4.249107540e-01 
  4.099341035e-01 
  4.231123626e-01 
  4.066783786e-01 
  4.161922932e-01 
  4.074232876e-01 
  4.109465182e-01 
  4.086620808e-01 
  3.946047127e-01 
  4.023151994e-01 
  3.989612758e-01 
  3.674913645e-01 
  3.880116343e-01 
  3.870985210e-01 
  3.866688311e-01 
  3.725633323e-01 
  3.843032718e-01 
  3.714401126e-01 
  3.779568672e-01 
  3.754509091e-01 
  3.748138845e-01 
  3.589359820e-01 
  3.672311902e-01 
  3.524284661e-01 
  3.560554683e-01 
  3.447055519e-01 
  3.559919894e-01 
  3.487343788e-01 
  3.523058593e-01 
  3.308917582e-01 
  3.497815728e-01 
  3.334378600e-01 
  3.391259611e-01 
  3.404107094e-01 
  3.304820955e-01 
  3.234597743e-01 
  2.926373780e-01 
  3.157058656e-01 
  3.133684397e-01 
  3.077073097e-01 
  2.980780900e-01 
  2.933385968e-01 
  2.975314558e-01 
  2.964397669e-01 
  2.828026712e-01 
  2.933212221e-01 
  2.893574536e-01 
  2.859571874e-01 
  2.806131840e-01 
  2.796961069e-01 
  2.780871987e-01 
  2.799070179e-01 
  2.799926102e-01 
  2.744105160e-01 
  2.658398747e-01 
  2.567996383e-01 
  2.565981448e-01 
  2.443007827e-01 
  2.350223958e-01 
  2.245625705e-01 
  2.109846324e-01 
  1.989119202e-01 
  1.919650286e-01 
  1.909938604e-01 
  1.825171411e-01 
  1.865157336e-01 
  1.887517273e-01 
  1.828701049e-01 
  1.782139838e-01 
  1.841529608e-01 
  1.812158823e-01 
  1.882096678e-01 
  2.031171918e-01 
  2.090958804e-01 
  2.026400566e-01 
  1.859966666e-01 
  1.639947593e-01 
  1.670366973e-01 
  1.865780354e-01 
  1.993770450e-01 
  2.021503299e-01 
  2.092516124e-01 
  2.070503682e-01 
  1.964326650e-01 
  1.996174604e-01 
  1.910077929e-01 
  1.842268407e-01 
  1.777929813e-01 
  1.806331426e-01 
  1.862889528e-01 
  1.887132674e-01 
  1.905855387e-01 
  1.891961843e-01 
  1.908753812e-01 
  1.912849247e-01 
  1.923799068e-01 
  1.920862049e-01 
  1.965596676e-01 
  1.976260841e-01 
  2.077672929e-01 
  2.107794732e-01 
  2.101682127e-01 
  2.080264837e-01 
  2.059223950e-01 
  2.150377929e-01 
  2.181725800e-01 
  2.136971503e-01 
  2.173348367e-01 
  2.115956098e-01 
  2.146981806e-01 
  2.156784683e-01 
  2.079136372e-01 
  2.131786793e-01 
  2.145303190e-01 
  2.124695331e-01 
  2.096598595e-01 
  2.090781480e-01 
  2.075804174e-01 
  2.034129053e-01 
  2.082235962e-01 
  2.025331706e-01 
  2.009530813e-01 
  2.025349587e-01 
  1.995325238e-01 
  1.978630871e-01 
  1.858377755e-01 
  1.942930073e-01 
  1.979848295e-01 
  1.956009716e-01 
  1.932342052e-01 
  1.911953837e-01 
  1.804299206e-01 
  1.914696693e-01 
  1.946843266e-01 
  1.942548305e-01 
  1.933958977e-01 
  1.921857446e-01 
  1.881666332e-01 
  1.875781268e-01 
  1.863246113e-01 
  1.793260127e-01 
  1.714325100e-01 
  1.820469797e-01 
  1.828191131e-01 
  1.824733466e-01 
  1.725246310e-01 
  1.749406159e-01 
  1.802998930e-01 
  1.795491725e-01 
  1.805572212e-01 
  1.771086901e-01 
  1.650888324e-01 
  1.753907651e-01 
  1.688949019e-01 
  1.738251001e-01 
  1.747108102e-01 
  1.732585728e-01 
  1.735490710e-01 
  1.734851897e-01 
  1.734082848e-01 
  1.725037247e-01 
  1.704239398e-01 
  1.710600257e-01 
  1.703195721e-01 
  1.689131707e-01 
  1.676375270e-01 
  1.689778119e-01 
  1.676247120e-01 
  1.678348929e-01 
  1.618866324e-01 
  1.667219698e-01 
  1.662272215e-01 
  1.653736383e-01 
  1.649674475e-01 
  1.626109183e-01 
  1.633894742e-01 
  1.626468152e-01 
  1.611057520e-01 
  1.616032422e-01 
  1.611707509e-01 
  1.605655998e-01 
  1.582144201e-01 
  1.569619924e-01 
  1.577829272e-01 
  1.562873721e-01 
  1.539950669e-01 
  1.519843638e-01 
  1.540089399e-01 
  1.522322744e-01 
  1.508259028e-01 
  1.514213830e-01 
  1.502941698e-01 
  1.491004825e-01 
  1.474424154e-01 
  1.463456750e-01 
  1.444844157e-01 
  1.440487504e-01 
  1.430695802e-01 
  1.420432776e-01 
  1.395911872e-01 
  1.389498562e-01 
  1.363326907e-01 
  1.353673488e-01 
  1.339023262e-01 
  1.291039735e-01 
  1.296524704e-01 
  1.268256158e-01 
  1.265083253e-01 
  1.263405383e-01 
  1.229283735e-01 
  1.205870286e-01 
  1.210145056e-01 
  1.239071414e-01 
  1.251772046e-01 
  1.251795739e-01 
  1.253231913e-01 
  1.249635965e-01 
  1.257511228e-01 
  1.258783191e-01 
  1.256553531e-01 
  1.252163500e-01 
  1.242256016e-01 
  1.235297844e-01 
  1.200465634e-01 
  1.065957770e-01 
  1.169004068e-01 
  1.214446351e-01 
  1.221230477e-01 
  1.216072589e-01 
  1.217328757e-01 
  1.196058840e-01 
  1.196780130e-01 
  1.165646389e-01 
  1.179860458e-01 
  1.185976788e-01 
  1.184044555e-01 
  1.157636121e-01 
  1.159865782e-01 
  1.150424257e-01 
  1.134468913e-01 
  1.120661944e-01 
  1.128288135e-01 
  1.119623855e-01 
  1.113244966e-01 
  1.092000380e-01 
  1.072068289e-01 
  1.065715700e-01 
  1.067246720e-01 
  1.063418910e-01 
  1.054544151e-01 
  1.044584811e-01 
  1.032222286e-01 
  1.023834273e-01 
  1.017743573e-01 
  1.001812965e-01 
  9.484025091e-02 
  9.691160917e-02 
  9.378195554e-02 
  9.633884579e-02 
  9.703516215e-02 
  9.434175491e-02 
  9.383324534e-02 
  9.114505351e-02 
  8.981674910e-02 
  9.047620744e-02 
  9.160890430e-02 
  9.199780226e-02 
  9.109967947e-02 
  8.928495646e-02 
  8.589152992e-02 
  8.318008482e-02 
  7.528851181e-02 
  7.455571741e-02 
  7.356851548e-02 
  7.206697762e-02 
  7.472684234e-02 
  7.597125322e-02 
  7.680083066e-02 
  7.612995803e-02 
  7.640515268e-02 
  7.681422681e-02 
  7.619475573e-02 
  7.601455599e-02 
  7.682216913e-02 
  7.648967952e-02 
  7.442665845e-02 
  7.161209732e-02 
  6.523827463e-02 
  6.046504900e-02 
  5.802458152e-02 
  5.424195528e-02 
  5.251100287e-02 
  4.868630692e-02 
  4.690642655e-02 
  4.483589530e-02 
  4.197468981e-02 
  4.038897902e-02 
  3.861556947e-02 
  3.711011633e-02 
  3.525198251e-02 
  3.452289477e-02 
  3.249128535e-02 
  3.074900806e-02 
  3.062577173e-02 
  3.020664863e-02 
  3.051982820e-02 
  3.119148128e-02 
  3.115159646e-02 
  3.145584464e-02 
  3.057784215e-02 
  3.032782860e-02 
  2.974164300e-02 
  3.087267093e-02 
  3.265026584e-02 
  3.527114913e-02 
  3.679664433e-02 
  3.782272711e-02 
  3.751821816e-02 
  3.659820184e-02 
  3.632387519e-02 
  3.472798690e-02 
  3.335896134e-02 
  3.097454272e-02 
  2.940557152e-02 
  2.804899588e-02 
  2.817235887e-02 
  2.926255204e-02 
  2.992250212e-02 
  3.147621825e-02 
  3.333692998e-02 
  3.481940180e-02 
  3.547641262e-02 
  3.490643948e-02 
  3.482148424e-02 
  3.325501829e-02 
  3.187681735e-02 
  3.049189225e-02 
  3.081545047e-02 
  3.219842538e-02 
  3.323924541e-02 
  3.326912969e-02 
  3.272685036e-02 
  3.156473860e-02 
  3.177145123e-02 
  3.313878179e-02 
  3.350137174e-02 
  3.293088451e-02 
  3.301265836e-02 
  3.257172927e-02 
  3.261156380e-02 
  3.338311240e-02 
  3.434189782e-02 
  3.552349284e-02 
  3.678352758e-02 
  3.528128937e-02 
  3.643501177e-02 
  3.660012409e-02 
  3.727979586e-02 
  3.774898127e-02 
  3.809612244e-02 
  3.808389977e-02 
  3.756099194e-02 
  3.761777654e-02 
  3.920520097e-02 
  3.873138130e-02 
  3.859999031e-02 
  3.847786784e-02 
  3.877348825e-02 
  3.715079650e-02 
  3.809936345e-02 
  3.917942569e-02 
  3.854944184e-02 
  3.744265065e-02 
  3.630078956e-02 
  3.633249179e-02 
  3.622594103e-02 
  3.516767174e-02 
  3.614401445e-02 
  3.631732613e-02 
  3.648465872e-02 
  3.700822964e-02 
  3.746154532e-02 
  3.535010666e-02 
  3.722186387e-02 
  3.607695177e-02 
  3.659373522e-02 
  3.692023456e-02 
  3.679779544e-02 
  3.757117316e-02 
  3.774953634e-02 
  3.801975772e-02 
  3.765847534e-02 
  3.684113547e-02 
  3.674170002e-02 
  3.695195541e-02 
  3.887583315e-02 
  4.027768970e-02 
  4.056721926e-02 
  4.129983485e-02 
  4.171060771e-02 
  4.230526462e-02 
  4.170195386e-02 
  4.033078626e-02 
  3.982508183e-02 
  3.851852193e-02 
  3.815101460e-02 
  3.781080991e-02 
  3.760488331e-02 
  3.593484685e-02 
  3.624949977e-02 
  3.474902362e-02 
  3.423374146e-02 
  3.365778923e-02 
  3.392080218e-02 
  3.521644697e-02 
  3.705186024e-02 
  3.717675060e-02 
  3.783099353e-02 
  3.778729215e-02 
  3.738214821e-02 
  3.634029627e-02 
  3.615418449e-02 
  3.652517125e-02 
  3.642190248e-02 
  3.736736253e-02 
  3.666767478e-02 
  3.688969091e-02 
  3.740768135e-02 
  3.717184067e-02 
  3.822665662e-02 
  3.338943049e-02 
  3.965731710e-02 
  4.089487717e-02 
  4.184094444e-02 
  4.088291526e-02 
  4.207317904e-02 
  4.185419157e-02 
  4.185897484e-02 
  4.121028632e-02 
  4.210123792e-02 
  4.301153868e-02 
  4.275749624e-02 
  4.378602654e-02 
  4.348397255e-02 
  4.280652478e-02 
  3.820516542e-02 
  3.982524201e-02 
  4.000957310e-02 
  4.045310244e-02 
  4.258516058e-02 
  4.201475158e-02 
  4.230262712e-02 
  4.292237014e-02 
  4.315919429e-02 
  4.234276339e-02 
  4.220218584e-02 
  4.151523858e-02 
  4.233533144e-02 
  4.187098891e-02 
  4.162157699e-02 
  4.249445722e-02 
  4.201300070e-02 
  4.249508679e-02 
  4.175464809e-02 
  4.140314087e-02 
  4.234718904e-02 
  4.186832905e-02 
  4.075530171e-02 
  4.180386662e-02 
  4.130854458e-02 
  4.154492542e-02 
  4.130368680e-02 
  3.859852999e-02 
  4.117144644e-02 
  4.083921015e-02 
  4.054977000e-02 
  3.984429687e-02 
  3.991164267e-02 
  4.034033418e-02 
  4.040268064e-02 
  3.922916576e-02 
  3.997214139e-02 
  3.842969984e-02 
  3.914381191e-02 
  3.927405551e-02 
  3.907714412e-02 
  3.949452564e-02 
  3.955954686e-02 
  3.949792311e-02 
  3.902925551e-02 
  3.778598458e-02 
  3.865368664e-02 
  3.834072500e-02 
  3.804202750e-02 
  3.859438375e-02 
  3.830513358e-02 
  3.679702431e-02 
  3.731264547e-02 
  3.650169075e-02 
  3.759788349e-02 
  3.720845282e-02 
  3.711447865e-02 
  3.637926653e-02 
  3.713275120e-02 
  3.702370450e-02 
  3.635347262e-02 
  3.550124913e-02 
  3.589281812e-02 
  3.512228653e-02 
  3.491246328e-02 
  3.393983096e-02 
  3.381104395e-02 
  3.274518624e-02 
  3.353673965e-02 
  3.341192752e-02 
  3.282788023e-02 
  3.289107233e-02 
  3.049300797e-02 
  3.267607838e-02 
  2.944601886e-02 
  3.216283023e-02 
  3.229673952e-02 
  3.293220699e-02 
  3.263092786e-02 
  3.196547180e-02 
  3.234993294e-02 
  3.204664215e-02 
  3.296393529e-02 
  3.246757761e-02 
  3.207355738e-02 
  3.152885661e-02 
  2.878549509e-02 
  3.093394078e-02 
  3.016640060e-02 
  3.167557344e-02 
  3.226138651e-02 
  3.189591318e-02 
  3.193002567e-02 
  2.983487770e-02 
  3.081751429e-02 
  3.109937161e-02 
  2.974376269e-02 
  2.998260595e-02 
  2.864838205e-02 
  2.925676480e-02 
  2.901219949e-02 
  2.938567474e-02 
  2.887867391e-02 
  2.872302942e-02 
  2.874665335e-02 
  2.898420021e-02 
  2.880072407e-02 
  2.696407586e-02 
  2.777417377e-02 
  2.807986178e-02 
  2.874083258e-02 
  2.838788740e-02 
  2.886785939e-02 
  2.705720253e-02 
  2.785290033e-02 
  2.864934504e-02 
  2.855742164e-02 
  2.783105709e-02 
  2.739822119e-02 
  2.801823616e-02 
  2.854309045e-02 
  2.868585847e-02 
  2.793545276e-02 
  2.817751653e-02 
  2.807523683e-02 
  2.821729332e-02 
  2.812913246e-02 
  2.727350034e-02 
  2.763175964e-02 
  2.754016593e-02 
  2.710537240e-02 
  2.636858262e-02 
  2.700900100e-02 
  2.683184855e-02 
  2.552141622e-02 
  2.527309768e-02 
  2.489698306e-02 
  2.494779788e-02 
  2.470595762e-02 
  2.461449988e-02 
  2.517889254e-02 
  2.472575568e-02 
  2.470879257e-02 
  2.494460158e-02 
  2.511540614e-02 
  2.494215220e-02 
  2.431143820e-02 
  2.486697771e-02 
  2.425825596e-02 
  2.469101921e-02 
  2.438724600e-02 
  2.460087091e-02 
  2.408578247e-02 
  2.451702394e-02 
  2.427990362e-02 
  2.437904663e-02 
  2.388144657e-02 
  2.409746684e-02 
  2.413213626e-02 
  2.388482355e-02 
  2.365746349e-02 
  2.347737178e-02 
  2.318280935e-02 
  2.303050086e-02 
  2.322239242e-02 
  2.277405746e-02 
  2.278910764e-02 
  2.324024402e-02 
  2.303728648e-02 
  2.189437114e-02 
  2.246328630e-02 
  2.250486985e-02 
  2.224218287e-02 
  2.183175832e-02 
  2.188894339e-02 
  2.196057700e-02 
  2.160848491e-02 
  2.081663907e-02 
  2.004796267e-02 
  2.057733573e-02 
  2.103400230e-02 
  2.137219720e-02 
  2.138265967e-02 
  2.107556164e-02 
  2.111304365e-02 
  2.107596397e-02 
  2.077294514e-02 
  2.070763335e-02 
  2.092583477e-02 
  2.091445960e-02 
  2.079089917e-02 
  2.071255632e-02 
  2.067108639e-02 
  2.050111815e-02 
  2.032664977e-02 
  2.040122449e-02 
  2.022213489e-02 
  1.992056705e-02 
  1.990730688e-02 
  1.979477517e-02 
  1.934755221e-02 
  1.965149492e-02 
  1.969410665e-02 
  1.940463111e-02 
  1.931241341e-02 
  1.873263717e-02 
  1.903024875e-02 
  1.919237711e-02 
  1.769297943e-02 
  1.888286509e-02 
  1.893406920e-02 
  1.889118180e-02 
  1.885945536e-02 
  1.871650480e-02 
  1.849700883e-02 
  1.835581101e-02 
  1.846999675e-02 
  1.801219396e-02 
  1.770688221e-02 
  1.796928607e-02 
  1.703273878e-02 
  1.724932902e-02 
  1.745402813e-02 
  1.759228297e-02 
  1.746676862e-02 
  1.704512909e-02 
  1.735178940e-02 
  1.734559610e-02 
  1.706352085e-02 
  1.683493517e-02 
  1.572650671e-02 
  1.599618606e-02 
  1.606254838e-02 
  1.524857897e-02 
  1.501155738e-02 
  1.571146399e-02 
  1.591955870e-02 
  1.594160683e-02 
  1.553785708e-02 
  1.598990522e-02 
  1.569348574e-02 
  1.587820612e-02 
  1.537993457e-02 
  1.546002459e-02 
  1.504092664e-02 
  1.556277182e-02 
  1.540290751e-02 
  1.533396356e-02 
  1.505171601e-02 
  1.512934919e-02 
  1.513882820e-02 
  1.510924753e-02 
  1.484691910e-02 
  1.497176476e-02 
  1.494832151e-02 
  1.479699090e-02 
  1.482392475e-02 
  1.468959358e-02 
  1.439741347e-02 
  1.400824357e-02 
  1.413363963e-02 
  1.382791810e-02 
  1.403720863e-02 
  1.393300202e-02 
  1.389778685e-02 
  1.366773248e-02 
  1.373780891e-02 
  1.348973718e-02 
  1.348277647e-02 
  1.345593110e-02 
  1.343105175e-02 
  1.312628947e-02 
  1.277189888e-02 
  1.271370426e-02 
  1.235360373e-02 
  1.214625593e-02 
  1.224076934e-02 
  1.214790065e-02 
  1.211486664e-02 
  1.192833669e-02 
  1.173070632e-02 
  1.171415951e-02 
  1.163316239e-02 
  1.170238946e-02 
  1.177019533e-02 
  1.170362998e-02 
  1.138544735e-02 
  1.127303764e-02 
  1.100036688e-02 
  1.082135364e-02 
  1.048825681e-02 
  1.012748759e-02 
  1.018833090e-02 
  9.851690382e-03 
  9.469564073e-03 
  9.481851943e-03 
  9.045329876e-03 
  8.977885358e-03 
  8.431262337e-03 
  8.150694892e-03 
  8.095155470e-03 
  8.180787787e-03 
  8.131413721e-03 
  7.903770544e-03 
  7.769656368e-03 
  7.666886784e-03 
  7.441880181e-03 
  7.121470757e-03 
  7.094728295e-03 
  6.821803749e-03 
  6.820480805e-03 
  6.611806341e-03 
  6.228389684e-03 
  6.128558889e-03 
  5.805736408e-03 
  5.403078627e-03 
  5.634383764e-03 
  5.703147966e-03 
  5.730775651e-03 
  5.640727002e-03 
  5.540324375e-03 
  5.670292769e-03 
  5.348778330e-03 
  5.363395903e-03 
  5.174345803e-03 
  5.114683416e-03 
  4.720084369e-03 
  4.653904121e-03 
  4.630334210e-03 
  4.508137703e-03 
  4.332671408e-03 
  4.308969248e-03 
  4.046199378e-03 
  4.043035675e-03 
  3.963273484e-03 
  3.823779523e-03 
  3.978611436e-03 
  3.998970613e-03 
  4.074362107e-03 
  4.113259725e-03 
  3.969728015e-03 
  4.181346856e-03 
  4.153963644e-03 
  4.107254092e-03 
  3.801063169e-03 
  3.903854871e-03 
  3.955221735e-03 
  3.976838663e-03 
  3.945329227e-03 
  3.911454231e-03 
  3.813550808e-03 
  3.869874403e-03 
  3.867358435e-03 
  3.726985306e-03 
  3.867604770e-03 
  3.920656163e-03 
  3.996613435e-03 
  3.938430920e-03 
  4.126514774e-03 
  4.083720036e-03 
  4.095648881e-03 
  4.042469896e-03 
  4.047655500e-03 
  3.787214169e-03 
  3.714581253e-03 
  3.432502737e-03 
  3.505031113e-03 
  3.239435842e-03 
  3.094521351e-03 
  3.060896648e-03 
  3.067907644e-03 
  3.054889152e-03 
  2.985316562e-03 
  2.768311650e-03 
  3.478948493e-03 
  3.754117526e-03 
  3.824287793e-03 
  3.846928244e-03 
  3.953256179e-03 
  4.020445049e-03 
  4.045254551e-03 
  4.054305609e-03 
  4.021782894e-03 
  3.879504045e-03 
  4.059806932e-03 
  3.994497936e-03 
  3.917447291e-03 
  3.761189990e-03 
  3.879041877e-03 
  3.751069773e-03 
  3.588747233e-03 
  3.724057227e-03 
  3.624817822e-03 
  3.469387069e-03 
  3.444966394e-03 
  3.371655243e-03 
  3.310113214e-03 
  3.263361752e-03 
  3.282984719e-03 
  3.226238303e-03 
  3.242313629e-03 
  3.205148969e-03 
  3.325747559e-03 
  3.331077285e-03 
  3.419334302e-03 
  3.347339807e-03 
  3.403757000e-03 
  3.400122747e-03 
  3.386647440e-03 
  3.279499244e-03 
  3.438207787e-03 
  3.513943870e-03 
  3.482658649e-03 
  3.609667299e-03 
  3.620198695e-03 
  3.700370900e-03 
  3.676255234e-03 
  3.645950463e-03 
  3.783789696e-03 
  3.848728724e-03 
  3.797621932e-03 
  3.863677848e-03 
  3.837096039e-03 
  3.849456087e-03 
  3.853743430e-03 
  3.806429449e-03 
  3.729732707e-03 
  3.869101172e-03 
  3.869198263e-03 
  3.979583737e-03 
  3.905895399e-03 
  4.053945187e-03 
  4.076894373e-03 
  4.123252351e-03 
  4.118206445e-03 
  4.189305473e-03 
  3.994023893e-03 
  4.126879387e-03 
  4.157885443e-03 
  4.188682884e-03 
  4.056973383e-03 
  3.871574067e-03 
  3.629801795e-03 
  3.865741659e-03 
  4.098097328e-03 
  4.136645235e-03 
  4.176174756e-03 
  4.024713766e-03 
  3.899693256e-03 
  3.892382840e-03 
  3.986402415e-03 
  3.913846798e-03 
  3.900682786e-03 
  3.821671475e-03 
  3.908780869e-03 
  3.918865230e-03 
  4.057325423e-03 
  4.018378910e-03 
  4.206647165e-03 
  4.114434589e-03 
  4.236050881e-03 
  4.232168663e-03 
  4.560702015e-03 
  4.440085497e-03 
  4.734689835e-03 
  4.739264958e-03 
  4.918091930e-03 
  4.951254465e-03 
  5.121373571e-03 
  5.069959909e-03 
  4.989440553e-03 
  5.115781911e-03 
  5.349557847e-03 
  5.341638811e-03 
  5.422736052e-03 
  5.136080086e-03 
  5.503622815e-03 
  5.319692660e-03 
  5.467117298e-03 
  5.504387431e-03 
  5.541282706e-03 
  5.469599739e-03 
  5.481912289e-03 
  5.361441988e-03 
  5.376792047e-03 
  5.512023810e-03 
  5.475130863e-03 
  5.448448937e-03 
  5.389889237e-03 
  5.303777754e-03 
  5.075164605e-03 
  5.105847027e-03 
  4.929764196e-03 
  4.918545485e-03 
  4.382872954e-03 
  4.291260149e-03 
  3.780393628e-03 
  3.774395213e-03 
  3.249270609e-03 
  3.248036839e-03 
  2.934404649e-03 
  2.926293062e-03 
  2.952228533e-03 
  2.869883552e-03 
  3.037235467e-03 
  3.029024461e-03 
  3.099145368e-03 
  3.098704619e-03 
  3.120472888e-03 
  3.110613441e-03 
  3.154736478e-03 
  3.117630491e-03 
  3.229381749e-03 
  3.217770252e-03 
  3.399383044e-03 
  3.400700167e-03 
  3.685187083e-03 
  3.650305327e-03 
  3.802223830e-03 
  3.928484861e-03 
  4.221791867e-03 
  4.217326175e-03 
  4.384608474e-03 
  4.415696021e-03 
  4.538167268e-03 
  4.544979893e-03 
  4.558044486e-03 
  4.495929461e-03 
  4.584074486e-03 
  4.651476163e-03 
  4.705734085e-03 
  4.692838993e-03 
  4.548634402e-03 
  4.646211397e-03 
  4.677076358e-03 
  4.417541437e-03 
  4.562363494e-03 
  4.590462428e-03 
  4.547617864e-03 
  4.496524576e-03 
  4.453828093e-03 
  4.444370512e-03 
  4.317109473e-03 
  4.305779468e-03 
  4.274120554e-03 
  4.084192682e-03 
  4.098562058e-03 
  3.881072858e-03 
  3.852092428e-03 
  3.708370496e-03 
  3.649073420e-03 
  3.645012621e-03 
  3.665585769e-03 
  3.695582971e-03 
  3.674212610e-03 
  3.726465860e-03 
  3.720558248e-03 
  3.721256042e-03 
  3.615734167e-03 
  3.715095343e-03 
  3.694149898e-03 
  3.466913244e-03 
  3.663084004e-03 
  3.660507035e-03 
  3.668744816e-03 
  3.630658612e-03 
  3.692604834e-03 
  3.561893478e-03 
  3.765734378e-03 
  3.715440398e-03 
  3.867745632e-03 
  3.854534123e-03 
  3.933165688e-03 
  3.921153490e-03 
  3.971989732e-03 
  3.963461146e-03 
  3.890043590e-03 
  3.963466734e-03 
  3.917347174e-03 
  3.964821808e-03 
  3.888136242e-03 
  3.910020459e-03 
  3.935076762e-03 
  3.959546331e-03 
  3.950080834e-03 
  3.968600184e-03 
  3.966627643e-03 
  3.969386220e-03 
  3.932203632e-03 
  3.774946090e-03 
  3.905514022e-03 
  3.934777342e-03 
  3.804089502e-03 
  3.911147360e-03 
  3.892980516e-03 
  3.880271455e-03 
  3.886511782e-03 
  3.889442654e-03 
  3.878271440e-03 
  3.897348884e-03 
  3.830626607e-03 
  3.882324789e-03 
  3.871717025e-03 
  3.878622083e-03 
  3.859687829e-03 
  3.848482855e-03 
  3.821526654e-03 
  3.725039540e-03 
  3.804598702e-03 
  3.786934540e-03 
  3.760600695e-03 
  3.765201662e-03 
  3.754997626e-03 
  3.722306108e-03 
  3.626278834e-03 
  3.703181399e-03 
  3.720891662e-03 
  3.624987788e-03 
  3.695847932e-03 
  3.657120513e-03 
  3.652681829e-03 
  3.589419415e-03 
  3.660083050e-03 
  3.671390936e-03 
  3.600724274e-03 
  3.668494988e-03 
  3.653376130e-03 
  3.632653039e-03 
  3.647715552e-03 
  3.634374356e-03 
  3.624791978e-03 
  3.607103601e-03 
  3.604517551e-03 
  3.466450144e-03 
  3.577870084e-03 
  3.570444183e-03 
  3.545935033e-03 
  3.534878604e-03 
  3.531574039e-03 
  3.504261840e-03 
  3.480248619e-03 
  3.455695929e-03 
  3.414915409e-03 
  3.354593180e-03 
  3.382368479e-03 
  3.377571469e-03 
  3.330193227e-03 
  3.319983603e-03 
  3.287462518e-03 
  3.273330396e-03 
  3.236923832e-03 
  3.238582751e-03 
  3.231284674e-03 
  3.228134476e-03 
  3.213950433e-03 
  3.203465603e-03 
  3.182744840e-03 
  3.166568233e-03 
  3.157572355e-03 
  3.109503072e-03 
  3.106203629e-03 
  3.057050286e-03 
  2.949837362e-03 
  2.644860651e-03 
  2.888348419e-03 
  2.974277362e-03 
  3.047710052e-03 
  3.039096948e-03 
  3.059947630e-03 
  3.042766824e-03 
  3.048118670e-03 
  3.031086875e-03 
  3.029210493e-03 
  3.005107865e-03 
  2.971833339e-03 
  2.988012508e-03 
  2.868255600e-03 
  2.978572389e-03 
  2.968417946e-03 
  2.936057514e-03 
  2.858460881e-03 
  2.922680229e-03 
  2.924731234e-03 
  2.922787564e-03 
  2.913587727e-03 
  2.834874205e-03 
  2.814005362e-03 
  2.842940157e-03 
  2.870823722e-03 
  2.857771236e-03 
  2.821147675e-03 
  2.808663528e-03 
  2.795217326e-03 
  2.758293878e-03 
  2.742467448e-03 
  2.719854238e-03 
  2.711028559e-03 
  2.696053591e-03 
  2.693291521e-03 
  2.684079111e-03 
  2.708773594e-03 
  2.704360755e-03 
  2.691743663e-03 
  2.620021813e-03 
  2.581970999e-03 
  2.708387095e-03 
  2.647611313e-03 
  2.728036605e-03 
  2.720692195e-03 
  2.707052743e-03 
  2.702086233e-03 
  2.686391352e-03 
  2.681174316e-03 
  2.653858159e-03 
  2.610701369e-03 
  2.637685044e-03 
  2.641347935e-03 
  2.627841197e-03 
  2.618580125e-03 
  2.603471512e-03 
  2.596944338e-03 
  2.585865790e-03 
  2.568129916e-03 
  2.519242000e-03 
  2.521885093e-03 
  2.515512751e-03 
  2.533559687e-03 
  2.501675626e-03 
  2.500995062e-03 
  2.496385016e-03 
  2.484681085e-03 
  2.475600224e-03 
  2.457901370e-03 
  2.443606965e-03 
  2.440365730e-03 
  2.408204135e-03 
  2.353441669e-03 
  2.378256759e-03 
  2.397433622e-03 
  2.387987915e-03 
  2.344053704e-03 
  2.357648453e-03 
  2.354198601e-03 
  2.344968962e-03 
  2.338679275e-03 
  2.271299250e-03 
  2.314466983e-03 
  2.291333396e-03 
  2.284571296e-03 
  2.284222515e-03 
  2.249039477e-03 
  2.188953338e-03 
  2.233015373e-03 
  2.212225925e-03 
  2.208252437e-03 
  2.203670330e-03 
  2.202244708e-03 
  2.182364231e-03 
  2.167830477e-03 
  2.168147126e-03 
  2.087631496e-03 
  2.160609001e-03 
  2.144033089e-03 
  2.113746945e-03 
  2.128699794e-03 
  2.126174513e-03 
  2.117545344e-03 
  2.107546665e-03 
  2.085454529e-03 
  2.101033228e-03 
  2.094992902e-03 
  2.085075015e-03 
  2.050525742e-03 
  2.072197152e-03 
  2.068929840e-03 
  2.064103493e-03 
  2.054093406e-03 
  2.044293331e-03 
  1.940723741e-03 
  2.000312554e-03 
  2.002743073e-03 
  1.995646162e-03 
  1.984961098e-03 
  1.979355467e-03 
  1.979869325e-03 
  1.969564706e-03 
  1.948379911e-03 
  1.944908523e-03 
  1.915598405e-03 
  1.921698684e-03 
  1.914560911e-03 
  1.809804235e-03 
  1.854507253e-03 
  1.843960956e-03 
  1.808363129e-03 
  1.845271792e-03 
  1.847343636e-03 
  1.839211327e-03 
  1.834618510e-03 
  1.852139016e-03 
  1.843434293e-03 
  1.834193012e-03 
  1.851119916e-03 
  1.849851920e-03 
  1.849382999e-03 
  1.845880528e-03 
  1.830934896e-03 
  1.818959485e-03 
  1.821500598e-03 
  1.809839276e-03 
  1.789940754e-03 
  1.776424702e-03 
  1.714218524e-03 
  1.736307051e-03 
  1.716452069e-03 
  1.742640859e-03 
  1.732656732e-03 
  1.707653282e-03 
  1.713765087e-03 
  1.709475648e-03 
  1.625716570e-03 
  1.667980105e-03 
  1.678703120e-03 
  1.657826127e-03 
  1.686401432e-03 
  1.694779261e-03 
  1.678426750e-03 
  1.672658371e-03 
  1.662267023e-03 
  1.648520352e-03 
  1.644549542e-03 
  1.614740118e-03 
  1.589073334e-03 
  1.597591327e-03 
  1.577669522e-03 
  1.566830091e-03 
  1.523672254e-03 
  1.545572770e-03 
  1.544791157e-03 
  1.529210596e-03 
  1.519390498e-03 
  1.512377290e-03 
  1.499706879e-03 
  1.500722603e-03 
  1.489471993e-03 
  1.485218992e-03 
  1.489784801e-03 
  1.477820333e-03 
  1.482752268e-03 
  1.457229024e-03 
  1.409831457e-03 
  1.444031252e-03 
  1.458016341e-03 
  1.469408977e-03 
  1.455041463e-03 
  1.453035395e-03 
  1.476136036e-03 
  1.474903431e-03 
  1.461608335e-03 
  1.445500995e-03 
  1.441022963e-03 
  1.442520879e-03 
  1.410632278e-03 
  1.411147532e-03 
  1.377495821e-03 
  1.368268509e-03 
  1.352882828e-03 
  1.326306723e-03 
  1.339422073e-03 
  1.337586204e-03 
  1.337917056e-03 
  1.270452631e-03 
  1.310644089e-03 
  1.335631707e-03 
  1.329090446e-03 
  1.322937664e-03 
  1.336175017e-03 
  1.329597202e-03 
  1.323171658e-03 
  1.324148034e-03 
  1.258504693e-03 
  1.255726325e-03 
  1.263316022e-03 
  1.270441920e-03 
  1.255454728e-03 
  1.286971732e-03 
  1.280182507e-03 
  1.294451533e-03 
  1.290040789e-03 
  1.284553669e-03 
  1.275775256e-03 
  1.290187123e-03 
  1.276651514e-03 
  1.275868504e-03 
  1.279695309e-03 
  1.268883469e-03 
  1.268786029e-03 
  1.254831790e-03 
  1.250068308e-03 
  1.254332601e-03 
  1.243081759e-03 
  1.224783831e-03 
  1.230810652e-03 
  1.210903516e-03 
  1.199520775e-03 
  1.199619379e-03 
  1.193770324e-03 
  1.175843528e-03 
  1.174990437e-03 
  1.171573414e-03 
  1.154791215e-03 
  1.112743397e-03 
  1.108870492e-03 
  1.070438884e-03 
  1.116887201e-03 
  1.124744304e-03 
  1.154458383e-03 
  1.140214736e-03 
  1.145290211e-03 
  1.158096595e-03 
  1.148048672e-03 
  1.149557880e-03 
  1.143606030e-03 
  1.156127430e-03 
  1.141939545e-03 
  1.139356755e-03 
  1.145152375e-03 
  1.136415405e-03 
  1.122494345e-03 
  1.127584255e-03 
  1.122324262e-03 
  1.086139004e-03 
  1.072461018e-03 
  1.100642723e-03 
  1.091547776e-03 
  1.063591568e-03 
  1.089389087e-03 
  1.070707687e-03 
  1.056527835e-03 
  1.061290852e-03 
  1.030677115e-03 
  1.023854711e-03 
  1.004102756e-03 
  9.735170752e-04 
  9.741445538e-04 
  9.630038403e-04 
  9.614379378e-04 
  9.665790130e-04 
  9.580128826e-04 
  9.559950558e-04 
  9.692983003e-04 
  9.920322336e-04 
  9.802075801e-04 
  9.768942837e-04 
  9.408596670e-04 
  9.879191639e-04 
  9.931136156e-04 
  9.853896918e-04 
  9.699015645e-04 
  9.708426078e-04 
  9.620878845e-04 
  9.498050204e-04 
  9.408049518e-04 
  9.319345118e-04 
  9.109139210e-04 
  9.093442350e-04 
  9.011270013e-04 
  8.306538803e-04 
  8.646853967e-04 
  8.598321001e-04 
  8.454280323e-04 
  8.290071273e-04 
  8.430502494e-04 
  8.022538386e-04 
  8.126716129e-04 
  8.074054495e-04 
  7.450667326e-04 
  7.546312409e-04 
  7.405693759e-04 
  7.174015045e-04 
  6.962998305e-04 
  7.276489050e-04 
  6.997502642e-04 
  6.943377084e-04 
  6.555966684e-04 
  6.838074769e-04 
  6.821563002e-04 
  6.845363532e-04 
  6.807875470e-04 
  6.823941367e-04 
  6.704313564e-04 
  6.839509006e-04 
  6.752939080e-04 
  6.698879297e-04 
  6.829042686e-04 
  6.770772743e-04 
  6.790856714e-04 
  6.702085375e-04 
