  4.289585948e-01 
  1.107157350e+00 
  1.176075339e+00 
  2.972838879e+00 
  3.320707321e+00 
  5.925674438e+00 
  6.410877228e+00 
  9.357462883e+00 
  1.181317139e+01 
  1.253436661e+01 
  1.378914642e+01 
  2.636444855e+01 
  2.227760124e+01 
  2.815658951e+01 
  2.864288712e+01 
  3.404941940e+01 
  2.640368843e+01 
  3.797747803e+01 
  3.663662720e+01 
  4.103325653e+01 
  3.909419250e+01 
  4.835734177e+01 
  4.185760880e+01 
  3.668918228e+01 
  4.582081604e+01 
  5.025708771e+01 
  6.918572998e+01 
  6.917740631e+01 
  5.654969406e+01 
  6.714128876e+01 
  6.962396240e+01 
  5.590731430e+01 
  6.142099762e+01 
  6.901869202e+01 
  5.727486801e+01 
  6.133415222e+01 
  4.579460526e+01 
  4.340517807e+01 
  5.262445831e+01 
  5.265267944e+01 
  5.868193817e+01 
  4.925711060e+01 
  5.129595566e+01 
  5.111777878e+01 
  4.583368683e+01 
  5.854366684e+01 
  6.446746063e+01 
  6.085367203e+01 
  5.685175705e+01 
  6.185688782e+01 
  6.273891830e+01 
  5.909545898e+01 
  6.007156372e+01 
  5.437736130e+01 
  6.227079010e+01 
  6.260235214e+01 
  5.871608353e+01 
  3.722751617e+01 
  4.012499237e+01 
  4.004190063e+01 
  5.891996384e+01 
  4.634623337e+01 
  5.044617844e+01 
  5.323620224e+01 
  5.271401596e+01 
  4.896342087e+01 
  6.666558838e+01 
  5.917066956e+01 
  5.534793091e+01 
  5.280555725e+01 
  6.023661041e+01 
  4.771468353e+01 
  4.981256485e+01 
  4.922660065e+01 
  3.779944992e+01 
  3.432323074e+01 
  4.866419220e+01 
  4.933993149e+01 
  6.321298218e+01 
  4.819807816e+01 
  4.470787048e+01 
  4.970096970e+01 
  3.677081680e+01 
  2.536577988e+01 
  2.761744308e+01 
  4.110255051e+01 
  3.154638863e+01 
  3.579436874e+01 
  3.503824997e+01 
  3.944517517e+01 
  4.724381256e+01 
  5.220529938e+01 
  4.582434845e+01 
  2.426440048e+01 
  2.652001953e+01 
  4.396846390e+01 
  4.469764328e+01 
  1.796730042e+01 
  4.965003967e+01 
  5.879915237e+01 
  5.705624390e+01 
  5.597253799e+01 
  5.854888535e+01 
  5.412570572e+01 
  5.741202164e+01 
  5.197094727e+01 
  5.091512299e+01 
  4.895218277e+01 
  5.235383606e+01 
  5.721005630e+01 
  4.722163773e+01 
  5.474820709e+01 
  5.600988388e+01 
  5.224168777e+01 
  5.062611389e+01 
  5.331691360e+01 
  5.232925415e+01 
  5.010439301e+01 
  4.840448761e+01 
  4.897703552e+01 
  4.094346619e+01 
  5.066673660e+01 
  4.795391464e+01 
  4.000524521e+01 
  4.346804047e+01 
  4.447349167e+01 
  4.223495102e+01 
  4.013646317e+01 
  4.015419769e+01 
  3.609445953e+01 
  2.845974731e+01 
  2.528425789e+01 
  4.497409821e+01 
  3.956209183e+01 
  3.716107559e+01 
  3.995800781e+01 
  4.379182053e+01 
  4.370181656e+01 
  3.869558716e+01 
  3.701398849e+01 
  4.100986862e+01 
  4.041029739e+01 
  4.207629776e+01 
  4.187803650e+01 
  4.113681412e+01 
  4.278516388e+01 
  3.765894318e+01 
  4.247201157e+01 
  4.269950485e+01 
  4.251409912e+01 
  4.296163177e+01 
  4.591854095e+01 
  4.221870804e+01 
  3.876197433e+01 
  4.087588882e+01 
  4.071450043e+01 
  4.124900055e+01 
  4.103199387e+01 
  3.987648392e+01 
  3.944390106e+01 
  3.868262100e+01 
  3.965808105e+01 
  3.859798431e+01 
  3.819920731e+01 
  3.792218399e+01 
  3.697675705e+01 
  3.774916840e+01 
  3.603696060e+01 
  3.775013351e+01 
  3.702632141e+01 
  3.613372803e+01 
  3.569127655e+01 
  3.574976730e+01 
  3.499050903e+01 
  3.490336227e+01 
  3.593455124e+01 
  3.446623611e+01 
  3.379436493e+01 
  3.509613419e+01 
  3.315474319e+01 
  3.345718384e+01 
  3.291003799e+01 
  3.325432205e+01 
  3.294946289e+01 
  3.136046219e+01 
  3.127201462e+01 
  2.510081291e+01 
  2.793115997e+01 
  3.002646828e+01 
  2.763627434e+01 
  3.115253258e+01 
  2.886425209e+01 
  2.746555328e+01 
  2.929128456e+01 
  2.802115631e+01 
  2.966350746e+01 
  2.860857010e+01 
  2.748217964e+01 
  2.657306862e+01 
  2.625308228e+01 
  2.588602638e+01 
  2.506293678e+01 
  2.466058350e+01 
  2.588151741e+01 
  2.385120773e+01 
  2.548190880e+01 
  2.702321053e+01 
  2.490777397e+01 
  2.366388321e+01 
  2.528014755e+01 
  2.426758194e+01 
  2.404936600e+01 
  2.500728035e+01 
  2.267584801e+01 
  2.199539566e+01 
  2.224864197e+01 
  2.315488815e+01 
  1.689914894e+01 
  2.072949409e+01 
  1.945896149e+01 
  2.122763824e+01 
  2.104541588e+01 
  2.168096352e+01 
  2.001338577e+01 
  2.151672554e+01 
  2.115158272e+01 
  1.997571945e+01 
  1.729254341e+01 
  2.058157539e+01 
  2.097605705e+01 
  1.964323044e+01 
  2.119086075e+01 
  2.003622055e+01 
  1.744311523e+01 
  1.880123711e+01 
  1.901417542e+01 
  1.999930191e+01 
  1.839261627e+01 
  1.908584404e+01 
  1.885805321e+01 
  1.829577637e+01 
  1.663259506e+01 
  1.839466286e+01 
  1.744496918e+01 
  1.824344444e+01 
  1.781922913e+01 
  1.727558708e+01 
  1.785764313e+01 
  1.642982674e+01 
  1.714626694e+01 
  1.663147163e+01 
  1.639364243e+01 
  1.696247101e+01 
  1.616693306e+01 
  1.656137848e+01 
  1.647537041e+01 
  1.589365482e+01 
  1.529933548e+01 
  1.575449085e+01 
  1.477352619e+01 
  1.472104931e+01 
  1.605120468e+01 
  1.461677170e+01 
  1.517187214e+01 
  1.484039688e+01 
  1.489758778e+01 
  1.362694168e+01 
  1.449946880e+01 
  1.433587933e+01 
  1.392945290e+01 
  1.389281654e+01 
  1.330099773e+01 
  1.394099140e+01 
  1.397201443e+01 
  1.378982830e+01 
  1.334916878e+01 
  1.300970268e+01 
  1.345646667e+01 
  1.297596169e+01 
  1.279253006e+01 
  1.314997768e+01 
  1.283577633e+01 
  1.294621372e+01 
  1.295081234e+01 
  1.282342148e+01 
  1.265273857e+01 
  1.202669239e+01 
  1.240217781e+01 
  1.218897247e+01 
  1.073529243e+01 
  1.113178921e+01 
  1.173933506e+01 
  1.143720341e+01 
  1.147289276e+01 
  1.149731541e+01 
  1.120221710e+01 
  1.139409065e+01 
  1.134611797e+01 
  1.103421402e+01 
  1.095847893e+01 
  1.088516712e+01 
  1.074770546e+01 
  1.055693150e+01 
  1.055051517e+01 
  1.081374359e+01 
  1.071519375e+01 
  1.052022266e+01 
  1.039138031e+01 
  1.028450584e+01 
  1.011132145e+01 
  9.883433342e+00 
  9.977521896e+00 
  9.782675743e+00 
  9.576224327e+00 
  9.169667244e+00 
  9.545648575e+00 
  9.016345978e+00 
  9.007538795e+00 
  9.369864464e+00 
  9.222134590e+00 
  9.295974731e+00 
  9.392600060e+00 
  8.837260246e+00 
  8.846029282e+00 
  8.795831680e+00 
  8.499617577e+00 
  8.484257698e+00 
  8.558128357e+00 
  8.313831329e+00 
  8.515133858e+00 
  8.177735329e+00 
  8.437810898e+00 
  7.819228172e+00 
  8.346327782e+00 
  8.053554535e+00 
  8.153132439e+00 
  7.820344448e+00 
  8.031814575e+00 
  8.111433983e+00 
  7.996739864e+00 
  7.700941086e+00 
  7.765188694e+00 
  7.626513004e+00 
  7.709928989e+00 
  7.574971199e+00 
  7.589824200e+00 
  7.255118370e+00 
  7.309296608e+00 
  7.253140450e+00 
  7.350269318e+00 
  6.770153522e+00 
  7.247873783e+00 
  7.063751221e+00 
  7.163214684e+00 
  7.025747776e+00 
  6.797848225e+00 
  5.736323357e+00 
  6.085282803e+00 
  6.738139153e+00 
  6.710248470e+00 
  6.723253250e+00 
  6.716663361e+00 
  6.773983479e+00 
  6.657529354e+00 
  6.512759209e+00 
  6.502187252e+00 
  6.541553497e+00 
  6.373557568e+00 
  6.371829033e+00 
  6.424861908e+00 
  6.310147285e+00 
  6.206214428e+00 
  6.149247646e+00 
  6.156540394e+00 
  6.131926060e+00 
  6.002511978e+00 
  6.079580784e+00 
  5.923312187e+00 
  5.985619068e+00 
  5.865971088e+00 
  5.785740376e+00 
  5.757094383e+00 
  5.710543633e+00 
  5.714257240e+00 
  5.576838970e+00 
  5.607315540e+00 
  5.319309711e+00 
  4.798073292e+00 
  4.901441097e+00 
  4.847693443e+00 
  4.912283421e+00 
  5.005280972e+00 
  5.014120579e+00 
  5.005878925e+00 
  5.004148960e+00 
  4.921819210e+00 
  4.969948292e+00 
  5.032983780e+00 
  4.892978191e+00 
  4.883491516e+00 
  4.809315681e+00 
  4.659657001e+00 
  4.620502949e+00 
  4.714797020e+00 
  4.703592300e+00 
  4.688148499e+00 
  4.616056442e+00 
  4.528320312e+00 
  4.641979218e+00 
  4.469325066e+00 
  4.526450157e+00 
  4.474625587e+00 
  4.404047966e+00 
  4.346201897e+00 
  4.389750004e+00 
  4.190688133e+00 
  4.253488541e+00 
  3.987493277e+00 
  3.869561911e+00 
  3.777600765e+00 
  3.745624781e+00 
  3.889351130e+00 
  3.990362883e+00 
  3.919866085e+00 
  3.819011450e+00 
  3.769907713e+00 
  3.737293243e+00 
  3.784821987e+00 
  3.684315443e+00 
  3.552919388e+00 
  3.657143831e+00 
  3.569201469e+00 
  3.678115129e+00 
  3.664521694e+00 
  3.751679659e+00 
  3.689343691e+00 
  3.580417156e+00 
  3.622345686e+00 
  3.613415956e+00 
  3.485830545e+00 
  3.519559622e+00 
  3.484112501e+00 
  3.412652254e+00 
  3.503672123e+00 
  3.523007870e+00 
  3.416725159e+00 
  3.448583126e+00 
  3.483711004e+00 
  3.403452396e+00 
  3.386775017e+00 
  3.317860126e+00 
  3.291555643e+00 
  3.325958729e+00 
  3.277350664e+00 
  3.311108351e+00 
  3.274518013e+00 
  3.193306446e+00 
  3.199336052e+00 
  3.173127174e+00 
  2.869859457e+00 
  1.549233794e+00 
  1.422119737e+00 
  2.104628325e+00 
  1.917692065e+00 
  2.027904749e+00 
  2.284971476e+00 
  2.432704926e+00 
  2.596336365e+00 
  2.790783644e+00 
  2.841475725e+00 
  2.851761580e+00 
  2.858791590e+00 
  2.837409735e+00 
  2.812952042e+00 
  2.830096483e+00 
  2.710377216e+00 
  2.807774782e+00 
  2.773775339e+00 
  2.744377375e+00 
  2.738808632e+00 
  2.690689087e+00 
  2.672679186e+00 
  2.690684319e+00 
  2.614039421e+00 
  2.614484310e+00 
  2.604830742e+00 
  2.542163372e+00 
  2.559027433e+00 
  2.503533602e+00 
  2.491264582e+00 
  2.452107906e+00 
  2.429424763e+00 
  2.380999327e+00 
  2.371942043e+00 
  2.347447872e+00 
  2.315329075e+00 
  2.324226618e+00 
  2.331994295e+00 
  2.333067894e+00 
  2.316576242e+00 
  2.236674309e+00 
  2.267604351e+00 
  2.250922441e+00 
  2.208590984e+00 
  2.221114397e+00 
  2.156766653e+00 
  2.208633900e+00 
  2.184560299e+00 
  2.157561302e+00 
  2.107154608e+00 
  2.083609819e+00 
  2.099138737e+00 
  2.071950436e+00 
  2.041455984e+00 
  2.013836622e+00 
  1.964830637e+00 
  1.916376114e+00 
  1.919466257e+00 
  1.899926543e+00 
  1.846401930e+00 
  1.825558066e+00 
  1.907527089e+00 
  1.821729183e+00 
  1.779915571e+00 
  1.846124768e+00 
  1.868356466e+00 
  1.864851832e+00 
  1.845219016e+00 
  1.810727715e+00 
  1.808474064e+00 
  1.779570580e+00 
  1.741733313e+00 
  1.769556642e+00 
  1.710866809e+00 
  1.733287930e+00 
  1.738502264e+00 
  1.746886015e+00 
  1.723660827e+00 
  1.726268172e+00 
  1.667027354e+00 
  1.704367518e+00 
  1.697812438e+00 
  1.681449294e+00 
  1.667469740e+00 
  1.634462833e+00 
  1.652469039e+00 
  1.659639478e+00 
  1.596187711e+00 
  1.633747458e+00 
  1.629121065e+00 
  1.400994420e+00 
  1.596303463e+00 
  1.528516531e+00 
  1.540380716e+00 
  1.232428432e+00 
  1.350887775e+00 
  1.526708484e+00 
  1.544362903e+00 
  1.512724400e+00 
  1.506052256e+00 
  1.485807896e+00 
  1.478631139e+00 
  1.466938138e+00 
  1.487947106e+00 
  1.478054881e+00 
  1.443754554e+00 
  1.205351949e+00 
  1.277531385e+00 
  1.379036665e+00 
  1.353348613e+00 
  1.402569532e+00 
  1.394065142e+00 
  1.382039428e+00 
  1.381065369e+00 
  1.344484568e+00 
  1.325922251e+00 
  1.330664635e+00 
  1.350878000e+00 
  1.321300745e+00 
  1.318201303e+00 
  1.304343820e+00 
  1.230718851e+00 
  1.292598605e+00 
  1.257383108e+00 
  1.262264252e+00 
  1.269051790e+00 
  1.221282721e+00 
  1.203696847e+00 
  1.234034061e+00 
  1.236777782e+00 
  1.226827621e+00 
  1.214256763e+00 
  1.202120662e+00 
  1.143002510e+00 
  1.171517253e+00 
  1.094884157e+00 
  1.115090132e+00 
  1.067200303e+00 
  1.056428194e+00 
  1.029888511e+00 
  1.002453566e+00 
  9.715691209e-01 
  9.503250122e-01 
  1.031415105e+00 
  1.064446688e+00 
  1.055981517e+00 
  1.009164333e+00 
  9.979962707e-01 
  9.523551464e-01 
  9.325051308e-01 
  9.415338039e-01 
  9.440521598e-01 
  9.373720288e-01 
  9.356016517e-01 
  9.349668026e-01 
  9.217548370e-01 
  9.310033917e-01 
  9.164488912e-01 
  9.130203724e-01 
  9.396575689e-01 
  9.415515065e-01 
  9.136418700e-01 
  9.012029767e-01 
  8.557816744e-01 
  8.787657619e-01 
  8.857689500e-01 
  8.500304222e-01 
  8.672915101e-01 
  8.533964753e-01 
  8.165427446e-01 
  7.841201425e-01 
  7.502790689e-01 
  7.012488842e-01 
  6.723548770e-01 
  6.360886097e-01 
  6.210934520e-01 
  6.244310141e-01 
  6.329350471e-01 
  6.535281539e-01 
  7.368112206e-01 
  7.416671515e-01 
  7.119773626e-01 
  6.583515406e-01 
  6.498338580e-01 
  6.265193820e-01 
  6.439274549e-01 
  6.507039070e-01 
  6.568520665e-01 
  6.655430794e-01 
  6.638831496e-01 
  6.586364508e-01 
  6.685324311e-01 
  6.480744481e-01 
  6.558966041e-01 
  6.598550677e-01 
  6.040692925e-01 
  6.394454837e-01 
  6.686384082e-01 
  6.751677394e-01 
  6.697529554e-01 
  6.591960192e-01 
  6.468550563e-01 
  6.497395635e-01 
  6.625369787e-01 
  6.546421647e-01 
  6.583493352e-01 
  6.375770569e-01 
  6.656765938e-01 
  6.761813164e-01 
  6.876192689e-01 
  6.871957183e-01 
  6.780076623e-01 
  6.770389080e-01 
  6.615729928e-01 
  6.413650513e-01 
  6.373249292e-01 
  6.480368972e-01 
  6.384434104e-01 
  6.507173777e-01 
  6.317351460e-01 
  6.483052969e-01 
  6.525214314e-01 
  6.460299492e-01 
  6.471926570e-01 
  6.461037993e-01 
  6.465824246e-01 
  6.431778669e-01 
  6.498407125e-01 
  6.396456957e-01 
  6.292150021e-01 
  6.324499249e-01 
  6.367101073e-01 
  6.287317276e-01 
  6.260622144e-01 
  6.283136606e-01 
  6.222616434e-01 
  6.195864677e-01 
  6.170359850e-01 
  6.114583015e-01 
  6.071519852e-01 
  6.001055241e-01 
  5.996712446e-01 
  5.941557884e-01 
  5.853698850e-01 
  5.793896317e-01 
  5.395169854e-01 
  5.657203197e-01 
  5.732999444e-01 
  5.716851950e-01 
  5.636988878e-01 
  5.645192266e-01 
  5.615742207e-01 
  5.604326129e-01 
  5.546488166e-01 
  5.563021302e-01 
  5.439006686e-01 
  5.455085635e-01 
  5.381635427e-01 
  5.426158905e-01 
  5.273390412e-01 
  5.243992209e-01 
  5.280506611e-01 
  5.173713565e-01 
  5.245358348e-01 
  5.193934441e-01 
  5.181615353e-01 
  5.172909498e-01 
  5.118983984e-01 
  5.112789869e-01 
  5.020116568e-01 
  5.055269599e-01 
  5.021702647e-01 
  4.986223280e-01 
  4.875705242e-01 
  4.908752143e-01 
  4.837738574e-01 
  4.880780578e-01 
  4.759005308e-01 
  4.787355363e-01 
  4.787902832e-01 
  4.712479413e-01 
  4.718668759e-01 
  4.713995457e-01 
  4.614441693e-01 
  4.641746283e-01 
  4.603508413e-01 
  4.451789856e-01 
  4.515404403e-01 
  4.541662335e-01 
  4.493637383e-01 
  4.448814094e-01 
  4.431468844e-01 
  4.393037856e-01 
  4.377562106e-01 
  4.315120578e-01 
  4.329248965e-01 
  4.300239086e-01 
  4.274708033e-01 
  4.211253524e-01 
  4.062810540e-01 
  4.193410575e-01 
  4.030528963e-01 
  4.124793410e-01 
  4.037869573e-01 
  4.072767794e-01 
  4.050119519e-01 
  3.910799623e-01 
  3.987206519e-01 
  3.953994811e-01 
  3.642114103e-01 
  3.845502436e-01 
  3.836457133e-01 
  3.832200468e-01 
  3.692412972e-01 
  3.808779716e-01 
  3.681320548e-01 
  3.745908737e-01 
  3.721069396e-01 
  3.714750111e-01 
  3.557391763e-01 
  3.639572859e-01 
  3.492869437e-01 
  3.528837860e-01 
  3.416334391e-01 
  3.528175056e-01 
  3.456197381e-01 
  3.491609693e-01 
  3.279436529e-01 
  3.466657698e-01 
  3.304611146e-01 
  3.360972703e-01 
  3.373720050e-01 
  3.275287747e-01 
  3.205615878e-01 
  2.900123596e-01 
  3.128744364e-01 
  3.105581701e-01 
  3.049462438e-01 
  2.953840494e-01 
  2.906674147e-01 
  2.948235273e-01 
  2.937447131e-01 
  2.802300453e-01 
  2.906545997e-01 
  2.867229879e-01 
  2.833440602e-01 
  2.780387998e-01 
  2.771323621e-01 
  2.755395174e-01 
  2.773500383e-01 
  2.774327397e-01 
  2.718968391e-01 
  2.633839548e-01 
  2.543984950e-01 
  2.541901767e-01 
  2.419792116e-01 
  2.327743918e-01 
  2.223885208e-01 
  2.089205086e-01 
  1.969548017e-01 
  1.900640726e-01 
  1.890997887e-01 
  1.806967407e-01 
  1.846605837e-01 
  1.868780851e-01 
  1.810528487e-01 
  1.764422357e-01 
  1.823232621e-01 
  1.794173270e-01 
  1.863530725e-01 
  2.011406869e-01 
  2.070695460e-01 
  2.006649077e-01 
  1.841662228e-01 
  1.623537838e-01 
  1.653669626e-01 
  1.847451478e-01 
  1.974381208e-01 
  2.002065033e-01 
  2.072491944e-01 
  2.050641179e-01 
  1.945402324e-01 
  1.976912618e-01 
  1.891560704e-01 
  1.824320555e-01 
  1.760484725e-01 
  1.788637489e-01 
  1.844743639e-01 
  1.868842840e-01 
  1.887425929e-01 
  1.873678416e-01 
  1.890377253e-01 
  1.894468218e-01 
  1.905364245e-01 
  1.902451962e-01 
  1.946862489e-01 
  1.957548857e-01 
  2.058320045e-01 
  2.088315338e-01 
  2.082390487e-01 
  2.061222941e-01 
  2.040483952e-01 
  2.130888700e-01 
  2.162039131e-01 
  2.117704898e-01 
  2.153767943e-01 
  2.096913755e-01 
  2.127672732e-01 
  2.137383670e-01 
  2.060445547e-01 
  2.112632990e-01 
  2.126052380e-01 
  2.105615288e-01 
  2.077757269e-01 
  2.071993053e-01 
  2.057186365e-01 
  2.015916258e-01 
  2.063576430e-01 
  2.007150501e-01 
  1.991491020e-01 
  2.007155716e-01 
  1.977370828e-01 
  1.960796416e-01 
  1.841630340e-01 
  1.925437599e-01 
  1.962064207e-01 
  1.938427836e-01 
  1.914931685e-01 
  1.894718111e-01 
  1.788059026e-01 
  1.897525787e-01 
  1.929402649e-01 
  1.925172359e-01 
  1.916654110e-01 
  1.904657334e-01 
  1.864800900e-01 
  1.858972013e-01 
  1.846536249e-01 
  1.777175069e-01 
  1.698933393e-01 
  1.804133058e-01 
  1.811782271e-01 
  1.808331311e-01 
  1.709712148e-01 
  1.733645797e-01 
  1.786797494e-01 
  1.779381782e-01 
  1.789383143e-01 
  1.755208224e-01 
  1.636082530e-01 
  1.738174260e-01 
  1.673800498e-01 
  1.722667664e-01 
  1.731466353e-01 
  1.717072427e-01 
  1.719956845e-01 
  1.719335020e-01 
  1.718577445e-01 
  1.709605008e-01 
  1.688984036e-01 
  1.695290953e-01 
  1.687959433e-01 
  1.674026400e-01 
  1.661385149e-01 
  1.674683392e-01 
  1.661276221e-01 
  1.663362384e-01 
  1.604417413e-01 
  1.652345061e-01 
  1.647445410e-01 
  1.638989300e-01 
  1.634963304e-01 
  1.611605734e-01 
  1.619318575e-01 
  1.611949801e-01 
  1.596674770e-01 
  1.601604670e-01 
  1.597316861e-01 
  1.591314971e-01 
  1.568009853e-01 
  1.555591226e-01 
  1.563719660e-01 
  1.548889428e-01 
  1.526166797e-01 
  1.506227702e-01 
  1.526284516e-01 
  1.508667469e-01 
  1.494719684e-01 
  1.500610709e-01 
  1.489429027e-01 
  1.477588564e-01 
  1.461143196e-01 
  1.450261772e-01 
  1.431804597e-01 
  1.427467614e-01 
  1.417746246e-01 
  1.407558173e-01 
  1.383236945e-01 
  1.376861632e-01 
  1.350899190e-01 
  1.341305524e-01 
  1.326759607e-01 
  1.279171705e-01 
  1.284584403e-01 
  1.256560683e-01 
  1.253409237e-01 
  1.251728237e-01 
  1.217900738e-01 
  1.194680408e-01 
  1.198905110e-01 
  1.227623001e-01 
  1.240237579e-01 
  1.240288243e-01 
  1.241735071e-01 
  1.238198280e-01 
  1.246020719e-01 
  1.247299761e-01 
  1.245108396e-01 
  1.240777150e-01 
  1.230974793e-01 
  1.224097311e-01 
  1.189597249e-01 
  1.056319401e-01 
  1.158447266e-01 
  1.203490570e-01 
  1.210223138e-01 
  1.205117628e-01 
  1.206365898e-01 
  1.185278967e-01 
  1.185994893e-01 
  1.155146062e-01 
  1.169239506e-01 
  1.175311506e-01 
  1.173402295e-01 
  1.147228405e-01 
  1.149431542e-01 
  1.140066683e-01 
  1.124248877e-01 
  1.110569760e-01 
  1.118129492e-01 
  1.109544039e-01 
  1.103220731e-01 
  1.082162485e-01 
  1.062390581e-01 
  1.056087911e-01 
  1.057602614e-01 
  1.053806990e-01 
  1.045008078e-01 
  1.035125032e-01 
  1.022854447e-01 
  1.014540046e-01 
  1.008503512e-01 
  9.926900268e-02 
  9.397313744e-02 
  9.602226317e-02 
  9.292277694e-02 
  9.545849264e-02 
  9.614840895e-02 
  9.347605705e-02 
  9.296647459e-02 
  9.029649198e-02 
  8.897818625e-02 
  8.963595331e-02 
  9.076287597e-02 
  9.115068614e-02 
  9.025944769e-02 
  8.845715970e-02 
  8.508616686e-02 
  8.239199966e-02 
  7.456480712e-02 
  7.383564115e-02 
  7.285582274e-02 
  7.136945426e-02 
  7.400549948e-02 
  7.524032891e-02 
  7.606379688e-02 
  7.539995015e-02 
  7.567258179e-02 
  7.607927173e-02 
  7.546609640e-02 
  7.528911531e-02 
  7.608766109e-02 
  7.575856894e-02 
  7.370937616e-02 
  7.091666758e-02 
  6.459554285e-02 
  5.986369029e-02 
  5.744502693e-02 
  5.369767547e-02 
  5.198371410e-02 
  4.819674045e-02 
  4.643491283e-02 
  4.438535869e-02 
  4.155318812e-02 
  3.998358920e-02 
  3.822819889e-02 
  3.673797846e-02 
  3.489853442e-02 
  3.417696059e-02 
  3.216612339e-02 
  3.044139221e-02 
  3.031937592e-02 
  2.990444936e-02 
  3.021444939e-02 
  3.087934479e-02 
  3.083981387e-02 
  3.114092723e-02 
  3.027183563e-02 
  3.002440929e-02 
  2.944407985e-02 
  3.056362644e-02 
  3.232295811e-02 
  3.491729498e-02 
  3.642706946e-02 
  3.744266927e-02 
  3.714115545e-02 
  3.623043001e-02 
  3.595897555e-02 
  3.437940776e-02 
  3.302441910e-02 
  3.066418692e-02 
  2.911132760e-02 
  2.776840143e-02 
  2.789052762e-02 
  2.896964923e-02 
  2.962271683e-02 
  3.116060980e-02 
  3.300230950e-02 
  3.446958214e-02 
  3.511990234e-02 
  3.455562517e-02 
  3.447160497e-02 
  3.292117640e-02 
  3.155707568e-02 
  3.018615395e-02 
  3.050642461e-02 
  3.187531605e-02 
  3.290541470e-02 
  3.293495625e-02 
  3.239824250e-02 
  3.124784678e-02 
  3.145247698e-02 
  3.280585259e-02 
  3.316473216e-02 
  3.260002285e-02 
  3.268100694e-02 
  3.224458173e-02 
  3.228408471e-02 
  3.304770961e-02 
  3.399680927e-02 
  3.516626731e-02 
  3.641355410e-02 
  3.492642194e-02 
  3.606865928e-02 
  3.623211756e-02 
  3.690515831e-02 
  3.736972809e-02 
  3.771358728e-02 
  3.770150989e-02 
  3.718402237e-02 
  3.724031150e-02 
  3.881244361e-02 
  3.834367543e-02 
  3.821387887e-02 
  3.809293732e-02 
  3.838546202e-02 
  3.677903861e-02 
  3.771840036e-02 
  3.878756985e-02 
  3.816349059e-02 
  3.706617653e-02 
  3.593313321e-02 
  3.596318513e-02 
  3.585784137e-02 
  3.481072187e-02 
  3.577791527e-02 
  3.594968468e-02 
  3.611533344e-02 
  3.663432971e-02 
  3.708362579e-02 
  3.499437496e-02 
  3.684810549e-02 
  3.571494296e-02 
  3.622658178e-02 
  3.655046225e-02 
  3.642965481e-02 
  3.719620779e-02 
  3.737373278e-02 
  3.764172271e-02 
  3.728393465e-02 
  3.647437319e-02 
  3.637640178e-02 
  3.658591956e-02 
  3.849297389e-02 
  3.988358006e-02 
  4.017191380e-02 
  4.089910164e-02 
  4.130614176e-02 
  4.189544916e-02 
  4.129686952e-02 
  3.993808106e-02 
  3.943675756e-02 
  3.814151511e-02 
  3.777761012e-02 
  3.744030744e-02 
  3.723541647e-02 
  3.558069095e-02 
  3.589145094e-02 
  3.440495580e-02 
  3.389352933e-02 
  3.332282975e-02 
  3.358438239e-02 
  3.486904874e-02 
  3.668916598e-02 
  3.681503981e-02 
  3.746303543e-02 
  3.741975874e-02 
  3.701796755e-02 
  3.598568961e-02 
  3.580052033e-02 
  3.616858274e-02 
  3.606736287e-02 
  3.700491413e-02 
  3.631236032e-02 
  3.653241321e-02 
  3.704525530e-02 
  3.681286424e-02 
  3.785973042e-02 
  3.306918591e-02 
  3.928045556e-02 
  4.050996527e-02 
  4.144956917e-02 
  4.050095007e-02 
  4.168164730e-02 
  4.146488756e-02 
  4.147131741e-02 
  4.083136097e-02 
  4.171431437e-02 
  4.261840135e-02 
  4.236841947e-02 
  4.338881001e-02 
  4.308922589e-02 
  4.241747037e-02 
  3.785758838e-02 
  3.946335614e-02 
  3.964708000e-02 
  4.008666426e-02 
  4.220032319e-02 
  4.163551331e-02 
  4.192130640e-02 
  4.253561050e-02 
  4.277067631e-02 
  4.196178541e-02 
  4.182261974e-02 
  4.114184901e-02 
  4.195480794e-02 
  4.149473459e-02 
  4.124775156e-02 
  4.211321101e-02 
  4.163650796e-02 
  4.211482033e-02 
  4.138126224e-02 
  4.103291780e-02 
  4.196858034e-02 
  4.149386659e-02 
  4.039065912e-02 
  4.142981395e-02 
  4.093898833e-02 
  4.117331281e-02 
  4.093423858e-02 
  3.825326264e-02 
  4.080307111e-02 
  4.047372192e-02 
  4.018681124e-02 
  3.948771209e-02 
  3.955459222e-02 
  3.997945413e-02 
  4.004142433e-02 
  3.887853026e-02 
  3.961493820e-02 
  3.808631003e-02 
  3.879412264e-02 
  3.892319649e-02 
  3.872819990e-02 
  3.914206475e-02 
  3.920673952e-02 
  3.914555162e-02 
  3.868120536e-02 
  3.744912148e-02 
  3.830908239e-02 
  3.799897432e-02 
  3.770297021e-02 
  3.825042397e-02 
  3.796370327e-02 
  3.646903485e-02 
  3.698011860e-02 
  3.617642447e-02 
  3.726287186e-02 
  3.687687591e-02 
  3.678369150e-02 
  3.605502471e-02 
  3.680174425e-02 
  3.669364378e-02 
  3.602926433e-02 
  3.518437967e-02 
  3.557233140e-02 
  3.480867669e-02 
  3.460001945e-02 
  3.363509476e-02 
  3.350632265e-02 
  3.244921565e-02 
  3.323361278e-02 
  3.310965002e-02 
  3.253109753e-02 
  3.259414807e-02 
  3.021797724e-02 
  3.238135949e-02 
  2.918053046e-02 
  3.187299147e-02 
  3.200597316e-02 
  3.263622150e-02 
  3.233763948e-02 
  3.167874366e-02 
  3.206028789e-02 
  3.176016361e-02 
  3.266960010e-02 
  3.217766806e-02 
  3.178740293e-02 
  3.124743700e-02 
  2.852867544e-02 
  3.065796383e-02 
  2.989726700e-02 
  3.139296547e-02 
  3.197347000e-02 
  3.161134198e-02 
  3.164483234e-02 
  2.956839651e-02 
  3.054173663e-02 
  3.082030639e-02 
  2.947599441e-02 
  2.971200645e-02 
  2.838982269e-02 
  2.899248898e-02 
  2.875029109e-02 
  2.912070975e-02 
  2.861827612e-02 
  2.846416086e-02 
  2.848749235e-02 
  2.872285806e-02 
  2.854103595e-02 
  2.672105655e-02 
  2.752421051e-02 
  2.782762423e-02 
  2.848310024e-02 
  2.813331783e-02 
  2.860933170e-02 
  2.681513689e-02 
  2.760395408e-02 
  2.839327604e-02 
  2.830238640e-02 
  2.758269198e-02 
  2.715365216e-02 
  2.776812762e-02 
  2.828838304e-02 
  2.842992917e-02 
  2.768627740e-02 
  2.792611718e-02 
  2.782477625e-02 
  2.796552330e-02 
  2.787812427e-02 
  2.703009546e-02 
  2.738515474e-02 
  2.729432471e-02 
  2.686337754e-02 
  2.613307722e-02 
  2.676777355e-02 
  2.659229562e-02 
  2.529340237e-02 
  2.504730038e-02 
  2.467437088e-02 
  2.472461015e-02 
  2.448487282e-02 
  2.439423092e-02 
  2.495357208e-02 
  2.450451814e-02 
  2.448771521e-02 
  2.472141199e-02 
  2.489068545e-02 
  2.471895702e-02 
  2.409389429e-02 
  2.464446239e-02 
  2.404123358e-02 
  2.447019517e-02 
  2.416924387e-02 
  2.438095585e-02 
  2.387057431e-02 
  2.429804206e-02 
  2.406303771e-02 
  2.416136116e-02 
  2.366823331e-02 
  2.388230152e-02 
  2.391665801e-02 
  2.367148176e-02 
  2.344607748e-02 
  2.326751314e-02 
  2.297558263e-02 
  2.282465249e-02 
  2.301496640e-02 
  2.257063426e-02 
  2.258546837e-02 
  2.303266153e-02 
  2.283152565e-02 
  2.169881761e-02 
  2.226264589e-02 
  2.230400965e-02 
  2.204366587e-02 
  2.163689397e-02 
  2.169357054e-02 
  2.176439762e-02 
  2.141544968e-02 
  2.063068561e-02 
  1.986888610e-02 
  2.039353177e-02 
  2.084609866e-02 
  2.118127048e-02 
  2.119161934e-02 
  2.088726312e-02 
  2.092454955e-02 
  2.088777348e-02 
  2.058745734e-02 
  2.052268572e-02 
  2.073893696e-02 
  2.072766051e-02 
  2.060520835e-02 
  2.052756585e-02 
  2.048645355e-02 
  2.031800151e-02 
  2.014508471e-02 
  2.021900006e-02 
  2.004150674e-02 
  1.974264719e-02 
  1.972952858e-02 
  1.961800270e-02 
  1.917474531e-02 
  1.947591454e-02 
  1.951814257e-02 
  1.923120022e-02 
  1.913977042e-02 
  1.856518537e-02 
  1.886013523e-02 
  1.902081445e-02 
  1.753481477e-02 
  1.871406101e-02 
  1.876477152e-02 
  1.872227900e-02 
  1.869083010e-02 
  1.854916848e-02 
  1.833165064e-02 
  1.819171011e-02 
  1.830480993e-02 
  1.785096526e-02 
  1.754838042e-02 
  1.780832745e-02 
  1.688005961e-02 
  1.709470153e-02 
  1.729761623e-02 
  1.743470319e-02 
  1.731030643e-02 
  1.689242758e-02 
  1.719637960e-02 
  1.719023101e-02 
  1.691056602e-02 
  1.668394171e-02 
  1.558544859e-02 
  1.585266180e-02 
  1.591827720e-02 
  1.511160843e-02 
  1.487667672e-02 
  1.557025593e-02 
  1.577646472e-02 
  1.579823717e-02 
  1.539809350e-02 
  1.584606804e-02 
  1.555224136e-02 
  1.573524252e-02 
  1.524144690e-02 
  1.532071736e-02 
  1.490545180e-02 
  1.542258170e-02 
  1.526421215e-02 
  1.519585494e-02 
  1.491614990e-02 
  1.499302778e-02 
  1.500234380e-02 
  1.497302856e-02 
  1.471292600e-02 
  1.483665872e-02 
  1.481342781e-02 
  1.466350071e-02 
  1.469019148e-02 
  1.455697883e-02 
  1.426721364e-02 
  1.388156135e-02 
  1.400562748e-02 
  1.370227616e-02 
  1.390966401e-02 
  1.380630489e-02 
  1.377144456e-02 
  1.354348101e-02 
  1.361286547e-02 
  1.336693112e-02 
  1.336003281e-02 
  1.333321072e-02 
  1.330849808e-02 
  1.300587598e-02 
  1.265416667e-02 
  1.259644888e-02 
  1.223918144e-02 
  1.203335077e-02 
  1.212698407e-02 
  1.203459874e-02 
  1.200166903e-02 
  1.181688439e-02 
  1.162064262e-02 
  1.160425134e-02 
  1.152404584e-02 
  1.159253716e-02 
  1.165970694e-02 
  1.159372739e-02 
  1.127765980e-02 
  1.116631273e-02 
  1.089550648e-02 
  1.071801595e-02 
  1.038735639e-02 
  1.002965961e-02 
  1.008991711e-02 
  9.755845182e-03 
  9.377093986e-03 
  9.389261715e-03 
  8.956205100e-03 
  8.889426477e-03 
  8.347753435e-03 
  8.069642819e-03 
  8.014655672e-03 
  8.099395782e-03 
  8.050419390e-03 
  7.824864239e-03 
  7.692046463e-03 
  7.590225898e-03 
  7.367299404e-03 
  7.050049957e-03 
  7.023574784e-03 
  6.753315683e-03 
  6.752006244e-03 
  6.545425858e-03 
  6.165843923e-03 
  6.067016162e-03 
  5.747452844e-03 
  5.348828156e-03 
  5.577828269e-03 
  5.645923316e-03 
  5.673273467e-03 
  5.584105849e-03 
  5.484711379e-03 
  5.613391753e-03 
  5.295125768e-03 
  5.309596658e-03 
  5.122484174e-03 
  5.063413642e-03 
  4.672823008e-03 
  4.607326817e-03 
  4.583992995e-03 
  4.463025369e-03 
  4.289315082e-03 
  4.265894182e-03 
  4.005788825e-03 
  4.002656788e-03 
  3.923698794e-03 
  3.785595531e-03 
  3.938876092e-03 
  3.959010821e-03 
  4.033648875e-03 
  4.072115757e-03 
  3.930019680e-03 
  4.139502998e-03 
  4.112392664e-03 
  4.066166468e-03 
  3.763058921e-03 
  3.864822444e-03 
  3.915681504e-03 
  3.937082365e-03 
  3.905891441e-03 
  3.872359404e-03 
  3.775434336e-03 
  3.831194481e-03 
  3.828704357e-03 
  3.689729841e-03 
  3.828943474e-03 
  3.881440964e-03 
  3.956603352e-03 
  3.899003146e-03 
  4.085184075e-03 
  4.042816814e-03 
  4.054620862e-03 
  4.001982510e-03 
  4.007116426e-03 
  3.749309108e-03 
  3.677403554e-03 
  3.398216097e-03 
  3.470020834e-03 
  3.207084956e-03 
  3.063623793e-03 
  3.030334599e-03 
  3.037257586e-03 
  3.024369013e-03 
  2.955472330e-03 
  2.740637166e-03 
  3.444087226e-03 
  3.716456704e-03 
  3.785923123e-03 
  3.808307927e-03 
  3.913568333e-03 
  3.980056848e-03 
  4.004619550e-03 
  4.013589118e-03 
  3.981393296e-03 
  3.840556368e-03 
  4.019071348e-03 
  3.954417538e-03 
  3.878170624e-03 
  3.723480273e-03 
  3.840163350e-03 
  3.713474143e-03 
  3.552792361e-03 
  3.686754731e-03 
  3.588509280e-03 
  3.434653161e-03 
  3.410476726e-03 
  3.337920178e-03 
  3.276993986e-03 
  3.230743576e-03 
  3.250170033e-03 
  3.194004297e-03 
  3.209897550e-03 
  3.173104255e-03 
  3.292469541e-03 
  3.297745949e-03 
  3.385105869e-03 
  3.313831985e-03 
  3.369684098e-03 
  3.366086399e-03 
  3.352744272e-03 
  3.246669425e-03 
  3.403785639e-03 
  3.478750587e-03 
  3.447778756e-03 
  3.573480761e-03 
  3.583906917e-03 
  3.663252573e-03 
  3.639379051e-03 
  3.609372070e-03 
  3.745828522e-03 
  3.810100723e-03 
  3.759509884e-03 
  3.824906424e-03 
  3.798587946e-03 
  3.810823895e-03 
  3.815071890e-03 
  3.768232651e-03 
  3.692291211e-03 
  3.830260597e-03 
  3.830344882e-03 
  3.939622082e-03 
  3.866650863e-03 
  4.013228230e-03 
  4.035929684e-03 
  4.081822932e-03 
  4.076780751e-03 
  4.147128202e-03 
  3.953812644e-03 
  4.085238557e-03 
  4.115931224e-03 
  4.146318417e-03 
  4.015941173e-03 
  3.832266666e-03 
  3.592948895e-03 
  3.826352768e-03 
  4.056341480e-03 
  4.094199743e-03 
  4.133361392e-03 
  3.983099014e-03 
  3.859370947e-03 
  3.851678222e-03 
  3.944749478e-03 
  3.872679546e-03 
  3.859654302e-03 
  3.781416686e-03 
  3.867835039e-03 
  3.877813928e-03 
  4.015188664e-03 
  3.976646811e-03 
  4.163325764e-03 
  4.072062671e-03 
  4.192808643e-03 
  4.188966006e-03 
  4.514636006e-03 
  4.395238124e-03 
  4.687376786e-03 
  4.691905808e-03 
  4.869687371e-03 
  4.902523942e-03 
  5.071621388e-03 
  5.020741839e-03 
  4.941567779e-03 
  5.066696554e-03 
  5.298758391e-03 
  5.290946923e-03 
  5.371765234e-03 
  5.087803584e-03 
  5.452254321e-03 
  5.270061083e-03 
  5.416473839e-03 
  5.453397520e-03 
  5.490115844e-03 
  5.419112276e-03 
  5.431408063e-03 
  5.312047433e-03 
  5.327316467e-03 
  5.461317487e-03 
  5.424691364e-03 
  5.398255307e-03 
  5.340055097e-03 
  5.254750140e-03 
  5.027800798e-03 
  5.058195908e-03 
  4.882686306e-03 
  4.871581215e-03 
  4.339446314e-03 
  4.248741083e-03 
  3.741257824e-03 
  3.735324834e-03 
  3.214266617e-03 
  3.213046119e-03 
  2.902085427e-03 
  2.894064412e-03 
  2.919633407e-03 
  2.838197397e-03 
  3.004013328e-03 
  2.995892894e-03 
  3.065515542e-03 
  3.065079451e-03 
  3.086740617e-03 
  3.076988738e-03 
  3.120809793e-03 
  3.084102878e-03 
  3.194969147e-03 
  3.183482215e-03 
  3.363790689e-03 
  3.365093842e-03 
  3.647463629e-03 
  3.612940200e-03 
  3.764218185e-03 
  3.889217507e-03 
  4.180566408e-03 
  4.176145419e-03 
  4.342703614e-03 
  4.373494070e-03 
  4.495474976e-03 
  4.502224736e-03 
  4.515647423e-03 
  4.454109818e-03 
  4.541730508e-03 
  4.608509596e-03 
  4.662444815e-03 
  4.649668466e-03 
  4.506884608e-03 
  4.603566136e-03 
  4.634159617e-03 
  4.377006087e-03 
  4.520460498e-03 
  4.548301920e-03 
  4.505743273e-03 
  4.455120768e-03 
  4.412586801e-03 
  4.403216764e-03 
  4.276707768e-03 
  4.265484866e-03 
  4.234121647e-03 
  4.045255482e-03 
  4.059488419e-03 
  3.843297018e-03 
  3.814599011e-03 
  3.671829356e-03 
  3.613116452e-03 
  3.609016305e-03 
  3.629386891e-03 
  3.659275826e-03 
  3.638115013e-03 
  3.690138692e-03 
  3.684288589e-03 
  3.685083240e-03 
  3.580586752e-03 
  3.678954905e-03 
  3.658213420e-03 
  3.433181904e-03 
  3.627444152e-03 
  3.624891629e-03 
  3.633138258e-03 
  3.595421789e-03 
  3.656965680e-03 
  3.527515801e-03 
  3.729894990e-03 
  3.680079477e-03 
  3.831448266e-03 
  3.818360157e-03 
  3.896640847e-03 
  3.884740174e-03 
  3.935370129e-03 
  3.926919773e-03 
  3.854179755e-03 
  3.927071579e-03 
  3.881375305e-03 
  3.928491380e-03 
  3.852508496e-03 
  3.874263493e-03 
  3.899090923e-03 
  3.923412878e-03 
  3.914033994e-03 
  3.932470921e-03 
  3.930516075e-03 
  3.933336586e-03 
  3.896491369e-03 
  3.740662243e-03 
  3.870106302e-03 
  3.899103962e-03 
  3.769647563e-03 
  3.875736147e-03 
  3.857763251e-03 
  3.845168976e-03 
  3.851386718e-03 
  3.854290815e-03 
  3.843252081e-03 
  3.862157697e-03 
  3.796037287e-03 
  3.847279120e-03 
  3.836767050e-03 
  3.843623912e-03 
  3.824861022e-03 
  3.813765710e-03 
  3.787052818e-03 
  3.691444639e-03 
  3.770285752e-03 
  3.752799006e-03 
  3.726702649e-03 
  3.731262172e-03 
  3.721163142e-03 
  3.688766388e-03 
  3.593619447e-03 
  3.669830039e-03 
  3.687407123e-03 
  3.592365887e-03 
  3.662621835e-03 
  3.624242032e-03 
  3.619843163e-03 
  3.557185642e-03 
  3.627214348e-03 
  3.638458438e-03 
  3.568425309e-03 
  3.635621397e-03 
  3.620637814e-03 
  3.600121476e-03 
  3.615048714e-03 
  3.601826960e-03 
  3.592344699e-03 
  3.574814880e-03 
  3.572260262e-03 
  3.435428254e-03 
  3.545853077e-03 
  3.538493300e-03 
  3.514203010e-03 
  3.503241111e-03 
  3.499965882e-03 
  3.472880693e-03 
  3.449082142e-03 
  3.424715949e-03 
  3.384300973e-03 
  3.324474441e-03 
  3.352000611e-03 
  3.347246209e-03 
  3.300248878e-03 
  3.290131222e-03 
  3.257870674e-03 
  3.243865678e-03 
  3.207783215e-03 
  3.209426766e-03 
  3.202193882e-03 
  3.199079307e-03 
  3.185023088e-03 
  3.174633253e-03 
  3.154098988e-03 
  3.138069762e-03 
  3.129154677e-03 
  3.081517993e-03 
  3.078254871e-03 
  3.029543674e-03 
  2.923300955e-03 
  2.621067455e-03 
  2.862377558e-03 
  2.947533969e-03 
  3.020305885e-03 
  3.011781257e-03 
  3.032444743e-03 
  3.015422029e-03 
  3.020725213e-03 
  3.003846155e-03 
  3.001986770e-03 
  2.978100441e-03 
  2.945121378e-03 
  2.961155493e-03 
  2.842467744e-03 
  2.951791976e-03 
  2.941729035e-03 
  2.909649629e-03 
  2.832750790e-03 
  2.896402264e-03 
  2.898434177e-03 
  2.896521008e-03 
  2.887403825e-03 
  2.809397643e-03 
  2.788722049e-03 
  2.817396773e-03 
  2.845007461e-03 
  2.832072554e-03 
  2.795722103e-03 
  2.783350646e-03 
  2.770025516e-03 
  2.733367495e-03 
  2.717684256e-03 
  2.695227508e-03 
  2.686481923e-03 
  2.671641763e-03 
  2.668921836e-03 
  2.659792779e-03 
  2.684322419e-03 
  2.679949393e-03 
  2.667446155e-03 
  2.596440027e-03 
  2.558731474e-03 
  2.684066771e-03 
  2.623836743e-03 
  2.703564474e-03 
  2.696285956e-03 
  2.682768740e-03 
  2.677847166e-03 
  2.662293380e-03 
  2.657115459e-03 
  2.630044241e-03 
  2.587274881e-03 
  2.614006633e-03 
  2.617636928e-03 
  2.604242181e-03 
  2.595064230e-03 
  2.580091357e-03 
  2.573615173e-03 
  2.562636044e-03 
  2.545046853e-03 
  2.496598288e-03 
  2.499217633e-03 
  2.492888132e-03 
  2.510772552e-03 
  2.479155781e-03 
  2.478481038e-03 
  2.473912900e-03 
  2.462299308e-03 
  2.453300171e-03 
  2.435746137e-03 
  2.421580488e-03 
  2.418368123e-03 
  2.386483829e-03 
  2.332215430e-03 
  2.356798854e-03 
  2.375803189e-03 
  2.366442000e-03 
  2.322893823e-03 
  2.336365869e-03 
  2.332932083e-03 
  2.323786030e-03 
  2.317552920e-03 
  2.250761958e-03 
  2.293539234e-03 
  2.270583296e-03 
  2.263882430e-03 
  2.263536677e-03 
  2.228631638e-03 
  2.169091254e-03 
  2.212726977e-03 
  2.192126121e-03 
  2.188188490e-03 
  2.183631528e-03 
  2.182218712e-03 
  2.162512392e-03 
  2.148110885e-03 
  2.148424275e-03 
  2.068648813e-03 
  2.140962519e-03 
  2.124537481e-03 
  2.094521886e-03 
  2.109338762e-03 
  2.106834203e-03 
  2.098283498e-03 
  2.088375855e-03 
  2.066491637e-03 
  2.081928775e-03 
  2.075940371e-03 
  2.066112356e-03 
  2.031877404e-03 
  2.053364879e-03 
  2.050127136e-03 
  2.045353176e-03 
  2.035433892e-03 
  2.025722992e-03 
  1.923087519e-03 
  1.982134767e-03 
  1.984542934e-03 
  1.977508655e-03 
  1.966920448e-03 
  1.961347414e-03 
  1.961856615e-03 
  1.951645361e-03 
  1.930620521e-03 
  1.927180798e-03 
  1.898110728e-03 
  1.904155361e-03 
  1.897082548e-03 
  1.793248346e-03 
  1.837542513e-03 
  1.827092492e-03 
  1.791816438e-03 
  1.828387380e-03 
  1.830447698e-03 
  1.822389895e-03 
  1.817839104e-03 
  1.835235744e-03 
  1.826610649e-03 
  1.817453187e-03 
  1.834277995e-03 
  1.833021641e-03 
  1.832576818e-03 
  1.829106128e-03 
  1.814295887e-03 
  1.802414423e-03 
  1.804932137e-03 
  1.793376869e-03 
  1.773603493e-03 
  1.760210725e-03 
  1.698498847e-03 
  1.720384927e-03 
  1.700712019e-03 
  1.726722927e-03 
  1.716829953e-03 
  1.691983780e-03 
  1.698062988e-03 
  1.693812548e-03 
  1.610865933e-03 
  1.652743435e-03 
  1.663368312e-03 
  1.642716699e-03 
  1.671031583e-03 
  1.679333043e-03 
  1.663115807e-03 
  1.657400047e-03 
  1.647102647e-03 
  1.633437816e-03 
  1.629503327e-03 
  1.599907526e-03 
  1.574476599e-03 
  1.582915313e-03 
  1.563103520e-03 
  1.552364323e-03 
  1.509604859e-03 
  1.531246933e-03 
  1.530472655e-03 
  1.514994889e-03 
  1.505266177e-03 
  1.498318044e-03 
  1.485740766e-03 
  1.486746944e-03 
  1.475600293e-03 
  1.471389667e-03 
  1.475912868e-03 
  1.464059809e-03 
  1.468983828e-03 
  1.443697605e-03 
  1.396792126e-03 
  1.430675737e-03 
  1.444531372e-03 
  1.455875463e-03 
  1.441640430e-03 
  1.439650892e-03 
  1.462557469e-03 
  1.461336156e-03 
  1.448163413e-03 
  1.432160730e-03 
  1.427723910e-03 
  1.429205760e-03 
  1.397530083e-03 
  1.398040680e-03 
  1.364584547e-03 
  1.355443965e-03 
  1.340202289e-03 
  1.313823741e-03 
  1.326815691e-03 
  1.324997167e-03 
  1.325355959e-03 
  1.258524717e-03 
  1.298336778e-03 
  1.323110657e-03 
  1.316630514e-03 
  1.310535590e-03 
  1.323700184e-03 
  1.317183720e-03 
  1.310813706e-03 
  1.311781118e-03 
  1.246750820e-03 
  1.244003768e-03 
  1.251522801e-03 
  1.258581993e-03 
  1.243757317e-03 
  1.274980721e-03 
  1.268254709e-03 
  1.282414771e-03 
  1.278045005e-03 
  1.272605150e-03 
  1.263936982e-03 
  1.278215204e-03 
  1.264805091e-03 
  1.264038263e-03 
  1.267829677e-03 
  1.257113647e-03 
  1.257013180e-03 
  1.243188279e-03 
  1.238448196e-03 
  1.242672792e-03 
  1.231526607e-03 
  1.213344047e-03 
  1.219314290e-03 
  1.199593185e-03 
  1.188268419e-03 
  1.188365975e-03 
  1.182571868e-03 
  1.164757763e-03 
  1.163912704e-03 
  1.160527929e-03 
  1.143872854e-03 
  1.102222363e-03 
  1.098382403e-03 
  1.060326817e-03 
  1.106336247e-03 
  1.114119194e-03 
  1.143628266e-03 
  1.129518379e-03 
  1.134538441e-03 
  1.147282193e-03 
  1.137328101e-03 
  1.138823107e-03 
  1.132956357e-03 
  1.145361224e-03 
  1.131299883e-03 
  1.128737233e-03 
  1.134478836e-03 
  1.125823357e-03 
  1.111999038e-03 
  1.117041451e-03 
  1.111822436e-03 
  1.075936947e-03 
  1.062387484e-03 
  1.090304693e-03 
  1.081295894e-03 
  1.053602435e-03 
  1.079152338e-03 
  1.060595037e-03 
  1.046549180e-03 
  1.051267260e-03 
  1.020867727e-03 
  1.014110399e-03 
  9.944922058e-04 
  9.641992510e-04 
  9.648207342e-04 
  9.537712322e-04 
  9.522203472e-04 
  9.573119460e-04 
  9.488370852e-04 
  9.468386415e-04 
  9.600145859e-04 
  9.825968882e-04 
  9.708846919e-04 
  9.676029440e-04 
  9.319014498e-04 
  9.785372531e-04 
  9.836826939e-04 
  9.760320536e-04 
  9.606565582e-04 
  9.615886956e-04 
  9.529085946e-04 
  9.406965692e-04 
  9.317829390e-04 
  9.229974821e-04 
  9.021293954e-04 
  9.005749016e-04 
  8.924264694e-04 
  8.225783240e-04 
  8.562790463e-04 
  8.514730143e-04 
  8.371908916e-04 
  8.209299995e-04 
  8.348269621e-04 
  7.943827659e-04 
  8.046983858e-04 
  7.994839107e-04 
  7.377190050e-04 
  7.471892750e-04 
  7.332589594e-04 
  7.102839882e-04 
  6.893916870e-04 
  7.204297581e-04 
  6.927846116e-04 
  6.874258979e-04 
  6.490657106e-04 
  6.769881584e-04 
  6.753534544e-04 
  6.777098170e-04 
  6.740012323e-04 
  6.755918148e-04 
  6.637484184e-04 
  6.771290209e-04 
  6.685584667e-04 
  6.632064469e-04 
  6.761000841e-04 
  6.703312392e-04 
  6.723195547e-04 
  6.635219324e-04 
