  4.085298479e-01 
  1.059363127e+00 
  1.129175305e+00 
  2.867744446e+00 
  3.209645987e+00 
  5.750378132e+00 
  6.234101772e+00 
  9.122886658e+00 
  1.153645134e+01 
  1.225749302e+01 
  1.352015972e+01 
  2.587437248e+01 
  2.189514542e+01 
  2.770517159e+01 
  2.819500351e+01 
  3.356571579e+01 
  2.603875351e+01 
  3.747724533e+01 
  3.617105865e+01 
  4.056562805e+01 
  3.860472870e+01 
  4.784550858e+01 
  4.137799072e+01 
  3.629995728e+01 
  4.537028503e+01 
  4.972475433e+01 
  6.851869202e+01 
  6.852235413e+01 
  5.597395706e+01 
  6.652797699e+01 
  6.899279022e+01 
  5.537570953e+01 
  6.087126923e+01 
  6.840695953e+01 
  5.675308609e+01 
  6.079773331e+01 
  4.539809418e+01 
  4.302202225e+01 
  5.216619110e+01 
  5.220066833e+01 
  5.817087936e+01 
  4.883392334e+01 
  5.085811615e+01 
  5.068085480e+01 
  4.543873215e+01 
  5.804564285e+01 
  6.392152786e+01 
  6.033934784e+01 
  5.637188339e+01 
  6.133616638e+01 
  6.221129227e+01 
  5.859895706e+01 
  5.956647491e+01 
  5.392141342e+01 
  6.174921417e+01 
  6.207825470e+01 
  5.822468948e+01 
  3.691581345e+01 
  3.978910065e+01 
  3.970671082e+01 
  5.842689133e+01 
  4.595923615e+01 
  5.002602386e+01 
  5.279364777e+01 
  5.227635574e+01 
  4.855721283e+01 
  6.611309052e+01 
  5.868062210e+01 
  5.488983917e+01 
  5.236877823e+01 
  5.973865509e+01 
  4.732046127e+01 
  4.940123749e+01 
  4.882032394e+01 
  3.748761749e+01 
  3.404018021e+01 
  4.826295471e+01 
  4.893307495e+01 
  6.269148254e+01 
  4.780031204e+01 
  4.433898926e+01 
  4.929131317e+01 
  3.646812439e+01 
  2.515717697e+01 
  2.739039612e+01 
  4.076480103e+01 
  3.128726006e+01 
  3.550043488e+01 
  3.475059891e+01 
  3.912142563e+01 
  4.685615158e+01 
  5.177701569e+01 
  4.544849014e+01 
  2.406541824e+01 
  2.630257988e+01 
  4.360802460e+01 
  4.433127975e+01 
  1.782005119e+01 
  4.924318695e+01 
  5.831737518e+01 
  5.658877563e+01 
  5.551398849e+01 
  5.806926346e+01 
  5.368234634e+01 
  5.694176865e+01 
  5.154527664e+01 
  5.049811935e+01 
  4.855126190e+01 
  5.192506027e+01 
  5.674151230e+01 
  4.683489609e+01 
  5.429981232e+01 
  5.555113983e+01 
  5.181379318e+01 
  5.021131897e+01 
  5.288009644e+01 
  5.190053940e+01 
  4.969389725e+01 
  4.800788879e+01 
  4.857570648e+01 
  4.060792923e+01 
  5.025147247e+01 
  4.756084824e+01 
  3.967729568e+01 
  4.311166382e+01 
  4.410881042e+01 
  4.188856125e+01 
  3.980722427e+01 
  3.982474136e+01 
  3.579823685e+01 
  2.822612381e+01 
  2.507664871e+01 
  4.460471725e+01 
  3.923707199e+01 
  3.685570526e+01 
  3.962956238e+01 
  4.343175888e+01 
  4.334238815e+01 
  3.837723923e+01 
  3.670938110e+01 
  4.067226791e+01 
  4.007752228e+01 
  4.172967911e+01 
  4.153292465e+01 
  4.079767609e+01 
  4.243227768e+01 
  3.734819412e+01 
  4.212142944e+01 
  4.234700394e+01 
  4.216311646e+01 
  4.260691452e+01 
  4.553935242e+01 
  4.186997986e+01 
  3.844170761e+01 
  4.053805542e+01 
  4.037784958e+01 
  4.090772247e+01 
  4.069231415e+01 
  3.954616928e+01 
  3.911697006e+01 
  3.836180496e+01 
  3.932896805e+01 
  3.827746964e+01 
  3.788180923e+01 
  3.760709381e+01 
  3.666951752e+01 
  3.743549728e+01 
  3.573749542e+01 
  3.743627167e+01 
  3.671824265e+01 
  3.583280945e+01 
  3.539373779e+01 
  3.545137787e+01 
  3.469800568e+01 
  3.461109543e+01 
  3.563300323e+01 
  3.417625427e+01 
  3.350938797e+01 
  3.480009460e+01 
  3.287528229e+01 
  3.317544556e+01 
  3.263309860e+01 
  3.297463226e+01 
  3.267238998e+01 
  3.109671783e+01 
  3.100892639e+01 
  2.488960266e+01 
  2.769611549e+01 
  2.977375984e+01 
  2.740364838e+01 
  3.089026833e+01 
  2.862111664e+01 
  2.723404694e+01 
  2.904423141e+01 
  2.778465843e+01 
  2.941298485e+01 
  2.836665535e+01 
  2.724949646e+01 
  2.634780121e+01 
  2.603024292e+01 
  2.566602707e+01 
  2.484965706e+01 
  2.445045662e+01 
  2.566070557e+01 
  2.364745522e+01 
  2.526394463e+01 
  2.679196930e+01 
  2.469456100e+01 
  2.346124649e+01 
  2.506359482e+01 
  2.405962753e+01 
  2.384318161e+01 
  2.479277229e+01 
  2.248124123e+01 
  2.180653191e+01 
  2.205750656e+01 
  2.295580864e+01 
  1.675370026e+01 
  2.055088806e+01 
  1.929112434e+01 
  2.104435349e+01 
  2.086350632e+01 
  2.149333954e+01 
  1.983997154e+01 
  2.133005524e+01 
  2.096784401e+01 
  1.980199051e+01 
  1.714194298e+01 
  2.040207100e+01 
  2.079284859e+01 
  1.947142220e+01 
  2.100525856e+01 
  1.986050606e+01 
  1.729002762e+01 
  1.863613701e+01 
  1.884712601e+01 
  1.982351303e+01 
  1.823086166e+01 
  1.891789246e+01 
  1.869199753e+01 
  1.813455963e+01 
  1.648593521e+01 
  1.823234940e+01 
  1.729092789e+01 
  1.808221817e+01 
  1.766160774e+01 
  1.712263489e+01 
  1.769939423e+01 
  1.628409958e+01 
  1.699404716e+01 
  1.648367310e+01 
  1.624778938e+01 
  1.681138802e+01 
  1.602277184e+01 
  1.641353035e+01 
  1.632812119e+01 
  1.575143814e+01 
  1.516226292e+01 
  1.561316299e+01 
  1.464082909e+01 
  1.458864784e+01 
  1.590664196e+01 
  1.448491478e+01 
  1.503481293e+01 
  1.470612812e+01 
  1.476256657e+01 
  1.350324345e+01 
  1.436754131e+01 
  1.420493412e+01 
  1.380169964e+01 
  1.376526070e+01 
  1.317888641e+01 
  1.381259155e+01 
  1.384306908e+01 
  1.366242409e+01 
  1.322567177e+01 
  1.288928127e+01 
  1.333195972e+01 
  1.285604000e+01 
  1.267447567e+01 
  1.302885628e+01 
  1.271787262e+01 
  1.282751846e+01 
  1.283222198e+01 
  1.270610046e+01 
  1.253707027e+01 
  1.191680431e+01 
  1.228874111e+01 
  1.207712841e+01 
  1.063619041e+01 
  1.102897167e+01 
  1.163130760e+01 
  1.133170795e+01 
  1.136752415e+01 
  1.139157963e+01 
  1.109883213e+01 
  1.128930569e+01 
  1.124152946e+01 
  1.093256950e+01 
  1.085748672e+01 
  1.078491688e+01 
  1.064866734e+01 
  1.045958710e+01 
  1.045326900e+01 
  1.071416473e+01 
  1.061659431e+01 
  1.042345524e+01 
  1.029583073e+01 
  1.018996906e+01 
  1.001840115e+01 
  9.792636871e+00 
  9.885901451e+00 
  9.692881584e+00 
  9.488359451e+00 
  9.085562706e+00 
  9.458127022e+00 
  8.933703423e+00 
  8.924999237e+00 
  9.284015656e+00 
  9.137639999e+00 
  9.210800171e+00 
  9.306529045e+00 
  8.756261826e+00 
  8.764923096e+00 
  8.715160370e+00 
  8.421635628e+00 
  8.406348228e+00 
  8.479301453e+00 
  8.236551285e+00 
  8.436426163e+00 
  8.102247238e+00 
  8.360086441e+00 
  7.747212887e+00 
  8.269622803e+00 
  7.979720116e+00 
  8.078489304e+00 
  7.748888016e+00 
  7.958546638e+00 
  8.037615776e+00 
  7.924064159e+00 
  7.631070137e+00 
  7.694814682e+00 
  7.557482243e+00 
  7.640119553e+00 
  7.506439209e+00 
  7.521109104e+00 
  7.189292431e+00 
  7.242863655e+00 
  7.187092304e+00 
  7.283504009e+00 
  6.708939552e+00 
  7.182361126e+00 
  6.999685764e+00 
  7.098547459e+00 
  6.962309837e+00 
  6.736387730e+00 
  5.684504509e+00 
  6.030375004e+00 
  6.677453995e+00 
  6.649823189e+00 
  6.662768364e+00 
  6.656355381e+00 
  6.713232517e+00 
  6.597821236e+00 
  6.454389572e+00 
  6.443939686e+00 
  6.482993603e+00 
  6.316537857e+00 
  6.314869881e+00 
  6.367457867e+00 
  6.253791332e+00 
  6.150812149e+00 
  6.094375610e+00 
  6.101623535e+00 
  6.077248096e+00 
  5.949008942e+00 
  6.025408268e+00 
  5.870545864e+00 
  5.932312012e+00 
  5.813737869e+00 
  5.734208584e+00 
  5.705805302e+00 
  5.659679413e+00 
  5.663355827e+00 
  5.527144432e+00 
  5.557383060e+00 
  5.271845818e+00 
  4.753483295e+00 
  4.856503963e+00 
  4.803090096e+00 
  4.867387772e+00 
  4.959930897e+00 
  4.968935490e+00 
  4.960739613e+00 
  4.958945274e+00 
  4.877490520e+00 
  4.925263882e+00 
  4.988044739e+00 
  4.849226475e+00 
  4.839564800e+00 
  4.766096592e+00 
  4.617730618e+00 
  4.578969002e+00 
  4.672626495e+00 
  4.661533356e+00 
  4.646140575e+00 
  4.574708939e+00 
  4.487788200e+00 
  4.600461483e+00 
  4.429417610e+00 
  4.485958099e+00 
  4.434668541e+00 
  4.364782810e+00 
  4.307398319e+00 
  4.350535870e+00 
  4.153173447e+00 
  4.215324879e+00 
  3.951263905e+00 
  3.834109068e+00 
  3.742876530e+00 
  3.711024284e+00 
  3.854133844e+00 
  3.954459429e+00 
  3.884474516e+00 
  3.784171820e+00 
  3.735567808e+00 
  3.703232050e+00 
  3.750378609e+00 
  3.650730371e+00 
  3.520662308e+00 
  3.623918772e+00 
  3.536750317e+00 
  3.644892216e+00 
  3.631628036e+00 
  3.718108416e+00 
  3.656293631e+00 
  3.548275948e+00 
  3.589873314e+00 
  3.581087112e+00 
  3.454668999e+00 
  3.488160133e+00 
  3.453066111e+00 
  3.382256746e+00 
  3.472472668e+00 
  3.491656303e+00 
  3.386334658e+00 
  3.417922974e+00 
  3.452739954e+00 
  3.373209715e+00 
  3.356688976e+00 
  3.288372993e+00 
  3.262301683e+00 
  3.296418667e+00 
  3.248247147e+00 
  3.281707764e+00 
  3.245442390e+00 
  3.164952040e+00 
  3.170925379e+00 
  3.144901752e+00 
  2.843814373e+00 
  1.531852126e+00 
  1.405818939e+00 
  2.083147287e+00 
  1.897384882e+00 
  2.006795645e+00 
  2.262314558e+00 
  2.410045147e+00 
  2.572642565e+00 
  2.765617847e+00 
  2.816052198e+00 
  2.826403141e+00 
  2.833405018e+00 
  2.812223911e+00 
  2.787989616e+00 
  2.804994822e+00 
  2.686346292e+00 
  2.782884836e+00 
  2.749184370e+00 
  2.720041275e+00 
  2.714516401e+00 
  2.666817904e+00 
  2.648971796e+00 
  2.666810751e+00 
  2.590840340e+00 
  2.591270208e+00 
  2.581676722e+00 
  2.519539356e+00 
  2.536233187e+00 
  2.481212616e+00 
  2.468991280e+00 
  2.430176497e+00 
  2.407703876e+00 
  2.359718561e+00 
  2.350762129e+00 
  2.326534748e+00 
  2.294668198e+00 
  2.303409338e+00 
  2.311125040e+00 
  2.312233925e+00 
  2.295876503e+00 
  2.216653585e+00 
  2.247308016e+00 
  2.230769634e+00 
  2.188819647e+00 
  2.201243877e+00 
  2.137498617e+00 
  2.188919067e+00 
  2.165058851e+00 
  2.138287783e+00 
  2.088316917e+00 
  2.064966917e+00 
  2.080328703e+00 
  2.053347588e+00 
  2.023084641e+00 
  1.995659709e+00 
  1.947030067e+00 
  1.898934722e+00 
  1.901997924e+00 
  1.882640362e+00 
  1.829627037e+00 
  1.809051275e+00 
  1.890370250e+00 
  1.805275083e+00 
  1.763647914e+00 
  1.829418182e+00 
  1.851551652e+00 
  1.848061442e+00 
  1.828590631e+00 
  1.794342279e+00 
  1.792131066e+00 
  1.763513923e+00 
  1.726023316e+00 
  1.753598571e+00 
  1.695451975e+00 
  1.717688084e+00 
  1.722890377e+00 
  1.731186152e+00 
  1.708167911e+00 
  1.710767627e+00 
  1.652068019e+00 
  1.689075351e+00 
  1.682566643e+00 
  1.666359067e+00 
  1.652528405e+00 
  1.619827628e+00 
  1.637677073e+00 
  1.644774437e+00 
  1.581896424e+00 
  1.619120598e+00 
  1.614535332e+00 
  1.388445258e+00 
  1.581997395e+00 
  1.514817119e+00 
  1.526583433e+00 
  1.221388102e+00 
  1.338789701e+00 
  1.513035417e+00 
  1.530535579e+00 
  1.499180913e+00 
  1.492577076e+00 
  1.472517014e+00 
  1.465403795e+00 
  1.453818083e+00 
  1.474638104e+00 
  1.464835644e+00 
  1.430842876e+00 
  1.194571495e+00 
  1.266103506e+00 
  1.366699576e+00 
  1.341240644e+00 
  1.390018940e+00 
  1.381589770e+00 
  1.369671941e+00 
  1.368703365e+00 
  1.332447529e+00 
  1.314049721e+00 
  1.318745494e+00 
  1.338775873e+00 
  1.309458017e+00 
  1.306384683e+00 
  1.292647362e+00 
  1.219678879e+00 
  1.280999780e+00 
  1.246101618e+00 
  1.250938892e+00 
  1.257658720e+00 
  1.210310698e+00 
  1.192885995e+00 
  1.222949147e+00 
  1.225669622e+00 
  1.215804815e+00 
  1.203347802e+00 
  1.191305757e+00 
  1.132683158e+00 
  1.160921454e+00 
  1.084932089e+00 
  1.104906440e+00 
  1.057402611e+00 
  1.046703815e+00 
  1.020335555e+00 
  9.931648374e-01 
  9.625471234e-01 
  9.415046573e-01 
  1.021957040e+00 
  1.054746389e+00 
  1.046356916e+00 
  9.999307990e-01 
  9.887964129e-01 
  9.435250163e-01 
  9.238601923e-01 
  9.328126311e-01 
  9.353395104e-01 
  9.287055731e-01 
  9.268758893e-01 
  9.262859225e-01 
  9.132246971e-01 
  9.223950505e-01 
  9.079893231e-01 
  9.046098590e-01 
  9.310559630e-01 
  9.329713583e-01 
  9.053084254e-01 
  8.929823041e-01 
  8.479654193e-01 
  8.707147241e-01 
  8.776496649e-01 
  8.422337174e-01 
  8.593032956e-01 
  8.454818726e-01 
  8.088824153e-01 
  7.766481042e-01 
  7.430207729e-01 
  6.943557858e-01 
  6.656827927e-01 
  6.297183633e-01 
  6.148664355e-01 
  6.181913018e-01 
  6.266058087e-01 
  6.470609307e-01 
  7.297626138e-01 
  7.346212864e-01 
  7.051742077e-01 
  6.519776583e-01 
  6.434378624e-01 
  6.203457117e-01 
  6.376143098e-01 
  6.443271637e-01 
  6.504499316e-01 
  6.590781212e-01 
  6.574323773e-01 
  6.522426009e-01 
  6.620966196e-01 
  6.417816281e-01 
  6.495669484e-01 
  6.535349488e-01 
  5.982496738e-01 
  6.332794428e-01 
  6.623194814e-01 
  6.688063145e-01 
  6.634206772e-01 
  6.529577374e-01 
  6.407229304e-01 
  6.435906887e-01 
  6.563414335e-01 
  6.485307813e-01 
  6.521974802e-01 
  6.316236854e-01 
  6.595072746e-01 
  6.699776649e-01 
  6.813364029e-01 
  6.809184551e-01 
  6.718137264e-01 
  6.708465219e-01 
  6.555057764e-01 
  6.354633570e-01 
  6.314470172e-01 
  6.420763135e-01 
  6.325957775e-01 
  6.447556615e-01 
  6.259540915e-01 
  6.423969269e-01 
  6.465801597e-01 
  6.401429176e-01 
  6.413073540e-01 
  6.402407885e-01 
  6.407220960e-01 
  6.373574138e-01 
  6.439639330e-01 
  6.338621378e-01 
  6.235261559e-01 
  6.267326474e-01 
  6.309577227e-01 
  6.230522394e-01 
  6.204010248e-01 
  6.226360202e-01 
  6.166416407e-01 
  6.139901876e-01 
  6.114608645e-01 
  6.059318185e-01 
  6.016631126e-01 
  5.946808457e-01 
  5.942510962e-01 
  5.887802839e-01 
  5.800747871e-01 
  5.741510987e-01 
  5.346398950e-01 
  5.606063604e-01 
  5.681162477e-01 
  5.665119290e-01 
  5.585927367e-01 
  5.594074726e-01 
  5.564940572e-01 
  5.553646088e-01 
  5.496299863e-01 
  5.512692332e-01 
  5.389798284e-01 
  5.405727029e-01 
  5.332946777e-01 
  5.377060771e-01 
  5.225639939e-01 
  5.196515322e-01 
  5.232717991e-01 
  5.126898289e-01 
  5.197873116e-01 
  5.146899819e-01 
  5.134676695e-01 
  5.126069784e-01 
  5.072617531e-01 
  5.066483617e-01 
  4.974659085e-01 
  5.009505749e-01 
  4.976246059e-01 
  4.941091239e-01 
  4.831573367e-01 
  4.864319265e-01 
  4.793947637e-01 
  4.836588800e-01 
  4.715910256e-01 
  4.744004011e-01 
  4.744535983e-01 
  4.669785202e-01 
  4.675910175e-01 
  4.671274126e-01 
  4.572618604e-01 
  4.599666595e-01 
  4.561757743e-01 
  4.411402047e-01 
  4.474423826e-01 
  4.500419497e-01 
  4.452805221e-01 
  4.408372641e-01 
  4.391170144e-01 
  4.353071451e-01 
  4.337723255e-01 
  4.275828898e-01 
  4.289806187e-01 
  4.261038899e-01 
  4.235708117e-01 
  4.172797799e-01 
  4.025698900e-01 
  4.155097604e-01 
  3.993697166e-01 
  4.087073207e-01 
  4.000926912e-01 
  4.035485983e-01 
  4.013035893e-01 
  3.874990344e-01 
  3.950688243e-01 
  3.917808831e-01 
  3.608791828e-01 
  3.810337484e-01 
  3.801379502e-01 
  3.797162771e-01 
  3.658663630e-01 
  3.773981929e-01 
  3.647713959e-01 
  3.711713552e-01 
  3.687097728e-01 
  3.680830002e-01 
  3.524914980e-01 
  3.606311679e-01 
  3.460952640e-01 
  3.496615589e-01 
  3.385124505e-01 
  3.495923579e-01 
  3.424553275e-01 
  3.459657431e-01 
  3.249485791e-01 
  3.435003161e-01 
  3.274367154e-01 
  3.330201507e-01 
  3.342847228e-01 
  3.245281875e-01 
  3.176168501e-01 
  2.873450816e-01 
  3.099973798e-01 
  3.077027202e-01 
  3.021406531e-01 
  2.926461399e-01 
  2.879522443e-01 
  2.920711040e-01 
  2.910054028e-01 
  2.776152194e-01 
  2.879441381e-01 
  2.840452790e-01 
  2.806878090e-01 
  2.754217684e-01 
  2.745261490e-01 
  2.729496360e-01 
  2.747508585e-01 
  2.748306096e-01 
  2.693415284e-01 
  2.608870566e-01 
  2.519569397e-01 
  2.517416775e-01 
  2.396182865e-01 
  2.304881364e-01 
  2.201771140e-01 
  2.068205327e-01 
  1.949635148e-01 
  1.881296933e-01 
  1.871723980e-01 
  1.788441688e-01 
  1.827727407e-01 
  1.849714965e-01 
  1.792035848e-01 
  1.746392995e-01 
  1.804613173e-01 
  1.775871366e-01 
  1.844640225e-01 
  1.991301179e-01 
  2.050084025e-01 
  1.986556947e-01 
  1.823038757e-01 
  1.606836915e-01 
  1.636676341e-01 
  1.828803271e-01 
  1.954657733e-01 
  1.982294768e-01 
  2.052126676e-01 
  2.030439824e-01 
  1.926154643e-01 
  1.957320869e-01 
  1.872724742e-01 
  1.806062609e-01 
  1.742735952e-01 
  1.770636439e-01 
  1.826284677e-01 
  1.850238889e-01 
  1.868680567e-01 
  1.855081618e-01 
  1.871686429e-01 
  1.875773519e-01 
  1.886615306e-01 
  1.883727610e-01 
  1.927810311e-01 
  1.938520670e-01 
  2.038642764e-01 
  2.068511546e-01 
  2.062779516e-01 
  2.041866481e-01 
  2.021436840e-01 
  2.111081779e-01 
  2.142033726e-01 
  2.098126560e-01 
  2.133871019e-01 
  2.077563554e-01 
  2.108052075e-01 
  2.117669433e-01 
  2.041453421e-01 
  2.093170285e-01 
  2.106492072e-01 
  2.086228132e-01 
  2.058612257e-01 
  2.052901685e-01 
  2.038269192e-01 
  1.997411549e-01 
  2.044617534e-01 
  1.988676637e-01 
  1.973161101e-01 
  1.988668740e-01 
  1.959126592e-01 
  1.942673028e-01 
  1.824611872e-01 
  1.907662004e-01 
  1.943993866e-01 
  1.920562536e-01 
  1.897239834e-01 
  1.877203435e-01 
  1.771556437e-01 
  1.880079359e-01 
  1.911682487e-01 
  1.907518357e-01 
  1.899072230e-01 
  1.887181699e-01 
  1.847664863e-01 
  1.841892600e-01 
  1.829558313e-01 
  1.760831475e-01 
  1.683294028e-01 
  1.787533909e-01 
  1.795109659e-01 
  1.791665554e-01 
  1.693927497e-01 
  1.717631370e-01 
  1.770336330e-01 
  1.763013452e-01 
  1.772934943e-01 
  1.739075184e-01 
  1.621039361e-01 
  1.722188890e-01 
  1.658409089e-01 
  1.706834584e-01 
  1.715574414e-01 
  1.701311171e-01 
  1.704174429e-01 
  1.703570485e-01 
  1.702824980e-01 
  1.693926752e-01 
  1.673485339e-01 
  1.679737419e-01 
  1.672480404e-01 
  1.658680737e-01 
  1.646156460e-01 
  1.659348458e-01 
  1.646067649e-01 
  1.648137718e-01 
  1.589739025e-01 
  1.637234390e-01 
  1.632383615e-01 
  1.624008566e-01 
  1.620019376e-01 
  1.596872509e-01 
  1.604511440e-01 
  1.597201526e-01 
  1.582064033e-01 
  1.586948335e-01 
  1.582698524e-01 
  1.576746851e-01 
  1.553651690e-01 
  1.541340351e-01 
  1.549386084e-01 
  1.534683406e-01 
  1.512164176e-01 
  1.492395401e-01 
  1.512260437e-01 
  1.494795084e-01 
  1.480965018e-01 
  1.486790776e-01 
  1.475700885e-01 
  1.463958174e-01 
  1.447650194e-01 
  1.436855942e-01 
  1.418556422e-01 
  1.414238960e-01 
  1.404588819e-01 
  1.394476295e-01 
  1.370357573e-01 
  1.364020854e-01 
  1.338270158e-01 
  1.328736842e-01 
  1.314295977e-01 
  1.267109513e-01 
  1.272448301e-01 
  1.244672984e-01 
  1.241543368e-01 
  1.239858642e-01 
  1.206329837e-01 
  1.183305383e-01 
  1.187478974e-01 
  1.215986311e-01 
  1.228513867e-01 
  1.228592470e-01 
  1.230050400e-01 
  1.226574406e-01 
  1.234343648e-01 
  1.235630065e-01 
  1.233477741e-01 
  1.229206845e-01 
  1.219511479e-01 
  1.212716550e-01 
  1.178553924e-01 
  1.046526358e-01 
  1.147721410e-01 
  1.192359328e-01 
  1.199039742e-01 
  1.193987653e-01 
  1.195227727e-01 
  1.174326167e-01 
  1.175036430e-01 
  1.144477502e-01 
  1.158448234e-01 
  1.164475605e-01 
  1.162590235e-01 
  1.136654094e-01 
  1.138829812e-01 
  1.129542813e-01 
  1.113864630e-01 
  1.100315377e-01 
  1.107807606e-01 
  1.099302471e-01 
  1.093035340e-01 
  1.072166413e-01 
  1.052556559e-01 
  1.046304628e-01 
  1.047802493e-01 
  1.044039652e-01 
  1.035317481e-01 
  1.025511697e-01 
  1.013334021e-01 
  1.005094349e-01 
  9.991129488e-02 
  9.834179282e-02 
  9.309175611e-02 
  9.511823207e-02 
  9.204943478e-02 
  9.456365556e-02 
  9.524711221e-02 
  9.259606153e-02 
  9.208528697e-02 
  8.943372220e-02 
  8.812556416e-02 
  8.878165483e-02 
  8.990278095e-02 
  9.028951824e-02 
  8.940526098e-02 
  8.761554956e-02 
  8.426725864e-02 
  8.159059286e-02 
  7.382874191e-02 
  7.310321927e-02 
  7.213087380e-02 
  7.065995038e-02 
  7.327179611e-02 
  7.449692488e-02 
  7.531420141e-02 
  7.465750724e-02 
  7.492753118e-02 
  7.533182204e-02 
  7.472504675e-02 
  7.455137372e-02 
  7.534066588e-02 
  7.501503080e-02 
  7.297983766e-02 
  7.020927966e-02 
  6.394160539e-02 
  5.925176665e-02 
  5.685523525e-02 
  5.314372107e-02 
  5.144702643e-02 
  4.769841209e-02 
  4.595496133e-02 
  4.392674565e-02 
  4.112416133e-02 
  3.957099095e-02 
  3.783396631e-02 
  3.635928407e-02 
  3.453889117e-02 
  3.382501006e-02 
  3.183533251e-02 
  3.012847342e-02 
  3.000770696e-02 
  2.959704399e-02 
  2.990380675e-02 
  3.056182340e-02 
  3.052265197e-02 
  3.082057834e-02 
  2.996055223e-02 
  2.971576154e-02 
  2.914138697e-02 
  3.024924546e-02 
  3.198993951e-02 
  3.455718607e-02 
  3.605091199e-02 
  3.705581278e-02 
  3.675733879e-02 
  3.585607558e-02 
  3.558756411e-02 
  3.402464837e-02 
  3.268398345e-02 
  3.034843691e-02 
  2.881200612e-02 
  2.748297155e-02 
  2.760383859e-02 
  2.867168747e-02 
  2.931772731e-02 
  3.083947301e-02 
  3.266175464e-02 
  3.411351517e-02 
  3.475701436e-02 
  3.419853374e-02 
  3.411547467e-02 
  3.258140758e-02 
  3.123168647e-02 
  2.987504750e-02 
  3.019195609e-02 
  3.154648468e-02 
  3.256563470e-02 
  3.259483352e-02 
  3.206379339e-02 
  3.092532419e-02 
  3.112783283e-02 
  3.246697783e-02 
  3.282207251e-02 
  3.226324916e-02 
  3.234342858e-02 
  3.191160038e-02 
  3.195076436e-02 
  3.270630538e-02 
  3.364554048e-02 
  3.480264544e-02 
  3.603696078e-02 
  3.456520289e-02 
  3.569575772e-02 
  3.585752472e-02 
  3.652381897e-02 
  3.698370606e-02 
  3.732423112e-02 
  3.731229901e-02 
  3.680032864e-02 
  3.685612604e-02 
  3.841270879e-02 
  3.794910014e-02 
  3.782091662e-02 
  3.770118579e-02 
  3.799055144e-02 
  3.640068322e-02 
  3.733068332e-02 
  3.838877007e-02 
  3.777071089e-02 
  3.668303043e-02 
  3.555893153e-02 
  3.558728471e-02 
  3.548317030e-02 
  3.444740176e-02 
  3.540528938e-02 
  3.557549790e-02 
  3.573943675e-02 
  3.625379130e-02 
  3.669899702e-02 
  3.463234007e-02 
  3.646773100e-02 
  3.534653038e-02 
  3.585293144e-02 
  3.617415205e-02 
  3.605500981e-02 
  3.681463003e-02 
  3.699131683e-02 
  3.725703806e-02 
  3.690279648e-02 
  3.610114008e-02 
  3.600466624e-02 
  3.621345386e-02 
  3.810344636e-02 
  3.948264197e-02 
  3.976979852e-02 
  4.049147666e-02 
  4.089473188e-02 
  4.147861153e-02 
  4.088481516e-02 
  3.953861073e-02 
  3.904173151e-02 
  3.775797412e-02 
  3.739772737e-02 
  3.706337139e-02 
  3.685952723e-02 
  3.522034362e-02 
  3.552712873e-02 
  3.405484185e-02 
  3.354732320e-02 
  3.298195824e-02 
  3.324204683e-02 
  3.451558203e-02 
  3.632018343e-02 
  3.644710407e-02 
  3.708874434e-02 
  3.704589978e-02 
  3.664751351e-02 
  3.562496230e-02 
  3.544072807e-02 
  3.580582887e-02 
  3.570671380e-02 
  3.663622960e-02 
  3.595094383e-02 
  3.616900742e-02 
  3.667660803e-02 
  3.644773364e-02 
  3.748655692e-02 
  3.274349496e-02 
  3.889722377e-02 
  4.011857137e-02 
  4.105162993e-02 
  4.011259228e-02 
  4.128357768e-02 
  4.106908292e-02 
  4.107720777e-02 
  4.044616967e-02 
  4.132099450e-02 
  4.221881181e-02 
  4.197299853e-02 
  4.298514500e-02 
  4.268806055e-02 
  4.202207923e-02 
  3.750433773e-02 
  3.909558058e-02 
  3.927870840e-02 
  3.971428424e-02 
  4.180926830e-02 
  4.125016555e-02 
  4.153384268e-02 
  4.214263335e-02 
  4.237591848e-02 
  4.157469794e-02 
  4.143696651e-02 
  4.076246917e-02 
  4.156819731e-02 
  4.111244902e-02 
  4.086795077e-02 
  4.172587767e-02 
  4.125401005e-02 
  4.172851890e-02 
  4.100195318e-02 
  4.065681621e-02 
  4.158396646e-02 
  4.111345485e-02 
  4.002022743e-02 
  4.104982316e-02 
  4.056356475e-02 
  4.079580680e-02 
  4.055893049e-02 
  3.790252283e-02 
  4.042886198e-02 
  4.010244459e-02 
  3.981809318e-02 
  3.912547231e-02 
  3.919189051e-02 
  3.961285576e-02 
  3.967444599e-02 
  3.852234781e-02 
  3.925208002e-02 
  3.773749247e-02 
  3.843890876e-02 
  3.856679425e-02 
  3.837374225e-02 
  3.878404200e-02 
  3.884837404e-02 
  3.878762946e-02 
  3.832766786e-02 
  3.710695729e-02 
  3.795905784e-02 
  3.765184432e-02 
  3.735857829e-02 
  3.790104762e-02 
  3.761689737e-02 
  3.613587841e-02 
  3.664236516e-02 
  3.584603965e-02 
  3.692259267e-02 
  3.654008359e-02 
  3.644770384e-02 
  3.572569042e-02 
  3.646553308e-02 
  3.635839000e-02 
  3.569994867e-02 
  3.486250713e-02 
  3.524678200e-02 
  3.449010849e-02 
  3.428262472e-02 
  3.332550824e-02 
  3.319672495e-02 
  3.214850277e-02 
  3.292562813e-02 
  3.280251473e-02 
  3.222956136e-02 
  3.229246661e-02 
  2.993854880e-02 
  3.208192810e-02 
  2.891079709e-02 
  3.157851472e-02 
  3.171056509e-02 
  3.233551607e-02 
  3.203968704e-02 
  3.138746694e-02 
  3.176606074e-02 
  3.146916255e-02 
  3.237061948e-02 
  3.188318759e-02 
  3.149674088e-02 
  3.096158803e-02 
  2.826780826e-02 
  3.037763759e-02 
  2.962389216e-02 
  3.110589646e-02 
  3.168101609e-02 
  3.132227808e-02 
  3.135513887e-02 
  2.929770947e-02 
  3.026159480e-02 
  3.053680621e-02 
  2.920395695e-02 
  2.943707258e-02 
  2.812712453e-02 
  2.872397937e-02 
  2.848418802e-02 
  2.885151096e-02 
  2.835372090e-02 
  2.820115723e-02 
  2.822419815e-02 
  2.845733799e-02 
  2.827719413e-02 
  2.647415735e-02 
  2.727026120e-02 
  2.757137828e-02 
  2.822128125e-02 
  2.787471004e-02 
  2.834670804e-02 
  2.656924352e-02 
  2.735107206e-02 
  2.813316509e-02 
  2.804332972e-02 
  2.733041346e-02 
  2.690522745e-02 
  2.751407772e-02 
  2.802966535e-02 
  2.816997096e-02 
  2.743318491e-02 
  2.767076157e-02 
  2.757037617e-02 
  2.770979144e-02 
  2.762316354e-02 
  2.678285725e-02 
  2.713466808e-02 
  2.704461291e-02 
  2.661756799e-02 
  2.589385957e-02 
  2.652274258e-02 
  2.634897083e-02 
  2.506178990e-02 
  2.481793985e-02 
  2.444824204e-02 
  2.449789271e-02 
  2.426028997e-02 
  2.417047694e-02 
  2.472469211e-02 
  2.427978069e-02 
  2.426313981e-02 
  2.449469268e-02 
  2.466240898e-02 
  2.449223027e-02 
  2.387290820e-02 
  2.441842481e-02 
  2.382077836e-02 
  2.424587868e-02 
  2.394779585e-02 
  2.415756695e-02 
  2.365196683e-02 
  2.407560311e-02 
  2.384274639e-02 
  2.394024469e-02 
  2.345165983e-02 
  2.366373874e-02 
  2.369778045e-02 
  2.345477045e-02 
  2.323135175e-02 
  2.305434085e-02 
  2.276507951e-02 
  2.261555009e-02 
  2.280426398e-02 
  2.236399986e-02 
  2.237861790e-02 
  2.282180451e-02 
  2.262251824e-02 
  2.150017768e-02 
  2.205884457e-02 
  2.209998481e-02 
  2.184201963e-02 
  2.143895626e-02 
  2.149511874e-02 
  2.156512439e-02 
  2.121937089e-02 
  2.044180222e-02 
  1.968698762e-02 
  2.020682953e-02 
  2.065523155e-02 
  2.098733373e-02 
  2.099756524e-02 
  2.069599554e-02 
  2.073308453e-02 
  2.069661580e-02 
  2.039904334e-02 
  2.033481747e-02 
  2.054909058e-02 
  2.053791471e-02 
  2.041658759e-02 
  2.033966035e-02 
  2.029890381e-02 
  2.013199404e-02 
  1.996064931e-02 
  2.003389783e-02 
  1.985802874e-02 
  1.956191845e-02 
  1.954894699e-02 
  1.943843998e-02 
  1.899920776e-02 
  1.929755881e-02 
  1.933939941e-02 
  1.905502379e-02 
  1.896439493e-02 
  1.839508675e-02 
  1.868733391e-02 
  1.884653792e-02 
  1.737414859e-02 
  1.854258776e-02 
  1.859279349e-02 
  1.855070516e-02 
  1.851953752e-02 
  1.837918721e-02 
  1.816367544e-02 
  1.802501269e-02 
  1.813700981e-02 
  1.768717915e-02 
  1.738736406e-02 
  1.764481142e-02 
  1.672495343e-02 
  1.693761349e-02 
  1.713871770e-02 
  1.727462187e-02 
  1.715135761e-02 
  1.673730277e-02 
  1.703850180e-02 
  1.703240164e-02 
  1.675518043e-02 
  1.653054729e-02 
  1.544214413e-02 
  1.570685022e-02 
  1.577170379e-02 
  1.497245394e-02 
  1.473964378e-02 
  1.542679127e-02 
  1.563108712e-02 
  1.565257274e-02 
  1.525609288e-02 
  1.569992676e-02 
  1.540873572e-02 
  1.558998693e-02 
  1.510073896e-02 
  1.517917495e-02 
  1.476780605e-02 
  1.528014336e-02 
  1.512329467e-02 
  1.505553257e-02 
  1.477840915e-02 
  1.485452056e-02 
  1.486366987e-02 
  1.483462378e-02 
  1.457678061e-02 
  1.469937805e-02 
  1.467635948e-02 
  1.452786755e-02 
  1.455431245e-02 
  1.442223135e-02 
  1.413491275e-02 
  1.375283673e-02 
  1.387554780e-02 
  1.357459370e-02 
  1.378004905e-02 
  1.367754675e-02 
  1.364304870e-02 
  1.341721043e-02 
  1.348588709e-02 
  1.324212644e-02 
  1.323529147e-02 
  1.320848428e-02 
  1.318394300e-02 
  1.288348064e-02 
  1.253448520e-02 
  1.247725077e-02 
  1.212285738e-02 
  1.191856153e-02 
  1.201130357e-02 
  1.191940252e-02 
  1.188657992e-02 
  1.170356385e-02 
  1.150873117e-02 
  1.149249636e-02 
  1.141309738e-02 
  1.148084085e-02 
  1.154736243e-02 
  1.148198172e-02 
  1.116804872e-02 
  1.105778478e-02 
  1.078887004e-02 
  1.061292365e-02 
  1.028473582e-02 
  9.930159897e-03 
  9.989819489e-03 
  9.658353403e-03 
  9.283026680e-03 
  9.295073338e-03 
  8.865529671e-03 
  8.799427189e-03 
  8.262779564e-03 
  7.987166755e-03 
  7.932741195e-03 
  8.016571403e-03 
  7.967998274e-03 
  7.744564209e-03 
  7.613065187e-03 
  7.512209006e-03 
  7.291395683e-03 
  6.977355573e-03 
  6.951154210e-03 
  6.683604326e-03 
  6.682308856e-03 
  6.477858406e-03 
  6.102176849e-03 
  6.004369352e-03 
  5.688125268e-03 
  5.293604918e-03 
  5.520258565e-03 
  5.587671418e-03 
  5.614739843e-03 
  5.526468623e-03 
  5.428100005e-03 
  5.555471405e-03 
  5.240512546e-03 
  5.254834890e-03 
  5.069700070e-03 
  5.011232570e-03 
  4.624726716e-03 
  4.559933208e-03 
  4.536839202e-03 
  4.417126998e-03 
  4.245203454e-03 
  4.222074058e-03 
  3.964681178e-03 
  3.961581737e-03 
  3.883442609e-03 
  3.746754257e-03 
  3.898457391e-03 
  3.918362316e-03 
  3.992234357e-03 
  4.030259792e-03 
  3.889624262e-03 
  4.096932244e-03 
  4.070098978e-03 
  4.024366848e-03 
  3.724397859e-03 
  3.825115506e-03 
  3.875458613e-03 
  3.896639450e-03 
  3.865772625e-03 
  3.832589835e-03 
  3.736660117e-03 
  3.791847033e-03 
  3.789383918e-03 
  3.651831066e-03 
  3.789614886e-03 
  3.841547761e-03 
  3.915893380e-03 
  3.858885495e-03 
  4.043124616e-03 
  4.001192749e-03 
  4.012867808e-03 
  3.960781731e-03 
  3.965863027e-03 
  3.710744437e-03 
  3.639578354e-03 
  3.363338998e-03 
  3.434407758e-03 
  3.174177837e-03 
  3.032194683e-03 
  2.999247285e-03 
  3.006080166e-03 
  2.993324073e-03 
  2.925113076e-03 
  2.712485380e-03 
  3.408618737e-03 
  3.678131616e-03 
  3.746881615e-03 
  3.769002855e-03 
  3.873177338e-03 
  3.938950598e-03 
  3.963261843e-03 
  3.972147126e-03 
  3.940283787e-03 
  3.800915321e-03 
  3.977609333e-03 
  3.913622815e-03 
  3.838197095e-03 
  3.685101168e-03 
  3.800596111e-03 
  3.675212152e-03 
  3.516201396e-03 
  3.648792859e-03 
  3.551559057e-03 
  3.399307607e-03 
  3.375380067e-03 
  3.303597448e-03 
  3.243298037e-03 
  3.197561484e-03 
  3.216788638e-03 
  3.161214758e-03 
  3.176920349e-03 
  3.140505170e-03 
  3.258612007e-03 
  3.263833933e-03 
  3.350277198e-03 
  3.279736731e-03 
  3.335012356e-03 
  3.331451677e-03 
  3.318244824e-03 
  3.213262651e-03 
  3.368756501e-03 
  3.442934947e-03 
  3.412281396e-03 
  3.536650445e-03 
  3.546969034e-03 
  3.625470214e-03 
  3.601843258e-03 
  3.572138026e-03 
  3.707186785e-03 
  3.770779818e-03 
  3.720714245e-03 
  3.785439301e-03 
  3.759389278e-03 
  3.771499032e-03 
  3.775707213e-03 
  3.729351796e-03 
  3.654178465e-03 
  3.790723626e-03 
  3.790796036e-03 
  3.898944939e-03 
  3.826703643e-03 
  3.971782979e-03 
  3.994233441e-03 
  4.039652646e-03 
  4.034614656e-03 
  4.104198422e-03 
  3.912883811e-03 
  4.042854998e-03 
  4.073229618e-03 
  4.103200044e-03 
  3.974177875e-03 
  3.792259842e-03 
  3.555440810e-03 
  3.786263522e-03 
  4.013842437e-03 
  4.050997552e-03 
  4.089785740e-03 
  3.940741066e-03 
  3.818328492e-03 
  3.810244845e-03 
  3.902351484e-03 
  3.830774920e-03 
  3.817890771e-03 
  3.740441520e-03 
  3.826156026e-03 
  3.836027812e-03 
  3.972299863e-03 
  3.934169188e-03 
  4.119235091e-03 
  4.028938711e-03 
  4.148804583e-03 
  4.145001527e-03 
  4.467764869e-03 
  4.349606112e-03 
  4.639243241e-03 
  4.643726163e-03 
  4.820452072e-03 
  4.852956161e-03 
  5.021020304e-03 
  4.970684648e-03 
  4.892882425e-03 
  5.016778130e-03 
  5.247101653e-03 
  5.239398684e-03 
  5.319938064e-03 
  5.038715899e-03 
  5.400027148e-03 
  5.219600629e-03 
  5.364987999e-03 
  5.401560571e-03 
  5.438102409e-03 
  5.367789418e-03 
  5.380069837e-03 
  5.261837039e-03 
  5.277025979e-03 
  5.409774370e-03 
  5.373419728e-03 
  5.347233266e-03 
  5.289396271e-03 
  5.204910412e-03 
  4.979645368e-03 
  5.009749904e-03 
  4.834811669e-03 
  4.823821597e-03 
  4.295274150e-03 
  4.205492325e-03 
  3.701432608e-03 
  3.695565974e-03 
  3.178635379e-03 
  3.177428618e-03 
  2.869184362e-03 
  2.861254849e-03 
  2.886450849e-03 
  2.805940341e-03 
  2.970193047e-03 
  2.962165046e-03 
  3.031282453e-03 
  3.030851018e-03 
  3.052403918e-03 
  3.042761469e-03 
  3.086276120e-03 
  3.049975494e-03 
  3.159942338e-03 
  3.148582531e-03 
  3.327568294e-03 
  3.328857245e-03 
  3.609080799e-03 
  3.574921750e-03 
  3.725557821e-03 
  3.849272616e-03 
  4.138638265e-03 
  4.134262912e-03 
  4.300090484e-03 
  4.330578726e-03 
  4.452067427e-03 
  4.458754323e-03 
  4.472546279e-03 
  4.411595874e-03 
  4.498689435e-03 
  4.564835224e-03 
  4.618446343e-03 
  4.605790600e-03 
  4.464453086e-03 
  4.560223781e-03 
  4.590541590e-03 
  4.335808568e-03 
  4.477872979e-03 
  4.505450837e-03 
  4.463182297e-03 
  4.413037561e-03 
  4.370664712e-03 
  4.361384083e-03 
  4.235633649e-03 
  4.224517848e-03 
  4.193456378e-03 
  4.005659837e-03 
  4.019754007e-03 
  3.804876702e-03 
  3.776465543e-03 
  3.634662367e-03 
  3.576544113e-03 
  3.572403453e-03 
  3.592566820e-03 
  3.622347489e-03 
  3.601399949e-03 
  3.653192194e-03 
  3.647400532e-03 
  3.648294834e-03 
  3.544841195e-03 
  3.642199095e-03 
  3.621664364e-03 
  3.398875706e-03 
  3.591196612e-03 
  3.588669933e-03 
  3.596926108e-03 
  3.559585428e-03 
  3.620721400e-03 
  3.492554883e-03 
  3.693450009e-03 
  3.644121112e-03 
  3.794543678e-03 
  3.781581763e-03 
  3.859511344e-03 
  3.847724292e-03 
  3.898149123e-03 
  3.889778862e-03 
  3.817726625e-03 
  3.890082240e-03 
  3.844816005e-03 
  3.891568864e-03 
  3.816300072e-03 
  3.837925149e-03 
  3.862519516e-03 
  3.886693390e-03 
  3.877402050e-03 
  3.895757021e-03 
  3.893820569e-03 
  3.896705806e-03 
  3.860203316e-03 
  3.705825657e-03 
  3.834128147e-03 
  3.862856422e-03 
  3.734651953e-03 
  3.839755896e-03 
  3.821980441e-03 
  3.809502814e-03 
  3.815698437e-03 
  3.818575293e-03 
  3.807672765e-03 
  3.826402826e-03 
  3.760894760e-03 
  3.811673494e-03 
  3.801258281e-03 
  3.808067180e-03 
  3.789477283e-03 
  3.778494196e-03 
  3.752028337e-03 
  3.657312831e-03 
  3.735424951e-03 
  3.718119115e-03 
  3.692263737e-03 
  3.696781350e-03 
  3.686789190e-03 
  3.654691624e-03 
  3.560439683e-03 
  3.635945963e-03 
  3.653389169e-03 
  3.559224773e-03 
  3.628866980e-03 
  3.590841079e-03 
  3.586482489e-03 
  3.524440108e-03 
  3.593823873e-03 
  3.605003934e-03 
  3.535615280e-03 
  3.602227662e-03 
  3.587381681e-03 
  3.567075590e-03 
  3.581865691e-03 
  3.568765474e-03 
  3.559385892e-03 
  3.542016726e-03 
  3.539493773e-03 
  3.403916722e-03 
  3.513330128e-03 
  3.506037872e-03 
  3.481970401e-03 
  3.471104428e-03 
  3.467859002e-03 
  3.441003151e-03 
  3.417423228e-03 
  3.393245395e-03 
  3.353201551e-03 
  3.293877468e-03 
  3.321150085e-03 
  3.316439688e-03 
  3.269827459e-03 
  3.259803168e-03 
  3.227806184e-03 
  3.213929944e-03 
  3.178177169e-03 
  3.179805353e-03 
  3.172639292e-03 
  3.169560339e-03 
  3.155633342e-03 
  3.145341296e-03 
  3.124996321e-03 
  3.109116573e-03 
  3.100283444e-03 
  3.053086344e-03 
  3.049860476e-03 
  3.001598408e-03 
  2.896341495e-03 
  2.596895210e-03 
  2.835993422e-03 
  2.920364495e-03 
  2.992465161e-03 
  2.984031104e-03 
  3.004503902e-03 
  2.987641376e-03 
  2.992896130e-03 
  2.976171905e-03 
  2.974329982e-03 
  2.950663446e-03 
  2.917984733e-03 
  2.933871001e-03 
  2.816268709e-03 
  2.924585249e-03 
  2.914614975e-03 
  2.882820321e-03 
  2.806630451e-03 
  2.869705204e-03 
  2.871718490e-03 
  2.869836753e-03 
  2.860803390e-03 
  2.783515956e-03 
  2.763036638e-03 
  2.791447332e-03 
  2.818780020e-03 
  2.805963857e-03 
  2.769890241e-03 
  2.757632872e-03 
  2.744430676e-03 
  2.708041342e-03 
  2.692503156e-03 
  2.670204034e-03 
  2.661539475e-03 
  2.646837384e-03 
  2.644160995e-03 
  2.635116223e-03 
  2.659479156e-03 
  2.655146644e-03 
  2.642759355e-03 
  2.572481753e-03 
  2.535121050e-03 
  2.659360180e-03 
  2.599684522e-03 
  2.678704215e-03 
  2.671492519e-03 
  2.658099867e-03 
  2.653224161e-03 
  2.637813101e-03 
  2.632674761e-03 
  2.605852671e-03 
  2.563476795e-03 
  2.589952899e-03 
  2.593549667e-03 
  2.580268541e-03 
  2.571174642e-03 
  2.556340070e-03 
  2.549915574e-03 
  2.539037028e-03 
  2.521596616e-03 
  2.473594621e-03 
  2.476189984e-03 
  2.469903557e-03 
  2.487622667e-03 
  2.456277609e-03 
  2.455609152e-03 
  2.451082924e-03 
  2.439560601e-03 
  2.430644818e-03 
  2.413237002e-03 
  2.399202436e-03 
  2.396020107e-03 
  2.364417072e-03 
  2.310650190e-03 
  2.334998455e-03 
  2.353826538e-03 
  2.344552195e-03 
  2.301395405e-03 
  2.314742655e-03 
  2.311325632e-03 
  2.302264329e-03 
  2.296088729e-03 
  2.229895676e-03 
  2.272276208e-03 
  2.249500016e-03 
  2.242861548e-03 
  2.242518822e-03 
  2.207896207e-03 
  2.148909261e-03 
  2.192111919e-03 
  2.171702916e-03 
  2.167801606e-03 
  2.163269790e-03 
  2.161870245e-03 
  2.142340411e-03 
  2.128073014e-03 
  2.128383610e-03 
  2.049359959e-03 
  2.120999619e-03 
  2.104727784e-03 
  2.074986929e-03 
  2.089665504e-03 
  2.087181900e-03 
  2.078711055e-03 
  2.068895614e-03 
  2.047223039e-03 
  2.062516054e-03 
  2.056580270e-03 
  2.046844224e-03 
  2.012928482e-03 
  2.034228994e-03 
  2.031021519e-03 
  2.026300645e-03 
  2.016474027e-03 
  2.006853465e-03 
  1.905166893e-03 
  1.963663846e-03 
  1.966049429e-03 
  1.959078480e-03 
  1.948588993e-03 
  1.943048555e-03 
  1.943552634e-03 
  1.933436492e-03 
  1.912573352e-03 
  1.909165760e-03 
  1.880339114e-03 
  1.886327169e-03 
  1.879320596e-03 
  1.776423072e-03 
  1.820301404e-03 
  1.809949521e-03 
  1.775000361e-03 
  1.811227878e-03 
  1.813277020e-03 
  1.805294654e-03 
  1.800786471e-03 
  1.818058430e-03 
  1.809513895e-03 
  1.800441649e-03 
  1.817163778e-03 
  1.815919299e-03 
  1.815499389e-03 
  1.812060946e-03 
  1.797387959e-03 
  1.785601606e-03 
  1.788095920e-03 
  1.776648336e-03 
  1.757000922e-03 
  1.743733417e-03 
  1.682522707e-03 
  1.704202616e-03 
  1.684714807e-03 
  1.710546436e-03 
  1.700746128e-03 
  1.676058280e-03 
  1.682104426e-03 
  1.677894033e-03 
  1.595773734e-03 
  1.637258916e-03 
  1.647784258e-03 
  1.627362333e-03 
  1.655412489e-03 
  1.663636416e-03 
  1.647556433e-03 
  1.641894109e-03 
  1.631692168e-03 
  1.618109527e-03 
  1.614211826e-03 
  1.584832324e-03 
  1.559640979e-03 
  1.567998901e-03 
  1.548297703e-03 
  1.537660020e-03 
  1.495305682e-03 
  1.516683958e-03 
  1.515916898e-03 
  1.500543323e-03 
  1.490907278e-03 
  1.484025503e-03 
  1.471542288e-03 
  1.472538803e-03 
  1.461497624e-03 
  1.457330305e-03 
  1.461810200e-03 
  1.450070413e-03 
  1.454987098e-03 
  1.429941854e-03 
  1.383537543e-03 
  1.417099382e-03 
  1.430823584e-03 
  1.442119479e-03 
  1.428018790e-03 
  1.426046481e-03 
  1.448755967e-03 
  1.447546063e-03 
  1.434497535e-03 
  1.418600557e-03 
  1.414205530e-03 
  1.415671315e-03 
  1.384210424e-03 
  1.384716015e-03 
  1.351457089e-03 
  1.342404401e-03 
  1.327309525e-03 
  1.301130746e-03 
  1.313997200e-03 
  1.312196255e-03 
  1.312583918e-03 
  1.246396801e-03 
  1.285822946e-03 
  1.310379477e-03 
  1.303961850e-03 
  1.297925483e-03 
  1.311016735e-03 
  1.304562786e-03 
  1.298249350e-03 
  1.299207448e-03 
  1.234800438e-03 
  1.232085400e-03 
  1.239532256e-03 
  1.246523927e-03 
  1.231864560e-03 
  1.262789359e-03 
  1.256127842e-03 
  1.270177541e-03 
  1.265849452e-03 
  1.260457793e-03 
  1.251902082e-03 
  1.266044215e-03 
  1.252761926e-03 
  1.252011745e-03 
  1.255766954e-03 
  1.245148247e-03 
  1.245044754e-03 
  1.231351518e-03 
  1.226634369e-03 
  1.230818802e-03 
  1.219778904e-03 
  1.201712643e-03 
  1.207625726e-03 
  1.188093680e-03 
  1.176827238e-03 
  1.176923863e-03 
  1.171185635e-03 
  1.153485500e-03 
  1.152648591e-03 
  1.149296644e-03 
  1.132770441e-03 
  1.091524260e-03 
  1.087717712e-03 
  1.050044317e-03 
  1.095607528e-03 
  1.103315037e-03 
  1.132616540e-03 
  1.118642394e-03 
  1.123606227e-03 
  1.136286766e-03 
  1.126428135e-03 
  1.127908938e-03 
  1.122129150e-03 
  1.134415390e-03 
  1.120482688e-03 
  1.117940410e-03 
  1.123627066e-03 
  1.115054474e-03 
  1.101328060e-03 
  1.106322161e-03 
  1.101144706e-03 
  1.065563527e-03 
  1.052144798e-03 
  1.079792855e-03 
  1.070871949e-03 
  1.043445314e-03 
  1.068743761e-03 
  1.050311723e-03 
  1.036402187e-03 
  1.041074400e-03 
  1.010892563e-03 
  1.004201476e-03 
  9.847184410e-04 
  9.547232767e-04 
  9.553387063e-04 
  9.443815798e-04 
  9.428460617e-04 
  9.478876600e-04 
  9.395054658e-04 
  9.375266964e-04 
  9.505730122e-04 
  9.730019374e-04 
  9.614041774e-04 
  9.581545019e-04 
  9.227916016e-04 
  9.689968429e-04 
  9.740919922e-04 
  9.665159741e-04 
  9.512546821e-04 
  9.521777392e-04 
  9.435734246e-04 
  9.314331692e-04 
  9.226073744e-04 
  9.139085887e-04 
  8.931947523e-04 
  8.916557417e-04 
  8.835773333e-04 
  8.143641753e-04 
  8.477284573e-04 
  8.429704467e-04 
  8.288120152e-04 
  8.127140463e-04 
  8.264620556e-04 
  7.863753126e-04 
  7.965870318e-04 
  7.914251182e-04 
  7.302433369e-04 
  7.396176807e-04 
  7.258210680e-04 
  7.030417910e-04 
  6.823624717e-04 
  7.130841841e-04 
  6.856962573e-04 
  6.803924334e-04 
  6.424197927e-04 
  6.700485246e-04 
  6.684306427e-04 
  6.707627908e-04 
  6.670954172e-04 
  6.686697016e-04 
  6.569475518e-04 
  6.701871753e-04 
  6.617044564e-04 
  6.564072683e-04 
  6.691763992e-04 
  6.634666352e-04 
  6.654346362e-04 
  6.567178061e-04 
