  3.882140517e-01 
  1.011609554e+00 
  1.082155347e+00 
  2.761897326e+00 
  3.097577810e+00 
  5.572831631e+00 
  6.054720402e+00 
  8.884309769e+00 
  1.125460720e+01 
  1.197517586e+01 
  1.324522305e+01 
  2.537310982e+01 
  2.150355530e+01 
  2.724262238e+01 
  2.773597145e+01 
  3.306956482e+01 
  2.566436195e+01 
  3.696390152e+01 
  3.569321442e+01 
  4.008545685e+01 
  3.810237503e+01 
  4.731990433e+01 
  4.088560867e+01 
  3.590031815e+01 
  4.490768051e+01 
  4.917825317e+01 
  6.783390045e+01 
  6.784989929e+01 
  5.538298798e+01 
  6.589849854e+01 
  6.834503174e+01 
  5.483016205e+01 
  6.030721283e+01 
  6.777935028e+01 
  5.621777725e+01 
  6.024749756e+01 
  4.499141312e+01 
  4.262905884e+01 
  5.169625092e+01 
  5.173720551e+01 
  5.764689255e+01 
  4.840008926e+01 
  5.040960312e+01 
  5.023331833e+01 
  4.503419876e+01 
  5.753560257e+01 
  6.336247635e+01 
  5.981270981e+01 
  5.588055420e+01 
  6.080306625e+01 
  6.167116547e+01 
  5.809074402e+01 
  5.904950714e+01 
  5.345478058e+01 
  6.121546555e+01 
  6.154196930e+01 
  5.772191238e+01 
  3.659691620e+01 
  3.944548416e+01 
  3.936396790e+01 
  5.792274094e+01 
  4.556357193e+01 
  4.959649277e+01 
  5.234123993e+01 
  5.182897568e+01 
  4.814201736e+01 
  6.554841614e+01 
  5.817980194e+01 
  5.442171478e+01 
  5.192246246e+01 
  5.922986221e+01 
  4.691769409e+01 
  4.898101425e+01 
  4.840529251e+01 
  3.716909027e+01 
  3.375107193e+01 
  4.785314560e+01 
  4.851756287e+01 
  6.215893555e+01 
  4.739414215e+01 
  4.396233368e+01 
  4.887305450e+01 
  3.615909958e+01 
  2.494421768e+01 
  2.715877914e+01 
  4.042027283e+01 
  3.102294350e+01 
  3.520063019e+01 
  3.445722198e+01 
  3.879124832e+01 
  4.646081161e+01 
  5.134027481e+01 
  4.506523514e+01 
  2.386252975e+01 
  2.608088493e+01 
  4.324054337e+01 
  4.395777893e+01 
  1.766994095e+01 
  4.882844543e+01 
  5.782628250e+01 
  5.611229706e+01 
  5.504662323e+01 
  5.758044052e+01 
  5.323051071e+01 
  5.646253967e+01 
  5.111149979e+01 
  5.007318878e+01 
  4.814274216e+01 
  5.148818207e+01 
  5.626412964e+01 
  4.644087982e+01 
  5.384300232e+01 
  5.508380508e+01 
  5.137790680e+01 
  4.978879547e+01 
  5.243515778e+01 
  5.146387100e+01 
  4.927580643e+01 
  4.760396576e+01 
  4.816697693e+01 
  4.026622391e+01 
  4.982858658e+01 
  4.716058350e+01 
  3.934335709e+01 
  4.274879456e+01 
  4.373749542e+01 
  4.153588486e+01 
  3.947202301e+01 
  3.948932648e+01 
  3.549666977e+01 
  2.798829269e+01 
  2.486530685e+01 
  4.422871017e+01 
  3.890623474e+01 
  3.654487228e+01 
  3.929525375e+01 
  4.306528473e+01 
  4.297657013e+01 
  3.805323792e+01 
  3.639937973e+01 
  4.032870102e+01 
  3.973887253e+01 
  4.137695694e+01 
  4.118173981e+01 
  4.045257950e+01 
  4.207321548e+01 
  3.703200531e+01 
  4.176472092e+01 
  4.198836136e+01 
  4.180601883e+01 
  4.224604416e+01 
  4.515357971e+01 
  4.151520920e+01 
  3.811590195e+01 
  4.019438171e+01 
  4.003539658e+01 
  4.056056976e+01 
  4.034679031e+01 
  3.921018600e+01 
  3.878443146e+01 
  3.803549194e+01 
  3.899423218e+01 
  3.795148087e+01 
  3.755899429e+01 
  3.728663254e+01 
  3.635705566e+01 
  3.711650467e+01 
  3.543296051e+01 
  3.711709976e+01 
  3.640495682e+01 
  3.552680969e+01 
  3.509117889e+01 
  3.514796066e+01 
  3.440057755e+01 
  3.431391525e+01 
  3.532638931e+01 
  3.388139725e+01 
  3.321963120e+01 
  3.449908829e+01 
  3.259113312e+01 
  3.288899612e+01 
  3.235153198e+01 
  3.269027328e+01 
  3.239069748e+01 
  3.082857704e+01 
  3.074146080e+01 
  2.467488098e+01 
  2.745716858e+01 
  2.951686096e+01 
  2.716716766e+01 
  3.062366486e+01 
  2.837396812e+01 
  2.699872208e+01 
  2.879310226e+01 
  2.754426193e+01 
  2.915833664e+01 
  2.812075615e+01 
  2.701298332e+01 
  2.611882591e+01 
  2.580373955e+01 
  2.544240952e+01 
  2.463286781e+01 
  2.423687363e+01 
  2.543626213e+01 
  2.344035530e+01 
  2.504240036e+01 
  2.655693245e+01 
  2.447784996e+01 
  2.325528908e+01 
  2.484349823e+01 
  2.384827232e+01 
  2.363362694e+01 
  2.457476234e+01 
  2.228345871e+01 
  2.161458778e+01 
  2.186325645e+01 
  2.275348091e+01 
  1.660587692e+01 
  2.036936760e+01 
  1.912055016e+01 
  2.085807991e+01 
  2.067863083e+01 
  2.130265427e+01 
  1.966373062e+01 
  2.114034081e+01 
  2.078111458e+01 
  1.962543106e+01 
  1.698888779e+01 
  2.021964073e+01 
  2.060665703e+01 
  1.929681206e+01 
  2.081662750e+01 
  1.968192673e+01 
  1.713444519e+01 
  1.846834564e+01 
  1.867735863e+01 
  1.964486313e+01 
  1.806647491e+01 
  1.874720764e+01 
  1.852324104e+01 
  1.797072411e+01 
  1.633689308e+01 
  1.806740379e+01 
  1.713438416e+01 
  1.791837692e+01 
  1.750143051e+01 
  1.696719933e+01 
  1.753857994e+01 
  1.613600922e+01 
  1.683936119e+01 
  1.633347702e+01 
  1.609957123e+01 
  1.665785408e+01 
  1.587627125e+01 
  1.626328468e+01 
  1.617848396e+01 
  1.560691166e+01 
  1.502296734e+01 
  1.546953964e+01 
  1.450597572e+01 
  1.445409489e+01 
  1.575973034e+01 
  1.435091305e+01 
  1.489552593e+01 
  1.456967831e+01 
  1.462534904e+01 
  1.337753391e+01 
  1.423346519e+01 
  1.407185936e+01 
  1.367186451e+01 
  1.363562775e+01 
  1.305478764e+01 
  1.368209743e+01 
  1.371202755e+01 
  1.353294659e+01 
  1.310016441e+01 
  1.276690006e+01 
  1.320542908e+01 
  1.273416996e+01 
  1.255450535e+01 
  1.290577126e+01 
  1.259805775e+01 
  1.270690346e+01 
  1.271171284e+01 
  1.258688545e+01 
  1.241953754e+01 
  1.180514526e+01 
  1.217348003e+01 
  1.196348381e+01 
  1.053549480e+01 
  1.092450047e+01 
  1.152154446e+01 
  1.122451782e+01 
  1.126046467e+01 
  1.128414631e+01 
  1.099378490e+01 
  1.118283653e+01 
  1.113525867e+01 
  1.082928944e+01 
  1.075486851e+01 
  1.068305111e+01 
  1.054803085e+01 
  1.036067009e+01 
  1.035445213e+01 
  1.061297989e+01 
  1.051640606e+01 
  1.032512856e+01 
  1.019874287e+01 
  1.009391212e+01 
  9.923989296e+00 
  9.700384140e+00 
  9.792812347e+00 
  9.601650238e+00 
  9.399087906e+00 
  9.000112534e+00 
  9.369207382e+00 
  8.849742889e+00 
  8.841144562e+00 
  9.196799278e+00 
  9.051799774e+00 
  9.124269485e+00 
  9.219090462e+00 
  8.673976898e+00 
  8.682528496e+00 
  8.633209229e+00 
  8.342416763e+00 
  8.327202797e+00 
  8.399227142e+00 
  8.158045769e+00 
  8.356472015e+00 
  8.025568008e+00 
  8.281137466e+00 
  7.674062252e+00 
  8.191708565e+00 
  7.904723644e+00 
  8.002673149e+00 
  7.676309586e+00 
  7.884132385e+00 
  7.962643623e+00 
  7.850253582e+00 
  7.560109615e+00 
  7.623344898e+00 
  7.487377644e+00 
  7.569226265e+00 
  7.436845303e+00 
  7.451328754e+00 
  7.122447014e+00 
  7.175402641e+00 
  7.120022774e+00 
  7.215708733e+00 
  6.646782398e+00 
  7.115839958e+00 
  6.934634209e+00 
  7.032885075e+00 
  6.897896290e+00 
  6.673983574e+00 
  5.631891251e+00 
  5.974625111e+00 
  6.615839958e+00 
  6.588473320e+00 
  6.601357937e+00 
  6.595123768e+00 
  6.651552677e+00 
  6.537201405e+00 
  6.395128727e+00 
  6.384803295e+00 
  6.423541546e+00 
  6.258649349e+00 
  6.257044792e+00 
  6.309181690e+00 
  6.196580887e+00 
  6.094569683e+00 
  6.038671494e+00 
  6.045875072e+00 
  6.021744251e+00 
  5.894696236e+00 
  5.970417500e+00 
  5.816983223e+00 
  5.878200531e+00 
  5.760717392e+00 
  5.681900024e+00 
  5.653743267e+00 
  5.608049393e+00 
  5.611688614e+00 
  5.476703167e+00 
  5.506700516e+00 
  5.223669052e+00 
  4.708201408e+00 
  4.810877800e+00 
  4.757800579e+00 
  4.821805477e+00 
  4.913892746e+00 
  4.923068523e+00 
  4.914919376e+00 
  4.913059235e+00 
  4.832494259e+00 
  4.879907608e+00 
  4.942432404e+00 
  4.804820061e+00 
  4.794978619e+00 
  4.722229481e+00 
  4.575174809e+00 
  4.536813259e+00 
  4.629825592e+00 
  4.618845940e+00 
  4.603505135e+00 
  4.532744884e+00 
  4.446651459e+00 
  4.558325291e+00 
  4.388915062e+00 
  4.444862843e+00 
  4.394116402e+00 
  4.324933052e+00 
  4.268017292e+00 
  4.310739040e+00 
  4.115099907e+00 
  4.176592350e+00 
  3.914490700e+00 
  3.798120022e+00 
  3.707626343e+00 
  3.675897360e+00 
  3.818389416e+00 
  3.918021441e+00 
  3.848553896e+00 
  3.748808146e+00 
  3.700712204e+00 
  3.668659449e+00 
  3.715418339e+00 
  3.616641283e+00 
  3.487922192e+00 
  3.590197086e+00 
  3.503813982e+00 
  3.611174583e+00 
  3.598246574e+00 
  3.684040308e+00 
  3.622754097e+00 
  3.515658140e+00 
  3.556919813e+00 
  3.548281193e+00 
  3.423046827e+00 
  3.456297398e+00 
  3.421562433e+00 
  3.351412535e+00 
  3.440814972e+00 
  3.459844112e+00 
  3.355498314e+00 
  3.386812687e+00 
  3.421314240e+00 
  3.342523813e+00 
  3.326161861e+00 
  3.258452892e+00 
  3.232618570e+00 
  3.266445875e+00 
  3.218717813e+00 
  3.251876831e+00 
  3.215940714e+00 
  3.136182308e+00 
  3.142099142e+00 
  3.116263390e+00 
  2.817381382e+00 
  1.514181256e+00 
  1.389243007e+00 
  2.061323881e+00 
  1.876752973e+00 
  1.985349894e+00 
  2.239297152e+00 
  2.387040377e+00 
  2.548594475e+00 
  2.740079880e+00 
  2.790255308e+00 
  2.800674677e+00 
  2.807648897e+00 
  2.786671400e+00 
  2.762664080e+00 
  2.779528141e+00 
  2.661966324e+00 
  2.757633209e+00 
  2.724236250e+00 
  2.695352077e+00 
  2.689871073e+00 
  2.642599583e+00 
  2.624919891e+00 
  2.642590761e+00 
  2.567304373e+00 
  2.567718983e+00 
  2.558187008e+00 
  2.496587038e+00 
  2.513108015e+00 
  2.458566904e+00 
  2.446393251e+00 
  2.407925844e+00 
  2.385666847e+00 
  2.338127851e+00 
  2.329273939e+00 
  2.305318117e+00 
  2.273706675e+00 
  2.282288790e+00 
  2.289952517e+00 
  2.291097403e+00 
  2.274875164e+00 
  2.196341038e+00 
  2.226716042e+00 
  2.210323572e+00 
  2.168760777e+00 
  2.181084394e+00 
  2.117950916e+00 
  2.168917894e+00 
  2.145274401e+00 
  2.118734598e+00 
  2.069205761e+00 
  2.046053171e+00 
  2.061244965e+00 
  2.034473658e+00 
  2.004445076e+00 
  1.977216840e+00 
  1.928968191e+00 
  1.881236792e+00 
  1.884272456e+00 
  1.865099907e+00 
  1.812605858e+00 
  1.792303205e+00 
  1.872963548e+00 
  1.788580656e+00 
  1.747139931e+00 
  1.812467098e+00 
  1.834502339e+00 
  1.831026554e+00 
  1.811720133e+00 
  1.777716994e+00 
  1.775549412e+00 
  1.747223258e+00 
  1.710084319e+00 
  1.737408042e+00 
  1.679812551e+00 
  1.701861262e+00 
  1.707051754e+00 
  1.715258479e+00 
  1.692449927e+00 
  1.695042491e+00 
  1.636891723e+00 
  1.673561692e+00 
  1.667099833e+00 
  1.651050210e+00 
  1.637370825e+00 
  1.604980946e+00 
  1.622671366e+00 
  1.629694939e+00 
  1.567399025e+00 
  1.604282260e+00 
  1.599738955e+00 
  1.375714421e+00 
  1.567484498e+00 
  1.500919700e+00 
  1.512586832e+00 
  1.210188150e+00 
  1.326516628e+00 
  1.499165058e+00 
  1.516508937e+00 
  1.485441923e+00 
  1.478907585e+00 
  1.459034681e+00 
  1.451985598e+00 
  1.440508962e+00 
  1.461137056e+00 
  1.451425910e+00 
  1.417745233e+00 
  1.183635712e+00 
  1.254510999e+00 
  1.354184747e+00 
  1.328958154e+00 
  1.377287626e+00 
  1.368934870e+00 
  1.357126474e+00 
  1.356163383e+00 
  1.320237160e+00 
  1.302006245e+00 
  1.306654692e+00 
  1.326499343e+00 
  1.297444701e+00 
  1.294397831e+00 
  1.280782342e+00 
  1.208479881e+00 
  1.269234061e+00 
  1.234657645e+00 
  1.239450336e+00 
  1.246101499e+00 
  1.199180722e+00 
  1.181919456e+00 
  1.211704612e+00 
  1.214401484e+00 
  1.204623461e+00 
  1.192281604e+00 
  1.180334926e+00 
  1.122214675e+00 
  1.150171995e+00 
  1.074835181e+00 
  1.094573975e+00 
  1.047461033e+00 
  1.036836267e+00 
  1.010641217e+00 
  9.837387204e-01 
  9.533911943e-01 
  9.325532317e-01 
  1.012360334e+00 
  1.044904470e+00 
  1.036592007e+00 
  9.905619025e-01 
  9.794609547e-01 
  9.345641136e-01 
  9.150874019e-01 
  9.239622951e-01 
  9.264985323e-01 
  9.199111462e-01 
  9.180202484e-01 
  9.174764752e-01 
  9.045685530e-01 
  9.136596322e-01 
  8.994050622e-01 
  8.960756063e-01 
  9.223287702e-01 
  9.242661595e-01 
  8.968536854e-01 
  8.846418262e-01 
  8.400351405e-01 
  8.625459671e-01 
  8.694116473e-01 
  8.343230486e-01 
  8.511976600e-01 
  8.374502659e-01 
  8.011075854e-01 
  7.690632939e-01 
  7.356523275e-01 
  6.873569489e-01 
  6.589075923e-01 
  6.232490540e-01 
  6.085425019e-01 
  6.118547320e-01 
  6.201783419e-01 
  6.404939890e-01 
  7.226070762e-01 
  7.274690270e-01 
  6.982679963e-01 
  6.455068588e-01 
  6.369438171e-01 
  6.140773892e-01 
  6.312046051e-01 
  6.378528476e-01 
  6.439501047e-01 
  6.525146961e-01 
  6.508834958e-01 
  6.457514763e-01 
  6.555632949e-01 
  6.353932023e-01 
  6.431413293e-01 
  6.471192837e-01 
  5.923420787e-01 
  6.270202398e-01 
  6.559058428e-01 
  6.623496413e-01 
  6.569935679e-01 
  6.466258764e-01 
  6.344988346e-01 
  6.373497248e-01 
  6.500537395e-01 
  6.423286796e-01 
  6.459542513e-01 
  6.255818605e-01 
  6.532469988e-01 
  6.636833549e-01 
  6.749622226e-01 
  6.745499969e-01 
  6.655297875e-01 
  6.645640731e-01 
  6.493499875e-01 
  6.294753551e-01 
  6.254829168e-01 
  6.360285878e-01 
  6.266630292e-01 
  6.387072206e-01 
  6.200888753e-01 
  6.364028454e-01 
  6.405528188e-01 
  6.341705918e-01 
  6.353369355e-01 
  6.342931390e-01 
  6.347772479e-01 
  6.314532757e-01 
  6.380028725e-01 
  6.279954314e-01 
  6.177556515e-01 
  6.209332943e-01 
  6.251229048e-01 
  6.172913313e-01 
  6.146587133e-01 
  6.168769598e-01 
  6.109409928e-01 
  6.083137989e-01 
  6.058058739e-01 
  6.003261209e-01 
  5.960955024e-01 
  5.891783834e-01 
  5.887532234e-01 
  5.833275318e-01 
  5.747035742e-01 
  5.688374043e-01 
  5.296928883e-01 
  5.554191470e-01 
  5.628582239e-01 
  5.612644553e-01 
  5.534131527e-01 
  5.542222857e-01 
  5.513410568e-01 
  5.502239466e-01 
  5.445392132e-01 
  5.461642742e-01 
  5.339884758e-01 
  5.355660915e-01 
  5.283560753e-01 
  5.327259302e-01 
  5.177204609e-01 
  5.148357749e-01 
  5.184245110e-01 
  5.079412460e-01 
  5.149706602e-01 
  5.099190474e-01 
  5.087064505e-01 
  5.078558922e-01 
  5.025587082e-01 
  5.019513369e-01 
  4.928550720e-01 
  4.963086545e-01 
  4.930138588e-01 
  4.895312488e-01 
  4.786809087e-01 
  4.819249511e-01 
  4.749529064e-01 
  4.791763425e-01 
  4.672197402e-01 
  4.700031579e-01 
  4.700547755e-01 
  4.626479447e-01 
  4.632538259e-01 
  4.627940059e-01 
  4.530195594e-01 
  4.556984007e-01 
  4.519408345e-01 
  4.370434880e-01 
  4.432854950e-01 
  4.458584785e-01 
  4.411386251e-01 
  4.367350340e-01 
  4.350292385e-01 
  4.312530458e-01 
  4.297311604e-01 
  4.235971570e-01 
  4.249796569e-01 
  4.221273959e-01 
  4.196146429e-01 
  4.133787751e-01 
  3.988052309e-01 
  4.116231799e-01 
  3.956334293e-01 
  4.048808217e-01 
  3.963450789e-01 
  3.997665346e-01 
  3.975416720e-01 
  3.838663399e-01 
  3.913641870e-01 
  3.881099522e-01 
  3.574987650e-01 
  3.774664402e-01 
  3.765794635e-01 
  3.761619031e-01 
  3.624426425e-01 
  3.738681078e-01 
  3.613622189e-01 
  3.677024841e-01 
  3.652636409e-01 
  3.646419942e-01 
  3.491969705e-01 
  3.572569788e-01 
  3.428575397e-01 
  3.463928103e-01 
  3.353463113e-01 
  3.463206589e-01 
  3.392450809e-01 
  3.427242935e-01 
  3.219102621e-01 
  3.402891755e-01 
  3.243685961e-01 
  3.298984468e-01 
  3.311527967e-01 
  3.214841485e-01 
  3.146293163e-01 
  2.846389711e-01 
  3.070785105e-01 
  3.048057258e-01 
  2.992942631e-01 
  2.898681462e-01 
  2.851969898e-01 
  2.892780602e-01 
  2.882257402e-01 
  2.749617994e-01 
  2.851938605e-01 
  2.813279927e-01 
  2.779921889e-01 
  2.727658153e-01 
  2.718812227e-01 
  2.703213692e-01 
  2.721132040e-01 
  2.721898854e-01 
  2.667482793e-01 
  2.583528459e-01 
  2.494786382e-01 
  2.492561489e-01 
  2.372214496e-01 
  2.281669676e-01 
  2.179316878e-01 
  2.046879977e-01 
  1.929411888e-01 
  1.861649901e-01 
  1.852147728e-01 
  1.769624949e-01 
  1.808552295e-01 
  1.830349714e-01 
  1.773252785e-01 
  1.728080362e-01 
  1.785701811e-01 
  1.757282317e-01 
  1.825454682e-01 
  1.970884353e-01 
  2.029153705e-01 
  1.966152936e-01 
  1.804124266e-01 
  1.589873880e-01 
  1.619416326e-01 
  1.809864789e-01 
  1.934629381e-01 
  1.962220520e-01 
  2.031449527e-01 
  2.009928823e-01 
  1.906611323e-01 
  1.937427968e-01 
  1.853598654e-01 
  1.787522286e-01 
  1.724711359e-01 
  1.752355695e-01 
  1.807540059e-01 
  1.831348389e-01 
  1.849646866e-01 
  1.836199313e-01 
  1.852709800e-01 
  1.856793165e-01 
  1.867580414e-01 
  1.864718050e-01 
  1.908468902e-01 
  1.919204593e-01 
  2.018669695e-01 
  2.048411518e-01 
  2.042876929e-01 
  2.022223175e-01 
  2.002108842e-01 
  2.090984285e-01 
  2.121736258e-01 
  2.078262866e-01 
  2.113684118e-01 
  2.057931870e-01 
  2.088146061e-01 
  2.097668648e-01 
  2.022185326e-01 
  2.073425204e-01 
  2.086648047e-01 
  2.066559345e-01 
  2.039189339e-01 
  2.033533156e-01 
  2.019078135e-01 
  1.978639364e-01 
  2.025384009e-01 
  1.969934851e-01 
  1.954565197e-01 
  1.969913691e-01 
  1.940617114e-01 
  1.924285889e-01 
  1.807345599e-01 
  1.889628023e-01 
  1.925661266e-01 
  1.902437508e-01 
  1.879290491e-01 
  1.859433502e-01 
  1.754814088e-01 
  1.862380058e-01 
  1.893705875e-01 
  1.889609694e-01 
  1.881236285e-01 
  1.869453788e-01 
  1.830280870e-01 
  1.824566275e-01 
  1.812334508e-01 
  1.744251251e-01 
  1.667428166e-01 
  1.770694405e-01 
  1.778195202e-01 
  1.774757802e-01 
  1.677913368e-01 
  1.701383740e-01 
  1.753636003e-01 
  1.746408045e-01 
  1.756248772e-01 
  1.722708791e-01 
  1.605778486e-01 
  1.705971807e-01 
  1.642794907e-01 
  1.690772325e-01 
  1.699452996e-01 
  1.685322076e-01 
  1.688164175e-01 
  1.687578410e-01 
  1.686845273e-01 
  1.678022295e-01 
  1.657762676e-01 
  1.663959771e-01 
  1.656778008e-01 
  1.643113792e-01 
  1.630708277e-01 
  1.643792838e-01 
  1.630640030e-01 
  1.632694155e-01 
  1.574849486e-01 
  1.621906459e-01 
  1.617105305e-01 
  1.608812809e-01 
  1.604860425e-01 
  1.581927538e-01 
  1.589491516e-01 
  1.582241356e-01 
  1.567243785e-01 
  1.572081745e-01 
  1.567870080e-01 
  1.561969370e-01 
  1.539087296e-01 
  1.526884437e-01 
  1.534846425e-01 
  1.520273089e-01 
  1.497960091e-01 
  1.478363872e-01 
  1.498034000e-01 
  1.480722427e-01 
  1.467011720e-01 
  1.472771168e-01 
  1.461774260e-01 
  1.450130641e-01 
  1.433961540e-01 
  1.423255503e-01 
  1.405116022e-01 
  1.400818080e-01 
  1.391239911e-01 
  1.381203830e-01 
  1.357290000e-01 
  1.350991130e-01 
  1.325455159e-01 
  1.315982342e-01 
  1.301647723e-01 
  1.254867762e-01 
  1.260131001e-01 
  1.232607737e-01 
  1.229500100e-01 
  1.227811277e-01 
  1.194585264e-01 
  1.171759292e-01 
  1.175880879e-01 
  1.204175502e-01 
  1.216615215e-01 
  1.216722950e-01 
  1.218192577e-01 
  1.214778647e-01 
  1.222494170e-01 
  1.223788410e-01 
  1.221676022e-01 
  1.217466742e-01 
  1.207880005e-01 
  1.201169118e-01 
  1.167349368e-01 
  1.036590487e-01 
  1.136839166e-01 
  1.181066185e-01 
  1.187693775e-01 
  1.182696074e-01 
  1.183927730e-01 
  1.163214147e-01 
  1.163918823e-01 
  1.133653894e-01 
  1.147500277e-01 
  1.153482720e-01 
  1.151621267e-01 
  1.125926673e-01 
  1.128074527e-01 
  1.118866131e-01 
  1.103329435e-01 
  1.089911908e-01 
  1.097335815e-01 
  1.088911965e-01 
  1.082702056e-01 
  1.062024906e-01 
  1.042579263e-01 
  1.036378667e-01 
  1.037859321e-01 
  1.034129634e-01 
  1.025485620e-01 
  1.015757844e-01 
  1.003674120e-01 
  9.955103695e-02 
  9.895847738e-02 
  9.740094095e-02 
  9.219735861e-02 
  9.420079738e-02 
  9.116316587e-02 
  9.365563840e-02 
  9.433250129e-02 
  9.170302749e-02 
  9.119097888e-02 
  8.855806291e-02 
  8.726017177e-02 
  8.791459352e-02 
  8.902986348e-02 
  8.941555023e-02 
  8.853835613e-02 
  8.676138520e-02 
  8.343605697e-02 
  8.077711612e-02 
  7.308149338e-02 
  7.235959917e-02 
  7.139480859e-02 
  6.993956864e-02 
  7.252688706e-02 
  7.374219596e-02 
  7.455319166e-02 
  7.390376180e-02 
  7.417112589e-02 
  7.457299531e-02 
  7.397270203e-02 
  7.380238920e-02 
  7.458224893e-02 
  7.426012307e-02 
  7.223904878e-02 
  6.949093938e-02 
  6.327743828e-02 
  5.863021314e-02 
  5.625617504e-02 
  5.258106813e-02 
  5.090193078e-02 
  4.719235376e-02 
  4.546762258e-02 
  4.346118867e-02 
  4.068874195e-02 
  3.915229067e-02 
  3.743392974e-02 
  3.597501293e-02 
  3.417395055e-02 
  3.346787766e-02 
  3.149964660e-02 
  2.981090732e-02 
  2.969139814e-02 
  2.928506769e-02 
  2.958854660e-02 
  3.023959324e-02 
  3.020078875e-02 
  3.049548715e-02 
  2.964465506e-02 
  2.940252237e-02 
  2.883419394e-02 
  2.993021719e-02 
  3.165201843e-02 
  3.419178724e-02 
  3.566921875e-02 
  3.666323051e-02 
  3.636782616e-02 
  3.547617793e-02 
  3.521068022e-02 
  3.366467729e-02 
  3.233854473e-02 
  3.002803773e-02 
  2.850824781e-02 
  2.719329670e-02 
  2.731288970e-02 
  2.836931311e-02 
  2.900824510e-02 
  3.051361069e-02 
  3.231619671e-02 
  3.375219554e-02 
  3.438874707e-02 
  3.383614123e-02 
  3.375406936e-02 
  3.223664314e-02 
  3.090151586e-02 
  2.955936082e-02 
  2.987286448e-02 
  3.121281601e-02 
  3.222084418e-02 
  3.224968910e-02 
  3.172441199e-02 
  3.059804998e-02 
  3.079839982e-02 
  3.212308139e-02 
  3.247429803e-02 
  3.192146495e-02 
  3.200082108e-02 
  3.157366440e-02 
  3.161247820e-02 
  3.235977143e-02 
  3.328895569e-02 
  3.443345055e-02 
  3.565454111e-02 
  3.419839963e-02 
  3.531706333e-02 
  3.547712415e-02 
  3.613653779e-02 
  3.659164906e-02 
  3.692878038e-02 
  3.691699728e-02 
  3.641062975e-02 
  3.646592051e-02 
  3.800670430e-02 
  3.754832968e-02 
  3.742179647e-02 
  3.730328754e-02 
  3.758944944e-02 
  3.601639718e-02 
  3.693688661e-02 
  3.798371926e-02 
  3.737175465e-02 
  3.629384935e-02 
  3.517881036e-02 
  3.520543128e-02 
  3.510256484e-02 
  3.407833725e-02 
  3.502677381e-02 
  3.519539163e-02 
  3.535759076e-02 
  3.586722910e-02 
  3.630828857e-02 
  3.426459804e-02 
  3.608136624e-02 
  3.497231379e-02 
  3.547339514e-02 
  3.579192236e-02 
  3.567447513e-02 
  3.642705455e-02 
  3.660289943e-02 
  3.686632216e-02 
  3.651568666e-02 
  3.572206572e-02 
  3.562711552e-02 
  3.583516926e-02 
  3.770785034e-02 
  3.907549381e-02 
  3.936146200e-02 
  4.007758945e-02 
  4.047700390e-02 
  4.105536640e-02 
  4.046642035e-02 
  3.913296759e-02 
  3.864059597e-02 
  3.736849129e-02 
  3.701196238e-02 
  3.668059409e-02 
  3.647779301e-02 
  3.485438973e-02 
  3.515712917e-02 
  3.369926289e-02 
  3.319569677e-02 
  3.263575584e-02 
  3.289436549e-02 
  3.415660933e-02 
  3.594547883e-02 
  3.607349470e-02 
  3.670867905e-02 
  3.666627407e-02 
  3.627133742e-02 
  3.525865451e-02 
  3.507536650e-02 
  3.543746471e-02 
  3.534050658e-02 
  3.626189381e-02 
  3.558398411e-02 
  3.580003232e-02 
  3.630230576e-02 
  3.607703000e-02 
  3.710770607e-02 
  3.241285309e-02 
  3.850819543e-02 
  3.972129151e-02 
  4.064772651e-02 
  3.971840441e-02 
  4.087955877e-02 
  4.066736624e-02 
  4.067723081e-02 
  4.005527124e-02 
  4.092184827e-02 
  4.181334004e-02 
  4.157177731e-02 
  4.257558659e-02 
  4.228103533e-02 
  4.162090272e-02 
  3.714591265e-02 
  3.872242197e-02 
  3.890496120e-02 
  3.933647648e-02 
  4.141252488e-02 
  4.085921869e-02 
  4.114076123e-02 
  4.174395651e-02 
  4.197544232e-02 
  4.118200392e-02 
  4.104572535e-02 
  4.037760198e-02 
  4.117598385e-02 
  4.072464257e-02 
  4.048265889e-02 
  4.133296013e-02 
  4.086600989e-02 
  4.133665934e-02 
  4.061719775e-02 
  4.027532041e-02 
  4.119383171e-02 
  4.072758928e-02 
  3.964447975e-02 
  4.066436738e-02 
  4.018275067e-02 
  4.041288048e-02 
  4.017823189e-02 
  3.754674271e-02 
  4.004926980e-02 
  3.972582892e-02 
  3.944408149e-02 
  3.875802830e-02 
  3.882398456e-02 
  3.924100101e-02 
  3.930220380e-02 
  3.816105798e-02 
  3.888402507e-02 
  3.738368675e-02 
  3.807860240e-02 
  3.820529208e-02 
  3.801421449e-02 
  3.842089698e-02 
  3.848488629e-02 
  3.842459619e-02 
  3.796909004e-02 
  3.675990924e-02 
  3.760404140e-02 
  3.729977086e-02 
  3.700927272e-02 
  3.754669055e-02 
  3.726514429e-02 
  3.579797223e-02 
  3.629979491e-02 
  3.551095352e-02 
  3.657746688e-02 
  3.619849309e-02 
  3.610692546e-02 
  3.539165854e-02 
  3.612452373e-02 
  3.601835296e-02 
  3.536593914e-02 
  3.453604504e-02 
  3.491657600e-02 
  3.416699171e-02 
  3.396067768e-02 
  3.301146626e-02 
  3.288264945e-02 
  3.184342012e-02 
  3.261316568e-02 
  3.249091282e-02 
  3.192363679e-02 
  3.198641539e-02 
  2.965507656e-02 
  3.177815303e-02 
  2.863715775e-02 
  3.127977997e-02 
  3.141088784e-02 
  3.203047812e-02 
  3.173743933e-02 
  3.109199554e-02 
  3.146760911e-02 
  3.117398731e-02 
  3.206735849e-02 
  3.158449009e-02 
  3.120192699e-02 
  3.067165427e-02 
  2.800322138e-02 
  3.009330854e-02 
  2.934661508e-02 
  3.081473336e-02 
  3.138438240e-02 
  3.102909029e-02 
  3.106129728e-02 
  2.902314812e-02 
  2.997743152e-02 
  3.024922498e-02 
  2.892798558e-02 
  2.915815637e-02 
  2.786061540e-02 
  2.845157310e-02 
  2.821422927e-02 
  2.857841179e-02 
  2.808533236e-02 
  2.793434635e-02 
  2.795708552e-02 
  2.818797342e-02 
  2.800953388e-02 
  2.622368187e-02 
  2.701264434e-02 
  2.731143683e-02 
  2.795569412e-02 
  2.761238255e-02 
  2.808031440e-02 
  2.631982788e-02 
  2.709457092e-02 
  2.786932699e-02 
  2.778056450e-02 
  2.707453258e-02 
  2.665325440e-02 
  2.725640126e-02 
  2.776725590e-02 
  2.790630609e-02 
  2.717648074e-02 
  2.741176262e-02 
  2.731234394e-02 
  2.745041251e-02 
  2.736456506e-02 
  2.653209306e-02 
  2.688060701e-02 
  2.679133415e-02 
  2.636825107e-02 
  2.565122209e-02 
  2.627420984e-02 
  2.610216290e-02 
  2.482686192e-02 
  2.458529547e-02 
  2.421887219e-02 
  2.426792309e-02 
  2.403248474e-02 
  2.394351177e-02 
  2.449252456e-02 
  2.405182086e-02 
  2.403534576e-02 
  2.426472306e-02 
  2.443085983e-02 
  2.426224947e-02 
  2.364875190e-02 
  2.418914251e-02 
  2.359716408e-02 
  2.401834913e-02 
  2.372317575e-02 
  2.393097803e-02 
  2.343023010e-02 
  2.384998091e-02 
  2.361930721e-02 
  2.371596172e-02 
  2.323198877e-02 
  2.344205044e-02 
  2.347577177e-02 
  2.323495783e-02 
  2.301355079e-02 
  2.283811197e-02 
  2.255156450e-02 
  2.240345627e-02 
  2.259055153e-02 
  2.215441130e-02 
  2.216880955e-02 
  2.260793746e-02 
  2.241052501e-02 
  2.129870094e-02 
  2.185213007e-02 
  2.189304307e-02 
  2.163749374e-02 
  2.123818919e-02 
  2.129383013e-02 
  2.136300318e-02 
  2.102048881e-02 
  2.025021799e-02 
  1.950249262e-02 
  2.001745999e-02 
  2.046163939e-02 
  2.079062536e-02 
  2.080073766e-02 
  2.050199173e-02 
  2.053888142e-02 
  2.050272189e-02 
  2.020793594e-02 
  2.014426328e-02 
  2.035652846e-02 
  2.034545131e-02 
  2.022526786e-02 
  2.014906332e-02 
  2.010867372e-02 
  1.994332299e-02 
  1.977357641e-02 
  1.984614879e-02 
  1.967192627e-02 
  1.937860437e-02 
  1.936578192e-02 
  1.925630867e-02 
  1.882115938e-02 
  1.911664940e-02 
  1.915809512e-02 
  1.887632720e-02 
  1.878650673e-02 
  1.822255179e-02 
  1.851205528e-02 
  1.866976544e-02 
  1.721117832e-02 
  1.836865768e-02 
  1.841835305e-02 
  1.837667264e-02 
  1.834578998e-02 
  1.820676960e-02 
  1.799329557e-02 
  1.785592735e-02 
  1.796680316e-02 
  1.752104238e-02 
  1.722403616e-02 
  1.747894660e-02 
  1.656761579e-02 
  1.677826606e-02 
  1.697753742e-02 
  1.711224020e-02 
  1.699012704e-02 
  1.657994650e-02 
  1.687835529e-02 
  1.687230542e-02 
  1.659755781e-02 
  1.637494378e-02 
  1.529677678e-02 
  1.555893756e-02 
  1.562301628e-02 
  1.483129058e-02 
  1.460063364e-02 
  1.528125722e-02 
  1.548360847e-02 
  1.550480537e-02 
  1.511203963e-02 
  1.555167604e-02 
  1.526315417e-02 
  1.544263121e-02 
  1.495799609e-02 
  1.503558178e-02 
  1.462816726e-02 
  1.513564307e-02 
  1.498033758e-02 
  1.491317805e-02 
  1.463867445e-02 
  1.471400727e-02 
  1.472298428e-02 
  1.469421294e-02 
  1.443866082e-02 
  1.456010528e-02 
  1.453730650e-02 
  1.439026650e-02 
  1.441645902e-02 
  1.428552717e-02 
  1.400068682e-02 
  1.362223923e-02 
  1.374356821e-02 
  1.344504301e-02 
  1.364853606e-02 
  1.354690455e-02 
  1.351277251e-02 
  1.328909118e-02 
  1.335705165e-02 
  1.311549172e-02 
  1.310872287e-02 
  1.308192685e-02 
  1.305755693e-02 
  1.275927480e-02 
  1.241302676e-02 
  1.235628221e-02 
  1.200479828e-02 
  1.180206146e-02 
  1.189389452e-02 
  1.180248242e-02 
  1.176976319e-02 
  1.158854738e-02 
  1.139513496e-02 
  1.137906127e-02 
  1.130048092e-02 
  1.136745792e-02 
  1.143332478e-02 
  1.136854943e-02 
  1.105677430e-02 
  1.094761025e-02 
  1.068061218e-02 
  1.050623041e-02 
  1.018054318e-02 
  9.829132818e-03 
  9.888186119e-03 
  9.559355676e-03 
  9.187502787e-03 
  9.199426509e-03 
  8.773438632e-03 
  8.708023466e-03 
  8.176478557e-03 
  7.903393358e-03 
  7.849540561e-03 
  7.932445966e-03 
  7.884282619e-03 
  7.663002703e-03 
  7.532842457e-03 
  7.432965562e-03 
  7.214302663e-03 
  6.903525442e-03 
  6.877601147e-03 
  6.612807512e-03 
  6.611525081e-03 
  6.409241818e-03 
  6.037533283e-03 
  5.940761883e-03 
  5.627890583e-03 
  5.237540230e-03 
  5.461818073e-03 
  5.528543144e-03 
  5.555324722e-03 
  5.467966199e-03 
  5.370638799e-03 
  5.496683996e-03 
  5.185094196e-03 
  5.199265201e-03 
  5.016142502e-03 
  4.958287813e-03 
  4.575928207e-03 
  4.511844832e-03 
  4.488993902e-03 
  4.370555282e-03 
  4.200444091e-03 
  4.177608527e-03 
  3.922965378e-03 
  3.919898532e-03 
  3.842589678e-03 
  3.707336495e-03 
  3.857438453e-03 
  3.877113573e-03 
  3.950207960e-03 
  3.987787757e-03 
  3.848634427e-03 
  4.053736571e-03 
  4.027185496e-03 
  3.981953021e-03 
  3.685166826e-03 
  3.784824396e-03 
  3.834642703e-03 
  3.855600720e-03 
  3.825062420e-03 
  3.792233532e-03 
  3.697314067e-03 
  3.751919605e-03 
  3.749483032e-03 
  3.613373730e-03 
  3.749706782e-03 
  3.801067360e-03 
  3.874587128e-03 
  3.818180878e-03 
  4.000451416e-03 
  3.958960529e-03 
  3.970506601e-03 
  3.918980248e-03 
  3.924007528e-03 
  3.671614453e-03 
  3.601198317e-03 
  3.327945247e-03 
  3.398266854e-03 
  3.140782937e-03 
  3.000301309e-03 
  2.967700129e-03 
  2.974440344e-03 
  2.961818594e-03 
  2.894304227e-03 
  2.683916362e-03 
  3.372628940e-03 
  3.639245406e-03 
  3.707268974e-03 
  3.729123389e-03 
  3.832195420e-03 
  3.897242248e-03 
  3.921297844e-03 
  3.930097446e-03 
  3.898571013e-03 
  3.760692663e-03 
  3.935540561e-03 
  3.872230416e-03 
  3.797638463e-03 
  3.646160243e-03 
  3.760450520e-03 
  3.636390902e-03 
  3.479075618e-03 
  3.610276151e-03 
  3.514068201e-03 
  3.363444703e-03 
  3.339769784e-03 
  3.268770874e-03 
  3.209107090e-03 
  3.163890680e-03 
  3.182915039e-03 
  3.127940698e-03 
  3.143457929e-03 
  3.107426222e-03 
  3.224257147e-03 
  3.229424125e-03 
  3.314937931e-03 
  3.245141124e-03 
  3.299832810e-03 
  3.296309384e-03 
  3.283239901e-03 
  3.179366235e-03 
  3.333214670e-03 
  3.406595206e-03 
  3.376265522e-03 
  3.499279264e-03 
  3.509488422e-03 
  3.587130457e-03 
  3.563753096e-03 
  3.534349380e-03 
  3.667969489e-03 
  3.730870085e-03 
  3.681336530e-03 
  3.745379159e-03 
  3.719600383e-03 
  3.731582314e-03 
  3.735746955e-03 
  3.689881880e-03 
  3.615486436e-03 
  3.750585951e-03 
  3.750638803e-03 
  3.857641947e-03 
  3.786138259e-03 
  3.929694649e-03 
  3.951887600e-03 
  3.996824846e-03 
  3.991789650e-03 
  4.060594831e-03 
  3.871313296e-03 
  3.999804612e-03 
  4.029855598e-03 
  4.059399944e-03 
  3.931755666e-03 
  3.751618322e-03 
  3.517337609e-03 
  3.745536087e-03 
  3.970667254e-03 
  4.007103853e-03 
  4.045512062e-03 
  3.897700924e-03 
  3.776625963e-03 
  3.768139752e-03 
  3.859266639e-03 
  3.788188566e-03 
  3.775447840e-03 
  3.698798362e-03 
  3.783801803e-03 
  3.793563927e-03 
  3.928718157e-03 
  3.891006578e-03 
  4.074436147e-03 
  3.985122312e-03 
  4.104098771e-03 
  4.100337625e-03 
  4.420154262e-03 
  4.303254653e-03 
  4.590354860e-03 
  4.594790284e-03 
  4.770451691e-03 
  4.802618641e-03 
  4.969639704e-03 
  4.919856787e-03 
  4.843453877e-03 
  4.966098350e-03 
  5.194660276e-03 
  5.187068600e-03 
  5.267329048e-03 
  4.988888279e-03 
  5.347015802e-03 
  5.168382544e-03 
  5.312734749e-03 
  5.348951090e-03 
  5.385315046e-03 
  5.315703340e-03 
  5.327969324e-03 
  5.210881587e-03 
  5.225990433e-03 
  5.357468501e-03 
  5.321387202e-03 
  5.295454524e-03 
  5.237982608e-03 
  5.154328886e-03 
  4.930767231e-03 
  4.960576072e-03 
  4.786207341e-03 
  4.775334150e-03 
  4.250414670e-03 
  4.161570221e-03 
  3.660971532e-03 
  3.655172884e-03 
  3.142416710e-03 
  3.141223453e-03 
  2.835732419e-03 
  2.827896969e-03 
  2.852712525e-03 
  2.773143118e-03 
  2.935809782e-03 
  2.927875845e-03 
  2.996482188e-03 
  2.996055875e-03 
  3.017500509e-03 
  3.007969819e-03 
  3.051174805e-03 
  3.015286755e-03 
  3.124343930e-03 
  3.113113344e-03 
  3.290763125e-03 
  3.292037873e-03 
  3.570090281e-03 
  3.536302363e-03 
  3.686293727e-03 
  3.808705136e-03 
  4.096061923e-03 
  4.091733135e-03 
  4.256824963e-03 
  4.287006333e-03 
  4.408003297e-03 
  4.414625000e-03 
  4.428799264e-03 
  4.368444905e-03 
  4.455008078e-03 
  4.520511255e-03 
  4.573796876e-03 
  4.561262671e-03 
  4.421393853e-03 
  4.516241141e-03 
  4.546280019e-03 
  4.294002894e-03 
  4.434655420e-03 
  4.461967852e-03 
  4.419990350e-03 
  4.370330833e-03 
  4.328117240e-03 
  4.318926949e-03 
  4.193940200e-03 
  4.182933364e-03 
  4.152177367e-03 
  3.965458833e-03 
  3.979411907e-03 
  3.765863366e-03 
  3.737743013e-03 
  3.596918890e-03 
  3.539404366e-03 
  3.535222495e-03 
  3.555175848e-03 
  3.584847320e-03 
  3.564117011e-03 
  3.615675494e-03 
  3.609943204e-03 
  3.610938787e-03 
  3.508544527e-03 
  3.604876110e-03 
  3.584551858e-03 
  3.364039585e-03 
  3.554389812e-03 
  3.551888745e-03 
  3.560155863e-03 
  3.523196792e-03 
  3.583919024e-03 
  3.457055427e-03 
  3.656448564e-03 
  3.607613733e-03 
  3.757080762e-03 
  3.744247137e-03 
  3.821826773e-03 
  3.810154740e-03 
  3.860376310e-03 
  3.852086607e-03 
  3.780732863e-03 
  3.852546215e-03 
  3.807717003e-03 
  3.854101989e-03 
  3.779557534e-03 
  3.801052459e-03 
  3.825410502e-03 
  3.849435365e-03 
  3.840232966e-03 
  3.858506214e-03 
  3.856587922e-03 
  3.859540215e-03 
  3.823386040e-03 
  3.670480102e-03 
  3.797626123e-03 
  3.826080356e-03 
  3.699147841e-03 
  3.803252243e-03 
  3.785677720e-03 
  3.773318604e-03 
  3.779492108e-03 
  3.782341257e-03 
  3.771577263e-03 
  3.790129907e-03 
  3.725242335e-03 
  3.775551682e-03 
  3.765234724e-03 
  3.771995660e-03 
  3.753581550e-03 
  3.742712317e-03 
  3.716496751e-03 
  3.622687422e-03 
  3.700060304e-03 
  3.682937473e-03 
  3.657326801e-03 
  3.661801340e-03 
  3.651918378e-03 
  3.620123956e-03 
  3.526780289e-03 
  3.601572476e-03 
  3.618879477e-03 
  3.525604494e-03 
  3.594625508e-03 
  3.556957934e-03 
  3.552640788e-03 
  3.491222626e-03 
  3.559952835e-03 
  3.571068635e-03 
  3.502332838e-03 
  3.568354761e-03 
  3.553648246e-03 
  3.533556126e-03 
  3.548207227e-03 
  3.535229946e-03 
  3.525954438e-03 
  3.508748254e-03 
  3.506257897e-03 
  3.371953731e-03 
  3.480341751e-03 
  3.473117948e-03 
  3.449276090e-03 
  3.438507207e-03 
  3.435292048e-03 
  3.408669261e-03 
  3.385310527e-03 
  3.361322917e-03 
  3.321655793e-03 
  3.262840211e-03 
  3.289855784e-03 
  3.285189625e-03 
  3.238967853e-03 
  3.229037160e-03 
  3.197307233e-03 
  3.183562309e-03 
  3.148143413e-03 
  3.149756463e-03 
  3.142657224e-03 
  3.139615059e-03 
  3.125819843e-03 
  3.115626052e-03 
  3.095472930e-03 
  3.079745453e-03 
  3.070995444e-03 
  3.024243983e-03 
  3.021056065e-03 
  2.973249881e-03 
  2.868992975e-03 
  2.572374186e-03 
  2.809228143e-03 
  2.892803168e-03 
  2.964223037e-03 
  2.955880947e-03 
  2.976160496e-03 
  2.959460486e-03 
  2.964665880e-03 
  2.948099049e-03 
  2.946274122e-03 
  2.922830870e-03 
  2.890456468e-03 
  2.906192560e-03 
  2.789691556e-03 
  2.896985738e-03 
  2.887109760e-03 
  2.855604049e-03 
  2.780133160e-03 
  2.842622576e-03 
  2.844617004e-03 
  2.842767630e-03 
  2.833819482e-03 
  2.757260343e-03 
  2.736980561e-03 
  2.765123500e-03 
  2.792173997e-03 
  2.779478906e-03 
  2.743684221e-03 
  2.731543267e-03 
  2.718465636e-03 
  2.682347316e-03 
  2.666956279e-03 
  2.644816879e-03 
  2.636234509e-03 
  2.621672116e-03 
  2.619039267e-03 
  2.610080410e-03 
  2.634275937e-03 
  2.629984636e-03 
  2.617714461e-03 
  2.548177727e-03 
  2.511169994e-03 
  2.634297824e-03 
  2.575184451e-03 
  2.653486561e-03 
  2.646342618e-03 
  2.633076161e-03 
  2.628247486e-03 
  2.612981480e-03 
  2.607882721e-03 
  2.581313252e-03 
  2.539336681e-03 
  2.565552713e-03 
  2.569115488e-03 
  2.555949613e-03 
  2.546941396e-03 
  2.532246988e-03 
  2.525874181e-03 
  2.515098546e-03 
  2.497808775e-03 
  2.450259635e-03 
  2.452830318e-03 
  2.446586965e-03 
  2.464139136e-03 
  2.433069050e-03 
  2.432406880e-03 
  2.427923260e-03 
  2.416493371e-03 
  2.407661639e-03 
  2.390402835e-03 
  2.376500983e-03 
  2.373348223e-03 
  2.342030872e-03 
  2.288773190e-03 
  2.312882338e-03 
  2.331532072e-03 
  2.322345274e-03 
  2.279585460e-03 
  2.292806283e-03 
  2.289405791e-03 
  2.280430170e-03 
  2.274313010e-03 
  2.208726481e-03 
  2.250704449e-03 
  2.228110330e-03 
  2.221534960e-03 
  2.221195493e-03 
  2.186858095e-03 
  2.128433436e-03 
  2.171195578e-03 
  2.150981221e-03 
  2.147117164e-03 
  2.142610261e-03 
  2.141224220e-03 
  2.121873433e-03 
  2.107742475e-03 
  2.108049579e-03 
  2.029789379e-03 
  2.100744750e-03 
  2.084628213e-03 
  2.055166056e-03 
  2.069704467e-03 
  2.067242516e-03 
  2.058852231e-03 
  2.049130620e-03 
  2.027672715e-03 
  2.042819746e-03 
  2.036937280e-03 
  2.027294133e-03 
  1.993702026e-03 
  2.014813712e-03 
  2.011636738e-03 
  2.006970113e-03 
  1.997236861e-03 
  1.987708267e-03 
  1.886984333e-03 
  1.944922959e-03 
  1.947285258e-03 
  1.940378919e-03 
  1.929989667e-03 
  1.924481709e-03 
  1.924981014e-03 
  1.914961147e-03 
  1.894261572e-03 
  1.890886575e-03 
  1.862306497e-03 
  1.868237043e-03 
  1.861297642e-03 
  1.759349951e-03 
  1.802806742e-03 
  1.792554162e-03 
  1.757936552e-03 
  1.793815754e-03 
  1.795853605e-03 
  1.787947956e-03 
  1.783482963e-03 
  1.800628612e-03 
  1.792166033e-03 
  1.783180167e-03 
  1.799799385e-03 
  1.798566431e-03 
  1.798172249e-03 
  1.794766635e-03 
  1.780233113e-03 
  1.768543036e-03 
  1.771013369e-03 
  1.759675215e-03 
  1.740154577e-03 
  1.727014314e-03 
  1.666310476e-03 
  1.687781536e-03 
  1.668481505e-03 
  1.694132108e-03 
  1.684425748e-03 
  1.659897272e-03 
  1.665910473e-03 
  1.661740593e-03 
  1.580459764e-03 
  1.621546689e-03 
  1.631970983e-03 
  1.611782587e-03 
  1.639564289e-03 
  1.647709520e-03 
  1.631768653e-03 
  1.626160578e-03 
  1.616055379e-03 
  1.602555509e-03 
  1.598695293e-03 
  1.569533953e-03 
  1.544585684e-03 
  1.552861999e-03 
  1.533271396e-03 
  1.522737206e-03 
  1.480793697e-03 
  1.501903404e-03 
  1.501143794e-03 
  1.485874876e-03 
  1.476333011e-03 
  1.469518524e-03 
  1.457130420e-03 
  1.458117156e-03 
  1.447182964e-03 
  1.443059649e-03 
  1.447495655e-03 
  1.435870770e-03 
  1.440780587e-03 
  1.415979932e-03 
  1.370085170e-03 
  1.403320697e-03 
  1.416911487e-03 
  1.428159303e-03 
  1.414195052e-03 
  1.412240090e-03 
  1.434749924e-03 
  1.433551777e-03 
  1.420629327e-03 
  1.404838404e-03 
  1.400486100e-03 
  1.401935355e-03 
  1.370691112e-03 
  1.371191931e-03 
  1.338131377e-03 
  1.329167746e-03 
  1.314221532e-03 
  1.288245199e-03 
  1.300984295e-03 
  1.299201162e-03 
  1.299618627e-03 
  1.234085183e-03 
  1.273119706e-03 
  1.297456096e-03 
  1.291101915e-03 
  1.285124919e-03 
  1.298142597e-03 
  1.291752094e-03 
  1.285495819e-03 
  1.286444487e-03 
  1.222670311e-03 
  1.219987636e-03 
  1.227361499e-03 
  1.234284486e-03 
  1.219793339e-03 
  1.250415109e-03 
  1.243818784e-03 
  1.257756609e-03 
  1.253471011e-03 
  1.248128130e-03 
  1.239686855e-03 
  1.253691036e-03 
  1.240538317e-03 
  1.239805133e-03 
  1.243523904e-03 
  1.233003917e-03 
  1.232897048e-03 
  1.219337457e-03 
  1.214643591e-03 
  1.218787162e-03 
  1.207855181e-03 
  1.189906383e-03 
  1.195761375e-03 
  1.176421298e-03 
  1.165213878e-03 
  1.165309688e-03 
  1.159627922e-03 
  1.142043271e-03 
  1.141214627e-03 
  1.137895975e-03 
  1.121500623e-03 
  1.080664690e-03 
  1.076891902e-03 
  1.039606635e-03 
  1.084716991e-03 
  1.092347899e-03 
  1.121439156e-03 
  1.107602846e-03 
  1.112509402e-03 
  1.125126262e-03 
  1.115364488e-03 
  1.116830739e-03 
  1.111139194e-03 
  1.123305177e-03 
  1.109503093e-03 
  1.106981188e-03 
  1.112612197e-03 
  1.104123658e-03 
  1.090496429e-03 
  1.095441519e-03 
  1.090306323e-03 
  1.055033761e-03 
  1.041747397e-03 
  1.069122343e-03 
  1.060290611e-03 
  1.033135108e-03 
  1.058177906e-03 
  1.039872994e-03 
  1.026101527e-03 
  1.030727522e-03 
  1.000766177e-03 
  9.941419121e-04 
  9.747958975e-04 
  9.451030055e-04 
  9.457122069e-04 
  9.348489693e-04 
  9.333289345e-04 
  9.383196593e-04 
  9.300314705e-04 
  9.280726081e-04 
  9.409874328e-04 
  9.632607689e-04 
  9.517790750e-04 
  9.485619958e-04 
  9.135425207e-04 
  9.593107970e-04 
  9.643550147e-04 
  9.568548412e-04 
  9.417091496e-04 
  9.426230099e-04 
  9.340955294e-04 
  9.220279753e-04 
  9.132911800e-04 
  9.046802879e-04 
  8.841230883e-04 
  8.825997356e-04 
  8.745919913e-04 
  8.060232503e-04 
  8.390457369e-04 
  8.343365625e-04 
  8.203035686e-04 
  8.043707930e-04 
  8.179676952e-04 
  7.782431785e-04 
  7.883493672e-04 
  7.832408301e-04 
  7.226509624e-04 
  7.319278666e-04 
  7.182669360e-04 
  6.956859725e-04 
  6.752230693e-04 
  7.056233007e-04 
  6.784966681e-04 
  6.732486072e-04 
  6.356694503e-04 
  6.629998679e-04 
  6.613990408e-04 
  6.637066253e-04 
  6.600809284e-04 
  6.616387400e-04 
  6.500399322e-04 
  6.631359574e-04 
  6.547425292e-04 
  6.495011039e-04 
  6.621437497e-04 
  6.564939395e-04 
  6.584412768e-04 
  6.498063449e-04 
