  3.680590689e-01 
  9.639998674e-01 
  1.035109043e+00 
  2.655478716e+00 
  2.984680414e+00 
  5.393265247e+00 
  5.872937202e+00 
  8.641957283e+00 
  1.096786594e+01 
  1.168760872e+01 
  1.296455669e+01 
  2.486102867e+01 
  2.110308647e+01 
  2.676921082e+01 
  2.726605034e+01 
  3.256120682e+01 
  2.528068924e+01 
  3.643767929e+01 
  3.520328903e+01 
  3.959292603e+01 
  3.758733749e+01 
  4.678072357e+01 
  4.038065338e+01 
  3.549041748e+01 
  4.443318939e+01 
  4.861779404e+01 
  6.713160706e+01 
  6.716033936e+01 
  5.477703094e+01 
  6.525312042e+01 
  6.768097687e+01 
  5.427090073e+01 
  5.972908020e+01 
  6.713613892e+01 
  5.566917801e+01 
  5.968370056e+01 
  4.457476044e+01 
  4.222647476e+01 
  5.121486282e+01 
  5.126251221e+01 
  5.711024094e+01 
  4.795582581e+01 
  4.995035934e+01 
  4.977511597e+01 
  4.462004852e+01 
  5.701350403e+01 
  6.279026031e+01 
  5.927372360e+01 
  5.537775421e+01 
  6.025757217e+01 
  6.111853409e+01 
  5.757080841e+01 
  5.852066040e+01 
  5.297748184e+01 
  6.066955948e+01 
  6.099351501e+01 
  5.720777512e+01 
  3.627084732e+01 
  3.909417343e+01 
  3.901351929e+01 
  5.740731049e+01 
  4.515908051e+01 
  4.915740204e+01 
  5.187881088e+01 
  5.137172699e+01 
  4.771769714e+01 
  6.497137451e+01 
  5.766806030e+01 
  5.394341660e+01 
  5.146648788e+01 
  5.871010590e+01 
  4.650627518e+01 
  4.855180740e+01 
  4.798140717e+01 
  3.684380341e+01 
  3.345584869e+01 
  4.743471146e+01 
  4.809333420e+01 
  6.161525345e+01 
  4.697952271e+01 
  4.357787323e+01 
  4.844615173e+01 
  3.584370804e+01 
  2.472688675e+01 
  2.692234612e+01 
  4.006861115e+01 
  3.075317192e+01 
  3.489466476e+01 
  3.415783691e+01 
  3.845433807e+01 
  4.605743790e+01 
  5.089469528e+01 
  4.467424393e+01 
  2.365556335e+01 
  2.585474586e+01 
  4.286571503e+01 
  4.357684708e+01 
  1.751685524e+01 
  4.840550995e+01 
  5.732552338e+01 
  5.562647247e+01 
  5.457011414e+01 
  5.708209610e+01 
  5.276988983e+01 
  5.597403717e+01 
  5.066935349e+01 
  4.964008331e+01 
  4.772639084e+01 
  5.104295731e+01 
  5.577766037e+01 
  4.603937912e+01 
  5.337754822e+01 
  5.460765457e+01 
  5.093382263e+01 
  4.935834885e+01 
  5.198189926e+01 
  5.101906586e+01 
  4.884994507e+01 
  4.719255829e+01 
  4.775070572e+01 
  3.991822052e+01 
  4.939794540e+01 
  4.675299454e+01 
  3.900332642e+01 
  4.237932205e+01 
  4.335944366e+01 
  4.117682648e+01 
  3.913077164e+01 
  3.914787674e+01 
  3.518969727e+01 
  2.774620438e+01 
  2.465019417e+01 
  4.384601212e+01 
  3.856952667e+01 
  3.622853470e+01 
  3.895504379e+01 
  4.269235229e+01 
  4.260432816e+01 
  3.772356415e+01 
  3.608395767e+01 
  3.997914124e+01 
  3.939433289e+01 
  4.101810837e+01 
  4.082447433e+01 
  4.010152054e+01 
  4.170795822e+01 
  3.671038055e+01 
  4.140189743e+01 
  4.162357712e+01 
  4.144282532e+01 
  4.187902069e+01 
  4.476125717e+01 
  4.115443039e+01 
  3.778458786e+01 
  3.984491348e+01 
  3.968717194e+01 
  4.020757675e+01 
  3.999547195e+01 
  3.886857605e+01 
  3.844633484e+01 
  3.770373535e+01 
  3.865391541e+01 
  3.762007141e+01 
  3.723082352e+01 
  3.696086884e+01 
  3.603942871e+01 
  3.679225540e+01 
  3.512340927e+01 
  3.679268646e+01 
  3.608653641e+01 
  3.521580505e+01 
  3.478367996e+01 
  3.483959579e+01 
  3.409830475e+01 
  3.401190186e+01 
  3.501479340e+01 
  3.358175659e+01 
  3.292517090e+01 
  3.419320297e+01 
  3.230239487e+01 
  3.259792328e+01 
  3.206542206e+01 
  3.240133667e+01 
  3.210447693e+01 
  3.055613899e+01 
  3.046971321e+01 
  2.445672798e+01 
  2.721440887e+01 
  2.925587082e+01 
  2.692692757e+01 
  3.035282898e+01 
  2.812289810e+01 
  2.675967026e+01 
  2.853800583e+01 
  2.730007172e+01 
  2.889967155e+01 
  2.787097931e+01 
  2.677274323e+01 
  2.588624573e+01 
  2.557367134e+01 
  2.521527672e+01 
  2.441267204e+01 
  2.401993752e+01 
  2.520829582e+01 
  2.323000526e+01 
  2.481738091e+01 
  2.631821442e+01 
  2.425774574e+01 
  2.304611206e+01 
  2.461996460e+01 
  2.363362122e+01 
  2.342080879e+01 
  2.435336113e+01 
  2.208260345e+01 
  2.141966629e+01 
  2.166599655e+01 
  2.254803085e+01 
  1.645577621e+01 
  2.018504906e+01 
  1.894734764e+01 
  2.066893768e+01 
  2.049091148e+01 
  2.110903549e+01 
  1.948478317e+01 
  2.094771194e+01 
  2.059151459e+01 
  1.944615936e+01 
  1.683348274e+01 
  2.003441048e+01 
  2.041760445e+01 
  1.911952209e+01 
  2.062510300e+01 
  1.950060463e+01 
  1.697647667e+01 
  1.829798126e+01 
  1.850498772e+01 
  1.946347809e+01 
  1.789957428e+01 
  1.857391167e+01 
  1.835190392e+01 
  1.780438614e+01 
  1.618557167e+01 
  1.789993668e+01 
  1.697545242e+01 
  1.775203705e+01 
  1.733880806e+01 
  1.680939674e+01 
  1.737531281e+01 
  1.598566055e+01 
  1.668231773e+01 
  1.618099403e+01 
  1.594909668e+01 
  1.650198174e+01 
  1.572753906e+01 
  1.611074638e+01 
  1.602656555e+01 
  1.546018410e+01 
  1.488154793e+01 
  1.532372856e+01 
  1.436906910e+01 
  1.431749344e+01 
  1.561058140e+01 
  1.421486950e+01 
  1.475411606e+01 
  1.443114567e+01 
  1.448603916e+01 
  1.324990559e+01 
  1.409734344e+01 
  1.393675327e+01 
  1.354006195e+01 
  1.350402832e+01 
  1.292879772e+01 
  1.354962444e+01 
  1.357898808e+01 
  1.340149403e+01 
  1.297274399e+01 
  1.264265537e+01 
  1.307697105e+01 
  1.261044312e+01 
  1.243270874e+01 
  1.278081703e+01 
  1.247642708e+01 
  1.258446407e+01 
  1.258938599e+01 
  1.246587181e+01 
  1.230023479e+01 
  1.169180775e+01 
  1.205648994e+01 
  1.184814072e+01 
  1.043329334e+01 
  1.081846523e+01 
  1.141014194e+01 
  1.111572742e+01 
  1.115180969e+01 
  1.117511177e+01 
  1.088717556e+01 
  1.107478523e+01 
  1.102740860e+01 
  1.072447205e+01 
  1.065072250e+01 
  1.057967758e+01 
  1.044589806e+01 
  1.026028061e+01 
  1.025416470e+01 
  1.051029110e+01 
  1.041472912e+01 
  1.022534180e+01 
  1.010021591e+01 
  9.996432304e+00 
  9.828181267e+00 
  9.606766701e+00 
  9.698348045e+00 
  9.509072304e+00 
  9.308503151e+00 
  8.913407326e+00 
  9.278981209e+00 
  8.764550209e+00 
  8.756060600e+00 
  9.108305931e+00 
  8.964703560e+00 
  9.036475182e+00 
  9.130373955e+00 
  8.590491295e+00 
  8.598933220e+00 
  8.550063133e+00 
  8.262042999e+00 
  8.246905327e+00 
  8.317988396e+00 
  8.078392029e+00 
  8.275354385e+00 
  7.947772026e+00 
  8.201039314e+00 
  7.599849224e+00 
  8.112668037e+00 
  7.828645229e+00 
  7.925763607e+00 
  7.602688789e+00 
  7.808650017e+00 
  7.886596680e+00 
  7.775386810e+00 
  7.488136768e+00 
  7.550856590e+00 
  7.416274548e+00 
  7.497324944e+00 
  7.366262436e+00 
  7.380558968e+00 
  7.054654121e+00 
  7.106984615e+00 
  7.052001953e+00 
  7.146952629e+00 
  6.583747387e+00 
  7.048379898e+00 
  6.868663788e+00 
  6.966297626e+00 
  6.832575798e+00 
  6.610701561e+00 
  5.578538895e+00 
  5.918092728e+00 
  6.553360462e+00 
  6.526265144e+00 
  6.539089203e+00 
  6.533038139e+00 
  6.589013100e+00 
  6.475736141e+00 
  6.335042953e+00 
  6.324844837e+00 
  6.363263130e+00 
  6.199957848e+00 
  6.198418140e+00 
  6.250097752e+00 
  6.138577461e+00 
  6.037549973e+00 
  5.982197762e+00 
  5.989357471e+00 
  5.965474606e+00 
  5.839635849e+00 
  5.914669514e+00 
  5.762683868e+00 
  5.823345661e+00 
  5.706969261e+00 
  5.628874302e+00 
  5.600967407e+00 
  5.555712700e+00 
  5.559314728e+00 
  5.425571918e+00 
  5.455326080e+00 
  5.174834728e+00 
  4.662280083e+00 
  4.764615536e+00 
  4.711877346e+00 
  4.775589943e+00 
  4.867219925e+00 
  4.876573086e+00 
  4.868473053e+00 
  4.866546631e+00 
  4.786883831e+00 
  4.833934307e+00 
  4.896202087e+00 
  4.759810925e+00 
  4.749786377e+00 
  4.677766800e+00 
  4.532041073e+00 
  4.494084835e+00 
  4.586445332e+00 
  4.575581551e+00 
  4.560292244e+00 
  4.490213394e+00 
  4.404957771e+00 
  4.515619278e+00 
  4.347866535e+00 
  4.403213024e+00 
  4.353017330e+00 
  4.284546852e+00 
  4.228105545e+00 
  4.270406246e+00 
  4.076513290e+00 
  4.137338161e+00 
  3.877217770e+00 
  3.761640072e+00 
  3.671894073e+00 
  3.640289307e+00 
  3.782161236e+00 
  3.881092310e+00 
  3.812149286e+00 
  3.712964058e+00 
  3.665384293e+00 
  3.633618116e+00 
  3.679985046e+00 
  3.582090616e+00 
  3.454740047e+00 
  3.556019545e+00 
  3.470431566e+00 
  3.577003002e+00 
  3.564418316e+00 
  3.649516582e+00 
  3.588766098e+00 
  3.482604027e+00 
  3.523525715e+00 
  3.515036583e+00 
  3.391003132e+00 
  3.424009323e+00 
  3.389638901e+00 
  3.320158005e+00 
  3.408735752e+00 
  3.427608728e+00 
  3.324250937e+00 
  3.355288267e+00 
  3.389470100e+00 
  3.311429501e+00 
  3.295228720e+00 
  3.228135347e+00 
  3.202541113e+00 
  3.236075163e+00 
  3.188796043e+00 
  3.221650362e+00 
  3.186048269e+00 
  3.107031345e+00 
  3.112890720e+00 
  3.087244987e+00 
  2.790591478e+00 
  1.496246576e+00 
  1.372417927e+00 
  2.039184332e+00 
  1.855821133e+00 
  1.963593960e+00 
  2.215946436e+00 
  2.363717318e+00 
  2.524220705e+00 
  2.714200258e+00 
  2.764116287e+00 
  2.774607182e+00 
  2.781553745e+00 
  2.760782719e+00 
  2.737005234e+00 
  2.753726482e+00 
  2.637265444e+00 
  2.732049942e+00 
  2.698960066e+00 
  2.670338392e+00 
  2.664902449e+00 
  2.618063211e+00 
  2.600552082e+00 
  2.618052483e+00 
  2.543459415e+00 
  2.543858290e+00 
  2.534388304e+00 
  2.473333597e+00 
  2.489678621e+00 
  2.435623407e+00 
  2.423497915e+00 
  2.385382891e+00 
  2.363339663e+00 
  2.316253424e+00 
  2.307503223e+00 
  2.283822775e+00 
  2.252470016e+00 
  2.260890245e+00 
  2.268501282e+00 
  2.269683123e+00 
  2.253598452e+00 
  2.175761461e+00 
  2.205853701e+00 
  2.189609051e+00 
  2.148438215e+00 
  2.160660505e+00 
  2.098146677e+00 
  2.148655176e+00 
  2.125230789e+00 
  2.098925352e+00 
  2.049844027e+00 
  2.026891708e+00 
  2.041910648e+00 
  2.015352011e+00 
  1.985560060e+00 
  1.958530664e+00 
  1.910667658e+00 
  1.863303900e+00 
  1.866311789e+00 
  1.847326875e+00 
  1.795359373e+00 
  1.775333881e+00 
  1.855328202e+00 
  1.771666288e+00 
  1.730412722e+00 
  1.795292377e+00 
  1.817229152e+00 
  1.813767791e+00 
  1.794627905e+00 
  1.760872602e+00 
  1.758749366e+00 
  1.730718255e+00 
  1.693935752e+00 
  1.721004725e+00 
  1.663967967e+00 
  1.685826898e+00 
  1.691005707e+00 
  1.699122071e+00 
  1.676526070e+00 
  1.679111242e+00 
  1.621516943e+00 
  1.657845259e+00 
  1.651430488e+00 
  1.635541320e+00 
  1.622015238e+00 
  1.589940548e+00 
  1.607469797e+00 
  1.614418745e+00 
  1.552712440e+00 
  1.589250326e+00 
  1.584749460e+00 
  1.362817764e+00 
  1.552782059e+00 
  1.486840963e+00 
  1.498407722e+00 
  1.198842406e+00 
  1.314083815e+00 
  1.485113978e+00 
  1.502299428e+00 
  1.471523881e+00 
  1.465059996e+00 
  1.445376754e+00 
  1.438392758e+00 
  1.427026510e+00 
  1.447460413e+00 
  1.437841654e+00 
  1.404477119e+00 
  1.172557712e+00 
  1.242767572e+00 
  1.341507196e+00 
  1.316515923e+00 
  1.364390612e+00 
  1.356115222e+00 
  1.344417810e+00 
  1.343460202e+00 
  1.307867885e+00 
  1.289806008e+00 
  1.294406652e+00 
  1.314063311e+00 
  1.285275102e+00 
  1.282255054e+00 
  1.268763065e+00 
  1.197135329e+00 
  1.257315278e+00 
  1.223065019e+00 
  1.227812529e+00 
  1.234394073e+00 
  1.187905908e+00 
  1.170810223e+00 
  1.200313926e+00 
  1.202986836e+00 
  1.193296790e+00 
  1.181071639e+00 
  1.169221282e+00 
  1.111609578e+00 
  1.139282107e+00 
  1.064605594e+00 
  1.084105253e+00 
  1.037387729e+00 
  1.026837945e+00 
  1.000817418e+00 
  9.741865993e-01 
  9.441130757e-01 
  9.234824777e-01 
  1.002636790e+00 
  1.034933329e+00 
  1.026698709e+00 
  9.810696244e-01 
  9.700016379e-01 
  9.254837036e-01 
  9.061977267e-01 
  9.149941802e-01 
  9.175401926e-01 
  9.109998941e-01 
  9.090461731e-01 
  9.085495472e-01 
  8.957971931e-01 
  9.048080444e-01 
  8.907070160e-01 
  8.874282837e-01 
  9.134864807e-01 
  9.154466987e-01 
  8.882879615e-01 
  8.761917949e-01 
  8.320006132e-01 
  8.542694449e-01 
  8.610649705e-01 
  8.263078332e-01 
  8.429846764e-01 
  8.293117285e-01 
  7.932285070e-01 
  7.613764405e-01 
  7.281852961e-01 
  6.802651286e-01 
  6.520428061e-01 
  6.166948080e-01 
  6.021355987e-01 
  6.054347754e-01 
  6.136662960e-01 
  6.338402629e-01 
  7.153551579e-01 
  7.202203870e-01 
  6.912687421e-01 
  6.389493346e-01 
  6.303635836e-01 
  6.077258587e-01 
  6.247096062e-01 
  6.312924623e-01 
  6.373636127e-01 
  6.458635926e-01 
  6.442471147e-01 
  6.391736269e-01 
  6.489421725e-01 
  6.289194822e-01 
  6.366297603e-01 
  6.406174898e-01 
  5.863553286e-01 
  6.206771731e-01 
  6.494060755e-01 
  6.558063626e-01 
  6.504801512e-01 
  6.402090788e-01 
  6.281911731e-01 
  6.310248971e-01 
  6.436820626e-01 
  6.360437870e-01 
  6.396275759e-01 
  6.194593310e-01 
  6.469036937e-01 
  6.573062539e-01 
  6.685045362e-01 
  6.680982113e-01 
  6.591635346e-01 
  6.581990719e-01 
  6.431134343e-01 
  6.234083176e-01 
  6.194400787e-01 
  6.299011111e-01 
  6.206523776e-01 
  6.325792670e-01 
  6.141467094e-01 
  6.303305626e-01 
  6.344469190e-01 
  6.281203628e-01 
  6.292887926e-01 
  6.282682419e-01 
  6.287552714e-01 
  6.254726052e-01 
  6.319645643e-01 
  6.220527887e-01 
  6.119104624e-01 
  6.150588989e-01 
  6.192125082e-01 
  6.114558578e-01 
  6.088420749e-01 
  6.110434532e-01 
  6.051667333e-01 
  6.025639176e-01 
  6.000777483e-01 
  5.946479440e-01 
  5.904559493e-01 
  5.836048722e-01 
  5.831842422e-01 
  5.778042674e-01 
  5.692629218e-01 
  5.634549856e-01 
  5.246819854e-01 
  5.501647592e-01 
  5.575321913e-01 
  5.559490323e-01 
  5.481665134e-01 
  5.489699841e-01 
  5.461214185e-01 
  5.450168252e-01 
  5.393826962e-01 
  5.409932733e-01 
  5.289326310e-01 
  5.304947495e-01 
  5.233535767e-01 
  5.276813507e-01 
  5.128143430e-01 
  5.099577308e-01 
  5.135145783e-01 
  5.031312704e-01 
  5.100916624e-01 
  5.050863624e-01 
  5.038836598e-01 
  5.030433536e-01 
  4.977948666e-01 
  4.971936643e-01 
  4.881845713e-01 
  4.916067719e-01 
  4.883435071e-01 
  4.848942161e-01 
  4.741466045e-01 
  4.773597419e-01 
  4.704536498e-01 
  4.746358395e-01 
  4.627919197e-01 
  4.655490518e-01 
  4.655990601e-01 
  4.582613409e-01 
  4.588605464e-01 
  4.584046006e-01 
  4.487224221e-01 
  4.513748884e-01 
  4.476510882e-01 
  4.328937531e-01 
  4.390747547e-01 
  4.416207671e-01 
  4.369430542e-01 
  4.325795174e-01 
  4.308884144e-01 
  4.271463156e-01 
  4.256375134e-01 
  4.195597172e-01 
  4.209266901e-01 
  4.180992246e-01 
  4.156069756e-01 
  4.094269574e-01 
  3.949915171e-01 
  4.076859355e-01 
  3.918484747e-01 
  4.010044932e-01 
  3.925486207e-01 
  3.959351182e-01 
  3.937306106e-01 
  3.801862597e-01 
  3.876112103e-01 
  3.843911290e-01 
  3.540742397e-01 
  3.738526106e-01 
  3.729746044e-01 
  3.725611567e-01 
  3.589743972e-01 
  3.702920675e-01 
  3.579087257e-01 
  3.641885221e-01 
  3.617726266e-01 
  3.611562550e-01 
  3.458595872e-01 
  3.538388610e-01 
  3.395776451e-01 
  3.430815935e-01 
  3.321389854e-01 
  3.430063426e-01 
  3.359929323e-01 
  3.394406140e-01 
  3.188323975e-01 
  3.370362818e-01 
  3.212605119e-01 
  3.267360926e-01 
  3.279800415e-01 
  3.184003830e-01 
  3.116027117e-01 
  2.818974257e-01 
  3.041214943e-01 
  3.018708527e-01 
  2.964106202e-01 
  2.870534956e-01 
  2.824051678e-01 
  2.864479721e-01 
  2.854092121e-01 
  2.722731531e-01 
  2.824070454e-01 
  2.785746455e-01 
  2.752606869e-01 
  2.700743973e-01 
  2.692010403e-01 
  2.676579952e-01 
  2.694404125e-01 
  2.695139945e-01 
  2.641204596e-01 
  2.557846904e-01 
  2.469671220e-01 
  2.467372864e-01 
  2.347926199e-01 
  2.258149534e-01 
  2.156566381e-01 
  2.025275230e-01 
  1.908925176e-01 
  1.841749698e-01 
  1.832319796e-01 
  1.750569642e-01 
  1.789131910e-01 
  1.810735762e-01 
  1.754229069e-01 
  1.709533483e-01 
  1.766547561e-01 
  1.738454551e-01 
  1.806019694e-01 
  1.950198114e-01 
  2.007946968e-01 
  1.945480704e-01 
  1.784963906e-01 
  1.572697908e-01 
  1.601939350e-01 
  1.790678948e-01 
  1.914337128e-01 
  1.941879243e-01 
  2.010496706e-01 
  1.989144981e-01 
  1.886809319e-01 
  1.917272210e-01 
  1.834220439e-01 
  1.768738478e-01 
  1.706451476e-01 
  1.733836085e-01 
  1.788549125e-01 
  1.812208891e-01 
  1.830361933e-01 
  1.817067862e-01 
  1.833481938e-01 
  1.837561280e-01 
  1.848293096e-01 
  1.845456958e-01 
  1.888870448e-01 
  1.899630874e-01 
  1.998429149e-01 
  2.028042674e-01 
  2.022708952e-01 
  2.002318501e-01 
  1.982525289e-01 
  2.070621848e-01 
  2.101171762e-01 
  2.058138251e-01 
  2.093232572e-01 
  2.038042843e-01 
  2.067979574e-01 
  2.077405751e-01 
  2.002664804e-01 
  2.053421438e-01 
  2.066544592e-01 
  2.046633512e-01 
  2.019512355e-01 
  2.013911307e-01 
  1.999636292e-01 
  1.959622204e-01 
  2.005899698e-01 
  1.950948238e-01 
  1.935726553e-01 
  1.950913221e-01 
  1.921865195e-01 
  1.905657202e-01 
  1.789852977e-01 
  1.871358007e-01 
  1.907089055e-01 
  1.884075701e-01 
  1.861105561e-01 
  1.841430515e-01 
  1.737852246e-01 
  1.844449937e-01 
  1.875495166e-01 
  1.871467531e-01 
  1.863168329e-01 
  1.851494908e-01 
  1.812670082e-01 
  1.807014197e-01 
  1.794885844e-01 
  1.727454662e-01 
  1.651354879e-01 
  1.753634661e-01 
  1.761059910e-01 
  1.757628769e-01 
  1.661689579e-01 
  1.684923470e-01 
  1.736717522e-01 
  1.729585826e-01 
  1.739344746e-01 
  1.706128865e-01 
  1.590318680e-01 
  1.689543128e-01 
  1.626977175e-01 
  1.674500704e-01 
  1.683121473e-01 
  1.669124812e-01 
  1.671945602e-01 
  1.671378464e-01 
  1.670657843e-01 
  1.661911011e-01 
  1.641835719e-01 
  1.647976488e-01 
  1.640871465e-01 
  1.627344191e-01 
  1.615059078e-01 
  1.628035307e-01 
  1.615012139e-01 
  1.617050022e-01 
  1.559766829e-01 
  1.606380045e-01 
  1.601629108e-01 
  1.593420208e-01 
  1.589505523e-01 
  1.566789150e-01 
  1.574277282e-01 
  1.567087620e-01 
  1.552231312e-01 
  1.557022482e-01 
  1.552849710e-01 
  1.547000259e-01 
  1.524334103e-01 
  1.512241066e-01 
  1.520118266e-01 
  1.505675316e-01 
  1.483571380e-01 
  1.464149952e-01 
  1.483622491e-01 
  1.466466635e-01 
  1.452876478e-01 
  1.458568722e-01 
  1.447665691e-01 
  1.436122209e-01 
  1.420093924e-01 
  1.409476995e-01 
  1.391499192e-01 
  1.387220770e-01 
  1.377715021e-01 
  1.367756426e-01 
  1.344049722e-01 
  1.337789148e-01 
  1.312470138e-01 
  1.303058118e-01 
  1.288830489e-01 
  1.242461503e-01 
  1.247648224e-01 
  1.220379919e-01 
  1.217294484e-01 
  1.215601191e-01 
  1.182681695e-01 
  1.160056293e-01 
  1.164124981e-01 
  1.192205101e-01 
  1.204556450e-01 
  1.204693913e-01 
  1.206175983e-01 
  1.202825382e-01 
  1.210486889e-01 
  1.211789474e-01 
  1.209717914e-01 
  1.205571145e-01 
  1.196094975e-01 
  1.189469397e-01 
  1.155997291e-01 
  1.026524082e-01 
  1.125814170e-01 
  1.169625074e-01 
  1.176199168e-01 
  1.171256751e-01 
  1.172479913e-01 
  1.151956692e-01 
  1.152655631e-01 
  1.122688577e-01 
  1.136409119e-01 
  1.142346114e-01 
  1.140509248e-01 
  1.115058959e-01 
  1.117178649e-01 
  1.108049825e-01 
  1.092656404e-01 
  1.079372317e-01 
  1.086727008e-01 
  1.078385562e-01 
  1.072233468e-01 
  1.051750630e-01 
  1.032471135e-01 
  1.026322395e-01 
  1.027785763e-01 
  1.024089605e-01 
  1.015524566e-01 
  1.005875468e-01 
  9.938870370e-02 
  9.857999533e-02 
  9.799309820e-02 
  9.644765407e-02 
  9.129111469e-02 
  9.327115864e-02 
  9.026512504e-02 
  9.273556620e-02 
  9.340575337e-02 
  9.079811722e-02 
  9.028472751e-02 
  8.767068386e-02 
  8.638323843e-02 
  8.703595400e-02 
  8.814530820e-02 
  8.852994442e-02 
  8.765988052e-02 
  8.589580655e-02 
  8.259377629e-02 
  7.995284349e-02 
  7.232441008e-02 
  7.160623372e-02 
  7.064910978e-02 
  6.920976192e-02 
  7.177219540e-02 
  7.297755033e-02 
  7.378216833e-02 
  7.314008474e-02 
  7.340473682e-02 
  7.380412519e-02 
  7.321038097e-02 
  7.304347306e-02 
  7.381375879e-02 
  7.349518687e-02 
  7.148845494e-02 
  6.876313686e-02 
  6.260469556e-02 
  5.800075457e-02 
  5.564961582e-02 
  5.201151222e-02 
  5.035017431e-02 
  4.668007046e-02 
  4.497423023e-02 
  4.298967123e-02 
  4.024756700e-02 
  3.872796521e-02 
  3.702843562e-02 
  3.558542579e-02 
  3.380391002e-02 
  3.310572729e-02 
  3.115923330e-02 
  2.948888205e-02 
  2.937066928e-02 
  2.896873839e-02 
  2.926885709e-02 
  2.991283126e-02 
  2.987439185e-02 
  3.016582876e-02 
  2.932430804e-02 
  2.908488549e-02 
  2.852268890e-02 
  2.960669436e-02 
  3.130935505e-02 
  3.382135928e-02 
  3.528237715e-02 
  3.626542538e-02 
  3.597316891e-02 
  3.509123251e-02 
  3.482873738e-02 
  3.329979628e-02 
  3.198830038e-02 
  2.970313281e-02 
  2.820021287e-02 
  2.689955384e-02 
  2.701785788e-02 
  2.806268446e-02 
  2.869440988e-02 
  3.018318862e-02 
  3.196592629e-02 
  3.338603675e-02 
  3.401559219e-02 
  3.346895427e-02 
  3.338784724e-02 
  3.188719600e-02 
  3.056678735e-02 
  2.923927270e-02 
  2.954933979e-02 
  3.087458760e-02 
  3.187141940e-02 
  3.189991787e-02 
  3.138044849e-02 
  3.026635014e-02 
  3.046452254e-02 
  3.177460656e-02 
  3.212194890e-02 
  3.157516196e-02 
  3.165369108e-02 
  3.123124689e-02 
  3.126971424e-02 
  3.200872615e-02 
  3.292779997e-02 
  3.405964002e-02 
  3.526741266e-02 
  3.382707387e-02 
  3.493372723e-02 
  3.509205580e-02 
  3.574451804e-02 
  3.619480133e-02 
  3.652850166e-02 
  3.651686758e-02 
  3.601616621e-02 
  3.607094660e-02 
  3.759571537e-02 
  3.714261577e-02 
  3.701774403e-02 
  3.690047562e-02 
  3.718341142e-02 
  3.562737629e-02 
  3.653822094e-02 
  3.757362440e-02 
  3.696779907e-02 
  3.589975834e-02 
  3.479389474e-02 
  3.481875360e-02 
  3.471715748e-02 
  3.370463476e-02 
  3.464348614e-02 
  3.481048718e-02 
  3.497091681e-02 
  3.547575325e-02 
  3.591261804e-02 
  3.389216959e-02 
  3.569008037e-02 
  3.459335864e-02 
  3.508905321e-02 
  3.540484235e-02 
  3.528911248e-02 
  3.603454307e-02 
  3.620951995e-02 
  3.647061437e-02 
  3.612364456e-02 
  3.533819690e-02 
  3.524477780e-02 
  3.545205295e-02 
  3.730714694e-02 
  3.866304085e-02 
  3.894779459e-02 
  3.965827078e-02 
  4.005378857e-02 
  4.062657058e-02 
  4.004254937e-02 
  3.872202709e-02 
  3.823423013e-02 
  3.697394580e-02 
  3.662118316e-02 
  3.629285097e-02 
  3.609112650e-02 
  3.448372707e-02 
  3.478238359e-02 
  3.333915025e-02 
  3.283964097e-02 
  3.228520229e-02 
  3.254225105e-02 
  3.379300609e-02 
  3.556589410e-02 
  3.569498658e-02 
  3.632362932e-02 
  3.628167510e-02 
  3.589023650e-02 
  3.488756344e-02 
  3.470524773e-02 
  3.506430238e-02 
  3.496950865e-02 
  3.588264436e-02 
  3.521221504e-02 
  3.542621806e-02 
  3.592310473e-02 
  3.570146114e-02 
  3.672386333e-02 
  3.207786009e-02 
  3.811402246e-02 
  3.931871802e-02 
  4.023842886e-02 
  3.931896016e-02 
  4.047014564e-02 
  4.026028886e-02 
  4.027191922e-02 
  3.965917602e-02 
  4.051739722e-02 
  4.140249640e-02 
  4.116527364e-02 
  4.216064513e-02 
  4.186865687e-02 
  4.121444374e-02 
  3.678276762e-02 
  3.834434971e-02 
  3.852631524e-02 
  3.895370662e-02 
  4.101059586e-02 
  4.046316445e-02 
  4.074254632e-02 
  4.134007916e-02 
  4.156975076e-02 
  4.078420252e-02 
  4.064939916e-02 
  3.998771682e-02 
  4.077867419e-02 
  4.033179581e-02 
  4.009236023e-02 
  4.093494266e-02 
  4.047297686e-02 
  4.093972966e-02 
  4.022746533e-02 
  3.988888860e-02 
  4.079865292e-02 
  4.033672437e-02 
  3.926386312e-02 
  4.027392715e-02 
  3.979700804e-02 
  4.002499580e-02 
  3.979261220e-02 
  3.718636557e-02 
  3.966477141e-02 
  3.934434056e-02 
  3.906523064e-02 
  3.838583082e-02 
  3.845131770e-02 
  3.886433318e-02 
  3.892514855e-02 
  3.779510409e-02 
  3.851121664e-02 
  3.702530637e-02 
  3.771365434e-02 
  3.783912212e-02 
  3.765004501e-02 
  3.805307671e-02 
  3.811671585e-02 
  3.805688769e-02 
  3.760589659e-02 
  3.640839830e-02 
  3.724445403e-02 
  3.694316000e-02 
  3.665547818e-02 
  3.718778118e-02 
  3.690887243e-02 
  3.545572236e-02 
  3.595281765e-02 
  3.517155722e-02 
  3.622790053e-02 
  3.585251048e-02 
  3.576176241e-02 
  3.505333140e-02 
  3.577912971e-02 
  3.567394242e-02 
  3.502762690e-02 
  3.420537338e-02 
  3.458211571e-02 
  3.383971006e-02 
  3.363456577e-02 
  3.269333765e-02 
  3.256446868e-02 
  3.153434023e-02 
  3.229661286e-02 
  3.217522055e-02 
  3.161370382e-02 
  3.167635575e-02 
  2.936789766e-02 
  3.147041053e-02 
  2.835994214e-02 
  3.097714670e-02 
  3.110730462e-02 
  3.172147274e-02 
  3.143125400e-02 
  3.079269268e-02 
  3.116529807e-02 
  3.087500297e-02 
  3.176019341e-02 
  3.128194809e-02 
  3.090332076e-02 
  3.037798963e-02 
  2.773522772e-02 
  2.980532311e-02 
  2.906577289e-02 
  3.051982448e-02 
  3.108393587e-02 
  3.073212691e-02 
  3.076366708e-02 
  2.874504402e-02 
  2.968959697e-02 
  2.995791286e-02 
  2.864841744e-02 
  2.887559123e-02 
  2.759062313e-02 
  2.817559987e-02 
  2.794073708e-02 
  2.830174938e-02 
  2.781344019e-02 
  2.766405232e-02 
  2.768648975e-02 
  2.791509405e-02 
  2.773837931e-02 
  2.596993931e-02 
  2.675167099e-02 
  2.704811655e-02 
  2.768666483e-02 
  2.734665573e-02 
  2.781047486e-02 
  2.606718801e-02 
  2.683476172e-02 
  2.760208584e-02 
  2.751441672e-02 
  2.681535669e-02 
  2.639803849e-02 
  2.699540928e-02 
  2.750146948e-02 
  2.763924748e-02 
  2.691647410e-02 
  2.714943141e-02 
  2.705099247e-02 
  2.718769386e-02 
  2.710263804e-02 
  2.627809905e-02 
  2.662327327e-02 
  2.653479576e-02 
  2.611572109e-02 
  2.540545911e-02 
  2.602247708e-02 
  2.585217915e-02 
  2.458890527e-02 
  2.434965409e-02 
  2.398654446e-02 
  2.403498627e-02 
  2.380173467e-02 
  2.371361665e-02 
  2.425735630e-02 
  2.382091619e-02 
  2.380460687e-02 
  2.403177880e-02 
  2.419631928e-02 
  2.402929775e-02 
  2.342169918e-02 
  2.395690046e-02 
  2.337065898e-02 
  2.378788032e-02 
  2.349565923e-02 
  2.370146476e-02 
  2.320563607e-02 
  2.362145297e-02 
  2.339298464e-02 
  2.348879166e-02 
  2.300948836e-02 
  2.321750857e-02 
  2.325090393e-02 
  2.301231399e-02 
  2.279294468e-02 
  2.261909470e-02 
  2.233529277e-02 
  2.218862437e-02 
  2.237408236e-02 
  2.194212005e-02 
  2.195629478e-02 
  2.239131182e-02 
  2.219580114e-02 
  2.109462954e-02 
  2.164275199e-02 
  2.168343961e-02 
  2.143033221e-02 
  2.103484049e-02 
  2.108995430e-02 
  2.115827799e-02 
  2.081904374e-02 
  2.005616575e-02 
  1.931561902e-02 
  1.982565038e-02 
  2.026555315e-02 
  2.059138566e-02 
  2.060137317e-02 
  2.030548826e-02 
  2.034217864e-02 
  2.030633390e-02 
  2.001436800e-02 
  1.995125227e-02 
  2.016148344e-02 
  2.015051246e-02 
  2.003148384e-02 
  1.995601505e-02 
  1.991599053e-02 
  1.975222491e-02 
  1.958409511e-02 
  1.965598017e-02 
  1.948342659e-02 
  1.919293031e-02 
  1.918026060e-02 
  1.907183416e-02 
  1.864081994e-02 
  1.893340982e-02 
  1.897445694e-02 
  1.869532652e-02 
  1.860632561e-02 
  1.804778911e-02 
  1.833451539e-02 
  1.849071309e-02 
  1.704610884e-02 
  1.819248497e-02 
  1.824166067e-02 
  1.820039377e-02 
  1.816980168e-02 
  1.803212799e-02 
  1.782071777e-02 
  1.768466271e-02 
  1.779440045e-02 
  1.735275984e-02 
  1.705859788e-02 
  1.731093600e-02 
  1.640824042e-02 
  1.661685668e-02 
  1.681426726e-02 
  1.694775745e-02 
  1.682681032e-02 
  1.642055623e-02 
  1.671613939e-02 
  1.671013609e-02 
  1.643789746e-02 
  1.621732302e-02 
  1.514952444e-02 
  1.540910918e-02 
  1.547239814e-02 
  1.468829624e-02 
  1.445981674e-02 
  1.513383165e-02 
  1.533421502e-02 
  1.535511576e-02 
  1.496611256e-02 
  1.540149748e-02 
  1.511567831e-02 
  1.529335510e-02 
  1.481339429e-02 
  1.489011850e-02 
  1.448671147e-02 
  1.498926338e-02 
  1.483551972e-02 
  1.476897113e-02 
  1.449712086e-02 
  1.457166299e-02 
  1.458046585e-02 
  1.455197297e-02 
  1.429873798e-02 
  1.441901829e-02 
  1.439643838e-02 
  1.425086986e-02 
  1.427680813e-02 
  1.414704137e-02 
  1.386470627e-02 
  1.348993368e-02 
  1.360986475e-02 
  1.331379171e-02 
  1.351529825e-02 
  1.341454592e-02 
  1.338078640e-02 
  1.315928996e-02 
  1.322652306e-02 
  1.298719179e-02 
  1.298048813e-02 
  1.295370329e-02 
  1.292950567e-02 
  1.263342518e-02 
  1.228995249e-02 
  1.223370433e-02 
  1.188516803e-02 
  1.168400608e-02 
  1.177492179e-02 
  1.168400049e-02 
  1.165138930e-02 
  1.147199702e-02 
  1.128002442e-02 
  1.126411371e-02 
  1.118636318e-02 
  1.125256438e-02 
  1.131776348e-02 
  1.125360187e-02 
  1.094401721e-02 
  1.083596610e-02 
  1.057092007e-02 
  1.039812341e-02 
  1.007497683e-02 
  9.726780467e-03 
  9.785219096e-03 
  9.459065273e-03 
  9.090735577e-03 
  9.102532640e-03 
  8.680163883e-03 
  8.615444414e-03 
  8.089079522e-03 
  7.818566635e-03 
  7.765292190e-03 
  7.847265340e-03 
  7.799517363e-03 
  7.580425125e-03 
  7.451623678e-03 
  7.352740504e-03 
  7.136264350e-03 
  6.828797981e-03 
  6.803154945e-03 
  6.541150622e-03 
  6.539882626e-03 
  6.339789368e-03 
  5.972092971e-03 
  5.876370240e-03 
  5.566909444e-03 
  5.180778448e-03 
  5.402640905e-03 
  5.468660034e-03 
  5.495151971e-03 
  5.408717319e-03 
  5.312443711e-03 
  5.437138490e-03 
  5.128939636e-03 
  5.142956506e-03 
  4.961860832e-03 
  4.904625006e-03 
  4.526453093e-03 
  4.463082179e-03 
  4.440478515e-03 
  4.323328380e-03 
  4.155055620e-03 
  4.132517148e-03 
  3.880663076e-03 
  3.877629060e-03 
  3.801163752e-03 
  3.667366924e-03 
  3.815843957e-03 
  3.835283220e-03 
  3.907588776e-03 
  3.944717348e-03 
  3.807067173e-03 
  4.009931814e-03 
  3.983665723e-03 
  3.938941285e-03 
  3.645383520e-03 
  3.743964946e-03 
  3.793251701e-03 
  3.813983640e-03 
  3.783778287e-03 
  3.751308424e-03 
  3.657413647e-03 
  3.711429657e-03 
  3.709020093e-03 
  3.574374365e-03 
  3.709235927e-03 
  3.760016523e-03 
  3.832699498e-03 
  3.776903264e-03 
  3.957183100e-03 
  3.916140180e-03 
  3.927556798e-03 
  3.876593895e-03 
  3.881567158e-03 
  3.631932428e-03 
  3.562277649e-03 
  3.292053705e-03 
  3.361618146e-03 
  3.106928430e-03 
  2.967973473e-03 
  2.935723867e-03 
  2.942363499e-03 
  2.929877955e-03 
  2.863061847e-03 
  2.654945478e-03 
  3.336132737e-03 
  3.599817865e-03 
  3.667104058e-03 
  3.688695375e-03 
  3.790649818e-03 
  3.854966955e-03 
  3.878763877e-03 
  3.887478728e-03 
  3.856294788e-03 
  3.719926812e-03 
  3.892902052e-03 
  3.830278059e-03 
  3.756526858e-03 
  3.606688697e-03 
  3.719755448e-03 
  3.597038332e-03 
  3.441439243e-03 
  3.571227193e-03 
  3.476059996e-03 
  3.327081446e-03 
  3.303662408e-03 
  3.233454889e-03 
  3.174435580e-03 
  3.129745601e-03 
  3.148564370e-03 
  3.094198182e-03 
  3.109524492e-03 
  3.073881846e-03 
  3.189419396e-03 
  3.194530727e-03 
  3.279103665e-03 
  3.210061695e-03 
  3.264161525e-03 
  3.260676051e-03 
  3.247746266e-03 
  3.144996939e-03 
  3.297179705e-03 
  3.369755577e-03 
  3.339753952e-03 
  3.461404936e-03 
  3.471503966e-03 
  3.548281733e-03 
  3.525157459e-03 
  3.496067598e-03 
  3.628240200e-03 
  3.690446960e-03 
  3.641453339e-03 
  3.704806324e-03 
  3.679304384e-03 
  3.691156395e-03 
  3.695280990e-03 
  3.649912775e-03 
  3.576309886e-03 
  3.709945595e-03 
  3.709987272e-03 
  3.815830685e-03 
  3.745076712e-03 
  3.887092462e-03 
  3.909025807e-03 
  3.953475971e-03 
  3.948443104e-03 
  4.016458988e-03 
  3.829234513e-03 
  3.956224304e-03 
  3.985947929e-03 
  4.015054554e-03 
  3.888804466e-03 
  3.710463643e-03 
  3.478752915e-03 
  3.704284783e-03 
  3.926936537e-03 
  3.962636925e-03 
  4.000660498e-03 
  3.854089417e-03 
  3.734368831e-03 
  3.725468880e-03 
  3.815602278e-03 
  3.745025955e-03 
  3.732430050e-03 
  3.656591987e-03 
  3.740873653e-03 
  3.750525182e-03 
  3.884545993e-03 
  3.847257467e-03 
  4.029025324e-03 
  3.940706607e-03 
  4.058778752e-03 
  4.055058584e-03 
  4.371887073e-03 
  4.256264307e-03 
  4.540794529e-03 
  4.545181990e-03 
  4.719767254e-03 
  4.751592875e-03 
  4.917560145e-03 
  4.868337419e-03 
  4.793356173e-03 
  4.914732184e-03 
  5.141511559e-03 
  5.134032574e-03 
  5.214012228e-03 
  4.938389640e-03 
  5.293292925e-03 
  5.116477143e-03 
  5.259782076e-03 
  5.295637529e-03 
  5.331824068e-03 
  5.262922496e-03 
  5.275174975e-03 
  5.159247667e-03 
  5.174275488e-03 
  5.304466933e-03 
  5.268661771e-03 
  5.242985673e-03 
  5.185880698e-03 
  5.103070755e-03 
  4.881229252e-03 
  4.910738673e-03 
  4.736938048e-03 
  4.726183601e-03 
  4.204933066e-03 
  4.117039498e-03 
  3.619936528e-03 
  3.614206566e-03 
  3.105673240e-03 
  3.104494186e-03 
  2.801793627e-03 
  2.794052707e-03 
  2.818481531e-03 
  2.739866963e-03 
  2.900923835e-03 
  2.893085359e-03 
  2.961174352e-03 
  2.960752929e-03 
  2.982088365e-03 
  2.972670365e-03 
  3.015563125e-03 
  2.980094170e-03 
  3.088230733e-03 
  3.077130998e-03 
  3.253430827e-03 
  3.254691372e-03 
  3.530549351e-03 
  3.497137222e-03 
  3.646481317e-03 
  3.767570015e-03 
  4.052894656e-03 
  4.048612900e-03 
  4.212962929e-03 
  4.242833238e-03 
  4.363336600e-03 
  4.369893577e-03 
  4.384460859e-03 
  4.324710462e-03 
  4.410739988e-03 
  4.475593101e-03 
  4.528550431e-03 
  4.516140092e-03 
  4.377762321e-03 
  4.471672699e-03 
  4.501427989e-03 
  4.251639824e-03 
  4.390861839e-03 
  4.417904187e-03 
  4.376220983e-03 
  4.327052739e-03 
  4.284997005e-03 
  4.275897983e-03 
  4.151677713e-03 
  4.140782170e-03 
  4.110335838e-03 
  3.924701829e-03 
  3.938511945e-03 
  3.726306371e-03 
  3.698481014e-03 
  3.558648750e-03 
  3.501746105e-03 
  3.497521859e-03 
  3.517262405e-03 
  3.546824446e-03 
  3.526314162e-03 
  3.577636788e-03 
  3.571964800e-03 
  3.573063063e-03 
  3.471742617e-03 
  3.567034379e-03 
  3.546923632e-03 
  3.328720108e-03 
  3.517071018e-03 
  3.514596494e-03 
  3.522874089e-03 
  3.486302216e-03 
  3.546606051e-03 
  3.421063302e-03 
  3.618936520e-03 
  3.570602508e-03 
  3.719106782e-03 
  3.706401912e-03 
  3.783633001e-03 
  3.772076685e-03 
  3.822096856e-03 
  3.813889576e-03 
  3.743243171e-03 
  3.814510303e-03 
  3.770123236e-03 
  3.816137090e-03 
  3.742327215e-03 
  3.763690358e-03 
  3.787809052e-03 
  3.811684204e-03 
  3.802572144e-03 
  3.820763668e-03 
  3.818864236e-03 
  3.821885679e-03 
  3.786084242e-03 
  3.634670284e-03 
  3.760645632e-03 
  3.788822563e-03 
  3.663178300e-03 
  3.766270354e-03 
  3.748900257e-03 
  3.736660816e-03 
  3.742812434e-03 
  3.745634342e-03 
  3.735010978e-03 
  3.753383877e-03 
  3.689125413e-03 
  3.738959087e-03 
  3.728742246e-03 
  3.735453589e-03 
  3.717218060e-03 
  3.706464544e-03 
  3.680502763e-03 
  3.587611252e-03 
  3.664234187e-03 
  3.647298086e-03 
  3.621935146e-03 
  3.626366379e-03 
  3.616593545e-03 
  3.585107159e-03 
  3.492683172e-03 
  3.566752421e-03 
  3.583922749e-03 
  3.491548356e-03 
  3.559940262e-03 
  3.522636136e-03 
  3.518360667e-03 
  3.457575571e-03 
  3.525643144e-03 
  3.536694916e-03 
  3.468620358e-03 
  3.534044605e-03 
  3.519479418e-03 
  3.499604296e-03 
  3.514114534e-03 
  3.501262050e-03 
  3.492092481e-03 
  3.475051373e-03 
  3.472594079e-03 
  3.339579562e-03 
  3.446928225e-03 
  3.439774038e-03 
  3.416161053e-03 
  3.405490657e-03 
  3.402306000e-03 
  3.375918139e-03 
  3.352784086e-03 
  3.328988096e-03 
  3.289702116e-03 
  3.231401322e-03 
  3.258156590e-03 
  3.253535368e-03 
  3.207707079e-03 
  3.197872546e-03 
  3.166412003e-03 
  3.152799793e-03 
  3.117719432e-03 
  3.119316418e-03 
  3.112285864e-03 
  3.109280951e-03 
  3.095618915e-03 
  3.085524775e-03 
  3.065566299e-03 
  3.049992491e-03 
  3.041327000e-03 
  2.995027229e-03 
  2.991877496e-03 
  2.944533015e-03 
  2.841289155e-03 
  2.547534648e-03 
  2.782115946e-03 
  2.864884445e-03 
  2.935614670e-03 
  2.927365713e-03 
  2.947449684e-03 
  2.930914750e-03 
  2.936069155e-03 
  2.919661812e-03 
  2.917854348e-03 
  2.894637408e-03 
  2.862571273e-03 
  2.878155559e-03 
  2.762769815e-03 
  2.869028598e-03 
  2.859247616e-03 
  2.828034572e-03 
  2.753292210e-03 
  2.815188840e-03 
  2.817163942e-03 
  2.815347863e-03 
  2.806485398e-03 
  2.730664564e-03 
  2.710587345e-03 
  2.738458570e-03 
  2.765222685e-03 
  2.752650063e-03 
  2.717137104e-03 
  2.705113264e-03 
  2.692162292e-03 
  2.656317316e-03 
  2.641075989e-03 
  2.619096544e-03 
  2.610597527e-03 
  2.596177161e-03 
  2.593588782e-03 
  2.584717236e-03 
  2.608743962e-03 
  2.604494104e-03 
  2.592342673e-03 
  2.523557516e-03 
  2.486907179e-03 
  2.608911134e-03 
  2.550367033e-03 
  2.627942944e-03 
  2.620867686e-03 
  2.607729053e-03 
  2.602947177e-03 
  2.587828087e-03 
  2.582770307e-03 
  2.556456253e-03 
  2.514884342e-03 
  2.540836809e-03 
  2.544365125e-03 
  2.531315899e-03 
  2.522394294e-03 
  2.507841680e-03 
  2.501521725e-03 
  2.490849700e-03 
  2.473712666e-03 
  2.426621737e-03 
  2.429167740e-03 
  2.422968158e-03 
  2.440351062e-03 
  2.409558976e-03 
  2.408903092e-03 
  2.404462779e-03 
  2.393126255e-03 
  2.384379739e-03 
  2.367271110e-03 
  2.353503602e-03 
  2.350381343e-03 
  2.319352701e-03 
  2.266610507e-03 
  2.290477278e-03 
  2.308946336e-03 
  2.299848245e-03 
  2.257490996e-03 
  2.270583529e-03 
  2.267199568e-03 
  2.258310793e-03 
  2.252252772e-03 
  2.187280217e-03 
  2.228850732e-03 
  2.206440549e-03 
  2.199928742e-03 
  2.199592302e-03 
  2.165543847e-03 
  2.107688459e-03 
  2.150004497e-03 
  2.129987348e-03 
  2.126160543e-03 
  2.121678786e-03 
  2.120306250e-03 
  2.101136837e-03 
  2.087143483e-03 
  2.087447559e-03 
  2.009960823e-03 
  2.080223057e-03 
  2.064263914e-03 
  2.035084181e-03 
  2.049480565e-03 
  2.047040034e-03 
  2.038731938e-03 
  2.029105322e-03 
  2.007864881e-03 
  2.022864064e-03 
  2.017035615e-03 
  2.007486532e-03 
  1.974222716e-03 
  1.995142549e-03 
  1.991996542e-03 
  1.987384865e-03 
  1.977746841e-03 
  1.968310913e-03 
  1.868562540e-03 
  1.925935270e-03 
  1.928274287e-03 
  1.921433024e-03 
  1.911145169e-03 
  1.905669924e-03 
  1.906164456e-03 
  1.896242262e-03 
  1.875707647e-03 
  1.872365596e-03 
  1.844034996e-03 
  1.849907334e-03 
  1.843036036e-03 
  1.742050168e-03 
  1.785079483e-03 
  1.774927718e-03 
  1.740645966e-03 
  1.776172197e-03 
  1.778198639e-03 
  1.770370640e-03 
  1.765949652e-03 
  1.782968058e-03 
  1.774588367e-03 
  1.765690162e-03 
  1.782205654e-03 
  1.780984807e-03 
  1.780616934e-03 
  1.777244615e-03 
  1.762852306e-03 
  1.751259435e-03 
  1.753705554e-03 
  1.742478227e-03 
  1.723084948e-03 
  1.710073673e-03 
  1.649882528e-03 
  1.671141828e-03 
  1.652031904e-03 
  1.677500084e-03 
  1.667888951e-03 
  1.643521013e-03 
  1.649501035e-03 
  1.645372249e-03 
  1.564942766e-03 
  1.605626312e-03 
  1.615948160e-03 
  1.595997368e-03 
  1.623506774e-03 
  1.631572144e-03 
  1.615772140e-03 
  1.610218897e-03 
  1.600211719e-03 
  1.586794853e-03 
  1.582972589e-03 
  1.554031624e-03 
  1.529329689e-03 
  1.537523116e-03 
  1.518043573e-03 
  1.507613808e-03 
  1.466087066e-03 
  1.486923546e-03 
  1.486171386e-03 
  1.471008174e-03 
  1.461561653e-03 
  1.454815269e-03 
  1.442522975e-03 
  1.443499932e-03 
  1.432674355e-03 
  1.428595860e-03 
  1.432987279e-03 
  1.421479043e-03 
  1.426382340e-03 
  1.401829300e-03 
  1.356452005e-03 
  1.389356796e-03 
  1.402812311e-03 
  1.414012513e-03 
  1.400186564e-03 
  1.398249180e-03 
  1.420556917e-03 
  1.419370645e-03 
  1.406576135e-03 
  1.390892081e-03 
  1.386582968e-03 
  1.388015458e-03 
  1.356989262e-03 
  1.357485075e-03 
  1.324624172e-03 
  1.315751113e-03 
  1.300955657e-03 
  1.275183982e-03 
  1.287793741e-03 
  1.286028768e-03 
  1.286476734e-03 
  1.221606042e-03 
  1.260243473e-03 
  1.284357626e-03 
  1.278067357e-03 
  1.272150897e-03 
  1.285094651e-03 
  1.278768294e-03 
  1.272570575e-03 
  1.273509697e-03 
  1.210376620e-03 
  1.207727124e-03 
  1.215026830e-03 
  1.221880084e-03 
  1.207559486e-03 
  1.237874269e-03 
  1.231344067e-03 
  1.245168969e-03 
  1.240926213e-03 
  1.235632692e-03 
  1.227307832e-03 
  1.241172082e-03 
  1.228150795e-03 
  1.227435074e-03 
  1.231116592e-03 
  1.220696606e-03 
  1.220586710e-03 
  1.207162393e-03 
  1.202492276e-03 
  1.206594170e-03 
  1.195771620e-03 
  1.177941915e-03 
  1.183738117e-03 
  1.164592453e-03 
  1.153444988e-03 
  1.153539866e-03 
  1.147915609e-03 
  1.130448072e-03 
  1.129627926e-03 
  1.126342919e-03 
  1.110080630e-03 
  1.069660764e-03 
  1.065922086e-03 
  1.029030071e-03 
  1.073681517e-03 
  1.081234775e-03 
  1.110112760e-03 
  1.096416148e-03 
  1.101264614e-03 
  1.113816863e-03 
  1.104153227e-03 
  1.105604577e-03 
  1.100002904e-03 
  1.112046884e-03 
  1.098377048e-03 
  1.095875981e-03 
  1.101450413e-03 
  1.093047089e-03 
  1.079520443e-03 
  1.084415708e-03 
  1.079323119e-03 
  1.044363133e-03 
  1.031211345e-03 
  1.058309339e-03 
  1.049568295e-03 
  1.022687298e-03 
  1.047471073e-03 
  1.029294915e-03 
  1.015663729e-03 
  1.020242576e-03 
  9.905054467e-04 
  9.839491686e-04 
  9.647423867e-04 
  9.353557834e-04 
  9.359588148e-04 
  9.251906886e-04 
  9.236862534e-04 
  9.286255226e-04 
  9.204323287e-04 
  9.184937808e-04 
  9.312753100e-04 
  9.533900884e-04 
  9.420260321e-04 
  9.388420149e-04 
  9.041706799e-04 
  9.494955884e-04 
  9.544882923e-04 
  9.470648947e-04 
  9.320368408e-04 
  9.329413297e-04 
  9.244916728e-04 
  9.124981007e-04 
  9.038517019e-04 
  8.953298093e-04 
  8.749319240e-04 
  8.734244038e-04 
  8.654884296e-04 
  7.975732442e-04 
  8.302497445e-04 
  8.255899302e-04 
  8.116842946e-04 
  7.959189825e-04 
  8.093626238e-04 
  7.700059796e-04 
  7.800051244e-04 
  7.749507204e-04 
  7.149613230e-04 
  7.241395069e-04 
  7.106160629e-04 
  6.882370217e-04 
  6.679933285e-04 
  6.980680628e-04 
  6.712070899e-04 
  6.660154322e-04 
  6.288347649e-04 
  6.558635505e-04 
  6.542798947e-04 
  6.565627991e-04 
  6.529790699e-04 
  6.545200595e-04 
  6.430460489e-04 
  6.559965550e-04 
  6.476934650e-04 
  6.425085594e-04 
  6.550226244e-04 
  6.494336412e-04 
  6.513600820e-04 
  6.428083288e-04 
