  3.481205106e-01 
  9.166595340e-01 
  9.881544113e-01 
  2.548733711e+00 
  2.871201992e+00 
  5.212034702e+00 
  5.689090729e+00 
  8.396242142e+00 
  1.067668629e+01 
  1.139522839e+01 
  1.267854404e+01 
  2.433880424e+01 
  2.069423294e+01 
  2.628549957e+01 
  2.678578568e+01 
  3.204119492e+01 
  2.488815498e+01 
  3.589913940e+01 
  3.470181274e+01 
  3.908856964e+01 
  3.706015396e+01 
  4.622856140e+01 
  3.986365128e+01 
  3.507069397e+01 
  4.394733810e+01 
  4.804396820e+01 
  6.641260529e+01 
  6.645441437e+01 
  5.415670776e+01 
  6.459256744e+01 
  6.700136566e+01 
  5.369852448e+01 
  5.913750458e+01 
  6.647805023e+01 
  5.510787964e+01 
  5.910697556e+01 
  4.414860153e+01 
  4.181470108e+01 
  5.072254944e+01 
  5.077711487e+01 
  5.656148911e+01 
  4.750160980e+01 
  4.948088837e+01 
  4.930674362e+01 
  4.419672012e+01 
  5.647990036e+01 
  6.220549393e+01 
  5.872295761e+01 
  5.486401367e+01 
  5.970026016e+01 
  6.055397034e+01 
  5.703969193e+01 
  5.798048401e+01 
  5.248999786e+01 
  6.011205292e+01 
  6.043345642e+01 
  5.668281174e+01 
  3.593793488e+01 
  3.873552704e+01 
  3.865578461e+01 
  5.688120270e+01 
  4.474624252e+01 
  4.870928192e+01 
  5.140690231e+01 
  5.090513992e+01 
  4.728474426e+01 
  6.438263702e+01 
  5.714598846e+01 
  5.345550156e+01 
  5.100138092e+01 
  5.817997360e+01 
  4.608668137e+01 
  4.811409760e+01 
  4.754917526e+01 
  3.651212311e+01 
  3.315484619e+01 
  4.700812149e+01 
  4.766087341e+01 
  6.106105804e+01 
  4.655691528e+01 
  4.318603516e+01 
  4.801108551e+01 
  3.552230835e+01 
  2.450543404e+01 
  2.668144417e+01 
  3.971031952e+01 
  3.047833443e+01 
  3.458297729e+01 
  3.385287476e+01 
  3.811116791e+01 
  4.564659882e+01 
  5.044088745e+01 
  4.427606583e+01 
  2.344480515e+01 
  2.562447929e+01 
  4.248408127e+01 
  4.318901443e+01 
  1.736100578e+01 
  4.797496033e+01 
  5.681578064e+01 
  5.513196564e+01 
  5.408512115e+01 
  5.657490540e+01 
  5.230112457e+01 
  5.547691727e+01 
  5.021944046e+01 
  4.919939423e+01 
  4.730277252e+01 
  5.058998489e+01 
  5.528275299e+01 
  4.563094330e+01 
  5.290407562e+01 
  5.412333298e+01 
  5.048213577e+01 
  4.892055893e+01 
  5.152093124e+01 
  5.056671906e+01 
  4.841688919e+01 
  4.677421951e+01 
  4.732743454e+01 
  3.956439590e+01 
  4.896010590e+01 
  4.633861542e+01 
  3.865764999e+01 
  4.200372696e+01 
  4.297514725e+01 
  4.081185913e+01 
  3.878391647e+01 
  3.880083847e+01 
  3.487770844e+01 
  2.750017738e+01 
  2.443158913e+01 
  4.345711899e+01 
  3.822737885e+01 
  3.590710449e+01 
  3.860936737e+01 
  4.231344986e+01 
  4.222613525e+01 
  3.738863373e+01 
  3.576352310e+01 
  3.962404251e+01 
  3.904434586e+01 
  4.065359879e+01 
  4.046158981e+01 
  3.974495697e+01 
  4.133698654e+01 
  3.638373184e+01 
  4.103342056e+01 
  4.125312424e+01 
  4.107400131e+01 
  4.150632095e+01 
  4.436287308e+01 
  4.078808975e+01 
  3.744818115e+01 
  3.949008560e+01 
  3.933362198e+01 
  3.984919739e+01 
  3.963879395e+01 
  3.852176666e+01 
  3.810309982e+01 
  3.736695099e+01 
  3.830845642e+01 
  3.728365707e+01 
  3.689770889e+01 
  3.663020706e+01 
  3.571704483e+01 
  3.646315765e+01 
  3.480924606e+01 
  3.646344757e+01 
  3.576338196e+01 
  3.490018082e+01 
  3.447162628e+01 
  3.452667236e+01 
  3.379156494e+01 
  3.370542908e+01 
  3.469860077e+01 
  3.327769852e+01 
  3.262637711e+01 
  3.388282013e+01 
  3.200941467e+01 
  3.230258179e+01 
  3.177513123e+01 
  3.210818481e+01 
  3.181408501e+01 
  3.027973366e+01 
  3.019401550e+01 
  2.423541069e+01 
  2.696813583e+01 
  2.899110794e+01 
  2.668322372e+01 
  3.007809639e+01 
  2.786821938e+01 
  2.651718712e+01 
  2.827924919e+01 
  2.705238152e+01 
  2.863730812e+01 
  2.761763573e+01 
  2.652907181e+01 
  2.565034485e+01 
  2.534032059e+01 
  2.498490143e+01 
  2.418933487e+01 
  2.379990578e+01 
  2.497708130e+01 
  2.301665878e+01 
  2.458915901e+01 
  2.607609940e+01 
  2.403451729e+01 
  2.283397102e+01 
  2.439326477e+01 
  2.341593552e+01 
  2.320498466e+01 
  2.412883568e+01 
  2.187891388e+01 
  2.122200012e+01 
  2.146596146e+01 
  2.233968735e+01 
  1.630356216e+01 
  1.999813843e+01 
  1.877170753e+01 
  2.047713661e+01 
  2.030055428e+01 
  2.091269875e+01 
  1.930331612e+01 
  2.075237656e+01 
  2.039925003e+01 
  1.926436996e+01 
  1.667589569e+01 
  1.984657669e+01 
  2.022589493e+01 
  1.893974113e+01 
  2.043088913e+01 
  1.931673813e+01 
  1.681628990e+01 
  1.812522697e+01 
  1.833020020e+01 
  1.927955246e+01 
  1.773033714e+01 
  1.839819145e+01 
  1.817817116e+01 
  1.763572311e+01 
  1.603213882e+01 
  1.773013306e+01 
  1.681430435e+01 
  1.758337402e+01 
  1.717391968e+01 
  1.664939117e+01 
  1.720977020e+01 
  1.583321857e+01 
  1.652308655e+01 
  1.602638626e+01 
  1.579652596e+01 
  1.634393883e+01 
  1.557673550e+01 
  1.595608711e+01 
  1.587253284e+01 
  1.531141281e+01 
  1.473815727e+01 
  1.517588425e+01 
  1.423025417e+01 
  1.417898655e+01 
  1.545935345e+01 
  1.407692909e+01 
  1.461073303e+01 
  1.429068089e+01 
  1.434478378e+01 
  1.312049580e+01 
  1.395932102e+01 
  1.379975986e+01 
  1.340641308e+01 
  1.337058449e+01 
  1.280103683e+01 
  1.341529369e+01 
  1.344407845e+01 
  1.326819324e+01 
  1.284353256e+01 
  1.251666355e+01 
  1.294670868e+01 
  1.248498154e+01 
  1.230920696e+01 
  1.265411568e+01 
  1.235310078e+01 
  1.246032047e+01 
  1.246535683e+01 
  1.234317970e+01 
  1.217928028e+01 
  1.157690239e+01 
  1.193788338e+01 
  1.173120880e+01 
  1.032968044e+01 
  1.071096706e+01 
  1.129720592e+01 
  1.100543785e+01 
  1.104166222e+01 
  1.106457996e+01 
  1.077910042e+01 
  1.096525002e+01 
  1.091807652e+01 
  1.061821461e+01 
  1.054514503e+01 
  1.047487354e+01 
  1.034235287e+01 
  1.015850067e+01 
  1.015248966e+01 
  1.040618229e+01 
  1.031164932e+01 
  1.012418175e+01 
  1.000033283e+01 
  9.897612572e+00 
  9.731056213e+00 
  9.511866570e+00 
  9.602590561e+00 
  9.415229797e+00 
  9.216679573e+00 
  8.825518608e+00 
  9.187525749e+00 
  8.678197861e+00 
  8.669820786e+00 
  9.018610954e+00 
  8.876427650e+00 
  8.947491646e+00 
  9.040457726e+00 
  8.505876541e+00 
  8.514207840e+00 
  8.465794563e+00 
  8.180586815e+00 
  8.165525436e+00 
  8.235655785e+00 
  7.997661591e+00 
  8.193146706e+00 
  7.868933201e+00 
  8.119871140e+00 
  7.524646759e+00 
  8.032570839e+00 
  7.751550674e+00 
  7.847831726e+00 
  7.528089046e+00 
  7.732166767e+00 
  7.809544086e+00 
  7.699532986e+00 
  7.415215015e+00 
  7.477414608e+00 
  7.344238281e+00 
  7.424481392e+00 
  7.294756889e+00 
  7.308865547e+00 
  6.985978127e+00 
  7.037676334e+00 
  6.983095646e+00 
  7.077304363e+00 
  6.519897461e+00 
  6.980048656e+00 
  6.801840782e+00 
  6.898852825e+00 
  6.766415119e+00 
  6.546605110e+00 
  5.524499893e+00 
  5.860835075e+00 
  6.490082264e+00 
  6.463258743e+00 
  6.476022720e+00 
  6.470158100e+00 
  6.525673866e+00 
  6.413486481e+00 
  6.274190903e+00 
  6.264122009e+00 
  6.302217960e+00 
  6.140520573e+00 
  6.139047146e+00 
  6.190265656e+00 
  6.079841137e+00 
  5.979809284e+00 
  5.925011635e+00 
  5.932126999e+00 
  5.908496380e+00 
  5.783883095e+00 
  5.858221054e+00 
  5.707702637e+00 
  5.767802715e+00 
  5.652547836e+00 
  5.575184345e+00 
  5.547531128e+00 
  5.502721310e+00 
  5.506286144e+00 
  5.373803139e+00 
  5.403310776e+00 
  5.125391483e+00 
  4.615754604e+00 
  4.717755795e+00 
  4.665359020e+00 
  4.728782177e+00 
  4.819956303e+00 
  4.829494953e+00 
  4.821444988e+00 
  4.819451332e+00 
  4.740705967e+00 
  4.787389278e+00 
  4.849401951e+00 
  4.714246750e+00 
  4.704033375e+00 
  4.632753372e+00 
  4.488371849e+00 
  4.450827599e+00 
  4.542531490e+00 
  4.531784534e+00 
  4.516547203e+00 
  4.447158337e+00 
  4.362752438e+00 
  4.472389698e+00 
  4.306315422e+00 
  4.361052513e+00 
  4.311416149e+00 
  4.243668079e+00 
  4.187706470e+00 
  4.229580402e+00 
  4.037455082e+00 
  4.097601891e+00 
  3.839479923e+00 
  3.724699020e+00 
  3.635707855e+00 
  3.604226112e+00 
  3.745484352e+00 
  3.843709707e+00 
  3.775295734e+00 
  3.676671505e+00 
  3.629614592e+00 
  3.598139048e+00 
  3.644109726e+00 
  3.547107697e+00 
  3.421145678e+00 
  3.521417379e+00 
  3.436634302e+00 
  3.542411804e+00 
  3.530177355e+00 
  3.614574432e+00 
  3.554365396e+00 
  3.449146986e+00 
  3.489725828e+00 
  3.481389284e+00 
  3.358571529e+00 
  3.391332865e+00 
  3.357331038e+00 
  3.288527966e+00 
  3.376269817e+00 
  3.394984245e+00 
  3.292627335e+00 
  3.323384047e+00 
  3.357242584e+00 
  3.279960871e+00 
  3.263923407e+00 
  3.197453022e+00 
  3.172102213e+00 
  3.205339670e+00 
  3.158515692e+00 
  3.191061258e+00 
  3.155797482e+00 
  3.077531099e+00 
  3.083332777e+00 
  3.057878256e+00 
  2.763470650e+00 
  1.478058934e+00 
  1.355353594e+00 
  2.016742229e+00 
  1.834601402e+00 
  1.941539764e+00 
  2.192277431e+00 
  2.340094328e+00 
  2.499543905e+00 
  2.688005447e+00 
  2.737663269e+00 
  2.748229742e+00 
  2.755148172e+00 
  2.734586239e+00 
  2.711041689e+00 
  2.727618694e+00 
  2.612271786e+00 
  2.706162930e+00 
  2.673384666e+00 
  2.645028591e+00 
  2.639637470e+00 
  2.593236208e+00 
  2.575896025e+00 
  2.593223810e+00 
  2.519332170e+00 
  2.519715548e+00 
  2.510308027e+00 
  2.449804783e+00 
  2.465972424e+00 
  2.412408590e+00 
  2.400331020e+00 
  2.362571478e+00 
  2.340747833e+00 
  2.294119120e+00 
  2.285475254e+00 
  2.262073994e+00 
  2.230982304e+00 
  2.239237309e+00 
  2.246795654e+00 
  2.248015642e+00 
  2.232069731e+00 
  2.154937983e+00 
  2.184743881e+00 
  2.168648481e+00 
  2.127874851e+00 
  2.139994621e+00 
  2.078108549e+00 
  2.128153086e+00 
  2.104950905e+00 
  2.078882456e+00 
  2.030253410e+00 
  2.007503748e+00 
  2.022347689e+00 
  1.996003032e+00 
  1.966450214e+00 
  1.939620733e+00 
  1.892146468e+00 
  1.845152974e+00 
  1.848133087e+00 
  1.829338074e+00 
  1.777903914e+00 
  1.758161187e+00 
  1.837483406e+00 
  1.754549384e+00 
  1.713480592e+00 
  1.777911544e+00 
  1.799751043e+00 
  1.796304107e+00 
  1.777332187e+00 
  1.743826151e+00 
  1.741748333e+00 
  1.714016438e+00 
  1.677594900e+00 
  1.704406142e+00 
  1.647934914e+00 
  1.669602275e+00 
  1.674770236e+00 
  1.682795048e+00 
  1.660413861e+00 
  1.662992120e+00 
  1.605961084e+00 
  1.641943693e+00 
  1.635576367e+00 
  1.619849563e+00 
  1.606479526e+00 
  1.574723601e+00 
  1.592090011e+00 
  1.598963141e+00 
  1.537853599e+00 
  1.574042201e+00 
  1.569584489e+00 
  1.349770188e+00 
  1.537907362e+00 
  1.472597122e+00 
  1.484062672e+00 
  1.187363625e+00 
  1.301505446e+00 
  1.470898271e+00 
  1.487923503e+00 
  1.457442760e+00 
  1.451050401e+00 
  1.431558847e+00 
  1.424640894e+00 
  1.413386345e+00 
  1.433623791e+00 
  1.424098611e+00 
  1.391053915e+00 
  1.161350250e+00 
  1.230887055e+00 
  1.328681350e+00 
  1.303928375e+00 
  1.351342916e+00 
  1.343145967e+00 
  1.331560731e+00 
  1.330608487e+00 
  1.295354247e+00 
  1.277463317e+00 
  1.282015443e+00 
  1.301481843e+00 
  1.272963285e+00 
  1.269970417e+00 
  1.256603360e+00 
  1.185658097e+00 
  1.245257020e+00 
  1.211336851e+00 
  1.216038704e+00 
  1.222549915e+00 
  1.176499367e+00 
  1.159571171e+00 
  1.188789964e+00 
  1.191438913e+00 
  1.181837678e+00 
  1.169730663e+00 
  1.157977581e+00 
  1.100879550e+00 
  1.128263593e+00 
  1.054254055e+00 
  1.073510408e+00 
  1.027191877e+00 
  1.016717196e+00 
  9.908715487e-01 
  9.645161629e-01 
  9.347193241e-01 
  9.142988324e-01 
  9.927954078e-01 
  1.024842739e+00 
  1.016686916e+00 
  9.714627266e-01 
  9.604263306e-01 
  9.162907600e-01 
  8.971976042e-01 
  9.059149623e-01 
  9.084717035e-01 
  9.019787312e-01 
  8.999595642e-01 
  8.995115161e-01 
  8.869175911e-01 
  8.958473802e-01 
  8.819020391e-01 
  8.786752224e-01 
  9.045374393e-01 
  9.065220356e-01 
  8.796195388e-01 
  8.676404953e-01 
  8.238696456e-01 
  8.458930254e-01 
  8.526173830e-01 
  8.181957006e-01 
  8.346716166e-01 
  8.210726380e-01 
  7.852501869e-01 
  7.535913587e-01 
  7.206220627e-01 
  6.730808616e-01 
  6.450876594e-01 
  6.100534201e-01 
  5.956435204e-01 
  5.989296436e-01 
  6.070678234e-01 
  6.270990968e-01 
  7.080104351e-01 
  7.128794789e-01 
  6.841799617e-01 
  6.323072910e-01 
  6.236975193e-01 
  6.012914181e-01 
  6.181302071e-01 
  6.246467233e-01 
  6.306919456e-01 
  6.391265988e-01 
  6.375251412e-01 
  6.325109005e-01 
  6.422360539e-01 
  6.223622561e-01 
  6.300344467e-01 
  6.340324283e-01 
  5.802917480e-01 
  6.142526865e-01 
  6.428239942e-01 
  6.491805315e-01 
  6.438841820e-01 
  6.337108016e-01 
  6.218034029e-01 
  6.246199608e-01 
  6.372307539e-01 
  6.296805143e-01 
  6.332219243e-01 
  6.132605076e-01 
  6.404823065e-01 
  6.508525014e-01 
  6.619699001e-01 
  6.615694165e-01 
  6.527213454e-01 
  6.517581344e-01 
  6.368017793e-01 
  6.172679067e-01 
  6.133236289e-01 
  6.236996651e-01 
  6.145697236e-01 
  6.263779402e-01 
  6.081335545e-01 
  6.241863370e-01 
  6.282687783e-01 
  6.219984293e-01 
  6.231693625e-01 
  6.221726537e-01 
  6.226629615e-01 
  6.194222569e-01 
  6.258561015e-01 
  6.160411239e-01 
  6.059973240e-01 
  6.091163158e-01 
  6.132335663e-01 
  6.055527329e-01 
  6.029579639e-01 
  6.051422954e-01 
  5.993254781e-01 
  5.967473984e-01 
  5.942832232e-01 
  5.889039040e-01 
  5.847509503e-01 
  5.779666901e-01 
  5.775507092e-01 
  5.722168684e-01 
  5.637590885e-01 
  5.580102205e-01 
  5.196129084e-01 
  5.448495150e-01 
  5.521444678e-01 
  5.505719185e-01 
  5.428587794e-01 
  5.436567068e-01 
  5.408412218e-01 
  5.397493839e-01 
  5.341662765e-01 
  5.357623100e-01 
  5.238181353e-01 
  5.253646970e-01 
  5.182930827e-01 
  5.225783587e-01 
  5.078512430e-01 
  5.050231218e-01 
  5.085476637e-01 
  4.982655048e-01 
  5.051561594e-01 
  5.001976490e-01 
  4.990049303e-01 
  4.981750250e-01 
  4.929757416e-01 
  4.923807979e-01 
  4.834599197e-01 
  4.868503809e-01 
  4.836190939e-01 
  4.802034795e-01 
  4.695597887e-01 
  4.727416337e-01 
  4.659022987e-01 
  4.700427651e-01 
  4.583128095e-01 
  4.610433578e-01 
  4.610916972e-01 
  4.538238645e-01 
  4.544163346e-01 
  4.539642632e-01 
  4.443754554e-01 
  4.470012486e-01 
  4.433115125e-01 
  4.286958277e-01 
  4.348151386e-01 
  4.373337626e-01 
  4.326986670e-01 
  4.283756912e-01 
  4.266993701e-01 
  4.229917526e-01 
  4.214961529e-01 
  4.154751301e-01 
  4.168263674e-01 
  4.140239954e-01 
  4.115523994e-01 
  4.054288268e-01 
  3.911330998e-01 
  4.037025869e-01 
  3.880190551e-01 
  3.970825672e-01 
  3.887075186e-01 
  3.920586109e-01 
  3.898747563e-01 
  3.764628768e-01 
  3.838140368e-01 
  3.806286454e-01 
  3.506095409e-01 
  3.701964021e-01 
  3.693274260e-01 
  3.689182103e-01 
  3.554653823e-01 
  3.666741252e-01 
  3.544148803e-01 
  3.606334031e-01 
  3.582407534e-01 
  3.576296568e-01 
  3.424831033e-01 
  3.503805995e-01 
  3.362592161e-01 
  3.397314847e-01 
  3.288939893e-01 
  3.396530151e-01 
  3.327023685e-01 
  3.361181617e-01 
  3.157184422e-01 
  3.337452114e-01 
  3.181156516e-01 
  3.235363066e-01 
  3.247698247e-01 
  3.152801096e-01 
  3.085400164e-01 
  2.791231275e-01 
  3.011290729e-01 
  2.989009023e-01 
  2.934924364e-01 
  2.842046320e-01 
  2.795787454e-01 
  2.835828662e-01 
  2.825579643e-01 
  2.695513368e-01 
  2.795858979e-01 
  2.757872641e-01 
  2.724951804e-01 
  2.673492730e-01 
  2.664873004e-01 
  2.649613321e-01 
  2.667344809e-01 
  2.668049037e-01 
  2.614598572e-01 
  2.531841695e-01 
  2.444235384e-01 
  2.441862375e-01 
  2.323325574e-01 
  2.234325111e-01 
  2.133517712e-01 
  2.003384382e-01 
  1.888166070e-01 
  1.821583658e-01 
  1.812227070e-01 
  1.731260419e-01 
  1.769452393e-01 
  1.790859550e-01 
  1.734950840e-01 
  1.690738499e-01 
  1.747138053e-01 
  1.719374955e-01 
  1.786325872e-01 
  1.929240525e-01 
  1.986463219e-01 
  1.924536377e-01 
  1.765548438e-01 
  1.555294096e-01 
  1.584230065e-01 
  1.771238446e-01 
  1.893778443e-01 
  1.921274364e-01 
  1.989272982e-01 
  1.968091875e-01 
  1.866749525e-01 
  1.896853745e-01 
  1.814588457e-01 
  1.749706864e-01 
  1.687949151e-01 
  1.715071052e-01 
  1.769308150e-01 
  1.792818606e-01 
  1.810825467e-01 
  1.797686219e-01 
  1.814004034e-01 
  1.818079948e-01 
  1.828756034e-01 
  1.825945973e-01 
  1.869019419e-01 
  1.879806221e-01 
  1.977931261e-01 
  2.007417232e-01 
  2.002289146e-01 
  1.982166171e-01 
  1.962701231e-01 
  2.050011158e-01 
  2.080359459e-01 
  2.037771493e-01 
  2.072534859e-01 
  2.017915249e-01 
  2.047571540e-01 
  2.056899965e-01 
  1.982910633e-01 
  2.033178657e-01 
  2.046201676e-01 
  2.026469857e-01 
  1.999599785e-01 
  1.994054765e-01 
  1.979963183e-01 
  1.940379888e-01 
  1.986183971e-01 
  1.931735128e-01 
  1.916663051e-01 
  1.931685954e-01 
  1.902888417e-01 
  1.886804402e-01 
  1.772149652e-01 
  1.852868348e-01 
  1.888294965e-01 
  1.865494251e-01 
  1.842701733e-01 
  1.823210716e-01 
  1.720687002e-01 
  1.826306581e-01 
  1.857068390e-01 
  1.853111386e-01 
  1.844886839e-01 
  1.833323687e-01 
  1.794850528e-01 
  1.789253801e-01 
  1.777229756e-01 
  1.710458249e-01 
  1.635089964e-01 
  1.736372113e-01 
  1.743720621e-01 
  1.740295589e-01 
  1.645271629e-01 
  1.668265909e-01 
  1.719597876e-01 
  1.712564677e-01 
  1.722241342e-01 
  1.689352989e-01 
  1.574675739e-01 
  1.672919691e-01 
  1.610971689e-01 
  1.658036262e-01 
  1.666597277e-01 
  1.652736366e-01 
  1.655535400e-01 
  1.654987782e-01 
  1.654280424e-01 
  1.645610482e-01 
  1.625721455e-01 
  1.631805599e-01 
  1.624778360e-01 
  1.611389965e-01 
  1.599226594e-01 
  1.612093598e-01 
  1.599201858e-01 
  1.601223350e-01 
  1.544508338e-01 
  1.590672731e-01 
  1.585972905e-01 
  1.577848792e-01 
  1.573972255e-01 
  1.551474780e-01 
  1.558885872e-01 
  1.551757604e-01 
  1.537044346e-01 
  1.541787982e-01 
  1.537654698e-01 
  1.531857252e-01 
  1.509409100e-01 
  1.497427225e-01 
  1.505218148e-01 
  1.490907520e-01 
  1.469014734e-01 
  1.449769735e-01 
  1.469042301e-01 
  1.452043653e-01 
  1.438575387e-01 
  1.444199234e-01 
  1.433391273e-01 
  1.421948671e-01 
  1.406062543e-01 
  1.395535469e-01 
  1.377720982e-01 
  1.373461932e-01 
  1.364029199e-01 
  1.354148239e-01 
  1.330650747e-01 
  1.324428618e-01 
  1.299328506e-01 
  1.289977282e-01 
  1.275857538e-01 
  1.229903251e-01 
  1.235011593e-01 
  1.208001077e-01 
  1.204938143e-01 
  1.203239784e-01 
  1.170630082e-01 
  1.148207188e-01 
  1.152222157e-01 
  1.180086583e-01 
  1.192349419e-01 
  1.192517728e-01 
  1.194012687e-01 
  1.190726981e-01 
  1.198334172e-01 
  1.199645475e-01 
  1.197615638e-01 
  1.193532720e-01 
  1.184168607e-01 
  1.177629903e-01 
  1.144510061e-01 
  1.016338095e-01 
  1.114658713e-01 
  1.158048585e-01 
  1.164569035e-01 
  1.159682348e-01 
  1.160897091e-01 
  1.140565723e-01 
  1.141258776e-01 
  1.111593246e-01 
  1.125186756e-01 
  1.131078005e-01 
  1.129265949e-01 
  1.104063019e-01 
  1.106153727e-01 
  1.097104847e-01 
  1.081856117e-01 
  1.068707481e-01 
  1.075992063e-01 
  1.067733988e-01 
  1.061640531e-01 
  1.041353792e-01 
  1.022241861e-01 
  1.016145423e-01 
  1.017591059e-01 
  1.013928801e-01 
  1.005443558e-01 
  9.958738834e-02 
  9.839808196e-02 
  9.759713709e-02 
  9.701597691e-02 
  9.548268467e-02 
  9.037365764e-02 
  9.232993424e-02 
  8.935592324e-02 
  9.180413187e-02 
  9.246757627e-02 
  8.988193423e-02 
  8.936709166e-02 
  8.677207679e-02 
  8.549515903e-02 
  8.614619821e-02 
  8.724963665e-02 
  8.763324469e-02 
  8.677039295e-02 
  8.501930535e-02 
  8.174075186e-02 
  7.911801338e-02 
  7.155749947e-02 
  7.084301114e-02 
  6.989361346e-02 
  6.847037375e-02 
  7.100764662e-02 
  7.220295817e-02 
  7.300113887e-02 
  7.236652076e-02 
  7.262843847e-02 
  7.302533835e-02 
  7.243823260e-02 
  7.227478176e-02 
  7.303535193e-02 
  7.272038609e-02 
  7.072811574e-02 
  6.802582741e-02 
  6.192301586e-02 
  5.736289546e-02 
  5.503494292e-02 
  5.143433064e-02 
  4.979103059e-02 
  4.616090283e-02 
  4.447419196e-02 
  4.251175374e-02 
  3.980039805e-02 
  3.829789907e-02 
  3.661748394e-02 
  3.519062698e-02 
  3.342896700e-02 
  3.273883462e-02 
  3.081437759e-02 
  2.916263416e-02 
  2.904572710e-02 
  2.864824794e-02 
  2.894498967e-02 
  2.958179638e-02 
  2.954374067e-02 
  2.983186394e-02 
  2.899978869e-02 
  2.876309492e-02 
  2.820710838e-02 
  2.927895635e-02 
  3.096218221e-02 
  3.344595805e-02 
  3.489028662e-02 
  3.586219251e-02 
  3.557310626e-02 
  3.470102325e-02 
  3.444159776e-02 
  3.292999789e-02 
  3.163338825e-02 
  2.937397920e-02 
  2.788815461e-02 
  2.660196461e-02 
  2.671895176e-02 
  2.775207348e-02 
  2.837647498e-02 
  2.984839492e-02 
  3.161093220e-02 
  3.301488981e-02 
  3.363733739e-02 
  3.309674561e-02 
  3.301663697e-02 
  3.153302893e-02 
  3.022756800e-02 
  2.891493216e-02 
  2.922149748e-02 
  3.053180501e-02 
  3.151725233e-02 
  3.154539317e-02 
  3.103183582e-02 
  2.993016317e-02 
  3.012613021e-02 
  3.142138943e-02 
  3.176480159e-02 
  3.122414649e-02 
  3.130184114e-02 
  3.088418208e-02 
  3.092230111e-02 
  3.165290877e-02 
  3.256174177e-02 
  3.368077427e-02 
  3.487506881e-02 
  3.345075250e-02 
  3.454524279e-02 
  3.470181674e-02 
  3.534726053e-02 
  3.579264879e-02 
  3.612287715e-02 
  3.611139581e-02 
  3.561645374e-02 
  3.567070886e-02 
  3.717925027e-02 
  3.673149273e-02 
  3.660830855e-02 
  3.649229556e-02 
  3.677197173e-02 
  3.523318097e-02 
  3.613425046e-02 
  3.715806827e-02 
  3.655845299e-02 
  3.550040722e-02 
  3.440385684e-02 
  3.442694247e-02 
  3.432663530e-02 
  3.332597762e-02 
  3.425510600e-02 
  3.442046046e-02 
  3.457909450e-02 
  3.507904708e-02 
  3.551165760e-02 
  3.351476789e-02 
  3.529357538e-02 
  3.420934826e-02 
  3.469957784e-02 
  3.501259908e-02 
  3.489860520e-02 
  3.563679010e-02 
  3.581088036e-02 
  3.606961668e-02 
  3.572637588e-02 
  3.494920954e-02 
  3.485733643e-02 
  3.506382927e-02 
  3.690111637e-02 
  3.824513406e-02 
  3.852868080e-02 
  3.923347220e-02 
  3.962504864e-02 
  4.019217938e-02 
  3.961311653e-02 
  3.830568492e-02 
  3.782251105e-02 
  3.657418489e-02 
  3.622523695e-02 
  3.589997441e-02 
  3.569932655e-02 
  3.410813585e-02 
  3.440264612e-02 
  3.297423944e-02 
  3.247883916e-02 
  3.192997351e-02 
  3.218544647e-02 
  3.342456743e-02 
  3.518129140e-02 
  3.531151265e-02 
  3.593354300e-02 
  3.589203209e-02 
  3.550412878e-02 
  3.451158106e-02 
  3.433023766e-02 
  3.468621150e-02 
  3.459363058e-02 
  3.549842909e-02 
  3.483558446e-02 
  3.504751250e-02 
  3.553894162e-02 
  3.532099724e-02 
  3.633505851e-02 
  3.173853457e-02 
  3.771478310e-02 
  3.891100362e-02 
  3.982393444e-02 
  3.891444206e-02 
  4.005555809e-02 
  3.984806314e-02 
  3.986149654e-02 
  3.925814107e-02 
  4.010791332e-02 
  4.098659009e-02 
  4.075381905e-02 
  4.174068198e-02 
  4.145127907e-02 
  4.080303758e-02 
  3.641518578e-02 
  3.796168044e-02 
  3.814308718e-02 
  3.856631368e-02 
  4.060383141e-02 
  4.006236419e-02 
  4.033958912e-02 
  4.093139246e-02 
  4.115923494e-02 
  4.038167372e-02 
  4.024837539e-02 
  3.959321603e-02 
  4.037665576e-02 
  3.993429244e-02 
  3.969745338e-02 
  4.053223506e-02 
  4.007533565e-02 
  4.053816572e-02 
  3.983319923e-02 
  3.949796036e-02 
  4.039886966e-02 
  3.994131088e-02 
  3.887881339e-02 
  3.987893090e-02 
  3.940676525e-02 
  3.963259608e-02 
  3.940249979e-02 
  3.682179376e-02 
  3.927579150e-02 
  3.895841166e-02 
  3.868196905e-02 
  3.800930083e-02 
  3.807431832e-02 
  3.848329186e-02 
  3.854372725e-02 
  3.742490336e-02 
  3.813408688e-02 
  3.666277230e-02 
  3.734447807e-02 
  3.746871278e-02 
  3.728166968e-02 
  3.768100962e-02 
  3.774431348e-02 
  3.768493980e-02 
  3.723851964e-02 
  3.605284542e-02 
  3.688073531e-02 
  3.658245876e-02 
  3.629761562e-02 
  3.682474047e-02 
  3.654850647e-02 
  3.510953858e-02 
  3.560185805e-02 
  3.482825682e-02 
  3.587432206e-02 
  3.550255299e-02 
  3.541263565e-02 
  3.471111506e-02 
  3.542976454e-02 
  3.532557562e-02 
  3.468542174e-02 
  3.387088701e-02 
  3.424378857e-02 
  3.350863978e-02 
  3.330466896e-02 
  3.237149119e-02 
  3.224254027e-02 
  3.122158907e-02 
  3.197630122e-02 
  3.185577691e-02 
  3.130009025e-02 
  3.136262298e-02 
  2.907732502e-02 
  3.115903214e-02 
  2.807945572e-02 
  3.067094088e-02 
  3.080014698e-02 
  3.140884265e-02 
  3.112148121e-02 
  3.048989549e-02 
  3.085947223e-02 
  3.057255968e-02 
  3.144948184e-02 
  3.097590990e-02 
  3.060126677e-02 
  3.008093499e-02 
  2.746414766e-02 
  2.951402031e-02 
  2.878169529e-02 
  3.022151999e-02 
  3.078002296e-02 
  3.043173999e-02 
  3.046259843e-02 
  2.846372873e-02 
  2.939842083e-02 
  2.966319583e-02 
  2.836555988e-02 
  2.858968265e-02 
  2.731743641e-02 
  2.789635956e-02 
  2.766400948e-02 
  2.802181803e-02 
  2.753834054e-02 
  2.739057317e-02 
  2.741269954e-02 
  2.763899043e-02 
  2.746402100e-02 
  2.571320347e-02 
  2.648762986e-02 
  2.678171732e-02 
  2.741450071e-02 
  2.707783133e-02 
  2.753750049e-02 
  2.581162006e-02 
  2.657194994e-02 
  2.733175643e-02 
  2.724519931e-02 
  2.655319683e-02 
  2.613988146e-02 
  2.673140913e-02 
  2.723262273e-02 
  2.736911550e-02 
  2.665348165e-02 
  2.688408457e-02 
  2.678663656e-02 
  2.692195587e-02 
  2.683769912e-02 
  2.602118254e-02 
  2.636297978e-02 
  2.627530135e-02 
  2.586028352e-02 
  2.515686117e-02 
  2.576784045e-02 
  2.559931204e-02 
  2.434820123e-02 
  2.411128953e-02 
  2.375152707e-02 
  2.379934862e-02 
  2.356831171e-02 
  2.348105609e-02 
  2.401946485e-02 
  2.358733304e-02 
  2.357119322e-02 
  2.379613556e-02 
  2.395905554e-02 
  2.379364520e-02 
  2.319201455e-02 
  2.372196130e-02 
  2.314152941e-02 
  2.355474047e-02 
  2.326550707e-02 
  2.346929535e-02 
  2.297844365e-02 
  2.339028381e-02 
  2.316405065e-02 
  2.325900085e-02 
  2.278442122e-02 
  2.299037389e-02 
  2.302344143e-02 
  2.278709598e-02 
  2.256978489e-02 
  2.239754237e-02 
  2.211651951e-02 
  2.197130956e-02 
  2.215511538e-02 
  2.172737755e-02 
  2.174132876e-02 
  2.217218839e-02 
  2.197860368e-02 
  2.088820189e-02 
  2.143095806e-02 
  2.147142217e-02 
  2.122078650e-02 
  2.082914859e-02 
  2.088372596e-02 
  2.095119096e-02 
  2.061527409e-02 
  1.985987648e-02 
  1.912659034e-02 
  1.963162795e-02 
  2.006720379e-02 
  2.038984373e-02 
  2.039970830e-02 
  2.010671794e-02 
  2.014320716e-02 
  2.010768093e-02 
  1.981856860e-02 
  1.975601353e-02 
  1.996418834e-02 
  1.995331980e-02 
  1.983546279e-02 
  1.976073533e-02 
  1.972108148e-02 
  1.955891587e-02 
  1.939242333e-02 
  1.946361549e-02 
  1.929274946e-02 
  1.900511235e-02 
  1.899259351e-02 
  1.888522692e-02 
  1.845839620e-02 
  1.874805056e-02 
  1.878869534e-02 
  1.851222850e-02 
  1.842405461e-02 
  1.787100360e-02 
  1.815491915e-02 
  1.830958575e-02 
  1.687912643e-02 
  1.801427081e-02 
  1.806291938e-02 
  1.802207343e-02 
  1.799177192e-02 
  1.785546541e-02 
  1.764614508e-02 
  1.751141250e-02 
  1.761999726e-02 
  1.718251780e-02 
  1.689123735e-02 
  1.714096591e-02 
  1.624700241e-02 
  1.645356044e-02 
  1.664909534e-02 
  1.678135991e-02 
  1.666158810e-02 
  1.625930704e-02 
  1.655203477e-02 
  1.654607989e-02 
  1.627637073e-02 
  1.605785824e-02 
  1.500055008e-02 
  1.525752619e-02 
  1.532001048e-02 
  1.454361901e-02 
  1.431734487e-02 
  1.498467010e-02 
  1.518306229e-02 
  1.520366129e-02 
  1.481846534e-02 
  1.524954662e-02 
  1.496645994e-02 
  1.514231507e-02 
  1.466708072e-02 
  1.474293135e-02 
  1.434357744e-02 
  1.484114677e-02 
  1.468899008e-02 
  1.462305803e-02 
  1.435389090e-02 
  1.442763582e-02 
  1.443625614e-02 
  1.440804265e-02 
  1.415715180e-02 
  1.427625120e-02 
  1.425389387e-02 
  1.410981920e-02 
  1.413549948e-02 
  1.400690433e-02 
  1.372710057e-02 
  1.335604675e-02 
  1.347455382e-02 
  1.318095066e-02 
  1.338044647e-02 
  1.328058168e-02 
  1.324720122e-02 
  1.302791387e-02 
  1.309440844e-02 
  1.285733376e-02 
  1.285069715e-02 
  1.282391232e-02 
  1.279989071e-02 
  1.250602026e-02 
  1.216534432e-02 
  1.210959721e-02 
  1.176403556e-02 
  1.156446245e-02 
  1.165444776e-02 
  1.156402286e-02 
  1.153151691e-02 
  1.135396864e-02 
  1.116344985e-02 
  1.114770398e-02 
  1.107079443e-02 
  1.113620773e-02 
  1.120073348e-02 
  1.113719214e-02 
  1.082981657e-02 
  1.072289422e-02 
  1.045981981e-02 
  1.028862689e-02 
  9.968046099e-03 
  9.623099118e-03 
  9.680914693e-03 
  9.357462637e-03 
  8.992695250e-03 
  9.004366584e-03 
  8.585652336e-03 
  8.521637879e-03 
  8.000517264e-03 
  7.732608821e-03 
  7.679919247e-03 
  7.760947105e-03 
  7.713619620e-03 
  7.496744394e-03 
  7.369319443e-03 
  7.271441165e-03 
  7.057181094e-03 
  6.753069814e-03 
  6.727711298e-03 
  6.468527950e-03 
  6.467274390e-03 
  6.269400474e-03 
  5.905765109e-03 
  5.811105482e-03 
  5.505099893e-03 
  5.123243202e-03 
  5.342655350e-03 
  5.407960154e-03 
  5.434157327e-03 
  5.348656327e-03 
  5.253452342e-03 
  5.376778077e-03 
  5.072017666e-03 
  5.085879471e-03 
  4.906845279e-03 
  4.850237630e-03 
  4.476317205e-03 
  4.413677379e-03 
  4.391323775e-03 
  4.275484476e-03 
  4.109073896e-03 
  4.086840898e-03 
  3.837810829e-03 
  3.834809875e-03 
  3.759197192e-03 
  3.626874881e-03 
  3.773707198e-03 
  3.792911302e-03 
  3.864418250e-03 
  3.901088843e-03 
  3.764960682e-03 
  3.965557553e-03 
  3.939581104e-03 
  3.895371687e-03 
  3.605084959e-03 
  3.702576505e-03 
  3.751324955e-03 
  3.771827323e-03 
  3.741959808e-03 
  3.709853627e-03 
  3.616996342e-03 
  3.670414910e-03 
  3.668032819e-03 
  3.534869989e-03 
  3.668241203e-03 
  3.718433436e-03 
  3.790263319e-03 
  3.735084319e-03 
  3.913340159e-03 
  3.872750327e-03 
  3.884034231e-03 
  3.833646188e-03 
  3.838564036e-03 
  3.591733519e-03 
  3.522849875e-03 
  3.255695105e-03 
  3.324491903e-03 
  3.072625957e-03 
  2.935213968e-03 
  2.903320594e-03 
  2.909862902e-03 
  2.897515427e-03 
  2.831412712e-03 
  2.625597408e-03 
  3.299159231e-03 
  3.559864359e-03 
  3.626403864e-03 
  3.647723235e-03 
  3.748545656e-03 
  3.812118666e-03 
  3.835653886e-03 
  3.844282357e-03 
  3.813444404e-03 
  3.678607522e-03 
  3.849686356e-03 
  3.787757596e-03 
  3.714861348e-03 
  3.566685133e-03 
  3.678512760e-03 
  3.557156306e-03 
  3.403297858e-03 
  3.531655995e-03 
  3.437543288e-03 
  3.290235996e-03 
  3.267076565e-03 
  3.197677201e-03 
  3.139310982e-03 
  3.095157677e-03 
  3.113768529e-03 
  3.060018178e-03 
  3.075150307e-03 
  3.039901610e-03 
  3.154126229e-03 
  3.159180982e-03 
  3.242796520e-03 
  3.174518701e-03 
  3.228018293e-03 
  3.224571701e-03 
  3.211782314e-03 
  3.110171761e-03 
  3.260664642e-03 
  3.332422348e-03 
  3.302752972e-03 
  3.423018148e-03 
  3.433004720e-03 
  3.508902853e-03 
  3.486035392e-03 
  3.457261948e-03 
  3.587967716e-03 
  3.649470396e-03 
  3.601024859e-03 
  3.663679585e-03 
  3.638458438e-03 
  3.650178667e-03 
  3.654265078e-03 
  3.609400243e-03 
  3.536601085e-03 
  3.668752732e-03 
  3.668786259e-03 
  3.773454577e-03 
  3.703461029e-03 
  3.843917511e-03 
  3.865589155e-03 
  3.909545485e-03 
  3.904514713e-03 
  3.971734084e-03 
  3.786594374e-03 
  3.912061919e-03 
  3.941453993e-03 
  3.970117308e-03 
  3.845280968e-03 
  3.668759717e-03 
  3.439653432e-03 
  3.662482603e-03 
  3.882621648e-03 
  3.917574883e-03 
  3.955208231e-03 
  3.809893737e-03 
  3.691545688e-03 
  3.682226874e-03 
  3.771353047e-03 
  3.701284993e-03 
  3.688836005e-03 
  3.613820765e-03 
  3.697370877e-03 
  3.706910415e-03 
  3.839779412e-03 
  3.802920924e-03 
  3.983003087e-03 
  3.895692760e-03 
  4.012849182e-03 
  4.009171855e-03 
  4.322976340e-03 
  4.208647180e-03 
  4.490577616e-03 
  4.494917113e-03 
  4.668418784e-03 
  4.699897952e-03 
  4.864803981e-03 
  4.816149827e-03 
  4.742611665e-03 
  4.862702452e-03 
  5.087679718e-03 
  5.080315284e-03 
  5.160015542e-03 
  4.887246527e-03 
  5.238889717e-03 
  5.063914694e-03 
  5.206165370e-03 
  5.241655279e-03 
  5.277664401e-03 
  5.209483206e-03 
  5.221724045e-03 
  5.106971134e-03 
  5.121918395e-03 
  5.250807386e-03 
  5.215280224e-03 
  5.189864431e-03 
  5.133128259e-03 
  5.051171873e-03 
  4.831064492e-03 
  4.860270768e-03 
  4.687034525e-03 
  4.676400218e-03 
  4.158854485e-03 
  4.071923904e-03 
  3.578348551e-03 
  3.572687740e-03 
  3.068424063e-03 
  3.067258745e-03 
  2.767383819e-03 
  2.759739524e-03 
  2.783775562e-03 
  2.706128871e-03 
  2.865554765e-03 
  2.857812447e-03 
  2.925378270e-03 
  2.924961969e-03 
  2.946187044e-03 
  2.936883830e-03 
  2.979461337e-03 
  2.944417065e-03 
  3.051622771e-03 
  3.040655982e-03 
  3.215592587e-03 
  3.216838231e-03 
  3.490479430e-03 
  3.457448212e-03 
  3.606143175e-03 
  3.725892399e-03 
  4.009165335e-03 
  4.004931077e-03 
  4.168535583e-03 
  4.198090639e-03 
  4.318100866e-03 
  4.324592184e-03 
  4.339566920e-03 
  4.280427936e-03 
  4.365924280e-03 
  4.430118017e-03 
  4.482747987e-03 
  4.470463376e-03 
  4.333596211e-03 
  4.426559433e-03 
  4.456028342e-03 
  4.208758939e-03 
  4.346532281e-03 
  4.373300355e-03 
  4.331911914e-03 
  4.283241928e-03 
  4.241341259e-03 
  4.232334439e-03 
  4.108882044e-03 
  4.098098725e-03 
  4.067965783e-03 
  3.883419791e-03 
  3.897084389e-03 
  3.686233656e-03 
  3.658707719e-03 
  3.519877093e-03 
  3.463594476e-03 
  3.459326690e-03 
  3.478851868e-03 
  3.508304479e-03 
  3.488016548e-03 
  3.539102385e-03 
  3.533491399e-03 
  3.534695366e-03 
  3.434463171e-03 
  3.528699977e-03 
  3.508805297e-03 
  3.292940557e-03 
  3.479266772e-03 
  3.476818791e-03 
  3.485107794e-03 
  3.448927775e-03 
  3.508809255e-03 
  3.384604817e-03 
  3.580942051e-03 
  3.533115378e-03 
  3.680651309e-03 
  3.668077756e-03 
  3.744961927e-03 
  3.733523889e-03 
  3.783345455e-03 
  3.775221528e-03 
  3.705291310e-03 
  3.776008263e-03 
  3.732069163e-03 
  3.777709091e-03 
  3.704642644e-03 
  3.725875635e-03 
  3.749751253e-03 
  3.773476928e-03 
  3.764455672e-03 
  3.782567568e-03 
  3.780686762e-03 
  3.783780849e-03 
  3.748336341e-03 
  3.598431591e-03 
  3.723223228e-03 
  3.751119832e-03 
  3.626780817e-03 
  3.728848649e-03 
  3.711685538e-03 
  3.699567169e-03 
  3.705698065e-03 
  3.708492033e-03 
  3.698012792e-03 
  3.716203151e-03 
  3.652581247e-03 
  3.701934591e-03 
  3.691819031e-03 
  3.698482178e-03 
  3.680426627e-03 
  3.669789992e-03 
  3.644085024e-03 
  3.552122274e-03 
  3.627987811e-03 
  3.611239837e-03 
  3.586127190e-03 
  3.590514883e-03 
  3.580854042e-03 
  3.549678484e-03 
  3.458186053e-03 
  3.531523515e-03 
  3.548556007e-03 
  3.457092913e-03 
  3.524849191e-03 
  3.487912938e-03 
  3.483679146e-03 
  3.423535731e-03 
  3.490933450e-03 
  3.501921659e-03 
  3.434516722e-03 
  3.499337239e-03 
  3.484915243e-03 
  3.465260146e-03 
  3.479627660e-03 
  3.466901369e-03 
  3.457839368e-03 
  3.440965200e-03 
  3.438542131e-03 
  3.306831466e-03 
  3.413129598e-03 
  3.406045260e-03 
  3.382663708e-03 
  3.372092731e-03 
  3.368938807e-03 
  3.342788899e-03 
  3.319881158e-03 
  3.296278184e-03 
  3.257378004e-03 
  3.199595725e-03 
  3.226087429e-03 
  3.221511375e-03 
  3.176080296e-03 
  3.166342620e-03 
  3.135153791e-03 
  3.121675923e-03 
  3.086937359e-03 
  3.088518744e-03 
  3.081556875e-03 
  3.078589914e-03 
  3.065062454e-03 
  3.055069596e-03 
  3.035307862e-03 
  3.019890049e-03 
  3.011310240e-03 
  2.965467051e-03 
  2.962356666e-03 
  2.915479476e-03 
  2.813260304e-03 
  2.522403840e-03 
  2.754686167e-03 
  2.836638363e-03 
  2.906671027e-03 
  2.898517065e-03 
  2.918402432e-03 
  2.902034437e-03 
  2.907138318e-03 
  2.890892327e-03 
  2.889102325e-03 
  2.866114024e-03 
  2.834359417e-03 
  2.849790035e-03 
  2.735531889e-03 
  2.840743167e-03 
  2.831058577e-03 
  2.800140763e-03 
  2.726135310e-03 
  2.787433099e-03 
  2.789388644e-03 
  2.787606092e-03 
  2.778831404e-03 
  2.703757724e-03 
  2.683884930e-03 
  2.711481415e-03 
  2.737955190e-03 
  2.725506201e-03 
  2.690277062e-03 
  2.678371966e-03 
  2.665549051e-03 
  2.629978349e-03 
  2.614887664e-03 
  2.593070036e-03 
  2.584655304e-03 
  2.570377896e-03 
  2.567835851e-03 
  2.559052082e-03 
  2.582909772e-03 
  2.578701824e-03 
  2.566670766e-03 
  2.498648595e-03 
  2.462359611e-03 
  2.583228052e-03 
  2.525260439e-03 
  2.602102002e-03 
  2.595096361e-03 
  2.582087414e-03 
  2.577353269e-03 
  2.562382491e-03 
  2.557365457e-03 
  2.531310078e-03 
  2.490147017e-03 
  2.515833126e-03 
  2.519326517e-03 
  2.506394638e-03 
  2.497561276e-03 
  2.483151853e-03 
  2.476884983e-03 
  2.466317965e-03 
  2.449334832e-03 
  2.402708167e-03 
  2.405229025e-03 
  2.399073215e-03 
  2.416284289e-03 
  2.385772998e-03 
  2.385123633e-03 
  2.380727325e-03 
  2.369484631e-03 
  2.360824263e-03 
  2.343867207e-03 
  2.330235671e-03 
  2.327144379e-03 
  2.296407707e-03 
  2.244187053e-03 
  2.267808421e-03 
  2.286094474e-03 
  2.277086722e-03 
  2.235135762e-03 
  2.248098375e-03 
  2.244730713e-03 
  2.235929947e-03 
  2.229931997e-03 
  2.165580401e-03 
  2.206738107e-03 
  2.184513258e-03 
  2.178066643e-03 
  2.177732997e-03 
  2.143975813e-03 
  2.086696448e-03 
  2.128560096e-03 
  2.108742483e-03 
  2.104953863e-03 
  2.100497019e-03 
  2.099137986e-03 
  2.080151578e-03 
  2.066298388e-03 
  2.066598972e-03 
  1.989895245e-03 
  2.059455961e-03 
  2.043656074e-03 
  2.014761791e-03 
  2.029014286e-03 
  2.026595641e-03 
  2.018370433e-03 
  2.008839976e-03 
  1.987820026e-03 
  2.002669265e-03 
  1.996895298e-03 
  1.987441443e-03 
  1.954509877e-03 
  1.975236228e-03 
  1.972121652e-03 
  1.967565622e-03 
  1.958023524e-03 
  1.948681660e-03 
  1.849919907e-03 
  1.906720339e-03 
  1.909035724e-03 
  1.902260236e-03 
  1.892075059e-03 
  1.886632293e-03 
  1.887121820e-03 
  1.877298346e-03 
  1.856929972e-03 
  1.853621448e-03 
  1.825542306e-03 
  1.831355621e-03 
  1.824553241e-03 
  1.724540023e-03 
  1.767136739e-03 
  1.757086953e-03 
  1.723145135e-03 
  1.758314203e-03 
  1.760329353e-03 
  1.752579934e-03 
  1.748203300e-03 
  1.765093766e-03 
  1.756798127e-03 
  1.747988630e-03 
  1.764400629e-03 
  1.763192005e-03 
  1.762851258e-03 
  1.759512466e-03 
  1.745263115e-03 
  1.733768033e-03 
  1.736189937e-03 
  1.725074602e-03 
  1.705808914e-03 
  1.692927908e-03 
  1.633253531e-03 
  1.654298627e-03 
  1.635381370e-03 
  1.660666778e-03 
  1.651152153e-03 
  1.626944402e-03 
  1.632891363e-03 
  1.628804137e-03 
  1.549237524e-03 
  1.589512802e-03 
  1.599731157e-03 
  1.580021461e-03 
  1.607255545e-03 
  1.615240006e-03 
  1.599581912e-03 
  1.594084548e-03 
  1.584176440e-03 
  1.570842578e-03 
  1.567058614e-03 
  1.538338838e-03 
  1.513886382e-03 
  1.521995873e-03 
  1.502626925e-03 
  1.492303098e-03 
  1.451198012e-03 
  1.471756492e-03 
  1.471012132e-03 
  1.455954625e-03 
  1.446604962e-03 
  1.439927495e-03 
  1.427731826e-03 
  1.428698655e-03 
  1.417983091e-03 
  1.413949649e-03 
  1.418296248e-03 
  1.406905823e-03 
  1.411803416e-03 
  1.387501368e-03 
  1.342648990e-03 
  1.375219203e-03 
  1.388537581e-03 
  1.399690867e-03 
  1.386004966e-03 
  1.384085161e-03 
  1.406189054e-03 
  1.405014773e-03 
  1.392349601e-03 
  1.376772649e-03 
  1.372507308e-03 
  1.373922685e-03 
  1.343115699e-03 
  1.343606389e-03 
  1.310945023e-03 
  1.302163582e-03 
  1.287521096e-03 
  1.261955593e-03 
  1.274434733e-03 
  1.272687921e-03 
  1.273167436e-03 
  1.208967878e-03 
  1.247203094e-03 
  1.271092216e-03 
  1.264867140e-03 
  1.259011682e-03 
  1.271881396e-03 
  1.265619998e-03 
  1.259481302e-03 
  1.260410761e-03 
  1.197927166e-03 
  1.195311081e-03 
  1.202535699e-03 
  1.209318638e-03 
  1.195171149e-03 
  1.225174754e-03 
  1.218711608e-03 
  1.232422539e-03 
  1.228223322e-03 
  1.222979743e-03 
  1.214773278e-03 
  1.228496083e-03 
  1.215607743e-03 
  1.214909717e-03 
  1.218553749e-03 
  1.208234928e-03 
  1.208121656e-03 
  1.194834593e-03 
  1.190187642e-03 
  1.194247743e-03 
  1.183535787e-03 
  1.165825874e-03 
  1.171562471e-03 
  1.152613899e-03 
  1.141526620e-03 
  1.141620451e-03 
  1.136054168e-03 
  1.118705142e-03 
  1.117893495e-03 
  1.114642597e-03 
  1.098514884e-03 
  1.058516093e-03 
  1.054812106e-03 
  1.018318348e-03 
  1.062505180e-03 
  1.069979742e-03 
  1.098642242e-03 
  1.085087308e-03 
  1.089876867e-03 
  1.102364389e-03 
  1.092800172e-03 
  1.094236737e-03 
  1.088726218e-03 
  1.100646798e-03 
  1.087110722e-03 
  1.084630610e-03 
  1.090147998e-03 
  1.081830938e-03 
  1.068405458e-03 
  1.073250314e-03 
  1.068200916e-03 
  1.033557230e-03 
  1.020541415e-03 
  1.047358965e-03 
  1.038709306e-03 
  1.012106542e-03 
  1.036627917e-03 
  1.018581912e-03 
  1.005092636e-03 
  1.009623869e-03 
  9.801132837e-04 
  9.736258653e-04 
  9.545596549e-04 
  9.254832403e-04 
  9.260798688e-04 
  9.154080180e-04 
  9.139195899e-04 
  9.188065887e-04 
  9.107096703e-04 
  9.087916114e-04 
  9.214382735e-04 
  9.433928644e-04 
  9.321480757e-04 
  9.289973532e-04 
  8.946786402e-04 
  9.395545349e-04 
  9.444950847e-04 
  9.371493943e-04 
  9.222404333e-04 
  9.231354343e-04 
  9.147644159e-04 
  9.028455243e-04 
  8.942906279e-04 
  8.858589572e-04 
  8.656218415e-04 
  8.641304448e-04 
  8.562671719e-04 
  7.890132838e-04 
  8.213389665e-04 
  8.167292690e-04 
  8.029524470e-04 
  7.873567520e-04 
  8.006452117e-04 
  7.616600487e-04 
  7.715509273e-04 
  7.665513549e-04 
  7.071697619e-04 
  7.162479451e-04 
  7.028638502e-04 
  6.806890597e-04 
  6.606673705e-04 
  6.904123584e-04 
  6.638204213e-04 
  6.586858653e-04 
  6.219090428e-04 
  6.486319471e-04 
  6.470658118e-04 
  6.493235123e-04 
  6.457823911e-04 
  6.473065005e-04 
  6.359589170e-04 
  6.487618666e-04 
  6.405503955e-04 
  6.354225916e-04 
  6.478066207e-04 
  6.422792212e-04 
  6.441844744e-04 
  6.357168895e-04 
