  3.284436464e-01 
  8.696886897e-01 
  9.413838983e-01 
  2.441845179e+00 
  2.757323742e+00 
  5.029381275e+00 
  5.503397942e+00 
  8.147404671e+00 
  1.038131523e+01 
  1.109825325e+01 
  1.238733768e+01 
  2.380666924e+01 
  2.027713394e+01 
  2.579160500e+01 
  2.629528618e+01 
  3.150960922e+01 
  2.448680305e+01 
  3.534832382e+01 
  3.418880463e+01 
  3.857237244e+01 
  3.652085495e+01 
  4.566339874e+01 
  3.933461380e+01 
  3.464113998e+01 
  4.345010376e+01 
  4.745676804e+01 
  6.567686462e+01 
  6.573212433e+01 
  5.352203369e+01 
  6.391683960e+01 
  6.630619812e+01 
  5.311304855e+01 
  5.853250885e+01 
  6.580509186e+01 
  5.453391266e+01 
  5.851735306e+01 
  4.371296310e+01 
  4.139377213e+01 
  5.021936035e+01 
  5.028106689e+01 
  5.600070953e+01 
  4.703750992e+01 
  4.900125504e+01 
  4.882826996e+01 
  4.376427841e+01 
  5.593489456e+01 
  6.160828781e+01 
  5.816052628e+01 
  5.433943176e+01 
  5.913124847e+01 
  5.997760773e+01 
  5.649752045e+01 
  5.742910767e+01 
  5.199229431e+01 
  5.954291916e+01 
  5.986177063e+01 
  5.614699173e+01 
  3.559817505e+01 
  3.836954117e+01 
  3.829076385e+01 
  5.634442520e+01 
  4.432506561e+01 
  4.825214386e+01 
  5.092553329e+01 
  5.042923355e+01 
  4.684318161e+01 
  6.378224945e+01 
  5.661363220e+01 
  5.295801544e+01 
  5.052718735e+01 
  5.763953781e+01 
  4.565895844e+01 
  4.766794968e+01 
  4.710863876e+01 
  3.617410660e+01 
  3.284811783e+01 
  4.657344818e+01 
  4.722025299e+01 
  6.049646759e+01 
  4.612641144e+01 
  4.278690720e+01 
  4.756795883e+01 
  3.519498062e+01 
  2.427990723e+01 
  2.643612671e+01 
  3.934549332e+01 
  3.019851112e+01 
  3.426565170e+01 
  3.354241943e+01 
  3.776184464e+01 
  4.522841644e+01 
  4.997901535e+01 
  4.387083435e+01 
  2.323032761e+01 
  2.539016533e+01 
  4.209577179e+01 
  4.279442215e+01 
  1.720244789e+01 
  4.753697205e+01 
  5.629726028e+01 
  5.462897110e+01 
  5.359183884e+01 
  5.605907440e+01 
  5.182440948e+01 
  5.497140121e+01 
  4.976195145e+01 
  4.875131989e+01 
  4.687208176e+01 
  5.012947464e+01 
  5.477964401e+01 
  4.521575928e+01 
  5.242281342e+01 
  5.363106155e+01 
  5.002307129e+01 
  4.847563553e+01 
  5.105248642e+01 
  5.010706329e+01 
  4.797685623e+01 
  4.634916687e+01 
  4.689739609e+01 
  3.920492935e+01 
  4.851531601e+01 
  4.591768265e+01 
  3.830651855e+01 
  4.162223434e+01 
  4.258483887e+01 
  4.044119263e+01 
  3.843167114e+01 
  3.844841766e+01 
  3.456089783e+01 
  2.725035858e+01 
  2.420962715e+01 
  4.306226730e+01 
  3.788000870e+01 
  3.558078384e+01 
  3.825844955e+01 
  4.192881393e+01 
  4.184223938e+01 
  3.704866791e+01 
  3.543828201e+01 
  3.926362991e+01 
  3.868914032e+01 
  4.028367615e+01 
  4.009332275e+01 
  3.938312149e+01 
  4.096054840e+01 
  3.605228424e+01 
  4.065954208e+01 
  4.087725830e+01 
  4.069980621e+01 
  4.112820435e+01 
  4.395872116e+01 
  4.041645813e+01 
  3.710692596e+01 
  3.913015366e+01 
  3.897500229e+01 
  3.948569489e+01 
  3.927703094e+01 
  3.817002487e+01 
  3.775499725e+01 
  3.702539062e+01 
  3.795811081e+01 
  3.694249725e+01 
  3.655990601e+01 
  3.629490662e+01 
  3.539014435e+01 
  3.612946320e+01 
  3.449070740e+01 
  3.612963486e+01 
  3.543574905e+01 
  3.458019638e+01 
  3.415526199e+01 
  3.420943069e+01 
  3.348060608e+01 
  3.339474487e+01 
  3.437806702e+01 
  3.296947098e+01 
  3.232349014e+01 
  3.356819916e+01 
  3.171243477e+01 
  3.200321960e+01 
  3.148089409e+01 
  3.181105423e+01 
  3.151976395e+01 
  2.999959564e+01 
  2.991460037e+01 
  2.401111412e+01 
  2.671855545e+01 
  2.872279739e+01 
  2.643626213e+01 
  2.979969597e+01 
  2.761014938e+01 
  2.627147865e+01 
  2.801705742e+01 
  2.680140877e+01 
  2.837146950e+01 
  2.736093903e+01 
  2.628217697e+01 
  2.541132545e+01 
  2.510388565e+01 
  2.475148773e+01 
  2.396305275e+01 
  2.357697487e+01 
  2.474281883e+01 
  2.280050278e+01 
  2.435792923e+01 
  2.583080101e+01 
  2.380835915e+01 
  2.261904907e+01 
  2.416360092e+01 
  2.319540405e+01 
  2.298634529e+01 
  2.390138626e+01 
  2.167257690e+01 
  2.102176476e+01 
  2.126333237e+01 
  2.212864304e+01 
  1.614937401e+01 
  1.980880737e+01 
  1.859379578e+01 
  2.028285599e+01 
  2.010773277e+01 
  2.071382332e+01 
  1.911950874e+01 
  2.055451965e+01 
  2.020450592e+01 
  1.908023643e+01 
  1.651627350e+01 
  1.965632057e+01 
  2.003171349e+01 
  1.875764084e+01 
  2.023416710e+01 
  1.913049698e+01 
  1.665403557e+01 
  1.795024872e+01 
  1.815316391e+01 
  1.909325981e+01 
  1.755892372e+01 
  1.822021484e+01 
  1.800220871e+01 
  1.746489525e+01 
  1.587673855e+01 
  1.755815315e+01 
  1.665109444e+01 
  1.741255569e+01 
  1.700692177e+01 
  1.648734283e+01 
  1.704211235e+01 
  1.567882824e+01 
  1.636182022e+01 
  1.586980343e+01 
  1.564200687e+01 
  1.618387604e+01 
  1.542400551e+01 
  1.579945183e+01 
  1.571653175e+01 
  1.516074085e+01 
  1.459293556e+01 
  1.502615261e+01 
  1.408966255e+01 
  1.403870869e+01 
  1.530618954e+01 
  1.393722248e+01 
  1.446551418e+01 
  1.414841747e+01 
  1.420171928e+01 
  1.298942661e+01 
  1.381952763e+01 
  1.366101074e+01 
  1.327104568e+01 
  1.323542595e+01 
  1.267164135e+01 
  1.327923489e+01 
  1.330744076e+01 
  1.313318539e+01 
  1.271266556e+01 
  1.238906097e+01 
  1.281478119e+01 
  1.235791588e+01 
  1.218412876e+01 
  1.252580166e+01 
  1.222820663e+01 
  1.233460236e+01 
  1.233976078e+01 
  1.221893883e+01 
  1.205680084e+01 
  1.146055126e+01 
  1.181779003e+01 
  1.161280346e+01 
  1.022475719e+01 
  1.060211086e+01 
  1.118284988e+01 
  1.089376068e+01 
  1.093013191e+01 
  1.095266151e+01 
  1.066966534e+01 
  1.085434151e+01 
  1.080736923e+01 
  1.051062298e+01 
  1.043824100e+01 
  1.036875248e+01 
  1.023750973e+01 
  1.005544472e+01 
  1.004954052e+01 
  1.030076981e+01 
  1.020728111e+01 
  1.002175713e+01 
  9.899204254e+00 
  9.797562599e+00 
  9.632724762e+00 
  9.415787697e+00 
  9.505646706e+00 
  9.320224762e+00 
  9.123722076e+00 
  8.736545563e+00 
  9.094944000e+00 
  8.590785027e+00 
  8.582521439e+00 
  8.927817345e+00 
  8.787069321e+00 
  8.857419968e+00 
  8.949442863e+00 
  8.420229912e+00 
  8.428450584e+00 
  8.380500793e+00 
  8.098138809e+00 
  8.083155632e+00 
  8.152321815e+00 
  7.915939808e+00 
  8.109937668e+00 
  7.789133549e+00 
  8.037716866e+00 
  7.448530674e+00 
  7.951506615e+00 
  7.673529148e+00 
  7.768964767e+00 
  7.452597618e+00 
  7.654772282e+00 
  7.731575012e+00 
  7.622778416e+00 
  7.341430187e+00 
  7.403106213e+00 
  7.271353722e+00 
  7.350780964e+00 
  7.222410679e+00 
  7.236332417e+00 
  6.916493416e+00 
  6.967551231e+00 
  6.913376331e+00 
  7.006837845e+00 
  6.455301285e+00 
  6.910918713e+00 
  6.734234810e+00 
  6.830623150e+00 
  6.699485302e+00 
  6.481764317e+00 
  5.469834328e+00 
  5.802914619e+00 
  6.426073074e+00 
  6.399529457e+00 
  6.412233829e+00 
  6.406557560e+00 
  6.461609364e+00 
  6.350525379e+00 
  6.212645054e+00 
  6.202707291e+00 
  6.240478516e+00 
  6.080407619e+00 
  6.079002380e+00 
  6.129755974e+00 
  6.020439625e+00 
  5.921416759e+00 
  5.867180347e+00 
  5.874251366e+00 
  5.850876808e+00 
  5.727503777e+00 
  5.801139355e+00 
  5.652105331e+00 
  5.711637974e+00 
  5.597517490e+00 
  5.520894051e+00 
  5.493498802e+00 
  5.449139118e+00 
  5.452667236e+00 
  5.321458340e+00 
  5.350717545e+00 
  5.075398922e+00 
  4.568679333e+00 
  4.670354366e+00 
  4.618301868e+00 
  4.681436062e+00 
  4.772157669e+00 
  4.781888008e+00 
  4.773888588e+00 
  4.771824837e+00 
  4.694010258e+00 
  4.740324497e+00 
  4.802083969e+00 
  4.668178082e+00 
  4.657769203e+00 
  4.587237835e+00 
  4.444215775e+00 
  4.407088757e+00 
  4.498132706e+00 
  4.487505436e+00 
  4.472319126e+00 
  4.403627872e+00 
  4.320081711e+00 
  4.428683758e+00 
  4.264308453e+00 
  4.318428040e+00 
  4.269358635e+00 
  4.202341557e+00 
  4.146865368e+00 
  4.188307762e+00 
  3.997967482e+00 
  4.057428360e+00 
  3.801317215e+00 
  3.687334776e+00 
  3.599104881e+00 
  3.567742586e+00 
  3.708398342e+00 
  3.805915356e+00 
  3.738033295e+00 
  3.639967918e+00 
  3.593442202e+00 
  3.562259436e+00 
  3.607831478e+00 
  3.511730433e+00 
  3.387176275e+00 
  3.486428261e+00 
  3.402458668e+00 
  3.507437706e+00 
  3.495562553e+00 
  3.579252958e+00 
  3.519590616e+00 
  3.415325403e+00 
  3.455559015e+00 
  3.447377443e+00 
  3.325789213e+00 
  3.358303547e+00 
  3.324675560e+00 
  3.256558180e+00 
  3.343456507e+00 
  3.362011194e+00 
  3.260665655e+00 
  3.291139364e+00 
  3.324671268e+00 
  3.248157024e+00 
  3.232284784e+00 
  3.166444063e+00 
  3.141339064e+00 
  3.174277067e+00 
  3.127912998e+00 
  3.160147190e+00 
  3.125224829e+00 
  3.047717333e+00 
  3.053460836e+00 
  3.028199673e+00 
  2.736052036e+00 
  1.459633231e+00 
  1.338063240e+00 
  1.994019985e+00 
  1.813114762e+00 
  1.919209480e+00 
  2.168314219e+00 
  2.316200256e+00 
  2.474594116e+00 
  2.661527157e+00 
  2.710927963e+00 
  2.721574068e+00 
  2.728464842e+00 
  2.708113909e+00 
  2.684805155e+00 
  2.701236963e+00 
  2.587015867e+00 
  2.680005074e+00 
  2.647540808e+00 
  2.619453192e+00 
  2.614108086e+00 
  2.568149090e+00 
  2.550981522e+00 
  2.568135262e+00 
  2.494952202e+00 
  2.495319605e+00 
  2.485975266e+00 
  2.426029205e+00 
  2.442016840e+00 
  2.388949156e+00 
  2.376918793e+00 
  2.339518785e+00 
  2.317917109e+00 
  2.271751404e+00 
  2.263215065e+00 
  2.240097046e+00 
  2.209268570e+00 
  2.217355251e+00 
  2.224860668e+00 
  2.226120710e+00 
  2.210314751e+00 
  2.133894682e+00 
  2.163411379e+00 
  2.147467136e+00 
  2.107094526e+00 
  2.119111300e+00 
  2.057860136e+00 
  2.107436180e+00 
  2.084458590e+00 
  2.058629036e+00 
  2.010457516e+00 
  1.987911701e+00 
  2.002578497e+00 
  1.976449490e+00 
  1.947137237e+00 
  1.920508981e+00 
  1.873425841e+00 
  1.826804876e+00 
  1.829756618e+00 
  1.811154008e+00 
  1.760259509e+00 
  1.740804672e+00 
  1.819449663e+00 
  1.737249970e+00 
  1.696362853e+00 
  1.760344505e+00 
  1.782088280e+00 
  1.778655410e+00 
  1.759853125e+00 
  1.726597428e+00 
  1.724566221e+00 
  1.697137237e+00 
  1.661080599e+00 
  1.687631369e+00 
  1.631732464e+00 
  1.653206587e+00 
  1.658364415e+00 
  1.666296005e+00 
  1.644132495e+00 
  1.646703959e+00 
  1.590242267e+00 
  1.625875711e+00 
  1.619556308e+00 
  1.603993773e+00 
  1.590781331e+00 
  1.559348345e+00 
  1.576550245e+00 
  1.583347201e+00 
  1.522840500e+00 
  1.558676124e+00 
  1.554261923e+00 
  1.336586714e+00 
  1.522877932e+00 
  1.458205223e+00 
  1.469568491e+00 
  1.175765634e+00 
  1.288796544e+00 
  1.456535339e+00 
  1.473398685e+00 
  1.443215966e+00 
  1.436895847e+00 
  1.417598009e+00 
  1.410746694e+00 
  1.399605274e+00 
  1.419644237e+00 
  1.410213590e+00 
  1.377492189e+00 
  1.150027037e+00 
  1.218883872e+00 
  1.315723300e+00 
  1.291210890e+00 
  1.338160634e+00 
  1.330042839e+00 
  1.318571091e+00 
  1.317624450e+00 
  1.282711387e+00 
  1.264993429e+00 
  1.269496322e+00 
  1.288770676e+00 
  1.260524392e+00 
  1.257558942e+00 
  1.244318128e+00 
  1.174062490e+00 
  1.233074427e+00 
  1.199487567e+00 
  1.204143405e+00 
  1.210583329e+00 
  1.164975166e+00 
  1.148216248e+00 
  1.177147150e+00 
  1.179771900e+00 
  1.170260429e+00 
  1.158272505e+00 
  1.146617293e+00 
  1.090037346e+00 
  1.117129326e+00 
  1.043792605e+00 
  1.062801719e+00 
  1.016885042e+00 
  1.006485581e+00 
  9.808143377e-01 
  9.547379017e-01 
  9.252201319e-01 
  9.050122499e-01 
  9.828473330e-01 
  1.014644504e+00 
  1.006568551e+00 
  9.617522955e-01 
  9.507458210e-01 
  9.069949985e-01 
  8.880971670e-01 
  8.967346549e-01 
  8.993034363e-01 
  8.928577304e-01 
  8.907698989e-01 
  8.903723359e-01 
  8.779394031e-01 
  8.867877126e-01 
  8.730000854e-01 
  8.698263764e-01 
  8.954922557e-01 
  8.975024223e-01 
  8.708588481e-01 
  8.589982986e-01 
  8.156516552e-01 
  8.374263644e-01 
  8.440787792e-01 
  8.099961281e-01 
  8.262678385e-01 
  8.127420545e-01 
  7.771804929e-01 
  7.457144856e-01 
  7.129683495e-01 
  6.658102274e-01 
  6.380490065e-01 
  6.033326983e-01 
  5.890737772e-01 
  5.923465490e-01 
  6.003904939e-01 
  6.202769279e-01 
  7.005783916e-01 
  7.054524422e-01 
  6.770071387e-01 
  6.255856156e-01 
  6.169514656e-01 
  5.947799087e-01 
  6.114719510e-01 
  6.179214716e-01 
  6.239404082e-01 
  6.323092580e-01 
  6.307228208e-01 
  6.257687211e-01 
  6.354503036e-01 
  6.157268286e-01 
  6.233608127e-01 
  6.273697019e-01 
  5.741562247e-01 
  6.077521443e-01 
  6.361659169e-01 
  6.424784660e-01 
  6.372118592e-01 
  6.271373630e-01 
  6.153414249e-01 
  6.181408167e-01 
  6.307065487e-01 
  6.232458353e-01 
  6.267440319e-01 
  6.069918871e-01 
  6.339902878e-01 
  6.443295479e-01 
  6.553659439e-01 
  6.549715996e-01 
  6.462109685e-01 
  6.452487707e-01 
  6.304226518e-01 
  6.110612154e-01 
  6.071408987e-01 
  6.174312830e-01 
  6.084222198e-01 
  6.201104522e-01 
  6.020563841e-01 
  6.179775596e-01 
  6.220257878e-01 
  6.158121824e-01 
  6.169859767e-01 
  6.160138249e-01 
  6.165074706e-01 
  6.133095026e-01 
  6.196846962e-01 
  6.099675894e-01 
  6.000233889e-01 
  6.031126380e-01 
  6.071933508e-01 
  5.995891094e-01 
  5.970135331e-01 
  5.991806388e-01 
  5.934244990e-01 
  5.908713937e-01 
  5.884294510e-01 
  5.831011534e-01 
  5.789875984e-01 
  5.722707510e-01 
  5.718594193e-01 
  5.665719509e-01 
  5.581987500e-01 
  5.525095463e-01 
  5.144919753e-01 
  5.394798517e-01 
  5.467014313e-01 
  5.451395512e-01 
  5.374963880e-01 
  5.382886529e-01 
  5.355068445e-01 
  5.344279408e-01 
  5.288965702e-01 
  5.304778218e-01 
  5.186513662e-01 
  5.201820731e-01 
  5.131809115e-01 
  5.174231529e-01 
  5.028374195e-01 
  5.000380278e-01 
  5.035300255e-01 
  4.933499396e-01 
  5.001699924e-01 
  4.952586889e-01 
  4.940762520e-01 
  4.932568967e-01 
  4.881072640e-01 
  4.875186384e-01 
  4.786869586e-01 
  4.820453525e-01 
  4.788463116e-01 
  4.754647315e-01 
  4.649260938e-01 
  4.680763185e-01 
  4.613044262e-01 
  4.654027522e-01 
  4.537879229e-01 
  4.564915895e-01 
  4.565382302e-01 
  4.493409991e-01 
  4.499266148e-01 
  4.494785368e-01 
  4.399839938e-01 
  4.425828159e-01 
  4.389275312e-01 
  4.244548976e-01 
  4.305118322e-01 
  4.330028296e-01 
  4.284106195e-01 
  4.241286814e-01 
  4.224672318e-01 
  4.187944233e-01 
  4.173121750e-01 
  4.113484621e-01 
  4.126837552e-01 
  4.099066854e-01 
  4.074559808e-01 
  4.013893008e-01 
  3.872347176e-01 
  3.996779621e-01 
  3.841500580e-01 
  3.931200206e-01 
  3.848265409e-01 
  3.881418705e-01 
  3.859788179e-01 
  3.727008104e-01 
  3.799773753e-01 
  3.768269718e-01 
  3.471086919e-01 
  3.665021360e-01 
  3.656423390e-01 
  3.652373552e-01 
  3.519199193e-01 
  3.630185723e-01 
  3.508847356e-01 
  3.570414186e-01 
  3.546721637e-01 
  3.540664017e-01 
  3.390715718e-01 
  3.468862772e-01 
  3.329061866e-01 
  3.363465965e-01 
  3.256151974e-01 
  3.362646699e-01 
  3.293772936e-01 
  3.327609301e-01 
  3.125720620e-01 
  3.304198980e-01 
  3.149378896e-01 
  3.203030229e-01 
  3.215259910e-01 
  3.121270537e-01 
  3.054448664e-01 
  2.763193846e-01 
  2.981048822e-01 
  2.958994210e-01 
  2.905433178e-01 
  2.813248038e-01 
  2.767210007e-01 
  2.806860209e-01 
  2.796752155e-01 
  2.667993903e-01 
  2.767336369e-01 
  2.729690075e-01 
  2.696986794e-01 
  2.645933330e-01 
  2.637429237e-01 
  2.622343302e-01 
  2.639982700e-01 
  2.640654445e-01 
  2.587693632e-01 
  2.505537570e-01 
  2.418501675e-01 
  2.416050881e-01 
  2.298431695e-01 
  2.210215777e-01 
  2.110193968e-01 
  1.981232017e-01 
  1.867159009e-01 
  1.801176965e-01 
  1.791894734e-01 
  1.711721867e-01 
  1.749538481e-01 
  1.770746410e-01 
  1.715442985e-01 
  1.671719700e-01 
  1.727496684e-01 
  1.700068265e-01 
  1.766396761e-01 
  1.908030510e-01 
  1.964719743e-01 
  1.903339922e-01 
  1.745901108e-01 
  1.537683904e-01 
  1.566310525e-01 
  1.751565486e-01 
  1.872972548e-01 
  1.900420785e-01 
  1.967794150e-01 
  1.946785599e-01 
  1.846449226e-01 
  1.876190603e-01 
  1.794721484e-01 
  1.730447859e-01 
  1.669226140e-01 
  1.696081758e-01 
  1.749836653e-01 
  1.773196161e-01 
  1.791054755e-01 
  1.778073162e-01 
  1.794293672e-01 
  1.798366010e-01 
  1.808985770e-01 
  1.806202829e-01 
  1.848932505e-01 
  1.859746873e-01 
  1.957194954e-01 
  1.986555010e-01 
  1.981639117e-01 
  1.961788386e-01 
  1.942658722e-01 
  2.029176205e-01 
  2.059323639e-01 
  2.017186433e-01 
  2.051616013e-01 
  1.997572929e-01 
  2.026945949e-01 
  2.036175579e-01 
  1.962946504e-01 
  2.012721300e-01 
  2.025643587e-01 
  2.006092370e-01 
  1.979475915e-01 
  1.973987371e-01 
  1.960082352e-01 
  1.920935363e-01 
  1.966260821e-01 
  1.912318617e-01 
  1.897397786e-01 
  1.912254691e-01 
  1.883709431e-01 
  1.867749840e-01 
  1.754257083e-01 
  1.834181398e-01 
  1.869302094e-01 
  1.846715361e-01 
  1.824101508e-01 
  1.804795712e-01 
  1.703338623e-01 
  1.807971895e-01 
  1.838448048e-01 
  1.834563166e-01 
  1.826413870e-01 
  1.814962029e-01 
  1.776843220e-01 
  1.771306843e-01 
  1.759387553e-01 
  1.693282723e-01 
  1.618653089e-01 
  1.718927026e-01 
  1.726198494e-01 
  1.722779125e-01 
  1.628679186e-01 
  1.651431322e-01 
  1.702297777e-01 
  1.695364416e-01 
  1.704958230e-01 
  1.672400832e-01 
  1.558868438e-01 
  1.656121463e-01 
  1.594797969e-01 
  1.641398817e-01 
  1.649900079e-01 
  1.636176407e-01 
  1.638953835e-01 
  1.638426185e-01 
  1.637732387e-01 
  1.629140228e-01 
  1.609439403e-01 
  1.615466326e-01 
  1.608517766e-01 
  1.595269889e-01 
  1.583229750e-01 
  1.595986634e-01 
  1.583227664e-01 
  1.585232913e-01 
  1.529092342e-01 
  1.574803591e-01 
  1.570155472e-01 
  1.562117189e-01 
  1.558279246e-01 
  1.536003053e-01 
  1.543336362e-01 
  1.536270082e-01 
  1.521701515e-01 
  1.526397020e-01 
  1.522303522e-01 
  1.516558677e-01 
  1.494330764e-01 
  1.482460946e-01 
  1.490164846e-01 
  1.475987285e-01 
  1.454307884e-01 
  1.435240954e-01 
  1.454311460e-01 
  1.437471360e-01 
  1.424126029e-01 
  1.429680735e-01 
  1.418968290e-01 
  1.407627612e-01 
  1.391884536e-01 
  1.381448060e-01 
  1.363798529e-01 
  1.359558254e-01 
  1.350198984e-01 
  1.340396255e-01 
  1.317109615e-01 
  1.310925186e-01 
  1.286045462e-01 
  1.276755184e-01 
  1.262743175e-01 
  1.217207164e-01 
  1.222235858e-01 
  1.195485666e-01 
  1.192445084e-01 
  1.190741137e-01 
  1.158444136e-01 
  1.136225462e-01 
  1.140185744e-01 
  1.167833656e-01 
  1.180007681e-01 
  1.180208027e-01 
  1.181716770e-01 
  1.178497300e-01 
  1.186050028e-01 
  1.187370643e-01 
  1.185383424e-01 
  1.181365550e-01 
  1.172114909e-01 
  1.165664494e-01 
  1.132901013e-01 
  1.006044224e-01 
  1.103385389e-01 
  1.146350354e-01 
  1.152816638e-01 
  1.147986501e-01 
  1.149192527e-01 
  1.129054651e-01 
  1.129741892e-01 
  1.100381091e-01 
  1.113846302e-01 
  1.119691804e-01 
  1.117905080e-01 
  1.092951745e-01 
  1.095012650e-01 
  1.086044461e-01 
  1.070941687e-01 
  1.057929695e-01 
  1.065143645e-01 
  1.056969836e-01 
  1.050935239e-01 
  1.030846834e-01 
  1.011903584e-01 
  1.005859599e-01 
  1.007287428e-01 
  1.003658995e-01 
  9.952542186e-02 
  9.857644141e-02 
  9.739673138e-02 
  9.660361707e-02 
  9.602824599e-02 
  9.450714290e-02 
  8.944600821e-02 
  9.137815237e-02 
  8.843657374e-02 
  9.086239338e-02 
  9.151899070e-02 
  8.895546943e-02 
  8.843897283e-02 
  8.586304635e-02 
  8.459672332e-02 
  8.524617553e-02 
  8.634373546e-02 
  8.672638983e-02 
  8.587078750e-02 
  8.413270861e-02 
  8.087772131e-02 
  7.827331126e-02 
  7.078149915e-02 
  7.007074356e-02 
  6.912916154e-02 
  6.772223115e-02 
  7.023403049e-02 
  7.141917944e-02 
  7.221084088e-02 
  7.158376276e-02 
  7.184287161e-02 
  7.223726064e-02 
  7.165684551e-02 
  7.149690390e-02 
  7.224758714e-02 
  7.193627208e-02 
  6.995856762e-02 
  6.727959216e-02 
  6.123317406e-02 
  5.671744421e-02 
  5.441302061e-02 
  5.085039884e-02 
  4.922537133e-02 
  4.563580081e-02 
  4.396851361e-02 
  4.202856496e-02 
  3.934839368e-02 
  3.786320239e-02 
  3.620210290e-02 
  3.479155898e-02 
  3.304995224e-02 
  3.236793727e-02 
  3.046572022e-02 
  2.883276716e-02 
  2.871717140e-02 
  2.832419053e-02 
  2.861752547e-02 
  2.924709953e-02 
  2.920943499e-02 
  2.949421480e-02 
  2.867166698e-02 
  2.843772992e-02 
  2.788802423e-02 
  2.894762717e-02 
  3.061123006e-02 
  3.306650743e-02 
  3.449398279e-02 
  3.545459732e-02 
  3.516871482e-02 
  3.430660069e-02 
  3.405028954e-02 
  3.255621716e-02 
  3.127462789e-02 
  2.904123440e-02 
  2.757265791e-02 
  2.630107477e-02 
  2.641673386e-02 
  2.743802778e-02 
  2.805506624e-02 
  2.950995974e-02 
  3.125211969e-02 
  3.263974562e-02 
  3.325499967e-02 
  3.272050992e-02 
  3.264141828e-02 
  3.117505275e-02 
  2.988468856e-02 
  2.858707495e-02 
  2.889010310e-02 
  3.018533438e-02 
  3.115927801e-02 
  3.118705377e-02 
  3.067947179e-02 
  2.959036455e-02 
  2.978409827e-02 
  3.106436692e-02 
  3.140377626e-02 
  3.086933121e-02 
  3.094618209e-02 
  3.053336777e-02 
  3.057113476e-02 
  3.129320964e-02 
  3.219164535e-02 
  3.329766914e-02 
  3.447826579e-02 
  3.307014704e-02 
  3.415230289e-02 
  3.430711105e-02 
  3.494540974e-02 
  3.538581729e-02 
  3.571253642e-02 
  3.570120037e-02 
  3.521207720e-02 
  3.526579961e-02 
  3.675790131e-02 
  3.631554171e-02 
  3.619406000e-02 
  3.607932478e-02 
  3.635570034e-02 
  3.483435884e-02 
  3.572552651e-02 
  3.673760965e-02 
  3.614425659e-02 
  3.509630263e-02 
  3.400915489e-02 
  3.403044119e-02 
  3.393143415e-02 
  3.294279426e-02 
  3.386207670e-02 
  3.402576223e-02 
  3.418257833e-02 
  3.467758372e-02 
  3.510589898e-02 
  3.313285857e-02 
  3.489232808e-02 
  3.382075951e-02 
  3.430546820e-02 
  3.461568430e-02 
  3.450345621e-02 
  3.523430228e-02 
  3.540749475e-02 
  3.566385806e-02 
  3.532438725e-02 
  3.455561772e-02 
  3.446531668e-02 
  3.467100486e-02 
  3.649026155e-02 
  3.782225028e-02 
  3.810456395e-02 
  3.880359232e-02 
  3.919117898e-02 
  3.975259885e-02 
  3.917856514e-02 
  3.788438067e-02 
  3.740588948e-02 
  3.616967052e-02 
  3.582458198e-02 
  3.550242633e-02 
  3.530288115e-02 
  3.372808918e-02 
  3.401841596e-02 
  3.260500729e-02 
  3.211377561e-02 
  3.157055750e-02 
  3.182440996e-02 
  3.305174783e-02 
  3.479210287e-02 
  3.492345288e-02 
  3.553878143e-02 
  3.549773246e-02 
  3.511340544e-02 
  3.413111717e-02 
  3.395076469e-02 
  3.430362791e-02 
  3.421327472e-02 
  3.510963917e-02 
  3.445446491e-02 
  3.466430679e-02 
  3.515020758e-02 
  3.493602201e-02 
  3.594163433e-02 
  3.139518201e-02 
  3.731082752e-02 
  3.849849105e-02 
  3.940460458e-02 
  3.850521520e-02 
  3.963616490e-02 
  3.943107277e-02 
  3.944638744e-02 
  3.885260224e-02 
  3.969381750e-02 
  4.056609422e-02 
  4.033787549e-02 
  4.131618515e-02 
  4.102938622e-02 
  4.038716853e-02 
  3.604359925e-02 
  3.757485002e-02 
  3.775574267e-02 
  3.817476332e-02 
  4.019272700e-02 
  3.965730593e-02 
  3.993235528e-02 
  4.051837698e-02 
  4.074438661e-02 
  3.997490928e-02 
  3.984312713e-02 
  3.919456527e-02 
  3.997042030e-02 
  3.953262046e-02 
  3.929841146e-02 
  4.012532532e-02 
  3.967355937e-02 
  4.013244808e-02 
  3.943486139e-02 
  3.910299763e-02 
  3.999496996e-02 
  3.954181448e-02 
  3.848977759e-02 
  3.947985172e-02 
  3.901249915e-02 
  3.923614696e-02 
  3.900836408e-02 
  3.645346314e-02 
  3.888281062e-02 
  3.856851161e-02 
  3.829475865e-02 
  3.762889653e-02 
  3.769344836e-02 
  3.809832782e-02 
  3.815838322e-02 
  3.705091029e-02 
  3.775310144e-02 
  3.629653156e-02 
  3.697151691e-02 
  3.709451109e-02 
  3.690952808e-02 
  3.730513901e-02 
  3.736811131e-02 
  3.730921447e-02 
  3.686741367e-02 
  3.569368646e-02 
  3.651332110e-02 
  3.621809185e-02 
  3.593612090e-02 
  3.645802289e-02 
  3.618447855e-02 
  3.475984186e-02 
  3.524733707e-02 
  3.448148444e-02 
  3.551715985e-02 
  3.514904901e-02 
  3.505996615e-02 
  3.436543420e-02 
  3.507686034e-02 
  3.497366980e-02 
  3.433974460e-02 
  3.353299946e-02 
  3.390201554e-02 
  3.317419812e-02 
  3.297138587e-02 
  3.204631060e-02 
  3.191724420e-02 
  3.090555221e-02 
  3.165261820e-02 
  3.153296933e-02 
  3.098318167e-02 
  3.104560636e-02 
  2.878370881e-02 
  3.084439784e-02 
  2.779603936e-02 
  3.036154248e-02 
  3.048979118e-02 
  3.109296970e-02 
  3.080849722e-02 
  3.018397279e-02 
  3.055050410e-02 
  3.026701510e-02 
  3.113559633e-02 
  3.066675179e-02 
  3.029614314e-02 
  2.978086285e-02 
  2.719031461e-02 
  2.921975777e-02 
  2.849473245e-02 
  2.992018126e-02 
  3.047301807e-02 
  3.012829460e-02 
  3.015845269e-02 
  2.817953750e-02 
  2.910425514e-02 
  2.936543338e-02 
  2.807975747e-02 
  2.830078080e-02 
  2.704138868e-02 
  2.761418559e-02 
  2.738438360e-02 
  2.773896419e-02 
  2.726036496e-02 
  2.711423859e-02 
  2.713605016e-02 
  2.736000344e-02 
  2.718679607e-02 
  2.545378730e-02 
  2.622084320e-02 
  2.651255764e-02 
  2.713952772e-02 
  2.680623345e-02 
  2.726171724e-02 
  2.555343136e-02 
  2.630645037e-02 
  2.705866098e-02 
  2.697323635e-02 
  2.628836781e-02 
  2.587910183e-02 
  2.646472491e-02 
  2.696104720e-02 
  2.709624544e-02 
  2.638782188e-02 
  2.661604248e-02 
  2.651960030e-02 
  2.665351890e-02 
  2.657006681e-02 
  2.576165646e-02 
  2.610004134e-02 
  2.601317130e-02 
  2.560224757e-02 
  2.490573376e-02 
  2.551060915e-02 
  2.534386888e-02 
  2.410504036e-02 
  2.387049049e-02 
  2.351410314e-02 
  2.356129698e-02 
  2.333249338e-02 
  2.324610762e-02 
  2.377912961e-02 
  2.335135639e-02 
  2.333538420e-02 
  2.355807275e-02 
  2.371936105e-02 
  2.355557121e-02 
  2.295996994e-02 
  2.348461561e-02 
  2.291004732e-02 
  2.331921086e-02 
  2.303299867e-02 
  2.323474921e-02 
  2.274893038e-02 
  2.315675281e-02 
  2.293277718e-02 
  2.302686311e-02 
  2.255705930e-02 
  2.276092209e-02 
  2.279365622e-02 
  2.255957946e-02 
  2.234434336e-02 
  2.217372321e-02 
  2.189550549e-02 
  2.175176889e-02 
  2.193391323e-02 
  2.151044272e-02 
  2.152416855e-02 
  2.195083350e-02 
  2.175919153e-02 
  2.067967504e-02 
  2.121700905e-02 
  2.125724219e-02 
  2.100910619e-02 
  2.062135749e-02 
  2.067539655e-02 
  2.074199356e-02 
  2.040943131e-02 
  1.966158673e-02 
  1.893563569e-02 
  1.943563111e-02 
  1.986683346e-02 
  2.018625103e-02 
  2.019598708e-02 
  1.990592293e-02 
  1.994220540e-02 
  1.990699768e-02 
  1.962076873e-02 
  1.955877990e-02 
  1.976487786e-02 
  1.975411177e-02 
  1.963743754e-02 
  1.956346259e-02 
  1.952417940e-02 
  1.936363056e-02 
  1.919879019e-02 
  1.926928014e-02 
  1.910012029e-02 
  1.881537028e-02 
  1.880301163e-02 
  1.869671606e-02 
  1.827410609e-02 
  1.856079325e-02 
  1.860103197e-02 
  1.832725480e-02 
  1.823991537e-02 
  1.769240573e-02 
  1.797348261e-02 
  1.812660135e-02 
  1.671042852e-02 
  1.783422753e-02 
  1.788234524e-02 
  1.784192212e-02 
  1.781191491e-02 
  1.767698675e-02 
  1.746977679e-02 
  1.733638532e-02 
  1.744380407e-02 
  1.701052301e-02 
  1.672214828e-02 
  1.696923934e-02 
  1.608409174e-02 
  1.628856920e-02 
  1.648220979e-02 
  1.661323942e-02 
  1.649466157e-02 
  1.609639078e-02 
  1.638623327e-02 
  1.638032869e-02 
  1.611317135e-02 
  1.589673758e-02 
  1.485002879e-02 
  1.510436460e-02 
  1.516603213e-02 
  1.439743303e-02 
  1.417338103e-02 
  1.483394857e-02 
  1.503032725e-02 
  1.505061891e-02 
  1.466926746e-02 
  1.509599946e-02 
  1.481567416e-02 
  1.498968247e-02 
  1.451922860e-02 
  1.459418982e-02 
  1.419893652e-02 
  1.469146926e-02 
  1.454091724e-02 
  1.447560452e-02 
  1.420915313e-02 
  1.428208593e-02 
  1.429052372e-02 
  1.426259335e-02 
  1.401406340e-02 
  1.413197257e-02 
  1.410984155e-02 
  1.396727469e-02 
  1.399269607e-02 
  1.386528183e-02 
  1.358802803e-02 
  1.322073210e-02 
  1.333779283e-02 
  1.304667350e-02 
  1.324413624e-02 
  1.314516272e-02 
  1.311216690e-02 
  1.289511658e-02 
  1.296086237e-02 
  1.272606198e-02 
  1.271949336e-02 
  1.269270387e-02 
  1.266885642e-02 
  1.237719506e-02 
  1.203932613e-02 
  1.198408566e-02 
  1.164151635e-02 
  1.144353859e-02 
  1.153258421e-02 
  1.144265104e-02 
  1.141024847e-02 
  1.123456750e-02 
  1.104550809e-02 
  1.102992799e-02 
  1.095386874e-02 
  1.101848297e-02 
  1.108232699e-02 
  1.101941522e-02 
  1.071425714e-02 
  1.060847472e-02 
  1.034739055e-02 
  1.017781626e-02 
  9.859828278e-03 
  9.518171661e-03 
  9.575358592e-03 
  9.254641831e-03 
  8.893482387e-03 
  8.905026130e-03 
  8.490014821e-03 
  8.426713757e-03 
  7.910907269e-03 
  7.645633537e-03 
  7.593537681e-03 
  7.673608605e-03 
  7.626708131e-03 
  7.412077393e-03 
  7.286048494e-03 
  7.189187687e-03 
  6.977174897e-03 
  6.676463410e-03 
  6.651392672e-03 
  6.395070814e-03 
  6.393830758e-03 
  6.198206916e-03 
  5.838691723e-03 
  5.745107774e-03 
  5.442601163e-03 
  5.065069068e-03 
  5.282010417e-03 
  5.346595310e-03 
  5.372495856e-03 
  5.287939217e-03 
  5.193815567e-03 
  5.315760616e-03 
  5.014484748e-03 
  5.028188694e-03 
  4.851241130e-03 
  4.795267247e-03 
  4.425640684e-03 
  4.363735672e-03 
  4.341635387e-03 
  4.227118567e-03 
  4.062590189e-03 
  4.040664062e-03 
  3.794484306e-03 
  3.791517578e-03 
  3.716764273e-03 
  3.585933009e-03 
  3.731103148e-03 
  3.750071861e-03 
  3.820771119e-03 
  3.856981872e-03 
  3.722392954e-03 
  3.920697607e-03 
  3.895013826e-03 
  3.851324786e-03 
  3.564343089e-03 
  3.660733113e-03 
  3.708936507e-03 
  3.729207674e-03 
  3.699680790e-03 
  3.667942714e-03 
  3.576134332e-03 
  3.628949169e-03 
  3.626595018e-03 
  3.494931385e-03 
  3.626795486e-03 
  3.676394932e-03 
  3.747363808e-03 
  3.692809492e-03 
  3.869022476e-03 
  3.828890622e-03 
  3.840041114e-03 
  3.790231422e-03 
  3.795093857e-03 
  3.551095724e-03 
  3.482990898e-03 
  3.218933474e-03 
  3.286954714e-03 
  3.037942108e-03 
  2.902091248e-03 
  2.870557364e-03 
  2.877000952e-03 
  2.864792710e-03 
  2.799413167e-03 
  2.595924074e-03 
  3.261781763e-03 
  3.519478021e-03 
  3.585262923e-03 
  3.606310347e-03 
  3.705987940e-03 
  3.768811002e-03 
  3.792080795e-03 
  3.800622420e-03 
  3.770135110e-03 
  3.636845155e-03 
  3.806007793e-03 
  3.744781483e-03 
  3.672749503e-03 
  3.526252694e-03 
  3.636827227e-03 
  3.516846104e-03 
  3.364746924e-03 
  3.491658717e-03 
  3.398611909e-03 
  3.252991242e-03 
  3.230093746e-03 
  3.161510220e-03 
  3.103804076e-03 
  3.060190938e-03 
  3.078591544e-03 
  3.025462385e-03 
  3.040400334e-03 
  3.005550010e-03 
  3.118448891e-03 
  3.123446368e-03 
  3.206095193e-03 
  3.138590138e-03 
  3.191482974e-03 
  3.188075265e-03 
  3.175428603e-03 
  3.074969398e-03 
  3.223755164e-03 
  3.294687485e-03 
  3.265354317e-03 
  3.384219483e-03 
  3.394093364e-03 
  3.469100222e-03 
  3.446492366e-03 
  3.418036504e-03 
  3.547259141e-03 
  3.608047497e-03 
  3.560155397e-03 
  3.622103017e-03 
  3.597164759e-03 
  3.608752275e-03 
  3.612797242e-03 
  3.568441607e-03 
  3.496452002e-03 
  3.627103521e-03 
  3.627121216e-03 
  3.730601165e-03 
  3.661372000e-03 
  3.800249426e-03 
  3.821652150e-03 
  3.865108825e-03 
  3.860078286e-03 
  3.926486708e-03 
  3.743456211e-03 
  3.867380088e-03 
  3.896436654e-03 
  3.924647346e-03 
  3.801240353e-03 
  3.626556136e-03 
  3.400085028e-03 
  3.620174248e-03 
  3.837770550e-03 
  3.871961730e-03 
  3.909199964e-03 
  3.765150439e-03 
  3.648192855e-03 
  3.638444934e-03 
  3.726551775e-03 
  3.656995250e-03 
  3.644695738e-03 
  3.570512868e-03 
  3.653323045e-03 
  3.662748961e-03 
  3.794453572e-03 
  3.758030478e-03 
  3.936407156e-03 
  3.850118723e-03 
  3.966350574e-03 
  3.962715156e-03 
  4.273462575e-03 
  4.160443321e-03 
  4.439746961e-03 
  4.444037564e-03 
  4.616448656e-03 
  4.647577647e-03 
  4.811412655e-03 
  4.763334524e-03 
  4.691262729e-03 
  4.810053390e-03 
  5.033211317e-03 
  5.025963765e-03 
  5.105387419e-03 
  4.835506435e-03 
  5.183857400e-03 
  5.010745488e-03 
  5.151938181e-03 
  5.187058821e-03 
  5.222894251e-03 
  5.155440886e-03 
  5.167673342e-03 
  5.054108333e-03 
  5.068975966e-03 
  5.196548067e-03 
  5.161301233e-03 
  5.136147607e-03 
  5.079779774e-03 
  4.998687189e-03 
  4.780324176e-03 
  4.809223115e-03 
  4.636543803e-03 
  4.626031034e-03 
  4.112218972e-03 
  4.026263021e-03 
  3.536240198e-03 
  3.530650632e-03 
  3.030694788e-03 
  3.029544372e-03 
  2.732526511e-03 
  2.724979538e-03 
  2.748617204e-03 
  2.671950962e-03 
  2.829726087e-03 
  2.822081558e-03 
  2.889119089e-03 
  2.888707910e-03 
  2.909823088e-03 
  2.900635591e-03 
  2.942895517e-03 
  2.908281051e-03 
  3.014546819e-03 
  3.003714839e-03 
  3.177277511e-03 
  3.178508254e-03 
  3.449914511e-03 
  3.417268861e-03 
  3.565316321e-03 
  3.683709772e-03 
  3.964913078e-03 
  3.960727714e-03 
  4.123587161e-03 
  4.152823705e-03 
  4.272344988e-03 
  4.278768785e-03 
  4.294165410e-03 
  4.235645756e-03 
  4.320610315e-03 
  4.384137690e-03 
  4.436441697e-03 
  4.424284212e-03 
  4.288947210e-03 
  4.380952567e-03 
  4.410132300e-03 
  4.165409598e-03 
  4.301716108e-03 
  4.328209441e-03 
  4.287116230e-03 
  4.238948692e-03 
  4.197198432e-03 
  4.188285675e-03 
  4.065599293e-03 
  4.054928664e-03 
  4.025113769e-03 
  3.841654630e-03 
  3.855172545e-03 
  3.645683872e-03 
  3.618460614e-03 
  3.480640007e-03 
  3.424985101e-03 
  3.420673544e-03 
  3.439980326e-03 
  3.469323739e-03 
  3.449261189e-03 
  3.500109538e-03 
  3.494560020e-03 
  3.495870857e-03 
  3.396739252e-03 
  3.489909926e-03 
  3.470233409e-03 
  3.256734693e-03 
  3.441012697e-03 
  3.438591724e-03 
  3.446892602e-03 
  3.411109326e-03 
  3.470565658e-03 
  3.347714664e-03 
  3.542504041e-03 
  3.495190525e-03 
  3.641754854e-03 
  3.629314480e-03 
  3.705857554e-03 
  3.694538958e-03 
  3.744166810e-03 
  3.736126702e-03 
  3.666920820e-03 
  3.737085732e-03 
  3.693599720e-03 
  3.738864092e-03 
  3.666548757e-03 
  3.687651129e-03 
  3.711281810e-03 
  3.734858241e-03 
  3.725929419e-03 
  3.743962618e-03 
  3.742100671e-03 
  3.745270194e-03 
  3.710186109e-03 
  3.561807564e-03 
  3.685403848e-03 
  3.713016864e-03 
  3.589997999e-03 
  3.691031132e-03 
  3.674077336e-03 
  3.662081901e-03 
  3.668193007e-03 
  3.670958336e-03 
  3.660625778e-03 
  3.678632434e-03 
  3.615653608e-03 
  3.664521966e-03 
  3.654508386e-03 
  3.661123104e-03 
  3.643250093e-03 
  3.632732434e-03 
  3.607287072e-03 
  3.516262164e-03 
  3.591361456e-03 
  3.574804636e-03 
  3.549945541e-03 
  3.554288996e-03 
  3.544741310e-03 
  3.513879608e-03 
  3.423328744e-03 
  3.495926736e-03 
  3.512820462e-03 
  3.422278911e-03 
  3.489393974e-03 
  3.452828852e-03 
  3.448638134e-03 
  3.389144316e-03 
  3.455864731e-03 
  3.466789611e-03 
  3.400060814e-03 
  3.464273177e-03 
  3.449995304e-03 
  3.430563258e-03 
  3.444786882e-03 
  3.432187950e-03 
  3.423235379e-03 
  3.406530246e-03 
  3.404141404e-03 
  3.273748327e-03 
  3.378985217e-03 
  3.371970961e-03 
  3.348823404e-03 
  3.338353010e-03 
  3.335230518e-03 
  3.309319494e-03 
  3.286641091e-03 
  3.263231600e-03 
  3.224721644e-03 
  3.167460905e-03 
  3.193686716e-03 
  3.189156530e-03 
  3.144124523e-03 
  3.134484636e-03 
  3.103568917e-03 
  3.090227023e-03 
  3.055833979e-03 
  3.057399066e-03 
  3.050506813e-03 
  3.047578735e-03 
  3.034187481e-03 
  3.024296835e-03 
  3.004734172e-03 
  2.989473520e-03 
  2.980980091e-03 
  2.935598604e-03 
  2.932528034e-03 
  2.886122791e-03 
  2.784940181e-03 
  2.497011330e-03 
  2.726970939e-03 
  2.808098914e-03 
  2.877426101e-03 
  2.869368298e-03 
  2.889053663e-03 
  2.872854238e-03 
  2.877906431e-03 
  2.861823188e-03 
  2.860051114e-03 
  2.837293781e-03 
  2.805854194e-03 
  2.821129281e-03 
  2.708010608e-03 
  2.812162973e-03 
  2.802575938e-03 
  2.771956380e-03 
  2.698695753e-03 
  2.759388182e-03 
  2.761323936e-03 
  2.759575844e-03 
  2.750889165e-03 
  2.676570090e-03 
  2.656904748e-03 
  2.684223698e-03 
  2.710403875e-03 
  2.698080149e-03 
  2.663135296e-03 
  2.651350340e-03 
  2.638656646e-03 
  2.603361616e-03 
  2.588423435e-03 
  2.566767158e-03 
  2.558437642e-03 
  2.544305287e-03 
  2.541810041e-03 
  2.533115214e-03 
  2.556804335e-03 
  2.552638762e-03 
  2.540729241e-03 
  2.473479370e-03 
  2.437556628e-03 
  2.557278844e-03 
  2.499893541e-03 
  2.575994469e-03 
  2.569059143e-03 
  2.556180814e-03 
  2.551494865e-03 
  2.536674263e-03 
  2.531698206e-03 
  2.505904296e-03 
  2.465154510e-03 
  2.490571002e-03 
  2.494029235e-03 
  2.481216099e-03 
  2.472471213e-03 
  2.458206611e-03 
  2.451993292e-03 
  2.441532677e-03 
  2.424704609e-03 
  2.378546633e-03 
  2.381042112e-03 
  2.374930074e-03 
  2.391968155e-03 
  2.361739986e-03 
  2.361096907e-03 
  2.356744837e-03 
  2.345596673e-03 
  2.337023849e-03 
  2.320219297e-03 
  2.306725131e-03 
  2.303664805e-03 
  2.273222664e-03 
  2.221529372e-03 
  2.244902542e-03 
  2.263003960e-03 
  2.254086779e-03 
  2.212546067e-03 
  2.225378063e-03 
  2.222026465e-03 
  2.213314641e-03 
  2.207376994e-03 
  2.143652411e-03 
  2.184393350e-03 
  2.162355231e-03 
  2.155973576e-03 
  2.155643422e-03 
  2.122179605e-03 
  2.065482549e-03 
  2.106888220e-03 
  2.087272471e-03 
  2.083522035e-03 
  2.079089871e-03 
  2.077744575e-03 
  2.058943035e-03 
  2.045230940e-03 
  2.045528265e-03 
  1.969615696e-03 
  2.038467443e-03 
  2.022828674e-03 
  1.994222868e-03 
  2.008330077e-03 
  2.005933551e-03 
  1.997791929e-03 
  1.988358563e-03 
  1.967561897e-03 
  1.982259797e-03 
  1.976540545e-03 
  1.967183314e-03 
  1.934587024e-03 
  1.955118496e-03 
  1.952035353e-03 
  1.947535900e-03 
  1.938090776e-03 
  1.928844023e-03 
  1.831079018e-03 
  1.887300983e-03 
  1.889592269e-03 
  1.882883371e-03 
  1.872801804e-03 
  1.867391518e-03 
  1.867875922e-03 
  1.858152216e-03 
  1.837950898e-03 
  1.834676019e-03 
  1.806850429e-03 
  1.812604256e-03 
  1.805871376e-03 
  1.706840238e-03 
  1.748999697e-03 
  1.739053172e-03 
  1.705454895e-03 
  1.740262727e-03 
  1.742266817e-03 
  1.734596677e-03 
  1.730264979e-03 
  1.747027272e-03 
  1.738816383e-03 
  1.730096643e-03 
  1.746405265e-03 
  1.745208981e-03 
  1.744896057e-03 
  1.741591259e-03 
  1.727486379e-03 
  1.716090017e-03 
  1.718487008e-03 
  1.707484946e-03 
  1.688346500e-03 
  1.675597392e-03 
  1.616443507e-03 
  1.637271955e-03 
  1.618549344e-03 
  1.643652329e-03 
  1.634235145e-03 
  1.610186649e-03 
  1.616100897e-03 
  1.612055581e-03 
  1.533362432e-03 
  1.573225018e-03 
  1.583338366e-03 
  1.563873608e-03 
  1.590829343e-03 
  1.598732197e-03 
  1.583217410e-03 
  1.577776158e-03 
  1.567968400e-03 
  1.554717077e-03 
  1.550971996e-03 
  1.522474340e-03 
  1.498273923e-03 
  1.506298548e-03 
  1.487039146e-03 
  1.476822421e-03 
  1.436143648e-03 
  1.456419355e-03 
  1.455682795e-03 
  1.440731110e-03 
  1.431479235e-03 
  1.424871618e-03 
  1.412772923e-03 
  1.413729624e-03 
  1.403125003e-03 
  1.399137313e-03 
  1.403438393e-03 
  1.392167178e-03 
  1.397059881e-03 
  1.373011619e-03 
  1.328691957e-03 
  1.360923285e-03 
  1.374103362e-03 
  1.385210664e-03 
  1.371666323e-03 
  1.369764446e-03 
  1.391662518e-03 
  1.390500343e-03 
  1.377965906e-03 
  1.362496056e-03 
  1.358274953e-03 
  1.359672984e-03 
  1.329084975e-03 
  1.329570543e-03 
  1.297108014e-03 
  1.288419240e-03 
  1.273931353e-03 
  1.248573535e-03 
  1.260920311e-03 
  1.259191893e-03 
  1.259703888e-03 
  1.196183148e-03 
  1.234011375e-03 
  1.257673139e-03 
  1.251513604e-03 
  1.245719963e-03 
  1.258515753e-03 
  1.252320129e-03 
  1.246241038e-03 
  1.247160719e-03 
  1.185333822e-03 
  1.182751846e-03 
  1.189900446e-03 
  1.196612022e-03 
  1.182640437e-03 
  1.212329487e-03 
  1.205934095e-03 
  1.219530590e-03 
  1.215375145e-03 
  1.210181974e-03 
  1.202096231e-03 
  1.215675846e-03 
  1.202921965e-03 
  1.202242216e-03 
  1.205848064e-03 
  1.195631572e-03 
  1.195514691e-03 
  1.182366395e-03 
  1.177742146e-03 
  1.181759755e-03 
  1.171159791e-03 
  1.153569436e-03 
  1.159245730e-03 
  1.140496344e-03 
  1.129468670e-03 
  1.129561453e-03 
  1.124054193e-03 
  1.106823795e-03 
  1.106020762e-03 
  1.102804439e-03 
  1.086812466e-03 
  1.047239872e-03 
  1.043570810e-03 
  1.007480081e-03 
  1.051196596e-03 
  1.058591646e-03 
  1.087037381e-03 
  1.073625754e-03 
  1.078355359e-03 
  1.090778853e-03 
  1.081315102e-03 
  1.082736650e-03 
  1.077319146e-03 
  1.089114929e-03 
  1.075714012e-03 
  1.073255087e-03 
  1.078714617e-03 
  1.070484752e-03 
  1.057160902e-03 
  1.061954768e-03 
  1.056948793e-03 
  1.022623968e-03 
  1.009745989e-03 
  1.036280068e-03 
  1.027722843e-03 
  1.001401572e-03 
  1.025657402e-03 
  1.007741783e-03 
  9.943960467e-04 
  9.988792008e-04 
  9.695971967e-04 
  9.631795692e-04 
  9.442550363e-04 
  9.154925356e-04 
  9.160828195e-04 
  9.055081755e-04 
  9.040360455e-04 
  9.088701918e-04 
  9.008703637e-04 
  8.989731432e-04 
  9.114831337e-04 
  9.332760237e-04 
  9.221518994e-04 
  9.190350538e-04 
  8.850726881e-04 
  9.294944466e-04 
  9.343821439e-04 
  9.271151503e-04 
  9.123260970e-04 
  9.132115520e-04 
  9.049199871e-04 
  8.930764161e-04 
  8.846141864e-04 
  8.762738435e-04 
  8.561995346e-04 
  8.547243779e-04 
  8.469344466e-04 
  7.803502376e-04 
  8.123210864e-04 
  8.077620296e-04 
  7.941157091e-04 
  7.786917267e-04 
  7.918227930e-04 
  7.532141171e-04 
  7.629953325e-04 
  7.580512320e-04 
  6.992855342e-04 
  7.082625525e-04 
  6.950193201e-04 
  6.730516907e-04 
  6.532546831e-04 
  6.826659082e-04 
  6.563466741e-04 
  6.512699765e-04 
  6.149017718e-04 
  6.413152441e-04 
  6.397668039e-04 
  6.419990677e-04 
  6.385010201e-04 
  6.400079583e-04 
  6.287883734e-04 
  6.414416712e-04 
  6.333229248e-04 
  6.282530376e-04 
  6.405051681e-04 
  6.350401090e-04 
  6.369238836e-04 
  6.285415147e-04 
