  3.090734482e-01 
  8.231874108e-01 
  8.948895931e-01 
  2.334995031e+00 
  2.643224001e+00 
  4.845534801e+00 
  5.316059113e+00 
  7.895658970e+00 
  1.008195782e+01 
  1.079684830e+01 
  1.209101963e+01 
  2.326473045e+01 
  1.985180664e+01 
  2.528749466e+01 
  2.579449081e+01 
  3.096630096e+01 
  2.407650566e+01 
  3.478502274e+01 
  3.366405487e+01 
  3.804405594e+01 
  3.596920776e+01 
  4.508487320e+01 
  3.879325485e+01 
  3.420149612e+01 
  4.294115829e+01 
  4.685585403e+01 
  6.492391205e+01 
  6.499298096e+01 
  5.287261963e+01 
  6.322548676e+01 
  6.559502411e+01 
  5.251409912e+01 
  5.791370010e+01 
  6.511684418e+01 
  5.394691467e+01 
  5.791445923e+01 
  4.326757431e+01 
  4.096343613e+01 
  4.970499420e+01 
  4.977406693e+01 
  5.542757797e+01 
  4.656325531e+01 
  4.851118851e+01 
  4.833943176e+01 
  4.332249451e+01 
  5.537818146e+01 
  6.099832153e+01 
  5.758614349e+01 
  5.380375290e+01 
  5.855025864e+01 
  5.938917542e+01 
  5.594404602e+01 
  5.686628723e+01 
  5.148464584e+01 
  5.896246338e+01 
  5.927877426e+01 
  5.560062027e+01 
  3.525175476e+01 
  3.799642181e+01 
  3.791867065e+01 
  5.579729080e+01 
  4.389579391e+01 
  4.778625488e+01 
  5.043498611e+01 
  4.994429779e+01 
  4.639327621e+01 
  6.317057800e+01 
  5.607131195e+01 
  5.245126724e+01 
  5.004420853e+01 
  5.708913040e+01 
  4.522338867e+01 
  4.721365356e+01 
  4.666008759e+01 
  3.582996750e+01 
  3.253586197e+01 
  4.613097763e+01 
  4.677177048e+01 
  5.992184448e+01 
  4.568830109e+01 
  4.238075638e+01 
  4.711706924e+01 
  3.486193848e+01 
  2.405046463e+01 
  2.618657112e+01 
  3.897439194e+01 
  2.991388512e+01 
  3.394291306e+01 
  3.322668839e+01 
  3.740661240e+01 
  4.480319977e+01 
  4.950939941e+01 
  4.345884323e+01 
  2.301228905e+01 
  2.515197945e+01 
  4.170106125e+01 
  4.239335632e+01 
  1.704130173e+01 
  4.709186172e+01 
  5.577035522e+01 
  5.411786652e+01 
  5.309064102e+01 
  5.553500748e+01 
  5.134010696e+01 
  5.445787430e+01 
  4.929724503e+01 
  4.829620361e+01 
  4.643465042e+01 
  4.966178894e+01 
  5.426872253e+01 
  4.479415512e+01 
  5.193413925e+01 
  5.313124847e+01 
  4.955699158e+01 
  4.802394485e+01 
  5.057694626e+01 
  4.964046478e+01 
  4.753021240e+01 
  4.591774750e+01 
  4.646094894e+01 
  3.884012222e+01 
  4.806394196e+01 
  4.549054337e+01 
  3.795023346e+01 
  4.123516083e+01 
  4.218883514e+01 
  4.006514359e+01 
  3.807432175e+01 
  3.809091568e+01 
  3.423953247e+01 
  2.699696159e+01 
  2.398449516e+01 
  4.266180038e+01 
  3.752771759e+01 
  3.524985504e+01 
  3.790258789e+01 
  4.153878403e+01 
  4.145297623e+01 
  3.670396423e+01 
  3.510853195e+01 
  3.889822769e+01 
  3.832903290e+01 
  3.990866470e+01 
  3.972001266e+01 
  3.901634216e+01 
  4.057897949e+01 
  3.571633530e+01 
  4.028060532e+01 
  4.049631882e+01 
  4.032057190e+01 
  4.074502182e+01 
  4.354916382e+01 
  4.003987503e+01 
  3.676113510e+01 
  3.876546478e+01 
  3.861164856e+01 
  3.911739731e+01 
  3.891051102e+01 
  3.781366730e+01 
  3.740233994e+01 
  3.667938232e+01 
  3.760320282e+01 
  3.659690857e+01 
  3.621772385e+01 
  3.595527267e+01 
  3.505903625e+01 
  3.579149246e+01 
  3.416809464e+01 
  3.579156113e+01 
  3.510394287e+01 
  3.425614548e+01 
  3.383489227e+01 
  3.388818359e+01 
  3.316571808e+01 
  3.308014679e+01 
  3.405350113e+01 
  3.265737534e+01 
  3.201680374e+01 
  3.324962997e+01 
  3.141174507e+01 
  3.170012474e+01 
  3.118299294e+01 
  3.151023483e+01 
  3.122179794e+01 
  2.971599579e+01 
  2.963173866e+01 
  2.378405571e+01 
  2.646591187e+01 
  2.845120239e+01 
  2.618628311e+01 
  2.951790428e+01 
  2.734894180e+01 
  2.602278900e+01 
  2.775168800e+01 
  2.654739952e+01 
  2.810242271e+01 
  2.710114288e+01 
  2.603230476e+01 
  2.516942596e+01 
  2.486460686e+01 
  2.451526070e+01 
  2.373404694e+01 
  2.335136223e+01 
  2.450574112e+01 
  2.258174896e+01 
  2.412392235e+01 
  2.558256531e+01 
  2.357949448e+01 
  2.240156174e+01 
  2.393119812e+01 
  2.297225189e+01 
  2.276510811e+01 
  2.367123795e+01 
  2.146379662e+01 
  2.081916428e+01 
  2.105830956e+01 
  2.191510773e+01 
  1.599336910e+01 
  1.961724281e+01 
  1.841378975e+01 
  2.008628654e+01 
  1.991264725e+01 
  2.051260757e+01 
  1.893354034e+01 
  2.035433769e+01 
  2.000747299e+01 
  1.889393806e+01 
  1.635478020e+01 
  1.946383095e+01 
  1.983525085e+01 
  1.857340050e+01 
  2.003513718e+01 
  1.894207001e+01 
  1.648987961e+01 
  1.777321625e+01 
  1.797405243e+01 
  1.890478706e+01 
  1.738550568e+01 
  1.804015732e+01 
  1.782419395e+01 
  1.729207611e+01 
  1.571952724e+01 
  1.738416862e+01 
  1.648598099e+01 
  1.723974800e+01 
  1.683798027e+01 
  1.632340813e+01 
  1.687250519e+01 
  1.552264404e+01 
  1.619868088e+01 
  1.571140099e+01 
  1.548569012e+01 
  1.602195549e+01 
  1.526950073e+01 
  1.564099407e+01 
  1.555871677e+01 
  1.500831699e+01 
  1.444602585e+01 
  1.487467670e+01 
  1.394743729e+01 
  1.389679813e+01 
  1.515124226e+01 
  1.379588890e+01 
  1.431860256e+01 
  1.400449371e+01 
  1.405698681e+01 
  1.285682869e+01 
  1.367810249e+01 
  1.352064133e+01 
  1.313409615e+01 
  1.309868622e+01 
  1.254073334e+01 
  1.314158344e+01 
  1.316920853e+01 
  1.299660015e+01 
  1.258027077e+01 
  1.225996780e+01 
  1.268131351e+01 
  1.222937012e+01 
  1.205759430e+01 
  1.239599705e+01 
  1.210186768e+01 
  1.220743275e+01 
  1.221271610e+01 
  1.209326935e+01 
  1.193291664e+01 
  1.134286880e+01 
  1.169632530e+01 
  1.149304581e+01 
  1.011863995e+01 
  1.049201393e+01 
  1.106719208e+01 
  1.078081131e+01 
  1.081733418e+01 
  1.083947182e+01 
  1.055898857e+01 
  1.074217415e+01 
  1.069540691e+01 
  1.040180683e+01 
  1.033012009e+01 
  1.026142216e+01 
  1.013147259e+01 
  9.951212883e+00 
  9.945415497e+00 
  1.019415760e+01 
  1.010172653e+01 
  9.918169975e+00 
  9.796930313e+00 
  9.696380615e+00 
  9.533282280e+00 
  9.318625450e+00 
  9.407611847e+00 
  9.224152565e+00 
  9.029723167e+00 
  8.646576881e+00 
  9.001328468e+00 
  8.502395630e+00 
  8.494251251e+00 
  8.836013794e+00 
  8.696720123e+00 
  8.766348839e+00 
  8.857419968e+00 
  8.333635330e+00 
  8.341746330e+00 
  8.294265747e+00 
  8.014782906e+00 
  7.999878883e+00 
  8.068073273e+00 
  7.833314419e+00 
  8.025813103e+00 
  7.708460331e+00 
  7.954665661e+00 
  7.371585369e+00 
  7.869561672e+00 
  7.594661713e+00 
  7.689244270e+00 
  7.376292229e+00 
  7.576545238e+00 
  7.652769566e+00 
  7.545203686e+00 
  7.266858101e+00 
  7.328007698e+00 
  7.197695732e+00 
  7.276300430e+00 
  7.149302483e+00 
  7.163034439e+00 
  6.846279621e+00 
  6.896690845e+00 
  6.842926025e+00 
  6.935634613e+00 
  6.390031338e+00 
  6.841070652e+00 
  6.665926456e+00 
  6.761685371e+00 
  6.631862164e+00 
  6.416250706e+00 
  5.414604664e+00 
  5.744396210e+00 
  6.361405373e+00 
  6.335144520e+00 
  6.347790241e+00 
  6.342304707e+00 
  6.396889687e+00 
  6.286921024e+00 
  6.150470734e+00 
  6.140666962e+00 
  6.178110600e+00 
  6.019683838e+00 
  6.018350124e+00 
  6.068633556e+00 
  5.960438251e+00 
  5.862435341e+00 
  5.808766842e+00 
  5.815794945e+00 
  5.792679310e+00 
  5.670559883e+00 
  5.743486881e+00 
  5.595952988e+00 
  5.654913902e+00 
  5.541939259e+00 
  5.466064453e+00 
  5.438929081e+00 
  5.395026207e+00 
  5.398516655e+00 
  5.268595695e+00 
  5.297605038e+00 
  5.024913788e+00 
  4.521111012e+00 
  4.622467041e+00 
  4.570758343e+00 
  4.633607388e+00 
  4.723878384e+00 
  4.733808517e+00 
  4.725862026e+00 
  4.723729610e+00 
  4.646856308e+00 
  4.692799091e+00 
  4.754305363e+00 
  4.621660709e+00 
  4.611052990e+00 
  4.541278839e+00 
  4.399629116e+00 
  4.362924099e+00 
  4.453303814e+00 
  4.442797184e+00 
  4.427661896e+00 
  4.359675884e+00 
  4.276998043e+00 
  4.384556293e+00 
  4.221896172e+00 
  4.275393009e+00 
  4.226895809e+00 
  4.160618782e+00 
  4.105631351e+00 
  4.146638870e+00 
  3.958100319e+00 
  4.016868114e+00 
  3.762783527e+00 
  3.649605751e+00 
  3.562143326e+00 
  3.530901432e+00 
  3.670953751e+00 
  3.767758369e+00 
  3.700412512e+00 
  3.602908373e+00 
  3.556919098e+00 
  3.526032448e+00 
  3.571202278e+00 
  3.476011038e+00 
  3.352879286e+00 
  3.451101065e+00 
  3.367953777e+00 
  3.472128868e+00 
  3.460618258e+00 
  3.543596029e+00 
  3.484485626e+00 
  3.381182194e+00 
  3.421067715e+00 
  3.413043976e+00 
  3.292696714e+00 
  3.324962616e+00 
  3.291712523e+00 
  3.224286556e+00 
  3.310334206e+00 
  3.328727484e+00 
  3.228403091e+00 
  3.258590698e+00 
  3.291793346e+00 
  3.216053486e+00 
  3.200348616e+00 
  3.135143280e+00 
  3.110287189e+00 
  3.142923117e+00 
  3.097023726e+00 
  3.128943205e+00 
  3.094366550e+00 
  3.017625093e+00 
  3.023309231e+00 
  2.998243093e+00 
  2.708367825e+00 
  1.440989852e+00 
  1.320565701e+00 
  1.971049428e+00 
  1.791388869e+00 
  1.896633863e+00 
  2.144091368e+00 
  2.292064667e+00 
  2.449401379e+00 
  2.634796619e+00 
  2.683942556e+00 
  2.694671392e+00 
  2.701534986e+00 
  2.681397676e+00 
  2.658326387e+00 
  2.674611807e+00 
  2.561527491e+00 
  2.653606415e+00 
  2.621459723e+00 
  2.593642712e+00 
  2.588343620e+00 
  2.542831182e+00 
  2.525837898e+00 
  2.542815924e+00 
  2.470348358e+00 
  2.470699310e+00 
  2.461418867e+00 
  2.402035236e+00 
  2.417841196e+00 
  2.365274191e+00 
  2.353291035e+00 
  2.316254139e+00 
  2.294876337e+00 
  2.249178171e+00 
  2.240750313e+00 
  2.217918396e+00 
  2.187355757e+00 
  2.195271969e+00 
  2.202724218e+00 
  2.204024553e+00 
  2.188359976e+00 
  2.112658262e+00 
  2.141883135e+00 
  2.126091242e+00 
  2.086123705e+00 
  2.098036528e+00 
  2.037426472e+00 
  2.086529970e+00 
  2.063778877e+00 
  2.038190603e+00 
  1.990480304e+00 
  1.968140602e+00 
  1.982627988e+00 
  1.956716418e+00 
  1.927646518e+00 
  1.901220441e+00 
  1.854531646e+00 
  1.808285594e+00 
  1.811208963e+00 
  1.792800426e+00 
  1.742451310e+00 
  1.723287940e+00 
  1.801250577e+00 
  1.719790936e+00 
  1.679085016e+00 
  1.742615223e+00 
  1.764263630e+00 
  1.760844707e+00 
  1.742213488e+00 
  1.709209681e+00 
  1.707225680e+00 
  1.680102944e+00 
  1.644414663e+00 
  1.670702696e+00 
  1.615381360e+00 
  1.636660814e+00 
  1.641808629e+00 
  1.649646521e+00 
  1.627702355e+00 
  1.630267382e+00 
  1.574380279e+00 
  1.609661460e+00 
  1.603390336e+00 
  1.587993741e+00 
  1.574940920e+00 
  1.543833613e+00 
  1.560869694e+00 
  1.567589521e+00 
  1.507691145e+00 
  1.543170691e+00 
  1.538800478e+00 
  1.323283672e+00 
  1.507712245e+00 
  1.443682790e+00 
  1.454942942e+00 
  1.164062500e+00 
  1.275972486e+00 
  1.442042232e+00 
  1.458742380e+00 
  1.428860188e+00 
  1.422613144e+00 
  1.403510928e+00 
  1.396726966e+00 
  1.385699630e+00 
  1.405538321e+00 
  1.396203160e+00 
  1.363807797e+00 
  1.138601542e+00 
  1.206772208e+00 
  1.302648067e+00 
  1.278378487e+00 
  1.324859262e+00 
  1.316821337e+00 
  1.305464029e+00 
  1.304523110e+00 
  1.269954324e+00 
  1.252410769e+00 
  1.256864190e+00 
  1.275944710e+00 
  1.247973204e+00 
  1.245035529e+00 
  1.231922030e+00 
  1.162362218e+00 
  1.220781803e+00 
  1.187531352e+00 
  1.192140698e+00 
  1.198508739e+00 
  1.153346777e+00 
  1.136758685e+00 
  1.165399194e+00 
  1.167999387e+00 
  1.158578634e+00 
  1.146711111e+00 
  1.135154724e+00 
  1.079096913e+00 
  1.105893970e+00 
  1.033235312e+00 
  1.051994443e+00 
  1.006482720e+00 
  9.961587787e-01 
  9.706628323e-01 
  9.448680282e-01 
  9.156320691e-01 
  8.956387639e-01 
  9.728073478e-01 
  1.004352808e+00 
  9.963572025e-01 
  9.519524574e-01 
  9.409752488e-01 
  8.976125717e-01 
  8.789117932e-01 
  8.874686360e-01 
  8.900498152e-01 
  8.836517334e-01 
  8.814942241e-01 
  8.811476827e-01 
  8.688774705e-01 
  8.776435852e-01 
  8.640153408e-01 
  8.608954549e-01 
  8.863638639e-01 
  8.884002566e-01 
  8.620178103e-01 
  8.502768278e-01 
  8.073584437e-01 
  8.288816810e-01 
  8.354614377e-01 
  8.017209172e-01 
  8.177862763e-01 
  8.043336868e-01 
  7.690349221e-01 
  7.377637029e-01 
  7.052428126e-01 
  6.584702730e-01 
  6.309419274e-01 
  5.965452790e-01 
  5.824387074e-01 
  5.856986046e-01 
  5.936470628e-01 
  6.133890748e-01 
  6.930763125e-01 
  6.979551911e-01 
  6.697667837e-01 
  6.188008785e-01 
  6.101409793e-01 
  5.882057548e-01 
  6.047499776e-01 
  6.111319065e-01 
  6.171245575e-01 
  6.254270077e-01 
  6.238558888e-01 
  6.189624667e-01 
  6.286001801e-01 
  6.090283990e-01 
  6.166238189e-01 
  6.206437945e-01 
  5.679627061e-01 
  6.011901498e-01 
  6.294447184e-01 
  6.357131004e-01 
  6.304765344e-01 
  6.205018163e-01 
  6.088184118e-01 
  6.116005778e-01 
  6.241209507e-01 
  6.167505383e-01 
  6.202052832e-01 
  6.006643772e-01 
  6.274376512e-01 
  6.377466321e-01 
  6.487016678e-01 
  6.483134627e-01 
  6.396411657e-01 
  6.386798620e-01 
  6.239849925e-01 
  6.047972441e-01 
  6.009008288e-01 
  6.111052036e-01 
  6.022184491e-01 
  6.137855649e-01 
  5.959237218e-01 
  6.117122769e-01 
  6.157263517e-01 
  6.095697880e-01 
  6.107467413e-01 
  6.097994447e-01 
  6.102966070e-01 
  6.071420312e-01 
  6.134580970e-01 
  6.038397551e-01 
  5.939960480e-01 
  5.970551968e-01 
  6.010991335e-01 
  5.935722589e-01 
  5.910159349e-01 
  5.931658149e-01 
  5.874708295e-01 
  5.849429369e-01 
  5.825233459e-01 
  5.772465467e-01 
  5.731727481e-01 
  5.665240288e-01 
  5.661173463e-01 
  5.608766079e-01 
  5.525886416e-01 
  5.469597578e-01 
  5.093252659e-01 
  5.340622067e-01 
  5.412098765e-01 
  5.396586061e-01 
  5.320860147e-01 
  5.328726768e-01 
  5.301249623e-01 
  5.290589929e-01 
  5.235797763e-01 
  5.251461864e-01 
  5.134384632e-01 
  5.149531960e-01 
  5.080230236e-01 
  5.122219324e-01 
  4.977787733e-01 
  4.950084388e-01 
  4.984675646e-01 
  4.883905351e-01 
  4.951394200e-01 
  4.902757108e-01 
  4.891034961e-01 
  4.882948399e-01 
  4.831953347e-01 
  4.826131165e-01 
  4.738713801e-01 
  4.771974683e-01 
  4.740309715e-01 
  4.706837535e-01 
  4.602510333e-01 
  4.633693993e-01 
  4.566655159e-01 
  4.607213140e-01 
  4.492226243e-01 
  4.518991709e-01 
  4.519441426e-01 
  4.448181093e-01 
  4.453968108e-01 
  4.449526668e-01 
  4.355532825e-01 
  4.381249249e-01 
  4.345043600e-01 
  4.201759994e-01 
  4.261699915e-01 
  4.286330342e-01 
  4.240841568e-01 
  4.198434651e-01 
  4.181970656e-01 
  4.145593345e-01 
  4.130904973e-01 
  4.071846306e-01 
  4.085038602e-01 
  4.057522416e-01 
  4.033225179e-01 
  3.973132372e-01 
  3.833010793e-01 
  3.956168592e-01 
  3.802459538e-01 
  3.891215026e-01 
  3.809103370e-01 
  3.841895163e-01 
  3.820474446e-01 
  3.689045310e-01 
  3.761058450e-01 
  3.729907572e-01 
  3.435761631e-01 
  3.627744317e-01 
  3.619238436e-01 
  3.615231216e-01 
  3.483423591e-01 
  3.593299687e-01 
  3.473227322e-01 
  3.534170389e-01 
  3.510714173e-01 
  3.504710197e-01 
  3.356292248e-01 
  3.433603942e-01 
  3.295228481e-01 
  3.329311311e-01 
  3.223068118e-01 
  3.328457177e-01 
  3.260220885e-01 
  3.293732703e-01 
  3.093973100e-01 
  3.270646334e-01 
  3.117313385e-01 
  3.170403838e-01 
  3.182528019e-01 
  3.089454174e-01 
  3.023215532e-01 
  2.734900117e-01 
  2.950531244e-01 
  2.928705812e-01 
  2.875672579e-01 
  2.784183919e-01 
  2.738365531e-01 
  2.777621746e-01 
  2.767656147e-01 
  2.640218437e-01 
  2.738548517e-01 
  2.701244652e-01 
  2.668760419e-01 
  2.618114948e-01 
  2.609728277e-01 
  2.594817579e-01 
  2.612364590e-01 
  2.613003552e-01 
  2.560535669e-01 
  2.478985637e-01 
  2.392524779e-01 
  2.389995307e-01 
  2.273301780e-01 
  2.185876966e-01 
  2.086644918e-01 
  1.958862245e-01 
  1.845943928e-01 
  1.780566722e-01 
  1.771359444e-01 
  1.691988260e-01 
  1.729425639e-01 
  1.750432253e-01 
  1.695740521e-01 
  1.652511060e-01 
  1.707659513e-01 
  1.680568904e-01 
  1.746269763e-01 
  1.886615455e-01 
  1.942767054e-01 
  1.881937981e-01 
  1.726059467e-01 
  1.519898921e-01 
  1.548213214e-01 
  1.731698662e-01 
  1.851965636e-01 
  1.879367679e-01 
  1.946110576e-01 
  1.925275922e-01 
  1.825954914e-01 
  1.855329126e-01 
  1.774662733e-01 
  1.711001396e-01 
  1.650318503e-01 
  1.676906198e-01 
  1.730176061e-01 
  1.753384620e-01 
  1.771094203e-01 
  1.758271754e-01 
  1.774394959e-01 
  1.778464168e-01 
  1.789027601e-01 
  1.786272079e-01 
  1.828655601e-01 
  1.839497983e-01 
  1.936262697e-01 
  1.965496689e-01 
  1.960795224e-01 
  1.941219717e-01 
  1.922429949e-01 
  2.008149028e-01 
  2.038094848e-01 
  1.996412873e-01 
  2.030505687e-01 
  1.977044940e-01 
  2.006132156e-01 
  2.015262097e-01 
  1.942800730e-01 
  1.992077231e-01 
  2.004898638e-01 
  1.985529512e-01 
  1.959168762e-01 
  1.953737140e-01 
  1.940021217e-01 
  1.901314855e-01 
  1.946157217e-01 
  1.892725676e-01 
  1.877957582e-01 
  1.892646551e-01 
  1.864355654e-01 
  1.848520786e-01 
  1.736200601e-01 
  1.815323979e-01 
  1.850136071e-01 
  1.827765852e-01 
  1.805331111e-01 
  1.786212325e-01 
  1.685832143e-01 
  1.789470911e-01 
  1.819659024e-01 
  1.815847754e-01 
  1.807774156e-01 
  1.796434671e-01 
  1.758672595e-01 
  1.753197014e-01 
  1.741383672e-01 
  1.675951481e-01 
  1.602067053e-01 
  1.701323986e-01 
  1.708517224e-01 
  1.705102921e-01 
  1.611935198e-01 
  1.634442806e-01 
  1.684840173e-01 
  1.678008139e-01 
  1.687518358e-01 
  1.655295491e-01 
  1.542917788e-01 
  1.639170796e-01 
  1.578477472e-01 
  1.624610871e-01 
  1.633052081e-01 
  1.619466692e-01 
  1.622222364e-01 
  1.621715575e-01 
  1.621035635e-01 
  1.612521708e-01 
  1.593010426e-01 
  1.598979831e-01 
  1.592110693e-01 
  1.579004675e-01 
  1.567088813e-01 
  1.579735130e-01 
  1.567110419e-01 
  1.569099128e-01 
  1.513538212e-01 
  1.558792442e-01 
  1.554196477e-01 
  1.546244770e-01 
  1.542445868e-01 
  1.520392895e-01 
  1.527647823e-01 
  1.520643979e-01 
  1.506221145e-01 
  1.510868371e-01 
  1.506814808e-01 
  1.501122713e-01 
  1.479117125e-01 
  1.467360407e-01 
  1.474975944e-01 
  1.460932791e-01 
  1.439468563e-01 
  1.420581043e-01 
  1.439447254e-01 
  1.422767192e-01 
  1.409545690e-01 
  1.415030062e-01 
  1.404414028e-01 
  1.393176019e-01 
  1.377577186e-01 
  1.367231756e-01 
  1.349748224e-01 
  1.345526725e-01 
  1.336241066e-01 
  1.326516718e-01 
  1.303442419e-01 
  1.297295690e-01 
  1.272637695e-01 
  1.263407916e-01 
  1.249504387e-01 
  1.204389408e-01 
  1.209337115e-01 
  1.182849333e-01 
  1.179831177e-01 
  1.178121418e-01 
  1.146139503e-01 
  1.124126688e-01 
  1.128031462e-01 
  1.155462116e-01 
  1.167547330e-01 
  1.167780459e-01 
  1.169303581e-01 
  1.166151762e-01 
  1.173649952e-01 
  1.174980402e-01 
  1.173036546e-01 
  1.169084683e-01 
  1.159949154e-01 
  1.153588071e-01 
  1.121184677e-01 
  9.956558049e-02 
  1.092008799e-01 
  1.134544685e-01 
  1.140956804e-01 
  1.136183813e-01 
  1.137381196e-01 
  1.117438525e-01 
  1.118119583e-01 
  1.089066565e-01 
  1.102402583e-01 
  1.108201966e-01 
  1.106441021e-01 
  1.081739441e-01 
  1.083770320e-01 
  1.074883416e-01 
  1.059927568e-01 
  1.047053784e-01 
  1.054196134e-01 
  1.046107635e-01 
  1.040132567e-01 
  1.020244136e-01 
  1.001470536e-01 
  9.954793751e-02 
  9.968890995e-02 
  9.932951629e-02 
  9.849715233e-02 
  9.755620360e-02 
  9.638614208e-02 
  9.560092539e-02 
  9.503139555e-02 
  9.352256358e-02 
  8.850973845e-02 
  9.041747451e-02 
  8.750865608e-02 
  8.991187811e-02 
  9.056159109e-02 
  8.802036196e-02 
  8.750217408e-02 
  8.494549990e-02 
  8.368990570e-02 
  8.433771878e-02 
  8.542935550e-02 
  8.581104875e-02 
  8.496275544e-02 
  8.323781192e-02 
  8.000662178e-02 
  7.742071152e-02 
  6.999815255e-02 
  6.929109246e-02 
  6.835736334e-02 
  6.696689129e-02 
  6.945303828e-02 
  7.062795758e-02 
  7.141307741e-02 
  7.079359889e-02 
  7.104989141e-02 
  7.144173980e-02 
  7.086808234e-02 
  7.071167976e-02 
  7.145235687e-02 
  7.114472240e-02 
  6.918167323e-02 
  6.652620435e-02 
  6.053658947e-02 
  5.606562272e-02 
  5.378495902e-02 
  5.026076362e-02 
  4.865421727e-02 
  4.510566220e-02 
  4.345800728e-02 
  4.154070094e-02 
  3.889188915e-02 
  3.742408380e-02 
  3.578238189e-02 
  3.438823670e-02 
  3.266682103e-02 
  3.199297935e-02 
  3.011319414e-02 
  2.849922888e-02 
  2.838495374e-02 
  2.799652703e-02 
  2.828641795e-02 
  2.890867926e-02 
  2.887142263e-02 
  2.915282920e-02 
  2.833990194e-02 
  2.810874023e-02 
  2.756539546e-02 
  2.861262113e-02 
  3.025644645e-02 
  3.268304095e-02 
  3.409363329e-02 
  3.504292667e-02 
  3.476030007e-02 
  3.390823677e-02 
  3.365502134e-02 
  3.217854351e-02 
  3.091200627e-02 
  2.870483883e-02 
  2.725366317e-02 
  2.599683590e-02 
  2.611115389e-02 
  2.712050825e-02 
  2.773012966e-02 
  2.916785143e-02 
  3.088957071e-02 
  3.226081282e-02 
  3.286883980e-02 
  3.234052658e-02 
  3.226243332e-02 
  3.081337735e-02 
  2.953816764e-02 
  2.825567126e-02 
  2.855515480e-02 
  2.983524278e-02 
  3.079766221e-02 
  3.082508035e-02 
  3.032350540e-02 
  2.924707532e-02 
  2.943857200e-02 
  3.070376441e-02 
  3.103918396e-02 
  3.051099181e-02 
  3.058699891e-02 
  3.017904982e-02 
  3.021646850e-02 
  3.092999011e-02 
  3.181797639e-02 
  3.291089460e-02 
  3.407765925e-02 
  3.268589452e-02 
  3.375559300e-02 
  3.390863165e-02 
  3.453969210e-02 
  3.497505561e-02 
  3.529822081e-02 
  3.528703749e-02 
  3.480379283e-02 
  3.485696763e-02 
  3.633243591e-02 
  3.589551523e-02 
  3.577575088e-02 
  3.566230088e-02 
  3.593535721e-02 
  3.443163261e-02 
  3.531278670e-02 
  3.631300852e-02 
  3.572595865e-02 
  3.468817100e-02 
  3.361050412e-02 
  3.362997249e-02 
  3.353229165e-02 
  3.255581111e-02 
  3.346512839e-02 
  3.362712264e-02 
  3.378209099e-02 
  3.427208215e-02 
  3.469606861e-02 
  3.274711221e-02 
  3.448706493e-02 
  3.342828900e-02 
  3.390742093e-02 
  3.421480581e-02 
  3.410436958e-02 
  3.482780233e-02 
  3.500009701e-02 
  3.525406122e-02 
  3.491840884e-02 
  3.415812179e-02 
  3.406940401e-02 
  3.427428380e-02 
  3.607537225e-02 
  3.739525378e-02 
  3.767636046e-02 
  3.836959600e-02 
  3.875316307e-02 
  3.930881619e-02 
  3.873983398e-02 
  3.745900467e-02 
  3.698523343e-02 
  3.576121852e-02 
  3.542002663e-02 
  3.510100022e-02 
  3.490254655e-02 
  3.334430233e-02 
  3.363038972e-02 
  3.223212063e-02 
  3.174509853e-02 
  3.120758757e-02 
  3.145979345e-02 
  3.267525136e-02 
  3.439911827e-02 
  3.453166038e-02 
  3.514022753e-02 
  3.509964049e-02 
  3.471891582e-02 
  3.374697268e-02 
  3.356759623e-02 
  3.391733021e-02 
  3.382924944e-02 
  3.471712396e-02 
  3.406970203e-02 
  3.427743539e-02 
  3.475775570e-02 
  3.454738110e-02 
  3.554449603e-02 
  3.104859218e-02 
  3.690308332e-02 
  3.808212280e-02 
  3.898134455e-02 
  3.809215128e-02 
  3.921286762e-02 
  3.901019320e-02 
  3.902740031e-02 
  3.844327852e-02 
  3.927586973e-02 
  4.014169797e-02 
  3.991810232e-02 
  4.088779539e-02 
  4.060362279e-02 
  3.996746615e-02 
  3.566859663e-02 
  3.718446940e-02 
  3.736485168e-02 
  3.777962178e-02 
  3.977788985e-02 
  3.924856707e-02 
  3.952144086e-02 
  4.010162503e-02 
  4.032578319e-02 
  3.956446052e-02 
  3.943422437e-02 
  3.879231215e-02 
  3.956051916e-02 
  3.912732750e-02 
  3.889577091e-02 
  3.971475735e-02 
  3.926817700e-02 
  3.972310573e-02 
  3.903297335e-02 
  3.870451078e-02 
  3.958747163e-02 
  3.913874924e-02 
  3.809727356e-02 
  3.907720745e-02 
  3.861471266e-02 
  3.883617371e-02 
  3.861071169e-02 
  3.608185053e-02 
  3.848632053e-02 
  3.817512095e-02 
  3.790408745e-02 
  3.724509850e-02 
  3.730917722e-02 
  3.770992905e-02 
  3.776960820e-02 
  3.667358682e-02 
  3.736871853e-02 
  3.592703491e-02 
  3.659524769e-02 
  3.671699017e-02 
  3.653408214e-02 
  3.692594543e-02 
  3.698858246e-02 
  3.693015873e-02 
  3.649302572e-02 
  3.533135355e-02 
  3.614266217e-02 
  3.585050628e-02 
  3.557143733e-02 
  3.608806431e-02 
  3.581723943e-02 
  3.440706059e-02 
  3.488968685e-02 
  3.413164988e-02 
  3.515684605e-02 
  3.479242325e-02 
  3.470418602e-02 
  3.401669487e-02 
  3.472083434e-02 
  3.461865336e-02 
  3.399100527e-02 
  3.319211677e-02 
  3.355720267e-02 
  3.283678740e-02 
  3.263512254e-02 
  3.171820194e-02 
  3.158899397e-02 
  3.058661893e-02 
  3.132597357e-02 
  3.120719455e-02 
  3.066336550e-02 
  3.072569147e-02 
  2.848742343e-02 
  3.052689321e-02 
  2.751004323e-02 
  3.004932962e-02 
  3.017661907e-02 
  3.077424690e-02 
  3.049268760e-02 
  2.987530082e-02 
  3.023877926e-02 
  2.995875478e-02 
  3.081893176e-02 
  3.035484999e-02 
  2.998832054e-02 
  2.947813086e-02 
  2.691405825e-02 
  2.892289311e-02 
  2.820523083e-02 
  2.961617708e-02 
  3.016329557e-02 
  2.982216515e-02 
  2.985160798e-02 
  2.789282613e-02 
  2.880746499e-02 
  2.906499617e-02 
  2.779136412e-02 
  2.800924517e-02 
  2.676282264e-02 
  2.732943185e-02 
  2.710220590e-02 
  2.745353617e-02 
  2.697985806e-02 
  2.683539502e-02 
  2.685688250e-02 
  2.707847767e-02 
  2.690705098e-02 
  2.519201487e-02 
  2.595163882e-02 
  2.624097466e-02 
  2.686209232e-02 
  2.653220110e-02 
  2.698347159e-02 
  2.529294416e-02 
  2.603858896e-02 
  2.678313851e-02 
  2.669886313e-02 
  2.602119744e-02 
  2.561601438e-02 
  2.619568072e-02 
  2.668707073e-02 
  2.682096139e-02 
  2.611981519e-02 
  2.634563297e-02 
  2.625020221e-02 
  2.638270892e-02 
  2.630007081e-02 
  2.549983375e-02 
  2.583477832e-02 
  2.574871853e-02 
  2.534192614e-02 
  2.465237863e-02 
  2.525109984e-02 
  2.508616447e-02 
  2.385972068e-02 
  2.362755686e-02 
  2.327456884e-02 
  2.332112379e-02 
  2.309457585e-02 
  2.300906740e-02 
  2.353665605e-02 
  2.311327308e-02 
  2.309747413e-02 
  2.331789210e-02 
  2.347752824e-02 
  2.331537753e-02 
  2.272585779e-02 
  2.324515209e-02 
  2.267650515e-02 
  2.308158576e-02 
  2.279842272e-02 
  2.299811691e-02 
  2.251737937e-02 
  2.292115241e-02 
  2.269945480e-02 
  2.279267088e-02 
  2.232768200e-02 
  2.252943628e-02 
  2.256183699e-02 
  2.233004384e-02 
  2.211690135e-02 
  2.194791287e-02 
  2.167252637e-02 
  2.153027803e-02 
  2.171074785e-02 
  2.129158564e-02 
  2.130508050e-02 
  2.172751725e-02 
  2.153783850e-02 
  2.046930045e-02 
  2.100116201e-02 
  2.104116976e-02 
  2.079555392e-02 
  2.041173168e-02 
  2.046522498e-02 
  2.053094283e-02 
  2.020176128e-02 
  1.946154051e-02 
  1.874299161e-02 
  1.923789829e-02 
  1.966468804e-02 
  1.998085342e-02 
  1.999046095e-02 
  1.970334724e-02 
  1.973943040e-02 
  1.970453933e-02 
  1.942121610e-02 
  1.935979910e-02 
  1.956379972e-02 
  1.955314167e-02 
  1.943765953e-02 
  1.936444081e-02 
  1.932553574e-02 
  1.916661859e-02 
  1.900344528e-02 
  1.907322928e-02 
  1.890578680e-02 
  1.862395369e-02 
  1.861175336e-02 
  1.850653812e-02 
  1.808818616e-02 
  1.837187819e-02 
  1.841170527e-02 
  1.814063825e-02 
  1.805414073e-02 
  1.751222275e-02 
  1.779043674e-02 
  1.794199273e-02 
  1.654023677e-02 
  1.765258797e-02 
  1.770016551e-02 
  1.766017079e-02 
  1.763046160e-02 
  1.749692857e-02 
  1.729184575e-02 
  1.715980656e-02 
  1.726604439e-02 
  1.683699340e-02 
  1.655155420e-02 
  1.679597981e-02 
  1.591972634e-02 
  1.612210460e-02 
  1.631383412e-02 
  1.644362137e-02 
  1.632624306e-02 
  1.593201980e-02 
  1.621895470e-02 
  1.621309668e-02 
  1.594851166e-02 
  1.573417522e-02 
  1.469815988e-02 
  1.494983491e-02 
  1.501067076e-02 
  1.424993575e-02 
  1.402812637e-02 
  1.468187291e-02 
  1.487621944e-02 
  1.489620004e-02 
  1.451872755e-02 
  1.494107116e-02 
  1.466352865e-02 
  1.483567804e-02 
  1.437004283e-02 
  1.444410626e-02 
  1.405298989e-02 
  1.454044133e-02 
  1.439151075e-02 
  1.432682388e-02 
  1.406311058e-02 
  1.413522195e-02 
  1.414347254e-02 
  1.411583181e-02 
  1.386968046e-02 
  1.398638729e-02 
  1.396448165e-02 
  1.382344123e-02 
  1.384859905e-02 
  1.372236665e-02 
  1.344768982e-02 
  1.308418810e-02 
  1.319978572e-02 
  1.291116513e-02 
  1.310657617e-02 
  1.300850324e-02 
  1.297589764e-02 
  1.276110020e-02 
  1.282609347e-02 
  1.259358600e-02 
  1.258708537e-02 
  1.256028563e-02 
  1.253661327e-02 
  1.224717498e-02 
  1.191213634e-02 
  1.185740344e-02 
  1.151785627e-02 
  1.132149156e-02 
  1.140958443e-02 
  1.132014487e-02 
  1.128784567e-02 
  1.111405157e-02 
  1.092646364e-02 
  1.091105212e-02 
  1.083585154e-02 
  1.089965552e-02 
  1.096281130e-02 
  1.090053096e-02 
  1.059760991e-02 
  1.049298048e-02 
  1.023390703e-02 
  1.006596442e-02 
  9.750588797e-03 
  9.412251413e-03 
  9.468802251e-03 
  9.150838479e-03 
  8.793313988e-03 
  8.804728277e-03 
  8.393444121e-03 
  8.330863900e-03 
  7.820417173e-03 
  7.557803765e-03 
  7.506306283e-03 
  7.585411891e-03 
  7.538941223e-03 
  7.326579187e-03 
  7.201960310e-03 
  7.106128149e-03 
  6.896390580e-03 
  6.599116605e-03 
  6.574335508e-03 
  6.320905872e-03 
  6.319680251e-03 
  6.126331631e-03 
  5.770980846e-03 
  5.678481422e-03 
  5.379508249e-03 
  5.006340798e-03 
  5.220784340e-03 
  5.284640007e-03 
  5.310240667e-03 
  5.226636771e-03 
  5.133604165e-03 
  5.254151300e-03 
  4.956377205e-03 
  4.969923291e-03 
  4.795067012e-03 
  4.739732482e-03 
  4.374423530e-03 
  4.313251004e-03 
  4.291406367e-03 
  4.178223666e-03 
  4.015598446e-03 
  3.993978724e-03 
  3.750676522e-03 
  3.747743787e-03 
  3.673859639e-03 
  3.544536186e-03 
  3.688025987e-03 
  3.706758376e-03 
  3.776641097e-03 
  3.812389448e-03 
  3.679356538e-03 
  3.875345457e-03 
  3.849957138e-03 
  3.806792898e-03 
  3.523152089e-03 
  3.618428018e-03 
  3.666080534e-03 
  3.686117241e-03 
  3.656934947e-03 
  3.625568002e-03 
  3.534820164e-03 
  3.587024752e-03 
  3.584698541e-03 
  3.454552032e-03 
  3.584892489e-03 
  3.633894026e-03 
  3.703994909e-03 
  3.650072496e-03 
  3.824226558e-03 
  3.784557804e-03 
  3.795575351e-03 
  3.746347269e-03 
  3.751153359e-03 
  3.510011360e-03 
  3.442694899e-03 
  3.181763459e-03 
  3.249000059e-03 
  3.002875019e-03 
  2.868605545e-03 
  2.837435342e-03 
  2.843775321e-03 
  2.831707941e-03 
  2.767057857e-03 
  2.565921284e-03 
  3.223994514e-03 
  3.478657221e-03 
  3.543678671e-03 
  3.564460669e-03 
  3.662981791e-03 
  3.725055605e-03 
  3.748058807e-03 
  3.756515915e-03 
  3.726382041e-03 
  3.594655776e-03 
  3.761882428e-03 
  3.701366019e-03 
  3.630200168e-03 
  3.485400695e-03 
  3.594705602e-03 
  3.476114245e-03 
  3.325789236e-03 
  3.451236757e-03 
  3.359267255e-03 
  3.215344623e-03 
  3.192712087e-03 
  3.124947194e-03 
  3.067908576e-03 
  3.024839098e-03 
  3.043026896e-03 
  2.990524750e-03 
  3.005268052e-03 
  2.970820526e-03 
  3.082382027e-03 
  3.087321296e-03 
  3.168995026e-03 
  3.102271352e-03 
  3.154551610e-03 
  3.151183715e-03 
  3.138681641e-03 
  3.039386589e-03 
  3.186450573e-03 
  3.256554715e-03 
  3.227560781e-03 
  3.345026635e-03 
  3.354785731e-03 
  3.428900847e-03 
  3.406554926e-03 
  3.378426889e-03 
  3.506151959e-03 
  3.566223197e-03 
  3.518890822e-03 
  3.580125747e-03 
  3.555473639e-03 
  3.566927044e-03 
  3.570932895e-03 
  3.527091350e-03 
  3.455920145e-03 
  3.585057333e-03 
  3.585060360e-03 
  3.687340068e-03 
  3.618881339e-03 
  3.756165272e-03 
  3.777293721e-03 
  3.820245853e-03 
  3.815214615e-03 
  3.880801145e-03 
  3.699900350e-03 
  3.822261235e-03 
  3.850978566e-03 
  3.878727090e-03 
  3.756763879e-03 
  3.583929269e-03 
  3.360120347e-03 
  3.577435156e-03 
  3.792462638e-03 
  3.825878492e-03 
  3.862717887e-03 
  3.719939617e-03 
  3.604386467e-03 
  3.594200592e-03 
  3.681276692e-03 
  3.612234490e-03 
  3.600085387e-03 
  3.526743967e-03 
  3.608807921e-03 
  3.618118586e-03 
  3.748646704e-03 
  3.712663427e-03 
  3.889317624e-03 
  3.804061562e-03 
  3.919362091e-03 
  3.915769979e-03 
  4.223435186e-03 
  4.111738876e-03 
  4.388396163e-03 
  4.392636940e-03 
  4.563958384e-03 
  4.594733473e-03 
  4.757496994e-03 
  4.710000474e-03 
  4.639416467e-03 
  4.756894428e-03 
  4.978220910e-03 
  4.971091636e-03 
  5.050239153e-03 
  4.783273675e-03 
  5.128304474e-03 
  4.957072902e-03 
  5.097201094e-03 
  5.131948274e-03 
  5.167609546e-03 
  5.100891460e-03 
  5.113116466e-03 
  5.000750069e-03 
  5.015538074e-03 
  5.141781643e-03 
  5.106815137e-03 
  5.081927869e-03 
  5.025928374e-03 
  4.945707507e-03 
  4.729097709e-03 
  4.757686984e-03 
  4.585555755e-03 
  4.575166851e-03 
  4.065107554e-03 
  3.980136476e-03 
  3.493677825e-03 
  3.488159040e-03 
  2.992538270e-03 
  2.991402056e-03 
  2.697267570e-03 
  2.689819317e-03 
  2.713052323e-03 
  2.637378173e-03 
  2.793484833e-03 
  2.785939490e-03 
  2.852445468e-03 
  2.852039179e-03 
  2.873043995e-03 
  2.863974078e-03 
  2.905915026e-03 
  2.871735720e-03 
  2.977055497e-03 
  2.966359491e-03 
  3.138542175e-03 
  3.139758017e-03 
  3.408917692e-03 
  3.376662033e-03 
  3.524066880e-03 
  3.641090589e-03 
  3.920213785e-03 
  3.916076384e-03 
  4.078189377e-03 
  4.107104149e-03 
  4.226139747e-03 
  4.232496489e-03 
  4.248326179e-03 
  4.190430976e-03 
  4.274865147e-03 
  4.337719176e-03 
  4.389698151e-03 
  4.377668258e-03 
  4.243878182e-03 
  4.334916361e-03 
  4.363805056e-03 
  4.121652804e-03 
  4.256478511e-03 
  4.282692447e-03 
  4.241895396e-03 
  4.194235895e-03 
  4.152632318e-03 
  4.143814091e-03 
  4.021892324e-03 
  4.011337180e-03 
  3.981842194e-03 
  3.799470374e-03 
  3.812840441e-03 
  3.604721744e-03 
  3.577804426e-03 
  3.441000823e-03 
  3.385980148e-03 
  3.381623654e-03 
  3.400709713e-03 
  3.429944161e-03 
  3.410109319e-03 
  3.460720647e-03 
  3.455233295e-03 
  3.456653794e-03 
  3.358634422e-03 
  3.450726392e-03 
  3.431270830e-03 
  3.220162122e-03 
  3.402370494e-03 
  3.399976762e-03 
  3.408290911e-03 
  3.372907871e-03 
  3.431935562e-03 
  3.310452215e-03 
  3.503681859e-03 
  3.456887091e-03 
  3.602477023e-03 
  3.590170760e-03 
  3.666375997e-03 
  3.655177541e-03 
  3.704615636e-03 
  3.696660511e-03 
  3.628185485e-03 
  3.697796026e-03 
  3.654766828e-03 
  3.699654015e-03 
  3.628096776e-03 
  3.649069462e-03 
  3.672452876e-03 
  3.695880529e-03 
  3.687044373e-03 
  3.705000039e-03 
  3.703157185e-03 
  3.706404706e-03 
  3.671684768e-03 
  3.524845699e-03 
  3.647238249e-03 
  3.674565116e-03 
  3.552879440e-03 
  3.652867628e-03 
  3.636126872e-03 
  3.624255070e-03 
  3.630346386e-03 
  3.633083077e-03 
  3.622899996e-03 
  3.640720854e-03 
  3.578390693e-03 
  3.626770806e-03 
  3.616860136e-03 
  3.623426426e-03 
  3.605737118e-03 
  3.595339833e-03 
  3.570155706e-03 
  3.480078187e-03 
  3.554404480e-03 
  3.538040677e-03 
  3.513436764e-03 
  3.517735982e-03 
  3.508302616e-03 
  3.477758495e-03 
  3.388157580e-03 
  3.460009582e-03 
  3.476764075e-03 
  3.387151519e-03 
  3.453620942e-03 
  3.417430446e-03 
  3.413282568e-03 
  3.354445333e-03 
  3.420482157e-03 
  3.431344870e-03 
  3.365297802e-03 
  3.428897355e-03 
  3.414765000e-03 
  3.395558801e-03 
  3.409636905e-03 
  3.397166962e-03 
  3.388324752e-03 
  3.371790284e-03 
  3.369435901e-03 
  3.240372054e-03 
  3.344538156e-03 
  3.337595845e-03 
  3.314683912e-03 
  3.304314567e-03 
  3.301223507e-03 
  3.275552997e-03 
  3.253106494e-03 
  3.229890484e-03 
  3.191774013e-03 
  3.135039238e-03 
  3.160996130e-03 
  3.156512044e-03 
  3.111881902e-03 
  3.102340968e-03 
  3.071699757e-03 
  3.058494767e-03 
  3.024450270e-03 
  3.025999293e-03 
  3.019177355e-03 
  3.016288392e-03 
  3.003034508e-03 
  2.993246773e-03 
  2.973885043e-03 
  2.958783414e-03 
  2.950376831e-03 
  2.905461006e-03 
  2.902431414e-03 
  2.856501844e-03 
  2.756364876e-03 
  2.471390646e-03 
  2.699007280e-03 
  2.779302653e-03 
  2.847919008e-03 
  2.839958295e-03 
  2.859442029e-03 
  2.843412338e-03 
  2.848412842e-03 
  2.832493279e-03 
  2.830739599e-03 
  2.808215562e-03 
  2.777093090e-03 
  2.792211715e-03 
  2.680242062e-03 
  2.783326432e-03 
  2.773837652e-03 
  2.743518446e-03 
  2.671008930e-03 
  2.731091343e-03 
  2.733007073e-03 
  2.731294604e-03 
  2.722697100e-03 
  2.649138914e-03 
  2.629682887e-03 
  2.656721743e-03 
  2.682605060e-03 
  2.670407761e-03 
  2.635748824e-03 
  2.624084707e-03 
  2.611521399e-03 
  2.576502040e-03 
  2.561718458e-03 
  2.540223766e-03 
  2.531980630e-03 
  2.517993795e-03 
  2.515546745e-03 
  2.506941790e-03 
  2.530461643e-03 
  2.526338678e-03 
  2.514551859e-03 
  2.448083833e-03 
  2.412529662e-03 
  2.531097503e-03 
  2.474299865e-03 
  2.549654339e-03 
  2.542789560e-03 
  2.530043246e-03 
  2.525406191e-03 
  2.510737162e-03 
  2.505801618e-03 
  2.480271738e-03 
  2.439939184e-03 
  2.465082798e-03 
  2.468505641e-03 
  2.455811948e-03 
  2.447156701e-03 
  2.433038549e-03 
  2.426878782e-03 
  2.416525036e-03 
  2.399853198e-03 
  2.354168333e-03 
  2.356638433e-03 
  2.350570168e-03 
  2.367433161e-03 
  2.337490208e-03 
  2.336853649e-03 
  2.332546283e-03 
  2.321493113e-03 
  2.313008299e-03 
  2.296357183e-03 
  2.283002017e-03 
  2.279972890e-03 
  2.249827376e-03 
  2.198666101e-03 
  2.221788745e-03 
  2.239703666e-03 
  2.230878221e-03 
  2.189751482e-03 
  2.202450996e-03 
  2.199115464e-03 
  2.190493513e-03 
  2.184616867e-03 
  2.121524187e-03 
  2.161844634e-03 
  2.139994176e-03 
  2.133678645e-03 
  2.133351518e-03 
  2.100182930e-03 
  2.044073306e-03 
  2.085016342e-03 
  2.065604087e-03 
  2.061892534e-03 
  2.057485050e-03 
  2.056153491e-03 
  2.037538216e-03 
  2.023968613e-03 
  2.024262678e-03 
  1.949148951e-03 
  2.017285209e-03 
  2.001808723e-03 
  1.973493956e-03 
  1.987454481e-03 
  1.985080075e-03 
  1.977023203e-03 
  1.967687858e-03 
  1.947116456e-03 
  1.961661503e-03 
  1.955997664e-03 
  1.946737291e-03 
  1.914480119e-03 
  1.934814500e-03 
  1.931763371e-03 
  1.927321195e-03 
  1.917974092e-03 
  1.908823266e-03 
  1.812064089e-03 
  1.867702114e-03 
  1.869969186e-03 
  1.863327343e-03 
  1.853350434e-03 
  1.847972395e-03 
  1.848451677e-03 
  1.838828553e-03 
  1.818794990e-03 
  1.815554220e-03 
  1.787984045e-03 
  1.793677802e-03 
  1.787015120e-03 
  1.688974560e-03 
  1.730692806e-03 
  1.720850123e-03 
  1.687598298e-03 
  1.722041983e-03 
  1.724034664e-03 
  1.716445084e-03 
  1.712158439e-03 
  1.728792093e-03 
  1.720666885e-03 
  1.712037483e-03 
  1.728243195e-03 
  1.727059251e-03 
  1.726775314e-03 
  1.723504742e-03 
  1.709545497e-03 
  1.698248088e-03 
  1.700620167e-03 
  1.689732540e-03 
  1.670721336e-03 
  1.658105291e-03 
  1.599475043e-03 
  1.620084862e-03 
  1.601558761e-03 
  1.626478625e-03 
  1.617159694e-03 
  1.593270921e-03 
  1.599152572e-03 
  1.595149632e-03 
  1.517339260e-03 
  1.556785195e-03 
  1.566792955e-03 
  1.547575928e-03 
  1.574250637e-03 
  1.582071185e-03 
  1.566700521e-03 
  1.561315963e-03 
  1.551609486e-03 
  1.538440585e-03 
  1.534734736e-03 
  1.506459783e-03 
  1.482514082e-03 
  1.490452909e-03 
  1.471302821e-03 
  1.461194013e-03 
  1.420945860e-03 
  1.440934953e-03 
  1.440206077e-03 
  1.425360562e-03 
  1.416207291e-03 
  1.409670338e-03 
  1.397668966e-03 
  1.398615423e-03 
  1.388122910e-03 
  1.384181669e-03 
  1.388436533e-03 
  1.377285924e-03 
  1.382174552e-03 
  1.358382520e-03 
  1.314601279e-03 
  1.346490928e-03 
  1.359531190e-03 
  1.370593440e-03 
  1.357191941e-03 
  1.355307992e-03 
  1.376998844e-03 
  1.375848893e-03 
  1.363446587e-03 
  1.348083722e-03 
  1.343907323e-03 
  1.345288008e-03 
  1.314919558e-03 
  1.315399888e-03 
  1.283136313e-03 
  1.274541253e-03 
  1.260209247e-03 
  1.235060627e-03 
  1.247273642e-03 
  1.245564199e-03 
  1.246109372e-03 
  1.183274202e-03 
  1.220691600e-03 
  1.244124491e-03 
  1.238031313e-03 
  1.232300070e-03 
  1.245022169e-03 
  1.238893135e-03 
  1.232874347e-03 
  1.233784016e-03 
  1.172620337e-03 
  1.170072821e-03 
  1.177144819e-03 
  1.183784450e-03 
  1.169990050e-03 
  1.199361752e-03 
  1.193034695e-03 
  1.206515706e-03 
  1.202404615e-03 
  1.197262201e-03 
  1.189298695e-03 
  1.202733838e-03 
  1.190115581e-03 
  1.189454459e-03 
  1.193022123e-03 
  1.182908542e-03 
  1.182788284e-03 
  1.169779804e-03 
  1.165178721e-03 
  1.169153489e-03 
  1.158666797e-03 
  1.141197165e-03 
  1.146812574e-03 
  1.128264121e-03 
  1.117297215e-03 
  1.117389067e-03 
  1.111941063e-03 
  1.094830921e-03 
  1.094036503e-03 
  1.090855105e-03 
  1.075000619e-03 
  1.035857946e-03 
  1.032224274e-03 
  9.965405334e-04 
  1.039782306e-03 
  1.047097147e-03 
  1.075324020e-03 
  1.062056865e-03 
  1.066726167e-03 
  1.079084584e-03 
  1.069722348e-03 
  1.071128761e-03 
  1.065805322e-03 
  1.077475026e-03 
  1.064210548e-03 
  1.061772811e-03 
  1.067173900e-03 
  1.059032162e-03 
  1.045810757e-03 
  1.050553285e-03 
  1.045590965e-03 
  1.011588261e-03 
  9.988492820e-04 
  1.025096979e-03 
  1.016633352e-03 
  9.905960178e-04 
  1.014583744e-03 
  9.968000231e-04 
  9.835991077e-04 
  9.880336002e-04 
  9.589827969e-04 
  9.526353679e-04 
  9.338536765e-04 
  9.054081165e-04 
  9.059918229e-04 
  8.955154917e-04 
  8.940595435e-04 
  8.988403715e-04 
  8.909387398e-04 
  8.890624158e-04 
  9.014345706e-04 
  9.230638971e-04 
  9.120616014e-04 
  9.089788655e-04 
  8.753763395e-04 
  9.193394217e-04 
  9.241736843e-04 
  9.169861441e-04 
  9.023185121e-04 
  9.031943046e-04 
  8.949828334e-04 
  8.832151652e-04 
  8.748465334e-04 
  8.665982750e-04 
  8.466881700e-04 
  8.452294278e-04 
  8.375133038e-04 
  7.716047112e-04 
  8.032172918e-04 
  7.987093995e-04 
  7.851945120e-04 
  7.699438720e-04 
  7.829161477e-04 
  7.446866366e-04 
  7.543570828e-04 
  7.494690362e-04 
  6.913244724e-04 
  7.001993363e-04 
  6.870984216e-04 
  6.653393502e-04 
  6.457691779e-04 
  6.748434389e-04 
  6.487995270e-04 
  6.437812117e-04 
  6.078256411e-04 
  6.339267129e-04 
  6.323960843e-04 
  6.346026785e-04 
  6.311481702e-04 
  6.326377043e-04 
  6.215473404e-04 
  6.340497057e-04 
  6.260245573e-04 
  6.210131105e-04 
  6.331321201e-04 
  6.277300417e-04 
  6.295921630e-04 
  6.212959415e-04 
