  2.900562882e-01 
  7.772628665e-01 
  8.487735391e-01 
  2.228394747e+00 
  2.529116392e+00 
  4.660795689e+00 
  5.127355099e+00 
  7.641332150e+00 
  9.778966904e+00 
  1.049133492e+01 
  1.178984737e+01 
  2.271341515e+01 
  1.941854286e+01 
  2.477346611e+01 
  2.528368759e+01 
  3.041152573e+01 
  2.365745354e+01 
  3.420948029e+01 
  3.312776947e+01 
  3.750380325e+01 
  3.540542984e+01 
  4.449319839e+01 
  3.823977280e+01 
  3.375191498e+01 
  4.242068100e+01 
  4.624143219e+01 
  6.415400696e+01 
  6.423725128e+01 
  5.220870209e+01 
  6.251876068e+01 
  6.486810303e+01 
  5.190190506e+01 
  5.728131485e+01 
  6.441358948e+01 
  5.334712601e+01 
  5.729854584e+01 
  4.281262207e+01 
  4.052387238e+01 
  4.917966843e+01 
  4.925634003e+01 
  5.484233856e+01 
  4.607905197e+01 
  4.801091003e+01 
  4.784045410e+01 
  4.287156677e+01 
  5.481002808e+01 
  6.037589645e+01 
  5.700007629e+01 
  5.325723648e+01 
  5.795757294e+01 
  5.878895950e+01 
  5.537954712e+01 
  5.629230118e+01 
  5.096681595e+01 
  5.837043381e+01 
  5.868420410e+01 
  5.504346466e+01 
  3.489854050e+01 
  3.761602402e+01 
  3.753935623e+01 
  5.523959732e+01 
  4.345827484e+01 
  4.731145096e+01 
  4.993509674e+01 
  4.945017242e+01 
  4.593489456e+01 
  6.254742432e+01 
  5.551887131e+01 
  5.193510437e+01 
  4.955230713e+01 
  5.652860260e+01 
  4.477985001e+01 
  4.675108337e+01 
  4.620342636e+01 
  3.547963715e+01 
  3.221801376e+01 
  4.568062592e+01 
  4.631533813e+01 
  5.933709335e+01 
  4.524250793e+01 
  4.196752167e+01 
  4.665835953e+01 
  3.452314758e+01 
  2.381707573e+01 
  2.593274498e+01 
  3.859697342e+01 
  2.962444496e+01 
  3.361473465e+01 
  3.290566254e+01 
  3.704545975e+01 
  4.437092209e+01 
  4.903203201e+01 
  4.304007721e+01 
  2.279068375e+01 
  2.490991592e+01 
  4.129995728e+01 
  4.198583221e+01 
  1.687757301e+01 
  4.663965225e+01 
  5.523507690e+01 
  5.359869766e+01 
  5.258156586e+01 
  5.500273895e+01 
  5.084826279e+01 
  5.393638992e+01 
  4.882537460e+01 
  4.783409882e+01 
  4.599053574e+01 
  4.918699265e+01 
  5.375006866e+01 
  4.436620331e+01 
  5.143813705e+01 
  5.262397385e+01 
  4.908399200e+01 
  4.756557465e+01 
  5.009439850e+01 
  4.916703033e+01 
  4.707704926e+01 
  4.548006439e+01 
  4.601818848e+01 
  3.847006226e+01 
  4.760610199e+01 
  4.505730438e+01 
  3.758888626e+01 
  4.084260941e+01 
  4.178725433e+01 
  3.968382263e+01 
  3.771198273e+01 
  3.772844315e+01 
  3.391372299e+01 
  2.674007034e+01 
  2.375627327e+01 
  4.225585938e+01 
  3.717062378e+01 
  3.491443253e+01 
  3.754191971e+01 
  4.114350128e+01 
  4.105849457e+01 
  3.635465622e+01 
  3.477438736e+01 
  3.852798843e+01 
  3.796417236e+01 
  3.952871704e+01 
  3.934180450e+01 
  3.864477539e+01 
  4.019244766e+01 
  3.537602997e+01 
  3.989677429e+01 
  4.011048126e+01 
  3.993648148e+01 
  4.035694885e+01 
  4.313439941e+01 
  3.965851974e+01 
  3.641098404e+01 
  3.839617538e+01 
  3.824373627e+01 
  3.874449921e+01 
  3.853942490e+01 
  3.745288086e+01 
  3.704531479e+01 
  3.632909393e+01 
  3.724393082e+01 
  3.624708176e+01 
  3.587134933e+01 
  3.561149979e+01 
  3.472390747e+01 
  3.544942474e+01 
  3.384159470e+01 
  3.544942474e+01 
  3.476816559e+01 
  3.392822266e+01 
  3.351070404e+01 
  3.356311417e+01 
  3.284709930e+01 
  3.276182175e+01 
  3.372509766e+01 
  3.234158707e+01 
  3.170649910e+01 
  3.292731476e+01 
  3.110752678e+01 
  3.139348030e+01 
  3.088161850e+01 
  3.120591736e+01 
  3.092037201e+01 
  2.942911339e+01 
  2.934561157e+01 
  2.355438614e+01 
  2.621036720e+01 
  2.817650223e+01 
  2.593345451e+01 
  2.923291016e+01 
  2.708476830e+01 
  2.577128220e+01 
  2.748332024e+01 
  2.629052734e+01 
  2.783034897e+01 
  2.683842850e+01 
  2.577962875e+01 
  2.492481232e+01 
  2.462264252e+01 
  2.427639198e+01 
  2.350247955e+01 
  2.312322807e+01 
  2.426601601e+01 
  2.236055183e+01 
  2.388730812e+01 
  2.533156395e+01 
  2.334808922e+01 
  2.218166161e+01 
  2.369622803e+01 
  2.274663544e+01 
  2.254143715e+01 
  2.343856049e+01 
  2.125272560e+01 
  2.061434174e+01 
  2.085104561e+01 
  2.169924545e+01 
  1.583566380e+01 
  1.942359352e+01 
  1.823182297e+01 
  1.988757896e+01 
  1.971543884e+01 
  2.030920792e+01 
  1.874555206e+01 
  2.015197945e+01 
  1.980830002e+01 
  1.870562172e+01 
  1.619153214e+01 
  1.926925278e+01 
  1.963665962e+01 
  1.838716507e+01 
  1.983394623e+01 
  1.875159836e+01 
  1.632394409e+01 
  1.759427071e+01 
  1.779300690e+01 
  1.871427917e+01 
  1.721021843e+01 
  1.785816193e+01 
  1.764426041e+01 
  1.711739731e+01 
  1.556062603e+01 
  1.720831871e+01 
  1.631909752e+01 
  1.706508827e+01 
  1.666723061e+01 
  1.615771866e+01 
  1.670108223e+01 
  1.536478901e+01 
  1.603379822e+01 
  1.555130672e+01 
  1.532770443e+01 
  1.585830212e+01 
  1.511334324e+01 
  1.548084259e+01 
  1.539921474e+01 
  1.485426331e+01 
  1.429754448e+01 
  1.472158337e+01 
  1.380368900e+01 
  1.375336838e+01 
  1.499463558e+01 
  1.365304089e+01 
  1.417011738e+01 
  1.385902977e+01 
  1.391070175e+01 
  1.272280788e+01 
  1.353515911e+01 
  1.337876415e+01 
  1.299568748e+01 
  1.296048927e+01 
  1.240841866e+01 
  1.300246239e+01 
  1.302948761e+01 
  1.285854435e+01 
  1.244644928e+01 
  1.212948608e+01 
  1.254641151e+01 
  1.209944439e+01 
  1.192970562e+01 
  1.226480770e+01 
  1.197418404e+01 
  1.207891464e+01 
  1.208433056e+01 
  1.196627617e+01 
  1.180773067e+01 
  1.122395325e+01 
  1.157359219e+01 
  1.137204647e+01 
  1.001141644e+01 
  1.038077354e+01 
  1.095033550e+01 
  1.066669083e+01 
  1.070337296e+01 
  1.072511387e+01 
  1.044716835e+01 
  1.062884903e+01 
  1.058228588e+01 
  1.029186726e+01 
  1.022088146e+01 
  1.015298080e+01 
  1.002433014e+01 
  9.845893860e+00 
  9.840205193e+00 
  1.008643532e+01 
  9.995075226e+00 
  9.813510895e+00 
  9.693598747e+00 
  9.594155312e+00 
  9.432816505e+00 
  9.220464706e+00 
  9.308571815e+00 
  9.127099037e+00 
  8.934763908e+00 
  8.555691719e+00 
  8.906762123e+00 
  8.413111687e+00 
  8.405087471e+00 
  8.743283272e+00 
  8.605461121e+00 
  8.674363136e+00 
  8.764473915e+00 
  8.246172905e+00 
  8.254172325e+00 
  8.207167625e+00 
  7.930593491e+00 
  7.915771484e+00 
  7.982982635e+00 
  7.749860764e+00 
  7.940852642e+00 
  7.626986980e+00 
  7.870793819e+00 
  7.293880463e+00 
  7.786807537e+00 
  7.515019894e+00 
  7.608744144e+00 
  7.299242973e+00 
  7.497559547e+00 
  7.573201656e+00 
  7.466881275e+00 
  7.191570282e+00 
  7.252190590e+00 
  7.123334885e+00 
  7.201110840e+00 
  7.075499535e+00 
  7.089043617e+00 
  6.775403500e+00 
  6.825162411e+00 
  6.771812439e+00 
  6.863762379e+00 
  6.324152470e+00 
  6.770571232e+00 
  6.596981049e+00 
  6.692108154e+00 
  6.563612938e+00 
  6.350132465e+00 
  5.358864784e+00 
  5.685339451e+00 
  6.296143055e+00 
  6.270167351e+00 
  6.282755375e+00 
  6.277463913e+00 
  6.331579685e+00 
  6.222736835e+00 
  6.087730885e+00 
  6.078063965e+00 
  6.115177631e+00 
  5.958412170e+00 
  5.957150459e+00 
  6.006961823e+00 
  5.899899006e+00 
  5.802925587e+00 
  5.749831200e+00 
  5.756816864e+00 
  5.733963490e+00 
  5.613110065e+00 
  5.685324192e+00 
  5.539303780e+00 
  5.597688675e+00 
  5.485871315e+00 
  5.410751343e+00 
  5.383879662e+00 
  5.340437412e+00 
  5.343891621e+00 
  5.215270042e+00 
  5.244028568e+00 
  4.973987103e+00 
  4.473091602e+00 
  4.574138641e+00 
  4.522774220e+00 
  4.585342407e+00 
  4.675168037e+00 
  4.685305119e+00 
  4.677413940e+00 
  4.675210953e+00 
  4.599289894e+00 
  4.644859791e+00 
  4.706115723e+00 
  4.574743271e+00 
  4.563931465e+00 
  4.494921684e+00 
  4.354656219e+00 
  4.318377495e+00 
  4.408091068e+00 
  4.397706509e+00 
  4.382622242e+00 
  4.315347672e+00 
  4.233546257e+00 
  4.340052605e+00 
  4.179123878e+00 
  4.231990814e+00 
  4.184072971e+00 
  4.118542671e+00 
  4.064048767e+00 
  4.104617119e+00 
  3.917895079e+00 
  3.975963116e+00 
  3.723914862e+00 
  3.611543894e+00 
  3.524855375e+00 
  3.493732691e+00 
  3.633186817e+00 
  3.729276180e+00 
  3.662470102e+00 
  3.565525770e+00 
  3.520079374e+00 
  3.489490747e+00 
  3.534256458e+00 
  3.439981937e+00 
  3.318287134e+00 
  3.415470600e+00 
  3.333151340e+00 
  3.436519623e+00 
  3.425380468e+00 
  3.507641315e+00 
  3.449087143e+00 
  3.346753120e+00 
  3.386287928e+00 
  3.378424406e+00 
  3.259329557e+00 
  3.291346073e+00 
  3.258477211e+00 
  3.191749573e+00 
  3.276938200e+00 
  3.295169353e+00 
  3.195874453e+00 
  3.225774288e+00 
  3.258644819e+00 
  3.183686733e+00 
  3.168150902e+00 
  3.103585958e+00 
  3.078980684e+00 
  3.111312866e+00 
  3.065881968e+00 
  3.097484827e+00 
  3.063256502e+00 
  2.987287521e+00 
  2.992912769e+00 
  2.968041897e+00 
  2.680447340e+00 
  1.422142267e+00 
  1.302872896e+00 
  1.947848558e+00 
  1.769440293e+00 
  1.873829842e+00 
  2.119627476e+00 
  2.267710447e+00 
  2.423991203e+00 
  2.607842684e+00 
  2.656736374e+00 
  2.667552948e+00 
  2.674388885e+00 
  2.654466629e+00 
  2.631635189e+00 
  2.647773266e+00 
  2.535835028e+00 
  2.626996756e+00 
  2.595170259e+00 
  2.567626238e+00 
  2.562373638e+00 
  2.517311335e+00 
  2.500494242e+00 
  2.517294884e+00 
  2.445548296e+00 
  2.445883036e+00 
  2.436666727e+00 
  2.377850056e+00 
  2.393473148e+00 
  2.341410160e+00 
  2.329473734e+00 
  2.292802334e+00 
  2.271650553e+00 
  2.226423979e+00 
  2.218105793e+00 
  2.195563793e+00 
  2.165268183e+00 
  2.173010826e+00 
  2.180410147e+00 
  2.181752443e+00 
  2.166230202e+00 
  2.091251373e+00 
  2.120182514e+00 
  2.104543924e+00 
  2.064985037e+00 
  2.076793432e+00 
  2.016830206e+00 
  2.065458059e+00 
  2.042935133e+00 
  2.017590046e+00 
  1.970344424e+00 
  1.948212028e+00 
  1.962518215e+00 
  1.936824918e+00 
  1.907998562e+00 
  1.881775379e+00 
  1.835482717e+00 
  1.789612889e+00 
  1.792507887e+00 
  1.774295330e+00 
  1.724496365e+00 
  1.705628276e+00 
  1.782905579e+00 
  1.702190161e+00 
  1.661663294e+00 
  1.724741578e+00 
  1.746296167e+00 
  1.742891312e+00 
  1.724431992e+00 
  1.691680551e+00 
  1.689744949e+00 
  1.662931323e+00 
  1.627614617e+00 
  1.653638005e+00 
  1.598899126e+00 
  1.619982719e+00 
  1.625121713e+00 
  1.632864714e+00 
  1.611141562e+00 
  1.613700390e+00 
  1.558392763e+00 
  1.593319058e+00 
  1.587096214e+00 
  1.571867108e+00 
  1.558975816e+00 
  1.528196812e+00 
  1.545065999e+00 
  1.551708102e+00 
  1.492422938e+00 
  1.527543783e+00 
  1.523217916e+00 
  1.309876442e+00 
  1.492427468e+00 
  1.429046392e+00 
  1.440202951e+00 
  1.152267933e+00 
  1.263048172e+00 
  1.427435756e+00 
  1.443971157e+00 
  1.414392114e+00 
  1.408218741e+00 
  1.389313936e+00 
  1.382597685e+00 
  1.371685505e+00 
  1.391322255e+00 
  1.382083416e+00 
  1.350016952e+00 
  1.127087116e+00 
  1.194566250e+00 
  1.289471030e+00 
  1.265446305e+00 
  1.311454415e+00 
  1.303496838e+00 
  1.292255282e+00 
  1.291319728e+00 
  1.257098079e+00 
  1.239730358e+00 
  1.244133830e+00 
  1.263018847e+00 
  1.235324264e+00 
  1.232414603e+00 
  1.219429374e+00 
  1.150570631e+00 
  1.208393455e+00 
  1.175482154e+00 
  1.180044651e+00 
  1.186340213e+00 
  1.141627789e+00 
  1.125211954e+00 
  1.153559804e+00 
  1.156135321e+00 
  1.146806002e+00 
  1.135059834e+00 
  1.123602629e+00 
  1.068070054e+00 
  1.094569445e+00 
  1.022592902e+00 
  1.041098952e+00 
  9.959944487e-01 
  9.857463241e-01 
  9.604260325e-01 
  9.349154234e-01 
  9.059630036e-01 
  8.861862421e-01 
  9.626846910e-01 
  9.939779043e-01 
  9.860633016e-01 
  9.420725107e-01 
  9.311235547e-01 
  8.881511092e-01 
  8.696491122e-01 
  8.781250119e-01 
  8.807193637e-01 
  8.743689656e-01 
  8.721399307e-01 
  8.718456030e-01 
  8.597400188e-01 
  8.684230447e-01 
  8.549560308e-01 
  8.518906236e-01 
  8.771609664e-01 
  8.792247772e-01 
  8.531054854e-01 
  8.414849043e-01 
  7.989979386e-01 
  8.202672005e-01 
  8.267737627e-01 
  7.933780551e-01 
  8.092346191e-01 
  7.958549261e-01 
  7.608200312e-01 
  7.297440171e-01 
  6.974486113e-01 
  6.510624290e-01 
  6.237674356e-01 
  5.896919966e-01 
  5.757391453e-01 
  5.789865255e-01 
  5.868384838e-01 
  6.064363122e-01 
  6.855086684e-01 
  6.903929710e-01 
  6.624632478e-01 
  6.119557619e-01 
  6.032673717e-01 
  5.815706849e-01 
  5.979666710e-01 
  6.042804122e-01 
  6.102474928e-01 
  6.184835434e-01 
  6.169278026e-01 
  6.120957732e-01 
  6.216902733e-01 
  6.022703648e-01 
  6.098278761e-01 
  6.138597131e-01 
  5.617150664e-01 
  5.945708156e-01 
  6.226664186e-01 
  6.288903952e-01 
  6.236839890e-01 
  6.138098836e-01 
  6.022400260e-01 
  6.050047278e-01 
  6.174799800e-01 
  6.102008820e-01 
  6.136116385e-01 
  5.942838192e-01 
  6.208307743e-01 
  6.311103702e-01 
  6.419839859e-01 
  6.416019797e-01 
  6.330186725e-01 
  6.320582032e-01 
  6.174951792e-01 
  5.984821916e-01 
  5.946096182e-01 
  6.047275066e-01 
  5.959646702e-01 
  6.074095964e-01 
  5.897417068e-01 
  6.053973436e-01 
  6.093769670e-01 
  6.032778025e-01 
  6.044582129e-01 
  6.035364866e-01 
  6.040374637e-01 
  6.009268165e-01 
  6.071834564e-01 
  5.976646543e-01 
  5.879222751e-01 
  5.909511447e-01 
  5.949581265e-01 
  5.875091553e-01 
  5.849722624e-01 
  5.871047378e-01 
  5.814715028e-01 
  5.789689422e-01 
  5.765718818e-01 
  5.713469386e-01 
  5.673132539e-01 
  5.607331991e-01 
  5.603311658e-01 
  5.551374555e-01 
  5.469354391e-01 
  5.413674116e-01 
  5.041190386e-01 
  5.286030769e-01 
  5.356761217e-01 
  5.341355205e-01 
  5.266339183e-01 
  5.274148583e-01 
  5.247016549e-01 
  5.236489773e-01 
  5.182221532e-01 
  5.197736621e-01 
  5.081855655e-01 
  5.096842051e-01 
  5.028256178e-01 
  5.069807768e-01 
  4.926812351e-01 
  4.899401963e-01 
  4.933663011e-01 
  4.833931029e-01 
  4.900701344e-01 
  4.852544367e-01 
  4.840925634e-01 
  4.832947254e-01 
  4.782456756e-01 
  4.776699245e-01 
  4.690188468e-01 
  4.723123908e-01 
  4.691787362e-01 
  4.658661485e-01 
  4.555402100e-01 
  4.586264193e-01 
  4.519910514e-01 
  4.560039639e-01 
  4.446223080e-01 
  4.472715557e-01 
  4.473147988e-01 
  4.402604997e-01 
  4.408322573e-01 
  4.403920770e-01 
  4.310885370e-01 
  4.336327612e-01 
  4.300471544e-01 
  4.158641696e-01 
  4.217947125e-01 
  4.242295623e-01 
  4.197241962e-01 
  4.155251384e-01 
  4.138938785e-01 
  4.102914631e-01 
  4.088361263e-01 
  4.029884934e-01 
  4.042913914e-01 
  4.015654325e-01 
  3.991567791e-01 
  3.932053149e-01 
  3.793365657e-01 
  3.915239573e-01 
  3.763112426e-01 
  3.850915730e-01 
  3.769633770e-01 
  3.802060485e-01 
  3.780850768e-01 
  3.650783300e-01 
  3.722037673e-01 
  3.691243827e-01 
  3.400157988e-01 
  3.590174615e-01 
  3.581762314e-01 
  3.577797711e-01 
  3.447367549e-01 
  3.556125164e-01 
  3.437329829e-01 
  3.497643471e-01 
  3.474425673e-01 
  3.468475044e-01 
  3.321599662e-01 
  3.398067653e-01 
  3.261130154e-01 
  3.294889033e-01 
  3.189724684e-01 
  3.293999135e-01 
  3.226403296e-01 
  3.259588480e-01 
  3.061976433e-01 
  3.236830533e-01 
  3.084994853e-01 
  3.137519658e-01 
  3.149537742e-01 
  3.057385385e-01 
  2.991732955e-01 
  2.706379294e-01 
  2.919768691e-01 
  2.898174822e-01 
  2.845672667e-01 
  2.754882276e-01 
  2.709282041e-01 
  2.748140693e-01 
  2.738319635e-01 
  2.612212896e-01 
  2.709521651e-01 
  2.672563493e-01 
  2.640298307e-01 
  2.590064108e-01 
  2.581795156e-01 
  2.567060888e-01 
  2.584516108e-01 
  2.585121095e-01 
  2.533150315e-01 
  2.452208847e-01 
  2.366325259e-01 
  2.363715023e-01 
  2.247949243e-01 
  2.161318809e-01 
  2.062875032e-01 
  1.936276108e-01 
  1.824520826e-01 
  1.759752333e-01 
  1.750619709e-01 
  1.672057807e-01 
  1.709112227e-01 
  1.729916334e-01 
  1.675841510e-01 
  1.633111089e-01 
  1.687624604e-01 
  1.660875082e-01 
  1.725944728e-01 
  1.864997596e-01 
  1.920609474e-01 
  1.860332191e-01 
  1.706023812e-01 
  1.501936615e-01 
  1.529935151e-01 
  1.711638123e-01 
  1.830759943e-01 
  1.858122498e-01 
  1.924231797e-01 
  1.903571337e-01 
  1.805271953e-01 
  1.834275275e-01 
  1.754415929e-01 
  1.691369563e-01 
  1.631226838e-01 
  1.657544822e-01 
  1.710328162e-01 
  1.733387411e-01 
  1.750947982e-01 
  1.738286316e-01 
  1.754313409e-01 
  1.758380681e-01 
  1.768888682e-01 
  1.766160578e-01 
  1.808197647e-01 
  1.819072068e-01 
  1.915152371e-01 
  1.944260150e-01 
  1.939776540e-01 
  1.920479387e-01 
  1.902034134e-01 
  1.986949593e-01 
  2.016693950e-01 
  1.975471526e-01 
  2.009224892e-01 
  1.956351548e-01 
  1.985151321e-01 
  1.994180977e-01 
  1.922492981e-01 
  1.971268058e-01 
  1.983988434e-01 
  1.964802295e-01 
  1.938699037e-01 
  1.933324784e-01 
  1.919800043e-01 
  1.881539077e-01 
  1.925893724e-01 
  1.872976422e-01 
  1.858362257e-01 
  1.872881651e-01 
  1.844846159e-01 
  1.829136461e-01 
  1.717998534e-01 
  1.796314716e-01 
  1.830817014e-01 
  1.808664352e-01 
  1.786409467e-01 
  1.767478883e-01 
  1.668184698e-01 
  1.770823151e-01 
  1.800721586e-01 
  1.796984673e-01 
  1.788987368e-01 
  1.777760983e-01 
  1.740358025e-01 
  1.734943837e-01 
  1.723236889e-01 
  1.658482254e-01 
  1.585348696e-01 
  1.683580726e-01 
  1.690695137e-01 
  1.687285751e-01 
  1.595056802e-01 
  1.617317945e-01 
  1.667243391e-01 
  1.660514474e-01 
  1.669940948e-01 
  1.638054699e-01 
  1.526840925e-01 
  1.622085720e-01 
  1.562027782e-01 
  1.607690006e-01 
  1.616071165e-01 
  1.602625102e-01 
  1.605359465e-01 
  1.604873538e-01 
  1.604208052e-01 
  1.595773101e-01 
  1.576452702e-01 
  1.582363993e-01 
  1.575575173e-01 
  1.562612504e-01 
  1.550821811e-01 
  1.563357264e-01 
  1.550867558e-01 
  1.552840024e-01 
  1.497863531e-01 
  1.542657316e-01 
  1.538114250e-01 
  1.530250013e-01 
  1.526490450e-01 
  1.504662335e-01 
  1.511838287e-01 
  1.504897028e-01 
  1.490621120e-01 
  1.495219618e-01 
  1.491206437e-01 
  1.485567540e-01 
  1.463785768e-01 
  1.452142745e-01 
  1.459669471e-01 
  1.445761323e-01 
  1.424513757e-01 
  1.405806839e-01 
  1.424467117e-01 
  1.407947838e-01 
  1.394850761e-01 
  1.400264502e-01 
  1.389745027e-01 
  1.378609985e-01 
  1.363156140e-01 
  1.352902353e-01 
  1.335585862e-01 
  1.331382394e-01 
  1.322170496e-01 
  1.312524825e-01 
  1.289663911e-01 
  1.283554882e-01 
  1.259119511e-01 
  1.249950230e-01 
  1.236154884e-01 
  1.191463172e-01 
  1.196328625e-01 
  1.170104891e-01 
  1.167109311e-01 
  1.165392995e-01 
  1.133728474e-01 
  1.111922264e-01 
  1.115770862e-01 
  1.142984256e-01 
  1.154980734e-01 
  1.155247763e-01 
  1.156786308e-01 
  1.153703108e-01 
  1.161147058e-01 
  1.162487864e-01 
  1.160588115e-01 
  1.156703457e-01 
  1.147684231e-01 
  1.141413823e-01 
  1.109373942e-01 
  9.851840138e-02 
  1.080541313e-01 
  1.122645363e-01 
  1.129002720e-01 
  1.124287471e-01 
  1.125476137e-01 
  1.105729640e-01 
  1.106404662e-01 
  1.077661887e-01 
  1.090867743e-01 
  1.096621156e-01 
  1.094886214e-01 
  1.070438325e-01 
  1.072438508e-01 
  1.063633114e-01 
  1.048825458e-01 
  1.036090702e-01 
  1.043161452e-01 
  1.035158560e-01 
  1.029243544e-01 
  1.009556428e-01 
  9.909533709e-02 
  9.850154817e-02 
  9.864068776e-02 
  9.828476608e-02 
  9.746055305e-02 
  9.652767330e-02 
  9.536729753e-02 
  9.459003806e-02 
  9.402640164e-02 
  9.252987057e-02 
  8.756569773e-02 
  8.944878727e-02 
  8.657301962e-02 
  8.895349503e-02 
  8.959625661e-02 
  8.707745373e-02 
  8.655752242e-02 
  8.402023464e-02 
  8.277540654e-02 
  8.342163265e-02 
  8.450731635e-02 
  8.488806337e-02 
  8.404711634e-02 
  8.233539760e-02 
  7.912811637e-02 
  7.656069100e-02 
  6.920763105e-02 
  6.850418448e-02 
  6.757830828e-02 
  6.620447338e-02 
  6.866478920e-02 
  6.982950121e-02 
  7.060806453e-02 
  6.999628991e-02 
  7.024974376e-02 
  7.063908130e-02 
  7.007226348e-02 
  6.991948932e-02 
  7.065004110e-02 
  7.034613192e-02 
  6.839771569e-02 
  6.576579064e-02 
  5.983319134e-02 
  5.540730059e-02 
  5.315061659e-02 
  4.966523126e-02 
  4.807737097e-02 
  4.457024112e-02 
  4.294243082e-02 
  4.104804993e-02 
  3.843105957e-02 
  3.698090836e-02 
  3.535888344e-02 
  3.398136422e-02 
  3.228040412e-02 
  3.161486983e-02 
  2.975773811e-02 
  2.816291526e-02 
  2.804997563e-02 
  2.766614035e-02 
  2.795255743e-02 
  2.856744453e-02 
  2.853058837e-02 
  2.880859934e-02 
  2.800537832e-02 
  2.777701616e-02 
  2.724007890e-02 
  2.827482857e-02 
  2.989865281e-02 
  3.229616955e-02 
  3.368959203e-02 
  3.462736309e-02 
  3.434798867e-02 
  3.350609541e-02 
  3.325607255e-02 
  3.179746494e-02 
  3.054622747e-02 
  2.836562134e-02 
  2.693201602e-02 
  2.569006570e-02 
  2.580303140e-02 
  2.680034749e-02 
  2.740247175e-02 
  2.882281132e-02 
  3.052374907e-02 
  3.187833726e-02 
  3.247901797e-02 
  3.195692226e-02 
  3.187987953e-02 
  3.044841997e-02 
  2.918858081e-02 
  2.792140469e-02 
  2.821728215e-02 
  2.948200144e-02 
  3.043269925e-02 
  3.045974486e-02 
  2.996426634e-02 
  2.890064381e-02 
  2.908986621e-02 
  3.033976443e-02 
  3.067110106e-02 
  3.014924005e-02 
  3.022438101e-02 
  2.982138470e-02 
  2.985844947e-02 
  3.056324646e-02 
  3.144064173e-02 
  3.252029419e-02 
  3.367307410e-02 
  3.229781985e-02 
  3.335493430e-02 
  3.350618109e-02 
  3.412993625e-02 
  3.456019238e-02 
  3.487978131e-02 
  3.486874700e-02 
  3.439143673e-02 
  3.444405273e-02 
  3.590273485e-02 
  3.547130525e-02 
  3.535326943e-02 
  3.524112329e-02 
  3.551083058e-02 
  3.402489424e-02 
  3.489594162e-02 
  3.588417172e-02 
  3.530347347e-02 
  3.427593783e-02 
  3.320782632e-02 
  3.322545066e-02 
  3.312910348e-02 
  3.216491267e-02 
  3.306416795e-02 
  3.322444856e-02 
  3.337755427e-02 
  3.386248648e-02 
  3.428209946e-02 
  3.235748410e-02 
  3.407773376e-02 
  3.303188831e-02 
  3.350538015e-02 
  3.380991891e-02 
  3.370128945e-02 
  3.441724926e-02 
  3.458863869e-02 
  3.484019265e-02 
  3.450838849e-02 
  3.375667334e-02 
  3.366956115e-02 
  3.387364000e-02 
  3.565641865e-02 
  3.696414828e-02 
  3.724407777e-02 
  3.793154284e-02 
  3.831105679e-02 
  3.886090592e-02 
  3.829698265e-02 
  3.702959418e-02 
  3.656056896e-02 
  3.534882516e-02 
  3.501157090e-02 
  3.469569236e-02 
  3.449831530e-02 
  3.295674548e-02 
  3.323853761e-02 
  3.185555339e-02 
  3.137276694e-02 
  3.084101342e-02 
  3.109157085e-02 
  3.229505941e-02 
  3.400236368e-02 
  3.413617611e-02 
  3.473791853e-02 
  3.469779715e-02 
  3.432068229e-02 
  3.335915133e-02 
  3.318074718e-02 
  3.352733701e-02 
  3.344158456e-02 
  3.432092443e-02 
  3.368134424e-02 
  3.388695419e-02 
  3.436163068e-02 
  3.415514156e-02 
  3.514376283e-02 
  3.069887497e-02 
  3.649177030e-02 
  3.766218945e-02 
  3.855450451e-02 
  3.767560050e-02 
  3.878599778e-02 
  3.858575970e-02 
  3.860490024e-02 
  3.803053871e-02 
  3.885444254e-02 
  3.971379995e-02 
  3.949489444e-02 
  4.045592993e-02 
  4.017439112e-02 
  3.954434767e-02 
  3.529052809e-02 
  3.679090366e-02 
  3.697079793e-02 
  3.738129139e-02 
  3.935971111e-02 
  3.883655369e-02 
  3.910723701e-02 
  3.968155012e-02 
  3.990386054e-02 
  3.915075958e-02 
  3.902207687e-02 
  3.838687390e-02 
  3.914738074e-02 
  3.871883452e-02 
  3.848996013e-02 
  3.930097446e-02 
  3.885963559e-02 
  3.931059688e-02 
  3.862797841e-02 
  3.830294684e-02 
  3.917682916e-02 
  3.873257712e-02 
  3.770172969e-02 
  3.867145255e-02 
  3.821384907e-02 
  3.843309730e-02 
  3.820999339e-02 
  3.570736945e-02 
  3.808676824e-02 
  3.777869418e-02 
  3.751040250e-02 
  3.685833514e-02 
  3.692194447e-02 
  3.731854260e-02 
  3.737784550e-02 
  3.629337251e-02 
  3.698139638e-02 
  3.555470705e-02 
  3.621609882e-02 
  3.633657098e-02 
  3.615577146e-02 
  3.654386103e-02 
  3.660617396e-02 
  3.654822335e-02 
  3.611579910e-02 
  3.496627510e-02 
  3.576919809e-02 
  3.548014164e-02 
  3.520399332e-02 
  3.571531177e-02 
  3.544722497e-02 
  3.405160829e-02 
  3.452933580e-02 
  3.377917409e-02 
  3.479381651e-02 
  3.443310410e-02 
  3.434571624e-02 
  3.366532549e-02 
  3.436211869e-02 
  3.426095471e-02 
  3.363962471e-02 
  3.284863755e-02 
  3.320976719e-02 
  3.249680623e-02 
  3.229627758e-02 
  3.138753772e-02 
  3.125814721e-02 
  3.026514500e-02 
  3.099673055e-02 
  3.087882139e-02 
  3.034100123e-02 
  3.040324152e-02 
  2.818879113e-02 
  3.020688146e-02 
  2.722178586e-02 
  2.973465435e-02 
  2.986099012e-02 
  3.045303375e-02 
  3.017440997e-02 
  2.956424281e-02 
  2.992464975e-02 
  2.964814194e-02 
  3.049985506e-02 
  3.004057705e-02 
  2.967816219e-02 
  2.917310223e-02 
  2.663570642e-02 
  2.862377651e-02 
  2.791353315e-02 
  2.930986695e-02 
  2.985122055e-02 
  2.951371111e-02 
  2.954242751e-02 
  2.760392800e-02 
  2.850839682e-02 
  2.876222692e-02 
  2.750070766e-02 
  2.771539800e-02 
  2.648205124e-02 
  2.704241872e-02 
  2.681778930e-02 
  2.716585808e-02 
  2.669713832e-02 
  2.655434981e-02 
  2.657551691e-02 
  2.679473162e-02 
  2.662509866e-02 
  2.492818236e-02 
  2.568032779e-02 
  2.596727572e-02 
  2.658250928e-02 
  2.625604905e-02 
  2.670308761e-02 
  2.503046021e-02 
  2.576868609e-02 
  2.650551498e-02 
  2.642240189e-02 
  2.575200424e-02 
  2.535092831e-02 
  2.592459507e-02 
  2.641101740e-02 
  2.654359490e-02 
  2.584978193e-02 
  2.607317641e-02 
  2.597876638e-02 
  2.610984817e-02 
  2.602802962e-02 
  2.523602732e-02 
  2.556750178e-02 
  2.548225969e-02 
  2.507962845e-02 
  2.439709567e-02 
  2.498961613e-02 
  2.482650056e-02 
  2.361253276e-02 
  2.338277176e-02 
  2.303320542e-02 
  2.307911403e-02 
  2.285483107e-02 
  2.277020551e-02 
  2.329231985e-02 
  2.287336625e-02 
  2.285774052e-02 
  2.307586744e-02 
  2.323384397e-02 
  2.307334170e-02 
  2.248995006e-02 
  2.300385013e-02 
  2.244117297e-02 
  2.284214087e-02 
  2.256205492e-02 
  2.275967784e-02 
  2.228406072e-02 
  2.268375829e-02 
  2.246435173e-02 
  2.255669422e-02 
  2.209656499e-02 
  2.229619212e-02 
  2.232825384e-02 
  2.209875919e-02 
  2.188772522e-02 
  2.172037773e-02 
  2.144784667e-02 
  2.130709589e-02 
  2.148588374e-02 
  2.107105963e-02 
  2.108432166e-02 
  2.150250040e-02 
  2.131479606e-02 
  2.025732212e-02 
  2.078367211e-02 
  2.082345821e-02 
  2.058038116e-02 
  2.020051144e-02 
  2.025345899e-02 
  2.031828277e-02 
  1.999251172e-02 
  1.925997064e-02 
  1.854887977e-02 
  1.903866045e-02 
  1.946100220e-02 
  1.977389306e-02 
  1.978336833e-02 
  1.949922740e-02 
  1.953510940e-02 
  1.950054429e-02 
  1.922014728e-02 
  1.915930025e-02 
  1.936118864e-02 
  1.935063675e-02 
  1.923635975e-02 
  1.916390471e-02 
  1.912537776e-02 
  1.896810532e-02 
  1.880661026e-02 
  1.887568273e-02 
  1.870997064e-02 
  1.843107492e-02 
  1.841903850e-02 
  1.831490919e-02 
  1.790084876e-02 
  1.818151958e-02 
  1.822093129e-02 
  1.795259677e-02 
  1.786694489e-02 
  1.733065769e-02 
  1.760598645e-02 
  1.775597222e-02 
  1.636873931e-02 
  1.746955700e-02 
  1.751659065e-02 
  1.747702807e-02 
  1.744761877e-02 
  1.731548831e-02 
  1.711255312e-02 
  1.698187552e-02 
  1.708692312e-02 
  1.666212827e-02 
  1.637964696e-02 
  1.662138104e-02 
  1.575408503e-02 
  1.595434733e-02 
  1.614415459e-02 
  1.627269015e-02 
  1.615652256e-02 
  1.576637849e-02 
  1.605038159e-02 
  1.604457572e-02 
  1.578257605e-02 
  1.557034999e-02 
  1.454511005e-02 
  1.479409728e-02 
  1.485409401e-02 
  1.410128269e-02 
  1.388173271e-02 
  1.452860236e-02 
  1.472090185e-02 
  1.474056393e-02 
  1.436700113e-02 
  1.478492282e-02 
  1.451018173e-02 
  1.468045264e-02 
  1.421967521e-02 
  1.429283246e-02 
  1.390588842e-02 
  1.438821666e-02 
  1.424092241e-02 
  1.417686697e-02 
  1.391591225e-02 
  1.398719475e-02 
  1.399525534e-02 
  1.396790240e-02 
  1.372414641e-02 
  1.383964252e-02 
  1.381796598e-02 
  1.367846318e-02 
  1.370335743e-02 
  1.357833110e-02 
  1.330622844e-02 
  1.294654794e-02 
  1.306066755e-02 
  1.277455781e-02 
  1.296790037e-02 
  1.287073176e-02 
  1.283851918e-02 
  1.262599695e-02 
  1.269022468e-02 
  1.246002875e-02 
  1.245359611e-02 
  1.242678426e-02 
  1.240328513e-02 
  1.211607829e-02 
  1.178388670e-02 
  1.172966789e-02 
  1.139316149e-02 
  1.119842008e-02 
  1.128555648e-02 
  1.119660959e-02 
  1.116441377e-02 
  1.099251956e-02 
  1.080640964e-02 
  1.079116669e-02 
  1.071683224e-02 
  1.077981479e-02 
  1.084227581e-02 
  1.078063436e-02 
  1.047995314e-02 
  1.037648600e-02 
  1.011942700e-02 
  9.953126311e-03 
  9.640360251e-03 
  9.305358864e-03 
  9.361267090e-03 
  9.046058170e-03 
  8.692190051e-03 
  8.703473024e-03 
  8.295929059e-03 
  8.234076202e-03 
  7.729029283e-03 
  7.469099015e-03 
  7.418206427e-03 
  7.496334612e-03 
  7.450298872e-03 
  7.240226958e-03 
  7.117031142e-03 
  7.022237871e-03 
  6.814799272e-03 
  6.521000061e-03 
  6.496512331e-03 
  6.246002391e-03 
  6.244792137e-03 
  6.053741556e-03 
  5.702598020e-03 
  5.611194763e-03 
  5.315790884e-03 
  4.947031382e-03 
  5.158956628e-03 
  5.222077481e-03 
  5.247374997e-03 
  5.164734554e-03 
  5.072804634e-03 
  5.191942211e-03 
  4.897721577e-03 
  4.911106545e-03 
  4.738380667e-03 
  4.683692940e-03 
  4.322758410e-03 
  4.262336530e-03 
  4.240749869e-03 
  4.128918517e-03 
  3.968212754e-03 
  3.946906887e-03 
  3.706506686e-03 
  3.703608643e-03 
  3.630599473e-03 
  3.502796171e-03 
  3.644592129e-03 
  3.663088661e-03 
  3.732147859e-03 
  3.767427290e-03 
  3.635963192e-03 
  3.829615191e-03 
  3.804524429e-03 
  3.761891741e-03 
  3.481619759e-03 
  3.575772746e-03 
  3.622869961e-03 
  3.642670810e-03 
  3.613835666e-03 
  3.582843347e-03 
  3.493164899e-03 
  3.544753883e-03 
  3.542456310e-03 
  3.413838800e-03 
  3.542643273e-03 
  3.591040149e-03 
  3.660260700e-03 
  3.606974613e-03 
  3.779043676e-03 
  3.739842214e-03 
  3.750723554e-03 
  3.702085465e-03 
  3.706834512e-03 
  3.468584036e-03 
  3.402062226e-03 
  3.144285409e-03 
  3.210731549e-03 
  2.967517823e-03 
  2.834840212e-03 
  2.804037416e-03 
  2.810274484e-03 
  2.798349131e-03 
  2.734434325e-03 
  2.535669832e-03 
  3.185890382e-03 
  3.437480889e-03 
  3.501732834e-03 
  3.522238694e-03 
  3.619592637e-03 
  3.680902300e-03 
  3.703635884e-03 
  3.712004283e-03 
  3.682227805e-03 
  3.552079666e-03 
  3.717352869e-03 
  3.657552646e-03 
  3.587267594e-03 
  3.444180591e-03 
  3.552208422e-03 
  3.435019171e-03 
  3.286486259e-03 
  3.410459030e-03 
  3.319575917e-03 
  3.177373204e-03 
  3.155008191e-03 
  3.088077996e-03 
  3.031712491e-03 
  2.989194356e-03 
  3.007167717e-03 
  2.955298405e-03 
  2.969844732e-03 
  2.935803263e-03 
  3.046011319e-03 
  3.050892847e-03 
  3.131578676e-03 
  3.065642901e-03 
  3.117304062e-03 
  3.113975748e-03 
  3.101618960e-03 
  3.003497841e-03 
  3.148820717e-03 
  3.218084807e-03 
  3.189433366e-03 
  3.305473598e-03 
  3.315117676e-03 
  3.388323123e-03 
  3.366241232e-03 
  3.338435432e-03 
  3.464648500e-03 
  3.523991909e-03 
  3.477223217e-03 
  3.537737997e-03 
  3.513374599e-03 
  3.524692031e-03 
  3.528656438e-03 
  3.485333873e-03 
  3.414988518e-03 
  3.542596241e-03 
  3.542582272e-03 
  3.643650096e-03 
  3.575968323e-03 
  3.711642465e-03 
  3.732492914e-03 
  3.774935612e-03 
  3.769902745e-03 
  3.834658768e-03 
  3.655908862e-03 
  3.776689293e-03 
  3.805064596e-03 
  3.832343733e-03 
  3.711839207e-03 
  3.540870268e-03 
  3.319750540e-03 
  3.534261137e-03 
  3.746693721e-03 
  3.779321676e-03 
  3.815758042e-03 
  3.674260806e-03 
  3.560126759e-03 
  3.549493151e-03 
  3.635528265e-03 
  3.567003645e-03 
  3.555006580e-03 
  3.482515225e-03 
  3.563825972e-03 
  3.573020920e-03 
  3.702363698e-03 
  3.666824661e-03 
  3.841743339e-03 
  3.757529426e-03 
  3.871898400e-03 
  3.868350293e-03 
  4.172913730e-03 
  4.062553868e-03 
  4.336549900e-03 
  4.340740386e-03 
  4.510975908e-03 
  4.541393835e-03 
  4.703087267e-03 
  4.656178877e-03 
  4.587107338e-03 
  4.703260958e-03 
  4.922749009e-03 
  4.915739410e-03 
  4.994617775e-03 
  4.730592016e-03 
  5.072279368e-03 
  4.902944434e-03 
  5.042002536e-03 
  5.076373462e-03 
  5.111861508e-03 
  5.045886151e-03 
  5.058103707e-03 
  4.946946632e-03 
  4.961655475e-03 
  5.086558871e-03 
  5.051874556e-03 
  5.027254112e-03 
  4.971622955e-03 
  4.892281257e-03 
  4.677432124e-03 
  4.705708940e-03 
  4.534113687e-03 
  4.523848649e-03 
  4.017551430e-03 
  3.933574073e-03 
  3.450683085e-03 
  3.445237176e-03 
  2.953973133e-03 
  2.952851355e-03 
  2.661625622e-03 
  2.654277021e-03 
  2.677100711e-03 
  2.602429129e-03 
  2.756851027e-03 
  2.749405568e-03 
  2.815376502e-03 
  2.814975800e-03 
  2.835870953e-03 
  2.826919546e-03 
  2.868539887e-03 
  2.834800165e-03 
  2.939168131e-03 
  2.928609494e-03 
  3.099408234e-03 
  3.100608476e-03 
  3.367514582e-03 
  3.335652174e-03 
  3.482423956e-03 
  3.598064650e-03 
  3.875099588e-03 
  3.871012246e-03 
  4.032384139e-03 
  4.060973413e-03 
  4.179528914e-03 
  4.185817670e-03 
  4.202092998e-03 
  4.144827835e-03 
  4.228732549e-03 
  4.290908109e-03 
  4.342563450e-03 
  4.330662545e-03 
  4.198434297e-03 
  4.288497847e-03 
  4.317091778e-03 
  4.077531863e-03 
  4.210863728e-03 
  4.236796405e-03 
  4.196295049e-03 
  4.149147775e-03 
  4.107686691e-03 
  4.098963924e-03 
  3.977803979e-03 
  3.967363853e-03 
  3.938192036e-03 
  3.756905673e-03 
  3.770125797e-03 
  3.563380800e-03 
  3.536772449e-03 
  3.400990507e-03 
  3.346609650e-03 
  3.342206823e-03 
  3.361070296e-03 
  3.390197875e-03 
  3.370592371e-03 
  3.420967376e-03 
  3.415543353e-03 
  3.417075379e-03 
  3.320178250e-03 
  3.411181271e-03 
  3.391948761e-03 
  3.183252178e-03 
  3.363372060e-03 
  3.361005336e-03 
  3.369333223e-03 
  3.334354842e-03 
  3.392952960e-03 
  3.272849135e-03 
  3.464511363e-03 
  3.418239066e-03 
  3.562853904e-03 
  3.550682915e-03 
  3.626555204e-03 
  3.615478752e-03 
  3.664731747e-03 
  3.656861605e-03 
  3.589124419e-03 
  3.658179427e-03 
  3.615611466e-03 
  3.660119371e-03 
  3.589326749e-03 
  3.610170214e-03 
  3.633304499e-03 
  3.656583605e-03 
  3.647841746e-03 
  3.665720811e-03 
  3.663897980e-03 
  3.667226294e-03 
  3.632873064e-03 
  3.487586044e-03 
  3.608766012e-03 
  3.635805100e-03 
  3.515464487e-03 
  3.614399349e-03 
  3.597873496e-03 
  3.586126491e-03 
  3.592199646e-03 
  3.594907466e-03 
  3.584875958e-03 
  3.602509387e-03 
  3.540833713e-03 
  3.588721622e-03 
  3.578914562e-03 
  3.585433355e-03 
  3.567929380e-03 
  3.557652934e-03 
  3.532733070e-03 
  3.443609923e-03 
  3.517156933e-03 
  3.500988474e-03 
  3.476641839e-03 
  3.480895888e-03 
  3.471578471e-03 
  3.441353794e-03 
  3.352710744e-03 
  3.423810937e-03 
  3.440426430e-03 
  3.351750318e-03 
  3.417569678e-03 
  3.381756600e-03 
  3.377652494e-03 
  3.319477662e-03 
  3.384826006e-03 
  3.395626787e-03 
  3.330267267e-03 
  3.393250518e-03 
  3.379264846e-03 
  3.360286355e-03 
  3.374218475e-03 
  3.361877520e-03 
  3.353148233e-03 
  3.336784663e-03 
  3.334465902e-03 
  3.206741763e-03 
  3.309828928e-03 
  3.302958328e-03 
  3.280284116e-03 
  3.270016285e-03 
  3.266957356e-03 
  3.241528990e-03 
  3.219315317e-03 
  3.196293721e-03 
  3.158573527e-03 
  3.102365881e-03 
  3.128052223e-03 
  3.123614937e-03 
  3.079387825e-03 
  3.069945844e-03 
  3.039580770e-03 
  3.026513383e-03 
  2.992820460e-03 
  2.994353417e-03 
  2.987602027e-03 
  2.984752879e-03 
  2.971637761e-03 
  2.961953636e-03 
  2.942794235e-03 
  2.927852562e-03 
  2.919533756e-03 
  2.875087550e-03 
  2.872098936e-03 
  2.826649230e-03 
  2.727566753e-03 
  2.445569262e-03 
  2.670825226e-03 
  2.750282176e-03 
  2.818181412e-03 
  2.810319420e-03 
  2.829599427e-03 
  2.813741565e-03 
  2.818689682e-03 
  2.802935429e-03 
  2.801199909e-03 
  2.778910333e-03 
  2.748108003e-03 
  2.763068769e-03 
  2.652256517e-03 
  2.754264511e-03 
  2.744874917e-03 
  2.714857925e-03 
  2.643105807e-03 
  2.702573314e-03 
  2.704469021e-03 
  2.702792641e-03 
  2.694284543e-03 
  2.621494001e-03 
  2.602248918e-03 
  2.629006049e-03 
  2.654588548e-03 
  2.642518841e-03 
  2.608145820e-03 
  2.596603939e-03 
  2.584172180e-03 
  2.549429424e-03 
  2.534800675e-03 
  2.513467800e-03 
  2.505311277e-03 
  2.491471823e-03 
  2.489073435e-03 
  2.480558818e-03 
  2.503910335e-03 
  2.499830676e-03 
  2.488167491e-03 
  2.422489226e-03 
  2.387306653e-03 
  2.504713601e-03 
  2.448507585e-03 
  2.523110481e-03 
  2.516317647e-03 
  2.503704280e-03 
  2.499116352e-03 
  2.484600060e-03 
  2.479705494e-03 
  2.454441274e-03 
  2.414528746e-03 
  2.439398086e-03 
  2.442785073e-03 
  2.430211287e-03 
  2.421646146e-03 
  2.407675143e-03 
  2.401569625e-03 
  2.391323680e-03 
  2.374809235e-03 
  2.329600975e-03 
  2.332044998e-03 
  2.326020738e-03 
  2.342707478e-03 
  2.313051140e-03 
  2.312421333e-03 
  2.308158902e-03 
  2.297200728e-03 
  2.288804622e-03 
  2.272307873e-03 
  2.259092405e-03 
  2.256095177e-03 
  2.226248151e-03 
  2.175623085e-03 
  2.198493108e-03 
  2.216219902e-03 
  2.207486890e-03 
  2.166776685e-03 
  2.179343253e-03 
  2.176023088e-03 
  2.167491708e-03 
  2.161676530e-03 
  2.099220641e-03 
  2.139117103e-03 
  2.117455006e-03 
  2.111205831e-03 
  2.110881964e-03 
  2.078009769e-03 
  2.022492699e-03 
  2.062968677e-03 
  2.043761546e-03 
  2.040088875e-03 
  2.035705606e-03 
  2.034388250e-03 
  2.015960403e-03 
  2.002534457e-03 
  2.002824796e-03 
  1.928516780e-03 
  1.995931612e-03 
  1.980619039e-03 
  1.952597522e-03 
  1.966410317e-03 
  1.964058029e-03 
  1.956086606e-03 
  1.946849865e-03 
  1.926505822e-03 
  1.940896851e-03 
  1.935288543e-03 
  1.926126424e-03 
  1.894210349e-03 
  1.914346707e-03 
  1.911327941e-03 
  1.906943507e-03 
  1.897695125e-03 
  1.888641040e-03 
  1.792895491e-03 
  1.847944921e-03 
  1.850187662e-03 
  1.843613223e-03 
  1.833741786e-03 
  1.828395412e-03 
  1.828869688e-03 
  1.819348196e-03 
  1.799482736e-03 
  1.796276425e-03 
  1.768962713e-03 
  1.774595818e-03 
  1.768004033e-03 
  1.670961268e-03 
  1.712234458e-03 
  1.702496782e-03 
  1.669594552e-03 
  1.703670365e-03 
  1.705652103e-03 
  1.698143315e-03 
  1.693902421e-03 
  1.710407319e-03 
  1.702368492e-03 
  1.693830243e-03 
  1.709933626e-03 
  1.708762138e-03 
  1.708507654e-03 
  1.705271658e-03 
  1.691459329e-03 
  1.680261572e-03 
  1.682608505e-03 
  1.671836129e-03 
  1.652951469e-03 
  1.640469651e-03 
  1.582365367e-03 
  1.602754579e-03 
  1.584426616e-03 
  1.609163708e-03 
  1.599944080e-03 
  1.576214214e-03 
  1.582063502e-03 
  1.578103285e-03 
  1.501184073e-03 
  1.540209982e-03 
  1.550111338e-03 
  1.531144953e-03 
  1.557536423e-03 
  1.565273968e-03 
  1.550048357e-03 
  1.544721192e-03 
  1.535116578e-03 
  1.522029634e-03 
  1.518363249e-03 
  1.490311581e-03 
  1.466622343e-03 
  1.474474906e-03 
  1.455432968e-03 
  1.445433358e-03 
  1.405619201e-03 
  1.425317954e-03 
  1.424596994e-03 
  1.409857650e-03 
  1.400803798e-03 
  1.394337858e-03 
  1.382434508e-03 
  1.383370487e-03 
  1.372991246e-03 
  1.369096572e-03 
  1.373305218e-03 
  1.362276031e-03 
  1.367161516e-03 
  1.343627926e-03 
  1.300391043e-03 
  1.331935986e-03 
  1.344835269e-03 
  1.355853165e-03 
  1.342595904e-03 
  1.340730116e-03 
  1.362212352e-03 
  1.361074625e-03 
  1.348805381e-03 
  1.333549735e-03 
  1.329418155e-03 
  1.330781146e-03 
  1.300632604e-03 
  1.301107579e-03 
  1.269042841e-03 
  1.260541962e-03 
  1.246367465e-03 
  1.221429091e-03 
  1.233507297e-03 
  1.231816830e-03 
  1.232396229e-03 
  1.170252566e-03 
  1.207255526e-03 
  1.230458496e-03 
  1.224432257e-03 
  1.218763995e-03 
  1.231412869e-03 
  1.225350657e-03 
  1.219393103e-03 
  1.220292877e-03 
  1.159798121e-03 
  1.157285180e-03 
  1.164279878e-03 
  1.170846983e-03 
  1.157231745e-03 
  1.186282956e-03 
  1.180024934e-03 
  1.193389762e-03 
  1.189323375e-03 
  1.184232300e-03 
  1.176392310e-03 
  1.189681585e-03 
  1.177200465e-03 
  1.176558202e-03 
  1.180087100e-03 
  1.170077594e-03 
  1.169953728e-03 
  1.157086459e-03 
  1.152508659e-03 
  1.156440354e-03 
  1.146067632e-03 
  1.128719538e-03 
  1.134273596e-03 
  1.115928055e-03 
  1.105022151e-03 
  1.105113071e-03 
  1.099725021e-03 
  1.082735369e-03 
  1.081949798e-03 
  1.078803558e-03 
  1.063087489e-03 
  1.024378696e-03 
  1.020780182e-03 
  9.855071548e-04 
  1.028270228e-03 
  1.035504043e-03 
  1.063511125e-03 
  1.050389721e-03 
  1.054997789e-03 
  1.067291363e-03 
  1.058031572e-03 
  1.059422502e-03 
  1.054194057e-03 
  1.065736637e-03 
  1.052609645e-03 
  1.050193212e-03 
  1.055535511e-03 
  1.047482598e-03 
  1.034364686e-03 
  1.039055176e-03 
  1.034136745e-03 
  1.000458375e-03 
  9.878596757e-04 
  1.013818663e-03 
  1.005449332e-03 
  9.796984959e-04 
  1.003415673e-03 
  9.857641999e-04 
  9.727096185e-04 
  9.770949837e-04 
  9.482758469e-04 
  9.419992566e-04 
  9.233599994e-04 
  8.952340577e-04 
  8.958113031e-04 
  8.854334010e-04 
  8.839938673e-04 
  8.887209115e-04 
  8.809186984e-04 
  8.790635620e-04 
  8.912966587e-04 
  9.127628873e-04 
  9.018834680e-04 
  8.988351910e-04 
  8.655951824e-04 
  9.090959793e-04 
  9.138763999e-04 
  9.067689534e-04 
  8.922232082e-04 
  8.930892800e-04 
  8.849584847e-04 
  8.732661372e-04 
  8.649918018e-04 
  8.568365593e-04 
  8.370902506e-04 
  8.356480976e-04 
  8.280063630e-04 
  7.627774612e-04 
  7.940284559e-04 
  7.895721938e-04 
  7.761892048e-04 
  7.611135370e-04 
  7.739252760e-04 
  7.360767922e-04 
  7.456354797e-04 
  7.408039528e-04 
  6.832854124e-04 
  6.920571323e-04 
  6.790996413e-04 
  6.575504667e-04 
  6.382094580e-04 
  6.669433787e-04 
  6.411771756e-04 
  6.362178246e-04 
  6.006789044e-04 
  6.264644908e-04 
  6.249520229e-04 
  6.271325983e-04 
  6.237219204e-04 
  6.251940504e-04 
  6.142341881e-04 
  6.265838747e-04 
  6.186531973e-04 
  6.137008313e-04 
  6.256855559e-04 
  6.203470402e-04 
  6.221872754e-04 
  6.139778998e-04 
