  2.714370191e-01 
  7.320197821e-01 
  8.031364679e-01 
  2.122256041e+00 
  2.415215015e+00 
  4.475462437e+00 
  4.937563419e+00 
  7.384747982e+00 
  9.472685814e+00 
  1.018202782e+01 
  1.148406410e+01 
  2.215312576e+01 
  1.897760391e+01 
  2.424978447e+01 
  2.476312065e+01 
  2.984549141e+01 
  2.322978783e+01 
  3.362186432e+01 
  3.258009338e+01 
  3.695172882e+01 
  3.482966232e+01 
  4.388847351e+01 
  3.767428207e+01 
  3.329248047e+01 
  4.188875961e+01 
  4.561361694e+01 
  6.336727905e+01 
  6.346508026e+01 
  5.153039169e+01 
  6.179679489e+01 
  6.412557220e+01 
  5.127656937e+01 
  5.663547516e+01 
  6.369543839e+01 
  5.273464966e+01 
  5.666973877e+01 
  4.234820175e+01 
  4.007516479e+01 
  4.864348984e+01 
  4.872800064e+01 
  5.424511719e+01 
  4.558501816e+01 
  4.750053787e+01 
  4.733145142e+01 
  4.241160583e+01 
  5.423058319e+01 
  5.974115753e+01 
  5.640247726e+01 
  5.270001602e+01 
  5.735335541e+01 
  5.817711639e+01 
  5.480417633e+01 
  5.570731354e+01 
  5.043912506e+01 
  5.776718140e+01 
  5.807843018e+01 
  5.447587585e+01 
  3.453874588e+01 
  3.722858429e+01 
  3.715306091e+01 
  5.467169189e+01 
  4.301278687e+01 
  4.682803345e+01 
  4.942618179e+01 
  4.894717407e+01 
  4.546831512e+01 
  6.191320419e+01 
  5.495666504e+01 
  5.140987015e+01 
  4.905180359e+01 
  5.595833588e+01 
  4.432864380e+01 
  4.628056717e+01 
  4.573894501e+01 
  3.512334442e+01 
  3.189479065e+01 
  4.522270203e+01 
  4.585127640e+01 
  5.874262619e+01 
  4.478934860e+01 
  4.154749680e+01 
  4.619213867e+01 
  3.417883682e+01 
  2.357991219e+01 
  2.567483330e+01 
  3.821350861e+01 
  2.933039474e+01 
  3.328136063e+01 
  3.257958221e+01 
  3.667863846e+01 
  4.393191147e+01 
  4.854726028e+01 
  4.261486053e+01 
  2.256568146e+01 
  2.466415977e+01 
  4.089277267e+01 
  4.157215118e+01 
  1.671138573e+01 
  4.618068695e+01 
  5.469184494e+01 
  5.307184601e+01 
  5.206500244e+01 
  5.446268082e+01 
  5.034926605e+01 
  5.340736008e+01 
  4.834670258e+01 
  4.736537552e+01 
  4.554008865e+01 
  4.870545959e+01 
  5.322409821e+01 
  4.393224335e+01 
  5.093520737e+01 
  5.210964966e+01 
  4.860445023e+01 
  4.710089493e+01 
  4.960524368e+01 
  4.868714523e+01 
  4.661774445e+01 
  4.503647995e+01 
  4.556948090e+01 
  3.809506226e+01 
  4.714217377e+01 
  4.461833954e+01 
  3.722278214e+01 
  4.044491577e+01 
  4.138043594e+01 
  3.929755020e+01 
  3.734496689e+01 
  3.736130905e+01 
  3.358373642e+01 
  2.647990417e+01 
  2.352515411e+01 
  4.184478760e+01 
  3.680904388e+01 
  3.457481766e+01 
  3.717675781e+01 
  4.074331284e+01 
  4.065913773e+01 
  3.600104904e+01 
  3.443614960e+01 
  3.815323257e+01 
  3.759488297e+01 
  3.914418030e+01 
  3.895904541e+01 
  3.826875305e+01 
  3.980130386e+01 
  3.503168106e+01 
  3.950839233e+01 
  3.972009659e+01 
  3.954788208e+01 
  3.996433258e+01 
  4.271480560e+01 
  3.927274323e+01 
  3.605678177e+01 
  3.802264404e+01 
  3.787160492e+01 
  3.836733627e+01 
  3.816411591e+01 
  3.708800507e+01 
  3.668424988e+01 
  3.597486115e+01 
  3.688061523e+01 
  3.589333344e+01 
  3.552111816e+01 
  3.526390839e+01 
  3.438507080e+01 
  3.510359192e+01 
  3.351151276e+01 
  3.510354996e+01 
  3.442873383e+01 
  3.359673691e+01 
  3.318300629e+01 
  3.323453522e+01 
  3.252504349e+01 
  3.244007492e+01 
  3.339317322e+01 
  3.202241898e+01 
  3.139287186e+01 
  3.260156250e+01 
  3.080007172e+01 
  3.108358765e+01 
  3.057705879e+01 
  3.089839363e+01 
  3.061578178e+01 
  2.913922691e+01 
  2.905649757e+01 
  2.332232666e+01 
  2.595217514e+01 
  2.789896393e+01 
  2.567802238e+01 
  2.894499207e+01 
  2.681789398e+01 
  2.551720810e+01 
  2.721221924e+01 
  2.603104591e+01 
  2.755551529e+01 
  2.657305336e+01 
  2.552439308e+01 
  2.467772484e+01 
  2.437823486e+01 
  2.403511238e+01 
  2.326857567e+01 
  2.289279366e+01 
  2.402387619e+01 
  2.213713264e+01 
  2.364831352e+01 
  2.507804680e+01 
  2.311436844e+01 
  2.195956993e+01 
  2.345891762e+01 
  2.251878166e+01 
  2.231554985e+01 
  2.320358467e+01 
  2.103957558e+01 
  2.040750504e+01 
  2.064174843e+01 
  2.148126411e+01 
  1.567641258e+01 
  1.922804832e+01 
  1.804807854e+01 
  1.968693161e+01 
  1.951630402e+01 
  2.010382271e+01 
  1.855573082e+01 
  1.994765282e+01 
  1.960719109e+01 
  1.851547050e+01 
  1.602669716e+01 
  1.907277870e+01 
  1.943613243e+01 
  1.819911385e+01 
  1.963079643e+01 
  1.855927277e+01 
  1.615639687e+01 
  1.741358566e+01 
  1.761020470e+01 
  1.852192879e+01 
  1.703323555e+01 
  1.767440605e+01 
  1.746259117e+01 
  1.694103622e+01 
  1.540019512e+01 
  1.703077698e+01 
  1.615061188e+01 
  1.688875198e+01 
  1.649484062e+01 
  1.599043846e+01 
  1.652801704e+01 
  1.520541859e+01 
  1.586733341e+01 
  1.538967705e+01 
  1.516820335e+01 
  1.569308090e+01 
  1.495568943e+01 
  1.531915855e+01 
  1.523818302e+01 
  1.469873238e+01 
  1.414763737e+01 
  1.456701946e+01 
  1.365856075e+01 
  1.360856247e+01 
  1.483652592e+01 
  1.350882053e+01 
  1.402020359e+01 
  1.371216583e+01 
  1.376300812e+01 
  1.258749580e+01 
  1.339083672e+01 
  1.323551941e+01 
  1.285593987e+01 
  1.282095432e+01 
  1.227482414e+01 
  1.286199474e+01 
  1.288841534e+01 
  1.271915340e+01 
  1.231133366e+01 
  1.199774551e+01 
  1.241020775e+01 
  1.196826744e+01 
  1.180058861e+01 
  1.213236141e+01 
  1.184528255e+01 
  1.194917679e+01 
  1.195472908e+01 
  1.183808422e+01 
  1.168136787e+01 
  1.110392094e+01 
  1.144971085e+01 
  1.124991798e+01 
  9.903190613e+00 
  1.026849270e+01 
  1.083239079e+01 
  1.055150986e+01 
  1.058835316e+01 
  1.060969543e+01 
  1.033431053e+01 
  1.051447487e+01 
  1.046811581e+01 
  1.018090630e+01 
  1.011062622e+01 
  1.004353142e+01 
  9.916189194e+00 
  9.739591599e+00 
  9.734014511e+00 
  9.977710724e+00 
  9.887434959e+00 
  9.707881927e+00 
  9.589313507e+00 
  9.490986824e+00 
  9.331425667e+00 
  9.121403694e+00 
  9.208625793e+00 
  9.029158592e+00 
  8.838941574e+00 
  8.463982582e+00 
  8.811339378e+00 
  8.323021889e+00 
  8.315121651e+00 
  8.649721146e+00 
  8.513382912e+00 
  8.581553459e+00 
  8.670697212e+00 
  8.157931328e+00 
  8.165820122e+00 
  8.119296074e+00 
  7.845657349e+00 
  7.830918789e+00 
  7.897140503e+00 
  7.665658474e+00 
  7.855140209e+00 
  7.544794559e+00 
  7.786183834e+00 
  7.215495110e+00 
  7.703332424e+00 
  7.434685707e+00 
  7.527547836e+00 
  7.221531391e+00 
  7.417896748e+00 
  7.492955685e+00 
  7.387893677e+00 
  7.115646362e+00 
  7.175734520e+00 
  7.048350334e+00 
  7.125292778e+00 
  7.001082420e+00 
  7.014438152e+00 
  6.703937054e+00 
  6.753037930e+00 
  6.700106621e+00 
  6.791296005e+00 
  6.257731915e+00 
  6.699493885e+00 
  6.527469158e+00 
  6.621964931e+00 
  6.494807720e+00 
  6.283475876e+00 
  5.302672386e+00 
  5.625805855e+00 
  6.230356693e+00 
  6.204670429e+00 
  6.217200756e+00 
  6.212106228e+00 
  6.265749931e+00 
  6.158043385e+00 
  6.024495125e+00 
  6.014966011e+00 
  6.051749706e+00 
  5.896658897e+00 
  5.895471573e+00 
  5.944808483e+00 
  5.838888168e+00 
  5.742953777e+00 
  5.690439701e+00 
  5.697382927e+00 
  5.674796104e+00 
  5.555218697e+00 
  5.626714706e+00 
  5.482221127e+00 
  5.540026188e+00 
  5.429375648e+00 
  5.355017662e+00 
  5.328412533e+00 
  5.285435677e+00 
  5.288853645e+00 
  5.161541939e+00 
  5.190049171e+00 
  4.922677517e+00 
  4.424672127e+00 
  4.525422096e+00 
  4.474400520e+00 
  4.536693096e+00 
  4.626079559e+00 
  4.636431694e+00 
  4.628596306e+00 
  4.626322269e+00 
  4.551363468e+00 
  4.596559525e+00 
  4.657569408e+00 
  4.527477741e+00 
  4.516455650e+00 
  4.448217869e+00 
  4.309345722e+00 
  4.273498058e+00 
  4.362544060e+00 
  4.352283478e+00 
  4.337248802e+00 
  4.270692348e+00 
  4.189775467e+00 
  4.295221806e+00 
  4.136039257e+00 
  4.188271523e+00 
  4.140938282e+00 
  4.076161861e+00 
  4.022164345e+00 
  4.062289715e+00 
  3.877396345e+00 
  3.934757948e+00 
  3.684751034e+00 
  3.573186874e+00 
  3.487274170e+00 
  3.456267834e+00 
  3.595137596e+00 
  3.690512180e+00 
  3.624246359e+00 
  3.527858257e+00 
  3.482960224e+00 
  3.452672005e+00 
  3.497031450e+00 
  3.403679609e+00 
  3.283436537e+00 
  3.379573345e+00 
  3.298087835e+00 
  3.400648117e+00 
  3.389888763e+00 
  3.471430302e+00 
  3.413435698e+00 
  3.312075853e+00 
  3.351258993e+00 
  3.343558550e+00 
  3.225725651e+00 
  3.257492304e+00 
  3.225008488e+00 
  3.158984184e+00 
  3.243308783e+00 
  3.261376143e+00 
  3.163118601e+00 
  3.192728758e+00 
  3.225265265e+00 
  3.151094198e+00 
  3.135728836e+00 
  3.071809292e+00 
  3.047456503e+00 
  3.079483509e+00 
  3.034524679e+00 
  3.065809011e+00 
  3.031931400e+00 
  2.956740618e+00 
  2.962306261e+00 
  2.937632084e+00 
  2.652321577e+00 
  1.403110504e+00 
  1.285004139e+00 
  1.924438715e+00 
  1.747291207e+00 
  1.850819468e+00 
  2.094944954e+00 
  2.243163109e+00 
  2.398392439e+00 
  2.580697060e+00 
  2.629341125e+00 
  2.640250206e+00 
  2.647058725e+00 
  2.627353191e+00 
  2.604763985e+00 
  2.620753527e+00 
  2.509969950e+00 
  2.600208044e+00 
  2.568703890e+00 
  2.541434526e+00 
  2.536229134e+00 
  2.491619825e+00 
  2.474980354e+00 
  2.491602421e+00 
  2.420581818e+00 
  2.420900106e+00 
  2.411748171e+00 
  2.353502035e+00 
  2.368940592e+00 
  2.317385435e+00 
  2.305494070e+00 
  2.269191027e+00 
  2.248267174e+00 
  2.203515530e+00 
  2.195308685e+00 
  2.173059225e+00 
  2.143032074e+00 
  2.150598526e+00 
  2.157944679e+00 
  2.159330606e+00 
  2.143951416e+00 
  2.069699764e+00 
  2.098334789e+00 
  2.082850933e+00 
  2.043703318e+00 
  2.055407047e+00 
  1.996095657e+00 
  2.044245005e+00 
  2.021951914e+00 
  1.996851444e+00 
  1.950073361e+00 
  1.928149462e+00 
  1.942272663e+00 
  1.916798592e+00 
  1.888216138e+00 
  1.862195849e+00 
  1.816300631e+00 
  1.770807743e+00 
  1.773674130e+00 
  1.755658865e+00 
  1.706415176e+00 
  1.687846541e+00 
  1.764435887e+00 
  1.684468269e+00 
  1.644116282e+00 
  1.706744194e+00 
  1.728207111e+00 
  1.724815607e+00 
  1.706529260e+00 
  1.674030304e+00 
  1.672143817e+00 
  1.645642519e+00 
  1.610699892e+00 
  1.636456847e+00 
  1.582304835e+00 
  1.603191972e+00 
  1.608322740e+00 
  1.615970135e+00 
  1.594469428e+00 
  1.597022653e+00 
  1.542298675e+00 
  1.576867700e+00 
  1.570693254e+00 
  1.555633187e+00 
  1.542904973e+00 
  1.512457013e+00 
  1.529158235e+00 
  1.535722136e+00 
  1.477054000e+00 
  1.511813879e+00 
  1.507532716e+00 
  1.296380877e+00 
  1.477041841e+00 
  1.414313555e+00 
  1.425366044e+00 
  1.140395761e+00 
  1.250038981e+00 
  1.412733316e+00 
  1.429103136e+00 
  1.399829030e+00 
  1.393730164e+00 
  1.375023842e+00 
  1.368376017e+00 
  1.357579708e+00 
  1.377013445e+00 
  1.367871642e+00 
  1.336136103e+00 
  1.115497589e+00 
  1.182280660e+00 
  1.276208282e+00 
  1.252429724e+00 
  1.297962070e+00 
  1.290085673e+00 
  1.278960228e+00 
  1.278030396e+00 
  1.244158149e+00 
  1.226967216e+00 
  1.231320500e+00 
  1.250008702e+00 
  1.222592950e+00 
  1.219711304e+00 
  1.206855178e+00 
  1.138702393e+00 
  1.195924282e+00 
  1.163354397e+00 
  1.167869806e+00 
  1.174092293e+00 
  1.129832387e+00 
  1.113590002e+00 
  1.141643286e+00 
  1.144194126e+00 
  1.134956598e+00 
  1.123332500e+00 
  1.111974597e+00 
  1.056970000e+00 
  1.083169222e+00 
  1.011877894e+00 
  1.030127764e+00 
  9.854315519e-01 
  9.752589464e-01 
  9.501127601e-01 
  9.248887897e-01 
  8.962216973e-01 
  8.766630292e-01 
  9.524904490e-01 
  9.835317731e-01 
  9.756985903e-01 
  9.321234226e-01 
  9.212006330e-01 
  8.786195517e-01 
  8.603178263e-01 
  8.687123656e-01 
  8.713210821e-01 
  8.650181890e-01 
  8.627145886e-01 
  8.624739051e-01 
  8.505350947e-01 
  8.591352105e-01 
  8.458308578e-01 
  8.428211212e-01 
  8.678936958e-01 
  8.699865937e-01 
  8.441320658e-01 
  8.326327801e-01 
  7.905797362e-01 
  8.115925789e-01 
  8.180251718e-01 
  7.849765420e-01 
  8.006218672e-01 
  7.873136997e-01 
  7.525418401e-01 
  7.216603756e-01 
  6.895919442e-01 
  6.435953379e-01 
  6.165356040e-01 
  5.827840567e-01 
  5.689862370e-01 
  5.722209215e-01 
  5.799756646e-01 
  5.994279981e-01 
  6.778801680e-01 
  6.827707291e-01 
  6.551011205e-01 
  6.050555110e-01 
  5.963389874e-01 
  5.748826861e-01 
  5.911290646e-01 
  5.973741412e-01 
  6.033152938e-01 
  6.114843488e-01 
  6.099441648e-01 
  6.051740646e-01 
  6.147249341e-01 
  5.954583883e-01 
  6.029775739e-01 
  6.070213914e-01 
  5.554175973e-01 
  5.878987312e-01 
  6.158350110e-01 
  6.220147014e-01 
  6.168382764e-01 
  6.070654392e-01 
  5.956098437e-01 
  5.983572006e-01 
  6.107888222e-01 
  6.036018729e-01 
  6.069682240e-01 
  5.878552794e-01 
  6.141757965e-01 
  6.244280338e-01 
  6.352205873e-01 
  6.348449588e-01 
  6.263511777e-01 
  6.253912449e-01 
  6.109604836e-01 
  5.921227336e-01 
  5.882737637e-01 
  5.983051062e-01 
  5.896679163e-01 
  6.009898782e-01 
  5.835174918e-01 
  5.990400314e-01 
  6.029850841e-01 
  5.969436765e-01 
  5.981280804e-01 
  5.972323418e-01 
  5.977375507e-01 
  5.946713686e-01 
  6.008682847e-01 
  5.914496779e-01 
  5.818093419e-01 
  5.848078728e-01 
  5.887777209e-01 
  5.814071894e-01 
  5.788897276e-01 
  5.810048580e-01 
  5.754337311e-01 
  5.729568005e-01 
  5.705823898e-01 
  5.654095411e-01 
  5.614162087e-01 
  5.549051762e-01 
  5.545079708e-01 
  5.493612885e-01 
  5.412458777e-01 
  5.357391238e-01 
  4.988793433e-01 
  5.231088400e-01 
  5.301069617e-01 
  5.285769701e-01 
  5.211464763e-01 
  5.219219327e-01 
  5.192435980e-01 
  5.182042718e-01 
  5.128302574e-01 
  5.143667459e-01 
  5.028990507e-01 
  5.043814778e-01 
  4.975949824e-01 
  5.017061830e-01 
  4.875510335e-01 
  4.848395288e-01 
  4.882324040e-01 
  4.783637226e-01 
  4.849683940e-01 
  4.802009165e-01 
  4.790495038e-01 
  4.782626033e-01 
  4.732643366e-01 
  4.726950228e-01 
  4.641352892e-01 
  4.673961103e-01 
  4.642954767e-01 
  4.610177577e-01 
  4.507992864e-01 
  4.538530707e-01 
  4.472867846e-01 
  4.512564540e-01 
  4.399926066e-01 
  4.426143765e-01 
  4.426558614e-01 
  4.356737137e-01 
  4.362384379e-01 
  4.358022809e-01 
  4.265952408e-01 
  4.291118383e-01 
  4.255613387e-01 
  4.115246832e-01 
  4.173913300e-01 
  4.197977185e-01 
  4.153361320e-01 
  4.111788571e-01 
  4.095627964e-01 
  4.059959352e-01 
  4.045541584e-01 
  3.987650573e-01 
  4.000515640e-01 
  3.973513246e-01 
  3.949638307e-01 
  3.890704215e-01 
  3.753460944e-01 
  3.874041736e-01 
  3.723506927e-01 
  3.810351491e-01 
  3.729903400e-01 
  3.761962354e-01 
  3.740965426e-01 
  3.612268269e-01 
  3.682758808e-01 
  3.652324378e-01 
  3.364319801e-01 
  3.552357852e-01 
  3.544038832e-01 
  3.540117145e-01 
  3.411073983e-01 
  3.518705964e-01 
  3.401196301e-01 
  3.460877240e-01 
  3.437898755e-01 
  3.432001770e-01 
  3.286679387e-01 
  3.362296820e-01 
  3.226805925e-01 
  3.260240853e-01 
  3.156161010e-01 
  3.259312510e-01 
  3.192359507e-01 
  3.225217164e-01 
  3.029769361e-01 
  3.202792406e-01 
  3.052461147e-01 
  3.104416132e-01 
  3.116327822e-01 
  3.025102019e-01 
  2.960036099e-01 
  2.677663863e-01 
  2.888796628e-01 
  2.867435515e-01 
  2.815467715e-01 
  2.725372612e-01 
  2.679983974e-01 
  2.718443274e-01 
  2.708768547e-01 
  2.584002018e-01 
  2.680283487e-01 
  2.643671036e-01 
  2.611623406e-01 
  2.561800182e-01 
  2.553651035e-01 
  2.539094985e-01 
  2.556460202e-01 
  2.557030618e-01 
  2.505558729e-01 
  2.425224632e-01 
  2.339917719e-01 
  2.337224633e-01 
  2.222394198e-01 
  2.136564702e-01 
  2.038916647e-01 
  1.913511455e-01 
  1.802928448e-01 
  1.738773733e-01 
  1.729717255e-01 
  1.651972085e-01 
  1.688639671e-01 
  1.709238589e-01 
  1.655786633e-01 
  1.613558680e-01 
  1.667432934e-01 
  1.641027033e-01 
  1.705459207e-01 
  1.843206733e-01 
  1.898274124e-01 
  1.838553846e-01 
  1.685829461e-01 
  1.483834684e-01 
  1.511515081e-01 
  1.691419035e-01 
  1.809384972e-01 
  1.836706251e-01 
  1.902176589e-01 
  1.881692410e-01 
  1.784424186e-01 
  1.813053489e-01 
  1.734008044e-01 
  1.671581864e-01 
  1.611984670e-01 
  1.638030261e-01 
  1.690322608e-01 
  1.713231653e-01 
  1.730641723e-01 
  1.718142331e-01 
  1.734072715e-01 
  1.738137752e-01 
  1.748590022e-01 
  1.745889932e-01 
  1.787577718e-01 
  1.798484027e-01 
  1.893875450e-01 
  1.922859550e-01 
  1.918599010e-01 
  1.899584234e-01 
  1.881490350e-01 
  1.965599060e-01 
  1.995144188e-01 
  1.954384893e-01 
  1.987797171e-01 
  1.935516000e-01 
  1.964026541e-01 
  1.972954720e-01 
  1.902046353e-01 
  1.950316727e-01 
  1.962936223e-01 
  1.943933964e-01 
  1.918089390e-01 
  1.912773401e-01 
  1.899442375e-01 
  1.861631125e-01 
  1.905493885e-01 
  1.853093058e-01 
  1.838633716e-01 
  1.852982193e-01 
  1.825202703e-01 
  1.809617877e-01 
  1.699670702e-01 
  1.777174622e-01 
  1.811366379e-01 
  1.789432615e-01 
  1.767356992e-01 
  1.748615652e-01 
  1.650416106e-01 
  1.752049327e-01 
  1.781656891e-01 
  1.777996272e-01 
  1.770075560e-01 
  1.758963168e-01 
  1.721920371e-01 
  1.716568023e-01 
  1.704967618e-01 
  1.640895456e-01 
  1.568516940e-01 
  1.665717363e-01 
  1.672752500e-01 
  1.669347286e-01 
  1.578063220e-01 
  1.600075811e-01 
  1.649528146e-01 
  1.642903537e-01 
  1.652245969e-01 
  1.620698720e-01 
  1.510656476e-01 
  1.604885906e-01 
  1.545467675e-01 
  1.590655595e-01 
  1.598977447e-01 
  1.585671753e-01 
  1.588384360e-01 
  1.587920487e-01 
  1.587269753e-01 
  1.578914225e-01 
  1.559785753e-01 
  1.565638781e-01 
  1.558931023e-01 
  1.546112448e-01 
  1.534447968e-01 
  1.546872258e-01 
  1.534519196e-01 
  1.536475122e-01 
  1.482087076e-01 
  1.526417881e-01 
  1.521928310e-01 
  1.514152288e-01 
  1.510432363e-01 
  1.488830447e-01 
  1.495926678e-01 
  1.489048749e-01 
  1.474920511e-01 
  1.479469985e-01 
  1.475497484e-01 
  1.469911933e-01 
  1.448355615e-01 
  1.436826885e-01 
  1.444263756e-01 
  1.430491358e-01 
  1.409461796e-01 
  1.390936226e-01 
  1.409388930e-01 
  1.393031329e-01 
  1.380059272e-01 
  1.385401040e-01 
  1.374978870e-01 
  1.363947392e-01 
  1.348638982e-01 
  1.338476986e-01 
  1.321328133e-01 
  1.317142695e-01 
  1.308004260e-01 
  1.298437119e-01 
  1.275790334e-01 
  1.269718409e-01 
  1.245506480e-01 
  1.236396953e-01 
  1.222709715e-01 
  1.178442687e-01 
  1.183224544e-01 
  1.157266647e-01 
  1.154293641e-01 
  1.152569801e-01 
  1.121224388e-01 
  1.099625751e-01 
  1.103417575e-01 
  1.130413786e-01 
  1.142321900e-01 
  1.142624244e-01 
  1.144178808e-01 
  1.141165867e-01 
  1.148555651e-01 
  1.149907336e-01 
  1.148052737e-01 
  1.144236177e-01 
  1.135334447e-01 
  1.129156053e-01 
  1.097482517e-01 
  9.746409953e-02 
  1.068996191e-01 
  1.110665649e-01 
  1.116968542e-01 
  1.112311482e-01 
  1.113491207e-01 
  1.093941703e-01 
  1.094610617e-01 
  1.066180244e-01 
  1.079255417e-01 
  1.084963083e-01 
  1.083254367e-01 
  1.059061587e-01 
  1.061030477e-01 
  1.052306816e-01 
  1.037647948e-01 
  1.025053486e-01 
  1.032051966e-01 
  1.024135351e-01 
  1.018280610e-01 
  9.987960011e-02 
  9.803640097e-02 
  9.744791687e-02 
  9.758520871e-02 
  9.723275155e-02 
  9.641674906e-02 
  9.549193829e-02 
  9.434122592e-02 
  9.357198328e-02 
  9.301427752e-02 
  9.153003246e-02 
  8.661470562e-02 
  8.847283572e-02 
  8.563041687e-02 
  8.798808604e-02 
  8.862384409e-02 
  8.612747490e-02 
  8.560560644e-02 
  8.308771998e-02 
  8.185373247e-02 
  8.249841630e-02 
  8.357820660e-02 
  8.395805955e-02 
  8.312448114e-02 
  8.142597973e-02 
  7.824265957e-02 
  7.569388300e-02 
  6.841092557e-02 
  6.771111488e-02 
  6.679314375e-02 
  6.543608755e-02 
  6.787037104e-02 
  6.902477890e-02 
  6.979673356e-02 
  6.919270754e-02 
  6.944327056e-02 
  6.983007491e-02 
  6.927010417e-02 
  6.912097335e-02 
  6.984127313e-02 
  6.954111159e-02 
  6.760741025e-02 
  6.499926746e-02 
  5.912425369e-02 
  5.474385992e-02 
  5.251140147e-02 
  4.906516895e-02 
  4.749613255e-02 
  4.403079674e-02 
  4.242302477e-02 
  4.055180401e-02 
  3.796696290e-02 
  3.653460741e-02 
  3.493238613e-02 
  3.357154876e-02 
  3.189111501e-02 
  3.123385459e-02 
  2.939935774e-02 
  2.782374062e-02 
  2.771210857e-02 
  2.733289264e-02 
  2.761586383e-02 
  2.822335251e-02 
  2.818691730e-02 
  2.846154757e-02 
  2.766805701e-02 
  2.744248137e-02 
  2.691200934e-02 
  2.793429606e-02 
  2.953815833e-02 
  3.190651909e-02 
  3.328267485e-02 
  3.420881182e-02 
  3.393268958e-02 
  3.310106322e-02 
  3.285428137e-02 
  3.141367808e-02 
  3.017778322e-02 
  2.802378125e-02 
  2.660770714e-02 
  2.538069524e-02 
  2.549228445e-02 
  2.647758089e-02 
  2.707225643e-02 
  2.847520448e-02 
  3.015532903e-02 
  3.149313852e-02 
  3.208639845e-02 
  3.157055750e-02 
  3.149459139e-02 
  3.008087166e-02 
  2.883648500e-02 
  2.758468501e-02 
  2.787695266e-02 
  2.912624739e-02 
  3.006514907e-02 
  3.009182028e-02 
  2.960248478e-02 
  2.855176479e-02 
  2.873869613e-02 
  2.997316793e-02 
  3.030036576e-02 
  2.978490107e-02 
  2.985917963e-02 
  2.946118265e-02 
  2.949789166e-02 
  3.019386902e-02 
  3.106055781e-02 
  3.212679923e-02 
  3.326545656e-02 
  3.190684319e-02 
  3.295126557e-02 
  3.310070932e-02 
  3.371708468e-02 
  3.414218500e-02 
  3.445816413e-02 
  3.444727883e-02 
  3.397595137e-02 
  3.402800485e-02 
  3.546974808e-02 
  3.504384682e-02 
  3.492756188e-02 
  3.481672332e-02 
  3.508306295e-02 
  3.361504897e-02 
  3.447590023e-02 
  3.545203805e-02 
  3.487772495e-02 
  3.386048600e-02 
  3.280197456e-02 
  3.281773627e-02 
  3.272274509e-02 
  3.177095205e-02 
  3.266005591e-02 
  3.281860799e-02 
  3.296983242e-02 
  3.344964236e-02 
  3.386485949e-02 
  3.196478635e-02 
  3.366518766e-02 
  3.263238445e-02 
  3.310019895e-02 
  3.340186551e-02 
  3.329506144e-02 
  3.400348499e-02 
  3.417396545e-02 
  3.442309052e-02 
  3.409517929e-02 
  3.335212171e-02 
  3.326662257e-02 
  3.346988186e-02 
  3.523419052e-02 
  3.652965277e-02 
  3.680839017e-02 
  3.749002144e-02 
  3.786545247e-02 
  3.840945661e-02 
  3.785064071e-02 
  3.659680486e-02 
  3.613256291e-02 
  3.493320197e-02 
  3.459991515e-02 
  3.428721428e-02 
  3.409092873e-02 
  3.256617486e-02 
  3.284364194e-02 
  3.147606179e-02 
  3.099756315e-02 
  3.047161549e-02 
  3.072048910e-02 
  3.191189840e-02 
  3.360247985e-02 
  3.373755887e-02 
  3.433242813e-02 
  3.429277986e-02 
  3.391930833e-02 
  3.296828642e-02 
  3.279086202e-02 
  3.313427791e-02 
  3.305087239e-02 
  3.392161056e-02 
  3.328993171e-02 
  3.349340335e-02 
  3.396239877e-02 
  3.375982493e-02 
  3.473988920e-02 
  3.034641594e-02 
  3.607721627e-02 
  3.723892197e-02 
  3.812430799e-02 
  3.725577518e-02 
  3.835580871e-02 
  3.815802559e-02 
  3.817914799e-02 
  3.761471435e-02 
  3.842986375e-02 
  3.928278014e-02 
  3.906867281e-02 
  4.002103582e-02 
  3.974214569e-02 
  3.911822662e-02 
  3.490976244e-02 
  3.639455140e-02 
  3.657399490e-02 
  3.698017821e-02 
  3.893865645e-02 
  3.842172772e-02 
  3.869022429e-02 
  3.925862908e-02 
  3.947909549e-02 
  3.873428330e-02 
  3.860716522e-02 
  3.797871247e-02 
  3.873148561e-02 
  3.830762208e-02 
  3.808144853e-02 
  3.888445348e-02 
  3.844841570e-02 
  3.889540210e-02 
  3.822037205e-02 
  3.789879009e-02 
  3.876353800e-02 
  3.832377493e-02 
  3.730361909e-02 
  3.826306015e-02 
  3.781039268e-02 
  3.802742437e-02 
  3.780668601e-02 
  3.533046693e-02 
  3.768463805e-02 
  3.737971187e-02 
  3.711417317e-02 
  3.646907210e-02 
  3.653222695e-02 
  3.692463413e-02 
  3.698357195e-02 
  3.591072187e-02 
  3.659159318e-02 
  3.517999873e-02 
  3.583453223e-02 
  3.595373034e-02 
  3.577505425e-02 
  3.615935892e-02 
  3.622135147e-02 
  3.616387770e-02 
  3.573619574e-02 
  3.459889814e-02 
  3.539338335e-02 
  3.510745242e-02 
  3.483423963e-02 
  3.534021229e-02 
  3.507488221e-02 
  3.369392455e-02 
  3.416672349e-02 
  3.342448547e-02 
  3.442850709e-02 
  3.407153487e-02 
  3.398499638e-02 
  3.331175074e-02 
  3.400114924e-02 
  3.390100971e-02 
  3.328603506e-02 
  3.250299022e-02 
  3.286012262e-02 
  3.215466812e-02 
  3.195525333e-02 
  3.105471842e-02 
  3.092510812e-02 
  2.994151041e-02 
  3.066526540e-02 
  3.054822423e-02 
  3.001646511e-02 
  3.007863276e-02 
  2.788816951e-02 
  2.988473512e-02 
  2.693161182e-02 
  2.941789106e-02 
  2.954327129e-02 
  3.012971394e-02 
  2.985404618e-02 
  2.925116010e-02 
  2.960849926e-02 
  2.933554351e-02 
  3.017875366e-02 
  2.972430922e-02 
  2.936604619e-02 
  2.886614390e-02 
  2.635559998e-02 
  2.832277492e-02 
  2.761999890e-02 
  2.900162339e-02 
  2.953717299e-02 
  2.920330688e-02 
  2.923127823e-02 
  2.731319331e-02 
  2.820740826e-02 
  2.845748886e-02 
  2.720813081e-02 
  2.741958760e-02 
  2.619940042e-02 
  2.675347961e-02 
  2.653147094e-02 
  2.687626332e-02 
  2.641253918e-02 
  2.627144381e-02 
  2.629227936e-02 
  2.650909498e-02 
  2.634127066e-02 
  2.466259710e-02 
  2.540722676e-02 
  2.569178864e-02 
  2.630111389e-02 
  2.597810887e-02 
  2.642089874e-02 
  2.476629615e-02 
  2.549706399e-02 
  2.622612193e-02 
  2.614418976e-02 
  2.548110858e-02 
  2.508417144e-02 
  2.565179765e-02 
  2.613322623e-02 
  2.626448311e-02 
  2.557805367e-02 
  2.579900809e-02 
  2.570562623e-02 
  2.583527379e-02 
  2.575427480e-02 
  2.497055568e-02 
  2.529854327e-02 
  2.521412075e-02 
  2.481567301e-02 
  2.414019778e-02 
  2.472647652e-02 
  2.456519566e-02 
  2.336377650e-02 
  2.313643135e-02 
  2.279029787e-02 
  2.283555083e-02 
  2.261355147e-02 
  2.252981625e-02 
  2.304641902e-02 
  2.263192087e-02 
  2.261646837e-02 
  2.283229306e-02 
  2.298859507e-02 
  2.282975242e-02 
  2.225252986e-02 
  2.276100218e-02 
  2.220433019e-02 
  2.260116301e-02 
  2.232417837e-02 
  2.251971513e-02 
  2.204925753e-02 
  2.244485542e-02 
  2.222775854e-02 
  2.231922559e-02 
  2.186398022e-02 
  2.206146531e-02 
  2.209318802e-02 
  2.186600678e-02 
  2.165708691e-02 
  2.149139158e-02 
  2.122173086e-02 
  2.108248882e-02 
  2.125959285e-02 
  2.084913664e-02 
  2.086216211e-02 
  2.127605863e-02 
  2.109034732e-02 
  2.004400454e-02 
  2.056480572e-02 
  2.060437016e-02 
  2.036384679e-02 
  1.998795755e-02 
  2.004035376e-02 
  2.010427602e-02 
  1.978193410e-02 
  1.905712485e-02 
  1.835354045e-02 
  1.883816160e-02 
  1.925602928e-02 
  1.956561953e-02 
  1.957496442e-02 
  1.929381303e-02 
  1.932949759e-02 
  1.929525100e-02 
  1.901780628e-02 
  1.895752922e-02 
  1.915729418e-02 
  1.914684847e-02 
  1.903378032e-02 
  1.896209456e-02 
  1.892394759e-02 
  1.876832917e-02 
  1.860852540e-02 
  1.867687888e-02 
  1.851291209e-02 
  1.823697239e-02 
  1.822509989e-02 
  1.812206581e-02 
  1.771231927e-02 
  1.798994653e-02 
  1.802894101e-02 
  1.776335202e-02 
  1.767854951e-02 
  1.714793406e-02 
  1.742035709e-02 
  1.756876148e-02 
  1.619614661e-02 
  1.728535630e-02 
  1.733184047e-02 
  1.729271188e-02 
  1.726360433e-02 
  1.713288575e-02 
  1.693211496e-02 
  1.680280641e-02 
  1.690665260e-02 
  1.648613438e-02 
  1.620662585e-02 
  1.644564979e-02 
  1.558736339e-02 
  1.578549482e-02 
  1.597337238e-02 
  1.610065252e-02 
  1.598570123e-02 
  1.559966058e-02 
  1.588071883e-02 
  1.587496139e-02 
  1.561556011e-02 
  1.540545188e-02 
  1.439105812e-02 
  1.463734172e-02 
  1.469648350e-02 
  1.395164803e-02 
  1.373437140e-02 
  1.437431760e-02 
  1.456455514e-02 
  1.458389405e-02 
  1.421426702e-02 
  1.462773606e-02 
  1.435581129e-02 
  1.452418789e-02 
  1.406830270e-02 
  1.414054260e-02 
  1.375779975e-02 
  1.423497126e-02 
  1.408932544e-02 
  1.402590331e-02 
  1.376772579e-02 
  1.383817382e-02 
  1.384603977e-02 
  1.381897647e-02 
  1.357762609e-02 
  1.369190402e-02 
  1.367045939e-02 
  1.353250723e-02 
  1.355713420e-02 
  1.343330927e-02 
  1.316379756e-02 
  1.280796714e-02 
  1.292058732e-02 
  1.263698842e-02 
  1.282825042e-02 
  1.273198798e-02 
  1.270017307e-02 
  1.248993911e-02 
  1.255339663e-02 
  1.232552528e-02 
  1.231916063e-02 
  1.229232457e-02 
  1.226900332e-02 
  1.198401395e-02 
  1.165466849e-02 
  1.160096377e-02 
  1.126750745e-02 
  1.107439306e-02 
  1.116056368e-02 
  1.107210573e-02 
  1.104001328e-02 
  1.087003201e-02 
  1.068540383e-02 
  1.067033224e-02 
  1.059687044e-02 
  1.065902039e-02 
  1.072078291e-02 
  1.065978594e-02 
  1.036135200e-02 
  1.025905646e-02 
  1.000403240e-02 
  9.839382954e-03 
  9.529253468e-03 
  9.197620675e-03 
  9.252881631e-03 
  8.940450847e-03 
  8.590270765e-03 
  8.601421490e-03 
  8.197654039e-03 
  8.136535063e-03 
  7.636936847e-03 
  7.379712537e-03 
  7.329429034e-03 
  7.406575605e-03 
  7.360976189e-03 
  7.153213955e-03 
  7.031456102e-03 
  6.937709171e-03 
  6.732591428e-03 
  6.442293059e-03 
  6.418101490e-03 
  6.170535460e-03 
  6.169339176e-03 
  5.980607588e-03 
  5.633708090e-03 
  5.543409381e-03 
  5.251603667e-03 
  4.887286108e-03 
  5.096675828e-03 
  5.159060005e-03 
  5.184052046e-03 
  5.102381576e-03 
  5.011561327e-03 
  5.129281897e-03 
  4.838647787e-03 
  4.851871170e-03 
  4.681296181e-03 
  4.627258051e-03 
  4.270723090e-03 
  4.211046267e-03 
  4.189718980e-03 
  4.079239909e-03 
  3.920467105e-03 
  3.899461124e-03 
  3.661966184e-03 
  3.659102833e-03 
  3.586969804e-03 
  3.460699460e-03 
  3.600791097e-03 
  3.619058756e-03 
  3.687288146e-03 
  3.722110530e-03 
  3.592227586e-03 
  3.783531254e-03 
  3.758740379e-03 
  3.716637148e-03 
  3.439753782e-03 
  3.532774746e-03 
  3.579310607e-03 
  3.598873038e-03 
  3.570386674e-03 
  3.539771540e-03 
  3.451171098e-03 
  3.502139822e-03 
  3.499870887e-03 
  3.372796811e-03 
  3.500052728e-03 
  3.547849366e-03 
  3.616197035e-03 
  3.563552396e-03 
  3.733531339e-03 
  3.694800194e-03 
  3.705546958e-03 
  3.657499794e-03 
  3.662191797e-03 
  3.426839132e-03 
  3.361117560e-03 
  3.106491175e-03 
  3.172140103e-03 
  2.931850497e-03 
  2.800776623e-03 
  2.770343563e-03 
  2.776480746e-03 
  2.764698816e-03 
  2.701537451e-03 
  2.505164593e-03 
  3.147494979e-03 
  3.396005603e-03 
  3.459482221e-03 
  3.479715204e-03 
  3.575894050e-03 
  3.636435140e-03 
  3.658897709e-03 
  3.667177632e-03 
  3.637760645e-03 
  3.509201808e-03 
  3.672508523e-03 
  3.613430308e-03 
  3.544032341e-03 
  3.402669914e-03 
  3.509410424e-03 
  3.393632825e-03 
  3.246904584e-03 
  3.369390732e-03 
  3.279602155e-03 
  3.139125882e-03 
  3.117029788e-03 
  3.050928935e-03 
  2.995241201e-03 
  2.953266725e-03 
  2.971023787e-03 
  2.919787541e-03 
  2.934142482e-03 
  2.900510328e-03 
  3.009365406e-03 
  3.014188260e-03 
  3.093885956e-03 
  3.028744133e-03 
  3.079783171e-03 
  3.076495137e-03 
  3.064285498e-03 
  2.967346925e-03 
  3.110920312e-03 
  3.179341555e-03 
  3.151035169e-03 
  3.265643027e-03 
  3.275170689e-03 
  3.347455990e-03 
  3.325640690e-03 
  3.298156429e-03 
  3.422846785e-03 
  3.481453517e-03 
  3.435253398e-03 
  3.495042212e-03 
  3.470968688e-03 
  3.482149448e-03 
  3.486071015e-03 
  3.443271620e-03 
  3.373756539e-03 
  3.499823390e-03 
  3.499789163e-03 
  3.599636024e-03 
  3.532734932e-03 
  3.666786710e-03 
  3.687354736e-03 
  3.729284275e-03 
  3.724248149e-03 
  3.788164817e-03 
  3.611582099e-03 
  3.730767639e-03 
  3.758797888e-03 
  3.785599489e-03 
  3.666565055e-03 
  3.497471800e-03 
  3.279062454e-03 
  3.490740201e-03 
  3.700556699e-03 
  3.732383717e-03 
  3.768413793e-03 
  3.628200386e-03 
  3.515497083e-03 
  3.504407592e-03 
  3.589392174e-03 
  3.521386301e-03 
  3.509542905e-03 
  3.437908599e-03 
  3.518460784e-03 
  3.527538851e-03 
  3.655685112e-03 
  3.620594041e-03 
  3.793761134e-03 
  3.710599616e-03 
  3.824028885e-03 
  3.820524551e-03 
  4.121963400e-03 
  4.012950696e-03 
  4.284267314e-03 
  4.288407508e-03 
  4.457554780e-03 
  4.487612285e-03 
  4.648232367e-03 
  4.601918161e-03 
  4.534374923e-03 
  4.649193026e-03 
  4.866831936e-03 
  4.859943874e-03 
  4.938554484e-03 
  4.677493125e-03 
  5.015815143e-03 
  4.848393612e-03 
  4.986382090e-03 
  5.020373035e-03 
  5.055691581e-03 
  4.990464542e-03 
  5.002679769e-03 
  4.892739933e-03 
  4.907371011e-03 
  5.030925386e-03 
  4.996522330e-03 
  4.972171970e-03 
  4.916906357e-03 
  4.838451277e-03 
  4.625364672e-03 
  4.653326701e-03 
  4.482256249e-03 
  4.472117405e-03 
  3.969597630e-03 
  3.886622842e-03 
  3.407309065e-03 
  3.401935799e-03 
  2.915049437e-03 
  2.913942793e-03 
  2.625645837e-03 
  2.618398052e-03 
  2.640807070e-03 
  2.567148302e-03 
  2.719870536e-03 
  2.712526126e-03 
  2.777959220e-03 
  2.777563641e-03 
  2.798349597e-03 
  2.789517865e-03 
  2.830817131e-03 
  2.797520952e-03 
  2.900931984e-03 
  2.890512347e-03 
  3.059922485e-03 
  3.061107360e-03 
  3.325751051e-03 
  3.294285852e-03 
  3.440429224e-03 
  3.554674797e-03 
  3.829613794e-03 
  3.825575579e-03 
  3.986207768e-03 
  4.014469683e-03 
  4.132551141e-03 
  4.138771910e-03 
  4.155507777e-03 
  4.098877311e-03 
  4.182258155e-03 
  4.243750591e-03 
  4.295085557e-03 
  4.283314571e-03 
  4.152663518e-03 
  4.241744522e-03 
  4.270043224e-03 
  4.033093806e-03 
  4.164918792e-03 
  4.190569278e-03 
  4.150361754e-03 
  4.103730433e-03 
  4.062406253e-03 
  4.053778481e-03 
  3.933374304e-03 
  3.923051059e-03 
  3.894204972e-03 
  3.713997081e-03 
  3.727066796e-03 
  3.521699226e-03 
  3.495401703e-03 
  3.360645846e-03 
  3.306910628e-03 
  3.302460769e-03 
  3.321100259e-03 
  3.350120736e-03 
  3.330747364e-03 
  3.380886512e-03 
  3.375526285e-03 
  3.377171000e-03 
  3.281405428e-03 
  3.371310420e-03 
  3.352303058e-03 
  3.146038391e-03 
  3.324052319e-03 
  3.321713069e-03 
  3.330055857e-03 
  3.295485163e-03 
  3.353650449e-03 
  3.234938253e-03 
  3.425026080e-03 
  3.379281145e-03 
  3.522922285e-03 
  3.510887269e-03 
  3.586434759e-03 
  3.575480776e-03 
  3.624555189e-03 
  3.616771661e-03 
  3.549777204e-03 
  3.618277377e-03 
  3.576173447e-03 
  3.620302305e-03 
  3.550280351e-03 
  3.570996225e-03 
  3.593878821e-03 
  3.617011709e-03 
  3.608363913e-03 
  3.626169404e-03 
  3.624365898e-03 
  3.627778962e-03 
  3.593795234e-03 
  3.450070508e-03 
  3.570031840e-03 
  3.596780356e-03 
  3.477795050e-03 
  3.575670300e-03 
  3.559361445e-03 
  3.547739936e-03 
  3.553796094e-03 
  3.556474810e-03 
  3.546597436e-03 
  3.564042738e-03 
  3.503025044e-03 
  3.550418885e-03 
  3.540716367e-03 
  3.547187429e-03 
  3.529870650e-03 
  3.519716440e-03 
  3.495062469e-03 
  3.406899748e-03 
  3.479662584e-03 
  3.463690169e-03 
  3.439603373e-03 
  3.443812486e-03 
  3.434611484e-03 
  3.404708579e-03 
  3.317029914e-03 
  3.387373406e-03 
  3.403849667e-03 
  3.316116286e-03 
  3.381282557e-03 
  3.345849924e-03 
  3.341789125e-03 
  3.284282517e-03 
  3.348937957e-03 
  3.359678434e-03 
  3.295010654e-03 
  3.357374342e-03 
  3.343536984e-03 
  3.324788995e-03 
  3.338573733e-03 
  3.326363163e-03 
  3.317747265e-03 
  3.301556688e-03 
  3.299274016e-03 
  3.172897035e-03 
  3.274898976e-03 
  3.268101020e-03 
  3.245666157e-03 
  3.235500539e-03 
  3.232473508e-03 
  3.207287518e-03 
  3.185308073e-03 
  3.162480891e-03 
  3.125159536e-03 
  3.069480648e-03 
  3.094894579e-03 
  3.090504324e-03 
  3.046680475e-03 
  3.037338844e-03 
  3.007249674e-03 
  2.994321054e-03 
  2.960981568e-03 
  2.962497761e-03 
  2.955818083e-03 
  2.953008981e-03 
  2.940033097e-03 
  2.930453978e-03 
  2.911498072e-03 
  2.896717982e-03 
  2.888487885e-03 
  2.844513860e-03 
  2.841566689e-03 
  2.796600107e-03 
  2.698578872e-03 
  2.419578377e-03 
  2.642458305e-03 
  2.721071476e-03 
  2.788249403e-03 
  2.780486830e-03 
  2.799562179e-03 
  2.783876378e-03 
  2.788771875e-03 
  2.773184096e-03 
  2.771466738e-03 
  2.749413950e-03 
  2.718932694e-03 
  2.733734436e-03 
  2.624087268e-03 
  2.725011902e-03 
  2.715721494e-03 
  2.686008345e-03 
  2.615018515e-03 
  2.673867624e-03 
  2.675743308e-03 
  2.674103482e-03 
  2.665685723e-03 
  2.593667479e-03 
  2.574635670e-03 
  2.601108281e-03 
  2.626388334e-03 
  2.614446217e-03 
  2.580359578e-03 
  2.568940399e-03 
  2.556641120e-03 
  2.522173803e-03 
  2.507701749e-03 
  2.486529760e-03 
  2.478460781e-03 
  2.464769641e-03 
  2.462420845e-03 
  2.453997266e-03 
  2.477181377e-03 
  2.473145025e-03 
  2.461606171e-03 
  2.396726282e-03 
  2.361917635e-03 
  2.478157869e-03 
  2.422547899e-03 
  2.496395493e-03 
  2.489674371e-03 
  2.477194648e-03 
  2.472656546e-03 
  2.458293689e-03 
  2.453440567e-03 
  2.428443870e-03 
  2.388954395e-03 
  2.413546434e-03 
  2.416897565e-03 
  2.404444385e-03 
  2.395969816e-03 
  2.382147126e-03 
  2.376095625e-03 
  2.365958411e-03 
  2.349601826e-03 
  2.304873196e-03 
  2.307291375e-03 
  2.301310655e-03 
  2.317820210e-03 
  2.288451884e-03 
  2.287828363e-03 
  2.283611335e-03 
  2.272748156e-03 
  2.264441457e-03 
  2.248099539e-03 
  2.235024702e-03 
  2.232059138e-03 
  2.202512464e-03 
  2.152427100e-03 
  2.175041940e-03 
  2.192579908e-03 
  2.183939796e-03 
  2.143649152e-03 
  2.156081144e-03 
  2.152776346e-03 
  2.144336002e-03 
  2.138582990e-03 
  2.076767385e-03 
  2.116237069e-03 
  2.094763797e-03 
  2.088581678e-03 
  2.088261070e-03 
  2.055685734e-03 
  2.000764944e-03 
  2.040769905e-03 
  2.021769527e-03 
  2.018135972e-03 
  2.013776451e-03 
  2.012473298e-03 
  1.994233811e-03 
  1.980952453e-03 
  1.981239533e-03 
  1.907742815e-03 
  1.974431565e-03 
  1.959283603e-03 
  1.931557315e-03 
  1.945220982e-03 
  1.942891162e-03 
  1.935005421e-03 
  1.925868215e-03 
  1.905753394e-03 
  1.919989358e-03 
  1.914436929e-03 
  1.905373414e-03 
  1.873801230e-03 
  1.893738634e-03 
  1.890752232e-03 
  1.886426122e-03 
  1.877277275e-03 
  1.868320513e-03 
  1.773595344e-03 
  1.828052104e-03 
  1.830270281e-03 
  1.823763479e-03 
  1.813998097e-03 
  1.808683272e-03 
  1.809152542e-03 
  1.799733029e-03 
  1.780035789e-03 
  1.776863937e-03 
  1.749807736e-03 
  1.755379839e-03 
  1.748859184e-03 
  1.652820152e-03 
  1.693645259e-03 
  1.684013288e-03 
  1.651462517e-03 
  1.685168478e-03 
  1.687139273e-03 
  1.679711859e-03 
  1.675517182e-03 
  1.691893558e-03 
  1.683941693e-03 
  1.675495412e-03 
  1.691497513e-03 
  1.690338482e-03 
  1.690114150e-03 
  1.686913078e-03 
  1.673248596e-03 
  1.662150491e-03 
  1.664472162e-03 
  1.653815852e-03 
  1.635056804e-03 
  1.622709911e-03 
  1.565132989e-03 
  1.585300197e-03 
  1.567171770e-03 
  1.591727138e-03 
  1.582607161e-03 
  1.559034688e-03 
  1.564852195e-03 
  1.560935052e-03 
  1.484915032e-03 
  1.523517887e-03 
  1.533311792e-03 
  1.514599193e-03 
  1.540705445e-03 
  1.548359287e-03 
  1.533279312e-03 
  1.528009656e-03 
  1.518507837e-03 
  1.505501918e-03 
  1.501875347e-03 
  1.474046381e-03 
  1.450615819e-03 
  1.458381070e-03 
  1.439445652e-03 
  1.429555705e-03 
  1.390179037e-03 
  1.409583376e-03 
  1.408870332e-03 
  1.394236460e-03 
  1.385282842e-03 
  1.378888614e-03 
  1.367082936e-03 
  1.368008554e-03 
  1.357742934e-03 
  1.353895757e-03 
  1.358057605e-03 
  1.347150770e-03 
  1.352034044e-03 
  1.328760874e-03 
  1.286074403e-03 
  1.317271846e-03 
  1.330029219e-03 
  1.341004507e-03 
  1.327892416e-03 
  1.326044672e-03 
  1.347317477e-03 
  1.346192206e-03 
  1.334057190e-03 
  1.318907598e-03 
  1.314821420e-03 
  1.316166599e-03 
  1.286236686e-03 
  1.286706422e-03 
  1.254838193e-03 
  1.246432657e-03 
  1.232416718e-03 
  1.207689173e-03 
  1.219631522e-03 
  1.217959914e-03 
  1.218575053e-03 
  1.157128252e-03 
  1.193713280e-03 
  1.216684585e-03 
  1.210725750e-03 
  1.205121051e-03 
  1.217696932e-03 
  1.211702358e-03 
  1.205806271e-03 
  1.206696150e-03 
  1.146875205e-03 
  1.144397538e-03 
  1.151314355e-03 
  1.157808467e-03 
  1.144374139e-03 
  1.173102646e-03 
  1.166914124e-03 
  1.180162420e-03 
  1.176141202e-03 
  1.171101583e-03 
  1.163386973e-03 
  1.176529331e-03 
  1.164186164e-03 
  1.163563342e-03 
  1.167053240e-03 
  1.157148392e-03 
  1.157020801e-03 
  1.144295791e-03 
  1.139740809e-03 
  1.143628848e-03 
  1.133371145e-03 
  1.116144122e-03 
  1.121636364e-03 
  1.103495248e-03 
  1.092649996e-03 
  1.092739869e-03 
  1.087412122e-03 
  1.070543658e-03 
  1.069766935e-03 
  1.066656201e-03 
  1.051079598e-03 
  1.012808178e-03 
  1.009245287e-03 
  9.743861156e-04 
  1.016666647e-03 
  1.023818855e-03 
  1.051604981e-03 
  1.038630377e-03 
  1.043176744e-03 
  1.055405941e-03 
  1.046249177e-03 
  1.047624741e-03 
  1.042492571e-03 
  1.053907094e-03 
  1.040918403e-03 
  1.038523391e-03 
  1.043806318e-03 
  1.035842928e-03 
  1.022828161e-03 
  1.027466613e-03 
  1.022592303e-03 
  9.892401285e-04 
  9.767826414e-04 
  1.002450706e-03 
  9.941763710e-04 
  9.687143029e-04 
  9.921586607e-04 
  9.746400756e-04 
  9.617328760e-04 
  9.660688229e-04 
  9.374834481e-04 
  9.312784532e-04 
  9.127829690e-04 
  8.849792066e-04 
  8.855498745e-04 
  8.752713911e-04 
  8.738484466e-04 
  8.785212995e-04 
  8.708189125e-04 
  8.689850802e-04 
  8.810778963e-04 
  9.023791645e-04 
  8.916233783e-04 
  8.886099095e-04 
  8.557353867e-04 
  8.987695910e-04 
  9.034958784e-04 
  8.964692242e-04 
  8.820465300e-04 
  8.829027647e-04 
  8.748529945e-04 
  8.632370154e-04 
  8.550576749e-04 
  8.469961467e-04 
  8.274158463e-04 
  8.259903989e-04 
  8.184233448e-04 
  7.538804784e-04 
  7.847669767e-04 
  7.803626941e-04 
  7.671130006e-04 
  7.522136439e-04 
  7.648633909e-04 
  7.273993688e-04 
  7.368454826e-04 
  7.320709410e-04 
  6.751840119e-04 
  6.838517147e-04 
  6.710388698e-04 
  6.497015711e-04 
  6.305914721e-04 
  6.589824916e-04 
  6.334965583e-04 
  6.285966374e-04 
  5.934776273e-04 
  6.189453998e-04 
  6.174510345e-04 
  6.196054746e-04 
  6.162390346e-04 
  6.176934112e-04 
  6.068650400e-04 
  6.190609420e-04 
  6.112255505e-04 
  6.063326146e-04 
  6.181817735e-04 
  6.129072863e-04 
  6.147255190e-04 
  6.066038040e-04 
