  2.532567978e-01 
  6.875553727e-01 
  7.580713630e-01 
  2.016771317e+00 
  2.301713943e+00 
  4.289800644e+00 
  4.746922970e+00 
  7.126173973e+00 
  9.163386345e+00 
  9.869157791e+00 
  1.117381477e+01 
  2.158407211e+01 
  1.852909088e+01 
  2.371650696e+01 
  2.423282814e+01 
  2.926815796e+01 
  2.279346085e+01 
  3.302206421e+01 
  3.202091217e+01 
  3.638764191e+01 
  3.424178314e+01 
  4.327045822e+01 
  3.709660721e+01 
  3.282301712e+01 
  4.134516144e+01 
  4.497217560e+01 
  6.256339645e+01 
  6.267612457e+01 
  5.083744431e+01 
  6.105928040e+01 
  6.336713028e+01 
  5.063786316e+01 
  5.597592926e+01 
  6.296213150e+01 
  5.210926056e+01 
  5.602779770e+01 
  4.187414551e+01 
  3.961716461e+01 
  4.809628677e+01 
  4.818887711e+01 
  5.363572693e+01 
  4.508099365e+01 
  4.697992325e+01 
  4.681228256e+01 
  4.194247818e+01 
  5.363967514e+01 
  5.909394836e+01 
  5.579320908e+01 
  5.213197708e+01 
  5.673747253e+01 
  5.755352783e+01 
  5.421781158e+01 
  5.511120987e+01 
  4.990147018e+01 
  5.715261078e+01 
  5.746135712e+01 
  5.389775848e+01 
  3.417231750e+01 
  3.683405304e+01 
  3.675973892e+01 
  5.409352112e+01 
  4.255928040e+01 
  4.633596039e+01 
  4.890820694e+01 
  4.843526840e+01 
  4.499352646e+01 
  6.126788330e+01 
  5.438467789e+01 
  5.087555313e+01 
  4.854269409e+01 
  5.537831879e+01 
  4.386977386e+01 
  4.580210495e+01 
  4.526667404e+01 
  3.476110840e+01 
  3.156620407e+01 
  4.475722122e+01 
  4.537960815e+01 
  5.813847733e+01 
  4.432885742e+01 
  4.112071609e+01 
  4.571847153e+01 
  3.382905960e+01 
  2.333899498e+01 
  2.541286469e+01 
  3.782405090e+01 
  2.903177261e+01 
  3.294283676e+01 
  3.224849701e+01 
  3.630622482e+01 
  4.348624039e+01 
  4.805517578e+01 
  4.218326187e+01 
  2.233732414e+01 
  2.441476250e+01 
  4.047958755e+01 
  4.115242004e+01 
  1.654277992e+01 
  4.571508026e+01 
  5.414080048e+01 
  5.253746414e+01 
  5.154109573e+01 
  5.391499329e+01 
  4.984325027e+01 
  5.287092972e+01 
  4.786138535e+01 
  4.689017868e+01 
  4.508345795e+01 
  4.821735764e+01 
  5.269098663e+01 
  4.349242401e+01 
  5.042552948e+01 
  5.158845901e+01 
  4.811854935e+01 
  4.663007736e+01 
  4.910967255e+01 
  4.820100021e+01 
  4.615247726e+01 
  4.458716965e+01 
  4.511501694e+01 
  3.771527481e+01 
  4.667235947e+01 
  4.417383575e+01 
  3.685208511e+01 
  4.004225922e+01 
  4.096857071e+01 
  3.890650558e+01 
  3.697344208e+01 
  3.698968887e+01 
  3.324974060e+01 
  2.621659470e+01 
  2.329125786e+01 
  4.142879868e+01 
  3.644315338e+01 
  3.423117447e+01 
  3.680728912e+01 
  4.033843613e+01 
  4.025512695e+01 
  3.564334106e+01 
  3.409400940e+01 
  3.777416611e+01 
  3.722136688e+01 
  3.875526047e+01 
  3.857195282e+01 
  3.788848877e+01 
  3.940576553e+01 
  3.468348312e+01 
  3.911569977e+01 
  3.932539368e+01 
  3.915500259e+01 
  3.956742096e+01 
  4.229063797e+01 
  3.888277817e+01 
  3.569876099e+01 
  3.764509583e+01 
  3.749549103e+01 
  3.798615646e+01 
  3.778481674e+01 
  3.671926880e+01 
  3.631938553e+01 
  3.561690521e+01 
  3.651350784e+01 
  3.553590012e+01 
  3.516725159e+01 
  3.491272354e+01 
  3.404275894e+01 
  3.475422668e+01 
  3.317807770e+01 
  3.475417709e+01 
  3.408587265e+01 
  3.326192474e+01 
  3.285202408e+01 
  3.290267563e+01 
  3.219978714e+01 
  3.211513519e+01 
  3.305795670e+01 
  3.170009422e+01 
  3.107615471e+01 
  3.227260208e+01 
  3.048960304e+01 
  3.077066803e+01 
  3.026953506e+01 
  3.058789253e+01 
  3.030825233e+01 
  2.884655190e+01 
  2.876461411e+01 
  2.308805084e+01 
  2.569152832e+01 
  2.761879349e+01 
  2.542017937e+01 
  2.865436745e+01 
  2.654851913e+01 
  2.526076126e+01 
  2.693859482e+01 
  2.576915169e+01 
  2.727813530e+01 
  2.630522156e+01 
  2.526680374e+01 
  2.442835999e+01 
  2.413157654e+01 
  2.379161072e+01 
  2.303252411e+01 
  2.266024590e+01 
  2.377951431e+01 
  2.191166306e+01 
  2.340713120e+01 
  2.482221603e+01 
  2.287852287e+01 
  2.173546219e+01 
  2.321946144e+01 
  2.228886986e+01 
  2.208763123e+01 
  2.296649933e+01 
  2.082451439e+01 
  2.019882393e+01 
  2.043058586e+01 
  2.126134682e+01 
  1.551574898e+01 
  1.903076935e+01 
  1.786270332e+01 
  1.948450661e+01 
  1.931541061e+01 
  1.989662361e+01 
  1.836423302e+01 
  1.974152184e+01 
  1.940430450e+01 
  1.832364273e+01 
  1.586040878e+01 
  1.887457466e+01 
  1.923383904e+01 
  1.800940704e+01 
  1.942585754e+01 
  1.836525345e+01 
  1.598737335e+01 
  1.723131371e+01 
  1.742579651e+01 
  1.832789040e+01 
  1.685470200e+01 
  1.748904610e+01 
  1.727933693e+01 
  1.676313591e+01 
  1.523836708e+01 
  1.685169029e+01 
  1.598066139e+01 
  1.671088409e+01 
  1.632095528e+01 
  1.582171059e+01 
  1.635345078e+01 
  1.504467201e+01 
  1.569943142e+01 
  1.522665215e+01 
  1.500732327e+01 
  1.552643108e+01 
  1.479667377e+01 
  1.515607357e+01 
  1.507575989e+01 
  1.454185772e+01 
  1.399643421e+01 
  1.441111755e+01 
  1.351217747e+01 
  1.346250057e+01 
  1.467704582e+01 
  1.336334896e+01 
  1.386898994e+01 
  1.356402493e+01 
  1.361403084e+01 
  1.245100689e+01 
  1.324525738e+01 
  1.309102726e+01 
  1.271497536e+01 
  1.268020439e+01 
  1.214006424e+01 
  1.272030067e+01 
  1.274611282e+01 
  1.257854366e+01 
  1.217503738e+01 
  1.186485386e+01 
  1.227281761e+01 
  1.183594894e+01 
  1.167035103e+01 
  1.199877262e+01 
  1.171527576e+01 
  1.181832790e+01 
  1.182402420e+01 
  1.170880413e+01 
  1.155393791e+01 
  1.098287964e+01 
  1.132479286e+01 
  1.112676334e+01 
  9.794052124e+00 
  1.015526581e+01 
  1.071345997e+01 
  1.043536377e+01 
  1.047237587e+01 
  1.049331760e+01 
  1.022050953e+01 
  1.039915180e+01 
  1.035299492e+01 
  1.006902218e+01 
  9.999453545e+00 
  9.933168411e+00 
  9.807146072e+00 
  9.632399559e+00 
  9.626935959e+00 
  9.868080139e+00 
  9.778900146e+00 
  9.601378441e+00 
  9.484165192e+00 
  9.386969566e+00 
  9.229203224e+00 
  9.021533012e+00 
  9.107864380e+00 
  8.930422783e+00 
  8.742342949e+00 
  8.371532440e+00 
  8.715147972e+00 
  8.232207298e+00 
  8.224434853e+00 
  8.555411339e+00 
  8.420572281e+00 
  8.488006592e+00 
  8.576177597e+00 
  8.068991661e+00 
  8.076770782e+00 
  8.030733109e+00 
  7.760054111e+00 
  7.745399475e+00 
  7.810625076e+00 
  7.580790520e+00 
  7.768756390e+00 
  7.461961269e+00 
  7.700918674e+00 
  7.136503220e+00 
  7.619213581e+00 
  7.353736877e+00 
  7.445734024e+00 
  7.143231392e+00 
  7.337635040e+00 
  7.412108421e+00 
  7.308318615e+00 
  7.039159298e+00 
  7.098715782e+00 
  6.972815037e+00 
  7.048921108e+00 
  6.926123142e+00 
  6.939291954e+00 
  6.631954670e+00 
  6.680393696e+00 
  6.627881527e+00 
  6.718308926e+00 
  6.190838814e+00 
  6.627912998e+00 
  6.457463264e+00 
  6.551326275e+00 
  6.425518990e+00 
  6.216350555e+00 
  5.246086597e+00 
  5.565856457e+00 
  6.164112568e+00 
  6.138720512e+00 
  6.151193142e+00 
  6.146298409e+00 
  6.199467182e+00 
  6.092906475e+00 
  5.960827351e+00 
  5.951438904e+00 
  5.987891197e+00 
  5.834488392e+00 
  5.833378315e+00 
  5.882238388e+00 
  5.777469158e+00 
  5.682582378e+00 
  5.630652905e+00 
  5.637555599e+00 
  5.615237713e+00 
  5.496946812e+00 
  5.567720413e+00 
  5.424765587e+00 
  5.481987476e+00 
  5.372512817e+00 
  5.298921585e+00 
  5.272584915e+00 
  5.230077744e+00 
  5.233460426e+00 
  5.107468605e+00 
  5.135723114e+00 
  4.871038437e+00 
  4.375900269e+00 
  4.476366043e+00 
  4.425686836e+00 
  4.487709522e+00 
  4.576664448e+00 
  4.587240696e+00 
  4.579462528e+00 
  4.577116489e+00 
  4.503129959e+00 
  4.547951698e+00 
  4.608718872e+00 
  4.479916096e+00 
  4.468678951e+00 
  4.401218891e+00 
  4.263749123e+00 
  4.228335857e+00 
  4.316714764e+00 
  4.306579113e+00 
  4.291593552e+00 
  4.225759983e+00 
  4.145732880e+00 
  4.250115395e+00 
  4.092690468e+00 
  4.144282818e+00 
  4.097539902e+00 
  4.033522606e+00 
  3.980023861e+00 
  4.019704819e+00 
  3.836649895e+00 
  3.893300056e+00 
  3.645338297e+00 
  3.534578800e+00 
  3.449446201e+00 
  3.418553829e+00 
  3.556850195e+00 
  3.651510239e+00 
  3.585786343e+00 
  3.489949942e+00 
  3.445604801e+00 
  3.415618896e+00 
  3.459571123e+00 
  3.367146492e+00 
  3.248367548e+00 
  3.343450546e+00 
  3.262803793e+00 
  3.364557266e+00 
  3.354183435e+00 
  3.435003042e+00 
  3.377571106e+00 
  3.277190685e+00 
  3.316021442e+00 
  3.308486462e+00 
  3.191923141e+00 
  3.223439932e+00 
  3.191344261e+00 
  3.126027346e+00 
  3.209483385e+00 
  3.227386713e+00 
  3.130172014e+00 
  3.159490824e+00 
  3.191692114e+00 
  3.118313074e+00 
  3.103119373e+00 
  3.039848804e+00 
  3.015750647e+00 
  3.047470808e+00 
  3.002987146e+00 
  3.033951283e+00 
  3.000426531e+00 
  2.926018476e+00 
  2.931524992e+00 
  2.907047272e+00 
  2.624021769e+00 
  1.383907199e+00 
  1.266970992e+00 
  1.900843382e+00 
  1.724960566e+00 
  1.827624679e+00 
  2.070069790e+00 
  2.218448400e+00 
  2.372632265e+00 
  2.553388834e+00 
  2.601788044e+00 
  2.612793922e+00 
  2.619575977e+00 
  2.600088596e+00 
  2.577742815e+00 
  2.593584061e+00 
  2.483961105e+00 
  2.573271036e+00 
  2.542091131e+00 
  2.515098333e+00 
  2.509939909e+00 
  2.465786457e+00 
  2.449325562e+00 
  2.465768337e+00 
  2.395477533e+00 
  2.395779371e+00 
  2.386692047e+00 
  2.329019785e+00 
  2.344272614e+00 
  2.293227434e+00 
  2.281380892e+00 
  2.245447874e+00 
  2.224753618e+00 
  2.180479527e+00 
  2.172385216e+00 
  2.150430679e+00 
  2.120673180e+00 
  2.128060818e+00 
  2.135354280e+00 
  2.136784554e+00 
  2.121549129e+00 
  2.048028231e+00 
  2.076366186e+00 
  2.061037540e+00 
  2.022303820e+00 
  2.033902645e+00 
  1.975247383e+00 
  2.022915602e+00 
  2.000854015e+00 
  1.975999236e+00 
  1.929691195e+00 
  1.907976747e+00 
  1.921915174e+00 
  1.896660566e+00 
  1.868322849e+00 
  1.842505217e+00 
  1.797007799e+00 
  1.751892209e+00 
  1.754729986e+00 
  1.736913681e+00 
  1.688228488e+00 
  1.669963479e+00 
  1.745863318e+00 
  1.666646242e+00 
  1.626464963e+00 
  1.688644052e+00 
  1.710017443e+00 
  1.706639290e+00 
  1.688526750e+00 
  1.656279802e+00 
  1.654443383e+00 
  1.628256679e+00 
  1.593690634e+00 
  1.619179964e+00 
  1.565618515e+00 
  1.586308360e+00 
  1.591431737e+00 
  1.598982692e+00 
  1.577705860e+00 
  1.580253720e+00 
  1.526116967e+00 
  1.560326815e+00 
  1.554200888e+00 
  1.539310932e+00 
  1.526747465e+00 
  1.496632338e+00 
  1.513164759e+00 
  1.519650102e+00 
  1.461602688e+00 
  1.495999575e+00 
  1.491763234e+00 
  1.282812834e+00 
  1.461573482e+00 
  1.399501562e+00 
  1.410449505e+00 
  1.128459811e+00 
  1.236960173e+00 
  1.397952199e+00 
  1.414155841e+00 
  1.385188341e+00 
  1.379164219e+00 
  1.360657811e+00 
  1.354078531e+00 
  1.343398929e+00 
  1.362628579e+00 
  1.353584170e+00 
  1.322181463e+00 
  1.103846431e+00 
  1.169929981e+00 
  1.262874961e+00 
  1.239344239e+00 
  1.284398317e+00 
  1.276603460e+00 
  1.265594840e+00 
  1.264670610e+00 
  1.231149554e+00 
  1.214136600e+00 
  1.218439102e+00 
  1.236929774e+00 
  1.209794044e+00 
  1.206940651e+00 
  1.194214463e+00 
  1.126771092e+00 
  1.183388948e+00 
  1.151162267e+00 
  1.155630231e+00 
  1.161779642e+00 
  1.117974401e+00 
  1.101906419e+00 
  1.129663467e+00 
  1.132189512e+00 
  1.123044491e+00 
  1.111542940e+00 
  1.100284934e+00 
  1.045809984e+00 
  1.071706772e+00 
  1.001103044e+00 
  1.019094110e+00 
  9.748075604e-01 
  9.647101760e-01 
  9.397375584e-01 
  9.148023129e-01 
  8.864214420e-01 
  8.670827150e-01 
  9.422376752e-01 
  9.730269313e-01 
  9.652758837e-01 
  9.221178889e-01 
  9.112194777e-01 
  8.690308332e-01 
  8.509307504e-01 
  8.592436910e-01 
  8.618676066e-01 
  8.556122184e-01 
  8.532320261e-01 
  8.530461788e-01 
  8.412758708e-01 
  8.497924209e-01 
  8.366521597e-01 
  8.336987495e-01 
  8.585739136e-01 
  8.606968522e-01 
  8.351082206e-01 
  8.237310052e-01 
  7.821142673e-01 
  8.028686047e-01 
  8.092266917e-01 
  7.765271068e-01 
  7.919591665e-01 
  7.787215710e-01 
  7.442128658e-01 
  7.135263085e-01 
  6.816859841e-01 
  6.360794306e-01 
  6.092545390e-01 
  5.758274198e-01 
  5.621854067e-01 
  5.654079318e-01 
  5.730647445e-01 
  5.923726559e-01 
  6.702032685e-01 
  6.751003861e-01 
  6.476924419e-01 
  5.981117487e-01 
  5.893650651e-01 
  5.681506395e-01 
  5.842474103e-01 
  5.904233456e-01 
  5.963391066e-01 
  6.044409871e-01 
  6.029164791e-01 
  5.982086658e-01 
  6.077157855e-01 
  5.886034966e-01 
  5.960844159e-01 
  6.001403928e-01 
  5.490809083e-01 
  5.811851621e-01 
  6.089614630e-01 
  6.150968075e-01 
  6.099504232e-01 
  6.002794504e-01 
  5.889387131e-01 
  5.916688442e-01 
  6.040571332e-01 
  5.969632268e-01 
  6.002847552e-01 
  5.813879967e-01 
  6.074817181e-01 
  6.177079678e-01 
  6.284196973e-01 
  6.280505061e-01 
  6.196468472e-01 
  6.186872125e-01 
  6.043891311e-01 
  5.857270956e-01 
  5.819014907e-01 
  5.918462276e-01 
  5.833359957e-01 
  5.945342183e-01 
  5.772586465e-01 
  5.926480293e-01 
  5.965586901e-01 
  5.905749798e-01 
  5.917637348e-01 
  5.908946991e-01 
  5.914041996e-01 
  5.883830786e-01 
  5.945202112e-01 
  5.852023959e-01 
  5.756645799e-01 
  5.786325932e-01 
  5.825652480e-01 
  5.752736330e-01 
  5.727756023e-01 
  5.748733282e-01 
  5.693647861e-01 
  5.669135451e-01 
  5.645618439e-01 
  5.594415069e-01 
  5.554885864e-01 
  5.490470529e-01 
  5.486544967e-01 
  5.435550809e-01 
  5.355267525e-01 
  5.300817490e-01 
  4.936125875e-01 
  5.175862908e-01 
  5.245088935e-01 
  5.229894519e-01 
  5.156304240e-01 
  5.164002776e-01 
  5.137571692e-01 
  5.127313733e-01 
  5.074104071e-01 
  5.089318752e-01 
  4.975851774e-01 
  4.990513325e-01 
  4.923372865e-01 
  4.964042008e-01 
  4.823941886e-01 
  4.797123969e-01 
  4.830719233e-01 
  4.733082652e-01 
  4.798401892e-01 
  4.751211703e-01 
  4.739802778e-01 
  4.732044041e-01 
  4.682571590e-01 
  4.676944315e-01 
  4.592264593e-01 
  4.624544084e-01 
  4.593869746e-01 
  4.561443329e-01 
  4.460338652e-01 
  4.490551651e-01 
  4.425581992e-01 
  4.464844465e-01 
  4.353389740e-01 
  4.379331470e-01 
  4.379728138e-01 
  4.310632348e-01 
  4.316208363e-01 
  4.311887324e-01 
  4.220786393e-01 
  4.245674610e-01 
  4.210522473e-01 
  4.071626365e-01 
  4.129649699e-01 
  4.153427184e-01 
  4.109251201e-01 
  4.068098664e-01 
  4.052090645e-01 
  4.016778469e-01 
  4.002496898e-01 
  3.945193887e-01 
  3.957893252e-01 
  3.931149244e-01 
  3.907485306e-01 
  3.849134445e-01 
  3.713342845e-01 
  3.832623661e-01 
  3.683689535e-01 
  3.769569099e-01 
  3.689959347e-01 
  3.721647859e-01 
  3.700864911e-01 
  3.573545516e-01 
  3.643267453e-01 
  3.613195121e-01 
  3.328288496e-01 
  3.514337242e-01 
  3.506112993e-01 
  3.502234817e-01 
  3.374586105e-01 
  3.481086493e-01 
  3.364871442e-01 
  3.423914909e-01 
  3.401176929e-01 
  3.395333588e-01 
  3.251572549e-01 
  3.326334357e-01 
  3.192298114e-01 
  3.225407600e-01 
  3.122417927e-01 
  3.224439621e-01 
  3.158131540e-01 
  3.190659881e-01 
  2.997390032e-01 
  3.168572485e-01 
  3.019750714e-01 
  3.071132600e-01 
  3.082938790e-01 
  2.992643118e-01 
  2.928164601e-01 
  2.648789287e-01 
  2.857652903e-01 
  2.836526036e-01 
  2.785094976e-01 
  2.695693970e-01 
  2.650513053e-01 
  2.688570917e-01 
  2.679044306e-01 
  2.555625737e-01 
  2.650873959e-01 
  2.614608705e-01 
  2.582777739e-01 
  2.533366084e-01 
  2.525337636e-01 
  2.510961294e-01 
  2.528237402e-01 
  2.528772652e-01 
  2.477801591e-01 
  2.398075461e-01 
  2.313347012e-01 
  2.310569733e-01 
  2.196678519e-01 
  2.111652941e-01 
  2.014798522e-01 
  1.890587509e-01 
  1.781181693e-01 
  1.717642099e-01 
  1.708661318e-01 
  1.631736755e-01 
  1.668015867e-01 
  1.688409299e-01 
  1.635583788e-01 
  1.593862325e-01 
  1.647091955e-01 
  1.621033102e-01 
  1.684826016e-01 
  1.821269095e-01 
  1.875790805e-01 
  1.816627383e-01 
  1.665491313e-01 
  1.465597451e-01 
  1.492957324e-01 
  1.671056598e-01 
  1.787865758e-01 
  1.815151572e-01 
  1.879980564e-01 
  1.859672964e-01 
  1.763440967e-01 
  1.791693270e-01 
  1.713463813e-01 
  1.651658863e-01 
  1.592606157e-01 
  1.618379205e-01 
  1.670180559e-01 
  1.692940891e-01 
  1.710201353e-01 
  1.697865725e-01 
  1.713700593e-01 
  1.717764586e-01 
  1.728161871e-01 
  1.725489944e-01 
  1.766828448e-01 
  1.777768135e-01 
  1.872467250e-01 
  1.901328415e-01 
  1.897294521e-01 
  1.878564507e-01 
  1.860826164e-01 
  1.944126189e-01 
  1.973473132e-01 
  1.933179647e-01 
  1.966249496e-01 
  1.914564669e-01 
  1.942784637e-01 
  1.951610893e-01 
  1.881486475e-01 
  1.929250211e-01 
  1.941768825e-01 
  1.922950894e-01 
  1.897365898e-01 
  1.892108172e-01 
  1.878973395e-01 
  1.841615140e-01 
  1.884983331e-01 
  1.833100617e-01 
  1.818797141e-01 
  1.832973361e-01 
  1.805450320e-01 
  1.789990366e-01 
  1.681240350e-01 
  1.757927835e-01 
  1.791808903e-01 
  1.770094633e-01 
  1.748198420e-01 
  1.729647070e-01 
  1.632549167e-01 
  1.733173281e-01 
  1.762488931e-01 
  1.758905798e-01 
  1.751061827e-01 
  1.740063727e-01 
  1.703382730e-01 
  1.698092520e-01 
  1.686598957e-01 
  1.623212546e-01 
  1.551593095e-01 
  1.647756696e-01 
  1.654711962e-01 
  1.651310325e-01 
  1.560975313e-01 
  1.582738012e-01 
  1.631715447e-01 
  1.625196785e-01 
  1.634455472e-01 
  1.603249013e-01 
  1.494384110e-01 
  1.587592661e-01 
  1.528817266e-01 
  1.573529094e-01 
  1.581791788e-01 
  1.568626910e-01 
  1.571317911e-01 
  1.570876837e-01 
  1.570241153e-01 
  1.561965197e-01 
  1.543029696e-01 
  1.548824161e-01 
  1.542198211e-01 
  1.529524773e-01 
  1.517987400e-01 
  1.530300230e-01 
  1.518084258e-01 
  1.520023942e-01 
  1.466227770e-01 
  1.510093063e-01 
  1.505657583e-01 
  1.497970670e-01 
  1.494290382e-01 
  1.472916007e-01 
  1.479932219e-01 
  1.473117471e-01 
  1.459137946e-01 
  1.463638097e-01 
  1.459706426e-01 
  1.454174370e-01 
  1.432844400e-01 
  1.421430409e-01 
  1.428776830e-01 
  1.415140778e-01 
  1.394330263e-01 
  1.375986487e-01 
  1.394230276e-01 
  1.378035098e-01 
  1.365188211e-01 
  1.370457858e-01 
  1.360132843e-01 
  1.349204928e-01 
  1.334042549e-01 
  1.323972344e-01 
  1.306991726e-01 
  1.302823573e-01 
  1.293758601e-01 
  1.284270138e-01 
  1.261837780e-01 
  1.255802512e-01 
  1.231814325e-01 
  1.222763807e-01 
  1.209184453e-01 
  1.165343001e-01 
  1.170040220e-01 
  1.144349054e-01 
  1.141398400e-01 
  1.139666885e-01 
  1.108641550e-01 
  1.087251157e-01 
  1.090985313e-01 
  1.117765084e-01 
  1.129585430e-01 
  1.129923835e-01 
  1.131495461e-01 
  1.128554046e-01 
  1.135889962e-01 
  1.137253344e-01 
  1.135444492e-01 
  1.131697074e-01 
  1.122914255e-01 
  1.116828695e-01 
  1.085524336e-01 
  9.640391171e-02 
  1.057387143e-01 
  1.098619998e-01 
  1.104868203e-01 
  1.100269929e-01 
  1.101440936e-01 
  1.082088873e-01 
  1.082751676e-01 
  1.054635569e-01 
  1.067579463e-01 
  1.073241457e-01 
  1.071559414e-01 
  1.047622934e-01 
  1.049560234e-01 
  1.040918231e-01 
  1.026408747e-01 
  1.013955399e-01 
  1.020881385e-01 
  1.013051569e-01 
  1.007257327e-01 
  9.879763424e-02 
  9.697154164e-02 
  9.638839960e-02 
  9.652380645e-02 
  9.617484361e-02 
  9.536708146e-02 
  9.445034713e-02 
  9.330929816e-02 
  9.254810214e-02 
  9.199636430e-02 
  9.052439034e-02 
  8.565811068e-02 
  8.749108762e-02 
  8.468224108e-02 
  8.701700717e-02 
  8.764572442e-02 
  8.517185599e-02 
  8.464796096e-02 
  8.214955032e-02 
  8.092646301e-02 
  8.156961203e-02 
  8.264347911e-02 
  8.302246779e-02 
  8.219628781e-02 
  8.051104844e-02 
  7.735181600e-02 
  7.482179999e-02 
  6.760913879e-02 
  6.691284478e-02 
  6.600276381e-02 
  6.466261297e-02 
  6.707075983e-02 
  6.821490824e-02 
  6.898027658e-02 
  6.838405877e-02 
  6.863172352e-02 
  6.901600212e-02 
  6.846290827e-02 
  6.831746548e-02 
  6.902739406e-02 
  6.873100996e-02 
  6.681202352e-02 
  6.422772259e-02 
  5.841032788e-02 
  5.407557636e-02 
  5.186745897e-02 
  4.846059904e-02 
  4.691051692e-02 
  4.348726571e-02 
  4.189966246e-02 
  4.005171359e-02 
  3.749920428e-02 
  3.608475998e-02 
  3.450248390e-02 
  3.315849602e-02 
  3.149884567e-02 
  3.085005097e-02 
  2.903856710e-02 
  2.748237737e-02 
  2.737212181e-02 
  2.699757367e-02 
  2.727698535e-02 
  2.787699178e-02 
  2.784096077e-02 
  2.811214514e-02 
  2.732850611e-02 
  2.710577659e-02 
  2.658180892e-02 
  2.759142965e-02 
  2.917496301e-02 
  3.151378408e-02 
  3.287255019e-02 
  3.378698975e-02 
  3.351416439e-02 
  3.269286826e-02 
  3.244932741e-02 
  3.102684766e-02 
  2.980645187e-02 
  2.767946199e-02 
  2.628122456e-02 
  2.506931871e-02 
  2.517954074e-02 
  2.615260519e-02 
  2.673967183e-02 
  2.812493965e-02 
  2.978399023e-02 
  3.110491112e-02 
  3.169070184e-02 
  3.118117526e-02 
  3.110628203e-02 
  2.971040457e-02 
  2.848159336e-02 
  2.724535204e-02 
  2.753395028e-02 
  2.876766212e-02 
  2.969469316e-02 
  2.972098999e-02 
  2.923783660e-02 
  2.820011601e-02 
  2.838473953e-02 
  2.960368991e-02 
  2.992673591e-02 
  2.941770852e-02 
  2.949111164e-02 
  2.909814194e-02 
  2.913449332e-02 
  2.982161194e-02 
  3.067753091e-02 
  3.173030168e-02 
  3.285474330e-02 
  3.151289746e-02 
  3.254453465e-02 
  3.269217163e-02 
  3.330111131e-02 
  3.372102231e-02 
  3.403336927e-02 
  3.402263299e-02 
  3.355733305e-02 
  3.360882401e-02 
  3.503352404e-02 
  3.461320698e-02 
  3.449868783e-02 
  3.438916430e-02 
  3.465210274e-02 
  3.320215270e-02 
  3.405273706e-02 
  3.501669690e-02 
  3.444880620e-02 
  3.344190493e-02 
  3.239301965e-02 
  3.240687400e-02 
  3.231324255e-02 
  3.137395531e-02 
  3.225284815e-02 
  3.240966424e-02 
  3.255898878e-02 
  3.303366154e-02 
  3.344445676e-02 
  3.156913072e-02 
  3.324954584e-02 
  3.222989291e-02 
  3.269198164e-02 
  3.299077228e-02 
  3.288582340e-02 
  3.358666599e-02 
  3.375624493e-02 
  3.400293365e-02 
  3.367894515e-02 
  3.294459358e-02 
  3.286072984e-02 
  3.306319565e-02 
  3.480897471e-02 
  3.609216958e-02 
  3.636976704e-02 
  3.704560176e-02 
  3.741693124e-02 
  3.795505688e-02 
  3.740133345e-02 
  3.616110235e-02 
  3.570165858e-02 
  3.451471403e-02 
  3.418542072e-02 
  3.387590125e-02 
  3.368067741e-02 
  3.217282519e-02 
  3.244590759e-02 
  3.109381720e-02 
  3.061961569e-02 
  3.009950556e-02 
  3.034671023e-02 
  3.152600303e-02 
  3.319984302e-02 
  3.333629295e-02 
  3.392424062e-02 
  3.388506174e-02 
  3.351522982e-02 
  3.257476166e-02 
  3.239829093e-02 
  3.273854032e-02 
  3.265752271e-02 
  3.351965174e-02 
  3.289594129e-02 
  3.309726343e-02 
  3.356053308e-02 
  3.336194158e-02 
  3.433346748e-02 
  2.999174409e-02 
  3.566012532e-02 
  3.681308031e-02 
  3.769148514e-02 
  3.683339432e-02 
  3.792300820e-02 
  3.772770613e-02 
  3.775083646e-02 
  3.719640523e-02 
  3.800275922e-02 
  3.884923831e-02 
  3.864001855e-02 
  3.958368301e-02 
  3.930745274e-02 
  3.868968040e-02 
  3.452681750e-02 
  3.599593788e-02 
  3.617496789e-02 
  3.657682240e-02 
  3.851526603e-02 
  3.800461441e-02 
  3.827092797e-02 
  3.883339465e-02 
  3.905201703e-02 
  3.831555322e-02 
  3.819001466e-02 
  3.756834939e-02 
  3.831334412e-02 
  3.789419681e-02 
  3.767075017e-02 
  3.846571222e-02 
  3.803502023e-02 
  3.847803175e-02 
  3.781063482e-02 
  3.749252856e-02 
  3.834809735e-02 
  3.791284189e-02 
  3.690343350e-02 
  3.785253316e-02 
  3.740482405e-02 
  3.761963546e-02 
  3.740127012e-02 
  3.495160490e-02 
  3.728041053e-02 
  3.697864711e-02 
  3.671587631e-02 
  3.607778996e-02 
  3.614048287e-02 
  3.652868420e-02 
  3.658725321e-02 
  3.552609682e-02 
  3.619978949e-02 
  3.480336815e-02 
  3.545100614e-02 
  3.556892648e-02 
  3.539238498e-02 
  3.577288985e-02 
  3.583457321e-02 
  3.577757999e-02 
  3.535467014e-02 
  3.422966972e-02 
  3.501566872e-02 
  3.473287448e-02 
  3.446262702e-02 
  3.496322408e-02 
  3.470066562e-02 
  3.333443776e-02 
  3.380228207e-02 
  3.306801245e-02 
  3.406136110e-02 
  3.370814025e-02 
  3.362246230e-02 
  3.295639157e-02 
  3.363836184e-02 
  3.353923932e-02 
  3.293064982e-02 
  3.215557709e-02 
  3.250868991e-02 
  3.181077912e-02 
  3.161246330e-02 
  3.072013333e-02 
  3.059026226e-02 
  2.961609140e-02 
  3.033198044e-02 
  3.021580167e-02 
  2.969014458e-02 
  2.975224890e-02 
  2.758591808e-02 
  2.956083976e-02 
  2.663986385e-02 
  2.909941599e-02 
  2.922384813e-02 
  2.980467491e-02 
  2.953197807e-02 
  2.893643267e-02 
  2.929070964e-02 
  2.902133763e-02 
  2.985601500e-02 
  2.940642647e-02 
  2.905234508e-02 
  2.855762653e-02 
  2.607407235e-02 
  2.802024595e-02 
  2.732497454e-02 
  2.869181708e-02 
  2.922152914e-02 
  2.889132686e-02 
  2.891853824e-02 
  2.702097036e-02 
  2.790486068e-02 
  2.815114520e-02 
  2.691398002e-02 
  2.712216601e-02 
  2.591521107e-02 
  2.646296099e-02 
  2.624359354e-02 
  2.658510208e-02 
  2.612639777e-02 
  2.598700672e-02 
  2.600751072e-02 
  2.622191608e-02 
  2.605590411e-02 
  2.439557202e-02 
  2.513265982e-02 
  2.541484311e-02 
  2.601824515e-02 
  2.569871023e-02 
  2.613724209e-02 
  2.450077049e-02 
  2.522404678e-02 
  2.594529837e-02 
  2.586455829e-02 
  2.520884201e-02 
  2.481606044e-02 
  2.537761629e-02 
  2.585402690e-02 
  2.598395944e-02 
  2.530495636e-02 
  2.552345023e-02 
  2.543110400e-02 
  2.555930801e-02 
  2.547913231e-02 
  2.470374107e-02 
  2.502822131e-02 
  2.494461834e-02 
  2.455037832e-02 
  2.388198860e-02 
  2.446199395e-02 
  2.430255897e-02 
  2.311374433e-02 
  2.288883179e-02 
  2.254614606e-02 
  2.259073406e-02 
  2.237102203e-02 
  2.228818461e-02 
  2.279924788e-02 
  2.238923125e-02 
  2.237395197e-02 
  2.258746140e-02 
  2.274207957e-02 
  2.258489840e-02 
  2.201388218e-02 
  2.251689881e-02 
  2.196626738e-02 
  2.235894278e-02 
  2.208508179e-02 
  2.227851935e-02 
  2.181325108e-02 
  2.220473066e-02 
  2.198995464e-02 
  2.208054252e-02 
  2.163021080e-02 
  2.182554454e-02 
  2.185692638e-02 
  2.163206227e-02 
  2.142526954e-02 
  2.126122825e-02 
  2.099445462e-02 
  2.085673250e-02 
  2.103214711e-02 
  2.062607929e-02 
  2.063886635e-02 
  2.104846202e-02 
  2.086475119e-02 
  1.982960105e-02 
  2.034482360e-02 
  2.038417198e-02 
  2.014621533e-02 
  1.977432519e-02 
  1.982616819e-02 
  1.988917775e-02 
  1.957028359e-02 
  1.885324530e-02 
  1.815720648e-02 
  1.863664016e-02 
  1.905000955e-02 
  1.935628615e-02 
  1.936549321e-02 
  1.908735186e-02 
  1.912284084e-02 
  1.908891462e-02 
  1.881443150e-02 
  1.875473000e-02 
  1.895235851e-02 
  1.894202083e-02 
  1.883016899e-02 
  1.875925623e-02 
  1.872148551e-02 
  1.856753416e-02 
  1.840942539e-02 
  1.847705990e-02 
  1.831484772e-02 
  1.804187521e-02 
  1.803017221e-02 
  1.792824082e-02 
  1.752282679e-02 
  1.779739372e-02 
  1.783596911e-02 
  1.757313497e-02 
  1.748918369e-02 
  1.696426980e-02 
  1.723377407e-02 
  1.738058776e-02 
  1.602266729e-02 
  1.710020751e-02 
  1.714613475e-02 
  1.710744947e-02 
  1.707864180e-02 
  1.694934629e-02 
  1.675074734e-02 
  1.662281714e-02 
  1.672545075e-02 
  1.630922407e-02 
  1.603270881e-02 
  1.626899838e-02 
  1.541976631e-02 
  1.561575569e-02 
  1.580169238e-02 
  1.592771336e-02 
  1.581398770e-02 
  1.543207094e-02 
  1.571016759e-02 
  1.570446044e-02 
  1.544766687e-02 
  1.523968391e-02 
  1.423619408e-02 
  1.447975729e-02 
  1.453803293e-02 
  1.380121429e-02 
  1.358622219e-02 
  1.421920676e-02 
  1.440737303e-02 
  1.442638412e-02 
  1.406070963e-02 
  1.446970273e-02 
  1.420060918e-02 
  1.436708029e-02 
  1.391611062e-02 
  1.398742665e-02 
  1.360891014e-02 
  1.408089790e-02 
  1.393690892e-02 
  1.387412194e-02 
  1.361873839e-02 
  1.368834451e-02 
  1.369601209e-02 
  1.366924122e-02 
  1.343030576e-02 
  1.354335807e-02 
  1.352214534e-02 
  1.338575222e-02 
  1.341011096e-02 
  1.328749303e-02 
  1.302057784e-02 
  1.266861893e-02 
  1.277972851e-02 
  1.249864418e-02 
  1.268781070e-02 
  1.259245817e-02 
  1.256104466e-02 
  1.235311292e-02 
  1.241579466e-02 
  1.219025441e-02 
  1.218396146e-02 
  1.215709373e-02 
  1.213394664e-02 
  1.185117196e-02 
  1.152468007e-02 
  1.147149224e-02 
  1.114109904e-02 
  1.094961725e-02 
  1.103481837e-02 
  1.094684657e-02 
  1.091485564e-02 
  1.074680127e-02 
  1.056365855e-02 
  1.054875925e-02 
  1.047617756e-02 
  1.053748373e-02 
  1.059854124e-02 
  1.053819153e-02 
  1.024201326e-02 
  1.014089677e-02 
  9.887925349e-03 
  9.724933654e-03 
  9.417445399e-03 
  9.089193307e-03 
  9.143804200e-03 
  8.834149688e-03 
  8.487665094e-03 
  8.498682640e-03 
  8.098688908e-03 
  8.038308471e-03 
  7.544181775e-03 
  7.289674133e-03 
  7.240004838e-03 
  7.316160481e-03 
  7.271000184e-03 
  7.065561600e-03 
  6.945248228e-03 
  6.852554157e-03 
  6.649771240e-03 
  6.362995133e-03 
  6.339102052e-03 
  6.094499025e-03 
  6.093317643e-03 
  5.906921346e-03 
  5.564298015e-03 
  5.475111771e-03 
  5.186930299e-03 
  4.827086814e-03 
  5.033920519e-03 
  5.095559172e-03 
  5.120243877e-03 
  5.039550364e-03 
  4.949848633e-03 
  5.066139158e-03 
  4.779113922e-03 
  4.792174790e-03 
  4.623760935e-03 
  4.570378922e-03 
  4.218276590e-03 
  4.159362521e-03 
  4.138296936e-03 
  4.029192030e-03 
  3.872367786e-03 
  3.851684043e-03 
  3.617134411e-03 
  3.614306217e-03 
  3.543063998e-03 
  3.418336157e-03 
  3.556707641e-03 
  3.574733390e-03 
  3.642126685e-03 
  3.676473862e-03 
  3.548183711e-03 
  3.737113671e-03 
  3.712625010e-03 
  3.671062412e-03 
  3.397599794e-03 
  3.489480587e-03 
  3.535452532e-03 
  3.554775380e-03 
  3.526641754e-03 
  3.496406600e-03 
  3.408891615e-03 
  3.459235420e-03 
  3.456995822e-03 
  3.331473330e-03 
  3.457170213e-03 
  3.504353110e-03 
  3.571802285e-03 
  3.519804217e-03 
  3.687663469e-03 
  3.649406834e-03 
  3.660016460e-03 
  3.612566972e-03 
  3.617201466e-03 
  3.384788288e-03 
  3.319873475e-03 
  3.068452468e-03 
  3.133298364e-03 
  2.895970829e-03 
  2.766514430e-03 
  2.736453898e-03 
  2.742484212e-03 
  2.730846405e-03 
  2.668424975e-03 
  2.474459121e-03 
  3.108816221e-03 
  3.354203654e-03 
  3.416898893e-03 
  3.436854575e-03 
  3.531848313e-03 
  3.591617336e-03 
  3.613806097e-03 
  3.621997312e-03 
  3.592942841e-03 
  3.465986112e-03 
  3.627311205e-03 
  3.568959655e-03 
  3.500454128e-03 
  3.360830015e-03 
  3.466272727e-03 
  3.351918189e-03 
  3.207008820e-03 
  3.327996703e-03 
  3.239311278e-03 
  3.100579605e-03 
  3.078754991e-03 
  3.013505368e-03 
  2.958500991e-03 
  2.917088335e-03 
  2.934627701e-03 
  2.884033835e-03 
  2.898188774e-03 
  2.864968497e-03 
  2.972448710e-03 
  2.977212192e-03 
  3.055903828e-03 
  2.991561545e-03 
  3.041972173e-03 
  3.038724419e-03 
  3.026661929e-03 
  2.930914750e-03 
  3.072721418e-03 
  3.140290966e-03 
  3.112332430e-03 
  3.225497901e-03 
  3.234908450e-03 
  3.306270111e-03 
  3.284723265e-03 
  3.257565200e-03 
  3.380721202e-03 
  3.438587766e-03 
  3.392960643e-03 
  3.452018369e-03 
  3.428237746e-03 
  3.439281136e-03 
  3.443160094e-03 
  3.400887595e-03 
  3.332210938e-03 
  3.456725273e-03 
  3.456672886e-03 
  3.555289470e-03 
  3.489174880e-03 
  3.621592186e-03 
  3.641875694e-03 
  3.683288116e-03 
  3.678248264e-03 
  3.741319291e-03 
  3.566920292e-03 
  3.684497206e-03 
  3.712179605e-03 
  3.738499479e-03 
  3.620946314e-03 
  3.453740384e-03 
  3.238062141e-03 
  3.446882358e-03 
  3.654063214e-03 
  3.685077652e-03 
  3.720698413e-03 
  3.581772093e-03 
  3.470510943e-03 
  3.458953463e-03 
  3.542879596e-03 
  3.475392237e-03 
  3.463703441e-03 
  3.392933402e-03 
  3.472723300e-03 
  3.481683321e-03 
  3.608629107e-03 
  3.573989961e-03 
  3.745397087e-03 
  3.663295880e-03 
  3.775786841e-03 
  3.772326978e-03 
  4.070628434e-03 
  3.962973598e-03 
  4.231602885e-03 
  4.235692322e-03 
  4.403759725e-03 
  4.433454480e-03 
  4.593009595e-03 
  4.547293298e-03 
  4.481301643e-03 
  4.594775382e-03 
  4.810559098e-03 
  4.803793970e-03 
  4.882141948e-03 
  4.624062218e-03 
  4.959003534e-03 
  4.793505650e-03 
  4.930423573e-03 
  4.964033607e-03 
  4.999184515e-03 
  4.934709519e-03 
  4.946924280e-03 
  4.838209599e-03 
  4.852764308e-03 
  4.974961281e-03 
  4.940839484e-03 
  4.916760605e-03 
  4.861858673e-03 
  4.784295335e-03 
  4.572972655e-03 
  4.600617569e-03 
  4.430058878e-03 
  4.420045763e-03 
  3.921300638e-03 
  3.839335404e-03 
  3.363589058e-03 
  3.358289134e-03 
  2.875790466e-03 
  2.874698257e-03 
  2.589348704e-03 
  2.582202433e-03 
  2.604193054e-03 
  2.531555016e-03 
  2.682564780e-03 
  2.675322583e-03 
  2.740216209e-03 
  2.739825984e-03 
  2.760503441e-03 
  2.751792548e-03 
  2.792769810e-03 
  2.759921132e-03 
  2.862372668e-03 
  2.852092963e-03 
  3.020114265e-03 
  3.021283541e-03 
  3.283664351e-03 
  3.252599621e-03 
  3.398126923e-03 
  3.510968294e-03 
  3.783811117e-03 
  3.779823426e-03 
  3.939722199e-03 
  3.967654426e-03 
  4.085270688e-03 
  4.091422074e-03 
  4.108631983e-03 
  4.052639939e-03 
  4.135501105e-03 
  4.196305759e-03 
  4.247324541e-03 
  4.235684406e-03 
  4.106622189e-03 
  4.194715526e-03 
  4.222716670e-03 
  3.988393582e-03 
  4.118702840e-03 
  4.144067876e-03 
  4.104153253e-03 
  4.058041144e-03 
  4.016846884e-03 
  4.008316435e-03 
  3.888660343e-03 
  3.878454212e-03 
  3.849935951e-03 
  3.670800012e-03 
  3.683718387e-03 
  3.479726380e-03 
  3.453742014e-03 
  3.320014803e-03 
  3.266929416e-03 
  3.262430895e-03 
  3.280844307e-03 
  3.309760476e-03 
  3.290620400e-03 
  3.340526950e-03 
  3.335230052e-03 
  3.336990252e-03 
  3.242363688e-03 
  3.331163665e-03 
  3.312382149e-03 
  3.108565928e-03 
  3.284459468e-03 
  3.282148391e-03 
  3.290506080e-03 
  3.256346099e-03 
  3.314078785e-03 
  3.196767531e-03 
  3.385276301e-03 
  3.340062220e-03 
  3.482732223e-03 
  3.470834577e-03 
  3.546066349e-03 
  3.535235301e-03 
  3.584136954e-03 
  3.576439805e-03 
  3.510192502e-03 
  3.578139469e-03 
  3.536502365e-03 
  3.580252640e-03 
  3.511005081e-03 
  3.531594062e-03 
  3.554224269e-03 
  3.577212337e-03 
  3.568659537e-03 
  3.586393781e-03 
  3.584609833e-03 
  3.588110209e-03 
  3.554497845e-03 
  3.412345191e-03 
  3.531082533e-03 
  3.557538847e-03 
  3.439918393e-03 
  3.536727279e-03 
  3.520638216e-03 
  3.509143135e-03 
  3.515182994e-03 
  3.517832374e-03 
  3.508111229e-03 
  3.525367007e-03 
  3.465011483e-03 
  3.511909163e-03 
  3.502311883e-03 
  3.508736147e-03 
  3.491606330e-03 
  3.481575986e-03 
  3.457188839e-03 
  3.369992366e-03 
  3.441966837e-03 
  3.426192794e-03 
  3.402366303e-03 
  3.406529780e-03 
  3.397446359e-03 
  3.367866389e-03 
  3.281158861e-03 
  3.350741463e-03 
  3.367078491e-03 
  3.280292731e-03 
  3.344804049e-03 
  3.309753491e-03 
  3.305736231e-03 
  3.248902969e-03 
  3.312861780e-03 
  3.323542885e-03 
  3.259570105e-03 
  3.321313765e-03 
  3.307624487e-03 
  3.289109096e-03 
  3.302745987e-03 
  3.290666500e-03 
  3.282164922e-03 
  3.266147571e-03 
  3.263902152e-03 
  3.138880245e-03 
  3.239791142e-03 
  3.233065596e-03 
  3.210871015e-03 
  3.200807609e-03 
  3.197812941e-03 
  3.172870493e-03 
  3.151126672e-03 
  3.128492506e-03 
  3.091571853e-03 
  3.036423353e-03 
  3.061563242e-03 
  3.057219787e-03 
  3.013799200e-03 
  3.004558384e-03 
  2.974745585e-03 
  2.961956663e-03 
  2.928972244e-03 
  2.930471906e-03 
  2.923863474e-03 
  2.921095816e-03 
  2.908259863e-03 
  2.898785984e-03 
  2.880034735e-03 
  2.865416929e-03 
  2.857275540e-03 
  2.813776955e-03 
  2.810871694e-03 
  2.766391030e-03 
  2.669436857e-03 
  2.393449191e-03 
  2.613941208e-03 
  2.691705478e-03 
  2.758157672e-03 
  2.750495682e-03 
  2.769365441e-03 
  2.753853565e-03 
  2.758696210e-03 
  2.743275138e-03 
  2.741575940e-03 
  2.719760872e-03 
  2.689603018e-03 
  2.704244805e-03 
  2.595768310e-03 
  2.695603529e-03 
  2.686413238e-03 
  2.657005098e-03 
  2.586781280e-03 
  2.645009430e-03 
  2.646864392e-03 
  2.645262284e-03 
  2.636935329e-03 
  2.565693576e-03 
  2.546875738e-03 
  2.573063364e-03 
  2.598038176e-03 
  2.586224815e-03 
  2.552423393e-03 
  2.541128080e-03 
  2.528961748e-03 
  2.494769171e-03 
  2.480454044e-03 
  2.459442476e-03 
  2.451461274e-03 
  2.437919145e-03 
  2.435621107e-03 
  2.427289030e-03 
  2.450306900e-03 
  2.446314553e-03 
  2.434900496e-03 
  2.370825503e-03 
  2.336393110e-03 
  2.451462671e-03 
  2.396451542e-03 
  2.469541039e-03 
  2.462892095e-03 
  2.450546948e-03 
  2.446058672e-03 
  2.431850182e-03 
  2.427038504e-03 
  2.402310492e-03 
  2.363246633e-03 
  2.387559274e-03 
  2.390874317e-03 
  2.378542209e-03 
  2.370159142e-03 
  2.356485464e-03 
  2.350488212e-03 
  2.340460196e-03 
  2.324261237e-03 
  2.280015266e-03 
  2.282407600e-03 
  2.276469721e-03 
  2.292800928e-03 
  2.263721311e-03 
  2.263104543e-03 
  2.258933149e-03 
  2.248165198e-03 
  2.239948139e-03 
  2.223761287e-03 
  2.210828010e-03 
  2.207894344e-03 
  2.178648952e-03 
  2.129106084e-03 
  2.151464578e-03 
  2.168812323e-03 
  2.160265809e-03 
  2.120396122e-03 
  2.132693306e-03 
  2.129403641e-03 
  2.121054800e-03 
  2.115363721e-03 
  2.054191660e-03 
  2.093232004e-03 
  2.071947791e-03 
  2.065832727e-03 
  2.065515146e-03 
  2.033237601e-03 
  1.978916815e-03 
  2.018447034e-03 
  1.999654574e-03 
  1.996060368e-03 
  1.991724130e-03 
  1.990434946e-03 
  1.972384751e-03 
  1.959248912e-03 
  1.959532732e-03 
  1.886851736e-03 
  1.952810097e-03 
  1.937828143e-03 
  1.910398365e-03 
  1.923912205e-03 
  1.921604853e-03 
  1.913805376e-03 
  1.904768287e-03 
  1.884884201e-03 
  1.898964169e-03 
  1.893467619e-03 
  1.884503290e-03 
  1.853277092e-03 
  1.873014611e-03 
  1.870060689e-03 
  1.865793602e-03 
  1.856744755e-03 
  1.847885898e-03 
  1.754186465e-03 
  1.808047295e-03 
  1.810240676e-03 
  1.803801861e-03 
  1.794143463e-03 
  1.788859372e-03 
  1.789323404e-03 
  1.780006802e-03 
  1.760477317e-03 
  1.757340389e-03 
  1.730542164e-03 
  1.736052916e-03 
  1.729604206e-03 
  1.634573331e-03 
  1.674947562e-03 
  1.665421994e-03 
  1.633224892e-03 
  1.666558441e-03 
  1.668518758e-03 
  1.661173301e-03 
  1.657024724e-03 
  1.673273160e-03 
  1.665408723e-03 
  1.657054527e-03 
  1.672956510e-03 
  1.671810285e-03 
  1.671617152e-03 
  1.668451005e-03 
  1.654935186e-03 
  1.643936848e-03 
  1.646233024e-03 
  1.635693363e-03 
  1.617058879e-03 
  1.604847843e-03 
  1.547798864e-03 
  1.567742554e-03 
  1.549815061e-03 
  1.574189751e-03 
  1.565170358e-03 
  1.541753532e-03 
  1.547539840e-03 
  1.543666003e-03 
  1.468551578e-03 
  1.506729168e-03 
  1.516414923e-03 
  1.497958670e-03 
  1.523778075e-03 
  1.531347865e-03 
  1.516413875e-03 
  1.511202194e-03 
  1.501803636e-03 
  1.488877810e-03 
  1.485291286e-03 
  1.457684557e-03 
  1.434513833e-03 
  1.442191657e-03 
  1.423361129e-03 
  1.413581776e-03 
  1.374644809e-03 
  1.393751474e-03 
  1.393046346e-03 
  1.378517249e-03 
  1.369664562e-03 
  1.363342279e-03 
  1.351634390e-03 
  1.352549647e-03 
  1.342398813e-03 
  1.338599133e-03 
  1.342713949e-03 
  1.331930398e-03 
  1.336813089e-03 
  1.313801855e-03 
  1.271669986e-03 
  1.302518067e-03 
  1.315132482e-03 
  1.326066558e-03 
  1.313100569e-03 
  1.311271102e-03 
  1.332333544e-03 
  1.331220847e-03 
  1.319220755e-03 
  1.304176752e-03 
  1.300136326e-03 
  1.301463461e-03 
  1.271751011e-03 
  1.272215508e-03 
  1.240542741e-03 
  1.232232782e-03 
  1.218376565e-03 
  1.193860197e-03 
  1.205665874e-03 
  1.204013242e-03 
  1.204664703e-03 
  1.143919304e-03 
  1.180083840e-03 
  1.202823129e-03 
  1.196932280e-03 
  1.191391260e-03 
  1.203895197e-03 
  1.197968610e-03 
  1.192134572e-03 
  1.193014323e-03 
  1.133871730e-03 
  1.131429686e-03 
  1.138268155e-03 
  1.144688460e-03 
  1.131436555e-03 
  1.159840263e-03 
  1.153721823e-03 
  1.166853355e-03 
  1.162877423e-03 
  1.157889608e-03 
  1.150301658e-03 
  1.163296169e-03 
  1.151091885e-03 
  1.150488737e-03 
  1.153939636e-03 
  1.144139562e-03 
  1.144008595e-03 
  1.131426659e-03 
  1.126894495e-03 
  1.130738645e-03 
  1.120596542e-03 
  1.103491173e-03 
  1.108921017e-03 
  1.090985723e-03 
  1.080201590e-03 
  1.080290531e-03 
  1.075023320e-03 
  1.058277092e-03 
  1.057509216e-03 
  1.054434106e-03 
  1.038998598e-03 
  1.001166878e-03 
  9.976398433e-04 
  9.631970897e-04 
  1.004992053e-03 
  1.012062188e-03 
  1.039625844e-03 
  1.026799204e-03 
  1.031283173e-03 
  1.043447410e-03 
  1.034394605e-03 
  1.035754569e-03 
  1.030719723e-03 
  1.042005373e-03 
  1.029155683e-03 
  1.026782207e-03 
  1.032005413e-03 
  1.024132129e-03 
  1.011221204e-03 
  1.015806920e-03 
  1.010976848e-03 
  9.779527318e-04 
  9.656373877e-04 
  9.910124354e-04 
  9.828339098e-04 
  9.576624143e-04 
  9.808322648e-04 
  9.634472081e-04 
  9.506882634e-04 
  9.549744427e-04 
  9.266247507e-04 
  9.204915841e-04 
  9.021403966e-04 
  8.746608510e-04 
  8.752248832e-04 
  8.650462842e-04 
  8.636399289e-04 
  8.682583575e-04 
  8.606562624e-04 
  8.588437922e-04 
  8.707956295e-04 
  8.919305983e-04 
  8.812995511e-04 
  8.783209487e-04 
  8.458138909e-04 
  8.883783012e-04 
  8.930499898e-04 
  8.861045935e-04 
  8.718059980e-04 
  8.726522792e-04 
  8.646840579e-04 
  8.531448548e-04 
  8.450612077e-04 
  8.370940341e-04 
  8.176801493e-04 
  8.162715822e-04 
  8.087794995e-04 
  7.449254626e-04 
  7.754451362e-04 
  7.710931823e-04 
  7.579767262e-04 
  7.432549028e-04 
  7.557414938e-04 
  7.186625735e-04 
  7.279952406e-04 
  7.232780918e-04 
  6.670255680e-04 
  6.755884970e-04 
  6.629212876e-04 
  6.417961558e-04 
  6.229185383e-04 
  6.509640953e-04 
  6.257599453e-04 
  6.209198618e-04 
  5.862237304e-04 
  6.113711279e-04 
  6.098950980e-04 
  6.120231701e-04 
  6.087012007e-04 
  6.101378240e-04 
  5.994419917e-04 
  6.114828866e-04 
  6.037434214e-04 
  5.989103811e-04 
  6.106233923e-04 
  6.054133992e-04 
  6.072094548e-04 
  5.991758662e-04 
