  2.355573475e-01 
  6.439714432e-01 
  7.136785388e-01 
  1.912158251e+00 
  2.188835859e+00 
  4.104129314e+00 
  4.555735111e+00 
  6.865965843e+00 
  8.851448059e+00 
  9.553072929e+00 
  1.085937405e+01 
  2.100671005e+01 
  1.807330322e+01 
  2.317392921e+01 
  2.369308281e+01 
  2.867975235e+01 
  2.234863281e+01 
  3.241028214e+01 
  3.145037842e+01 
  3.581166840e+01 
  3.364194489e+01 
  4.263925934e+01 
  3.650686264e+01 
  3.234360504e+01 
  4.078997803e+01 
  4.431721878e+01 
  6.174248886e+01 
  6.187050629e+01 
  5.012995911e+01 
  6.030633163e+01 
  6.259288025e+01 
  4.998586273e+01 
  5.530277252e+01 
  6.221376801e+01 
  5.147105789e+01 
  5.537283325e+01 
  4.139052582e+01 
  3.914994049e+01 
  4.753813934e+01 
  4.763905334e+01 
  5.301427078e+01 
  4.456707382e+01 
  4.644915771e+01 
  4.628304291e+01 
  4.146427536e+01 
  5.303743362e+01 
  5.843439102e+01 
  5.517237473e+01 
  5.155321884e+01 
  5.611003494e+01 
  5.691831589e+01 
  5.362058640e+01 
  5.450412369e+01 
  4.935396957e+01 
  5.652685547e+01 
  5.683312607e+01 
  5.330925369e+01 
  3.379934692e+01 
  3.643252563e+01 
  3.635949326e+01 
  5.350523376e+01 
  4.209787750e+01 
  4.583536148e+01 
  4.838130188e+01 
  4.791458893e+01 
  4.451064682e+01 
  6.061163712e+01 
  5.380307007e+01 
  5.033230209e+01 
  4.802513123e+01 
  5.478872681e+01 
  4.340337372e+01 
  4.531583786e+01 
  4.478675079e+01 
  3.439303589e+01 
  3.123236465e+01 
  4.428435135e+01 
  4.490048981e+01 
  5.752485275e+01 
  4.386119843e+01 
  4.068733215e+01 
  4.523751831e+01 
  3.347393036e+01 
  2.309441948e+01 
  2.514694214e+01 
  3.742874527e+01 
  2.872869873e+01 
  3.259929276e+01 
  3.191253281e+01 
  3.592836380e+01 
  4.303408432e+01 
  4.755598831e+01 
  4.174547195e+01 
  2.210571098e+01 
  2.416183090e+01 
  4.006058502e+01 
  4.072681046e+01 
  1.637182999e+01 
  4.524304199e+01 
  5.358219147e+01 
  5.199579239e+01 
  5.101008606e+01 
  5.335992813e+01 
  4.933046341e+01 
  5.232737350e+01 
  4.736965561e+01 
  4.640873718e+01 
  4.462086868e+01 
  4.772291946e+01 
  5.215100479e+01 
  4.304697418e+01 
  4.990936661e+01 
  5.106068039e+01 
  4.762653732e+01 
  4.615338135e+01 
  4.860794830e+01 
  4.770885849e+01 
  4.568151474e+01 
  4.413238525e+01 
  4.465505600e+01 
  3.733091736e+01 
  4.619692230e+01 
  4.372404099e+01 
  3.647700119e+01 
  3.963486862e+01 
  4.055189514e+01 
  3.851092529e+01 
  3.659762573e+01 
  3.661380386e+01 
  3.291193771e+01 
  2.595029831e+01 
  2.305472755e+01 
  4.100815201e+01 
  3.607319641e+01 
  3.388372803e+01 
  3.643375778e+01 
  3.992912674e+01 
  3.984671402e+01 
  3.528176498e+01 
  3.374818420e+01 
  3.739104843e+01 
  3.684387970e+01 
  3.836223221e+01 
  3.818078613e+01 
  3.750424957e+01 
  3.900611496e+01 
  3.433168793e+01 
  3.871896744e+01 
  3.892664719e+01 
  3.875812912e+01 
  3.916648865e+01 
  4.186219788e+01 
  3.848890686e+01 
  3.533716965e+01 
  3.726380157e+01 
  3.711567307e+01 
  3.760123444e+01 
  3.740181732e+01 
  3.634694672e+01 
  3.595098877e+01 
  3.525550461e+01 
  3.614287567e+01 
  3.517505646e+01 
  3.481001663e+01 
  3.455822372e+01 
  3.369722366e+01 
  3.440159988e+01 
  3.284154510e+01 
  3.440156937e+01 
  3.373985672e+01 
  3.292404175e+01 
  3.251802444e+01 
  3.256779861e+01 
  3.187157631e+01 
  3.178725624e+01 
  3.271971893e+01 
  3.137487030e+01 
  3.075659180e+01 
  3.194070053e+01 
  3.017637062e+01 
  3.045497513e+01 
  2.995929718e+01 
  3.027466011e+01 
  2.999803162e+01 
  2.855132675e+01 
  2.847019577e+01 
  2.285174942e+01 
  2.542863846e+01 
  2.733622932e+01 
  2.516014099e+01 
  2.836127853e+01 
  2.627686882e+01 
  2.500215721e+01 
  2.666267395e+01 
  2.550507164e+01 
  2.699844742e+01 
  2.603516388e+01 
  2.500707054e+01 
  2.417692566e+01 
  2.388287544e+01 
  2.354609489e+01 
  2.279451752e+01 
  2.242577362e+01 
  2.353313828e+01 
  2.168433571e+01 
  2.316396141e+01 
  2.456428528e+01 
  2.264074707e+01 
  2.150952911e+01 
  2.297806168e+01 
  2.205710220e+01 
  2.185787582e+01 
  2.272751045e+01 
  2.060773468e+01 
  1.998847580e+01 
  2.021774483e+01 
  2.103968239e+01 
  1.535381031e+01 
  1.883192825e+01 
  1.767586327e+01 
  1.928048325e+01 
  1.911293030e+01 
  1.968779182e+01 
  1.817122650e+01 
  1.953376770e+01 
  1.919982338e+01 
  1.813030624e+01 
  1.569281387e+01 
  1.867481422e+01 
  1.902995491e+01 
  1.781820679e+01 
  1.921930695e+01 
  1.816970825e+01 
  1.581702423e+01 
  1.704761314e+01 
  1.723994827e+01 
  1.813233757e+01 
  1.667478180e+01 
  1.730224419e+01 
  1.709465790e+01 
  1.658385658e+01 
  1.507528687e+01 
  1.667122078e+01 
  1.580939960e+01 
  1.653164482e+01 
  1.614573288e+01 
  1.565168285e+01 
  1.617754173e+01 
  1.488268661e+01 
  1.553023815e+01 
  1.506237125e+01 
  1.484520912e+01 
  1.535850143e+01 
  1.463643551e+01 
  1.499173641e+01 
  1.491208839e+01 
  1.438377571e+01 
  1.384406853e+01 
  1.425401688e+01 
  1.336466599e+01 
  1.331531525e+01 
  1.451633549e+01 
  1.321675396e+01 
  1.371660900e+01 
  1.341474056e+01 
  1.346390057e+01 
  1.231346130e+01 
  1.309854984e+01 
  1.294541359e+01 
  1.257292175e+01 
  1.253836632e+01 
  1.200425625e+01 
  1.257750893e+01 
  1.260270214e+01 
  1.243684101e+01 
  1.203768158e+01 
  1.173093128e+01 
  1.213436127e+01 
  1.170260620e+01 
  1.153911018e+01 
  1.186415958e+01 
  1.158427620e+01 
  1.168648815e+01 
  1.169233322e+01 
  1.157855415e+01 
  1.142555428e+01 
  1.086093616e+01 
  1.119894886e+01 
  1.100270271e+01 
  9.684106827e+00 
  1.004120445e+01 
  1.059365463e+01 
  1.031836414e+01 
  1.035555363e+01 
  1.037609100e+01 
  1.010587883e+01 
  1.028298664e+01 
  1.023703289e+01 
  9.956320763e+00 
  9.887466431e+00 
  9.821997643e+00 
  9.697299957e+00 
  9.524415970e+00 
  9.519066811e+00 
  9.757642746e+00 
  9.669569969e+00 
  9.494097710e+00 
  9.378252983e+00 
  9.282198906e+00 
  9.126241684e+00 
  8.920941353e+00 
  9.006380081e+00 
  8.830981255e+00 
  8.645055771e+00 
  8.278427124e+00 
  8.618278503e+00 
  8.140755653e+00 
  8.133113861e+00 
  8.460443497e+00 
  8.327116013e+00 
  8.393812180e+00 
  8.481003761e+00 
  7.979438305e+00 
  7.987107754e+00 
  7.941561222e+00 
  7.673864841e+00 
  7.659296036e+00 
  7.723519325e+00 
  7.495334148e+00 
  7.681784153e+00 
  7.378565311e+00 
  7.615076542e+00 
  7.056982994e+00 
  7.534533501e+00 
  7.272251129e+00 
  7.363379955e+00 
  7.064419270e+00 
  7.256851673e+00 
  7.330739021e+00 
  7.228233814e+00 
  6.962185383e+00 
  7.021209717e+00 
  6.896804810e+00 
  6.972071171e+00 
  6.850697994e+00 
  6.863680840e+00 
  6.559526443e+00 
  6.607299805e+00 
  6.555211067e+00 
  6.644873619e+00 
  6.123540878e+00 
  6.555899143e+00 
  6.387032986e+00 
  6.480264187e+00 
  6.355817318e+00 
  6.148826122e+00 
  5.189166069e+00 
  5.505553246e+00 
  6.097480297e+00 
  6.072383404e+00 
  6.084802151e+00 
  6.080108643e+00 
  6.132802963e+00 
  6.027394772e+00 
  5.896794796e+00 
  5.887548447e+00 
  5.923669815e+00 
  5.771965981e+00 
  5.770934582e+00 
  5.819317341e+00 
  5.715707302e+00 
  5.621875286e+00 
  5.570535660e+00 
  5.577398777e+00 
  5.555352211e+00 
  5.438355923e+00 
  5.508405209e+00 
  5.366997242e+00 
  5.423635006e+00 
  5.315343857e+00 
  5.242524624e+00 
  5.216459274e+00 
  5.174425125e+00 
  5.177772999e+00 
  5.053108215e+00 
  5.081110477e+00 
  4.819127560e+00 
  4.326826096e+00 
  4.427021980e+00 
  4.376684666e+00 
  4.438443184e+00 
  4.526975155e+00 
  4.537783623e+00 
  4.530065060e+00 
  4.527646542e+00 
  4.454640865e+00 
  4.499088764e+00 
  4.559618473e+00 
  4.432110310e+00 
  4.420652866e+00 
  4.353975773e+00 
  4.217914104e+00 
  4.182940006e+00 
  4.270651817e+00 
  4.260643005e+00 
  4.245706081e+00 
  4.180599213e+00 
  4.101468563e+00 
  4.204781532e+00 
  4.049124718e+00 
  4.100073814e+00 
  4.053925514e+00 
  3.990672827e+00 
  3.937674999e+00 
  3.976908684e+00 
  3.795700550e+00 
  3.851633787e+00 
  3.605717659e+00 
  3.495760441e+00 
  3.411408424e+00 
  3.380627394e+00 
  3.518365145e+00 
  3.612313032e+00 
  3.547131062e+00 
  3.451840162e+00 
  3.408052921e+00 
  3.378371000e+00 
  3.421915054e+00 
  3.330420971e+00 
  3.213117123e+00 
  3.307141304e+00 
  3.227337360e+00 
  3.328284740e+00 
  3.318303823e+00 
  3.398401022e+00 
  3.341533661e+00 
  3.242136002e+00 
  3.280613661e+00 
  3.273246527e+00 
  3.157960415e+00 
  3.189227343e+00 
  3.157521963e+00 
  3.092916727e+00 
  3.175500154e+00 
  3.193238497e+00 
  3.097072363e+00 
  3.126098871e+00 
  3.157963037e+00 
  3.085380316e+00 
  3.070359707e+00 
  3.007740974e+00 
  2.983898640e+00 
  3.015311480e+00 
  2.971305609e+00 
  3.001948118e+00 
  2.968778849e+00 
  2.895157099e+00 
  2.900603771e+00 
  2.876323223e+00 
  2.595579147e+00 
  1.364552140e+00 
  1.248791456e+00 
  1.877085090e+00 
  1.702470541e+00 
  1.804267526e+00 
  2.045025349e+00 
  2.193593025e+00 
  2.346740246e+00 
  2.525949717e+00 
  2.574108601e+00 
  2.585216999e+00 
  2.591972351e+00 
  2.572704554e+00 
  2.550603390e+00 
  2.566295624e+00 
  2.457839251e+00 
  2.546217203e+00 
  2.515362978e+00 
  2.488647938e+00 
  2.483537197e+00 
  2.439841032e+00 
  2.423559904e+00 
  2.439822674e+00 
  2.370265007e+00 
  2.370549679e+00 
  2.361527443e+00 
  2.304431677e+00 
  2.319497824e+00 
  2.268964767e+00 
  2.257161379e+00 
  2.221600056e+00 
  2.201136589e+00 
  2.157342911e+00 
  2.149361849e+00 
  2.127705336e+00 
  2.098217487e+00 
  2.105423689e+00 
  2.112665176e+00 
  2.114141464e+00 
  2.099050045e+00 
  2.026262283e+00 
  2.054301500e+00 
  2.039129257e+00 
  2.000810862e+00 
  2.012305021e+00 
  1.954309344e+00 
  2.001495123e+00 
  1.979665995e+00 
  1.955057859e+00 
  1.909221292e+00 
  1.887717009e+00 
  1.901469469e+00 
  1.876434565e+00 
  1.848341107e+00 
  1.822725773e+00 
  1.777626395e+00 
  1.732887387e+00 
  1.735696435e+00 
  1.718080044e+00 
  1.669957161e+00 
  1.651999593e+00 
  1.727209568e+00 
  1.648744106e+00 
  1.608728528e+00 
  1.670462132e+00 
  1.691748619e+00 
  1.688383222e+00 
  1.670444727e+00 
  1.638449073e+00 
  1.636663795e+00 
  1.610793948e+00 
  1.576606393e+00 
  1.601826787e+00 
  1.548859119e+00 
  1.569351435e+00 
  1.574468613e+00 
  1.581922174e+00 
  1.560870290e+00 
  1.563413382e+00 
  1.509866476e+00 
  1.543715954e+00 
  1.537638307e+00 
  1.522919536e+00 
  1.510522127e+00 
  1.480741501e+00 
  1.497104645e+00 
  1.503511190e+00 
  1.446087003e+00 
  1.480119348e+00 
  1.475928307e+00 
  1.269188404e+00 
  1.446040630e+00 
  1.384627700e+00 
  1.395471096e+00 
  1.116474509e+00 
  1.223827243e+00 
  1.383109927e+00 
  1.399146438e+00 
  1.370486856e+00 
  1.364538193e+00 
  1.346232533e+00 
  1.339722276e+00 
  1.329159856e+00 
  1.348184586e+00 
  1.339238286e+00 
  1.308169842e+00 
  1.092147827e+00 
  1.157528639e+00 
  1.249487162e+00 
  1.226205230e+00 
  1.270779133e+00 
  1.263066173e+00 
  1.252175093e+00 
  1.251256466e+00 
  1.218088031e+00 
  1.201253414e+00 
  1.205505133e+00 
  1.223797321e+00 
  1.196942925e+00 
  1.194117904e+00 
  1.181522012e+00 
  1.114790916e+00 
  1.170802355e+00 
  1.138920307e+00 
  1.143340945e+00 
  1.149416447e+00 
  1.106068015e+00 
  1.090175033e+00 
  1.117634773e+00 
  1.120135903e+00 
  1.111083746e+00 
  1.099705100e+00 
  1.088546991e+00 
  1.034602880e+00 
  1.060195327e+00 
  9.902808070e-01 
  1.008010149e+00 
  9.641332626e-01 
  9.541107416e-01 
  9.293100834e-01 
  9.046651721e-01 
  8.765715957e-01 
  8.574537039e-01 
  9.319371581e-01 
  9.624753594e-01 
  9.548065066e-01 
  9.120661616e-01 
  9.011903405e-01 
  8.593941331e-01 
  8.414967060e-01 
  8.497278094e-01 
  8.523680568e-01 
  8.461599350e-01 
  8.437004685e-01 
  8.435707688e-01 
  8.319708109e-01 
  8.404038548e-01 
  8.274288774e-01 
  8.245328665e-01 
  8.492115140e-01 
  8.513661027e-01 
  8.260444403e-01 
  8.147895932e-01 
  7.736107707e-01 
  7.941046357e-01 
  8.003877997e-01 
  7.680387497e-01 
  7.832554579e-01 
  7.700869441e-01 
  7.358399630e-01 
  7.053471208e-01 
  6.737348437e-01 
  6.285202503e-01 
  6.019312739e-01 
  5.688298345e-01 
  5.553445220e-01 
  5.585550666e-01 
  5.661132336e-01 
  5.852764845e-01 
  6.624832153e-01 
  6.673877835e-01 
  6.402423382e-01 
  5.911282301e-01 
  5.823512077e-01 
  5.613798499e-01 
  5.773259997e-01 
  5.834324956e-01 
  5.893227458e-01 
  5.973572135e-01 
  5.958484411e-01 
  5.912034512e-01 
  6.006671190e-01 
  5.817093849e-01 
  5.891522169e-01 
  5.932209492e-01 
  5.427083969e-01 
  5.744338036e-01 
  6.020509601e-01 
  6.081420779e-01 
  6.030255556e-01 
  5.934569240e-01 
  5.822315812e-01 
  5.849444866e-01 
  5.972908735e-01 
  5.902907848e-01 
  5.935671329e-01 
  5.748878121e-01 
  6.007550359e-01 
  6.109575033e-01 
  6.215890646e-01 
  6.212264299e-01 
  6.129131913e-01 
  6.119536757e-01 
  5.977880359e-01 
  5.793019533e-01 
  5.754993558e-01 
  5.853576660e-01 
  5.769759417e-01 
  5.880497694e-01 
  5.709720850e-01 
  5.862286687e-01 
  5.901049972e-01 
  5.841791630e-01 
  5.853727460e-01 
  5.845308900e-01 
  5.850450397e-01 
  5.820694566e-01 
  5.881466866e-01 
  5.789300799e-01 
  5.694952607e-01 
  5.724328160e-01 
  5.763280988e-01 
  5.691158772e-01 
  5.666372180e-01 
  5.687175393e-01 
  5.632718801e-01 
  5.608465075e-01 
  5.585176349e-01 
  5.534498096e-01 
  5.495375991e-01 
  5.431658030e-01 
  5.427779555e-01 
  5.377258062e-01 
  5.297849178e-01 
  5.244019032e-01 
  4.883249998e-01 
  5.120419860e-01 
  5.188887715e-01 
  5.173797607e-01 
  5.100922585e-01 
  5.108566284e-01 
  5.082491040e-01 
  5.072368979e-01 
  5.019691586e-01 
  5.034755468e-01 
  4.922504127e-01 
  4.937001765e-01 
  4.870588481e-01 
  4.910814166e-01 
  4.772169888e-01 
  4.745649993e-01 
  4.778911769e-01 
  4.682329297e-01 
  4.746916890e-01 
  4.700213373e-01 
  4.688910246e-01 
  4.681262672e-01 
  4.632302225e-01 
  4.626740813e-01 
  4.542982876e-01 
  4.574932456e-01 
  4.544591606e-01 
  4.512517154e-01 
  4.412496984e-01 
  4.442383349e-01 
  4.378110468e-01 
  4.416936338e-01 
  4.306669831e-01 
  4.332334995e-01 
  4.332713187e-01 
  4.264345169e-01 
  4.269850254e-01 
  4.265569150e-01 
  4.175442159e-01 
  4.200051129e-01 
  4.165252745e-01 
  4.027832150e-01 
  4.085210562e-01 
  4.108699262e-01 
  4.064964056e-01 
  4.024232626e-01 
  4.008377194e-01 
  3.973422945e-01 
  3.959277570e-01 
  3.902564347e-01 
  3.915097415e-01 
  3.888611794e-01 
  3.865160048e-01 
  3.807393610e-01 
  3.673058748e-01 
  3.791034222e-01 
  3.643706739e-01 
  3.728617132e-01 
  3.649848402e-01 
  3.681164682e-01 
  3.660596013e-01 
  3.534660041e-01 
  3.603610396e-01 
  3.573902547e-01 
  3.292106986e-01 
  3.476158977e-01 
  3.468029499e-01 
  3.464194238e-01 
  3.337946236e-01 
  3.443311453e-01 
  3.328396082e-01 
  3.386801481e-01 
  3.364304304e-01 
  3.358514309e-01 
  3.216321468e-01 
  3.290221989e-01 
  3.157646656e-01 
  3.190430403e-01 
  3.088534176e-01 
  3.189420700e-01 
  3.123758435e-01 
  3.155956864e-01 
  2.964876592e-01 
  3.134211004e-01 
  2.986902893e-01 
  3.037708700e-01 
  3.049408495e-01 
  2.960045934e-01 
  2.896154523e-01 
  2.619787753e-01 
  2.826372385e-01 
  2.805480957e-01 
  2.754589021e-01 
  2.665877044e-01 
  2.620896697e-01 
  2.658551633e-01 
  2.649174929e-01 
  2.527109981e-01 
  2.621320784e-01 
  2.585403323e-01 
  2.553786635e-01 
  2.504785657e-01 
  2.496879697e-01 
  2.482684106e-01 
  2.499872595e-01 
  2.500372231e-01 
  2.449902892e-01 
  2.370782495e-01 
  2.286629975e-01 
  2.283766270e-01 
  2.170816660e-01 
  2.086598426e-01 
  1.990542263e-01 
  1.867530346e-01 
  1.759307384e-01 
  1.696385443e-01 
  1.687481403e-01 
  1.611383259e-01 
  1.647270918e-01 
  1.667457074e-01 
  1.615262032e-01 
  1.574049890e-01 
  1.626631618e-01 
  1.600921452e-01 
  1.664071530e-01 
  1.799204051e-01 
  1.853176355e-01 
  1.794573665e-01 
  1.645033807e-01 
  1.447254419e-01 
  1.474291980e-01 
  1.650575101e-01 
  1.766222268e-01 
  1.793471426e-01 
  1.857655942e-01 
  1.837525964e-01 
  1.742337048e-01 
  1.770210266e-01 
  1.692801565e-01 
  1.631620973e-01 
  1.573114544e-01 
  1.598613560e-01 
  1.649922431e-01 
  1.672533900e-01 
  1.689643860e-01 
  1.677473038e-01 
  1.693212688e-01 
  1.697275490e-01 
  1.707617491e-01 
  1.704974622e-01 
  1.745962054e-01 
  1.756936312e-01 
  1.850943118e-01 
  1.879683733e-01 
  1.875880957e-01 
  1.857438982e-01 
  1.840062290e-01 
  1.922552586e-01 
  1.951703727e-01 
  1.911879480e-01 
  1.944605112e-01 
  1.893519908e-01 
  1.921448857e-01 
  1.930172443e-01 
  1.860836297e-01 
  1.908091009e-01 
  1.920509487e-01 
  1.901876330e-01 
  1.876551211e-01 
  1.871352345e-01 
  1.858416349e-01 
  1.821514368e-01 
  1.864384860e-01 
  1.813021302e-01 
  1.798874289e-01 
  1.812877059e-01 
  1.785610318e-01 
  1.770274192e-01 
  1.662727147e-01 
  1.738595665e-01 
  1.772166193e-01 
  1.750671715e-01 
  1.728953719e-01 
  1.710592806e-01 
  1.614602357e-01 
  1.714216322e-01 
  1.743239611e-01 
  1.739735454e-01 
  1.731968373e-01 
  1.721084565e-01 
  1.684765667e-01 
  1.679538339e-01 
  1.668151468e-01 
  1.605453789e-01 
  1.534595937e-01 
  1.629718393e-01 
  1.636593491e-01 
  1.633194834e-01 
  1.543812156e-01 
  1.565323621e-01 
  1.613826007e-01 
  1.607414633e-01 
  1.616589278e-01 
  1.585725248e-01 
  1.478042603e-01 
  1.570225507e-01 
  1.512095928e-01 
  1.556329727e-01 
  1.564533859e-01 
  1.551510394e-01 
  1.554180086e-01 
  1.553762257e-01 
  1.553142369e-01 
  1.544946134e-01 
  1.526204199e-01 
  1.531939954e-01 
  1.525396407e-01 
  1.512868702e-01 
  1.501458734e-01 
  1.513660848e-01 
  1.501582712e-01 
  1.503506154e-01 
  1.450304538e-01 
  1.493702978e-01 
  1.489321738e-01 
  1.481724530e-01 
  1.478084326e-01 
  1.456938386e-01 
  1.463873982e-01 
  1.457122713e-01 
  1.443292350e-01 
  1.447743028e-01 
  1.443852186e-01 
  1.438373774e-01 
  1.417271197e-01 
  1.405972093e-01 
  1.413227469e-01 
  1.399727911e-01 
  1.379136890e-01 
  1.360975653e-01 
  1.379009485e-01 
  1.362976730e-01 
  1.350255609e-01 
  1.355452091e-01 
  1.345224380e-01 
  1.334400326e-01 
  1.319383979e-01 
  1.309405416e-01 
  1.292593628e-01 
  1.288441867e-01 
  1.279450208e-01 
  1.270039678e-01 
  1.247822344e-01 
  1.241822764e-01 
  1.218058318e-01 
  1.209066212e-01 
  1.195593774e-01 
  1.152178496e-01 
  1.156789735e-01 
  1.131366119e-01 
  1.128437668e-01 
  1.126697659e-01 
  1.095993593e-01 
  1.074811369e-01 
  1.078487188e-01 
  1.105051786e-01 
  1.116784960e-01 
  1.117160842e-01 
  1.118750349e-01 
  1.115881801e-01 
  1.123164371e-01 
  1.124540195e-01 
  1.122777835e-01 
  1.119100675e-01 
  1.110437587e-01 
  1.104445904e-01 
  1.073513106e-01 
  9.533908218e-02 
  1.045727730e-01 
  1.086522490e-01 
  1.092716083e-01 
  1.088176966e-01 
  1.089339033e-01 
  1.070184931e-01 
  1.070841253e-01 
  1.043040976e-01 
  1.055853516e-01 
  1.061469987e-01 
  1.059814990e-01 
  1.036135778e-01 
  1.038040817e-01 
  1.029480547e-01 
  1.015120596e-01 
  1.002809256e-01 
  1.009662151e-01 
  1.001919657e-01 
  9.961863607e-02 
  9.771093726e-02 
  9.590195864e-02 
  9.532412887e-02 
  9.545765072e-02 
  9.511216730e-02 
  9.431267530e-02 
  9.340398014e-02 
  9.227256477e-02 
  9.151943773e-02 
  9.097369015e-02 
  8.951394260e-02 
  8.469679952e-02 
  8.650437742e-02 
  8.372931927e-02 
  8.604116738e-02 
  8.666279912e-02 
  8.421141654e-02 
  8.368533850e-02 
  8.120635897e-02 
  7.999420166e-02 
  8.063586801e-02 
  8.170390874e-02 
  8.208208531e-02 
  8.126329631e-02 
  7.959127426e-02 
  7.645611465e-02 
  7.394485176e-02 
  6.680288166e-02 
  6.611009687e-02 
  6.520792097e-02 
  6.388478726e-02 
  6.626667082e-02 
  6.740049273e-02 
  6.815923005e-02 
  6.757085770e-02 
  6.781557947e-02 
  6.819730997e-02 
  6.765110791e-02 
  6.750936806e-02 
  6.820882112e-02 
  6.791623682e-02 
  6.601197273e-02 
  6.345165521e-02 
  5.769227073e-02 
  5.340340734e-02 
  5.121979862e-02 
  4.785259813e-02 
  4.632157460e-02 
  4.294067621e-02 
  4.137335345e-02 
  3.954883292e-02 
  3.702894226e-02 
  3.563258424e-02 
  3.407042101e-02 
  3.274343535e-02 
  3.110473603e-02 
  3.046449460e-02 
  2.867605723e-02 
  2.713932469e-02 
  2.703038976e-02 
  2.666051872e-02 
  2.693644352e-02 
  2.752895467e-02 
  2.749334648e-02 
  2.776109241e-02 
  2.698731236e-02 
  2.676741034e-02 
  2.624998614e-02 
  2.724696137e-02 
  2.881009504e-02 
  3.111910075e-02 
  3.246027976e-02 
  3.336289525e-02 
  3.309335560e-02 
  3.228246048e-02 
  3.204223141e-02 
  3.063804843e-02 
  2.943334170e-02 
  2.733356878e-02 
  2.595319226e-02 
  2.475640923e-02 
  2.486524545e-02 
  2.582611144e-02 
  2.640556544e-02 
  2.777304314e-02 
  2.941075712e-02 
  3.071461990e-02 
  3.129287064e-02 
  3.078967147e-02 
  3.071589023e-02 
  2.933804318e-02 
  2.812496386e-02 
  2.690441534e-02 
  2.718929946e-02 
  2.840727940e-02 
  2.932230197e-02 
  2.934820950e-02 
  2.887130156e-02 
  2.784665674e-02 
  2.802895755e-02 
  2.923223563e-02 
  2.955107018e-02 
  2.904852852e-02 
  2.912105061e-02 
  2.873316593e-02 
  2.876915596e-02 
  2.944730408e-02 
  3.029236570e-02 
  3.133158013e-02 
  3.244172782e-02 
  3.111674078e-02 
  3.213551641e-02 
  3.228133172e-02 
  3.288279474e-02 
  3.329748288e-02 
  3.360617161e-02 
  3.359559178e-02 
  3.313635662e-02 
  3.318727389e-02 
  3.459483385e-02 
  3.418011591e-02 
  3.406737372e-02 
  3.395918012e-02 
  3.421869501e-02 
  3.278690949e-02 
  3.362716734e-02 
  3.457885608e-02 
  3.401739895e-02 
  3.302087262e-02 
  3.198164329e-02 
  3.199357539e-02 
  3.190131858e-02 
  3.097462468e-02 
  3.184323385e-02 
  3.199829534e-02 
  3.214570507e-02 
  3.261519596e-02 
  3.302155808e-02 
  3.117112629e-02 
  3.283145279e-02 
  3.182503954e-02 
  3.228137270e-02 
  3.257727250e-02 
  3.247418627e-02 
  3.316740692e-02 
  3.333607689e-02 
  3.358032554e-02 
  3.326028585e-02 
  3.253471479e-02 
  3.245249018e-02 
  3.265415132e-02 
  3.438130021e-02 
  3.565218300e-02 
  3.592864424e-02 
  3.659864888e-02 
  3.696585447e-02 
  3.749807924e-02 
  3.694947064e-02 
  3.572291508e-02 
  3.526829928e-02 
  3.409383073e-02 
  3.376854956e-02 
  3.346223384e-02 
  3.326807171e-02 
  3.177719563e-02 
  3.204587102e-02 
  3.070936911e-02 
  3.023949452e-02 
  2.972526290e-02 
  2.997076511e-02 
  3.113786690e-02 
  3.279490024e-02 
  3.293272480e-02 
  3.351371735e-02 
  3.347501904e-02 
  3.310884908e-02 
  3.217899054e-02 
  3.200347349e-02 
  3.234054148e-02 
  3.226194531e-02 
  3.311542794e-02 
  3.249972686e-02 
  3.269889578e-02 
  3.315640241e-02 
  3.296183422e-02 
  3.392477334e-02 
  2.963509224e-02 
  3.524070606e-02 
  3.638489172e-02 
  3.725632280e-02 
  3.640873358e-02 
  3.748790547e-02 
  3.729509935e-02 
  3.732028976e-02 
  3.677599132e-02 
  3.757350519e-02 
  3.841359168e-02 
  3.820934519e-02 
  3.914433345e-02 
  3.887074813e-02 
  3.825913742e-02 
  3.414207324e-02 
  3.559547663e-02 
  3.577412665e-02 
  3.617163375e-02 
  3.809000179e-02 
  3.758566454e-02 
  3.784981370e-02 
  3.840633109e-02 
  3.862310946e-02 
  3.789503127e-02 
  3.777109087e-02 
  3.715623543e-02 
  3.789344057e-02 
  3.747902438e-02 
  3.725833446e-02 
  3.804523870e-02 
  3.761992976e-02 
  3.805897757e-02 
  3.739926592e-02 
  3.708464280e-02 
  3.793099523e-02 
  3.750026599e-02 
  3.650163487e-02 
  3.744035587e-02 
  3.699763492e-02 
  3.721021861e-02 
  3.699424118e-02 
  3.457123041e-02 
  3.687456995e-02 
  3.657598048e-02 
  3.631598875e-02 
  3.568494320e-02 
  3.574717790e-02 
  3.613116592e-02 
  3.618936986e-02 
  3.513996303e-02 
  3.580643982e-02 
  3.442525864e-02 
  3.506598249e-02 
  3.518261760e-02 
  3.500822186e-02 
  3.538492694e-02 
  3.544631228e-02 
  3.538979590e-02 
  3.497168794e-02 
  3.385903314e-02 
  3.463651985e-02 
  3.435687721e-02 
  3.408959508e-02 
  3.458480537e-02 
  3.432502225e-02 
  3.297357634e-02 
  3.343645856e-02 
  3.271019086e-02 
  3.369282559e-02 
  3.334337473e-02 
  3.325854987e-02 
  3.259968385e-02 
  3.327419236e-02 
  3.317609802e-02 
  3.257390857e-02 
  3.180683032e-02 
  3.215590119e-02 
  3.146555647e-02 
  3.126830980e-02 
  3.038418479e-02 
  3.025401011e-02 
  2.928926982e-02 
  2.999725565e-02 
  2.988193184e-02 
  2.936241217e-02 
  2.942447178e-02 
  2.728238143e-02 
  2.923556790e-02 
  2.634688281e-02 
  2.877959982e-02 
  2.890308946e-02 
  2.947829850e-02 
  2.920858376e-02 
  2.862043492e-02 
  2.897165716e-02 
  2.870590240e-02 
  2.953202836e-02 
  2.908731438e-02 
  2.873744257e-02 
  2.824792266e-02 
  2.579146810e-02 
  2.771656215e-02 
  2.702882141e-02 
  2.838082612e-02 
  2.890467457e-02 
  2.857814915e-02 
  2.860458195e-02 
  2.672761306e-02 
  2.760111727e-02 
  2.784355730e-02 
  2.661860548e-02 
  2.682347596e-02 
  2.562981285e-02 
  2.617119625e-02 
  2.595448494e-02 
  2.629270777e-02 
  2.583904751e-02 
  2.570137568e-02 
  2.572153881e-02 
  2.593352087e-02 
  2.576933242e-02 
  2.412742749e-02 
  2.485695668e-02 
  2.513676696e-02 
  2.573423833e-02 
  2.541819029e-02 
  2.585245855e-02 
  2.423419617e-02 
  2.494996972e-02 
  2.566337958e-02 
  2.558384836e-02 
  2.493553050e-02 
  2.454691939e-02 
  2.510238439e-02 
  2.557376400e-02 
  2.570236661e-02 
  2.503081784e-02 
  2.524684370e-02 
  2.515553683e-02 
  2.528228983e-02 
  2.520294301e-02 
  2.443590760e-02 
  2.475686744e-02 
  2.467408590e-02 
  2.428406104e-02 
  2.362278663e-02 
  2.419649251e-02 
  2.403891273e-02 
  2.286274359e-02 
  2.264027297e-02 
  2.230103873e-02 
  2.234495431e-02 
  2.212753892e-02 
  2.204559930e-02 
  2.255110070e-02 
  2.214558050e-02 
  2.213047817e-02 
  2.234165929e-02 
  2.249459177e-02 
  2.233908512e-02 
  2.177429013e-02 
  2.227182873e-02 
  2.172726393e-02 
  2.211577259e-02 
  2.184504643e-02 
  2.203638293e-02 
  2.157632820e-02 
  2.196367458e-02 
  2.175122872e-02 
  2.184093930e-02 
  2.139554173e-02 
  2.158871107e-02 
  2.161975019e-02 
  2.139721252e-02 
  2.119255066e-02 
  2.103016898e-02 
  2.076629177e-02 
  2.063009143e-02 
  2.080382034e-02 
  2.040215954e-02 
  2.041470446e-02 
  2.081998810e-02 
  2.063828893e-02 
  1.961437054e-02 
  2.012399212e-02 
  2.016312256e-02 
  1.992774568e-02 
  1.955987327e-02 
  1.961115748e-02 
  1.967325248e-02 
  1.935781725e-02 
  1.864857972e-02 
  1.796011627e-02 
  1.843434386e-02 
  1.884319820e-02 
  1.914614625e-02 
  1.915521547e-02 
  1.888009161e-02 
  1.891538687e-02 
  1.888178289e-02 
  1.861027442e-02 
  1.855114475e-02 
  1.874662749e-02 
  1.873639785e-02 
  1.862576604e-02 
  1.855562814e-02 
  1.851824485e-02 
  1.836596057e-02 
  1.820955426e-02 
  1.827646792e-02 
  1.811601408e-02 
  1.784602739e-02 
  1.783449203e-02 
  1.773366332e-02 
  1.733260229e-02 
  1.760409027e-02 
  1.764224656e-02 
  1.738217659e-02 
  1.729907840e-02 
  1.677988656e-02 
  1.704645902e-02 
  1.719167642e-02 
  1.584850438e-02 
  1.691433229e-02 
  1.695970260e-02 
  1.692145690e-02 
  1.689295471e-02 
  1.676508598e-02 
  1.656867005e-02 
  1.644212194e-02 
  1.654353552e-02 
  1.613161154e-02 
  1.585809886e-02 
  1.609164104e-02 
  1.525149029e-02 
  1.544532925e-02 
  1.562932134e-02 
  1.575408317e-02 
  1.564158686e-02 
  1.526381169e-02 
  1.553893741e-02 
  1.553327963e-02 
  1.527909376e-02 
  1.507324353e-02 
  1.408070046e-02 
  1.432152744e-02 
  1.437892858e-02 
  1.365016028e-02 
  1.343746111e-02 
  1.406345330e-02 
  1.424953621e-02 
  1.426821388e-02 
  1.390650868e-02 
  1.431100722e-02 
  1.404475141e-02 
  1.420930587e-02 
  1.376327407e-02 
  1.383365691e-02 
  1.345938910e-02 
  1.392616797e-02 
  1.378385071e-02 
  1.372169703e-02 
  1.346911862e-02 
  1.353787910e-02 
  1.354533993e-02 
  1.351886336e-02 
  1.328234654e-02 
  1.339416858e-02 
  1.337318961e-02 
  1.323836762e-02 
  1.326245815e-02 
  1.314104442e-02 
  1.287673041e-02 
  1.252865884e-02 
  1.263824012e-02 
  1.235966384e-02 
  1.254672650e-02 
  1.245228201e-02 
  1.242127456e-02 
  1.221565716e-02 
  1.227755658e-02 
  1.205435582e-02 
  1.204813179e-02 
  1.202122401e-02 
  1.199825015e-02 
  1.171767619e-02 
  1.139403321e-02 
  1.134136133e-02 
  1.101403311e-02 
  1.082418580e-02 
  1.090840995e-02 
  1.082091965e-02 
  1.078902464e-02 
  1.062290929e-02 
  1.044125017e-02 
  1.042652316e-02 
  1.035482436e-02 
  1.041528024e-02 
  1.047563087e-02 
  1.041593123e-02 
  1.012200397e-02 
  1.002207305e-02 
  9.771157987e-03 
  9.609829634e-03 
  9.304993786e-03 
  8.980147541e-03 
  9.034102783e-03 
  8.727239445e-03 
  8.384472691e-03 
  8.395357989e-03 
  7.999158464e-03 
  7.939520292e-03 
  7.450892590e-03 
  7.199118845e-03 
  7.150066551e-03 
  7.225227542e-03 
  7.180508226e-03 
  6.977408193e-03 
  6.858550478e-03 
  6.766916718e-03 
  6.566484924e-03 
  6.283252966e-03 
  6.259658840e-03 
  6.018037442e-03 
  6.016871426e-03 
  5.832822528e-03 
  5.494500045e-03 
  5.406432785e-03 
  5.121895112e-03 
  4.766551312e-03 
  4.970815033e-03 
  5.031703971e-03 
  5.056079011e-03 
  4.976369906e-03 
  4.887792282e-03 
  5.002646241e-03 
  4.719259683e-03 
  4.732157569e-03 
  4.565930460e-03 
  4.513208289e-03 
  4.165576305e-03 
  4.107440356e-03 
  4.086637869e-03 
  3.978917841e-03 
  3.824050305e-03 
  3.803690430e-03 
  3.572087968e-03 
  3.569295164e-03 
  3.498939564e-03 
  3.375762142e-03 
  3.512409516e-03 
  3.530200804e-03 
  3.596754745e-03 
  3.630630206e-03 
  3.503939835e-03 
  3.690485610e-03 
  3.666301025e-03 
  3.625280689e-03 
  3.355252091e-03 
  3.445987590e-03 
  3.491393058e-03 
  3.510475159e-03 
  3.482694970e-03 
  3.452841658e-03 
  3.366417484e-03 
  3.416133579e-03 
  3.413922619e-03 
  3.289960325e-03 
  3.414091188e-03 
  3.460660111e-03 
  3.527203808e-03 
  3.475854872e-03 
  3.641575109e-03 
  3.603794845e-03 
  3.614265239e-03 
  3.567419481e-03 
  3.571996000e-03 
  3.342546523e-03 
  3.278441960e-03 
  3.030229127e-03 
  3.094268497e-03 
  2.859896282e-03 
  2.732055495e-03 
  2.702369587e-03 
  2.708304441e-03 
  2.696811687e-03 
  2.635152778e-03 
  2.443606500e-03 
  3.069960978e-03 
  3.312199144e-03 
  3.374109278e-03 
  3.393779276e-03 
  3.487582318e-03 
  3.546567867e-03 
  3.568481188e-03 
  3.576582065e-03 
  3.547891509e-03 
  3.422545502e-03 
  3.581879660e-03 
  3.524258966e-03 
  3.456656123e-03 
  3.318778938e-03 
  3.422919894e-03 
  3.309995634e-03 
  3.166915849e-03 
  3.286400810e-03 
  3.198823659e-03 
  3.061851487e-03 
  3.040299285e-03 
  2.975913230e-03 
  2.921594772e-03 
  2.880746266e-03 
  2.898067003e-03 
  2.848115750e-03 
  2.862072550e-03 
  2.829266246e-03 
  2.935364610e-03 
  2.940068720e-03 
  3.017745679e-03 
  2.954206895e-03 
  3.003984690e-03 
  3.000777680e-03 
  2.988861641e-03 
  2.894311910e-03 
  3.034339286e-03 
  3.101048293e-03 
  3.073439002e-03 
  3.185145324e-03 
  3.194438294e-03 
  3.264863510e-03 
  3.243586514e-03 
  3.216751385e-03 
  3.338364186e-03 
  3.395484062e-03 
  3.350432497e-03 
  3.408754477e-03 
  3.385268617e-03 
  3.396173241e-03 
  3.400009591e-03 
  3.358266549e-03 
  3.290432738e-03 
  3.413386177e-03 
  3.413315397e-03 
  3.510695184e-03 
  3.445370356e-03 
  3.576144576e-03 
  3.596141236e-03 
  3.637033515e-03 
  3.631989472e-03 
  3.694207640e-03 
  3.522004699e-03 
  3.637961112e-03 
  3.665294033e-03 
  3.691124730e-03 
  3.575061215e-03 
  3.409749130e-03 
  3.196817823e-03 
  3.402757458e-03 
  3.607286140e-03 
  3.637475893e-03 
  3.672684310e-03 
  3.535045311e-03 
  3.425235860e-03 
  3.413201543e-03 
  3.496062011e-03 
  3.429093165e-03 
  3.417560132e-03 
  3.347659484e-03 
  3.426683601e-03 
  3.435524879e-03 
  3.561261808e-03 
  3.527077381e-03 
  3.696713829e-03 
  3.615679685e-03 
  3.727228614e-03 
  3.723812755e-03 
  4.018964246e-03 
  3.912675194e-03 
  4.178608768e-03 
  4.182646982e-03 
  4.349639639e-03 
  4.378969315e-03 
  4.537460394e-03 
  4.492347129e-03 
  4.427920561e-03 
  4.540043417e-03 
  4.753968678e-03 
  4.747328348e-03 
  4.825418349e-03 
  4.570337012e-03 
  4.901886452e-03 
  4.738324322e-03 
  4.874174483e-03 
  4.907401279e-03 
  4.942387808e-03 
  4.878670443e-03 
  4.890887067e-03 
  4.783403594e-03 
  4.797883797e-03 
  4.918717314e-03 
  4.884876311e-03 
  4.861069843e-03 
  4.806527402e-03 
  4.729861394e-03 
  4.520298913e-03 
  4.547625314e-03 
  4.377561621e-03 
  4.367676098e-03 
  3.872706322e-03 
  3.791756695e-03 
  3.319571028e-03 
  3.314344911e-03 
  2.836240921e-03 
  2.835163847e-03 
  2.552776365e-03 
  2.545732539e-03 
  2.567298943e-03 
  2.495690249e-03 
  2.644976368e-03 
  2.637836849e-03 
  2.702188911e-03 
  2.701804275e-03 
  2.722374164e-03 
  2.713785274e-03 
  2.754441230e-03 
  2.722043311e-03 
  2.823532792e-03 
  2.813393716e-03 
  2.980027115e-03 
  2.981181256e-03 
  3.241298953e-03 
  3.210636787e-03 
  3.355559427e-03 
  3.466987051e-03 
  3.737733234e-03 
  3.733796068e-03 
  3.892968874e-03 
  3.920569550e-03 
  4.037727602e-03 
  4.043810535e-03 
  4.061509389e-03 
  4.006159026e-03 
  4.088508897e-03 
  4.148622509e-03 
  4.199329298e-03 
  4.187820479e-03 
  4.060358740e-03 
  4.147459287e-03 
  4.175162874e-03 
  3.943477757e-03 
  4.072262440e-03 
  4.097341094e-03 
  4.057717044e-03 
  4.012126941e-03 
  3.971055150e-03 
  3.962621558e-03 
  3.843704239e-03 
  3.833615920e-03 
  3.805427114e-03 
  3.627353813e-03 
  3.640119918e-03 
  3.437501378e-03 
  3.411832033e-03 
  3.279135097e-03 
  3.226703266e-03 
  3.222155618e-03 
  3.240341321e-03 
  3.269155044e-03 
  3.250249429e-03 
  3.299924778e-03 
  3.294692375e-03 
  3.296570154e-03 
  3.203089582e-03 
  3.290776629e-03 
  3.272222588e-03 
  3.070869250e-03 
  3.244630061e-03 
  3.242346924e-03 
  3.250721144e-03 
  3.216974204e-03 
  3.274274059e-03 
  3.158371663e-03 
  3.345299279e-03 
  3.300619079e-03 
  3.442322602e-03 
  3.430562560e-03 
  3.505486995e-03 
  3.494779347e-03 
  3.543518018e-03 
  3.535907716e-03 
  3.470411291e-03 
  3.537807614e-03 
  3.496640129e-03 
  3.540012520e-03 
  3.471542615e-03 
  3.492007731e-03 
  3.514384152e-03 
  3.537228797e-03 
  3.528771689e-03 
  3.546437481e-03 
  3.544673091e-03 
  3.548264736e-03 
  3.515025368e-03 
  3.374451073e-03 
  3.491961630e-03 
  3.518124809e-03 
  3.401876893e-03 
  3.497614758e-03 
  3.481746884e-03 
  3.470378928e-03 
  3.476404119e-03 
  3.479024163e-03 
  3.469462041e-03 
  3.486527596e-03 
  3.426836571e-03 
  3.473236691e-03 
  3.463744884e-03 
  3.470123047e-03 
  3.453181824e-03 
  3.443275811e-03 
  3.419156652e-03 
  3.332930617e-03 
  3.404113464e-03 
  3.388538724e-03 
  3.364973934e-03 
  3.369091311e-03 
  3.360126866e-03 
  3.330871463e-03 
  3.245138796e-03 
  3.313957481e-03 
  3.330156207e-03 
  3.244322026e-03 
  3.308176296e-03 
  3.273509676e-03 
  3.269536654e-03 
  3.213380929e-03 
  3.276640084e-03 
  3.287263680e-03 
  3.223989392e-03 
  3.285110928e-03 
  3.271570662e-03 
  3.253290197e-03 
  3.266778076e-03 
  3.254830139e-03 
  3.246444510e-03 
  3.230601316e-03 
  3.228393150e-03 
  3.104731208e-03 
  3.204546636e-03 
  3.197894199e-03 
  3.175940830e-03 
  3.165980568e-03 
  3.163017798e-03 
  3.138318658e-03 
  3.116811858e-03 
  3.094369778e-03 
  3.057851456e-03 
  3.003232181e-03 
  3.028096864e-03 
  3.023801139e-03 
  2.980783349e-03 
  2.971644048e-03 
  2.942106454e-03 
  2.929457696e-03 
  2.896829741e-03 
  2.898312639e-03 
  2.891776850e-03 
  2.889049938e-03 
  2.876354614e-03 
  2.866986440e-03 
  2.848441014e-03 
  2.833986888e-03 
  2.825934440e-03 
  2.782913158e-03 
  2.780050505e-03 
  2.736057155e-03 
  2.640174935e-03 
  2.367212204e-03 
  2.585307229e-03 
  2.662219573e-03 
  2.727943473e-03 
  2.720382763e-03 
  2.739045536e-03 
  2.723708050e-03 
  2.728497609e-03 
  2.713243943e-03 
  2.711563371e-03 
  2.689986955e-03 
  2.660152968e-03 
  2.674634568e-03 
  2.567333169e-03 
  2.666074084e-03 
  2.656984376e-03 
  2.627881709e-03 
  2.558427863e-03 
  2.616032260e-03 
  2.617866965e-03 
  2.616303274e-03 
  2.608067356e-03 
  2.537605120e-03 
  2.519003116e-03 
  2.544903662e-03 
  2.569571370e-03 
  2.557887230e-03 
  2.524370095e-03 
  2.513198648e-03 
  2.501165727e-03 
  2.467246493e-03 
  2.453089226e-03 
  2.432236914e-03 
  2.424343722e-03 
  2.410951303e-03 
  2.408704953e-03 
  2.400465077e-03 
  2.423318103e-03 
  2.419369528e-03 
  2.408081433e-03 
  2.344817622e-03 
  2.310762648e-03 
  2.424659906e-03 
  2.370250179e-03 
  2.442579716e-03 
  2.436003182e-03 
  2.423793077e-03 
  2.419355093e-03 
  2.405301435e-03 
  2.400530735e-03 
  2.376072807e-03 
  2.337435726e-03 
  2.361468272e-03 
  2.364746761e-03 
  2.352535725e-03 
  2.344244160e-03 
  2.330720192e-03 
  2.324777190e-03 
  2.314858604e-03 
  2.298817970e-03 
  2.255056286e-03 
  2.257422311e-03 
  2.251527505e-03 
  2.267679665e-03 
  2.238888992e-03 
  2.238278976e-03 
  2.234153217e-03 
  2.223480260e-03 
  2.215353306e-03 
  2.199321287e-03 
  2.186530270e-03 
  2.183628734e-03 
  2.154685324e-03 
  2.105687279e-03 
  2.127788030e-03 
  2.144944621e-03 
  2.136491938e-03 
  2.097044839e-03 
  2.109206282e-03 
  2.105931053e-03 
  2.097674180e-03 
  2.092045732e-03 
  2.031519078e-03 
  2.070128685e-03 
  2.049033064e-03 
  2.042985521e-03 
  2.042671200e-03 
  2.010690980e-03 
  1.956972294e-03 
  1.996024977e-03 
  1.977441134e-03 
  1.973886741e-03 
  1.969573321e-03 
  1.968298340e-03 
  1.950437902e-03 
  1.937448047e-03 
  1.937728259e-03 
  1.865867293e-03 
  1.931092003e-03 
  1.916276640e-03 
  1.889144420e-03 
  1.902508084e-03 
  1.900223084e-03 
  1.892510569e-03 
  1.883573830e-03 
  1.863921527e-03 
  1.877844799e-03 
  1.872404595e-03 
  1.863539917e-03 
  1.832660870e-03 
  1.852198038e-03 
  1.849277061e-03 
  1.845069346e-03 
  1.836120849e-03 
  1.827360364e-03 
  1.734690857e-03 
  1.787953079e-03 
  1.790121663e-03 
  1.783750951e-03 
  1.774199889e-03 
  1.768945949e-03 
  1.769404626e-03 
  1.760191401e-03 
  1.740829204e-03 
  1.737727202e-03 
  1.711187302e-03 
  1.716636354e-03 
  1.710259588e-03 
  1.616240479e-03 
  1.656161854e-03 
  1.646743040e-03 
  1.614901237e-03 
  1.647860860e-03 
  1.649810467e-03 
  1.642547431e-03 
  1.638445188e-03 
  1.654566382e-03 
  1.646789955e-03 
  1.638528542e-03 
  1.654331922e-03 
  1.653198386e-03 
  1.653037150e-03 
  1.649906160e-03 
  1.636539819e-03 
  1.625641016e-03 
  1.627911581e-03 
  1.617489266e-03 
  1.598977484e-03 
  1.586903003e-03 
  1.530381502e-03 
  1.550100977e-03 
  1.532374881e-03 
  1.556570642e-03 
  1.547652064e-03 
  1.524389023e-03 
  1.530144596e-03 
  1.526314416e-03 
  1.452111755e-03 
  1.489861868e-03 
  1.499439240e-03 
  1.481241779e-03 
  1.506773173e-03 
  1.514258329e-03 
  1.499470556e-03 
  1.494316850e-03 
  1.485022018e-03 
  1.472175121e-03 
  1.468628761e-03 
  1.441242988e-03 
  1.418333733e-03 
  1.425923430e-03 
  1.407196163e-03 
  1.397527871e-03 
  1.359033049e-03 
  1.377837267e-03 
  1.377140288e-03 
  1.362715149e-03 
  1.353964093e-03 
  1.347714220e-03 
  1.336103771e-03 
  1.337008434e-03 
  1.326972852e-03 
  1.323221019e-03 
  1.327288570e-03 
  1.316628885e-03 
  1.321511692e-03 
  1.298763789e-03 
  1.257191878e-03 
  1.287688850e-03 
  1.300159609e-03 
  1.311054337e-03 
  1.298235031e-03 
  1.296423841e-03 
  1.317275688e-03 
  1.316175680e-03 
  1.304311096e-03 
  1.289371634e-03 
  1.285376959e-03 
  1.286685932e-03 
  1.257189200e-03 
  1.257648459e-03 
  1.226168359e-03 
  1.217954676e-03 
  1.204259112e-03 
  1.179954037e-03 
  1.191622112e-03 
  1.189988689e-03 
  1.190677402e-03 
  1.130637364e-03 
  1.166378846e-03 
  1.188885653e-03 
  1.183062908e-03 
  1.177586149e-03 
  1.190019073e-03 
  1.184160705e-03 
  1.178389182e-03 
  1.179258805e-03 
  1.120798173e-03 
  1.118391985e-03 
  1.125151641e-03 
  1.131498022e-03 
  1.118429820e-03 
  1.146507100e-03 
  1.140458859e-03 
  1.153473626e-03 
  1.149543328e-03 
  1.144607435e-03 
  1.137147774e-03 
  1.149993739e-03 
  1.137928921e-03 
  1.137345913e-03 
  1.140757347e-03 
  1.131063094e-03 
  1.130928053e-03 
  1.118490123e-03 
  1.113980194e-03 
  1.117780455e-03 
  1.107754535e-03 
  1.090770005e-03 
  1.096137334e-03 
  1.078408677e-03 
  1.067685313e-03 
  1.067773090e-03 
  1.062566997e-03 
  1.045942889e-03 
  1.045183977e-03 
  1.042144722e-03 
  1.026850543e-03 
  9.894613177e-04 
  9.859700222e-04 
  9.519460145e-04 
  9.932529647e-04 
  1.000240445e-03 
  1.027581631e-03 
  1.014903537e-03 
  1.019324642e-03 
  1.031424967e-03 
  1.022476470e-03 
  1.023820718e-03 
  1.018884359e-03 
  1.030040439e-03 
  1.017330564e-03 
  1.014978392e-03 
  1.020141644e-03 
  1.012358814e-03 
  9.995516157e-04 
  1.004084363e-03 
  9.992984124e-04 
  9.666034020e-04 
  9.544310742e-04 
  9.795118822e-04 
  9.714293410e-04 
  9.465500480e-04 
  9.694435867e-04 
  9.521920583e-04 
  9.395822417e-04 
  9.438184206e-04 
  9.157051099e-04 
  9.096441208e-04 
  8.914372884e-04 
  8.642838220e-04 
  8.648412186e-04 
  8.547630860e-04 
  8.533734945e-04 
  8.579369751e-04 
  8.504353464e-04 
  8.486445877e-04 
  8.604544564e-04 
  8.814228931e-04 
  8.709171670e-04 
  8.679737221e-04 
  8.358359337e-04 
  8.779279888e-04 
  8.825448458e-04 
  8.756811148e-04 
  8.615070255e-04 
  8.623434114e-04 
  8.544568554e-04 
  8.429943118e-04 
  8.350069402e-04 
  8.271344705e-04 
  8.078882238e-04 
  8.064965368e-04 
  7.990797749e-04 
  7.359191077e-04 
  7.660699193e-04 
  7.617706433e-04 
  7.487884723e-04 
  7.342451136e-04 
  7.465675008e-04 
  7.098759525e-04 
  7.190945907e-04 
  7.144351839e-04 
  6.588204997e-04 
  6.672782474e-04 
  6.547572557e-04 
  6.338453386e-04 
  6.152016576e-04 
  6.428997731e-04 
  6.179791526e-04 
  6.131993723e-04 
  5.789283896e-04 
  6.037538406e-04 
  6.022962043e-04 
  6.043977919e-04 
  6.011205842e-04 
  6.025393377e-04 
  5.919766845e-04 
  6.038615247e-04 
  5.962185678e-04 
  5.914457724e-04 
  6.030217046e-04 
  5.978766712e-04 
  5.996503751e-04 
  5.917053786e-04 
