  2.183765769e-01 
  6.013616920e-01 
  6.700509787e-01 
  1.808618307e+00 
  2.076786041e+00 
  3.918739796e+00 
  4.364267826e+00 
  6.604430676e+00 
  8.537194252e+00 
  9.234058380e+00 
  1.054093838e+01 
  2.042134285e+01 
  1.761041069e+01 
  2.262219048e+01 
  2.314400482e+01 
  2.808031273e+01 
  2.189531708e+01 
  3.178649139e+01 
  3.086844826e+01 
  3.522369003e+01 
  3.303009033e+01 
  4.199473572e+01 
  3.590494537e+01 
  3.185413551e+01 
  4.022305298e+01 
  4.364860535e+01 
  6.090432739e+01 
  6.104801559e+01 
  4.940778351e+01 
  5.953775024e+01 
  6.180262756e+01 
  4.932043076e+01 
  5.461584473e+01 
  6.145018387e+01 
  5.081989288e+01 
  5.470469666e+01 
  4.089724731e+01 
  3.867340088e+01 
  4.696894073e+01 
  4.707843018e+01 
  5.238063812e+01 
  4.404317093e+01 
  4.590815353e+01 
  4.574365234e+01 
  4.097692871e+01 
  5.242376709e+01 
  5.776240540e+01 
  5.453991699e+01 
  5.096368790e+01 
  5.547100067e+01 
  5.627142715e+01 
  5.301245499e+01 
  5.388600540e+01 
  4.879659653e+01 
  5.588989258e+01 
  5.619371033e+01 
  5.271034241e+01 
  3.341983032e+01 
  3.602400208e+01 
  3.595232391e+01 
  5.290682983e+01 
  4.162858963e+01 
  4.532625198e+01 
  4.784549332e+01 
  4.738515854e+01 
  4.401970291e+01 
  5.994451141e+01 
  5.321187973e+01 
  4.978016281e+01 
  4.749915314e+01 
  5.418961716e+01 
  4.292949295e+01 
  4.482183075e+01 
  4.429923248e+01 
  3.401918793e+01 
  3.089331436e+01 
  4.380414963e+01 
  4.441400909e+01 
  5.690186310e+01 
  4.338644791e+01 
  4.024743271e+01 
  4.474937057e+01 
  3.311352539e+01 
  2.284623146e+01 
  2.487711906e+01 
  3.702768707e+01 
  2.842124176e+01 
  3.225082016e+01 
  3.157177925e+01 
  3.554514694e+01 
  4.257557678e+01 
  4.704982376e+01 
  4.130161285e+01 
  2.187090683e+01 
  2.390544128e+01 
  3.963589478e+01 
  4.029546738e+01 
  1.619859123e+01 
  4.476472473e+01 
  5.301620483e+01 
  5.144701767e+01 
  5.047216415e+01 
  5.279768372e+01 
  4.881109619e+01 
  5.177688217e+01 
  4.687169647e+01 
  4.592124557e+01 
  4.415250015e+01 
  4.722235107e+01 
  5.160437775e+01 
  4.259607697e+01 
  4.938693237e+01 
  5.052653503e+01 
  4.712863541e+01 
  4.567101669e+01 
  4.810029221e+01 
  4.721094131e+01 
  4.520505905e+01 
  4.367233658e+01 
  4.418980408e+01 
  3.694217682e+01 
  4.571609879e+01 
  4.326919174e+01 
  3.609772873e+01 
  3.922295761e+01 
  4.013061905e+01 
  3.811101151e+01 
  3.621772385e+01 
  3.623385620e+01 
  3.257050705e+01 
  2.568116188e+01 
  2.281568146e+01 
  4.058306503e+01 
  3.569935608e+01 
  3.353266144e+01 
  3.605635834e+01 
  3.951560593e+01 
  3.943412781e+01 
  3.491650772e+01 
  3.339887238e+01 
  3.700408173e+01 
  3.646262360e+01 
  3.796530914e+01 
  3.778576660e+01 
  3.711624527e+01 
  3.860257721e+01 
  3.397648621e+01 
  3.831842041e+01 
  3.852409744e+01 
  3.835748672e+01 
  3.876177597e+01 
  4.142974854e+01 
  3.809136963e+01 
  3.497223282e+01 
  3.687900925e+01 
  3.673237991e+01 
  3.721281433e+01 
  3.701535416e+01 
  3.597127533e+01 
  3.557929230e+01 
  3.489088821e+01 
  3.576896286e+01 
  3.481103134e+01 
  3.444964981e+01 
  3.420063782e+01 
  3.334870148e+01 
  3.404594040e+01 
  3.250214005e+01 
  3.404597473e+01 
  3.339091873e+01 
  3.258332062e+01 
  3.218123245e+01 
  3.223013687e+01 
  3.154064751e+01 
  3.145666695e+01 
  3.237869644e+01 
  3.104697227e+01 
  3.043440819e+01 
  3.160608864e+01 
  2.986059189e+01 
  3.013672829e+01 
  2.964656258e+01 
  2.995892143e+01 
  2.968534279e+01 
  2.825376511e+01 
  2.817345428e+01 
  2.261359787e+01 
  2.516370010e+01 
  2.705147362e+01 
  2.489809990e+01 
  2.806594658e+01 
  2.600314903e+01 
  2.474158859e+01 
  2.638466835e+01 
  2.523900032e+01 
  2.671665955e+01 
  2.576308441e+01 
  2.474539757e+01 
  2.392361450e+01 
  2.363231659e+01 
  2.329875183e+01 
  2.255474663e+01 
  2.218956566e+01 
  2.328493500e+01 
  2.145532799e+01 
  2.291899681e+01 
  2.430445671e+01 
  2.240122986e+01 
  2.128195000e+01 
  2.273491096e+01 
  2.182365799e+01 
  2.162646484e+01 
  2.248680687e+01 
  2.038940430e+01 
  1.977662849e+01 
  2.000338936e+01 
  2.081644821e+01 
  1.519072723e+01 
  1.863168335e+01 
  1.748770714e+01 
  1.907502365e+01 
  1.890902901e+01 
  1.947749138e+01 
  1.797686577e+01 
  1.932455826e+01 
  1.899390984e+01 
  1.793561745e+01 
  1.552404499e+01 
  1.847365379e+01 
  1.882464409e+01 
  1.762566948e+01 
  1.901130867e+01 
  1.797279549e+01 
  1.564548492e+01 
  1.686263275e+01 
  1.705280876e+01 
  1.793542862e+01 
  1.649361229e+01 
  1.711415100e+01 
  1.690870857e+01 
  1.640334511e+01 
  1.491108418e+01 
  1.648951149e+01 
  1.563696575e+01 
  1.635118103e+01 
  1.596931171e+01 
  1.548049355e+01 
  1.600043297e+01 
  1.471959972e+01 
  1.535989189e+01 
  1.489697552e+01 
  1.468199062e+01 
  1.518942738e+01 
  1.447510719e+01 
  1.482628059e+01 
  1.474730206e+01 
  1.422461605e+01 
  1.369066334e+01 
  1.409584332e+01 
  1.321614742e+01 
  1.316712284e+01 
  1.435452652e+01 
  1.306915665e+01 
  1.356318378e+01 
  1.326443195e+01 
  1.331274033e+01 
  1.217497063e+01 
  1.295083237e+01 
  1.279879856e+01 
  1.242987823e+01 
  1.239553928e+01 
  1.186751080e+01 
  1.243372059e+01 
  1.245830059e+01 
  1.229415607e+01 
  1.189937305e+01 
  1.159608269e+01 
  1.199495125e+01 
  1.156834698e+01 
  1.140697002e+01 
  1.172863102e+01 
  1.145239258e+01 
  1.155376434e+01 
  1.155976582e+01 
  1.144744110e+01 
  1.129632664e+01 
  1.073819351e+01 
  1.107228565e+01 
  1.087782764e+01 
  9.573434830e+00 
  9.926388741e+00 
  1.047306633e+01 
  1.020059872e+01 
  1.023797226e+01 
  1.025810242e+01 
  9.990501404e+00 
  1.016607189e+01 
  1.012031746e+01 
  9.842886925e+00 
  9.774751663e+00 
  9.710102081e+00 
  9.586741447e+00 
  9.415731430e+00 
  9.410497665e+00 
  9.646492004e+00 
  9.559537888e+00 
  9.386129379e+00 
  9.271666527e+00 
  9.176762581e+00 
  9.022631645e+00 
  8.819718361e+00 
  8.904261589e+00 
  8.730921745e+00 
  8.547166824e+00 
  8.184748650e+00 
  8.520814896e+00 
  8.048746109e+00 
  8.041238785e+00 
  8.364901543e+00 
  8.233096123e+00 
  8.299051285e+00 
  8.385261536e+00 
  7.889351368e+00 
  7.896913052e+00 
  7.851861954e+00 
  7.587165833e+00 
  7.572684288e+00 
  7.635901451e+00 
  7.409360886e+00 
  7.594296455e+00 
  7.294679642e+00 
  7.528734684e+00 
  6.976997852e+00 
  7.449368000e+00 
  7.190302372e+00 
  7.280563831e+00 
  6.985167503e+00 
  7.175622463e+00 
  7.248924732e+00 
  7.147714138e+00 
  6.884797096e+00 
  6.943290234e+00 
  6.820392132e+00 
  6.894815445e+00 
  6.774878502e+00 
  6.787676811e+00 
  6.486719608e+00 
  6.533822060e+00 
  6.482157707e+00 
  6.571057796e+00 
  6.055898666e+00 
  6.483519554e+00 
  6.316242218e+00 
  6.408845901e+00 
  6.285765648e+00 
  6.080962658e+00 
  5.131961346e+00 
  5.444952011e+00 
  6.030521870e+00 
  6.005727768e+00 
  6.018092155e+00 
  6.013602734e+00 
  6.065821648e+00 
  5.961574078e+00 
  5.832461834e+00 
  5.823360443e+00 
  5.859149933e+00 
  5.709155083e+00 
  5.708204746e+00 
  5.756109715e+00 
  5.653665543e+00 
  5.560894966e+00 
  5.510148525e+00 
  5.516973495e+00 
  5.495201588e+00 
  5.379506588e+00 
  5.448830128e+00 
  5.308977604e+00 
  5.365029812e+00 
  5.257927418e+00 
  5.185884476e+00 
  5.160091877e+00 
  5.118534565e+00 
  5.121848583e+00 
  4.998517990e+00 
  5.026268482e+00 
  4.766997814e+00 
  4.277493000e+00 
  4.377437592e+00 
  4.327437878e+00 
  4.388942242e+00 
  4.477060795e+00 
  4.488111019e+00 
  4.480452538e+00 
  4.477959633e+00 
  4.405943871e+00 
  4.450018406e+00 
  4.510317802e+00 
  4.384108543e+00 
  4.372424126e+00 
  4.306535244e+00 
  4.171886921e+00 
  4.137353897e+00 
  4.224403381e+00 
  4.214522362e+00 
  4.199632168e+00 
  4.135256290e+00 
  4.057025909e+00 
  4.159267426e+00 
  4.005388260e+00 
  4.055689335e+00 
  4.010140419e+00 
  3.947657108e+00 
  3.895161152e+00 
  3.933946133e+00 
  3.754589796e+00 
  3.809802532e+00 
  3.565927029e+00 
  3.456765890e+00 
  3.373195887e+00 
  3.342521906e+00 
  3.479720831e+00 
  3.572959661e+00 
  3.508318424e+00 
  3.413565397e+00 
  3.370340109e+00 
  3.340962410e+00 
  3.384099007e+00 
  3.293538094e+00 
  3.177720308e+00 
  3.270679951e+00 
  3.191722155e+00 
  3.291867495e+00 
  3.282287359e+00 
  3.361663342e+00 
  3.305362225e+00 
  3.206949472e+00 
  3.245074034e+00 
  3.237877369e+00 
  3.123873472e+00 
  3.154891491e+00 
  3.123579502e+00 
  3.059688568e+00 
  3.141396761e+00 
  3.158970118e+00 
  3.063856363e+00 
  3.092589855e+00 
  3.124116182e+00 
  3.052332878e+00 
  3.037486076e+00 
  2.975521803e+00 
  2.951936483e+00 
  2.983041286e+00 
  2.939515352e+00 
  2.969835997e+00 
  2.937022924e+00 
  2.864190817e+00 
  2.869577885e+00 
  2.845494032e+00 
  2.567024708e+00 
  1.345057607e+00 
  1.230477571e+00 
  1.853183150e+00 
  1.679837227e+00 
  1.780765891e+00 
  2.019832850e+00 
  2.168621302e+00 
  2.320742846e+00 
  2.498408794e+00 
  2.546334028e+00 
  2.557549477e+00 
  2.564279556e+00 
  2.545232058e+00 
  2.523376465e+00 
  2.538920164e+00 
  2.431634188e+00 
  2.519077539e+00 
  2.488550425e+00 
  2.462113619e+00 
  2.457050562e+00 
  2.413813829e+00 
  2.397712946e+00 
  2.413794994e+00 
  2.344972849e+00 
  2.345240593e+00 
  2.336283445e+00 
  2.279765606e+00 
  2.294644117e+00 
  2.244624376e+00 
  2.232863188e+00 
  2.197674751e+00 
  2.177442789e+00 
  2.134131193e+00 
  2.126265049e+00 
  2.104908228e+00 
  2.075690508e+00 
  2.082712650e+00 
  2.089902163e+00 
  2.091426134e+00 
  2.076479197e+00 
  2.004425526e+00 
  2.032165766e+00 
  2.017149925e+00 
  1.979248881e+00 
  1.990638137e+00 
  1.933305264e+00 
  1.980007887e+00 
  1.958411694e+00 
  1.934050679e+00 
  1.888687134e+00 
  1.867393017e+00 
  1.880958200e+00 
  1.856142521e+00 
  1.828293085e+00 
  1.802879214e+00 
  1.758177042e+00 
  1.713813305e+00 
  1.716593862e+00 
  1.699178457e+00 
  1.651620626e+00 
  1.633974195e+00 
  1.708495259e+00 
  1.630781651e+00 
  1.590926051e+00 
  1.652217746e+00 
  1.673420787e+00 
  1.670067668e+00 
  1.652303457e+00 
  1.620557666e+00 
  1.618824601e+00 
  1.593273640e+00 
  1.559465766e+00 
  1.584416866e+00 
  1.532045245e+00 
  1.552340031e+00 
  1.557452202e+00 
  1.564808011e+00 
  1.543981552e+00 
  1.546520472e+00 
  1.493565679e+00 
  1.527053833e+00 
  1.521024227e+00 
  1.506477475e+00 
  1.494247437e+00 
  1.464802861e+00 
  1.480996490e+00 
  1.487323761e+00 
  1.430524945e+00 
  1.464191794e+00 
  1.460046172e+00 
  1.255522966e+00 
  1.430461287e+00 
  1.369709253e+00 
  1.380448103e+00 
  1.104453325e+00 
  1.210655212e+00 
  1.368223786e+00 
  1.384092808e+00 
  1.355742097e+00 
  1.349869370e+00 
  1.331764936e+00 
  1.325323939e+00 
  1.314879298e+00 
  1.333698392e+00 
  1.324850678e+00 
  1.294117451e+00 
  1.080415130e+00 
  1.145091414e+00 
  1.236060619e+00 
  1.213028073e+00 
  1.257120371e+00 
  1.249489665e+00 
  1.238716364e+00 
  1.237803340e+00 
  1.204988480e+00 
  1.188333035e+00 
  1.192533612e+00 
  1.210626721e+00 
  1.184054375e+00 
  1.181257844e+00 
  1.168792844e+00 
  1.102775931e+00 
  1.158179164e+00 
  1.126642823e+00 
  1.131015778e+00 
  1.137017369e+00 
  1.094126821e+00 
  1.078409433e+00 
  1.105571032e+00 
  1.108047366e+00 
  1.099088311e+00 
  1.087833166e+00 
  1.076774597e+00 
  1.023361444e+00 
  1.048648238e+00 
  9.794231057e-01 
  9.968879819e-01 
  9.534205198e-01 
  9.434720874e-01 
  9.188414812e-01 
  8.944885135e-01 
  8.666826487e-01 
  8.477867246e-01 
  9.215999842e-01 
  9.518885016e-01 
  9.443023205e-01 
  9.019795656e-01 
  8.911237121e-01 
  8.497197032e-01 
  8.320258260e-01 
  8.401750922e-01 
  8.428331614e-01 
  8.366717696e-01 
  8.341301680e-01 
  8.340582848e-01 
  8.226302266e-01 
  8.309795260e-01 
  8.181712031e-01 
  8.153333068e-01 
  8.398168683e-01 
  8.420046568e-01 
  8.169504404e-01 
  8.058185577e-01 
  7.650786638e-01 
  7.853101492e-01 
  7.915180922e-01 
  7.595207691e-01 
  7.745201588e-01 
  7.614191175e-01 
  7.274321914e-01 
  6.971315742e-01 
  6.657468677e-01 
  6.209237576e-01 
  5.945706964e-01 
  5.617961287e-01 
  5.484682918e-01 
  5.516669154e-01 
  5.591259003e-01 
  5.781444907e-01 
  6.547281742e-01 
  6.596410275e-01 
  6.327586174e-01 
  5.841121078e-01 
  5.753026009e-01 
  5.545754433e-01 
  5.703709722e-01 
  5.764077902e-01 
  5.822730064e-01 
  5.902400613e-01 
  5.887472034e-01 
  5.841653347e-01 
  5.935862064e-01 
  5.747830868e-01 
  5.821882486e-01 
  5.862703919e-01 
  5.363070369e-01 
  5.676517487e-01 
  5.951110721e-01 
  6.011582017e-01 
  5.960711241e-01 
  5.866053104e-01 
  5.754956007e-01 
  5.781914592e-01 
  5.904974937e-01 
  5.835918188e-01 
  5.868225694e-01 
  5.683617592e-01 
  5.940031409e-01 
  6.041841507e-01 
  6.147361398e-01 
  6.143801808e-01 
  6.061577201e-01 
  6.051979661e-01 
  5.911647677e-01 
  5.728543401e-01 
  5.690743327e-01 
  5.788465738e-01 
  5.705947876e-01 
  5.815437436e-01 
  5.646649003e-01 
  5.797892809e-01 
  5.836312771e-01 
  5.777633190e-01 
  5.789622664e-01 
  5.781482458e-01 
  5.786674023e-01 
  5.757380128e-01 
  5.817552805e-01 
  5.726401806e-01 
  5.633087158e-01 
  5.662155747e-01 
  5.700737238e-01 
  5.629408956e-01 
  5.604817271e-01 
  5.625448227e-01 
  5.571622849e-01 
  5.547627211e-01 
  5.524567366e-01 
  5.474416614e-01 
  5.435701609e-01 
  5.372684002e-01 
  5.368852019e-01 
  5.318801403e-01 
  5.240269899e-01 
  5.187064409e-01 
  4.830228686e-01 
  5.064823627e-01 
  5.132531524e-01 
  5.117544532e-01 
  5.045384169e-01 
  5.052974224e-01 
  5.027257800e-01 
  5.017274022e-01 
  4.965129197e-01 
  4.980042577e-01 
  4.869009554e-01 
  4.883342683e-01 
  4.817659557e-01 
  4.857439995e-01 
  4.720255136e-01 
  4.694035053e-01 
  4.726962149e-01 
  4.631436765e-01 
  4.695290029e-01 
  4.649072886e-01 
  4.637876749e-01 
  4.630342126e-01 
  4.581893981e-01 
  4.576399028e-01 
  4.493565559e-01 
  4.525184929e-01 
  4.495178759e-01 
  4.463457465e-01 
  4.364524782e-01 
  4.394083917e-01 
  4.330509007e-01 
  4.368897080e-01 
  4.259822369e-01 
  4.285209477e-01 
  4.285569489e-01 
  4.217931032e-01 
  4.223364294e-01 
  4.219123721e-01 
  4.129973054e-01 
  4.154301882e-01 
  4.119857848e-01 
  3.983916938e-01 
  4.040647149e-01 
  4.063846171e-01 
  4.020552039e-01 
  3.980242610e-01 
  3.964540064e-01 
  3.929943740e-01 
  3.915934861e-01 
  3.859812915e-01 
  3.872177601e-01 
  3.845951259e-01 
  3.822710812e-01 
  3.765529096e-01 
  3.632655442e-01 
  3.749321401e-01 
  3.603605628e-01 
  3.687542677e-01 
  3.609617352e-01 
  3.640559614e-01 
  3.620205224e-01 
  3.495657146e-01 
  3.563832939e-01 
  3.534491062e-01 
  3.255816102e-01 
  3.437865973e-01 
  3.429831564e-01 
  3.426039815e-01 
  3.301197290e-01 
  3.405424058e-01 
  3.291814029e-01 
  3.349577785e-01 
  3.327322602e-01 
  3.321585655e-01 
  3.180966377e-01 
  3.254000843e-01 
  3.122891188e-01 
  3.155348897e-01 
  3.054549396e-01 
  3.154296577e-01 
  3.089278936e-01 
  3.121147156e-01 
  2.932265997e-01 
  3.099747598e-01 
  2.953953743e-01 
  3.004181087e-01 
  3.015775681e-01 
  2.927347422e-01 
  2.864041328e-01 
  2.590691447e-01 
  2.794990242e-01 
  2.774335444e-01 
  2.723982930e-01 
  2.635954320e-01 
  2.591167390e-01 
  2.628418505e-01 
  2.619193792e-01 
  2.498486787e-01 
  2.591657043e-01 
  2.556087077e-01 
  2.524682283e-01 
  2.476090938e-01 
  2.468307912e-01 
  2.454294264e-01 
  2.471397668e-01 
  2.471860647e-01 
  2.421893626e-01 
  2.343375683e-01 
  2.259795815e-01 
  2.256843597e-01 
  2.144834250e-01 
  2.061425000e-01 
  1.966165155e-01 
  1.844355762e-01 
  1.737320870e-01 
  1.675020456e-01 
  1.666193306e-01 
  1.590926796e-01 
  1.626420319e-01 
  1.646397561e-01 
  1.594836414e-01 
  1.554136425e-01 
  1.606066674e-01 
  1.580706835e-01 
  1.643210351e-01 
  1.777026504e-01 
  1.830448359e-01 
  1.772407144e-01 
  1.624471247e-01 
  1.428819895e-01 
  1.455533057e-01 
  1.629988849e-01 
  1.744468808e-01 
  1.771685183e-01 
  1.835224479e-01 
  1.815272272e-01 
  1.721130013e-01 
  1.748621464e-01 
  1.672036052e-01 
  1.611481756e-01 
  1.553523690e-01 
  1.578747332e-01 
  1.629561484e-01 
  1.652024984e-01 
  1.668984592e-01 
  1.656979918e-01 
  1.672625095e-01 
  1.676687598e-01 
  1.686975211e-01 
  1.684361398e-01 
  1.724998355e-01 
  1.736009866e-01 
  1.829326153e-01 
  1.857949048e-01 
  1.854381859e-01 
  1.836231053e-01 
  1.819221526e-01 
  1.900902241e-01 
  1.929859966e-01 
  1.890507042e-01 
  1.922888458e-01 
  1.872405857e-01 
  1.900043041e-01 
  1.908663511e-01 
  1.840118468e-01 
  1.886862963e-01 
  1.899182200e-01 
  1.880733669e-01 
  1.855669022e-01 
  1.850528866e-01 
  1.837793887e-01 
  1.801351160e-01 
  1.843722016e-01 
  1.792877764e-01 
  1.778887659e-01 
  1.792715788e-01 
  1.765705198e-01 
  1.750492156e-01 
  1.644152254e-01 
  1.719199419e-01 
  1.752460152e-01 
  1.731185764e-01 
  1.709644943e-01 
  1.691474915e-01 
  1.596596539e-01 
  1.695199609e-01 
  1.723930240e-01 
  1.720506549e-01 
  1.712816507e-01 
  1.702047139e-01 
  1.666090339e-01 
  1.660926193e-01 
  1.649645716e-01 
  1.587639004e-01 
  1.517544389e-01 
  1.611622870e-01 
  1.618417501e-01 
  1.615021080e-01 
  1.526592970e-01 
  1.547852010e-01 
  1.595879942e-01 
  1.589577198e-01 
  1.598668247e-01 
  1.568147093e-01 
  1.461650282e-01 
  1.552804112e-01 
  1.495322436e-01 
  1.539076865e-01 
  1.547223032e-01 
  1.534341574e-01 
  1.536990106e-01 
  1.536596417e-01 
  1.535992473e-01 
  1.527876258e-01 
  1.509328187e-01 
  1.515005231e-01 
  1.508544534e-01 
  1.496163458e-01 
  1.484881490e-01 
  1.496973038e-01 
  1.485033333e-01 
  1.486940533e-01 
  1.434335560e-01 
  1.477266401e-01 
  1.472939700e-01 
  1.465432644e-01 
  1.461832672e-01 
  1.440915614e-01 
  1.447770447e-01 
  1.441082954e-01 
  1.427402049e-01 
  1.431803107e-01 
  1.427953392e-01 
  1.422528625e-01 
  1.401653737e-01 
  1.390469819e-01 
  1.397633553e-01 
  1.384270638e-01 
  1.363900006e-01 
  1.345921010e-01 
  1.363743842e-01 
  1.347873956e-01 
  1.335278302e-01 
  1.340401024e-01 
  1.330270618e-01 
  1.319550276e-01 
  1.304679960e-01 
  1.294793040e-01 
  1.278149784e-01 
  1.274013817e-01 
  1.265094876e-01 
  1.255762130e-01 
  1.233759299e-01 
  1.227794811e-01 
  1.204253510e-01 
  1.195318848e-01 
  1.181952655e-01 
  1.138963178e-01 
  1.143487021e-01 
  1.118331701e-01 
  1.115425229e-01 
  1.113675609e-01 
  1.083293334e-01 
  1.062319428e-01 
  1.065936312e-01 
  1.092287078e-01 
  1.103934124e-01 
  1.104348674e-01 
  1.105957180e-01 
  1.103162989e-01 
  1.110392585e-01 
  1.111781523e-01 
  1.110066548e-01 
  1.106460616e-01 
  1.097918302e-01 
  1.092021763e-01 
  1.061462089e-01 
  9.427078813e-02 
  1.034030989e-01 
  1.074386388e-01 
  1.080525741e-01 
  1.076046005e-01 
  1.077199206e-01 
  1.058242843e-01 
  1.058892906e-01 
  1.031409577e-01 
  1.044090539e-01 
  1.049662083e-01 
  1.048034281e-01 
  1.024612784e-01 
  1.026485190e-01 
  1.018006355e-01 
  1.003796235e-01 
  9.916271269e-02 
  9.984070808e-02 
  9.907522053e-02 
  9.850796312e-02 
  9.662072361e-02 
  9.482880682e-02 
  9.425629675e-02 
  9.438789636e-02 
  9.404591471e-02 
  9.325468540e-02 
  9.235401452e-02 
  9.123217314e-02 
  9.048713744e-02 
  8.994740993e-02 
  8.849980682e-02 
  8.373184502e-02 
  8.551380783e-02 
  8.277272433e-02 
  8.506163210e-02 
  8.567617834e-02 
  8.324722201e-02 
  8.271879703e-02 
  8.025919646e-02 
  7.905796170e-02 
  7.969824225e-02 
  8.076050878e-02 
  8.113794029e-02 
  8.032652736e-02 
  7.866770029e-02 
  7.555652410e-02 
  7.306399196e-02 
  6.599278003e-02 
  6.530344486e-02 
  6.440918893e-02 
  6.310314685e-02 
  6.545867026e-02 
  6.658218056e-02 
  6.733429432e-02 
  6.675382704e-02 
  6.699558347e-02 
  6.737478077e-02 
  6.683549285e-02 
  6.669752300e-02 
  6.738639623e-02 
  6.709763408e-02 
  6.520801038e-02 
  6.267170608e-02 
  5.697052553e-02 
  5.272781104e-02 
  5.056891963e-02 
  4.724162444e-02 
  4.572978988e-02 
  4.239148274e-02 
  4.084454477e-02 
  3.904352710e-02 
  3.655635566e-02 
  3.517810628e-02 
  3.363608941e-02 
  3.232612461e-02 
  3.070842288e-02 
  3.007672541e-02 
  2.831141464e-02 
  2.679427341e-02 
  2.668671682e-02 
  2.632155828e-02 
  2.659391053e-02 
  2.717887424e-02 
  2.714368887e-02 
  2.740799077e-02 
  2.664412372e-02 
  2.642706968e-02 
  2.591621876e-02 
  2.690046839e-02 
  2.844316140e-02 
  3.072230890e-02 
  3.204592317e-02 
  3.293669224e-02 
  3.267046064e-02 
  3.187002242e-02 
  3.163309395e-02 
  3.024722449e-02 
  2.905817889e-02 
  2.698569000e-02 
  2.562322468e-02 
  2.444167249e-02 
  2.454911917e-02 
  2.549770661e-02 
  2.606953122e-02 
  2.741917409e-02 
  2.903558500e-02 
  3.032238223e-02 
  3.089307249e-02 
  3.039623983e-02 
  3.032355569e-02 
  2.896376140e-02 
  2.776640654e-02 
  2.656158805e-02 
  2.684275992e-02 
  2.804500237e-02 
  2.894803137e-02 
  2.897355519e-02 
  2.850290015e-02 
  2.749138512e-02 
  2.767136134e-02 
  2.885893732e-02 
  2.917355858e-02 
  2.867753059e-02 
  2.874917351e-02 
  2.836637944e-02 
  2.840201184e-02 
  2.907117270e-02 
  2.990534715e-02 
  3.093095496e-02 
  3.202674538e-02 
  3.071870096e-02 
  3.172455356e-02 
  3.186853603e-02 
  3.246248141e-02 
  3.287190199e-02 
  3.317692503e-02 
  3.316649422e-02 
  3.271335363e-02 
  3.276369348e-02 
  3.415400162e-02 
  3.374490887e-02 
  3.363395110e-02 
  3.352709115e-02 
  3.378318995e-02 
  3.236964718e-02 
  3.319951519e-02 
  3.413886204e-02 
  3.358383849e-02 
  3.259769827e-02 
  3.156815097e-02 
  3.157814220e-02 
  3.148727491e-02 
  3.057325259e-02 
  3.143151850e-02 
  3.158481047e-02 
  3.173029050e-02 
  3.219455853e-02 
  3.259646520e-02 
  3.077106737e-02 
  3.241120651e-02 
  3.141811863e-02 
  3.186867014e-02 
  3.216166794e-02 
  3.206045926e-02 
  3.274601325e-02 
  3.291377798e-02 
  3.315557539e-02 
  3.283951804e-02 
  3.212278709e-02 
  3.204222023e-02 
  3.224305436e-02 
  3.395146504e-02 
  3.520997614e-02 
  3.548530117e-02 
  3.614947945e-02 
  3.651255369e-02 
  3.703885525e-02 
  3.649536148e-02 
  3.528254479e-02 
  3.483277187e-02 
  3.367083520e-02 
  3.334959224e-02 
  3.304648772e-02 
  3.285339102e-02 
  3.137958795e-02 
  3.164383397e-02 
  3.032300249e-02 
  2.985749580e-02 
  2.934917063e-02 
  2.959293872e-02 
  3.074777313e-02 
  3.238790482e-02 
  3.252713755e-02 
  3.310114518e-02 
  3.306291997e-02 
  3.270042315e-02 
  3.178123385e-02 
  3.160667419e-02 
  3.194055334e-02 
  3.186438978e-02 
  3.270921111e-02 
  3.210156411e-02 
  3.229857236e-02 
  3.275028616e-02 
  3.255978227e-02 
  3.351415321e-02 
  2.927676216e-02 
  3.481939808e-02 
  3.595483676e-02 
  3.681930900e-02 
  3.598226979e-02 
  3.705099598e-02 
  3.686069325e-02 
  3.688798472e-02 
  3.635392711e-02 
  3.714257106e-02 
  3.797632456e-02 
  3.777714074e-02 
  3.870346770e-02 
  3.843253106e-02 
  3.782708198e-02 
  3.375596181e-02 
  3.519360349e-02 
  3.537192196e-02 
  3.576507419e-02 
  3.766332194e-02 
  3.716535494e-02 
  3.742735460e-02 
  3.797790408e-02 
  3.819285706e-02 
  3.747320175e-02 
  3.735086322e-02 
  3.674285114e-02 
  3.747224435e-02 
  3.706257790e-02 
  3.684465215e-02 
  3.762350604e-02 
  3.720362484e-02 
  3.763873130e-02 
  3.698673099e-02 
  3.667560965e-02 
  3.751272336e-02 
  3.708651662e-02 
  3.609869257e-02 
  3.702700883e-02 
  3.658929467e-02 
  3.679964691e-02 
  3.658606485e-02 
  3.418978676e-02 
  3.646758944e-02 
  3.617218509e-02 
  3.591497615e-02 
  3.529099748e-02 
  3.535278141e-02 
  3.573253378e-02 
  3.579038754e-02 
  3.475276008e-02 
  3.541202098e-02 
  3.404611722e-02 
  3.467990831e-02 
  3.479525447e-02 
  3.462302685e-02 
  3.499593213e-02 
  3.505702689e-02 
  3.500099108e-02 
  3.458769992e-02 
  3.348743170e-02 
  3.425638005e-02 
  3.397990018e-02 
  3.371559829e-02 
  3.420540318e-02 
  3.394841030e-02 
  3.261178732e-02 
  3.306969255e-02 
  3.235144168e-02 
  3.332334012e-02 
  3.297766298e-02 
  3.289369494e-02 
  3.224205598e-02 
  3.290907294e-02 
  3.281201050e-02 
  3.221623600e-02 
  3.145715967e-02 
  3.180215880e-02 
  3.111940622e-02 
  3.092320636e-02 
  3.004725836e-02 
  2.991672792e-02 
  2.896141633e-02 
  2.966147289e-02 
  2.954700030e-02 
  2.903364040e-02 
  2.909567580e-02 
  2.697790973e-02 
  2.890929952e-02 
  2.605300583e-02 
  2.845880948e-02 
  2.858136594e-02 
  2.915096283e-02 
  2.888423949e-02 
  2.830353193e-02 
  2.865171246e-02 
  2.838960662e-02 
  2.920717187e-02 
  2.876734734e-02 
  2.842170745e-02 
  2.793740109e-02 
  2.550812252e-02 
  2.741207927e-02 
  2.673189156e-02 
  2.806901559e-02 
  2.858698182e-02 
  2.826414257e-02 
  2.828978188e-02 
  2.643346786e-02 
  2.729653008e-02 
  2.753508650e-02 
  2.632234432e-02 
  2.652386390e-02 
  2.534352988e-02 
  2.587851696e-02 
  2.566448040e-02 
  2.599942312e-02 
  2.555081993e-02 
  2.541487664e-02 
  2.543469705e-02 
  2.564424463e-02 
  2.548188716e-02 
  2.385846712e-02 
  2.458042651e-02 
  2.485787868e-02 
  2.544942312e-02 
  2.513686940e-02 
  2.556688152e-02 
  2.396689355e-02 
  2.467514761e-02 
  2.538069896e-02 
  2.530238964e-02 
  2.466150187e-02 
  2.427707240e-02 
  2.482642792e-02 
  2.529276721e-02 
  2.542004175e-02 
  2.475597151e-02 
  2.496951818e-02 
  2.487925440e-02 
  2.500455268e-02 
  2.492603101e-02 
  2.416737005e-02 
  2.448480204e-02 
  2.440284006e-02 
  2.401704527e-02 
  2.336289547e-02 
  2.393028885e-02 
  2.377456799e-02 
  2.261107229e-02 
  2.239104733e-02 
  2.205526270e-02 
  2.209850214e-02 
  2.188338526e-02 
  2.180234715e-02 
  2.230226994e-02 
  2.190126479e-02 
  2.188633382e-02 
  2.209518477e-02 
  2.224642411e-02 
  2.209258825e-02 
  2.153404057e-02 
  2.202608623e-02 
  2.148760669e-02 
  2.187193371e-02 
  2.160436288e-02 
  2.179358713e-02 
  2.133876458e-02 
  2.172197402e-02 
  2.151186392e-02 
  2.160069719e-02 
  2.116024680e-02 
  2.135124430e-02 
  2.138193883e-02 
  2.116173133e-02 
  2.095920220e-02 
  2.079848014e-02 
  2.053750679e-02 
  2.040284127e-02 
  2.057488263e-02 
  2.017763816e-02 
  2.018994093e-02 
  2.059090696e-02 
  2.041122317e-02 
  1.939857006e-02 
  1.990257390e-02 
  1.994149387e-02 
  1.970870048e-02 
  1.934485324e-02 
  1.939558052e-02 
  1.945674978e-02 
  1.914478280e-02 
  1.844337024e-02 
  1.776250452e-02 
  1.823151112e-02 
  1.863583550e-02 
  1.893544570e-02 
  1.894437522e-02 
  1.867227815e-02 
  1.870738156e-02 
  1.867409982e-02 
  1.840557158e-02 
  1.834701374e-02 
  1.854034513e-02 
  1.853022352e-02 
  1.842081919e-02 
  1.835145801e-02 
  1.831445470e-02 
  1.816384494e-02 
  1.800914668e-02 
  1.807533391e-02 
  1.791664399e-02 
  1.764965244e-02 
  1.763828844e-02 
  1.753856614e-02 
  1.714186557e-02 
  1.741026528e-02 
  1.744799875e-02 
  1.719069481e-02 
  1.710845158e-02 
  1.659499854e-02 
  1.685863174e-02 
  1.700224914e-02 
  1.567386836e-02 
  1.672794856e-02 
  1.677275822e-02 
  1.673495397e-02 
  1.670675725e-02 
  1.658032276e-02 
  1.638609543e-02 
  1.626093313e-02 
  1.636112109e-02 
  1.595349796e-02 
  1.568299532e-02 
  1.591377519e-02 
  1.508272626e-02 
  1.527441014e-02 
  1.545645390e-02 
  1.557995938e-02 
  1.546869427e-02 
  1.509507000e-02 
  1.536722016e-02 
  1.536161173e-02 
  1.511003636e-02 
  1.490631606e-02 
  1.392475329e-02 
  1.416283567e-02 
  1.421934925e-02 
  1.349865552e-02 
  1.328825299e-02 
  1.390722673e-02 
  1.409122255e-02 
  1.410956122e-02 
  1.375183742e-02 
  1.415182743e-02 
  1.388841588e-02 
  1.405104436e-02 
  1.360996533e-02 
  1.367940288e-02 
  1.330940239e-02 
  1.377095748e-02 
  1.363031659e-02 
  1.356879994e-02 
  1.331903320e-02 
  1.338694245e-02 
  1.339419466e-02 
  1.336801238e-02 
  1.313391794e-02 
  1.324450597e-02 
  1.322375983e-02 
  1.309051458e-02 
  1.311433408e-02 
  1.299412828e-02 
  1.273241173e-02 
  1.238824055e-02 
  1.249628142e-02 
  1.222020295e-02 
  1.240515430e-02 
  1.231161784e-02 
  1.228101924e-02 
  1.207772270e-02 
  1.213883422e-02 
  1.191797759e-02 
  1.191182435e-02 
  1.188486721e-02 
  1.186206564e-02 
  1.158367191e-02 
  1.126286946e-02 
  1.121071540e-02 
  1.088645216e-02 
  1.069823466e-02 
  1.078147907e-02 
  1.069446374e-02 
  1.066266280e-02 
  1.049849298e-02 
  1.031831373e-02 
  1.030375995e-02 
  1.023295056e-02 
  1.029254589e-02 
  1.035218500e-02 
  1.029313728e-02 
  1.000145543e-02 
  9.902714752e-03 
  9.653856046e-03 
  9.494192898e-03 
  9.192006662e-03 
  8.870573714e-03 
  8.923871443e-03 
  8.619796485e-03 
  8.280761540e-03 
  8.291511796e-03 
  7.899123244e-03 
  7.840231061e-03 
  7.357137743e-03 
  7.108111866e-03 
  7.059680298e-03 
  7.133841980e-03 
  7.089565508e-03 
  6.888819393e-03 
  6.771426182e-03 
  6.680856459e-03 
  6.482793950e-03 
  6.203128491e-03 
  6.179836113e-03 
  5.941211246e-03 
  5.940060131e-03 
  5.758373998e-03 
  5.424373318e-03 
  5.337429699e-03 
  5.056553986e-03 
  4.705730360e-03 
  4.907410126e-03 
  4.967545159e-03 
  4.991609138e-03 
  4.912887700e-03 
  4.825440235e-03 
  4.938848782e-03 
  4.659112077e-03 
  4.671845585e-03 
  4.507807549e-03 
  4.455748014e-03 
  4.112593830e-03 
  4.055229947e-03 
  4.034691956e-03 
  3.928360995e-03 
  3.775461344e-03 
  3.755419748e-03 
  3.526779125e-03 
  3.524021478e-03 
  3.454561811e-03 
  3.332943656e-03 
  3.467854578e-03 
  3.485409077e-03 
  3.551119007e-03 
  3.584524384e-03 
  3.459442640e-03 
  3.643593751e-03 
  3.619714640e-03 
  3.579237731e-03 
  3.312660148e-03 
  3.402243834e-03 
  3.447078401e-03 
  3.465918358e-03 
  3.438493935e-03 
  3.409025492e-03 
  3.323697718e-03 
  3.372783074e-03 
  3.370601218e-03 
  3.248207271e-03 
  3.370762337e-03 
  3.416716820e-03 
  3.482356668e-03 
  3.431660356e-03 
  3.595238086e-03 
  3.557936754e-03 
  3.568268148e-03 
  3.522027051e-03 
  3.526545363e-03 
  3.300067037e-03 
  3.236777382e-03 
  2.991783898e-03 
  3.055012086e-03 
  2.823629649e-03 
  2.697425196e-03 
  2.668115543e-03 
  2.673940500e-03 
  2.662593732e-03 
  2.601686167e-03 
  2.412573202e-03 
  3.030885709e-03 
  3.269966226e-03 
  3.331087064e-03 
  3.350476502e-03 
  3.443083260e-03 
  3.501289058e-03 
  3.522925777e-03 
  3.530936548e-03 
  3.502612701e-03 
  3.378886264e-03 
  3.536218777e-03 
  3.479332430e-03 
  3.412632272e-03 
  3.276511095e-03 
  3.379340982e-03 
  3.267854685e-03 
  3.126611933e-03 
  3.244583495e-03 
  3.158120904e-03 
  3.022911493e-03 
  3.001633566e-03 
  2.938108519e-03 
  2.884480171e-03 
  2.844193485e-03 
  2.861294430e-03 
  2.811988117e-03 
  2.825748175e-03 
  2.793358406e-03 
  2.898071660e-03 
  2.902715933e-03 
  2.979376120e-03 
  2.916645026e-03 
  2.965788124e-03 
  2.962621860e-03 
  2.950853668e-03 
  2.857507905e-03 
  2.995749703e-03 
  3.061598865e-03 
  3.034340683e-03 
  3.144590417e-03 
  3.153765341e-03 
  3.223254113e-03 
  3.202248132e-03 
  3.175739897e-03 
  3.295802511e-03 
  3.352174303e-03 
  3.307701554e-03 
  3.365284996e-03 
  3.342095064e-03 
  3.352860687e-03 
  3.356655128e-03 
  3.315444104e-03 
  3.248458030e-03 
  3.369842889e-03 
  3.369753947e-03 
  3.465891117e-03 
  3.401359776e-03 
  3.530483227e-03 
  3.550189780e-03 
  3.590559587e-03 
  3.585508559e-03 
  3.646867583e-03 
  3.476871876e-03 
  3.591194749e-03 
  3.618176794e-03 
  3.643510165e-03 
  3.528943751e-03 
  3.365528304e-03 
  3.155358834e-03 
  3.358395770e-03 
  3.560258076e-03 
  3.589609871e-03 
  3.624404315e-03 
  3.488050541e-03 
  3.379700938e-03 
  3.367178841e-03 
  3.448967822e-03 
  3.382516326e-03 
  3.371140221e-03 
  3.302114084e-03 
  3.380369861e-03 
  3.389091464e-03 
  3.513614414e-03 
  3.479887499e-03 
  3.647743724e-03 
  3.567782929e-03 
  3.678387962e-03 
  3.675017273e-03 
  3.967008088e-03 
  3.862093668e-03 
  4.125325009e-03 
  4.129311536e-03 
  4.295237362e-03 
  4.324200097e-03 
  4.481636453e-03 
  4.437129479e-03 
  4.374287091e-03 
  4.485051148e-03 
  4.697119351e-03 
  4.690605216e-03 
  4.768446088e-03 
  4.516376182e-03 
  4.844526760e-03 
  4.682908766e-03 
  4.817695823e-03 
  4.850537516e-03 
  4.885365255e-03 
  4.822408780e-03 
  4.834630061e-03 
  4.728382453e-03 
  4.742789548e-03 
  4.862255882e-03 
  4.828693345e-03 
  4.805160686e-03 
  4.750973079e-03 
  4.675208125e-03 
  4.467400257e-03 
  4.494407214e-03 
  4.324817564e-03 
  4.315059632e-03 
  3.823855193e-03 
  3.743926296e-03 
  3.275285708e-03 
  3.270134097e-03 
  2.796426183e-03 
  2.795364475e-03 
  2.515952103e-03 
  2.509010723e-03 
  2.530149650e-03 
  2.459576819e-03 
  2.607129049e-03 
  2.600093139e-03 
  2.663903404e-03 
  2.663523890e-03 
  2.683987375e-03 
  2.675520955e-03 
  2.715856070e-03 
  2.683911938e-03 
  2.784437966e-03 
  2.774441149e-03 
  2.939689206e-03 
  2.940827515e-03 
  3.198686289e-03 
  3.168429481e-03 
  3.312761197e-03 
  3.422767622e-03 
  3.691422287e-03 
  3.687535180e-03 
  3.845992265e-03 
  3.873259993e-03 
  3.989973571e-03 
  3.995986190e-03 
  4.014190752e-03 
  3.959485330e-03 
  4.041331820e-03 
  4.100751597e-03 
  4.151152447e-03 
  4.139775410e-03 
  4.013924394e-03 
  4.100028425e-03 
  4.127432592e-03 
  3.898396157e-03 
  4.025648814e-03 
  4.050440155e-03 
  4.011103418e-03 
  3.966036253e-03 
  3.925079480e-03 
  3.916743211e-03 
  3.798553254e-03 
  3.788582981e-03 
  3.760725027e-03 
  3.583701095e-03 
  3.596313065e-03 
  3.395063337e-03 
  3.369710641e-03 
  3.238041885e-03 
  3.186267801e-03 
  3.181669395e-03 
  3.199626692e-03 
  3.228340065e-03 
  3.209670540e-03 
  3.259117249e-03 
  3.253949573e-03 
  3.255947027e-03 
  3.163618036e-03 
  3.250186564e-03 
  3.231861163e-03 
  3.032983048e-03 
  3.204599721e-03 
  3.202344989e-03 
  3.210737370e-03 
  3.177405102e-03 
  3.234272823e-03 
  3.119786503e-03 
  3.305133199e-03 
  3.260989441e-03 
  3.401734168e-03 
  3.390112892e-03 
  3.464740235e-03 
  3.454157151e-03 
  3.502742155e-03 
  3.495219396e-03 
  3.430476878e-03 
  3.497326281e-03 
  3.456629114e-03 
  3.499625251e-03 
  3.431936959e-03 
  3.452280303e-03 
  3.474402009e-03 
  3.497106722e-03 
  3.488744842e-03 
  3.506345674e-03 
  3.504601074e-03 
  3.508287482e-03 
  3.475422272e-03 
  3.336431924e-03 
  3.452713601e-03 
  3.478582250e-03 
  3.363712924e-03 
  3.458377440e-03 
  3.442732152e-03 
  3.431491088e-03 
  3.437503241e-03 
  3.440093482e-03 
  3.430693410e-03 
  3.447567811e-03 
  3.388543846e-03 
  3.434445709e-03 
  3.425059374e-03 
  3.431392601e-03 
  3.414640203e-03 
  3.404859453e-03 
  3.381009214e-03 
  3.295756644e-03 
  3.366145073e-03 
  3.350771265e-03 
  3.327468876e-03 
  3.331541084e-03 
  3.322694916e-03 
  3.293765942e-03 
  3.209011164e-03 
  3.277063370e-03 
  3.293124726e-03 
  3.208244685e-03 
  3.271442605e-03 
  3.237160621e-03 
  3.233231604e-03 
  3.177757142e-03 
  3.240314778e-03 
  3.250882262e-03 
  3.188307863e-03 
  3.248807974e-03 
  3.235417185e-03 
  3.217373043e-03 
  3.230711911e-03 
  3.218896454e-03 
  3.210627474e-03 
  3.194958903e-03 
  3.192788456e-03 
  3.070490435e-03 
  3.169207834e-03 
  3.162628273e-03 
  3.140917048e-03 
  3.131059464e-03 
  3.128129523e-03 
  3.103672760e-03 
  3.082402749e-03 
  3.060151823e-03 
  3.024037695e-03 
  2.969945781e-03 
  2.994535258e-03 
  2.990286564e-03 
  2.947670640e-03 
  2.938632155e-03 
  2.909369301e-03 
  2.896861639e-03 
  2.864590380e-03 
  2.866056748e-03 
  2.859593136e-03 
  2.856908366e-03 
  2.844354138e-03 
  2.835092600e-03 
  2.816752996e-03 
  2.802462550e-03 
  2.794499975e-03 
  2.751956694e-03 
  2.749137348e-03 
  2.705633175e-03 
  2.610826166e-03 
  2.340897918e-03 
  2.556588734e-03 
  2.632646821e-03 
  2.697640099e-03 
  2.690182067e-03 
  2.708637388e-03 
  2.693474526e-03 
  2.698210767e-03 
  2.683125203e-03 
  2.681463026e-03 
  2.660126192e-03 
  2.630616771e-03 
  2.644937253e-03 
  2.538813278e-03 
  2.636457561e-03 
  2.627468668e-03 
  2.598671941e-03 
  2.529989462e-03 
  2.586969407e-03 
  2.588783391e-03 
  2.587259049e-03 
  2.579114167e-03 
  2.509434242e-03 
  2.491048770e-03 
  2.516661538e-03 
  2.541020280e-03 
  2.529466059e-03 
  2.496230882e-03 
  2.485183766e-03 
  2.473285189e-03 
  2.439636737e-03 
  2.425637795e-03 
  2.404943109e-03 
  2.397138393e-03 
  2.383896383e-03 
  2.381702419e-03 
  2.373554744e-03 
  2.396245487e-03 
  2.392340917e-03 
  2.381178783e-03 
  2.318732208e-03 
  2.285056049e-03 
  2.397780074e-03 
  2.343973378e-03 
  2.415542025e-03 
  2.409038134e-03 
  2.396963770e-03 
  2.392576076e-03 
  2.378678182e-03 
  2.373947995e-03 
  2.349760849e-03 
  2.311551711e-03 
  2.335302765e-03 
  2.338545164e-03 
  2.326455200e-03 
  2.318255138e-03 
  2.304881345e-03 
  2.298992360e-03 
  2.289183903e-03 
  2.273301361e-03 
  2.230025129e-03 
  2.232365077e-03 
  2.226512413e-03 
  2.242485061e-03 
  2.213983564e-03 
  2.213380300e-03 
  2.209300175e-03 
  2.198721981e-03 
  2.190685365e-03 
  2.174808178e-03 
  2.162159421e-03 
  2.159290016e-03 
  2.130649285e-03 
  2.082197694e-03 
  2.104039304e-03 
  2.121004276e-03 
  2.112645656e-03 
  2.073621843e-03 
  2.085647546e-03 
  2.082386287e-03 
  2.074221615e-03 
  2.068655798e-03 
  2.008775715e-03 
  2.046952955e-03 
  2.026045462e-03 
  2.020065673e-03 
  2.019754844e-03 
  1.988071483e-03 
  1.934956992e-03 
  1.973529579e-03 
  1.955154818e-03 
  1.951640355e-03 
  1.947348705e-03 
  1.946088159e-03 
  1.928417711e-03 
  1.915574539e-03 
  1.915851142e-03 
  1.844812999e-03 
  1.909301733e-03 
  1.894653309e-03 
  1.867819810e-03 
  1.881032251e-03 
  1.878769952e-03 
  1.871144399e-03 
  1.862308476e-03 
  1.842889353e-03 
  1.856655348e-03 
  1.851271256e-03 
  1.842506579e-03 
  1.811975962e-03 
  1.831312547e-03 
  1.828424400e-03 
  1.824276638e-03 
  1.815428957e-03 
  1.806767192e-03 
  1.715130522e-03 
  1.767792040e-03 
  1.769935712e-03 
  1.763633220e-03 
  1.754189841e-03 
  1.748965238e-03 
  1.749418676e-03 
  1.740309061e-03 
  1.721113455e-03 
  1.718046493e-03 
  1.691764337e-03 
  1.697151572e-03 
  1.690847101e-03 
  1.597841852e-03 
  1.637308858e-03 
  1.627997146e-03 
  1.596511574e-03 
  1.629095874e-03 
  1.631035353e-03 
  1.623854856e-03 
  1.619799412e-03 
  1.635794411e-03 
  1.628106111e-03 
  1.619937597e-03 
  1.635644236e-03 
  1.634523505e-03 
  1.634395216e-03 
  1.631299383e-03 
  1.618082868e-03 
  1.607283368e-03 
  1.609528088e-03 
  1.599223469e-03 
  1.580832526e-03 
  1.568895066e-03 
  1.512900111e-03 
  1.532394090e-03 
  1.514870557e-03 
  1.538889483e-03 
  1.530072303e-03 
  1.506960136e-03 
  1.512685791e-03 
  1.508899149e-03 
  1.435613493e-03 
  1.472934498e-03 
  1.482403139e-03 
  1.464467030e-03 
  1.489709131e-03 
  1.497109537e-03 
  1.482467866e-03 
  1.477372600e-03 
  1.468181727e-03 
  1.455412363e-03 
  1.451906166e-03 
  1.424739836e-03 
  1.402092865e-03 
  1.409594086e-03 
  1.390966703e-03 
  1.381409820e-03 
  1.343359123e-03 
  1.361858216e-03 
  1.361169387e-03 
  1.346846926e-03 
  1.338197733e-03 
  1.332020620e-03 
  1.320507028e-03 
  1.321401098e-03 
  1.311481232e-03 
  1.307777711e-03 
  1.311797765e-03 
  1.301262411e-03 
  1.306146733e-03 
  1.283663209e-03 
  1.242655562e-03 
  1.272799680e-03 
  1.285126316e-03 
  1.295983908e-03 
  1.283311867e-03 
  1.281519188e-03 
  1.302160323e-03 
  1.301072887e-03 
  1.289344509e-03 
  1.274507842e-03 
  1.270559267e-03 
  1.271849847e-03 
  1.242566737e-03 
  1.243020524e-03 
  1.211730414e-03 
  1.203613589e-03 
  1.190079027e-03 
  1.165984897e-03 
  1.177514787e-03 
  1.175900805e-03 
  1.176627818e-03 
  1.117296168e-03 
  1.152612735e-03 
  1.174886595e-03 
  1.169132418e-03 
  1.163720153e-03 
  1.176083111e-03 
  1.170293312e-03 
  1.164584653e-03 
  1.165444148e-03 
  1.107668388e-03 
  1.105298288e-03 
  1.111978898e-03 
  1.118251006e-03 
  1.105367905e-03 
  1.133117243e-03 
  1.127139549e-03 
  1.140037784e-03 
  1.136153121e-03 
  1.131269382e-03 
  1.123939524e-03 
  1.136636129e-03 
  1.124711474e-03 
  1.124149072e-03 
  1.127520925e-03 
  1.117932377e-03 
  1.117793494e-03 
  1.105500036e-03 
  1.101011992e-03 
  1.104768016e-03 
  1.094858744e-03 
  1.077994588e-03 
  1.083299052e-03 
  1.065778080e-03 
  1.055114903e-03 
  1.055201632e-03 
  1.050056890e-03 
  1.033554436e-03 
  1.032804721e-03 
  1.029801322e-03 
  1.014649170e-03 
  9.777039522e-04 
  9.742488037e-04 
  9.406457539e-04 
  9.814621881e-04 
  9.883667808e-04 
  1.015485497e-03 
  1.002956764e-03 
  1.007314422e-03 
  1.019351534e-03 
  1.010507811e-03 
  1.011836343e-03 
  1.006999519e-03 
  1.018025563e-03 
  1.005455735e-03 
  1.003124868e-03 
  1.008227817e-03 
  1.000536024e-03 
  9.878322016e-04 
  9.923119796e-04 
  9.875701508e-04 
  9.552047122e-04 
  9.431760991e-04 
  9.679609211e-04 
  9.599752375e-04 
  9.353891946e-04 
  9.580052574e-04 
  9.408870828e-04 
  9.284269181e-04 
  9.326127474e-04 
  9.047358180e-04 
  8.987475885e-04 
  8.806846454e-04 
  8.538587717e-04 
  8.544095326e-04 
  8.444319246e-04 
  8.430591552e-04 
  8.475674549e-04 
  8.401669911e-04 
  8.383978857e-04 
  8.500651456e-04 
  8.708673413e-04 
  8.604874020e-04 
  8.575792890e-04 
  8.258122252e-04 
  8.674299461e-04 
  8.719914476e-04 
  8.652100223e-04 
  8.511606138e-04 
  8.519869880e-04 
  8.441822720e-04 
  8.327959804e-04 
  8.249052335e-04 
  8.171281661e-04 
  7.980492665e-04 
  7.966746343e-04 
  7.893331931e-04 
  7.268682239e-04 
  7.566481945e-04 
  7.524019456e-04 
  7.395542925e-04 
  7.251902716e-04 
  7.373474655e-04 
  7.010446279e-04 
  7.101485971e-04 
  7.055472233e-04 
  6.505741621e-04 
  6.589260302e-04 
  6.465519546e-04 
  6.258548237e-04 
  6.074461853e-04 
  6.347951712e-04 
  6.101601757e-04 
  6.054408150e-04 
  5.715971929e-04 
  5.960989511e-04 
  5.946598249e-04 
  5.967347533e-04 
  5.935024237e-04 
  5.949033075e-04 
  5.844745319e-04 
  5.962021532e-04 
  5.886561121e-04 
  5.839439691e-04 
  5.953818327e-04 
  5.903019919e-04 
  5.920532276e-04 
  5.841974053e-04 
