  2.017513514e-01 
  5.598205328e-01 
  6.272843480e-01 
  1.706364274e+00 
  1.965786219e+00 
  3.733953953e+00 
  4.172825813e+00 
  6.341930866e+00 
  8.221009254e+00 
  8.912460327e+00 
  1.021877289e+01 
  1.982839775e+01 
  1.714067841e+01 
  2.206154442e+01 
  2.258581543e+01 
  2.746999741e+01 
  2.143361282e+01 
  3.115079498e+01 
  3.027519417e+01 
  3.462372208e+01 
  3.240628815e+01 
  4.133684540e+01 
  3.529087067e+01 
  3.135458565e+01 
  3.964434433e+01 
  4.296629333e+01 
  6.004884338e+01 
  6.020856476e+01 
  4.867086029e+01 
  5.875345230e+01 
  6.099629593e+01 
  4.864149475e+01 
  5.391507339e+01 
  6.067129517e+01 
  5.015570831e+01 
  5.402332687e+01 
  4.039426041e+01 
  3.818749237e+01 
  4.638864517e+01 
  4.650696564e+01 
  5.173477554e+01 
  4.350923920e+01 
  4.535687637e+01 
  4.519406891e+01 
  4.048040390e+01 
  5.179863739e+01 
  5.707795715e+01 
  5.389579773e+01 
  5.036334991e+01 
  5.482033539e+01 
  5.561283493e+01 
  5.239339066e+01 
  5.325683975e+01 
  4.822933197e+01 
  5.524169922e+01 
  5.554310226e+01 
  5.210102081e+01 
  3.303376389e+01 
  3.560847855e+01 
  3.553823090e+01 
  5.229832458e+01 
  4.115142441e+01 
  4.480864334e+01 
  4.730079269e+01 
  4.684701157e+01 
  4.352072906e+01 
  5.926653671e+01 
  5.261114883e+01 
  4.921917343e+01 
  4.696480179e+01 
  5.358103943e+01 
  4.244817734e+01 
  4.432012177e+01 
  4.380417252e+01 
  3.363959122e+01 
  3.054909325e+01 
  4.331668091e+01 
  4.392022324e+01 
  5.626959610e+01 
  4.290468216e+01 
  3.980106735e+01 
  4.425410843e+01 
  3.274789810e+01 
  2.259447861e+01 
  2.460344505e+01 
  3.662094498e+01 
  2.810946083e+01 
  3.189747620e+01 
  3.122630119e+01 
  3.515666199e+01 
  4.211080170e+01 
  4.653680420e+01 
  4.085177994e+01 
  2.163296890e+01 
  2.364565277e+01 
  3.920561600e+01 
  3.985848999e+01 
  1.602310753e+01 
  4.428025818e+01 
  5.244300079e+01 
  5.089129639e+01 
  4.992747879e+01 
  5.222843170e+01 
  4.828530121e+01 
  5.121963501e+01 
  4.636766815e+01 
  4.542786026e+01 
  4.367851257e+01 
  4.671582413e+01 
  5.105128479e+01 
  4.213988876e+01 
  4.885841370e+01 
  4.998622131e+01 
  4.662501907e+01 
  4.518315506e+01 
  4.758690643e+01 
  4.670744324e+01 
  4.472330093e+01 
  4.320721436e+01 
  4.371945572e+01 
  3.654920578e+01 
  4.523009109e+01 
  4.280946350e+01 
  3.571442795e+01 
  3.880670166e+01 
  3.970494080e+01 
  3.770693970e+01 
  3.583390045e+01 
  3.585002136e+01 
  3.222560501e+01 
  2.540930939e+01 
  2.257424545e+01 
  4.015375519e+01 
  3.532183075e+01 
  3.317815781e+01 
  3.567528915e+01 
  3.909809875e+01 
  3.901759338e+01 
  3.454778671e+01 
  3.304626083e+01 
  3.661349487e+01 
  3.607782745e+01 
  3.756471634e+01 
  3.738712692e+01 
  3.672471619e+01 
  3.819539261e+01 
  3.361809921e+01 
  3.791430283e+01 
  3.811798477e+01 
  3.795333099e+01 
  3.835354233e+01 
  4.099355698e+01 
  3.769041824e+01 
  3.460418320e+01 
  3.649095535e+01 
  3.634585953e+01 
  3.682114410e+01 
  3.662567520e+01 
  3.559250259e+01 
  3.520454407e+01 
  3.452329636e+01 
  3.539201736e+01 
  3.444407272e+01 
  3.408639908e+01 
  3.384020615e+01 
  3.299743271e+01 
  3.368750000e+01 
  3.216009903e+01 
  3.368763733e+01 
  3.303931046e+01 
  3.224000168e+01 
  3.184188652e+01 
  3.188992691e+01 
  3.120723152e+01 
  3.112360954e+01 
  3.203512955e+01 
  3.071663857e+01 
  3.010983849e+01 
  3.126901054e+01 
  2.954250145e+01 
  2.981616402e+01 
  2.933156776e+01 
  2.964091301e+01 
  2.937042046e+01 
  2.795408821e+01 
  2.787462044e+01 
  2.237377167e+01 
  2.489691353e+01 
  2.676474571e+01 
  2.463425636e+01 
  2.776859665e+01 
  2.572756958e+01 
  2.447925758e+01 
  2.610478973e+01 
  2.497114563e+01 
  2.643299294e+01 
  2.548919487e+01 
  2.448198509e+01 
  2.366862488e+01 
  2.338010406e+01 
  2.304977417e+01 
  2.231339264e+01 
  2.195179939e+01 
  2.303510284e+01 
  2.122481537e+01 
  2.267242622e+01 
  2.404293442e+01 
  2.216016006e+01 
  2.105290031e+01 
  2.249019814e+01 
  2.158872223e+01 
  2.139358521e+01 
  2.224457932e+01 
  2.016969872e+01 
  1.956345558e+01 
  1.978770065e+01 
  2.059182549e+01 
  1.502663136e+01 
  1.843019676e+01 
  1.729838562e+01 
  1.886829567e+01 
  1.870386696e+01 
  1.926589775e+01 
  1.778130913e+01 
  1.911406136e+01 
  1.878673172e+01 
  1.773973656e+01 
  1.535424137e+01 
  1.827126122e+01 
  1.861807442e+01 
  1.743195343e+01 
  1.880203819e+01 
  1.777467346e+01 
  1.547289753e+01 
  1.667652321e+01 
  1.686452866e+01 
  1.773732567e+01 
  1.631134796e+01 
  1.692492294e+01 
  1.672163773e+01 
  1.622174644e+01 
  1.474589920e+01 
  1.630671692e+01 
  1.546350098e+01 
  1.616964149e+01 
  1.579183960e+01 
  1.530828667e+01 
  1.582227516e+01 
  1.455554390e+01 
  1.518853760e+01 
  1.473059845e+01 
  1.451780510e+01 
  1.501935196e+01 
  1.431282139e+01 
  1.465984440e+01 
  1.458153820e+01 
  1.406451321e+01 
  1.353634834e+01 
  1.393673229e+01 
  1.306674671e+01 
  1.301804924e+01 
  1.419175339e+01 
  1.292067909e+01 
  1.340884209e+01 
  1.311322594e+01 
  1.316067505e+01 
  1.203564930e+01 
  1.280222702e+01 
  1.265130234e+01 
  1.228598404e+01 
  1.225186157e+01 
  1.172994137e+01 
  1.228907394e+01 
  1.231302738e+01 
  1.215060902e+01 
  1.176023102e+01 
  1.146042347e+01 
  1.185470200e+01 
  1.143328381e+01 
  1.127404404e+01 
  1.159230137e+01 
  1.131973648e+01 
  1.142026806e+01 
  1.142643261e+01 
  1.131557655e+01 
  1.116636276e+01 
  1.061475658e+01 
  1.094491291e+01 
  1.075226021e+01 
  9.462148666e+00 
  9.810936928e+00 
  1.035181522e+01 
  1.008218384e+01 
  1.011974907e+01 
  1.013947105e+01 
  9.874492645e+00 
  1.004852009e+01 
  1.000296402e+01 
  9.728832245e+00 
  9.661417961e+00 
  9.597591400e+00 
  9.475568771e+00 
  9.306439400e+00 
  9.301322937e+00 
  9.534725189e+00 
  9.448898315e+00 
  9.277569771e+00 
  9.164498329e+00 
  9.070754051e+00 
  8.918460846e+00 
  8.717951775e+00 
  8.801597595e+00 
  8.630331039e+00 
  8.448761940e+00 
  8.090579033e+00 
  8.422843933e+00 
  7.956260204e+00 
  7.948890209e+00 
  8.268871307e+00 
  8.138598442e+00 
  8.203810692e+00 
  8.289035797e+00 
  7.798812866e+00 
  7.806267262e+00 
  7.761716366e+00 
  7.500038147e+00 
  7.485644817e+00 
  7.547851562e+00 
  7.322956085e+00 
  7.506380081e+00 
  7.210385799e+00 
  7.441977501e+00 
  6.896632671e+00 
  7.363796234e+00 
  7.107967854e+00 
  7.197361469e+00 
  6.905551910e+00 
  7.094025135e+00 
  7.166742802e+00 
  7.066837788e+00 
  6.807068348e+00 
  6.865032673e+00 
  6.743649960e+00 
  6.817231178e+00 
  6.698738098e+00 
  6.711354256e+00 
  6.413610458e+00 
  6.460042000e+00 
  6.408803463e+00 
  6.496941090e+00 
  5.987985134e+00 
  6.410851479e+00 
  6.245170116e+00 
  6.337147236e+00 
  6.215441704e+00 
  6.012835503e+00 
  5.074536324e+00 
  5.384119511e+00 
  5.963310242e+00 
  5.938818932e+00 
  5.951132298e+00 
  5.946848869e+00 
  5.998592854e+00 
  5.895510674e+00 
  5.767893791e+00 
  5.758939266e+00 
  5.794397831e+00 
  5.646120071e+00 
  5.645253181e+00 
  5.692680359e+00 
  5.591408253e+00 
  5.499703884e+00 
  5.449554920e+00 
  5.456343174e+00 
  5.434848309e+00 
  5.320461273e+00 
  5.389057636e+00 
  5.250767231e+00 
  5.306232929e+00 
  5.200325012e+00 
  5.129061222e+00 
  5.103543758e+00 
  5.062466145e+00 
  5.065746784e+00 
  4.943756104e+00 
  4.971254826e+00 
  4.714706421e+00 
  4.227953911e+00 
  4.327665806e+00 
  4.278001308e+00 
  4.339260101e+00 
  4.426976681e+00 
  4.438278675e+00 
  4.430682659e+00 
  4.428114891e+00 
  4.357096195e+00 
  4.400799274e+00 
  4.460873604e+00 
  4.335967541e+00 
  4.324049950e+00 
  4.258953094e+00 
  4.125721455e+00 
  4.091633797e+00 
  4.178022861e+00 
  4.168271542e+00 
  4.153426170e+00 
  4.089784622e+00 
  4.012458324e+00 
  4.113626003e+00 
  3.961530209e+00 
  4.011181831e+00 
  3.966235399e+00 
  3.904525280e+00 
  3.852532148e+00 
  3.890867233e+00 
  3.713367462e+00 
  3.767855167e+00 
  3.526015282e+00 
  3.417644739e+00 
  3.334856033e+00 
  3.304285526e+00 
  3.440963030e+00 
  3.533498049e+00 
  3.469397068e+00 
  3.375172138e+00 
  3.332512856e+00 
  3.303440332e+00 
  3.346169949e+00 
  3.256543875e+00 
  3.142220497e+00 
  3.234112740e+00 
  3.156002045e+00 
  3.255349874e+00 
  3.246177197e+00 
  3.324831247e+00 
  3.269096851e+00 
  3.171670437e+00 
  3.209442377e+00 
  3.202418327e+00 
  3.089701414e+00 
  3.120471239e+00 
  3.089554310e+00 
  3.026380062e+00 
  3.107212305e+00 
  3.124620199e+00 
  3.030561447e+00 
  3.059001446e+00 
  3.090189695e+00 
  3.019208193e+00 
  3.004536390e+00 
  2.943227768e+00 
  2.919900417e+00 
  2.950697422e+00 
  2.907652617e+00 
  2.937650681e+00 
  2.905195236e+00 
  2.833154678e+00 
  2.838482380e+00 
  2.814594984e+00 
  2.538388491e+00 
  1.325436115e+00 
  1.212039471e+00 
  1.829159617e+00 
  1.657080650e+00 
  1.757141590e+00 
  1.994516015e+00 
  2.143558502e+00 
  2.294668436e+00 
  2.470797777e+00 
  2.518495083e+00 
  2.529824018e+00 
  2.536529541e+00 
  2.517702579e+00 
  2.496093273e+00 
  2.511488676e+00 
  2.405376196e+00 
  2.491883516e+00 
  2.461683750e+00 
  2.435526609e+00 
  2.430511236e+00 
  2.387734413e+00 
  2.371814728e+00 
  2.387715816e+00 
  2.319630623e+00 
  2.319881201e+00 
  2.310988903e+00 
  2.255050421e+00 
  2.269740582e+00 
  2.220234632e+00 
  2.208513975e+00 
  2.173699141e+00 
  2.153700113e+00 
  2.110872030e+00 
  2.103121281e+00 
  2.082065582e+00 
  2.053118229e+00 
  2.059954405e+00 
  2.067092657e+00 
  2.068665504e+00 
  2.053863049e+00 
  1.982544422e+00 
  2.009984970e+00 
  1.995125771e+00 
  1.957643151e+00 
  1.968927860e+00 
  1.912259936e+00 
  1.958478808e+00 
  1.937116146e+00 
  1.913002610e+00 
  1.868112564e+00 
  1.847029090e+00 
  1.860405922e+00 
  1.835808754e+00 
  1.808202744e+00 
  1.782988787e+00 
  1.738682389e+00 
  1.694691896e+00 
  1.697443843e+00 
  1.680230618e+00 
  1.633240223e+00 
  1.615908504e+00 
  1.689742208e+00 
  1.612779856e+00 
  1.573077440e+00 
  1.633932590e+00 
  1.655055404e+00 
  1.651714206e+00 
  1.634124041e+00 
  1.602626562e+00 
  1.600946665e+00 
  1.575716138e+00 
  1.542289376e+00 
  1.566970468e+00 
  1.515196919e+00 
  1.535294294e+00 
  1.540402651e+00 
  1.547660112e+00 
  1.527059555e+00 
  1.529594779e+00 
  1.477233887e+00 
  1.510360122e+00 
  1.504378438e+00 
  1.490004420e+00 
  1.477942824e+00 
  1.448835135e+00 
  1.464859009e+00 
  1.471107364e+00 
  1.414934754e+00 
  1.448235512e+00 
  1.444135427e+00 
  1.241833091e+00 
  1.414853573e+00 
  1.354763865e+00 
  1.365398169e+00 
  1.092410803e+00 
  1.197459817e+00 
  1.353311181e+00 
  1.369012594e+00 
  1.340971231e+00 
  1.335174680e+00 
  1.317272067e+00 
  1.310900569e+00 
  1.300573945e+00 
  1.319187284e+00 
  1.310438156e+00 
  1.280040860e+00 
  1.068662286e+00 
  1.132632732e+00 
  1.222610950e+00 
  1.199828506e+00 
  1.243438244e+00 
  1.235889912e+00 
  1.225234747e+00 
  1.224327326e+00 
  1.191866755e+00 
  1.175390482e+00 
  1.179540038e+00 
  1.197433710e+00 
  1.171143889e+00 
  1.168375850e+00 
  1.156041741e+00 
  1.090740442e+00 
  1.145534158e+00 
  1.114344358e+00 
  1.118669748e+00 
  1.124597073e+00 
  1.082165241e+00 
  1.066623926e+00 
  1.093486786e+00 
  1.095938087e+00 
  1.087072492e+00 
  1.075940847e+00 
  1.064981699e+00 
  1.012099385e+00 
  1.037078977e+00 
  9.685425162e-01 
  9.857409000e-01 
  9.426813722e-01 
  9.328064919e-01 
  9.083429575e-01 
  8.842833042e-01 
  8.567652702e-01 
  8.380920887e-01 
  9.112381935e-01 
  9.412789941e-01 
  9.337755442e-01 
  8.918700814e-01 
  8.810310960e-01 
  8.400182128e-01 
  8.225285411e-01 
  8.305960894e-01 
  8.332732320e-01 
  8.271580338e-01 
  8.245313764e-01 
  8.245186806e-01 
  8.132643104e-01 
  8.215301037e-01 
  8.088893890e-01 
  8.061105609e-01 
  8.304009438e-01 
  8.326236010e-01 
  8.078371882e-01 
  7.968284488e-01 
  7.565280199e-01 
  7.764955759e-01 
  7.826280594e-01 
  7.509829402e-01 
  7.657632828e-01 
  7.527275085e-01 
  7.189980745e-01 
  6.888875961e-01 
  6.577295065e-01 
  6.132971048e-01 
  5.871793628e-01 
  5.547314882e-01 
  5.415617228e-01 
  5.447489619e-01 
  5.521082282e-01 
  5.709832311e-01 
  6.469451785e-01 
  6.518673897e-01 
  6.252481341e-01 
  5.770698786e-01 
  5.682260394e-01 
  5.477438569e-01 
  5.633887649e-01 
  5.693556666e-01 
  5.751965046e-01 
  5.830963254e-01 
  5.816193819e-01 
  5.771010518e-01 
  5.864797235e-01 
  5.678310394e-01 
  5.751991272e-01 
  5.792953968e-01 
  5.298827887e-01 
  5.608454347e-01 
  5.881485343e-01 
  5.941520333e-01 
  5.890941620e-01 
  5.797312856e-01 
  5.687375069e-01 
  5.714163780e-01 
  5.836839080e-01 
  5.768734217e-01 
  5.800583363e-01 
  5.618167520e-01 
  5.872336030e-01 
  5.973958969e-01 
  6.078693271e-01 
  6.075200438e-01 
  5.993884802e-01 
  5.984282494e-01 
  5.845270157e-01 
  5.663918853e-01 
  5.626339316e-01 
  5.723205805e-01 
  5.642000437e-01 
  5.750239491e-01 
  5.583444834e-01 
  5.733374357e-01 
  5.771453977e-01 
  5.713352561e-01 
  5.725400448e-01 
  5.717545152e-01 
  5.722789168e-01 
  5.693960786e-01 
  5.753535628e-01 
  5.663402677e-01 
  5.571122766e-01 
  5.599885583e-01 
  5.638096333e-01 
  5.567564368e-01 
  5.543166995e-01 
  5.563625097e-01 
  5.510432720e-01 
  5.486696362e-01 
  5.463864803e-01 
  5.414242148e-01 
  5.375934839e-01 
  5.313618183e-01 
  5.309832692e-01 
  5.260252953e-01 
  5.182601213e-01 
  5.130020976e-01 
  4.777125418e-01 
  5.009142160e-01 
  5.076087713e-01 
  5.061202049e-01 
  4.989756644e-01 
  4.997293353e-01 
  4.971939027e-01 
  4.962093234e-01 
  4.910482764e-01 
  4.925245345e-01 
  4.815433025e-01 
  4.829601347e-01 
  4.764648974e-01 
  4.803984165e-01 
  4.668259621e-01 
  4.642339647e-01 
  4.674932361e-01 
  4.580465555e-01 
  4.643583000e-01 
  4.597853124e-01 
  4.586764574e-01 
  4.579342902e-01 
  4.531408250e-01 
  4.525979459e-01 
  4.444072247e-01 
  4.475361407e-01 
  4.445690215e-01 
  4.414322674e-01 
  4.316479564e-01 
  4.345710576e-01 
  4.282834828e-01 
  4.320784509e-01 
  4.212902486e-01 
  4.238012135e-01 
  4.238353074e-01 
  4.171445370e-01 
  4.176806509e-01 
  4.172606766e-01 
  4.084433317e-01 
  4.108482003e-01 
  4.074391425e-01 
  3.939932287e-01 
  3.996013403e-01 
  4.018921554e-01 
  3.976067603e-01 
  3.936181068e-01 
  3.920631111e-01 
  3.886393011e-01 
  3.872520328e-01 
  3.816989958e-01 
  3.829185665e-01 
  3.803217411e-01 
  3.780187964e-01 
  3.723591566e-01 
  3.592181504e-01 
  3.707534671e-01 
  3.563433290e-01 
  3.646394312e-01 
  3.569313288e-01 
  3.599880338e-01 
  3.579740226e-01 
  3.456583023e-01 
  3.523982465e-01 
  3.495007157e-01 
  3.219458759e-01 
  3.399503827e-01 
  3.391564786e-01 
  3.387816548e-01 
  3.264381886e-01 
  3.367469013e-01 
  3.255168200e-01 
  3.312289715e-01 
  3.290276527e-01 
  3.284591734e-01 
  3.145548701e-01 
  3.217714727e-01 
  3.088073432e-01 
  3.120205700e-01 
  3.020503819e-01 
  3.119108677e-01 
  3.054734766e-01 
  3.086272776e-01 
  2.899597883e-01 
  3.065223098e-01 
  2.920943797e-01 
  2.970591187e-01 
  2.982080579e-01 
  2.894586325e-01 
  2.831863463e-01 
  2.561535239e-01 
  2.763543725e-01 
  2.743125558e-01 
  2.693313658e-01 
  2.605960369e-01 
  2.561357617e-01 
  2.598204315e-01 
  2.589133084e-01 
  2.469787449e-01 
  2.561914921e-01 
  2.526691556e-01 
  2.495495379e-01 
  2.447311133e-01 
  2.439652234e-01 
  2.425821722e-01 
  2.442842424e-01 
  2.443267852e-01 
  2.393802553e-01 
  2.315881848e-01 
  2.232869864e-01 
  2.229826599e-01 
  2.118756026e-01 
  2.036155164e-01 
  1.941688955e-01 
  1.821081489e-01 
  1.715236753e-01 
  1.653557420e-01 
  1.644807309e-01 
  1.570375860e-01 
  1.605473459e-01 
  1.625241190e-01 
  1.574316472e-01 
  1.534131169e-01 
  1.585407108e-01 
  1.560399532e-01 
  1.622255445e-01 
  1.754755825e-01 
  1.807626337e-01 
  1.750146896e-01 
  1.603817493e-01 
  1.410300285e-01 
  1.436687559e-01 
  1.609312147e-01 
  1.722624749e-01 
  1.749812067e-01 
  1.812705398e-01 
  1.792930961e-01 
  1.699838936e-01 
  1.726946831e-01 
  1.651185453e-01 
  1.591258049e-01 
  1.533847451e-01 
  1.558795273e-01 
  1.609115601e-01 
  1.631432325e-01 
  1.648242325e-01 
  1.636404693e-01 
  1.651956886e-01 
  1.656020135e-01 
  1.666254252e-01 
  1.663669944e-01 
  1.703957468e-01 
  1.715008616e-01 
  1.807636768e-01 
  1.836145818e-01 
  1.832819879e-01 
  1.814962476e-01 
  1.798326224e-01 
  1.879198998e-01 
  1.907967627e-01 
  1.869088113e-01 
  1.901124865e-01 
  1.851247102e-01 
  1.878592372e-01 
  1.887109727e-01 
  1.819357872e-01 
  1.865591854e-01 
  1.877812743e-01 
  1.859548539e-01 
  1.834744364e-01 
  1.829663217e-01 
  1.817131042e-01 
  1.781149954e-01 
  1.823019534e-01 
  1.772693992e-01 
  1.758861095e-01 
  1.772513986e-01 
  1.745758057e-01 
  1.730667055e-01 
  1.625536978e-01 
  1.699762046e-01 
  1.732714623e-01 
  1.711660028e-01 
  1.690294892e-01 
  1.672315449e-01 
  1.578553170e-01 
  1.676145792e-01 
  1.704584211e-01 
  1.701242775e-01 
  1.693629175e-01 
  1.682974696e-01 
  1.647379696e-01 
  1.642278880e-01 
  1.631104499e-01 
  1.569789648e-01 
  1.500459164e-01 
  1.593492031e-01 
  1.600205898e-01 
  1.596810818e-01 
  1.509338021e-01 
  1.530343890e-01 
  1.577898413e-01 
  1.571705639e-01 
  1.580713391e-01 
  1.550536156e-01 
  1.445226967e-01 
  1.535349488e-01 
  1.478517056e-01 
  1.521791518e-01 
  1.529880911e-01 
  1.517141461e-01 
  1.519768834e-01 
  1.519399881e-01 
  1.518812925e-01 
  1.510776579e-01 
  1.492422223e-01 
  1.498040706e-01 
  1.491663158e-01 
  1.479429156e-01 
  1.468275487e-01 
  1.480257064e-01 
  1.468456089e-01 
  1.470347345e-01 
  1.418340504e-01 
  1.460803002e-01 
  1.456531584e-01 
  1.449114531e-01 
  1.445555240e-01 
  1.424867362e-01 
  1.431641132e-01 
  1.425017416e-01 
  1.411486417e-01 
  1.415837705e-01 
  1.412029117e-01 
  1.406657994e-01 
  1.386011094e-01 
  1.374942362e-01 
  1.382013857e-01 
  1.368787587e-01 
  1.348637342e-01 
  1.330840439e-01 
  1.348451823e-01 
  1.332744658e-01 
  1.320274323e-01 
  1.325322837e-01 
  1.315289438e-01 
  1.304672509e-01 
  1.289947778e-01 
  1.280152053e-01 
  1.263677478e-01 
  1.259556562e-01 
  1.250709593e-01 
  1.241454035e-01 
  1.219665334e-01 
  1.213734224e-01 
  1.190415472e-01 
  1.181537062e-01 
  1.168275848e-01 
  1.125711128e-01 
  1.130146831e-01 
  1.105259433e-01 
  1.102374867e-01 
  1.100615114e-01 
  1.070554480e-01 
  1.049788371e-01 
  1.053345725e-01 
  1.079484746e-01 
  1.091046855e-01 
  1.091501340e-01 
  1.093129963e-01 
  1.090411246e-01 
  1.097589061e-01 
  1.098991632e-01 
  1.097325161e-01 
  1.093791202e-01 
  1.085370556e-01 
  1.079570204e-01 
  1.049385369e-01 
  9.320025146e-02 
  1.022310182e-01 
  1.062226072e-01 
  1.068311557e-01 
  1.063891575e-01 
  1.065035909e-01 
  1.046277285e-01 
  1.046920791e-01 
  1.019755155e-01 
  1.032304615e-01 
  1.037831455e-01 
  1.036231294e-01 
  1.013068035e-01 
  1.014906988e-01 
  1.006509438e-01 
  9.924490005e-02 
  9.804226458e-02 
  9.871295840e-02 
  9.795623273e-02 
  9.739506990e-02 
  9.552829713e-02 
  9.375339001e-02 
  9.318615496e-02 
  9.331582487e-02 
  9.297733754e-02 
  9.219437093e-02 
  9.130164981e-02 
  9.018930793e-02 
  8.945238590e-02 
  8.891866356e-02 
  8.748310059e-02 
  8.276428282e-02 
  8.452041447e-02 
  8.181346953e-02 
  8.407948911e-02 
  8.468689770e-02 
  8.228028566e-02 
  8.174932748e-02 
  7.930899411e-02 
  7.811866701e-02 
  7.875762880e-02 
  7.981422544e-02 
  8.019099385e-02 
  7.938693464e-02 
  7.774121314e-02 
  7.465393096e-02 
  7.218004018e-02 
  6.517960876e-02 
  6.449363381e-02 
  6.360725313e-02 
  6.231840700e-02 
  6.464751065e-02 
  6.576074660e-02 
  6.650626659e-02 
  6.593371928e-02 
  6.617248058e-02 
  6.654916704e-02 
  6.601680070e-02 
  6.588263065e-02 
  6.656079739e-02 
  6.627587229e-02 
  6.440080702e-02 
  6.188851222e-02 
  5.624561757e-02 
  5.204917490e-02 
  4.991510510e-02 
  4.662794620e-02 
  4.513541982e-02 
  4.183998704e-02 
  4.031356797e-02 
  3.853619471e-02 
  3.608192876e-02 
  3.472189233e-02 
  3.320011869e-02 
  3.190728649e-02 
  3.031075373e-02 
  2.968772873e-02 
  2.794574015e-02 
  2.644831315e-02 
  2.634217218e-02 
  2.598175593e-02 
  2.625045367e-02 
  2.682782710e-02 
  2.679305710e-02 
  2.705386467e-02 
  2.629998326e-02 
  2.608582564e-02 
  2.558156103e-02 
  2.655297145e-02 
  2.807502262e-02 
  3.032404929e-02 
  3.163000196e-02 
  3.250885755e-02 
  3.224593773e-02 
  3.145599365e-02 
  3.122240119e-02 
  2.985493094e-02 
  2.868168056e-02 
  2.663671598e-02 
  2.529232949e-02 
  2.412610687e-02 
  2.423216589e-02 
  2.516834438e-02 
  2.573245764e-02 
  2.706410363e-02 
  2.865900099e-02 
  2.992864512e-02 
  3.049173020e-02 
  3.000128642e-02 
  2.992971987e-02 
  2.858807333e-02 
  2.740653791e-02 
  2.621756308e-02 
  2.649497800e-02 
  2.768136933e-02 
  2.857233584e-02 
  2.859747596e-02 
  2.813309990e-02 
  2.713477239e-02 
  2.731240168e-02 
  2.848420292e-02 
  2.879457735e-02 
  2.830509655e-02 
  2.837584727e-02 
  2.799817361e-02 
  2.803344280e-02 
  2.869356237e-02 
  2.951677889e-02 
  3.052870370e-02 
  3.161004931e-02 
  3.031900711e-02 
  3.131185845e-02 
  3.145402297e-02 
  3.204037622e-02 
  3.244448081e-02 
  3.274581209e-02 
  3.273553401e-02 
  3.228851035e-02 
  3.233825788e-02 
  3.371120989e-02 
  3.330775723e-02 
  3.319858387e-02 
  3.309306875e-02 
  3.334572911e-02 
  3.195051849e-02 
  3.276994079e-02 
  3.369687125e-02 
  3.314828128e-02 
  3.217254207e-02 
  3.115268797e-02 
  3.116072714e-02 
  3.107125498e-02 
  3.016998991e-02 
  3.101784736e-02 
  3.116934933e-02 
  3.131289035e-02 
  3.177189454e-02 
  3.216933087e-02 
  3.036911227e-02 
  3.198898956e-02 
  3.100929409e-02 
  3.145403787e-02 
  3.174412623e-02 
  3.164482117e-02 
  3.232268244e-02 
  3.248954192e-02 
  3.272888809e-02 
  3.241683915e-02 
  3.170899302e-02 
  3.163008764e-02 
  3.183011711e-02 
  3.351974860e-02 
  3.476590663e-02 
  3.504012525e-02 
  3.569849581e-02 
  3.605741635e-02 
  3.657778725e-02 
  3.603940830e-02 
  3.484036401e-02 
  3.439543769e-02 
  3.324605152e-02 
  3.292886540e-02 
  3.262897208e-02 
  3.243691847e-02 
  3.098023124e-02 
  3.124001436e-02 
  2.993491106e-02 
  2.947377600e-02 
  2.897138521e-02 
  2.921341546e-02 
  3.035596013e-02 
  3.197918832e-02 
  3.211988509e-02 
  3.268687800e-02 
  3.264913708e-02 
  3.229031712e-02 
  3.138182312e-02 
  3.120820597e-02 
  3.153889999e-02 
  3.146520630e-02 
  3.230135143e-02 
  3.170181066e-02 
  3.189665452e-02 
  3.234255686e-02 
  3.215616941e-02 
  3.310199454e-02 
  2.891710587e-02 
  3.439659253e-02 
  3.552331403e-02 
  3.638084605e-02 
  3.555440158e-02 
  3.661268577e-02 
  3.642490506e-02 
  3.645436093e-02 
  3.593065217e-02 
  3.671041504e-02 
  3.753790259e-02 
  3.734388947e-02 
  3.826159611e-02 
  3.799330443e-02 
  3.739399090e-02 
  3.336891159e-02 
  3.479077667e-02 
  3.496882319e-02 
  3.535760939e-02 
  3.723575175e-02 
  3.674418107e-02 
  3.700404987e-02 
  3.754863143e-02 
  3.776177764e-02 
  3.705056757e-02 
  3.692984581e-02 
  3.632868454e-02 
  3.705026582e-02 
  3.664536774e-02 
  3.643022478e-02 
  3.720102087e-02 
  3.678660467e-02 
  3.721779957e-02 
  3.657354414e-02 
  3.626592085e-02 
  3.709379211e-02 
  3.667211160e-02 
  3.569510207e-02 
  3.661299497e-02 
  3.618029505e-02 
  3.638842329e-02 
  3.617723659e-02 
  3.380773962e-02 
  3.605995700e-02 
  3.576773778e-02 
  3.551331908e-02 
  3.489642218e-02 
  3.495776281e-02 
  3.533327579e-02 
  3.539079055e-02 
  3.436497226e-02 
  3.501700237e-02 
  3.366640210e-02 
  3.429325670e-02 
  3.440731391e-02 
  3.423725814e-02 
  3.460636735e-02 
  3.466718644e-02 
  3.461163864e-02 
  3.420317918e-02 
  3.311531618e-02 
  3.387571871e-02 
  3.360240906e-02 
  3.334109113e-02 
  3.382548690e-02 
  3.357127681e-02 
  3.224949911e-02 
  3.270242736e-02 
  3.199220821e-02 
  3.295335174e-02 
  3.261145577e-02 
  3.252834454e-02 
  3.188393638e-02 
  3.254346177e-02 
  3.244742379e-02 
  3.185806423e-02 
  3.110698797e-02 
  3.144790232e-02 
  3.077275306e-02 
  3.057756089e-02 
  2.970975637e-02 
  2.957881801e-02 
  2.863291278e-02 
  2.932502702e-02 
  2.921138704e-02 
  2.870422043e-02 
  2.876624465e-02 
  2.667286247e-02 
  2.858241089e-02 
  2.575857751e-02 
  2.813742310e-02 
  2.825905755e-02 
  2.882305160e-02 
  2.855932899e-02 
  2.798610367e-02 
  2.833126485e-02 
  2.807283588e-02 
  2.888184413e-02 
  2.844691649e-02 
  2.810552530e-02 
  2.762644365e-02 
  2.522438206e-02 
  2.710717358e-02 
  2.643454820e-02 
  2.775677107e-02 
  2.826883830e-02 
  2.794968896e-02 
  2.797451802e-02 
  2.613888681e-02 
  2.699147165e-02 
  2.722609788e-02 
  2.602554485e-02 
  2.622367628e-02 
  2.505669743e-02 
  2.558526956e-02 
  2.537391894e-02 
  2.570558898e-02 
  2.526205406e-02 
  2.512784488e-02 
  2.514731884e-02 
  2.535442635e-02 
  2.519390173e-02 
  2.358901128e-02 
  2.430340275e-02 
  2.457851544e-02 
  2.516414225e-02 
  2.485509031e-02 
  2.528085560e-02 
  2.369918115e-02 
  2.439991944e-02 
  2.509759739e-02 
  2.502052300e-02 
  2.438708209e-02 
  2.400684543e-02 
  2.455008216e-02 
  2.501137927e-02 
  2.513732575e-02 
  2.448074706e-02 
  2.469180897e-02 
  2.460259199e-02 
  2.472642809e-02 
  2.464873716e-02 
  2.389845997e-02 
  2.421235479e-02 
  2.413121052e-02 
  2.374965139e-02 
  2.310263179e-02 
  2.366370149e-02 
  2.350984141e-02 
  2.235903032e-02 
  2.214145288e-02 
  2.180911973e-02 
  2.185167372e-02 
  2.163885534e-02 
  2.155871876e-02 
  2.205305547e-02 
  2.165656909e-02 
  2.164181508e-02 
  2.184833027e-02 
  2.199787274e-02 
  2.184571326e-02 
  2.129341662e-02 
  2.177996188e-02 
  2.124757878e-02 
  2.162772603e-02 
  2.136331610e-02 
  2.155042626e-02 
  2.110084891e-02 
  2.147991955e-02 
  2.127214707e-02 
  2.136010677e-02 
  2.092461288e-02 
  2.111343294e-02 
  2.114378288e-02 
  2.092590369e-02 
  2.072550729e-02 
  2.056644298e-02 
  2.030837908e-02 
  2.017524838e-02 
  2.034561150e-02 
  1.995279267e-02 
  1.996485330e-02 
  2.036149986e-02 
  2.018383704e-02 
  1.918245852e-02 
  1.968084089e-02 
  1.971954852e-02 
  1.948934421e-02 
  1.912952587e-02 
  1.917969808e-02 
  1.923993602e-02 
  1.893144473e-02 
  1.823786832e-02 
  1.756460965e-02 
  1.802838966e-02 
  1.842817478e-02 
  1.872444339e-02 
  1.873323321e-02 
  1.846416667e-02 
  1.849907823e-02 
  1.846611314e-02 
  1.820057072e-02 
  1.814258657e-02 
  1.833376288e-02 
  1.832374930e-02 
  1.821557246e-02 
  1.814698987e-02 
  1.811036840e-02 
  1.796143316e-02 
  1.780844294e-02 
  1.787390932e-02 
  1.771698520e-02 
  1.745299064e-02 
  1.744179986e-02 
  1.734318770e-02 
  1.695085131e-02 
  1.721615158e-02 
  1.725346223e-02 
  1.699892618e-02 
  1.691753417e-02 
  1.640983298e-02 
  1.667052321e-02 
  1.681253687e-02 
  1.549896784e-02 
  1.654128544e-02 
  1.658552885e-02 
  1.654817164e-02 
  1.652027667e-02 
  1.639527828e-02 
  1.620324701e-02 
  1.607947052e-02 
  1.617842354e-02 
  1.577510498e-02 
  1.550761890e-02 
  1.573562250e-02 
  1.491368562e-02 
  1.510320697e-02 
  1.528330520e-02 
  1.540555246e-02 
  1.529552229e-02 
  1.492605638e-02 
  1.519522630e-02 
  1.518966909e-02 
  1.494070143e-02 
  1.473911013e-02 
  1.376854349e-02 
  1.400387380e-02 
  1.405948959e-02 
  1.334688440e-02 
  1.313877944e-02 
  1.375072449e-02 
  1.393262483e-02 
  1.395062264e-02 
  1.359688491e-02 
  1.399235614e-02 
  1.373179071e-02 
  1.389248669e-02 
  1.345636789e-02 
  1.352485642e-02 
  1.315913256e-02 
  1.361545082e-02 
  1.347649377e-02 
  1.341561135e-02 
  1.316866558e-02 
  1.323571801e-02 
  1.324275602e-02 
  1.321687084e-02 
  1.298519317e-02 
  1.309454627e-02 
  1.307403389e-02 
  1.294237189e-02 
  1.296592224e-02 
  1.284691878e-02 
  1.258779317e-02 
  1.224752981e-02 
  1.235401724e-02 
  1.208042167e-02 
  1.226325613e-02 
  1.217062306e-02 
  1.214043796e-02 
  1.193946786e-02 
  1.199978590e-02 
  1.178127527e-02 
  1.177519094e-02 
  1.174817141e-02 
  1.172553841e-02 
  1.144930068e-02 
  1.113132294e-02 
  1.107968576e-02 
  1.075848099e-02 
  1.057188865e-02 
  1.065414958e-02 
  1.056759711e-02 
  1.053588558e-02 
  1.037366781e-02 
  1.019496005e-02 
  1.018058136e-02 
  1.011066418e-02 
  1.016938686e-02 
  1.022831351e-02 
  1.016991958e-02 
  9.880467318e-03 
  9.782922454e-03 
  9.536121041e-03 
  9.378122166e-03 
  9.078579023e-03 
  8.760567755e-03 
  8.813206106e-03 
  8.511912078e-03 
  8.176613599e-03 
  8.187230676e-03 
  7.798654027e-03 
  7.740511559e-03 
  7.262967527e-03 
  7.016702089e-03 
  6.968893111e-03 
  7.042049430e-03 
  6.998219062e-03 
  6.799837574e-03 
  6.683916785e-03 
  6.594418548e-03 
  6.398740225e-03 
  6.122661289e-03 
  6.099670660e-03 
  5.864060950e-03 
  5.862925667e-03 
  5.683615804e-03 
  5.353964865e-03 
  5.268150009e-03 
  4.990952089e-03 
  4.644668661e-03 
  4.843754228e-03 
  4.903133027e-03 
  4.926885478e-03 
  4.849156830e-03 
  4.762843717e-03 
  4.874801729e-03 
  4.598735366e-03 
  4.611303564e-03 
  4.449467175e-03 
  4.398073070e-03 
  4.059418570e-03 
  4.002842586e-03 
  3.982570022e-03 
  3.877640935e-03 
  3.726715222e-03 
  3.707007272e-03 
  3.481349908e-03 
  3.478628118e-03 
  3.410071600e-03 
  3.290016437e-03 
  3.423182527e-03 
  3.440492786e-03 
  3.505355678e-03 
  3.538280027e-03 
  3.414812265e-03 
  3.596555209e-03 
  3.572982503e-03 
  3.533056006e-03 
  3.269944806e-03 
  3.358373651e-03 
  3.402636852e-03 
  3.421233967e-03 
  3.394167637e-03 
  3.365083132e-03 
  3.280855482e-03 
  3.329307539e-03 
  3.327154787e-03 
  3.206333844e-03 
  3.327309154e-03 
  3.372641746e-03 
  3.437361447e-03 
  3.387320321e-03 
  3.548735054e-03 
  3.511914751e-03 
  3.522105515e-03 
  3.476473270e-03 
  3.480933141e-03 
  3.257452510e-03 
  3.194980090e-03 
  2.953237621e-03 
  3.015652532e-03 
  2.787279664e-03 
  2.662713639e-03 
  2.633780940e-03 
  2.639496932e-03 
  2.628296148e-03 
  2.568130381e-03 
  2.381456783e-03 
  2.991684712e-03 
  3.227581037e-03 
  3.287909320e-03 
  3.307013540e-03 
  3.398418427e-03 
  3.455839353e-03 
  3.477198305e-03 
  3.485119203e-03 
  3.457162762e-03 
  3.335062414e-03 
  3.490386298e-03 
  3.434237558e-03 
  3.368443809e-03 
  3.234085394e-03 
  3.335600253e-03 
  3.225556808e-03 
  3.086159006e-03 
  3.202613210e-03 
  3.117269138e-03 
  2.983834129e-03 
  2.962831175e-03 
  2.900183201e-03 
  2.847247059e-03 
  2.807534067e-03 
  2.824414056e-03 
  2.775758039e-03 
  2.789315535e-03 
  2.757343696e-03 
  2.860659035e-03 
  2.865243470e-03 
  2.940875478e-03 
  2.878955333e-03 
  2.927459311e-03 
  2.924333792e-03 
  2.912712982e-03 
  2.820575610e-03 
  2.957021119e-03 
  3.022004152e-03 
  2.995098475e-03 
  3.103882773e-03 
  3.112938954e-03 
  3.181485692e-03 
  3.160752123e-03 
  3.134569619e-03 
  3.253075294e-03 
  3.308694344e-03 
  3.264802275e-03 
  3.321643919e-03 
  3.298750846e-03 
  3.309377236e-03 
  3.313128371e-03 
  3.272451693e-03 
  3.206316382e-03 
  3.326126141e-03 
  3.326015780e-03 
  3.420905210e-03 
  3.357168054e-03 
  3.484632820e-03 
  3.504043911e-03 
  3.543889150e-03 
  3.538829042e-03 
  3.599321004e-03 
  3.431541380e-03 
  3.544218838e-03 
  3.570847912e-03 
  3.595674876e-03 
  3.482612781e-03 
  3.321096301e-03 
  3.113701707e-03 
  3.313814290e-03 
  3.512996715e-03 
  3.541498212e-03 
  3.575876588e-03 
  3.440805711e-03 
  3.333923640e-03 
  3.320905147e-03 
  3.401616355e-03 
  3.335681045e-03 
  3.324462567e-03 
  3.256315365e-03 
  3.333800239e-03 
  3.342401935e-03 
  3.465706483e-03 
  3.432439407e-03 
  3.598510753e-03 
  3.519629361e-03 
  3.629294923e-03 
  3.625969402e-03 
  3.914799541e-03 
  3.811265109e-03 
  4.071796313e-03 
  4.075731151e-03 
  4.240603652e-03 
  4.269198049e-03 
  4.425586201e-03 
  4.381689709e-03 
  4.320450593e-03 
  4.429851659e-03 
  4.640064668e-03 
  4.633679055e-03 
  4.711278714e-03 
  4.462231416e-03 
  4.786979407e-03 
  4.627312999e-03 
  4.761044867e-03 
  4.793499596e-03 
  4.828174133e-03 
  4.765980877e-03 
  4.778211471e-03 
  4.673204385e-03 
  4.687540699e-03 
  4.805635195e-03 
  4.772349726e-03 
  4.749091342e-03 
  4.695253447e-03 
  4.620392807e-03 
  4.414330237e-03 
  4.441016354e-03 
  4.271878395e-03 
  4.262249917e-03 
  3.774793120e-03 
  3.695889609e-03 
  3.230766859e-03 
  3.225690452e-03 
  2.756369766e-03 
  2.755322959e-03 
  2.478894079e-03 
  2.472057007e-03 
  2.492764033e-03 
  2.423234051e-03 
  2.569044009e-03 
  2.562112175e-03 
  2.625381108e-03 
  2.625006950e-03 
  2.645365195e-03 
  2.637021942e-03 
  2.677037613e-03 
  2.645549597e-03 
  2.745113103e-03 
  2.735259244e-03 
  2.899129177e-03 
  2.900251886e-03 
  3.155861748e-03 
  3.126012394e-03 
  3.269772744e-03 
  3.378351452e-03 
  3.644923214e-03 
  3.641086863e-03 
  3.798840800e-03 
  3.825773951e-03 
  3.942055162e-03 
  3.947998397e-03 
  3.966725431e-03 
  3.912666347e-03 
  3.994019702e-03 
  4.052743781e-03 
  4.102846142e-03 
  4.091600887e-03 
  3.967368975e-03 
  4.052474629e-03 
  4.079578910e-03 
  3.853197908e-03 
  3.978912253e-03 
  4.003416281e-03 
  3.964363132e-03 
  3.919820767e-03 
  3.878968768e-03 
  3.870730987e-03 
  3.753253492e-03 
  3.743402194e-03 
  3.715876257e-03 
  3.539885627e-03 
  3.552344162e-03 
  3.352454165e-03 
  3.327420214e-03 
  3.196776612e-03 
  3.145662602e-03 
  3.141011810e-03 
  3.158739768e-03 
  3.187356051e-03 
  3.168923315e-03 
  3.218145575e-03 
  3.213042859e-03 
  3.215161851e-03 
  3.123989794e-03 
  3.209434217e-03 
  3.191338386e-03 
  2.994945506e-03 
  3.164409427e-03 
  3.162182868e-03 
  3.170594806e-03 
  3.137679072e-03 
  3.194115823e-03 
  3.081050934e-03 
  3.264819738e-03 
  3.221214516e-03 
  3.361009527e-03 
  3.349527484e-03 
  3.423870541e-03 
  3.413411789e-03 
  3.461854067e-03 
  3.454418620e-03 
  3.390432103e-03 
  3.456739243e-03 
  3.416514490e-03 
  3.459137166e-03 
  3.392231418e-03 
  3.412456485e-03 
  3.434323007e-03 
  3.456890350e-03 
  3.448624397e-03 
  3.466163529e-03 
  3.464438953e-03 
  3.468224080e-03 
  3.435733961e-03 
  3.298330586e-03 
  3.413383383e-03 
  3.438957268e-03 
  3.325471887e-03 
  3.419059562e-03 
  3.403639654e-03 
  3.392525949e-03 
  3.398526460e-03 
  3.401087364e-03 
  3.391850274e-03 
  3.408533754e-03 
  3.350178245e-03 
  3.395581618e-03 
  3.386301221e-03 
  3.392590210e-03 
  3.376027104e-03 
  3.366372548e-03 
  3.342791693e-03 
  3.258513985e-03 
  3.328107065e-03 
  3.312934889e-03 
  3.289895365e-03 
  3.293921240e-03 
  3.285195213e-03 
  3.256592667e-03 
  3.172818804e-03 
  3.240103368e-03 
  3.256028052e-03 
  3.172104014e-03 
  3.234645817e-03 
  3.200748935e-03 
  3.196864389e-03 
  3.142073983e-03 
  3.203929402e-03 
  3.214442404e-03 
  3.152569523e-03 
  3.212449141e-03 
  3.199207596e-03 
  3.181401640e-03 
  3.194591263e-03 
  3.182907822e-03 
  3.174757119e-03 
  3.159263171e-03 
  3.157131141e-03 
  3.036198905e-03 
  3.133816412e-03 
  3.127310192e-03 
  3.105841111e-03 
  3.096087137e-03 
  3.093189094e-03 
  3.068974242e-03 
  3.047942650e-03 
  3.025880549e-03 
  2.990170382e-03 
  2.936604433e-03 
  2.960917773e-03 
  2.956716809e-03 
  2.914500190e-03 
  2.905563451e-03 
  2.876574174e-03 
  2.864206675e-03 
  2.832293510e-03 
  2.833743347e-03 
  2.827351680e-03 
  2.824709052e-03 
  2.812296152e-03 
  2.803141484e-03 
  2.785008634e-03 
  2.770882333e-03 
  2.763009164e-03 
  2.720945282e-03 
  2.718169941e-03 
  2.675155411e-03 
  2.581425942e-03 
  2.314537531e-03 
  2.527820645e-03 
  2.603023080e-03 
  2.667284338e-03 
  2.659929218e-03 
  2.678177087e-03 
  2.663189545e-03 
  2.667872468e-03 
  2.652954543e-03 
  2.651310991e-03 
  2.630213974e-03 
  2.601029584e-03 
  2.615188714e-03 
  2.510243794e-03 
  2.606789349e-03 
  2.597901737e-03 
  2.569410484e-03 
  2.501501236e-03 
  2.557855332e-03 
  2.559649060e-03 
  2.558164764e-03 
  2.550111618e-03 
  2.481214702e-03 
  2.463046461e-03 
  2.488371450e-03 
  2.512419363e-03 
  2.500995062e-03 
  2.468039747e-03 
  2.457117196e-03 
  2.445352962e-03 
  2.411972499e-03 
  2.398132114e-03 
  2.377593191e-03 
  2.369877184e-03 
  2.356785582e-03 
  2.354645403e-03 
  2.346590161e-03 
  2.369121183e-03 
  2.365260618e-03 
  2.354224678e-03 
  2.292600460e-03 
  2.259303583e-03 
  2.370855305e-03 
  2.317652805e-03 
  2.388461027e-03 
  2.382029779e-03 
  2.370091155e-03 
  2.365753986e-03 
  2.352011623e-03 
  2.347321948e-03 
  2.323406050e-03 
  2.285626018e-03 
  2.309094649e-03 
  2.312300261e-03 
  2.300330903e-03 
  2.292223042e-03 
  2.278999658e-03 
  2.273164224e-03 
  2.263465663e-03 
  2.247741679e-03 
  2.204951830e-03 
  2.207265468e-03 
  2.201454481e-03 
  2.217247151e-03 
  2.189034363e-03 
  2.188437618e-03 
  2.184403595e-03 
  2.173918998e-03 
  2.165973186e-03 
  2.150250133e-03 
  2.137744101e-03 
  2.134907059e-03 
  2.106568310e-03 
  2.058664337e-03 
  2.080246108e-03 
  2.097019227e-03 
  2.088754904e-03 
  2.050154610e-03 
  2.062043874e-03 
  2.058796119e-03 
  2.050723881e-03 
  2.045220928e-03 
  1.985988114e-03 
  2.023732057e-03 
  2.003011759e-03 
  1.997099956e-03 
  1.996792154e-03 
  1.965404488e-03 
  1.912895590e-03 
  1.950985752e-03 
  1.932821120e-03 
  1.929346239e-03 
  1.925075892e-03 
  1.923829666e-03 
  1.906349091e-03 
  1.893652719e-03 
  1.893926063e-03 
  1.823712722e-03 
  1.887463848e-03 
  1.872982830e-03 
  1.846448053e-03 
  1.859509386e-03 
  1.857269672e-03 
  1.849731081e-03 
  1.840996323e-03 
  1.821811078e-03 
  1.835419796e-03 
  1.830091467e-03 
  1.821427024e-03 
  1.791245770e-03 
  1.810381771e-03 
  1.807526569e-03 
  1.803439111e-03 
  1.794692595e-03 
  1.786129666e-03 
  1.695527812e-03 
  1.747587230e-03 
  1.749705872e-03 
  1.743471599e-03 
  1.734136138e-03 
  1.728940057e-03 
  1.729388256e-03 
  1.720382483e-03 
  1.701352070e-03 
  1.698320382e-03 
  1.672295388e-03 
  1.677620341e-03 
  1.671388512e-03 
  1.579398173e-03 
  1.618409413e-03 
  1.609205035e-03 
  1.578076626e-03 
  1.610284555e-03 
  1.612214255e-03 
  1.605116529e-03 
  1.601107884e-03 
  1.616977970e-03 
  1.609378145e-03 
  1.601302880e-03 
  1.616914640e-03 
  1.615806716e-03 
  1.615712303e-03 
  1.612651860e-03 
  1.599585637e-03 
  1.588884741e-03 
  1.591103617e-03 
  1.580916927e-03 
  1.562644611e-03 
  1.550844405e-03 
  1.495373785e-03 
  1.514641917e-03 
  1.497321296e-03 
  1.521166414e-03 
  1.512450515e-03 
  1.489485963e-03 
  1.495182631e-03 
  1.491439762e-03 
  1.419075299e-03 
  1.455966500e-03 
  1.465326059e-03 
  1.447653282e-03 
  1.472605509e-03 
  1.479920815e-03 
  1.465425012e-03 
  1.460388419e-03 
  1.451301854e-03 
  1.438607811e-03 
  1.435142243e-03 
  1.408193028e-03 
  1.385808922e-03 
  1.393221435e-03 
  1.374690910e-03 
  1.365245902e-03 
  1.327640261e-03 
  1.345830970e-03 
  1.345150056e-03 
  1.330929110e-03 
  1.322382013e-03 
  1.316277892e-03 
  1.304860460e-03 
  1.305743936e-03 
  1.295940019e-03 
  1.292284927e-03 
  1.296257367e-03 
  1.285846811e-03 
  1.290734042e-03 
  1.268515945e-03 
  1.228076406e-03 
  1.257866970e-03 
  1.270048786e-03 
  1.280871569e-03 
  1.268347376e-03 
  1.266572974e-03 
  1.287003630e-03 
  1.285928767e-03 
  1.274336944e-03 
  1.259601442e-03 
  1.255698968e-03 
  1.256971154e-03 
  1.227898640e-03 
  1.228347071e-03 
  1.197243226e-03 
  1.189223374e-03 
  1.175850630e-03 
  1.151966513e-03 
  1.163357869e-03 
  1.161763328e-03 
  1.162529574e-03 
  1.103908871e-03 
  1.138799009e-03 
  1.160839922e-03 
  1.155154663e-03 
  1.149807009e-03 
  1.162101282e-03 
  1.156380400e-03 
  1.150734606e-03 
  1.151583972e-03 
  1.094495179e-03 
  1.092161634e-03 
  1.098762848e-03 
  1.104960334e-03 
  1.092263614e-03 
  1.119683962e-03 
  1.113777165e-03 
  1.126559102e-03 
  1.122720423e-03 
  1.117888605e-03 
  1.110689715e-03 
  1.123236842e-03 
  1.111452701e-03 
  1.110911253e-03 
  1.114243292e-03 
  1.104760799e-03 
  1.104617841e-03 
  1.092469203e-03 
  1.088002580e-03 
  1.091714017e-03 
  1.081922092e-03 
  1.065176912e-03 
  1.070418395e-03 
  1.053105691e-03 
  1.042502001e-03 
  1.042587799e-03 
  1.037504524e-03 
  1.021123491e-03 
  1.020382741e-03 
  1.017415547e-03 
  1.002405421e-03 
  9.659061907e-04 
  9.624867816e-04 
  9.293059702e-04 
  9.696305497e-04 
  9.764519637e-04 
  1.003348618e-03 
  9.909694782e-04 
  9.952632245e-04 
  1.007238287e-03 
  9.984994540e-04 
  9.998123860e-04 
  9.950762615e-04 
  1.005971688e-03 
  9.935422568e-04 
  9.912325768e-04 
  9.962751064e-04 
  9.886744665e-04 
  9.760735556e-04 
  9.805001318e-04 
  9.758021915e-04 
  9.437665576e-04 
  9.318818920e-04 
  9.563700878e-04 
  9.484813199e-04 
  9.241897496e-04 
  9.465271141e-04 
  9.295417694e-04 
  9.172318969e-04 
  9.213673766e-04 
  8.937267703e-04 
  8.878114168e-04 
  8.698917227e-04 
  8.433946641e-04 
  8.439386729e-04 
  8.340617060e-04 
  8.327058167e-04 
  8.371588192e-04 
  8.298596949e-04 
  8.281123010e-04 
  8.396365447e-04 
  8.602726157e-04 
  8.500189288e-04 
  8.471462643e-04 
  8.157509728e-04 
  8.568923804e-04 
  8.613986429e-04 
  8.546995814e-04 
  8.407749701e-04 
  8.415913326e-04 
  8.338684565e-04 
  8.225580095e-04 
  8.147643530e-04 
  8.070829790e-04 
  7.881714264e-04 
  7.868138491e-04 
  7.795476704e-04 
  7.177802618e-04 
  7.471880526e-04 
  7.429948309e-04 
  7.302818703e-04 
  7.160980022e-04 
  7.280890131e-04 
  6.921756431e-04 
  7.011644775e-04 
  6.966213696e-04 
  6.422920269e-04 
  6.505376077e-04 
  6.383109721e-04 
  6.178289186e-04 
  5.996563123e-04 
  6.266546552e-04 
  6.023064489e-04 
  5.976477987e-04 
  5.642334581e-04 
  5.884101847e-04 
  5.869896268e-04 
  5.890378379e-04 
  5.858506775e-04 
  5.872334004e-04 
  5.769391428e-04 
  5.885088467e-04 
  5.810601870e-04 
  5.764088710e-04 
  5.877081421e-04 
  5.826937850e-04 
  5.844224361e-04 
  5.766561953e-04 
