  1.857153624e-01 
  5.194364190e-01 
  5.854693055e-01 
  1.605601668e+00 
  1.856049180e+00 
  3.550082922e+00 
  3.981702089e+00 
  6.078807831e+00 
  7.903255463e+00 
  8.588605881e+00 
  9.893111229e+00 
  1.922824478e+01 
  1.666432381e+01 
  2.149217033e+01 
  2.201867104e+01 
  2.684887886e+01 
  2.096355629e+01 
  3.050319290e+01 
  2.967059135e+01 
  3.401165390e+01 
  3.177049446e+01 
  4.066544724e+01 
  3.466453934e+01 
  3.084484291e+01 
  3.905369568e+01 
  4.227014923e+01 
  5.917580795e+01 
  5.935194016e+01 
  4.791902542e+01 
  5.795323944e+01 
  6.017366791e+01 
  4.794889069e+01 
  5.320028305e+01 
  5.987691498e+01 
  4.947834015e+01 
  5.332855988e+01 
  3.988145065e+01 
  3.769211960e+01 
  4.579711914e+01 
  4.592453766e+01 
  5.107654953e+01 
  4.296517944e+01 
  4.479522324e+01 
  4.463419724e+01 
  3.997461319e+01 
  5.116194534e+01 
  5.638093185e+01 
  5.323991776e+01 
  4.975212097e+01 
  5.415794754e+01 
  5.494245911e+01 
  5.176331711e+01 
  5.261655807e+01 
  4.765211868e+01 
  5.458221817e+01 
  5.488124084e+01 
  5.148123550e+01 
  3.264111710e+01 
  3.518593597e+01 
  3.511719513e+01 
  5.167967987e+01 
  4.066635895e+01 
  4.428251266e+01 
  4.674717712e+01 
  4.630010986e+01 
  4.301369095e+01 
  5.857769775e+01 
  5.200085831e+01 
  4.864932251e+01 
  4.642207336e+01 
  5.296298218e+01 
  4.195942307e+01 
  4.381072235e+01 
  4.330157852e+01 
  3.325426865e+01 
  3.019971466e+01 
  4.282196426e+01 
  4.341914749e+01 
  5.562807083e+01 
  4.241592026e+01 
  3.934828186e+01 
  4.375177002e+01 
  3.237708664e+01 
  2.233917618e+01 
  2.432594490e+01 
  3.620856094e+01 
  2.779338837e+01 
  3.153931427e+01 
  3.087614632e+01 
  3.476295853e+01 
  4.163983536e+01 
  4.601699448e+01 
  4.039604950e+01 
  2.139193535e+01 
  2.338251305e+01 
  3.876983261e+01 
  3.941596603e+01 
  1.584541321e+01 
  4.378974152e+01 
  5.186268997e+01 
  5.032874298e+01 
  4.937615967e+01 
  5.165229797e+01 
  4.775320053e+01 
  5.065575409e+01 
  4.585769653e+01 
  4.492869949e+01 
  4.319902802e+01 
  4.620346832e+01 
  5.049188232e+01 
  4.167853928e+01 
  4.832396698e+01 
  4.943988800e+01 
  4.611584854e+01 
  4.468995285e+01 
  4.706794357e+01 
  4.619852448e+01 
  4.423640442e+01 
  4.273716736e+01 
  4.324417114e+01 
  3.615214539e+01 
  4.473905945e+01 
  4.234503555e+01 
  3.532723236e+01 
  3.838625717e+01 
  3.927500916e+01 
  3.729887009e+01 
  3.544631577e+01 
  3.546244812e+01 
  3.187737274e+01 
  2.513485527e+01 
  2.233051682e+01 
  3.972040558e+01 
  3.494077682e+01 
  3.282037354e+01 
  3.529072189e+01 
  3.867678452e+01 
  3.859729004e+01 
  3.417575455e+01 
  3.269051361e+01 
  3.621945953e+01 
  3.568965912e+01 
  3.716064835e+01 
  3.698505402e+01 
  3.632983780e+01 
  3.778475571e+01 
  3.325669861e+01 
  3.750682068e+01 
  3.770851898e+01 
  3.754585648e+01 
  3.794198608e+01 
  4.055384827e+01 
  3.728626251e+01 
  3.423321152e+01 
  3.609984589e+01 
  3.595632553e+01 
  3.642644119e+01 
  3.623299789e+01 
  3.521083069e+01 
  3.482695389e+01 
  3.415293121e+01 
  3.501224518e+01 
  3.407438278e+01 
  3.372046280e+01 
  3.347713852e+01 
  3.264361572e+01 
  3.332648087e+01 
  3.181562424e+01 
  3.332676315e+01 
  3.268523407e+01 
  3.189429092e+01 
  3.150019073e+01 
  3.154738045e+01 
  3.087153625e+01 
  3.078827858e+01 
  3.168923378e+01 
  3.038407326e+01 
  2.978308296e+01 
  3.092967606e+01 
  2.922229385e+01 
  2.949348450e+01 
  2.901450729e+01 
  2.932083893e+01 
  2.905346489e+01 
  2.765249062e+01 
  2.757388115e+01 
  2.213242912e+01 
  2.462845612e+01 
  2.647623634e+01 
  2.436878586e+01 
  2.746942902e+01 
  2.545031548e+01 
  2.421534157e+01 
  2.582323074e+01 
  2.470169449e+01 
  2.614764214e+01 
  2.521368027e+01 
  2.421701813e+01 
  2.341213226e+01 
  2.312640572e+01 
  2.279933739e+01 
  2.207062531e+01 
  2.171264839e+01 
  2.278381157e+01 
  2.099296188e+01 
  2.242442322e+01 
  2.377990341e+01 
  2.191770744e+01 
  2.082254791e+01 
  2.224410057e+01 
  2.135246658e+01 
  2.115940094e+01 
  2.200100517e+01 
  1.994877625e+01 
  1.934910965e+01 
  1.957082939e+01 
  2.036597824e+01 
  1.486164284e+01 
  1.822761726e+01 
  1.710803986e+01 
  1.866044998e+01 
  1.849760056e+01 
  1.905316353e+01 
  1.758470154e+01 
  1.890243530e+01 
  1.857844353e+01 
  1.754280472e+01 
  1.518352890e+01 
  1.806778526e+01 
  1.841039848e+01 
  1.723719788e+01 
  1.859164619e+01 
  1.757549286e+01 
  1.529938698e+01 
  1.648942375e+01 
  1.667525291e+01 
  1.753817558e+01 
  1.612812424e+01 
  1.673470116e+01 
  1.653358650e+01 
  1.603919983e+01 
  1.457985401e+01 
  1.612297440e+01 
  1.528913975e+01 
  1.598716354e+01 
  1.561345100e+01 
  1.513519382e+01 
  1.564319706e+01 
  1.439064598e+01 
  1.501630211e+01 
  1.456336880e+01 
  1.435277653e+01 
  1.484840488e+01 
  1.414970398e+01 
  1.449255276e+01 
  1.441492367e+01 
  1.390358734e+01 
  1.338123894e+01 
  1.377679920e+01 
  1.291657543e+01 
  1.286820602e+01 
  1.402814007e+01 
  1.277143288e+01 
  1.325370026e+01 
  1.296123505e+01 
  1.300781918e+01 
  1.189560223e+01 
  1.265284634e+01 
  1.250303459e+01 
  1.214134121e+01 
  1.210743427e+01 
  1.159164906e+01 
  1.214367104e+01 
  1.216698933e+01 
  1.200630665e+01 
  1.162035561e+01 
  1.132405090e+01 
  1.171371937e+01 
  1.129751682e+01 
  1.114043045e+01 
  1.145527363e+01 
  1.118640804e+01 
  1.128610325e+01 
  1.129243851e+01 
  1.118306351e+01 
  1.103576565e+01 
  1.049072361e+01 
  1.081692982e+01 
  1.062609577e+01 
  9.350326538e+00 
  9.694931984e+00 
  1.022999001e+01 
  9.963208199e+00 
  1.000097370e+01 
  1.002028561e+01 
  9.757941246e+00 
  9.930420876e+00 
  9.885062218e+00 
  9.614243507e+00 
  9.547552109e+00 
  9.484552383e+00 
  9.363866806e+00 
  9.196625710e+00 
  9.191629410e+00 
  9.422430038e+00 
  9.337740898e+00 
  9.168505669e+00 
  9.056833267e+00 
  8.964259148e+00 
  8.813815117e+00 
  8.615724564e+00 
  8.698472977e+00 
  8.529292107e+00 
  8.349923134e+00 
  7.995996952e+00 
  8.324447632e+00 
  7.863376141e+00 
  7.856147289e+00 
  8.172431946e+00 
  8.043702126e+00 
  8.108170509e+00 
  8.192410469e+00 
  7.707898617e+00 
  7.715247154e+00 
  7.671200275e+00 
  7.412553310e+00 
  7.398250580e+00 
  7.459444046e+00 
  7.236190319e+00 
  7.418109417e+00 
  7.125755310e+00 
  7.354878426e+00 
  6.815953255e+00 
  7.277893066e+00 
  7.025319576e+00 
  7.113846302e+00 
  6.825642586e+00 
  7.012130260e+00 
  7.084265709e+00 
  6.985675335e+00 
  6.729069710e+00 
  6.786506653e+00 
  6.666649342e+00 
  6.739387512e+00 
  6.622346878e+00 
  6.634783268e+00 
  6.340264797e+00 
  6.386021614e+00 
  6.335209846e+00 
  6.422588348e+00 
  5.919862747e+00 
  6.337962151e+00 
  6.173878193e+00 
  6.265234470e+00 
  6.144908428e+00 
  5.944506645e+00 
  5.016943455e+00 
  5.323110580e+00 
  5.895906925e+00 
  5.871722221e+00 
  5.883985996e+00 
  5.879910946e+00 
  5.931180477e+00 
  5.829269409e+00 
  5.703153610e+00 
  5.694348335e+00 
  5.729477406e+00 
  5.582922459e+00 
  5.582142353e+00 
  5.629092216e+00 
  5.528996468e+00 
  5.438363552e+00 
  5.388815403e+00 
  5.395568371e+00 
  5.374352932e+00 
  5.261278629e+00 
  5.329147816e+00 
  5.192424297e+00 
  5.247303963e+00 
  5.142594337e+00 
  5.072113037e+00 
  5.046871662e+00 
  5.006276131e+00 
  5.009524822e+00 
  4.888877869e+00 
  4.916126251e+00 
  4.662304878e+00 
  4.178254128e+00 
  4.277753353e+00 
  4.228420258e+00 
  4.289443016e+00 
  4.376770973e+00 
  4.388335228e+00 
  4.380803108e+00 
  4.378160000e+00 
  4.308145046e+00 
  4.351478100e+00 
  4.411335468e+00 
  4.287734032e+00 
  4.275578022e+00 
  4.211276054e+00 
  4.079463959e+00 
  4.045823574e+00 
  4.131556988e+00 
  4.121935844e+00 
  4.107134819e+00 
  4.044229984e+00 
  3.967810631e+00 
  4.067903519e+00 
  3.917597294e+00 
  3.966596127e+00 
  3.922255754e+00 
  3.861321926e+00 
  3.809831858e+00 
  3.847716093e+00 
  3.672074556e+00 
  3.725834608e+00 
  3.486020803e+00 
  3.378433943e+00 
  3.296425819e+00 
  3.265954971e+00 
  3.402130604e+00 
  3.493967772e+00 
  3.430404186e+00 
  3.336697578e+00 
  3.294608355e+00 
  3.265841246e+00 
  3.308164597e+00 
  3.219473600e+00 
  3.106652737e+00 
  3.197474957e+00 
  3.120212793e+00 
  3.218768358e+00 
  3.210010529e+00 
  3.287944794e+00 
  3.232778311e+00 
  3.136337519e+00 
  3.173758745e+00 
  3.166909456e+00 
  3.055481434e+00 
  3.086005449e+00 
  3.055485249e+00 
  2.993029356e+00 
  3.072983742e+00 
  3.090226412e+00 
  2.997224092e+00 
  3.025370836e+00 
  3.056220770e+00 
  2.986042500e+00 
  2.971546412e+00 
  2.910894394e+00 
  2.887825489e+00 
  2.918315172e+00 
  2.875752687e+00 
  2.905428410e+00 
  2.873331308e+00 
  2.802083492e+00 
  2.807351589e+00 
  2.783659697e+00 
  2.509701967e+00 
  1.305713415e+00 
  1.193503141e+00 
  1.805038810e+00 
  1.634225488e+00 
  1.733418822e+00 
  1.969101191e+00 
  2.118430853e+00 
  2.268544912e+00 
  2.443145990e+00 
  2.490623951e+00 
  2.502072096e+00 
  2.508753061e+00 
  2.490147591e+00 
  2.468785763e+00 
  2.484032869e+00 
  2.379095316e+00 
  2.464665890e+00 
  2.434794426e+00 
  2.408916712e+00 
  2.403949261e+00 
  2.361632824e+00 
  2.345894575e+00 
  2.361614466e+00 
  2.294266939e+00 
  2.294500589e+00 
  2.285673141e+00 
  2.230314255e+00 
  2.244815826e+00 
  2.195823908e+00 
  2.184142113e+00 
  2.149701118e+00 
  2.129935265e+00 
  2.087591648e+00 
  2.079957247e+00 
  2.059205055e+00 
  2.030527353e+00 
  2.037174463e+00 
  2.044262171e+00 
  2.045885801e+00 
  2.031227589e+00 
  1.960643530e+00 
  1.987784386e+00 
  1.973082066e+00 
  1.936018229e+00 
  1.947199106e+00 
  1.891197681e+00 
  1.936932921e+00 
  1.915804029e+00 
  1.891937852e+00 
  1.847521663e+00 
  1.826648235e+00 
  1.839835763e+00 
  1.815456390e+00 
  1.788092494e+00 
  1.763076901e+00 
  1.719164729e+00 
  1.675545454e+00 
  1.678268909e+00 
  1.661257982e+00 
  1.614836693e+00 
  1.597823262e+00 
  1.670972109e+00 
  1.594759226e+00 
  1.555203199e+00 
  1.615627408e+00 
  1.636673808e+00 
  1.633344054e+00 
  1.615927696e+00 
  1.584676147e+00 
  1.583050370e+00 
  1.558141589e+00 
  1.525096536e+00 
  1.549507618e+00 
  1.498333216e+00 
  1.518233895e+00 
  1.523339629e+00 
  1.530498505e+00 
  1.510124087e+00 
  1.512656450e+00 
  1.460889816e+00 
  1.493654013e+00 
  1.487720132e+00 
  1.473519325e+00 
  1.461627007e+00 
  1.432857156e+00 
  1.448711276e+00 
  1.454880238e+00 
  1.399334550e+00 
  1.432269096e+00 
  1.428214669e+00 
  1.228134513e+00 
  1.399235964e+00 
  1.339809060e+00 
  1.350339055e+00 
  1.080360651e+00 
  1.184256434e+00 
  1.338389635e+00 
  1.353923202e+00 
  1.326191425e+00 
  1.320471406e+00 
  1.302770972e+00 
  1.296468854e+00 
  1.286260605e+00 
  1.304667830e+00 
  1.296017647e+00 
  1.265956640e+00 
  1.056903124e+00 
  1.120167375e+00 
  1.209154129e+00 
  1.186621785e+00 
  1.229748845e+00 
  1.222282887e+00 
  1.211745977e+00 
  1.210844040e+00 
  1.178737760e+00 
  1.162441254e+00 
  1.166539311e+00 
  1.184233665e+00 
  1.158226371e+00 
  1.155486822e+00 
  1.143283844e+00 
  1.078698516e+00 
  1.132882357e+00 
  1.102039218e+00 
  1.106316924e+00 
  1.112170219e+00 
  1.070197225e+00 
  1.054831862e+00 
  1.081395864e+00 
  1.083822489e+00 
  1.075050235e+00 
  1.064042330e+00 
  1.053182006e+00 
  1.000829339e+00 
  1.025500894e+00 
  9.576515555e-01 
  9.745814204e-01 
  9.319286346e-01 
  9.221263528e-01 
  8.978278041e-01 
  8.740622401e-01 
  8.468318582e-01 
  8.283819556e-01 
  9.008638263e-01 
  9.306591153e-01 
  9.232381582e-01 
  8.817490935e-01 
  8.709245920e-01 
  8.303014636e-01 
  8.130164146e-01 
  8.210024238e-01 
  8.237000108e-01 
  8.176305890e-01 
  8.149162531e-01 
  8.149639964e-01 
  8.038843870e-01 
  8.120667934e-01 
  7.995946407e-01 
  7.968756557e-01 
  8.209745288e-01 
  8.232337832e-01 
  7.987150550e-01 
  7.878295779e-01 
  7.479686737e-01 
  7.676711082e-01 
  7.737278342e-01 
  7.424353361e-01 
  7.569950819e-01 
  7.440228462e-01 
  7.105491161e-01 
  6.806277037e-01 
  6.496957541e-01 
  6.056537628e-01 
  5.797711015e-01 
  5.476503968e-01 
  5.346389413e-01 
  5.378147960e-01 
  5.450742245e-01 
  5.638058186e-01 
  6.391466260e-01 
  6.440788507e-01 
  6.177229285e-01 
  5.700131655e-01 
  5.611339211e-01 
  5.408972502e-01 
  5.563915372e-01 
  5.622885227e-01 
  5.681050420e-01 
  5.759377480e-01 
  5.744768977e-01 
  5.700222850e-01 
  5.793589950e-01 
  5.608646870e-01 
  5.681959987e-01 
  5.723069310e-01 
  5.234459043e-01 
  5.540257096e-01 
  5.811733603e-01 
  5.871335864e-01 
  5.821045637e-01 
  5.728448033e-01 
  5.619670153e-01 
  5.646291375e-01 
  5.768592358e-01 
  5.701442361e-01 
  5.732830763e-01 
  5.552612543e-01 
  5.804545879e-01 
  5.906005502e-01 
  6.009962559e-01 
  6.006539464e-01 
  5.926132202e-01 
  5.916523337e-01 
  5.778824687e-01 
  5.599219203e-01 
  5.561856031e-01 
  5.657873154e-01 
  5.577991009e-01 
  5.684977174e-01 
  5.520183444e-01 
  5.668807626e-01 
  5.706547499e-01 
  5.649022460e-01 
  5.661135912e-01 
  5.653570294e-01 
  5.658870935e-01 
  5.630513430e-01 
  5.689491630e-01 
  5.600377917e-01 
  5.509133339e-01 
  5.537590981e-01 
  5.575432181e-01 
  5.505697727e-01 
  5.481492281e-01 
  5.501779318e-01 
  5.449220538e-01 
  5.425743461e-01 
  5.403140783e-01 
  5.354046226e-01 
  5.316146612e-01 
  5.254531503e-01 
  5.250792503e-01 
  5.201681256e-01 
  5.124909282e-01 
  5.072956681e-01 
  4.724003375e-01 
  4.953441024e-01 
  5.019623041e-01 
  5.004838109e-01 
  4.934104979e-01 
  4.941589832e-01 
  4.916599095e-01 
  4.906893075e-01 
  4.855816662e-01 
  4.870428741e-01 
  4.761837125e-01 
  4.775840938e-01 
  4.711619914e-01 
  4.750509262e-01 
  4.616245031e-01 
  4.590625465e-01 
  4.622884393e-01 
  4.529476464e-01 
  4.591857493e-01 
  4.546613991e-01 
  4.535632730e-01 
  4.528325498e-01 
  4.480904043e-01 
  4.475542009e-01 
  4.394561350e-01 
  4.425520301e-01 
  4.396184683e-01 
  4.365171194e-01 
  4.268417656e-01 
  4.297320843e-01 
  4.235145152e-01 
  4.272655249e-01 
  4.165966809e-01 
  4.190797806e-01 
  4.191120267e-01 
  4.124942720e-01 
  4.130232036e-01 
  4.126072228e-01 
  4.038876891e-01 
  4.062644541e-01 
  4.028908014e-01 
  3.895930648e-01 
  3.951361477e-01 
  3.973977566e-01 
  3.931564093e-01 
  3.892099559e-01 
  3.876701891e-01 
  3.842821419e-01 
  3.829084337e-01 
  3.774145246e-01 
  3.786171377e-01 
  3.760460913e-01 
  3.737640977e-01 
  3.681628704e-01 
  3.551682532e-01 
  3.665722311e-01 
  3.523236513e-01 
  3.605219722e-01 
  3.528982699e-01 
  3.559173346e-01 
  3.539248109e-01 
  3.417481780e-01 
  3.484104574e-01 
  3.455497324e-01 
  3.183077872e-01 
  3.361117840e-01 
  3.353274465e-01 
  3.349569440e-01 
  3.227544427e-01 
  3.329491615e-01 
  3.218501508e-01 
  3.274980187e-01 
  3.253208697e-01 
  3.247576654e-01 
  3.110111058e-01 
  3.181405663e-01 
  3.053233624e-01 
  3.085041940e-01 
  2.986437380e-01 
  3.083897829e-01 
  3.020165861e-01 
  3.051374257e-01 
  2.866909802e-01 
  3.030678332e-01 
  2.887910604e-01 
  2.936976850e-01 
  2.948362231e-01 
  2.861801684e-01 
  2.799658179e-01 
  2.532352805e-01 
  2.732068896e-01 
  2.711888552e-01 
  2.662616670e-01 
  2.575930655e-01 
  2.531504333e-01 
  2.567946911e-01 
  2.559030652e-01 
  2.441047579e-01 
  2.532131672e-01 
  2.497254163e-01 
  2.466263920e-01 
  2.418485135e-01 
  2.410951257e-01 
  2.397304624e-01 
  2.414244264e-01 
  2.414631695e-01 
  2.365667671e-01 
  2.288341224e-01 
  2.205894291e-01 
  2.202758193e-01 
  2.092625499e-01 
  2.010833621e-01 
  1.917159259e-01 
  1.797754467e-01 
  1.693101972e-01 
  1.632046103e-01 
  1.623373181e-01 
  1.549779177e-01 
  1.584479660e-01 
  1.604036838e-01 
  1.553750634e-01 
  1.514080912e-01 
  1.564701051e-01 
  1.540046632e-01 
  1.601252705e-01 
  1.732435524e-01 
  1.784754694e-01 
  1.727836430e-01 
  1.583116502e-01 
  1.391739100e-01 
  1.417800188e-01 
  1.588588059e-01 
  1.700731963e-01 
  1.727893353e-01 
  1.790140122e-01 
  1.770543456e-01 
  1.678503007e-01 
  1.705225855e-01 
  1.630289555e-01 
  1.570989341e-01 
  1.514126658e-01 
  1.538798213e-01 
  1.588624120e-01 
  1.610795110e-01 
  1.627455503e-01 
  1.615785211e-01 
  1.631245464e-01 
  1.635309905e-01 
  1.645491123e-01 
  1.642936468e-01 
  1.682874858e-01 
  1.693967134e-01 
  1.785908788e-01 
  1.814305931e-01 
  1.811223626e-01 
  1.793662161e-01 
  1.777403057e-01 
  1.857469976e-01 
  1.886052787e-01 
  1.847647429e-01 
  1.879339963e-01 
  1.830068380e-01 
  1.857122481e-01 
  1.865535975e-01 
  1.798578650e-01 
  1.844301820e-01 
  1.856425703e-01 
  1.838345528e-01 
  1.813800931e-01 
  1.808778793e-01 
  1.796451807e-01 
  1.760934293e-01 
  1.802301258e-01 
  1.752493382e-01 
  1.738817841e-01 
  1.752294749e-01 
  1.725792587e-01 
  1.710822135e-01 
  1.606903523e-01 
  1.680306494e-01 
  1.712952256e-01 
  1.692117304e-01 
  1.670925915e-01 
  1.653136909e-01 
  1.560492814e-01 
  1.657077372e-01 
  1.685224324e-01 
  1.681966037e-01 
  1.674429029e-01 
  1.663889289e-01 
  1.628654897e-01 
  1.623617709e-01 
  1.612548828e-01 
  1.551926434e-01 
  1.483359933e-01 
  1.575346738e-01 
  1.581979692e-01 
  1.578585356e-01 
  1.492067426e-01 
  1.512819827e-01 
  1.559902430e-01 
  1.553820819e-01 
  1.562745869e-01 
  1.532912552e-01 
  1.428791583e-01 
  1.517881751e-01 
  1.461699158e-01 
  1.504493505e-01 
  1.512527019e-01 
  1.499929577e-01 
  1.502536386e-01 
  1.502193213e-01 
  1.501623094e-01 
  1.493666619e-01 
  1.475506127e-01 
  1.481065899e-01 
  1.474772245e-01 
  1.462685615e-01 
  1.451660097e-01 
  1.463532597e-01 
  1.451870650e-01 
  1.453746259e-01 
  1.402337998e-01 
  1.444332302e-01 
  1.440116316e-01 
  1.432790160e-01 
  1.429271400e-01 
  1.408812702e-01 
  1.415505111e-01 
  1.408945173e-01 
  1.395563930e-01 
  1.399865597e-01 
  1.396097988e-01 
  1.390780509e-01 
  1.370361447e-01 
  1.359407455e-01 
  1.366386563e-01 
  1.353296489e-01 
  1.333366632e-01 
  1.315751523e-01 
  1.333151013e-01 
  1.317606121e-01 
  1.305260658e-01 
  1.310234517e-01 
  1.300297976e-01 
  1.289783716e-01 
  1.275204420e-01 
  1.265499443e-01 
  1.249192730e-01 
  1.245085895e-01 
  1.236310452e-01 
  1.227131188e-01 
  1.205555648e-01 
  1.199657843e-01 
  1.176560372e-01 
  1.167736724e-01 
  1.154579595e-01 
  1.112438142e-01 
  1.116784364e-01 
  1.092164814e-01 
  1.089301780e-01 
  1.087530926e-01 
  1.057791486e-01 
  1.037232727e-01 
  1.040729955e-01 
  1.066659465e-01 
  1.078137755e-01 
  1.078633815e-01 
  1.080283672e-01 
  1.077641845e-01 
  1.084768325e-01 
  1.086185649e-01 
  1.084568426e-01 
  1.081107557e-01 
  1.072809175e-01 
  1.067105830e-01 
  1.037297025e-01 
  9.212875366e-02 
  1.010579616e-01 
  1.050055921e-01 
  1.056087837e-01 
  1.051727831e-01 
  1.052863449e-01 
  1.034301668e-01 
  1.034938768e-01 
  1.008091420e-01 
  1.020509601e-01 
  1.025992557e-01 
  1.024420187e-01 
  1.001514643e-01 
  1.003320068e-01 
  9.950031340e-02 
  9.810920805e-02 
  9.692089260e-02 
  9.758426994e-02 
  9.683634341e-02 
  9.628124535e-02 
  9.443493187e-02 
  9.267693758e-02 
  9.211497754e-02 
  9.224268794e-02 
  9.190768003e-02 
  9.113296866e-02 
  9.024816751e-02 
  8.914524317e-02 
  8.841641247e-02 
  8.788871765e-02 
  8.646509051e-02 
  8.179534972e-02 
  8.352552354e-02 
  8.085279912e-02 
  8.309597522e-02 
  8.369623125e-02 
  8.131190389e-02 
  8.077827096e-02 
  7.835716754e-02 
  7.717777044e-02 
  7.781545818e-02 
  7.886643708e-02 
  7.924257219e-02 
  7.844586670e-02 
  7.681319863e-02 
  7.374975830e-02 
  7.129447907e-02 
  6.436482817e-02 
  6.368217617e-02 
  6.280368567e-02 
  6.153204292e-02 
  6.383471191e-02 
  6.493768841e-02 
  6.567661464e-02 
  6.511201710e-02 
  6.534779072e-02 
  6.572196633e-02 
  6.519652158e-02 
  6.506617367e-02 
  6.573359668e-02 
  6.545251608e-02 
  6.359194964e-02 
  6.110367179e-02 
  5.551911145e-02 
  5.136899650e-02 
  4.925983027e-02 
  4.601280391e-02 
  4.453958198e-02 
  4.128702730e-02 
  3.978114575e-02 
  3.802745044e-02 
  3.560621664e-02 
  3.426443785e-02 
  3.276295587e-02 
  3.148728609e-02 
  2.991196327e-02 
  2.929760143e-02 
  2.757889964e-02 
  2.610119060e-02 
  2.599644475e-02 
  2.564077824e-02 
  2.590585686e-02 
  2.647563443e-02 
  2.644129097e-02 
  2.669861726e-02 
  2.595471218e-02 
  2.574343793e-02 
  2.524578944e-02 
  2.620439045e-02 
  2.770583145e-02 
  2.992468514e-02 
  3.121293150e-02 
  3.207982704e-02 
  3.182021901e-02 
  3.104081564e-02 
  3.081057593e-02 
  2.946156636e-02 
  2.830412798e-02 
  2.628672309e-02 
  2.496037073e-02 
  2.380947955e-02 
  2.391413972e-02 
  2.483794652e-02 
  2.539438754e-02 
  2.670803107e-02 
  2.828138508e-02 
  2.953382209e-02 
  3.008926846e-02 
  2.960522473e-02 
  2.953479253e-02 
  2.821134776e-02 
  2.704567090e-02 
  2.587257884e-02 
  2.614622936e-02 
  2.731673233e-02 
  2.819561400e-02 
  2.822036482e-02 
  2.776229009e-02 
  2.677718736e-02 
  2.695246972e-02 
  2.810844034e-02 
  2.841454186e-02 
  2.793163247e-02 
  2.800149657e-02 
  2.762896940e-02 
  2.766387537e-02 
  2.831490338e-02 
  2.912713401e-02 
  3.012534417e-02 
  3.119223379e-02 
  2.991824411e-02 
  3.089808673e-02 
  3.103841282e-02 
  3.161719814e-02 
  3.201599419e-02 
  3.231364116e-02 
  3.230351210e-02 
  3.186263517e-02 
  3.191180155e-02 
  3.326740488e-02 
  3.286962211e-02 
  3.276225552e-02 
  3.265808150e-02 
  3.290729225e-02 
  3.153045475e-02 
  3.233942389e-02 
  3.325391188e-02 
  3.271176293e-02 
  3.174639493e-02 
  3.073619679e-02 
  3.074223734e-02 
  3.065416776e-02 
  2.976570092e-02 
  3.060314991e-02 
  3.075286746e-02 
  3.089446016e-02 
  3.134819865e-02 
  3.174117953e-02 
  2.996620722e-02 
  3.156579286e-02 
  3.059954010e-02 
  3.103845567e-02 
  3.132564574e-02 
  3.122825362e-02 
  3.189841285e-02 
  3.206436709e-02 
  3.230126575e-02 
  3.199324757e-02 
  3.129431978e-02 
  3.121707961e-02 
  3.141629696e-02 
  3.308710456e-02 
  3.432088345e-02 
  3.459400684e-02 
  3.524657711e-02 
  3.560134768e-02 
  3.611578047e-02 
  3.558250889e-02 
  3.439725563e-02 
  3.395718709e-02 
  3.282037005e-02 
  3.250724450e-02 
  3.221057728e-02 
  3.201956674e-02 
  3.058003075e-02 
  3.083534352e-02 
  2.954600565e-02 
  2.908925898e-02 
  2.859281003e-02 
  2.883309312e-02 
  2.996329963e-02 
  3.156959265e-02 
  3.171176836e-02 
  3.227173910e-02 
  3.223447874e-02 
  3.187934309e-02 
  3.098156676e-02 
  3.080888838e-02 
  3.113640100e-02 
  3.106518835e-02 
  3.189265728e-02 
  3.130124137e-02 
  3.149392456e-02 
  3.193398938e-02 
  3.175174817e-02 
  3.268904611e-02 
  2.855676040e-02 
  3.397301212e-02 
  3.509103134e-02 
  3.594163433e-02 
  3.512580693e-02 
  3.617365286e-02 
  3.598839417e-02 
  3.602004796e-02 
  3.550675139e-02 
  3.627762571e-02 
  3.709890321e-02 
  3.691013157e-02 
  3.781925887e-02 
  3.755359724e-02 
  3.696041554e-02 
  3.298140690e-02 
  3.438749537e-02 
  3.456531465e-02 
  3.494973481e-02 
  3.680779040e-02 
  3.632264584e-02 
  3.658040985e-02 
  3.711902350e-02 
  3.733037040e-02 
  3.662762791e-02 
  3.650853038e-02 
  3.591421992e-02 
  3.662800416e-02 
  3.622788191e-02 
  3.601552919e-02 
  3.677830100e-02 
  3.636936843e-02 
  3.679667786e-02 
  3.616018593e-02 
  3.585607186e-02 
  3.667469323e-02 
  3.625753894e-02 
  3.529134020e-02 
  3.619879857e-02 
  3.577112779e-02 
  3.597703204e-02 
  3.576824814e-02 
  3.342553601e-02 
  3.565216437e-02 
  3.536313400e-02 
  3.511150181e-02 
  3.450169414e-02 
  3.456259891e-02 
  3.493386880e-02 
  3.499105200e-02 
  3.397706151e-02 
  3.462186083e-02 
  3.328657523e-02 
  3.390648961e-02 
  3.401925787e-02 
  3.385139257e-02 
  3.421670571e-02 
  3.427726775e-02 
  3.422220051e-02 
  3.381858021e-02 
  3.274313360e-02 
  3.349498287e-02 
  3.322485089e-02 
  3.296651319e-02 
  3.344549984e-02 
  3.319408000e-02 
  3.188715130e-02 
  3.233509883e-02 
  3.163291886e-02 
  3.258330747e-02 
  3.224519268e-02 
  3.216293454e-02 
  3.152576089e-02 
  3.217778355e-02 
  3.208277002e-02 
  3.149982169e-02 
  3.075673431e-02 
  3.109355643e-02 
  3.042600863e-02 
  3.023179248e-02 
  2.937208302e-02 
  2.924067900e-02 
  2.830414660e-02 
  2.898831107e-02 
  2.887549624e-02 
  2.837452851e-02 
  2.843656763e-02 
  2.636760101e-02 
  2.825528942e-02 
  2.546394430e-02 
  2.781582437e-02 
  2.793654799e-02 
  2.849496529e-02 
  2.823423967e-02 
  2.766852826e-02 
  2.801069804e-02 
  2.775597014e-02 
  2.855643816e-02 
  2.812640741e-02 
  2.778927982e-02 
  2.731541358e-02 
  2.494058199e-02 
  2.680220455e-02 
  2.613714151e-02 
  2.744446136e-02 
  2.795062587e-02 
  2.763517015e-02 
  2.765917405e-02 
  2.584422939e-02 
  2.668630518e-02 
  2.691696398e-02 
  2.572856471e-02 
  2.592327073e-02 
  2.476965822e-02 
  2.529179677e-02 
  2.508314326e-02 
  2.541155368e-02 
  2.497308888e-02 
  2.484062314e-02 
  2.485974692e-02 
  2.506441064e-02 
  2.490571886e-02 
  2.331937291e-02 
  2.402621321e-02 
  2.429900877e-02 
  2.487874031e-02 
  2.457318828e-02 
  2.499471977e-02 
  2.343138121e-02 
  2.412461489e-02 
  2.481441945e-02 
  2.473859116e-02 
  2.411260828e-02 
  2.373656072e-02 
  2.427367866e-02 
  2.472993731e-02 
  2.485455945e-02 
  2.420547791e-02 
  2.441404946e-02 
  2.432587743e-02 
  2.444825321e-02 
  2.437138557e-02 
  2.362949587e-02 
  2.393985353e-02 
  2.385952696e-02 
  2.348219790e-02 
  2.284230664e-02 
  2.339704894e-02 
  2.324506268e-02 
  2.210692316e-02 
  2.189179882e-02 
  2.156290412e-02 
  2.160476707e-02 
  2.139423974e-02 
  2.131501026e-02 
  2.180375904e-02 
  2.141179517e-02 
  2.139721438e-02 
  2.160139382e-02 
  2.174923941e-02 
  2.159875445e-02 
  2.105271257e-02 
  2.153375745e-02 
  2.100747451e-02 
  2.138343826e-02 
  2.112219855e-02 
  2.130719461e-02 
  2.086287178e-02 
  2.123780549e-02 
  2.103237249e-02 
  2.111945860e-02 
  2.068892680e-02 
  2.087556943e-02 
  2.090557478e-02 
  2.069001831e-02 
  2.049175091e-02 
  2.033434063e-02 
  2.007918805e-02 
  1.994759217e-02 
  2.011628449e-02 
  1.972789131e-02 
  1.973970607e-02 
  2.013203315e-02 
  1.995639317e-02 
  1.896629669e-02 
  1.945905201e-02 
  1.949756220e-02 
  1.926994510e-02 
  1.891415566e-02 
  1.896376908e-02 
  1.902307011e-02 
  1.871805266e-02 
  1.803231426e-02 
  1.736666635e-02 
  1.782521792e-02 
  1.822046377e-02 
  1.851338893e-02 
  1.852203719e-02 
  1.825600117e-02 
  1.829073019e-02 
  1.825808175e-02 
  1.799552888e-02 
  1.793810725e-02 
  1.812713034e-02 
  1.811722480e-02 
  1.801027544e-02 
  1.794247329e-02 
  1.790622808e-02 
  1.775897294e-02 
  1.760769077e-02 
  1.767243259e-02 
  1.751727611e-02 
  1.725628041e-02 
  1.724526472e-02 
  1.714776270e-02 
  1.675979048e-02 
  1.702198572e-02 
  1.705887541e-02 
  1.680710353e-02 
  1.672656089e-02 
  1.622460969e-02 
  1.648235694e-02 
  1.662276685e-02 
  1.532401517e-02 
  1.635456458e-02 
  1.639824174e-02 
  1.636132970e-02 
  1.633374020e-02 
  1.621017791e-02 
  1.602034084e-02 
  1.589795575e-02 
  1.599567011e-02 
  1.559664495e-02 
  1.533217449e-02 
  1.555739623e-02 
  1.474456582e-02 
  1.493192650e-02 
  1.511007920e-02 
  1.523107383e-02 
  1.512227766e-02 
  1.475697011e-02 
  1.502316352e-02 
  1.501765475e-02 
  1.477128733e-02 
  1.457182039e-02 
  1.361225732e-02 
  1.384482905e-02 
  1.389954053e-02 
  1.319502573e-02 
  1.298921928e-02 
  1.359412819e-02 
  1.377393492e-02 
  1.379158348e-02 
  1.344183274e-02 
  1.383278240e-02 
  1.357506029e-02 
  1.373382006e-02 
  1.330266520e-02 
  1.337020099e-02 
  1.300875843e-02 
  1.345983706e-02 
  1.332256850e-02 
  1.326231938e-02 
  1.301819552e-02 
  1.308438927e-02 
  1.309120934e-02 
  1.306561846e-02 
  1.283635478e-02 
  1.294447202e-02 
  1.292419340e-02 
  1.279411931e-02 
  1.281739864e-02 
  1.269959286e-02 
  1.244305074e-02 
  1.210669894e-02 
  1.221161988e-02 
  1.194049232e-02 
  1.212120894e-02 
  1.202947740e-02 
  1.199970767e-02 
  1.180106588e-02 
  1.186058763e-02 
  1.164441928e-02 
  1.163840573e-02 
  1.161131542e-02 
  1.158885285e-02 
  1.131474786e-02 
  1.099958364e-02 
  1.094846148e-02 
  1.063031144e-02 
  1.044533961e-02 
  1.052661613e-02 
  1.044052374e-02 
  1.040889975e-02 
  1.024863683e-02 
  1.007139869e-02 
  1.005719323e-02 
  9.988170117e-03 
  1.004601736e-02 
  1.010422874e-02 
  1.004648954e-02 
  9.759262204e-03 
  9.662914090e-03 
  9.418169968e-03 
  9.261835366e-03 
  8.964934386e-03 
  8.650349453e-03 
  8.702325635e-03 
  8.403809741e-03 
  8.072252385e-03 
  8.082734421e-03 
  7.697972003e-03 
  7.640581578e-03 
  7.168599404e-03 
  6.925093010e-03 
  6.877909414e-03 
  6.950060371e-03 
  6.906673312e-03 
  6.710658781e-03 
  6.596213672e-03 
  6.507783663e-03 
  6.314488593e-03 
  6.041996647e-03 
  6.019308697e-03 
  5.786712747e-03 
  5.785591435e-03 
  5.608662497e-03 
  5.283365492e-03 
  5.198682658e-03 
  4.925171845e-03 
  4.583438393e-03 
  4.779922776e-03 
  4.838542547e-03 
  4.861981608e-03 
  4.785247147e-03 
  4.700071178e-03 
  4.810575861e-03 
  4.538194276e-03 
  4.550597165e-03 
  4.390971269e-03 
  4.340243991e-03 
  4.006098956e-03 
  3.950310871e-03 
  3.930304199e-03 
  3.826778615e-03 
  3.677832894e-03 
  3.658450209e-03 
  3.435773542e-03 
  3.433087375e-03 
  3.365433076e-03 
  3.246946260e-03 
  3.378364258e-03 
  3.395436332e-03 
  3.459449625e-03 
  3.491900163e-03 
  3.370050574e-03 
  3.549382789e-03 
  3.526117187e-03 
  3.486738773e-03 
  3.227100475e-03 
  3.314370522e-03 
  3.358061193e-03 
  3.376414301e-03 
  3.349704668e-03 
  3.321005963e-03 
  3.237881465e-03 
  3.285698593e-03 
  3.283575410e-03 
  3.164334688e-03 
  3.283725120e-03 
  3.328437218e-03 
  3.392240265e-03 
  3.342855955e-03 
  3.502104664e-03 
  3.465766320e-03 
  3.475816688e-03 
  3.430794459e-03 
  3.435195656e-03 
  3.214717377e-03 
  3.153064521e-03 
  2.914565150e-03 
  2.976163756e-03 
  2.750802552e-03 
  2.627877751e-03 
  2.599323634e-03 
  2.604932291e-03 
  2.593878657e-03 
  2.534464234e-03 
  2.350238618e-03 
  2.952371491e-03 
  3.185078036e-03 
  3.244612133e-03 
  3.263429971e-03 
  3.353630658e-03 
  3.410265548e-03 
  3.431346035e-03 
  3.439177293e-03 
  3.411589423e-03 
  3.291119356e-03 
  3.444430185e-03 
  3.389020450e-03 
  3.324136836e-03 
  3.191545606e-03 
  3.291741479e-03 
  3.183145076e-03 
  3.045597114e-03 
  3.160529071e-03 
  3.076306311e-03 
  2.944649896e-03 
  2.923922846e-03 
  2.862151014e-03 
  2.809909172e-03 
  2.770764288e-03 
  2.787423553e-03 
  2.739416668e-03 
  2.752775792e-03 
  2.721222350e-03 
  2.823141171e-03 
  2.827665536e-03 
  2.902268898e-03 
  2.841161331e-03 
  2.889025491e-03 
  2.885940718e-03 
  2.874467755e-03 
  2.783541800e-03 
  2.918187063e-03 
  2.982302569e-03 
  2.955750562e-03 
  3.063066863e-03 
  3.072003834e-03 
  3.139604116e-03 
  3.119143425e-03 
  3.093285486e-03 
  3.210230498e-03 
  3.265093081e-03 
  3.221783787e-03 
  3.277881537e-03 
  3.255286952e-03 
  3.265772713e-03 
  3.269481473e-03 
  3.229341237e-03 
  3.164058551e-03 
  3.282289952e-03 
  3.282161197e-03 
  3.375799628e-03 
  3.312859684e-03 
  3.438662970e-03 
  3.457779763e-03 
  3.497099038e-03 
  3.492030082e-03 
  3.551654983e-03 
  3.386097495e-03 
  3.497125581e-03 
  3.523400985e-03 
  3.547721542e-03 
  3.436167492e-03 
  3.276552074e-03 
  3.071938874e-03 
  3.269116627e-03 
  3.465613117e-03 
  3.493253607e-03 
  3.527214983e-03 
  3.393421881e-03 
  3.288011765e-03 
  3.274484305e-03 
  3.354114713e-03 
  3.288691863e-03 
  3.277631244e-03 
  3.210365074e-03 
  3.287080443e-03 
  3.295561532e-03 
  3.417647677e-03 
  3.384842072e-03 
  3.549122717e-03 
  3.471323987e-03 
  3.580046119e-03 
  3.576765768e-03 
  3.862428013e-03 
  3.760279389e-03 
  4.018108360e-03 
  4.021991044e-03 
  4.185821395e-03 
  4.214046523e-03 
  4.369397648e-03 
  4.326113965e-03 
  4.266494885e-03 
  4.374529235e-03 
  4.582893569e-03 
  4.576636478e-03 
  4.654002842e-03 
  4.407983273e-03 
  4.729330540e-03 
  4.571619909e-03 
  4.704301246e-03 
  4.736369941e-03 
  4.770894069e-03 
  4.709466826e-03 
  4.721708596e-03 
  4.617942963e-03 
  4.632210825e-03 
  4.748931620e-03 
  4.715920892e-03 
  4.692937713e-03 
  4.639443476e-03 
  4.565488547e-03 
  4.361161031e-03 
  4.387525376e-03 
  4.218816757e-03 
  4.209317267e-03 
  3.725585528e-03 
  3.647710662e-03 
  3.186081536e-03 
  3.181081032e-03 
  2.716138726e-03 
  2.715107054e-03 
  2.441667253e-03 
  2.434934024e-03 
  2.455205889e-03 
  2.386723645e-03 
  2.530784579e-03 
  2.523957053e-03 
  2.586683957e-03 
  2.586315619e-03 
  2.606570255e-03 
  2.598350868e-03 
  2.638048260e-03 
  2.607019152e-03 
  2.705621300e-03 
  2.695910633e-03 
  2.858408261e-03 
  2.859515138e-03 
  3.112884937e-03 
  3.083444200e-03 
  3.226648085e-03 
  3.333794419e-03 
  3.598293755e-03 
  3.594508860e-03 
  3.751572687e-03 
  3.778170096e-03 
  3.894032910e-03 
  3.899906529e-03 
  3.919170704e-03 
  3.865760053e-03 
  3.946630750e-03 
  4.004658200e-03 
  4.054468125e-03 
  4.043355584e-03 
  3.920749761e-03 
  4.004854709e-03 
  4.031660035e-03 
  3.807938192e-03 
  3.932110965e-03 
  3.956325818e-03 
  3.917552531e-03 
  3.873535898e-03 
  3.832779359e-03 
  3.824638901e-03 
  3.707859432e-03 
  3.698127111e-03 
  3.670934122e-03 
  3.495960496e-03 
  3.508264665e-03 
  3.309724852e-03 
  3.285009647e-03 
  3.155388171e-03 
  3.104936332e-03 
  3.100231988e-03 
  3.117729211e-03 
  3.146251896e-03 
  3.128056880e-03 
  3.177058883e-03 
  3.172021126e-03 
  3.174264217e-03 
  3.084251657e-03 
  3.168568714e-03 
  3.150703153e-03 
  2.956801327e-03 
  3.124107141e-03 
  3.121908754e-03 
  3.130341880e-03 
  3.097843844e-03 
  3.153851721e-03 
  3.042212455e-03 
  3.224407556e-03 
  3.181341570e-03 
  3.320197342e-03 
  3.308854299e-03 
  3.382925875e-03 
  3.372592619e-03 
  3.420902416e-03 
  3.413555212e-03 
  3.350325394e-03 
  3.416096326e-03 
  3.376344219e-03 
  3.418595996e-03 
  3.352474421e-03 
  3.372584004e-03 
  3.394194646e-03 
  3.416627645e-03 
  3.408458084e-03 
  3.425939009e-03 
  3.424234455e-03 
  3.428122960e-03 
  3.396008862e-03 
  3.260193858e-03 
  3.374019405e-03 
  3.399297828e-03 
  3.287198953e-03 
  3.379709786e-03 
  3.364515491e-03 
  3.353529610e-03 
  3.359520808e-03 
  3.362051910e-03 
  3.352980828e-03 
  3.369473154e-03 
  3.311785869e-03 
  3.356692148e-03 
  3.347517690e-03 
  3.353764070e-03 
  3.337390255e-03 
  3.327862127e-03 
  3.304550657e-03 
  3.221248742e-03 
  3.290045774e-03 
  3.275075927e-03 
  3.252299735e-03 
  3.256279975e-03 
  3.247674089e-03 
  3.219397739e-03 
  3.136606188e-03 
  3.203122178e-03 
  3.218911588e-03 
  3.135944251e-03 
  3.197831335e-03 
  3.164320486e-03 
  3.160479711e-03 
  3.106376156e-03 
  3.167528193e-03 
  3.177989740e-03 
  3.116818378e-03 
  3.176078666e-03 
  3.162987297e-03 
  3.145420458e-03 
  3.158460604e-03 
  3.146909177e-03 
  3.138877684e-03 
  3.123559058e-03 
  3.121465445e-03 
  3.001899458e-03 
  3.098416841e-03 
  3.091983963e-03 
  3.070757259e-03 
  3.061106429e-03 
  3.058240982e-03 
  3.034266876e-03 
  3.013472771e-03 
  2.991597634e-03 
  2.956291893e-03 
  2.903249348e-03 
  2.927286085e-03 
  2.923133085e-03 
  2.881312743e-03 
  2.872477751e-03 
  2.843759488e-03 
  2.831533318e-03 
  2.799977781e-03 
  2.801410854e-03 
  2.795091365e-03 
  2.792491578e-03 
  2.780220471e-03 
  2.771172207e-03 
  2.753245877e-03 
  2.739284653e-03 
  2.731501125e-03 
  2.689916873e-03 
  2.687185304e-03 
  2.644660883e-03 
  2.552010119e-03 
  2.288162475e-03 
  2.499037888e-03 
  2.573383739e-03 
  2.636912977e-03 
  2.629662165e-03 
  2.647701884e-03 
  2.632889664e-03 
  2.637519035e-03 
  2.622768981e-03 
  2.621144056e-03 
  2.600286854e-03 
  2.571427030e-03 
  2.585425042e-03 
  2.481659641e-03 
  2.577105537e-03 
  2.568318974e-03 
  2.540132962e-03 
  2.472996945e-03 
  2.528725890e-03 
  2.530498896e-03 
  2.529055811e-03 
  2.521093935e-03 
  2.452980727e-03 
  2.435030416e-03 
  2.460067393e-03 
  2.483802848e-03 
  2.472508932e-03 
  2.439830452e-03 
  2.429032931e-03 
  2.417402808e-03 
  2.384287305e-03 
  2.370605711e-03 
  2.350219991e-03 
  2.342592692e-03 
  2.329651732e-03 
  2.327566268e-03 
  2.319603460e-03 
  2.341977553e-03 
  2.338161459e-03 
  2.327251714e-03 
  2.266454278e-03 
  2.233537147e-03 
  2.343919128e-03 
  2.291320823e-03 
  2.361369552e-03 
  2.355011180e-03 
  2.343208296e-03 
  2.338921884e-03 
  2.325335518e-03 
  2.320685890e-03 
  2.297041239e-03 
  2.259690082e-03 
  2.282875590e-03 
  2.286044648e-03 
  2.274195896e-03 
  2.266180003e-03 
  2.253107261e-03 
  2.247325145e-03 
  2.237736713e-03 
  2.222169889e-03 
  2.179866657e-03 
  2.182153985e-03 
  2.176384209e-03 
  2.191996900e-03 
  2.164071659e-03 
  2.163481666e-03 
  2.159493743e-03 
  2.149102278e-03 
  2.141247038e-03 
  2.125677653e-03 
  2.113314345e-03 
  2.110509668e-03 
  2.082472667e-03 
  2.035116544e-03 
  2.056437545e-03 
  2.073018812e-03 
  2.064849017e-03 
  2.026671777e-03 
  2.038424835e-03 
  2.035189653e-03 
  2.027209848e-03 
  2.021769760e-03 
  1.963183749e-03 
  2.000494394e-03 
  1.979959896e-03 
  1.974116080e-03 
  1.973811304e-03 
  1.942718052e-03 
  1.890815096e-03 
  1.928421552e-03 
  1.910466817e-03 
  1.907031867e-03 
  1.902781776e-03 
  1.901550102e-03 
  1.884258934e-03 
  1.871709712e-03 
  1.871979446e-03 
  1.802592305e-03 
  1.865604892e-03 
  1.851291629e-03 
  1.825055690e-03 
  1.837965683e-03 
  1.835748204e-03 
  1.828296925e-03 
  1.819663332e-03 
  1.800712664e-03 
  1.814163639e-03 
  1.808891306e-03 
  1.800327096e-03 
  1.770495321e-03 
  1.789431321e-03 
  1.786609064e-03 
  1.782582374e-03 
  1.773936790e-03 
  1.765472814e-03 
  1.675906125e-03 
  1.727363211e-03 
  1.729456824e-03 
  1.723290537e-03 
  1.714062993e-03 
  1.708894619e-03 
  1.709337463e-03 
  1.700435532e-03 
  1.681569149e-03 
  1.678572386e-03 
  1.652803621e-03 
  1.658066525e-03 
  1.651907340e-03 
  1.560931210e-03 
  1.599486335e-03 
  1.590389526e-03 
  1.559618278e-03 
  1.591449371e-03 
  1.593369641e-03 
  1.586354920e-03 
  1.582392957e-03 
  1.598139876e-03 
  1.590628293e-03 
  1.582646510e-03 
  1.598166069e-03 
  1.597070834e-03 
  1.597011345e-03 
  1.593986293e-03 
  1.581070246e-03 
  1.570467488e-03 
  1.572660636e-03 
  1.562591991e-03 
  1.544435509e-03 
  1.532772905e-03 
  1.477823709e-03 
  1.496865647e-03 
  1.479748404e-03 
  1.503422274e-03 
  1.494808239e-03 
  1.471987693e-03 
  1.477656420e-03 
  1.473957323e-03 
  1.402517431e-03 
  1.438978128e-03 
  1.448228373e-03 
  1.430821023e-03 
  1.455483143e-03 
  1.462713466e-03 
  1.448362949e-03 
  1.443384797e-03 
  1.434402540e-03 
  1.421782188e-03 
  1.418357249e-03 
  1.391622704e-03 
  1.369501930e-03 
  1.376825501e-03 
  1.358388807e-03 
  1.349055558e-03 
  1.311896020e-03 
  1.329775201e-03 
  1.329102437e-03 
  1.314981258e-03 
  1.306536607e-03 
  1.300505595e-03 
  1.289183623e-03 
  1.290056272e-03 
  1.280368655e-03 
  1.276762341e-03 
  1.280687051e-03 
  1.270401524e-03 
  1.275292947e-03 
  1.253340626e-03 
  1.213472453e-03 
  1.242908766e-03 
  1.254945644e-03 
  1.265736180e-03 
  1.253359951e-03 
  1.251603710e-03 
  1.271824585e-03 
  1.270762295e-03 
  1.259307261e-03 
  1.244671410e-03 
  1.240815152e-03 
  1.242068596e-03 
  1.213203766e-03 
  1.213646843e-03 
  1.182726002e-03 
  1.174803358e-03 
  1.161592780e-03 
  1.137918094e-03 
  1.149170334e-03 
  1.147595234e-03 
  1.148402109e-03 
  1.090493752e-03 
  1.124956529e-03 
  1.146765193e-03 
  1.141148852e-03 
  1.135866041e-03 
  1.148093143e-03 
  1.142441179e-03 
  1.136858948e-03 
  1.137697836e-03 
  1.081297640e-03 
  1.079000765e-03 
  1.085522468e-03 
  1.091645216e-03 
  1.079135458e-03 
  1.106226235e-03 
  1.100390451e-03 
  1.113056554e-03 
  1.109263860e-03 
  1.104484079e-03 
  1.097417437e-03 
  1.109814504e-03 
  1.098171342e-03 
  1.097651082e-03 
  1.100943424e-03 
  1.091566985e-03 
  1.091419952e-03 
  1.079416368e-03 
  1.074970933e-03 
  1.078638132e-03 
  1.068963204e-03 
  1.052337000e-03 
  1.057515270e-03 
  1.040411298e-03 
  1.029866980e-03 
  1.029951614e-03 
  1.024930039e-03 
  1.008670544e-03 
  1.007938874e-03 
  1.005007885e-03 
  9.901401354e-04 
  9.540875326e-04 
  9.507039795e-04 
  9.179466288e-04 
  9.577782475e-04 
  9.645163082e-04 
  9.911910165e-04 
  9.789620526e-04 
  9.831917705e-04 
  9.951048996e-04 
  9.864715394e-04 
  9.877686389e-04 
  9.831335628e-04 
  9.938984876e-04 
  9.816093370e-04 
  9.793208446e-04 
  9.843029547e-04 
  9.767935844e-04 
  9.642952937e-04 
  9.686684934e-04 
  9.640145581e-04 
  9.323089034e-04 
  9.205685928e-04 
  9.447594639e-04 
  9.369678446e-04 
  9.129712707e-04 
  9.350292967e-04 
  9.181764908e-04 
  9.060173179e-04 
  9.101022151e-04 
  8.826981066e-04 
  8.768557454e-04 
  8.590790676e-04 
  8.329114062e-04 
  8.334485465e-04 
  8.236724534e-04 
  8.223335608e-04 
  8.267311496e-04 
  8.195334231e-04 
  8.178078569e-04 
  8.291887352e-04 
  8.496587398e-04 
  8.395317127e-04 
  8.366946131e-04 
  8.056715596e-04 
  8.463356644e-04 
  8.507865714e-04 
  8.441699320e-04 
  8.303704672e-04 
  8.311767597e-04 
  8.235357236e-04 
  8.123008884e-04 
  8.046044968e-04 
  7.970189326e-04 
  7.782747853e-04 
  7.769343210e-04 
  7.697435212e-04 
  7.086745463e-04 
  7.377092261e-04 
  7.335692644e-04 
  7.209911128e-04 
  7.069876883e-04 
  7.188120508e-04 
  6.832883810e-04 
  6.921617896e-04 
  6.876770640e-04 
  6.339927786e-04 
  6.421318394e-04 
  6.300528767e-04 
  6.097860169e-04 
  5.918500829e-04 
  6.184969097e-04 
  5.944362492e-04 
  5.898384843e-04 
  5.568541237e-04 
  5.807050620e-04 
  5.793030723e-04 
  5.813245079e-04 
  5.781824002e-04 
  5.795470788e-04 
  5.693875719e-04 
  5.807985435e-04 
  5.734475562e-04 
  5.688571837e-04 
  5.800174549e-04 
  5.750687560e-04 
  5.767748808e-04 
  5.690979888e-04 
