  1.702997833e-01 
  4.802946150e-01 
  5.446957350e-01 
  1.506539702e+00 
  1.747794628e+00 
  3.367455721e+00 
  3.791209221e+00 
  5.815437317e+00 
  7.584334850e+00 
  8.262858391e+00 
  9.564224243e+00 
  1.862131882e+01 
  1.618161011e+01 
  2.091430664e+01 
  2.144278336e+01 
  2.621707916e+01 
  2.048521614e+01 
  2.984373665e+01 
  2.905465317e+01 
  3.338743591e+01 
  3.112271118e+01 
  3.998041534e+01 
  3.402587891e+01 
  3.032482338e+01 
  3.845096970e+01 
  4.156003952e+01 
  5.828499985e+01 
  5.847790527e+01 
  4.715211487e+01 
  5.713688278e+01 
  5.933451843e+01 
  4.724244690e+01 
  5.247127914e+01 
  5.906682205e+01 
  4.878761292e+01 
  5.262021255e+01 
  3.935868073e+01 
  3.718714905e+01 
  4.519422150e+01 
  4.533099747e+01 
  5.040580368e+01 
  4.241085815e+01 
  4.422305679e+01 
  4.406391144e+01 
  3.945944214e+01 
  5.051354218e+01 
  5.567117691e+01 
  5.257213593e+01 
  4.912987900e+01 
  5.348369980e+01 
  5.426016235e+01 
  5.112211990e+01 
  5.196503448e+01 
  4.706485367e+01 
  5.391133499e+01 
  5.420801926e+01 
  5.085089874e+01 
  3.224183273e+01 
  3.475630569e+01 
  3.468915939e+01 
  5.105083084e+01 
  4.017333603e+01 
  4.374779892e+01 
  4.618459320e+01 
  4.574441147e+01 
  4.249856567e+01 
  5.787794113e+01 
  5.138097000e+01 
  4.807057953e+01 
  4.587093735e+01 
  5.233543777e+01 
  4.146322632e+01 
  4.329362106e+01 
  4.279145050e+01 
  3.286320496e+01 
  2.984517670e+01 
  4.232000732e+01 
  4.291080093e+01 
  5.497732162e+01 
  4.192018890e+01 
  3.888909149e+01 
  4.324238205e+01 
  3.200111389e+01 
  2.208034706e+01 
  2.404463959e+01 
  3.579056931e+01 
  2.747305489e+01 
  3.117635918e+01 
  3.052134895e+01 
  3.436407471e+01 
  4.116273117e+01 
  4.549047470e+01 
  3.993448257e+01 
  2.114784241e+01 
  2.311605835e+01 
  3.832860947e+01 
  3.896796799e+01 
  1.566553974e+01 
  4.329326248e+01 
  5.127539062e+01 
  4.975947189e+01 
  4.881831360e+01 
  5.106940079e+01 
  4.721491241e+01 
  5.008538055e+01 
  4.534189987e+01 
  4.442388916e+01 
  4.271416092e+01 
  4.568541336e+01 
  4.992631531e+01 
  4.121215439e+01 
  4.778374100e+01 
  4.888770294e+01 
  4.560126877e+01 
  4.419155884e+01 
  4.654357147e+01 
  4.568434906e+01 
  4.374452209e+01 
  4.226235580e+01 
  4.276411057e+01 
  3.575113297e+01 
  4.424318695e+01 
  4.187606812e+01 
  3.493628693e+01 
  3.796178055e+01 
  3.884099197e+01 
  3.688695908e+01 
  3.505511093e+01 
  3.507129288e+01 
  3.152595329e+01 
  2.485790634e+01 
  2.208459663e+01 
  3.928318787e+01 
  3.455635834e+01 
  3.245945740e+01 
  3.490281677e+01 
  3.825185013e+01 
  3.817341232e+01 
  3.380058289e+01 
  3.233179092e+01 
  3.582216263e+01 
  3.529830933e+01 
  3.675329590e+01 
  3.657974243e+01 
  3.593180847e+01 
  3.737087250e+01 
  3.289246750e+01 
  3.709616852e+01 
  3.729589844e+01 
  3.713528442e+01 
  3.752732849e+01 
  4.011085129e+01 
  3.687910843e+01 
  3.385952377e+01 
  3.570589066e+01 
  3.556398010e+01 
  3.602891159e+01 
  3.583753586e+01 
  3.482647324e+01 
  3.444672775e+01 
  3.378000259e+01 
  3.462986755e+01 
  3.370217514e+01 
  3.335205841e+01 
  3.311164856e+01 
  3.228746414e+01 
  3.296311188e+01 
  3.146892357e+01 
  3.296358490e+01 
  3.232890701e+01 
  3.154640579e+01 
  3.115636253e+01 
  3.120270729e+01 
  3.053376961e+01 
  3.045089531e+01 
  3.134122849e+01 
  3.004948616e+01 
  2.945435333e+01 
  3.058830261e+01 
  2.890017700e+01 
  2.916889954e+01 
  2.869558907e+01 
  2.899890709e+01 
  2.873468399e+01 
  2.734917068e+01 
  2.727143860e+01 
  2.188973427e+01 
  2.435850716e+01 
  2.618614006e+01 
  2.410187149e+01 
  2.716864777e+01 
  2.517157555e+01 
  2.395002365e+01 
  2.554018784e+01 
  2.443083000e+01 
  2.586080742e+01 
  2.493674088e+01 
  2.395068169e+01 
  2.315431595e+01 
  2.287140465e+01 
  2.254761696e+01 
  2.182661819e+01 
  2.147227287e+01 
  2.253124237e+01 
  2.075993156e+01 
  2.217516136e+01 
  2.351554871e+01 
  2.167404556e+01 
  2.059105301e+01 
  2.199679375e+01 
  2.111506081e+01 
  2.092408562e+01 
  2.175626373e+01 
  1.972680283e+01 
  1.913374519e+01 
  1.935293961e+01 
  2.013907623e+01 
  1.469588375e+01 
  1.802409363e+01 
  1.691680908e+01 
  1.845164299e+01 
  1.829038239e+01 
  1.883944893e+01 
  1.738718796e+01 
  1.868983841e+01 
  1.836919975e+01 
  1.734497070e+01 
  1.501203537e+01 
  1.786337662e+01 
  1.820177078e+01 
  1.704154968e+01 
  1.838028717e+01 
  1.737539673e+01 
  1.512508488e+01 
  1.630147362e+01 
  1.648511696e+01 
  1.733812714e+01 
  1.594407558e+01 
  1.654362869e+01 
  1.634469795e+01 
  1.585584545e+01 
  1.441307354e+01 
  1.593841934e+01 
  1.511400986e+01 
  1.580388451e+01 
  1.543428326e+01 
  1.496134281e+01 
  1.546333885e+01 
  1.422502804e+01 
  1.484331894e+01 
  1.439541054e+01 
  1.418703079e+01 
  1.467671394e+01 
  1.398587513e+01 
  1.432453346e+01 
  1.424758339e+01 
  1.374196053e+01 
  1.322545433e+01 
  1.361616993e+01 
  1.276574707e+01 
  1.271770763e+01 
  1.386380863e+01 
  1.262153053e+01 
  1.309787655e+01 
  1.280857372e+01 
  1.285428810e+01 
  1.175493526e+01 
  1.250280094e+01 
  1.235410786e+01 
  1.199605465e+01 
  1.196236610e+01 
  1.145273781e+01 
  1.199761581e+01 
  1.202029800e+01 
  1.186135674e+01 
  1.147985172e+01 
  1.118706894e+01 
  1.157210922e+01 
  1.116114807e+01 
  1.100622940e+01 
  1.131765270e+01 
  1.105251122e+01 
  1.115137196e+01 
  1.115788555e+01 
  1.105000401e+01 
  1.090463638e+01 
  1.036618996e+01 
  1.068843746e+01 
  1.049943161e+01 
  9.238058090e+00 
  9.578465462e+00 
  1.010768795e+01 
  9.843766212e+00 
  9.881736755e+00 
  9.900641441e+00 
  9.640937805e+00 
  9.811867714e+00 
  9.766703606e+00 
  9.499209404e+00 
  9.433242798e+00 
  9.371070862e+00 
  9.251727104e+00 
  9.086377144e+00 
  9.081502914e+00 
  9.309695244e+00 
  9.226150513e+00 
  9.059020996e+00 
  8.948760033e+00 
  8.857362747e+00 
  8.708778381e+00 
  8.513118744e+00 
  8.594971657e+00 
  8.427887917e+00 
  8.250729561e+00 
  7.901079178e+00 
  8.225705147e+00 
  7.770168781e+00 
  7.763085842e+00 
  8.075665474e+00 
  7.948484898e+00 
  8.012210846e+00 
  8.095463753e+00 
  7.616685390e+00 
  7.623930454e+00 
  7.580390453e+00 
  7.324787617e+00 
  7.310576439e+00 
  7.370755196e+00 
  7.149135113e+00 
  7.329555988e+00 
  7.040856838e+00 
  7.267508984e+00 
  6.735027313e+00 
  7.191732883e+00 
  6.942429543e+00 
  7.030092239e+00 
  6.745509148e+00 
  6.930010796e+00 
  7.001567841e+00 
  6.904301167e+00 
  6.650872231e+00 
  6.707784653e+00 
  6.589459419e+00 
  6.661355495e+00 
  6.545775890e+00 
  6.558034897e+00 
  6.266749382e+00 
  6.311830521e+00 
  6.261446476e+00 
  6.348070145e+00 
  5.851593494e+00 
  6.264917374e+00 
  6.102433681e+00 
  6.193173885e+00 
  6.074233055e+00 
  5.876039982e+00 
  4.959236622e+00 
  5.261984348e+00 
  5.828377247e+00 
  5.804501534e+00 
  5.816717625e+00 
  5.812853813e+00 
  5.863650799e+00 
  5.762913704e+00 
  5.638304234e+00 
  5.629650116e+00 
  5.664451122e+00 
  5.519625187e+00 
  5.518933773e+00 
  5.565407753e+00 
  5.466493130e+00 
  5.376934528e+00 
  5.327990055e+00 
  5.334709644e+00 
  5.313776016e+00 
  5.202017784e+00 
  5.269160748e+00 
  5.134007931e+00 
  5.188302040e+00 
  5.084794044e+00 
  5.015096664e+00 
  4.990133762e+00 
  4.950022221e+00 
  4.953240395e+00 
  4.833940506e+00 
  4.860939503e+00 
  4.609848022e+00 
  4.128438473e+00 
  4.227747440e+00 
  4.178742409e+00 
  4.239540100e+00 
  4.326495171e+00 
  4.338331699e+00 
  4.330865383e+00 
  4.328146458e+00 
  4.259141445e+00 
  4.302107334e+00 
  4.361756802e+00 
  4.239460468e+00 
  4.227058411e+00 
  4.163554668e+00 
  4.033162117e+00 
  3.999971390e+00 
  4.085055351e+00 
  4.075565338e+00 
  4.060807228e+00 
  3.998639822e+00 
  3.923130274e+00 
  4.022149086e+00 
  3.873635530e+00 
  3.921980381e+00 
  3.878248692e+00 
  3.818093300e+00 
  3.767106056e+00 
  3.804539442e+00 
  3.630755663e+00 
  3.683785915e+00 
  3.445985556e+00 
  3.339172840e+00 
  3.257942915e+00 
  3.227567434e+00 
  3.363265038e+00 
  3.454411745e+00 
  3.391381741e+00 
  3.298182249e+00 
  3.256665230e+00 
  3.228203535e+00 
  3.270123005e+00 
  3.182366848e+00 
  3.071053982e+00 
  3.160804987e+00 
  3.084391356e+00 
  3.182162523e+00 
  3.173826694e+00 
  3.251045227e+00 
  3.196444988e+00 
  3.100988865e+00 
  3.138060093e+00 
  3.131388187e+00 
  3.021251202e+00 
  3.051530600e+00 
  3.021408558e+00 
  2.959671736e+00 
  3.038748503e+00 
  3.055826187e+00 
  2.963881493e+00 
  2.991734982e+00 
  3.022246838e+00 
  2.952872753e+00 
  2.938552856e+00 
  2.878557682e+00 
  2.855747700e+00 
  2.885930777e+00 
  2.843850851e+00 
  2.873204708e+00 
  2.841466188e+00 
  2.771011829e+00 
  2.776220560e+00 
  2.752723455e+00 
  2.480995655e+00 
  1.285896063e+00 
  1.174873590e+00 
  1.780839920e+00 
  1.611286521e+00 
  1.709614992e+00 
  1.943608403e+00 
  2.093262196e+00 
  2.242399454e+00 
  2.415483952e+00 
  2.462750196e+00 
  2.474324226e+00 
  2.480982065e+00 
  2.462598324e+00 
  2.441483736e+00 
  2.456583023e+00 
  2.352820873e+00 
  2.437455416e+00 
  2.407912254e+00 
  2.382314205e+00 
  2.377394676e+00 
  2.335538626e+00 
  2.319982052e+00 
  2.335520983e+00 
  2.268910885e+00 
  2.269127131e+00 
  2.260364294e+00 
  2.205585003e+00 
  2.219897747e+00 
  2.171419382e+00 
  2.159774780e+00 
  2.125707150e+00 
  2.106175423e+00 
  2.064316034e+00 
  2.056798935e+00 
  2.036351681e+00 
  2.007942677e+00 
  2.014398575e+00 
  2.021436453e+00 
  2.023112535e+00 
  2.008598089e+00 
  1.938747764e+00 
  1.965588927e+00 
  1.951043487e+00 
  1.914398789e+00 
  1.925476313e+00 
  1.870142102e+00 
  1.915394425e+00 
  1.894499660e+00 
  1.870880365e+00 
  1.826937199e+00 
  1.806273699e+00 
  1.819271088e+00 
  1.795108318e+00 
  1.767985106e+00 
  1.743166208e+00 
  1.699645400e+00 
  1.656394005e+00 
  1.659089446e+00 
  1.642280936e+00 
  1.596430302e+00 
  1.579738259e+00 
  1.652206063e+00 
  1.576740146e+00 
  1.537322640e+00 
  1.597322464e+00 
  1.618296623e+00 
  1.614977598e+00 
  1.597734690e+00 
  1.566726565e+00 
  1.565155745e+00 
  1.540569663e+00 
  1.507906675e+00 
  1.532047987e+00 
  1.481473327e+00 
  1.501178026e+00 
  1.506282806e+00 
  1.513342381e+00 
  1.493194222e+00 
  1.495724201e+00 
  1.444552422e+00 
  1.476954937e+00 
  1.471068263e+00 
  1.457040906e+00 
  1.445319057e+00 
  1.416887045e+00 
  1.432571650e+00 
  1.438661456e+00 
  1.383742452e+00 
  1.416310906e+00 
  1.412302375e+00 
  1.214442849e+00 
  1.383626223e+00 
  1.324861765e+00 
  1.335287929e+00 
  1.068317056e+00 
  1.171060324e+00 
  1.323476076e+00 
  1.338842154e+00 
  1.311419964e+00 
  1.305776596e+00 
  1.288278103e+00 
  1.282045484e+00 
  1.271955729e+00 
  1.290157199e+00 
  1.281606078e+00 
  1.251881123e+00 
  1.045151234e+00 
  1.107709765e+00 
  1.195705533e+00 
  1.173423171e+00 
  1.216067910e+00 
  1.208684325e+00 
  1.198265791e+00 
  1.197369337e+00 
  1.165617228e+00 
  1.149500012e+00 
  1.153546929e+00 
  1.171041846e+00 
  1.145316958e+00 
  1.142605901e+00 
  1.130533814e+00 
  1.066663980e+00 
  1.120238304e+00 
  1.089741826e+00 
  1.093971968e+00 
  1.099750996e+00 
  1.058236480e+00 
  1.043047071e+00 
  1.069312572e+00 
  1.071714520e+00 
  1.063035369e+00 
  1.052151203e+00 
  1.041389346e+00 
  9.895645976e-01 
  1.013927460e+00 
  9.467629790e-01 
  9.634221792e-01 
  9.211736917e-01 
  9.114428759e-01 
  8.873059750e-01 
  8.638351560e-01 
  8.368917704e-01 
  8.186655045e-01 
  8.904882669e-01 
  9.200406075e-01 
  9.127024412e-01 
  8.716279268e-01 
  8.608146310e-01 
  8.205791116e-01 
  8.034988642e-01 
  8.114035726e-01 
  8.141230941e-01 
  8.080987930e-01 
  8.052937388e-01 
  8.054035306e-01 
  7.945000529e-01 
  8.025993705e-01 
  7.902964950e-01 
  7.876381278e-01 
  8.115481734e-01 
  8.138455153e-01 
  7.895943522e-01 
  7.788320780e-01 
  7.394102812e-01 
  7.588464618e-01 
  7.648273706e-01 
  7.338873148e-01 
  7.482249737e-01 
  7.353137732e-01 
  7.020925283e-01 
  6.723572016e-01 
  6.416496634e-01 
  5.979962945e-01 
  5.723474026e-01 
  5.405533910e-01 
  5.277004838e-01 
  5.308653712e-01 
  5.380244851e-01 
  5.566139221e-01 
  6.313370466e-01 
  6.362803578e-01 
  6.101872325e-01 
  5.629454851e-01 
  5.540286899e-01 
  5.340376496e-01 
  5.493819118e-01 
  5.552088618e-01 
  5.610018373e-01 
  5.687677264e-01 
  5.673229098e-01 
  5.629323125e-01 
  5.722280741e-01 
  5.538874865e-01 
  5.611826777e-01 
  5.653091073e-01 
  5.169999003e-01 
  5.471964478e-01 
  5.741909146e-01 
  5.801082253e-01 
  5.751076341e-01 
  5.659510493e-01 
  5.551891327e-01 
  5.578348041e-01 
  5.700296164e-01 
  5.634105206e-01 
  5.665031075e-01 
  5.487012863e-01 
  5.736730099e-01 
  5.838056207e-01 
  5.941249728e-01 
  5.937895179e-01 
  5.858398080e-01 
  5.848777890e-01 
  5.712386370e-01 
  5.534517765e-01 
  5.497363210e-01 
  5.592538118e-01 
  5.513992906e-01 
  5.619724989e-01 
  5.456934571e-01 
  5.604265332e-01 
  5.641670227e-01 
  5.584718585e-01 
  5.596902966e-01 
  5.589634180e-01 
  5.594995022e-01 
  5.567111969e-01 
  5.625495911e-01 
  5.537400246e-01 
  5.447192192e-01 
  5.475344062e-01 
  5.512817502e-01 
  5.443881154e-01 
  5.419866443e-01 
  5.439983606e-01 
  5.388059020e-01 
  5.364841819e-01 
  5.342466831e-01 
  5.293899179e-01 
  5.256406665e-01 
  5.195493102e-01 
  5.191799998e-01 
  5.143154860e-01 
  5.067263246e-01 
  5.015938282e-01 
  4.670925438e-01 
  4.897785187e-01 
  4.963206053e-01 
  4.948518574e-01 
  4.878495038e-01 
  4.885928333e-01 
  4.861304462e-01 
  4.851739705e-01 
  4.801195264e-01 
  4.815658033e-01 
  4.708286226e-01 
  4.722124338e-01 
  4.658635557e-01 
  4.697078764e-01 
  4.564272761e-01 
  4.538953900e-01 
  4.570880234e-01 
  4.478529990e-01 
  4.540173709e-01 
  4.495416284e-01 
  4.484542906e-01 
  4.477350116e-01 
  4.430440962e-01 
  4.425145984e-01 
  4.345091581e-01 
  4.375721216e-01 
  4.346720874e-01 
  4.316061437e-01 
  4.220396578e-01 
  4.248971939e-01 
  4.187495410e-01 
  4.224565923e-01 
  4.119070172e-01 
  4.143623710e-01 
  4.143926799e-01 
  4.078479111e-01 
  4.083696008e-01 
  4.079576433e-01 
  3.993358016e-01 
  4.016844630e-01 
  3.983460665e-01 
  3.851963282e-01 
  3.906744421e-01 
  3.929067850e-01 
  3.887093067e-01 
  3.848049343e-01 
  3.832803667e-01 
  3.799280524e-01 
  3.785678446e-01 
  3.731329143e-01 
  3.743184507e-01 
  3.717731237e-01 
  3.695119619e-01 
  3.639689982e-01 
  3.511206210e-01 
  3.623932898e-01 
  3.483061194e-01 
  3.564066589e-01 
  3.488672674e-01 
  3.518486023e-01 
  3.498775065e-01 
  3.378399611e-01 
  3.444245160e-01 
  3.416006863e-01 
  3.146715462e-01 
  3.322751820e-01 
  3.315003216e-01 
  3.311342299e-01 
  3.190726340e-01 
  3.291535378e-01 
  3.181856871e-01 
  3.237693012e-01 
  3.216162920e-01 
  3.210583031e-01 
  3.074694276e-01 
  3.145116568e-01 
  3.018412888e-01 
  3.049897850e-01 
  2.952389717e-01 
  3.048705459e-01 
  2.985612154e-01 
  3.016492426e-01 
  2.834240496e-01 
  2.996153831e-01 
  2.854892612e-01 
  2.903378010e-01 
  2.914659977e-01 
  2.829030752e-01 
  2.767462134e-01 
  2.503176928e-01 
  2.700602114e-01 
  2.680659294e-01 
  2.631926537e-01 
  2.545897365e-01 
  2.501637340e-01 
  2.537676394e-01 
  2.528916299e-01 
  2.412295789e-01 
  2.502337396e-01 
  2.467803806e-01 
  2.437015325e-01 
  2.389638573e-01 
  2.382230163e-01 
  2.368767560e-01 
  2.385629863e-01 
  2.385978103e-01 
  2.337513566e-01 
  2.260774523e-01 
  2.178885937e-01 
  2.175654769e-01 
  2.066454589e-01 
  1.985469908e-01 
  1.892582476e-01 
  1.774377078e-01 
  1.670917869e-01 
  1.610486060e-01 
  1.601890922e-01 
  1.529138088e-01 
  1.563439071e-01 
  1.582784653e-01 
  1.533138454e-01 
  1.493985951e-01 
  1.543948799e-01 
  1.519647837e-01 
  1.580201983e-01 
  1.710069478e-01 
  1.761838049e-01 
  1.705479473e-01 
  1.562369019e-01 
  1.373140216e-01 
  1.398873478e-01 
  1.567818075e-01 
  1.678795069e-01 
  1.705933958e-01 
  1.767535955e-01 
  1.748116463e-01 
  1.657128483e-01 
  1.683464944e-01 
  1.609352976e-01 
  1.550678909e-01 
  1.494362652e-01 
  1.518757939e-01 
  1.568090767e-01 
  1.590117663e-01 
  1.606629342e-01 
  1.595127583e-01 
  1.610497534e-01 
  1.614564359e-01 
  1.624693424e-01 
  1.622168720e-01 
  1.661760211e-01 
  1.672896147e-01 
  1.764156222e-01 
  1.792446077e-01 
  1.789612621e-01 
  1.772349030e-01 
  1.756472737e-01 
  1.835737526e-01 
  1.864139140e-01 
  1.826209277e-01 
  1.857558042e-01 
  1.808893383e-01 
  1.835657060e-01 
  1.843966693e-01 
  1.777804494e-01 
  1.823017746e-01 
  1.835045367e-01 
  1.817148328e-01 
  1.792862862e-01 
  1.787900031e-01 
  1.775779873e-01 
  1.740727723e-01 
  1.781591475e-01 
  1.732299179e-01 
  1.718781143e-01 
  1.732081175e-01 
  1.705831289e-01 
  1.690979898e-01 
  1.588272452e-01 
  1.660854220e-01 
  1.693195850e-01 
  1.672579795e-01 
  1.651559621e-01 
  1.633960754e-01 
  1.542436033e-01 
  1.638016254e-01 
  1.665872931e-01 
  1.662699729e-01 
  1.655238569e-01 
  1.644813269e-01 
  1.609937847e-01 
  1.604964286e-01 
  1.594000459e-01 
  1.534069926e-01 
  1.466266513e-01 
  1.557208002e-01 
  1.563759893e-01 
  1.560364962e-01 
  1.474800706e-01 
  1.495299488e-01 
  1.541912705e-01 
  1.535943300e-01 
  1.544786096e-01 
  1.515296996e-01 
  1.412363499e-01 
  1.500421017e-01 
  1.444888115e-01 
  1.487203240e-01 
  1.495181769e-01 
  1.482726187e-01 
  1.485312730e-01 
  1.484995931e-01 
  1.484443545e-01 
  1.476566643e-01 
  1.458599269e-01 
  1.464100778e-01 
  1.457891166e-01 
  1.445951760e-01 
  1.435054988e-01 
  1.446819156e-01 
  1.435296386e-01 
  1.437156349e-01 
  1.386346817e-01 
  1.427873820e-01 
  1.423713416e-01 
  1.416478306e-01 
  1.412999928e-01 
  1.392770410e-01 
  1.399381608e-01 
  1.392885149e-01 
  1.379653364e-01 
  1.383905411e-01 
  1.380178928e-01 
  1.374914497e-01 
  1.354723275e-01 
  1.343883723e-01 
  1.350770295e-01 
  1.337815970e-01 
  1.318105906e-01 
  1.300671846e-01 
  1.317859143e-01 
  1.302475929e-01 
  1.290254891e-01 
  1.295153648e-01 
  1.285313219e-01 
  1.274901330e-01 
  1.260466576e-01 
  1.250851601e-01 
  1.234712452e-01 
  1.230618730e-01 
  1.221913695e-01 
  1.212809905e-01 
  1.191446409e-01 
  1.185580343e-01 
  1.162702665e-01 
  1.153932512e-01 
  1.140877604e-01 
  1.099157184e-01 
  1.103412732e-01 
  1.079060584e-01 
  1.076218635e-01 
  1.074435785e-01 
  1.045017093e-01 
  1.024664417e-01 
  1.028100923e-01 
  1.053823903e-01 
  1.065220088e-01 
  1.065758914e-01 
  1.067431197e-01 
  1.064867824e-01 
  1.071943939e-01 
  1.073377058e-01 
  1.071809754e-01 
  1.068422794e-01 
  1.060247645e-01 
  1.054642275e-01 
  1.025210470e-01 
  9.105747938e-02 
  9.988520294e-02 
  1.037889421e-01 
  1.043868214e-01 
  1.039568335e-01 
  1.040695384e-01 
  1.022329777e-01 
  1.022960469e-01 
  9.964312613e-02 
  1.008718684e-01 
  1.014158204e-01 
  1.012613997e-01 
  9.899662435e-02 
  9.917373210e-02 
  9.835004807e-02 
  9.697384387e-02 
  9.579983354e-02 
  9.645593166e-02 
  9.571678191e-02 
  9.516775608e-02 
  9.334185719e-02 
  9.160068631e-02 
  9.104392678e-02 
  9.116967022e-02 
  9.083814919e-02 
  9.007164836e-02 
  8.919469267e-02 
  8.810106665e-02 
  8.738032728e-02 
  8.685866743e-02 
  8.544681221e-02 
  8.082598448e-02 
  8.253005147e-02 
  7.989162207e-02 
  8.211203665e-02 
  8.270516247e-02 
  8.034294099e-02 
  7.980645448e-02 
  7.740440965e-02 
  7.623589039e-02 
  7.687240839e-02 
  7.791789621e-02 
  7.829347998e-02 
  7.750405371e-02 
  7.588434964e-02 
  7.284455746e-02 
  7.040774822e-02 
  6.354871392e-02 
  6.286927313e-02 
  6.199861690e-02 
  6.074424833e-02 
  6.302048266e-02 
  6.411325186e-02 
  6.484562904e-02 
  6.428901851e-02 
  6.452176720e-02 
  6.489345431e-02 
  6.437492371e-02 
  6.424842030e-02 
  6.490501016e-02 
  6.462779641e-02 
  6.278158724e-02 
  6.031728908e-02 
  5.479102582e-02 
  5.068733543e-02 
  4.860324785e-02 
  4.539657384e-02 
  4.394275323e-02 
  4.073323682e-02 
  3.924792260e-02 
  3.751790151e-02 
  3.512972593e-02 
  3.380621225e-02 
  3.232501075e-02 
  3.106651083e-02 
  2.951243520e-02 
  2.890675142e-02 
  2.721137926e-02 
  2.575346641e-02 
  2.565016411e-02 
  2.529926412e-02 
  2.556065097e-02 
  2.612280473e-02 
  2.608887851e-02 
  2.634272166e-02 
  2.560882084e-02 
  2.540045418e-02 
  2.490942366e-02 
  2.585515939e-02 
  2.733595856e-02 
  2.952459268e-02 
  3.079515509e-02 
  3.165009245e-02 
  3.139380366e-02 
  3.062495030e-02 
  3.039806150e-02 
  2.906750515e-02 
  2.792587690e-02 
  2.593608201e-02 
  2.462780476e-02 
  2.349230461e-02 
  2.359556966e-02 
  2.450693585e-02 
  2.505569533e-02 
  2.635129914e-02 
  2.790310606e-02 
  2.913834527e-02 
  2.968615480e-02 
  2.920851856e-02 
  2.913921513e-02 
  2.783396281e-02 
  2.668414265e-02 
  2.552695386e-02 
  2.579683438e-02 
  2.695144527e-02 
  2.781825699e-02 
  2.784262039e-02 
  2.739084885e-02 
  2.641898021e-02 
  2.659192123e-02 
  2.773205936e-02 
  2.803389914e-02 
  2.755756676e-02 
  2.762654424e-02 
  2.725915797e-02 
  2.729370631e-02 
  2.793564834e-02 
  2.873687260e-02 
  2.972137742e-02 
  3.077379242e-02 
  2.951688506e-02 
  3.048368357e-02 
  3.062217496e-02 
  3.119335882e-02 
  3.158681467e-02 
  3.188076988e-02 
  3.187078610e-02 
  3.143606335e-02 
  3.148463368e-02 
  3.282281011e-02 
  3.243068233e-02 
  3.232511505e-02 
  3.222228587e-02 
  3.246806562e-02 
  3.110962920e-02 
  3.190810233e-02 
  3.281008452e-02 
  3.227434307e-02 
  3.131933138e-02 
  3.031878732e-02 
  3.032282554e-02 
  3.023616597e-02 
  2.936055325e-02 
  3.018754907e-02 
  3.033546358e-02 
  3.047509491e-02 
  3.092352860e-02 
  3.131204844e-02 
  2.956238389e-02 
  3.114164062e-02 
  3.018888459e-02 
  3.062196448e-02 
  3.090625443e-02 
  3.081077896e-02 
  3.147320822e-02 
  3.163824975e-02 
  3.187270463e-02 
  3.156873956e-02 
  3.087877482e-02 
  3.080320917e-02 
  3.100159019e-02 
  3.265352920e-02 
  3.387494758e-02 
  3.414700180e-02 
  3.479380906e-02 
  3.514442965e-02 
  3.565292060e-02 
  3.512473404e-02 
  3.395327553e-02 
  3.351806477e-02 
  3.239381313e-02 
  3.208475932e-02 
  3.179130703e-02 
  3.160132468e-02 
  3.017896973e-02 
  3.042980283e-02 
  2.915627509e-02 
  2.870395966e-02 
  2.821346931e-02 
  2.845196240e-02 
  2.956978790e-02 
  3.115914389e-02 
  3.130285814e-02 
  3.185579553e-02 
  3.181901574e-02 
  3.146755323e-02 
  3.058050759e-02 
  3.040875122e-02 
  3.073308989e-02 
  3.066439182e-02 
  3.148319945e-02 
  3.089992702e-02 
  3.109045140e-02 
  3.152467683e-02 
  3.134662285e-02 
  3.227544203e-02 
  2.819585986e-02 
  3.354885429e-02 
  3.465823084e-02 
  3.550194949e-02 
  3.469676152e-02 
  3.573420271e-02 
  3.555147722e-02 
  3.558537737e-02 
  3.508259729e-02 
  3.584457934e-02 
  3.665974364e-02 
  3.647631779e-02 
  3.737692907e-02 
  3.711388260e-02 
  3.652680293e-02 
  3.259385377e-02 
  3.398418054e-02 
  3.416183218e-02 
  3.454189003e-02 
  3.637991473e-02 
  3.590121865e-02 
  3.615690395e-02 
  3.668956086e-02 
  3.689913824e-02 
  3.620487452e-02 
  3.608740121e-02 
  3.549994528e-02 
  3.620593995e-02 
  3.581059724e-02 
  3.560105339e-02 
  3.635581955e-02 
  3.595240414e-02 
  3.637586534e-02 
  3.574715182e-02 
  3.544654325e-02 
  3.625592962e-02 
  3.584328294e-02 
  3.488787264e-02 
  3.578491136e-02 
  3.536226600e-02 
  3.556596115e-02 
  3.535957262e-02 
  3.304363787e-02 
  3.524468467e-02 
  3.495883942e-02 
  3.470999375e-02 
  3.410726786e-02 
  3.416775167e-02 
  3.453478217e-02 
  3.459164500e-02 
  3.358947486e-02 
  3.422705829e-02 
  3.290707618e-02 
  3.352006897e-02 
  3.363154083e-02 
  3.346586972e-02 
  3.382741287e-02 
  3.388772532e-02 
  3.383314610e-02 
  3.343437240e-02 
  3.237133101e-02 
  3.311464190e-02 
  3.284768015e-02 
  3.259233013e-02 
  3.306591138e-02 
  3.281727061e-02 
  3.152517229e-02 
  3.196815401e-02 
  3.127400577e-02 
  3.221365809e-02 
  3.187931329e-02 
  3.179790080e-02 
  3.116795979e-02 
  3.181248531e-02 
  3.171849251e-02 
  3.114194237e-02 
  3.040681779e-02 
  3.073953837e-02 
  3.007958829e-02 
  2.988630161e-02 
  2.903462388e-02 
  2.890269458e-02 
  2.797548473e-02 
  2.865170129e-02 
  2.853969671e-02 
  2.804494277e-02 
  2.810701542e-02 
  2.606246807e-02 
  2.792830765e-02 
  2.516944148e-02 
  2.749437094e-02 
  2.761420421e-02 
  2.816707455e-02 
  2.790934406e-02 
  2.735117637e-02 
  2.769038640e-02 
  2.743938193e-02 
  2.823133767e-02 
  2.780620009e-02 
  2.747334354e-02 
  2.700468712e-02 
  2.465706505e-02 
  2.649754100e-02 
  2.584003657e-02 
  2.713246085e-02 
  2.763272636e-02 
  2.732095681e-02 
  2.734411508e-02 
  2.554984391e-02 
  2.638139017e-02 
  2.660803869e-02 
  2.543173544e-02 
  2.562298253e-02 
  2.448273078e-02 
  2.499843016e-02 
  2.479247935e-02 
  2.511764877e-02 
  2.468425035e-02 
  2.455353737e-02 
  2.457230724e-02 
  2.477452531e-02 
  2.461766452e-02 
  2.304986119e-02 
  2.374917082e-02 
  2.401967719e-02 
  2.459353767e-02 
  2.429148927e-02 
  2.470881492e-02 
  2.316380851e-02 
  2.384955622e-02 
  2.453149296e-02 
  2.445692383e-02 
  2.383840829e-02 
  2.346654236e-02 
  2.399754710e-02 
  2.444877662e-02 
  2.457207814e-02 
  2.393049002e-02 
  2.413657308e-02 
  2.404944785e-02 
  2.417035773e-02 
  2.409431711e-02 
  2.336080000e-02 
  2.366762608e-02 
  2.358810976e-02 
  2.321500517e-02 
  2.258222923e-02 
  2.313065343e-02 
  2.298053354e-02 
  2.185504884e-02 
  2.164237201e-02 
  2.131690644e-02 
  2.135806717e-02 
  2.114983462e-02 
  2.107150480e-02 
  2.155466937e-02 
  2.116722427e-02 
  2.115282044e-02 
  2.135466225e-02 
  2.150081471e-02 
  2.135200053e-02 
  2.081220970e-02 
  2.128775418e-02 
  2.076757140e-02 
  2.113936283e-02 
  2.088129334e-02 
  2.106417902e-02 
  2.062510885e-02 
  2.099591307e-02 
  2.079281956e-02 
  2.087903954e-02 
  2.045346610e-02 
  2.063792944e-02 
  2.066759020e-02 
  2.045435086e-02 
  2.025820687e-02 
  2.010244317e-02 
  1.985019632e-02 
  1.972013898e-02 
  1.988716982e-02 
  1.950319856e-02 
  1.951476745e-02 
  1.990278810e-02 
  1.972916909e-02 
  1.875034533e-02 
  1.923747547e-02 
  1.927579008e-02 
  1.905076019e-02 
  1.869899593e-02 
  1.874805242e-02 
  1.880641095e-02 
  1.850486547e-02 
  1.782695949e-02 
  1.716891490e-02 
  1.762224175e-02 
  1.801295206e-02 
  1.830253936e-02 
  1.831104234e-02 
  1.804803312e-02 
  1.808258519e-02 
  1.805024780e-02 
  1.779067889e-02 
  1.773381978e-02 
  1.792069152e-02 
  1.791089401e-02 
  1.780517399e-02 
  1.773815043e-02 
  1.770228334e-02 
  1.755670086e-02 
  1.740712672e-02 
  1.747114211e-02 
  1.731775329e-02 
  1.705975644e-02 
  1.704891585e-02 
  1.695252210e-02 
  1.656890474e-02 
  1.682799868e-02 
  1.686446555e-02 
  1.661545038e-02 
  1.653575338e-02 
  1.603955217e-02 
  1.629435644e-02 
  1.643316634e-02 
  1.514921524e-02 
  1.616800763e-02 
  1.621111482e-02 
  1.617464982e-02 
  1.614736393e-02 
  1.602523960e-02 
  1.583759859e-02 
  1.571659930e-02 
  1.581307128e-02 
  1.541832462e-02 
  1.515686791e-02 
  1.537930313e-02 
  1.457556430e-02 
  1.476076432e-02 
  1.493697893e-02 
  1.505672839e-02 
  1.494916435e-02 
  1.458801050e-02 
  1.485123206e-02 
  1.484577078e-02 
  1.460199617e-02 
  1.440464612e-02 
  1.345607638e-02 
  1.368589234e-02 
  1.373968553e-02 
  1.304325927e-02 
  1.283974573e-02 
  1.343761850e-02 
  1.361532975e-02 
  1.363262814e-02 
  1.328685973e-02 
  1.367329154e-02 
  1.341840439e-02 
  1.357522700e-02 
  1.314903423e-02 
  1.321560796e-02 
  1.285844948e-02 
  1.330429129e-02 
  1.316871401e-02 
  1.310909633e-02 
  1.286779065e-02 
  1.293312293e-02 
  1.293972135e-02 
  1.291442476e-02 
  1.268756669e-02 
  1.279444899e-02 
  1.277440507e-02 
  1.264591981e-02 
  1.266892813e-02 
  1.255231630e-02 
  1.229834184e-02 
  1.196590066e-02 
  1.206924673e-02 
  1.180056389e-02 
  1.197916176e-02 
  1.188832428e-02 
  1.185897272e-02 
  1.166266110e-02 
  1.172138378e-02 
  1.150755305e-02 
  1.150160842e-02 
  1.147443429e-02 
  1.145213563e-02 
  1.118013076e-02 
  1.086775865e-02 
  1.081714965e-02 
  1.050203852e-02 
  1.031867880e-02 
  1.039896905e-02 
  1.031332370e-02 
  1.028178260e-02 
  1.012347732e-02 
  9.947695769e-03 
  9.933665395e-03 
  9.865537286e-03 
  9.922498837e-03 
  9.979994968e-03 
  9.922911413e-03 
  9.637888521e-03 
  9.542738087e-03 
  9.300042875e-03 
  9.145367891e-03 
  8.851095103e-03 
  8.539936505e-03 
  8.591250516e-03 
  8.295498788e-03 
  7.967682555e-03 
  7.978028618e-03 
  7.597077638e-03 
  7.540439721e-03 
  7.074032910e-03 
  6.833296269e-03 
  6.786738522e-03 
  6.857884582e-03 
  6.814942695e-03 
  6.621307228e-03 
  6.508344319e-03 
  6.420988124e-03 
  6.230093073e-03 
  5.961204413e-03 
  5.938820075e-03 
  5.709249061e-03 
  5.708143115e-03 
  5.533601623e-03 
  5.212668795e-03 
  5.129117984e-03 
  4.859298002e-03 
  4.522122443e-03 
  4.715997726e-03 
  4.773854744e-03 
  4.796980880e-03 
  4.721242469e-03 
  4.637205973e-03 
  4.746251740e-03 
  4.477557261e-03 
  4.489794374e-03 
  4.332377575e-03 
  4.282317590e-03 
  3.952682484e-03 
  3.897682996e-03 
  3.877943382e-03 
  3.775824094e-03 
  3.628861625e-03 
  3.609804902e-03 
  3.390117316e-03 
  3.387466772e-03 
  3.320720512e-03 
  3.203804838e-03 
  3.333468921e-03 
  3.350299085e-03 
  3.413461614e-03 
  3.445436014e-03 
  3.325208323e-03 
  3.502124222e-03 
  3.479166655e-03 
  3.440337721e-03 
  3.184179775e-03 
  3.270289162e-03 
  3.313403344e-03 
  3.331512678e-03 
  3.305161139e-03 
  3.276848700e-03 
  3.194829682e-03 
  3.242010716e-03 
  3.239916870e-03 
  3.122257767e-03 
  3.240060760e-03 
  3.284152597e-03 
  3.347036894e-03 
  3.298311029e-03 
  3.455388360e-03 
  3.419532906e-03 
  3.429443343e-03 
  3.385031363e-03 
  3.389374120e-03 
  3.171904711e-03 
  3.111072816e-03 
  2.875825623e-03 
  2.936606994e-03 
  2.714278642e-03 
  2.593004843e-03 
  2.564829541e-03 
  2.570321551e-03 
  2.559414832e-03 
  2.500738716e-03 
  2.318965038e-03 
  2.912987722e-03 
  3.142496105e-03 
  3.201234387e-03 
  3.219768172e-03 
  3.308761865e-03 
  3.364613047e-03 
  3.385415068e-03 
  3.393157385e-03 
  3.365938785e-03 
  3.247102490e-03 
  3.398396773e-03 
  3.343727672e-03 
  3.279753029e-03 
  3.148932010e-03 
  3.247805638e-03 
  3.140659072e-03 
  3.004962578e-03 
  3.118368797e-03 
  3.035269678e-03 
  2.905393718e-03 
  2.884943271e-03 
  2.824050141e-03 
  2.772503532e-03 
  2.733929083e-03 
  2.750366693e-03 
  2.703008708e-03 
  2.716169227e-03 
  2.685035579e-03 
  2.785555320e-03 
  2.790019615e-03 
  2.863591770e-03 
  2.803298412e-03 
  2.850520890e-03 
  2.847477794e-03 
  2.836152446e-03 
  2.746440005e-03 
  2.879282692e-03 
  2.942529973e-03 
  2.916332101e-03 
  3.022184130e-03 
  3.031001426e-03 
  3.097656416e-03 
  3.077469068e-03 
  3.051937558e-03 
  3.167319344e-03 
  3.221425926e-03 
  3.178700339e-03 
  3.234053729e-03 
  3.211757401e-03 
  3.222103463e-03 
  3.225770313e-03 
  3.186166752e-03 
  3.121739952e-03 
  3.238389734e-03 
  3.238244914e-03 
  3.330630017e-03 
  3.268487519e-03 
  3.392626531e-03 
  3.411446000e-03 
  3.450238612e-03 
  3.445158247e-03 
  3.503909800e-03 
  3.340577940e-03 
  3.449946875e-03 
  3.475867445e-03 
  3.499671118e-03 
  3.389627440e-03 
  3.231907729e-03 
  3.030082677e-03 
  3.224307206e-03 
  3.418110311e-03 
  3.444876987e-03 
  3.478420665e-03 
  3.345894860e-03 
  3.241961589e-03 
  3.227914916e-03 
  3.306460800e-03 
  3.241546219e-03 
  3.230644390e-03 
  3.164262744e-03 
  3.240206977e-03 
  3.248567693e-03 
  3.369431244e-03 
  3.337088507e-03 
  3.499574494e-03 
  3.422861919e-03 
  3.530644579e-03 
  3.527409630e-03 
  3.809907706e-03 
  3.709147917e-03 
  3.964282107e-03 
  3.968114033e-03 
  4.130918067e-03 
  4.158772528e-03 
  4.313101061e-03 
  4.270432517e-03 
  4.212449305e-03 
  4.319115076e-03 
  4.525639582e-03 
  4.519512411e-03 
  4.596658051e-03 
  4.353669472e-03 
  4.671621136e-03 
  4.515869077e-03 
  4.647511989e-03 
  4.679192789e-03 
  4.713573027e-03 
  4.652912728e-03 
  4.665170796e-03 
  4.562647548e-03 
  4.576849286e-03 
  4.692196846e-03 
  4.659458064e-03 
  4.636749625e-03 
  4.583591595e-03 
  4.510543775e-03 
  4.307935480e-03 
  4.333977588e-03 
  4.165670369e-03 
  4.156300798e-03 
  3.676263848e-03 
  3.599419491e-03 
  3.141246038e-03 
  3.136320738e-03 
  2.675739117e-03 
  2.674722578e-03 
  2.404276049e-03 
  2.397647128e-03 
  2.417480340e-03 
  2.350050258e-03 
  2.492356114e-03 
  2.485633362e-03 
  2.547819400e-03 
  2.547456417e-03 
  2.567609306e-03 
  2.559514018e-03 
  2.598895924e-03 
  2.568327123e-03 
  2.665970707e-03 
  2.656403929e-03 
  2.817539731e-03 
  2.818630543e-03 
  3.069776809e-03 
  3.040746087e-03 
  3.183416324e-03 
  3.289127490e-03 
  3.551569534e-03 
  3.547835629e-03 
  3.704225644e-03 
  3.730487544e-03 
  3.845948027e-03 
  3.851751797e-03 
  3.871571273e-03 
  3.818808822e-03 
  3.899210831e-03 
  3.956540488e-03 
  4.006068222e-03 
  3.995087929e-03 
  3.874113550e-03 
  3.957218025e-03 
  3.983724397e-03 
  3.762662178e-03 
  3.885290585e-03 
  3.909217659e-03 
  3.870717250e-03 
  3.827227047e-03 
  3.786554560e-03 
  3.778512124e-03 
  3.662412520e-03 
  3.652799176e-03 
  3.625939367e-03 
  3.451962257e-03 
  3.464111825e-03 
  3.266910324e-03 
  3.242514562e-03 
  3.113908460e-03 
  3.064119956e-03 
  3.059360664e-03 
  3.076627385e-03 
  3.105059965e-03 
  3.087102901e-03 
  3.135889769e-03 
  3.130916739e-03 
  3.133286256e-03 
  3.044435522e-03 
  3.127622185e-03 
  3.109987592e-03 
  2.918581944e-03 
  3.083724994e-03 
  3.081555245e-03 
  3.090010490e-03 
  3.057931084e-03 
  3.113512881e-03 
  3.003301565e-03 
  3.183930414e-03 
  3.141405061e-03 
  3.279334167e-03 
  3.268130356e-03 
  3.341945587e-03 
  3.331737127e-03 
  3.379927948e-03 
  3.372668289e-03 
  3.310196102e-03 
  3.375437809e-03 
  3.336158814e-03 
  3.378043184e-03 
  3.312706714e-03 
  3.332703840e-03 
  3.354058601e-03 
  3.376362147e-03 
  3.368288279e-03 
  3.385716118e-03 
  3.384031588e-03 
  3.388027428e-03 
  3.356288420e-03 
  3.222062252e-03 
  3.334663576e-03 
  3.359647468e-03 
  3.248937195e-03 
  3.340371186e-03 
  3.325404366e-03 
  3.314545844e-03 
  3.320529358e-03 
  3.323030891e-03 
  3.314128146e-03 
  3.330428619e-03 
  3.273409558e-03 
  3.317819675e-03 
  3.308751620e-03 
  3.314956091e-03 
  3.298771335e-03 
  3.289370565e-03 
  3.266328480e-03 
  3.184002126e-03 
  3.252003808e-03 
  3.237236990e-03 
  3.214723663e-03 
  3.218657570e-03 
  3.210172756e-03 
  3.182223067e-03 
  3.100413131e-03 
  3.166161943e-03 
  3.181817709e-03 
  3.099806141e-03 
  3.161041066e-03 
  3.127915319e-03 
  3.124118783e-03 
  3.070703475e-03 
  3.131153295e-03 
  3.141565248e-03 
  3.081094706e-03 
  3.139738925e-03 
  3.126797266e-03 
  3.109470708e-03 
  3.122361610e-03 
  3.110942198e-03 
  3.103030380e-03 
  3.087886376e-03 
  3.085832810e-03 
  2.967630979e-03 
  3.063049633e-03 
  3.056690330e-03 
  3.035705769e-03 
  3.026157152e-03 
  3.023324301e-03 
  2.999589778e-03 
  2.979033161e-03 
  2.957342193e-03 
  2.922440646e-03 
  2.869917545e-03 
  2.893678611e-03 
  2.889572643e-03 
  2.848146018e-03 
  2.839412307e-03 
  2.810962964e-03 
  2.798877656e-03 
  2.767679747e-03 
  2.769096289e-03 
  2.762848977e-03 
  2.760292497e-03 
  2.748162486e-03 
  2.739221090e-03 
  2.721501281e-03 
  2.707704436e-03 
  2.700010547e-03 
  2.658905461e-03 
  2.656218829e-03 
  2.614184748e-03 
  2.522611758e-03 
  2.261803485e-03 
  2.470273525e-03 
  2.543763258e-03 
  2.606560709e-03 
  2.599413972e-03 
  2.617246471e-03 
  2.602609107e-03 
  2.607185394e-03 
  2.592602745e-03 
  2.590996679e-03 
  2.570379293e-03 
  2.541843569e-03 
  2.555680461e-03 
  2.453092486e-03 
  2.547439653e-03 
  2.538754139e-03 
  2.510872204e-03 
  2.444509417e-03 
  2.499614144e-03 
  2.501366660e-03 
  2.499965020e-03 
  2.492094878e-03 
  2.424764680e-03 
  2.407032764e-03 
  2.431781730e-03 
  2.455204027e-03 
  2.444039797e-03 
  2.411634894e-03 
  2.400961937e-03 
  2.389466390e-03 
  2.356611658e-03 
  2.343088621e-03 
  2.322853776e-03 
  2.315315185e-03 
  2.302524634e-03 
  2.300494816e-03 
  2.292624675e-03 
  2.314845333e-03 
  2.311073244e-03 
  2.300289925e-03 
  2.240322530e-03 
  2.207784913e-03 
  2.317001577e-03 
  2.265007235e-03 
  2.334298799e-03 
  2.328013303e-03 
  2.316345926e-03 
  2.312110271e-03 
  2.298679668e-03 
  2.294069622e-03 
  2.270696219e-03 
  2.233773703e-03 
  2.256675623e-03 
  2.259808360e-03 
  2.248079283e-03 
  2.240155358e-03 
  2.227233024e-03 
  2.221503993e-03 
  2.212025691e-03 
  2.196615329e-03 
  2.154798713e-03 
  2.157059498e-03 
  2.151329769e-03 
  2.166762715e-03 
  2.139123855e-03 
  2.138540614e-03 
  2.134598559e-03 
  2.124299295e-03 
  2.116534393e-03 
  2.101117512e-03 
  2.088897163e-03 
  2.086124616e-03 
  2.058388432e-03 
  2.011579927e-03 
  2.032640157e-03 
  2.049029339e-03 
  2.040953841e-03 
  2.003199188e-03 
  2.014816040e-03 
  2.011592733e-03 
  2.003705362e-03 
  1.998328138e-03 
  1.940387650e-03 
  1.977264881e-03 
  1.956914784e-03 
  1.951138955e-03 
  1.950837788e-03 
  1.920036389e-03 
  1.868739375e-03 
  1.905860496e-03 
  1.888115657e-03 
  1.884720637e-03 
  1.880490105e-03 
  1.879272633e-03 
  1.862170640e-03 
  1.849768567e-03 
  1.850034692e-03 
  1.781473868e-03 
  1.843748265e-03 
  1.829602639e-03 
  1.803665073e-03 
  1.816423843e-03 
  1.814228483e-03 
  1.806864515e-03 
  1.798332087e-03 
  1.779616228e-03 
  1.792909461e-03 
  1.787692774e-03 
  1.779228798e-03 
  1.749746734e-03 
  1.768483198e-03 
  1.765693887e-03 
  1.761728316e-03 
  1.753183780e-03 
  1.744818641e-03 
  1.656286768e-03 
  1.707141288e-03 
  1.709209871e-03 
  1.703111338e-03 
  1.693991828e-03 
  1.688849996e-03 
  1.689287601e-03 
  1.680489630e-03 
  1.661784947e-03 
  1.658823574e-03 
  1.633309526e-03 
  1.638510264e-03 
  1.632423606e-03 
  1.542460173e-03 
  1.580559066e-03 
  1.571569941e-03 
  1.541155740e-03 
  1.572609995e-03 
  1.574521302e-03 
  1.567589352e-03 
  1.563674188e-03 
  1.579299686e-03 
  1.571876695e-03 
  1.563988160e-03 
  1.579418196e-03 
  1.578335650e-03 
  1.578312134e-03 
  1.575322356e-03 
  1.562556601e-03 
  1.552051050e-03 
  1.554218470e-03 
  1.544267754e-03 
  1.526224194e-03 
  1.514699077e-03 
  1.460267697e-03 
  1.479083556e-03 
  1.462169341e-03 
  1.485675806e-03 
  1.477163401e-03 
  1.454482786e-03 
  1.460124622e-03 
  1.456469530e-03 
  1.385957003e-03 
  1.421987079e-03 
  1.431128127e-03 
  1.413987949e-03 
  1.438359846e-03 
  1.445504953e-03 
  1.431299141e-03 
  1.426379778e-03 
  1.417501830e-03 
  1.404952724e-03 
  1.401568064e-03 
  1.375045278e-03 
  1.353188069e-03 
  1.360422582e-03 
  1.342075644e-03 
  1.332854619e-03 
  1.296141185e-03 
  1.313705929e-03 
  1.313041197e-03 
  1.299017924e-03 
  1.290675718e-03 
  1.284717815e-03 
  1.273490139e-03 
  1.274352195e-03 
  1.264780876e-03 
  1.261223457e-03 
  1.265100320e-03 
  1.254939940e-03 
  1.259837765e-03 
  1.238151337e-03 
  1.198857557e-03 
  1.227939152e-03 
  1.239831327e-03 
  1.250592177e-03 
  1.238364028e-03 
  1.236625947e-03 
  1.256637857e-03 
  1.255588140e-03 
  1.244269894e-03 
  1.229731017e-03 
  1.225921093e-03 
  1.227156143e-03 
  1.198494923e-03 
  1.198932645e-03 
  1.168190269e-03 
  1.160365064e-03 
  1.147316885e-03 
  1.123849885e-03 
  1.134963240e-03 
  1.133407699e-03 
  1.134256250e-03 
  1.077061170e-03 
  1.111095888e-03 
  1.132673002e-03 
  1.127125579e-03 
  1.121907844e-03 
  1.134069636e-03 
  1.128486707e-03 
  1.122967922e-03 
  1.123796683e-03 
  1.068085432e-03 
  1.065825578e-03 
  1.072267652e-03 
  1.078315778e-03 
  1.065993914e-03 
  1.092754654e-03 
  1.086990000e-03 
  1.099540736e-03 
  1.095794141e-03 
  1.091066399e-03 
  1.084132935e-03 
  1.096380060e-03 
  1.084877644e-03 
  1.084379270e-03 
  1.087631914e-03 
  1.078361296e-03 
  1.078210189e-03 
  1.066352008e-03 
  1.061926945e-03 
  1.065549557e-03 
  1.055992208e-03 
  1.039483352e-03 
  1.044598292e-03 
  1.027703169e-03 
  1.017217292e-03 
  1.017300878e-03 
  1.012341119e-03 
  9.962023469e-04 
  9.954797570e-04 
  9.925849736e-04 
  9.778595995e-04 
  9.422542062e-04 
  9.389062761e-04 
  9.065729682e-04 
  9.459111607e-04 
  9.525657515e-04 
  9.790199110e-04 
  9.669410647e-04 
  9.711061139e-04 
  9.829588234e-04 
  9.744309355e-04 
  9.757122607e-04 
  9.711794555e-04 
  9.818132967e-04 
  9.696647176e-04 
  9.673970053e-04 
  9.723185212e-04 
  9.649007698e-04 
  9.525043424e-04 
  9.568239911e-04 
  9.522135952e-04 
  9.208372212e-04 
  9.092414402e-04 
  9.331348701e-04 
  9.254405741e-04 
  9.017391130e-04 
  9.235172183e-04 
  9.067962528e-04 
  8.947877795e-04 
  8.988222107e-04 
  8.716536686e-04 
  8.658845327e-04 
  8.482496487e-04 
  8.224118501e-04 
  8.229424129e-04 
  8.132668445e-04 
  8.119448903e-04 
  8.162869490e-04 
  8.091907366e-04 
  8.074869402e-04 
  8.187242784e-04 
  8.390291478e-04 
  8.290288970e-04 
  8.262272459e-04 
  7.955767214e-04 
  8.357627667e-04 
  8.401581435e-04 
  8.336242754e-04 
  8.199497242e-04 
  8.207460050e-04 
  8.131866343e-04 
  8.020265377e-04 
  7.944275858e-04 
  7.869381225e-04 
  7.683607982e-04 
  7.670374471e-04 
  7.599216769e-04 
  6.995515432e-04 
  7.282124716e-04 
  7.241259445e-04 
  7.116821362e-04 
  6.978596211e-04 
  7.095167530e-04 
  6.743825506e-04 
  6.831404753e-04 
  6.787141901e-04 
  6.256760098e-04 
  6.337083760e-04 
  6.217773189e-04 
  6.017263513e-04 
  5.840274971e-04 
  6.103222258e-04 
  5.865505082e-04 
  5.820138031e-04 
  5.494603538e-04 
  5.729849800e-04 
  5.716016749e-04 
  5.735962768e-04 
  5.704991636e-04 
  5.718457396e-04 
  5.618212745e-04 
  5.730727571e-04 
  5.658195587e-04 
  5.612902460e-04 
  5.723109934e-04 
  5.674280692e-04 
  5.691115512e-04 
  5.615244736e-04 
