  1.555330753e-01 
  4.424758255e-01 
  5.050501823e-01 
  1.409383655e+00 
  1.641240478e+00 
  3.186400652e+00 
  3.601662159e+00 
  5.552194118e+00 
  7.264649391e+00 
  7.935579300e+00 
  9.232379913e+00 
  1.800804520e+01 
  1.569278908e+01 
  2.032816887e+01 
  2.085833359e+01 
  2.557468605e+01 
  1.999863815e+01 
  2.917243385e+01 
  2.842735100e+01 
  3.275094223e+01 
  3.046290207e+01 
  3.928158188e+01 
  3.337479019e+01 
  2.979439163e+01 
  3.783598328e+01 
  4.083578491e+01 
  5.737615967e+01 
  5.758621216e+01 
  4.636992645e+01 
  5.630413437e+01 
  5.847858429e+01 
  4.652194595e+01 
  5.172782898e+01 
  5.824075699e+01 
  4.808331299e+01 
  5.189805984e+01 
  3.882579041e+01 
  3.667241669e+01 
  4.457976151e+01 
  4.472616577e+01 
  4.972232437e+01 
  4.184611130e+01 
  4.364021301e+01 
  4.348303986e+01 
  3.893473816e+01 
  4.985325623e+01 
  5.494849396e+01 
  5.189227676e+01 
  4.849644852e+01 
  5.279742432e+01 
  5.356577301e+01 
  5.046963120e+01 
  5.130211639e+01 
  4.646739578e+01 
  5.322888947e+01 
  5.352328491e+01 
  5.020985413e+01 
  3.183582687e+01 
  3.431950760e+01 
  3.425403214e+01 
  5.041164780e+01 
  3.967226410e+01 
  4.320441055e+01 
  4.561293793e+01 
  4.517982101e+01 
  4.197525024e+01 
  5.716716003e+01 
  5.075138474e+01 
  4.748285294e+01 
  4.531132126e+01 
  5.169830704e+01 
  4.095950317e+01 
  4.276874161e+01 
  4.227371216e+01 
  3.246636581e+01 
  2.948544502e+01 
  4.181075287e+01 
  4.239513397e+01 
  5.431727982e+01 
  4.141744995e+01 
  3.842345810e+01 
  4.272590637e+01 
  3.161994743e+01 
  2.181797600e+01 
  2.375951958e+01 
  3.536695480e+01 
  2.714844894e+01 
  3.080860710e+01 
  3.016190529e+01 
  3.396001434e+01 
  4.067948532e+01 
  4.495724106e+01 
  3.946707916e+01 
  2.090069199e+01 
  2.284630203e+01 
  3.788196182e+01 
  3.851451492e+01 
  1.548349762e+01 
  4.279084778e+01 
  5.068113708e+01 
  4.918352509e+01 
  4.825398254e+01 
  5.047979736e+01 
  4.667049026e+01 
  4.950856400e+01 
  4.482033920e+01 
  4.391349030e+01 
  4.222397614e+01 
  4.516173172e+01 
  4.935466385e+01 
  4.074079895e+01 
  4.723781586e+01 
  4.832975006e+01 
  4.508136749e+01 
  4.368805313e+01 
  4.601387787e+01 
  4.516500473e+01 
  4.324775314e+01 
  4.178286743e+01 
  4.227937698e+01 
  3.534625244e+01 
  4.374258804e+01 
  4.140266800e+01 
  3.454169083e+01 
  3.753337097e+01 
  3.840299988e+01 
  3.647131348e+01 
  3.466039276e+01 
  3.467665863e+01 
  3.117143822e+01 
  2.457854843e+01 
  2.183655357e+01 
  3.884223938e+01 
  3.416869736e+01 
  3.209552383e+01 
  3.451169968e+01 
  3.782343674e+01 
  3.774609756e+01 
  3.342240143e+01 
  3.197022247e+01 
  3.542173767e+01 
  3.490391541e+01 
  3.634280777e+01 
  3.617134094e+01 
  3.553077316e+01 
  3.695389938e+01 
  3.252554321e+01 
  3.668251801e+01 
  3.688029480e+01 
  3.672177124e+01 
  3.710972977e+01 
  3.966475296e+01 
  3.646913910e+01 
  3.348327255e+01 
  3.530926895e+01 
  3.516900253e+01 
  3.562873840e+01 
  3.543946838e+01 
  3.443961334e+01 
  3.406404114e+01 
  3.340468597e+01 
  3.424507141e+01 
  3.332762909e+01 
  3.298135757e+01 
  3.274390793e+01 
  3.192914963e+01 
  3.259755707e+01 
  3.112017059e+01 
  3.259827805e+01 
  3.197051430e+01 
  3.119651794e+01 
  3.081057549e+01 
  3.085608673e+01 
  3.019410896e+01 
  3.011163139e+01 
  3.099129677e+01 
  2.971305656e+01 
  2.912381744e+01 
  3.024507141e+01 
  2.857632828e+01 
  2.884258461e+01 
  2.837498856e+01 
  2.867529297e+01 
  2.841425896e+01 
  2.704430389e+01 
  2.696746635e+01 
  2.164582443e+01 
  2.408722305e+01 
  2.589462471e+01 
  2.383366585e+01 
  2.686643410e+01 
  2.489152145e+01 
  2.368346405e+01 
  2.525583076e+01 
  2.415871811e+01 
  2.557266235e+01 
  2.465853882e+01 
  2.368313789e+01 
  2.289533806e+01 
  2.261525726e+01 
  2.229476738e+01 
  2.158151817e+01 
  2.123082924e+01 
  2.227754974e+01 
  2.052586746e+01 
  2.192480087e+01 
  2.325003624e+01 
  2.142932701e+01 
  2.035856819e+01 
  2.174843597e+01 
  2.087665367e+01 
  2.068778801e+01 
  2.151050949e+01 
  1.950391769e+01 
  1.891750908e+01 
  1.913417053e+01 
  1.991126442e+01 
  1.452946377e+01 
  1.781976318e+01 
  1.672482109e+01 
  1.824201202e+01 
  1.808234787e+01 
  1.862489510e+01 
  1.718890190e+01 
  1.847640800e+01 
  1.815913963e+01 
  1.714636612e+01 
  1.483987427e+01 
  1.765817261e+01 
  1.799233246e+01 
  1.684513855e+01 
  1.816810799e+01 
  1.717452240e+01 
  1.495010757e+01 
  1.611279869e+01 
  1.629425430e+01 
  1.713731575e+01 
  1.575933075e+01 
  1.635183525e+01 
  1.615509987e+01 
  1.567180252e+01 
  1.424567223e+01 
  1.575318050e+01 
  1.493823624e+01 
  1.561993122e+01 
  1.525445747e+01 
  1.478685474e+01 
  1.528282261e+01 
  1.405880642e+01 
  1.466970539e+01 
  1.422684288e+01 
  1.402068233e+01 
  1.450439644e+01 
  1.382145119e+01 
  1.415590191e+01 
  1.407963276e+01 
  1.357974434e+01 
  1.306909943e+01 
  1.345495224e+01 
  1.261436749e+01 
  1.256665707e+01 
  1.369887257e+01 
  1.247107601e+01 
  1.294147778e+01 
  1.265534687e+01 
  1.270018578e+01 
  1.161374378e+01 
  1.235219479e+01 
  1.220462132e+01 
  1.185021973e+01 
  1.181674767e+01 
  1.131330204e+01 
  1.185100746e+01 
  1.187304974e+01 
  1.171585560e+01 
  1.133881569e+01 
  1.104957008e+01 
  1.142996597e+01 
  1.102427101e+01 
  1.087153435e+01 
  1.117953110e+01 
  1.091813660e+01 
  1.101616955e+01 
  1.102287006e+01 
  1.091649342e+01 
  1.077307034e+01 
  1.024124527e+01 
  1.055952835e+01 
  1.037235546e+01 
  9.125419617e+00 
  9.461615562e+00 
  9.984992981e+00 
  9.723938942e+00 
  9.762125969e+00 
  9.780619621e+00 
  9.523562431e+00 
  9.692944527e+00 
  9.647971153e+00 
  9.383812904e+00 
  9.318572044e+00 
  9.257228851e+00 
  9.139227867e+00 
  8.975773811e+00 
  8.971021652e+00 
  9.196603775e+00 
  9.114213943e+00 
  8.949199677e+00 
  8.840356827e+00 
  8.750144958e+00 
  8.603428841e+00 
  8.410211563e+00 
  8.491169930e+00 
  8.326194763e+00 
  8.151257515e+00 
  7.805899620e+00 
  8.126694679e+00 
  7.676711559e+00 
  7.669777870e+00 
  7.978646278e+00 
  7.853022575e+00 
  7.916007042e+00 
  7.998272896e+00 
  7.525244236e+00 
  7.532387733e+00 
  7.489359379e+00 
  7.236808777e+00 
  7.222691536e+00 
  7.281854153e+00 
  7.061856747e+00 
  7.240790844e+00 
  6.955759525e+00 
  7.179940701e+00 
  6.653919697e+00 
  7.105384827e+00 
  6.859364510e+00 
  6.946168423e+00 
  6.665217876e+00 
  6.847736835e+00 
  6.918719292e+00 
  6.822783947e+00 
  6.572540760e+00 
  6.628934860e+00 
  6.512147427e+00 
  6.583203793e+00 
  6.469090462e+00 
  6.481175423e+00 
  6.193126202e+00 
  6.237532139e+00 
  6.187575817e+00 
  6.273448467e+00 
  5.783238411e+00 
  6.191782951e+00 
  6.030899048e+00 
  6.121030331e+00 
  6.003477097e+00 
  5.807497025e+00 
  4.901467323e+00 
  5.200795174e+00 
  5.760781765e+00 
  5.737217903e+00 
  5.749389648e+00 
  5.745738983e+00 
  5.796065807e+00 
  5.696506500e+00 
  5.573407173e+00 
  5.564906120e+00 
  5.599381447e+00 
  5.456287384e+00 
  5.455687523e+00 
  5.501688004e+00 
  5.403956890e+00 
  5.315475941e+00 
  5.267137527e+00 
  5.273826122e+00 
  5.253176212e+00 
  5.142736912e+00 
  5.209155083e+00 
  5.075574875e+00 
  5.129285812e+00 
  5.026980877e+00 
  4.958069324e+00 
  4.933385372e+00 
  4.893760204e+00 
  4.896948814e+00 
  4.778996944e+00 
  4.805748940e+00 
  4.557387829e+00 
  4.078549862e+00 
  4.177694321e+00 
  4.129011154e+00 
  4.189596176e+00 
  4.276195049e+00 
  4.288315773e+00 
  4.280917645e+00 
  4.278121471e+00 
  4.210131645e+00 
  4.252734661e+00 
  4.312185764e+00 
  4.191193104e+00 
  4.178539276e+00 
  4.115834713e+00 
  3.986860991e+00 
  3.954121828e+00 
  4.038563728e+00 
  4.029205799e+00 
  4.014488697e+00 
  3.953059912e+00 
  3.878461123e+00 
  3.976408243e+00 
  3.829689264e+00 
  3.877378702e+00 
  3.834258080e+00 
  3.774883509e+00 
  3.724398136e+00 
  3.761380672e+00 
  3.589452267e+00 
  3.641751051e+00 
  3.405946732e+00 
  3.299896955e+00 
  3.219441175e+00 
  3.189155579e+00 
  3.324402809e+00 
  3.414867640e+00 
  3.352368355e+00 
  3.259660959e+00 
  3.218719244e+00 
  3.190563202e+00 
  3.232080460e+00 
  3.145256281e+00 
  3.035458803e+00 
  3.124137402e+00 
  3.048572302e+00 
  3.145567656e+00 
  3.137662172e+00 
  3.214169264e+00 
  3.160134315e+00 
  3.065660238e+00 
  3.102383852e+00 
  3.095891714e+00 
  2.987045765e+00 
  3.017083645e+00 
  2.987360716e+00 
  2.926342726e+00 
  3.004543781e+00 
  3.021456957e+00 
  2.930568933e+00 
  2.958130360e+00 
  2.988304853e+00 
  2.919734478e+00 
  2.905591488e+00 
  2.846252441e+00 
  2.823701620e+00 
  2.853579283e+00 
  2.811982393e+00 
  2.841014862e+00 
  2.809635162e+00 
  2.739973307e+00 
  2.745123386e+00 
  2.721819401e+00 
  2.452298641e+00 
  1.265999913e+00 
  1.156165957e+00 
  1.756581545e+00 
  1.588281274e+00 
  1.685748458e+00 
  1.918058872e+00 
  2.068076849e+00 
  2.216258764e+00 
  2.387840748e+00 
  2.434904814e+00 
  2.446612358e+00 
  2.453247070e+00 
  2.435085058e+00 
  2.414217949e+00 
  2.429170847e+00 
  2.326582670e+00 
  2.410283327e+00 
  2.381067991e+00 
  2.355748892e+00 
  2.350877285e+00 
  2.309481144e+00 
  2.294106483e+00 
  2.309464693e+00 
  2.243591070e+00 
  2.243789911e+00 
  2.235091209e+00 
  2.180890799e+00 
  2.195014715e+00 
  2.147048235e+00 
  2.135438919e+00 
  2.101744413e+00 
  2.082446575e+00 
  2.041071892e+00 
  2.033672571e+00 
  2.013531446e+00 
  1.985389590e+00 
  1.991652012e+00 
  1.998641253e+00 
  2.000371218e+00 
  1.986000419e+00 
  1.916881204e+00 
  1.943423510e+00 
  1.929034710e+00 
  1.892808557e+00 
  1.903783798e+00 
  1.849116921e+00 
  1.893887997e+00 
  1.873226762e+00 
  1.849853873e+00 
  1.806382895e+00 
  1.785928488e+00 
  1.798734903e+00 
  1.774787188e+00 
  1.747902393e+00 
  1.723277569e+00 
  1.680145383e+00 
  1.637257695e+00 
  1.639925361e+00 
  1.623319626e+00 
  1.578040242e+00 
  1.561673164e+00 
  1.633464813e+00 
  1.558741570e+00 
  1.519453526e+00 
  1.579037428e+00 
  1.599944115e+00 
  1.596635222e+00 
  1.579564929e+00 
  1.548796892e+00 
  1.547282457e+00 
  1.523020029e+00 
  1.490738750e+00 
  1.514610887e+00 
  1.464635849e+00 
  1.484145761e+00 
  1.489251018e+00 
  1.496211171e+00 
  1.476288795e+00 
  1.478817463e+00 
  1.428239942e+00 
  1.460281491e+00 
  1.454441547e+00 
  1.440588117e+00 
  1.429037213e+00 
  1.400942922e+00 
  1.416458845e+00 
  1.422469616e+00 
  1.368176222e+00 
  1.400379539e+00 
  1.396416664e+00 
  1.200774193e+00 
  1.368042231e+00 
  1.309939265e+00 
  1.320261955e+00 
  1.056293845e+00 
  1.157886624e+00 
  1.308588028e+00 
  1.323786974e+00 
  1.296673656e+00 
  1.291107297e+00 
  1.273810625e+00 
  1.267647386e+00 
  1.257676005e+00 
  1.275672078e+00 
  1.267219782e+00 
  1.237830639e+00 
  1.033420205e+00 
  1.095274210e+00 
  1.182281017e+00 
  1.160248399e+00 
  1.202411532e+00 
  1.195110321e+00 
  1.184809804e+00 
  1.183918834e+00 
  1.152520180e+00 
  1.136582136e+00 
  1.140577674e+00 
  1.157873631e+00 
  1.132430434e+00 
  1.129747987e+00 
  1.117806673e+00 
  1.054650784e+00 
  1.107616901e+00 
  1.077466249e+00 
  1.081649184e+00 
  1.087353945e+00 
  1.046296954e+00 
  1.031283498e+00 
  1.057250857e+00 
  1.059628129e+00 
  1.051042199e+00 
  1.040281415e+00 
  1.029617190e+00 
  9.783176184e-01 
  1.002371550e+00 
  9.358882904e-01 
  9.522746801e-01 
  9.104278088e-01 
  9.007671475e-01 
  8.767883182e-01 
  8.536126018e-01 
  8.269551992e-01 
  8.089527488e-01 
  8.801221848e-01 
  9.094349146e-01 
  9.021793604e-01 
  8.615171909e-01 
  8.507116437e-01 
  8.108609915e-01 
  7.939855456e-01 
  8.018094897e-01 
  8.045525551e-01 
  7.985724807e-01 
  7.956736088e-01 
  7.958467603e-01 
  7.851207852e-01 
  7.931374907e-01 
  7.810044885e-01 
  7.784076333e-01 
  8.021318913e-01 
  8.044694662e-01 
  7.804849148e-01 
  7.698457837e-01 
  7.308619618e-01 
  7.500309944e-01 
  7.559360266e-01 
  7.253479362e-01 
  7.394620180e-01 
  7.266091704e-01 
  6.936368942e-01 
  6.640852690e-01 
  6.336007118e-01 
  5.903339982e-01 
  5.649178624e-01 
  5.334494710e-01 
  5.207551718e-01 
  5.239095092e-01 
  5.309682488e-01 
  5.494167805e-01 
  6.235251427e-01 
  6.284804344e-01 
  6.026495099e-01 
  5.558750629e-01 
  5.469189882e-01 
  5.271737576e-01 
  5.423684716e-01 
  5.481253862e-01 
  5.538955331e-01 
  5.615948439e-01 
  5.601661205e-01 
  5.558395982e-01 
  5.650951266e-01 
  5.469076633e-01 
  5.541672707e-01 
  5.583097935e-01 
  5.105522871e-01 
  5.403654575e-01 
  5.672084689e-01 
  5.730834007e-01 
  5.681108832e-01 
  5.590573549e-01 
  5.484111905e-01 
  5.510405898e-01 
  5.632019639e-01 
  5.566792488e-01 
  5.597253442e-01 
  5.421436429e-01 
  5.668958426e-01 
  5.770184994e-01 
  5.872628689e-01 
  5.869344473e-01 
  5.790755153e-01 
  5.781120658e-01 
  5.646026134e-01 
  5.469881296e-01 
  5.432928205e-01 
  5.527271032e-01 
  5.450074673e-01 
  5.554554462e-01 
  5.393767357e-01 
  5.539820194e-01 
  5.576893091e-01 
  5.520511270e-01 
  5.532773733e-01 
  5.525808334e-01 
  5.531233549e-01 
  5.503829718e-01 
  5.561623573e-01 
  5.474544764e-01 
  5.385370851e-01 
  5.413218737e-01 
  5.450327396e-01 
  5.382187963e-01 
  5.358362198e-01 
  5.378311276e-01 
  5.327020884e-01 
  5.304062366e-01 
  5.281914473e-01 
  5.233872533e-01 
  5.196785331e-01 
  5.136572719e-01 
  5.132925510e-01 
  5.084742308e-01 
  5.009729862e-01 
  4.959034026e-01 
  4.617953300e-01 
  4.842241406e-01 
  4.906900525e-01 
  4.892309904e-01 
  4.822990894e-01 
  4.830375314e-01 
  4.806119800e-01 
  4.796696305e-01 
  4.746683240e-01 
  4.760996997e-01 
  4.654842615e-01 
  4.668516219e-01 
  4.605756998e-01 
  4.643756449e-01 
  4.512403607e-01 
  4.487385154e-01 
  4.518980384e-01 
  4.427686036e-01 
  4.488593042e-01 
  4.444319904e-01 
  4.433554411e-01 
  4.426477253e-01 
  4.380078614e-01 
  4.374850988e-01 
  4.295721352e-01 
  4.326022863e-01 
  4.297356904e-01 
  4.267050922e-01 
  4.172472954e-01 
  4.200721085e-01 
  4.139942527e-01 
  4.176574051e-01 
  4.072268009e-01 
  4.096544981e-01 
  4.096827805e-01 
  4.032108188e-01 
  4.037252367e-01 
  4.033173025e-01 
  3.947929740e-01 
  3.971135616e-01 
  3.938103318e-01 
  3.808082640e-01 
  3.862214088e-01 
  3.884244859e-01 
  3.842706978e-01 
  3.804082572e-01 
  3.788988292e-01 
  3.755820394e-01 
  3.742352724e-01 
  3.688591421e-01 
  3.700276017e-01 
  3.675077856e-01 
  3.652673066e-01 
  3.597823381e-01 
  3.470799029e-01 
  3.582214713e-01 
  3.442954123e-01 
  3.522982001e-01 
  3.448428810e-01 
  3.477865160e-01 
  3.458367288e-01 
  3.339380622e-01 
  3.404450119e-01 
  3.376581073e-01 
  3.110412657e-01 
  3.284449875e-01 
  3.276796937e-01 
  3.273178935e-01 
  3.153970540e-01 
  3.253643811e-01 
  3.145276010e-01 
  3.200471103e-01 
  3.179181516e-01 
  3.173653185e-01 
  3.039338589e-01 
  3.108887672e-01 
  2.983650565e-01 
  3.014814556e-01 
  2.918399572e-01 
  3.013571799e-01 
  2.951111794e-01 
  2.981665730e-01 
  2.801626921e-01 
  2.961688042e-01 
  2.821926773e-01 
  2.869831324e-01 
  2.881010771e-01 
  2.796309590e-01 
  2.735310793e-01 
  2.474040091e-01 
  2.669177055e-01 
  2.649472356e-01 
  2.601276934e-01 
  2.515892088e-01 
  2.471787930e-01 
  2.507423759e-01 
  2.498821765e-01 
  2.383562028e-01 
  2.472562343e-01 
  2.438370883e-01 
  2.407779545e-01 
  2.360801548e-01 
  2.353519201e-01 
  2.340241224e-01 
  2.357028574e-01 
  2.357337475e-01 
  2.309369892e-01 
  2.233211547e-01 
  2.151875049e-01 
  2.148546875e-01 
  2.040275484e-01 
  1.960095465e-01 
  1.867989302e-01 
  1.750980020e-01 
  1.648712754e-01 
  1.588904560e-01 
  1.580387503e-01 
  1.508477181e-01 
  1.542377770e-01 
  1.561511308e-01 
  1.512506157e-01 
  1.473871171e-01 
  1.523175985e-01 
  1.499229223e-01 
  1.559131294e-01 
  1.687686443e-01 
  1.738905460e-01 
  1.683104932e-01 
  1.541602015e-01 
  1.354524940e-01 
  1.379929632e-01 
  1.547029465e-01 
  1.656841636e-01 
  1.683962792e-01 
  1.744920909e-01 
  1.725678295e-01 
  1.635742188e-01 
  1.661691368e-01 
  1.588402092e-01 
  1.530352980e-01 
  1.474580765e-01 
  1.498700529e-01 
  1.547541618e-01 
  1.569426656e-01 
  1.585790366e-01 
  1.574457586e-01 
  1.589738727e-01 
  1.593808681e-01 
  1.603887379e-01 
  1.601392776e-01 
  1.640639156e-01 
  1.651820987e-01 
  1.742403507e-01 
  1.770589650e-01 
  1.768009067e-01 
  1.751045585e-01 
  1.735557467e-01 
  1.814025193e-01 
  1.842250526e-01 
  1.804796308e-01 
  1.835802644e-01 
  1.787745506e-01 
  1.814219505e-01 
  1.822424829e-01 
  1.757057756e-01 
  1.801762134e-01 
  1.813695729e-01 
  1.795980483e-01 
  1.771953106e-01 
  1.767049432e-01 
  1.755138338e-01 
  1.720552593e-01 
  1.760912985e-01 
  1.712133586e-01 
  1.698772758e-01 
  1.711895615e-01 
  1.685895771e-01 
  1.671161205e-01 
  1.569663882e-01 
  1.641426682e-01 
  1.673466563e-01 
  1.653068513e-01 
  1.632217169e-01 
  1.614807397e-01 
  1.524402350e-01 
  1.618983299e-01 
  1.646551341e-01 
  1.643464416e-01 
  1.636078805e-01 
  1.625767797e-01 
  1.591249108e-01 
  1.586339623e-01 
  1.575479656e-01 
  1.516239792e-01 
  1.449197233e-01 
  1.539095491e-01 
  1.545566767e-01 
  1.542170346e-01 
  1.457556933e-01 
  1.477801800e-01 
  1.523948759e-01 
  1.518093348e-01 
  1.526854932e-01 
  1.497709006e-01 
  1.395960599e-01 
  1.482986957e-01 
  1.428102702e-01 
  1.469939500e-01 
  1.477864683e-01 
  1.465550661e-01 
  1.468117237e-01 
  1.467827857e-01 
  1.467293650e-01 
  1.459496021e-01 
  1.441721171e-01 
  1.447164714e-01 
  1.441038996e-01 
  1.429247409e-01 
  1.418478936e-01 
  1.430135816e-01 
  1.418752521e-01 
  1.420597136e-01 
  1.370385438e-01 
  1.411446631e-01 
  1.407342106e-01 
  1.400198191e-01 
  1.396760345e-01 
  1.376759261e-01 
  1.383289099e-01 
  1.376855820e-01 
  1.363773346e-01 
  1.367975920e-01 
  1.364290267e-01 
  1.359078735e-01 
  1.339114606e-01 
  1.328389049e-01 
  1.335182637e-01 
  1.322363615e-01 
  1.302872896e-01 
  1.285618991e-01 
  1.302593946e-01 
  1.287371814e-01 
  1.275274456e-01 
  1.280097514e-01 
  1.270352304e-01 
  1.260042340e-01 
  1.245750934e-01 
  1.236225367e-01 
  1.220252588e-01 
  1.216170937e-01 
  1.207535192e-01 
  1.198505908e-01 
  1.177352890e-01 
  1.171517298e-01 
  1.148857549e-01 
  1.140139103e-01 
  1.127184853e-01 
  1.085882559e-01 
  1.090046242e-01 
  1.065960526e-01 
  1.063139439e-01 
  1.061343476e-01 
  1.032244042e-01 
  1.012096256e-01 
  1.015471518e-01 
  1.040991321e-01 
  1.052307263e-01 
  1.052890271e-01 
  1.054586247e-01 
  1.052103043e-01 
  1.059129909e-01 
  1.060579419e-01 
  1.059063151e-01 
  1.055751294e-01 
  1.047699973e-01 
  1.042193398e-01 
  1.013138816e-01 
  8.998759836e-02 
  9.871405363e-02 
  1.025740430e-01 
  1.031666622e-01 
  1.027427167e-01 
  1.028545350e-01 
  1.010375023e-01 
  1.010999233e-01 
  9.847880900e-02 
  9.969452024e-02 
  1.002342254e-01 
  1.000826433e-01 
  9.784354270e-02 
  9.801718593e-02 
  9.720142186e-02 
  9.584005177e-02 
  9.468036145e-02 
  9.532918781e-02 
  9.459880739e-02 
  9.405583888e-02 
  9.225028753e-02 
  9.052578360e-02 
  8.997417986e-02 
  9.009795636e-02 
  8.976988494e-02 
  8.901156485e-02 
  8.814235777e-02 
  8.705791831e-02 
  8.634523302e-02 
  8.582958579e-02 
  8.442934602e-02 
  7.985719293e-02 
  8.153501153e-02 
  7.893094420e-02 
  8.112873137e-02 
  8.171471953e-02 
  7.937442511e-02 
  7.883489877e-02 
  7.645176351e-02 
  7.529410720e-02 
  7.592950016e-02 
  7.696960121e-02 
  7.734471560e-02 
  7.656253874e-02 
  7.495566458e-02 
  7.193937898e-02 
  6.952092797e-02 
  6.273230165e-02 
  6.205597147e-02 
  6.119310483e-02 
  5.995602533e-02 
  6.220585480e-02 
  6.328848004e-02 
  6.401437521e-02 
  6.346574426e-02 
  6.369546801e-02 
  6.406470388e-02 
  6.355305761e-02 
  6.343044341e-02 
  6.407611072e-02 
  6.380275637e-02 
  6.197079644e-02 
  5.953041837e-02 
  5.406234041e-02 
  5.000507832e-02 
  4.794611782e-02 
  4.477982223e-02 
  4.334542528e-02 
  4.017895460e-02 
  3.871420026e-02 
  3.700781986e-02 
  3.465274721e-02 
  3.334750608e-02 
  3.188661858e-02 
  3.064534068e-02 
  2.911257185e-02 
  2.851561084e-02 
  2.684357017e-02 
  2.540544793e-02 
  2.530357614e-02 
  2.495744824e-02 
  2.521515638e-02 
  2.576968260e-02 
  2.573618293e-02 
  2.598654106e-02 
  2.526265010e-02 
  2.505718172e-02 
  2.457277849e-02 
  2.550565638e-02 
  2.696580254e-02 
  2.912409790e-02 
  3.037694097e-02 
  3.121988289e-02 
  3.096690960e-02 
  3.020862676e-02 
  2.998510376e-02 
  2.867302857e-02 
  2.754728496e-02 
  2.558518015e-02 
  2.429496869e-02 
  2.317486145e-02 
  2.327672951e-02 
  2.417566814e-02 
  2.471674606e-02 
  2.599427663e-02 
  2.752442844e-02 
  2.874243818e-02 
  2.928259037e-02 
  2.881136909e-02 
  2.874320932e-02 
  2.745619416e-02 
  2.632225864e-02 
  2.518103085e-02 
  2.544712089e-02 
  2.658578567e-02 
  2.744050324e-02 
  2.746447735e-02 
  2.701902203e-02 
  2.606039681e-02 
  2.623099461e-02 
  2.735527977e-02 
  2.765284479e-02 
  2.718310431e-02 
  2.725119889e-02 
  2.688896656e-02 
  2.692315914e-02 
  2.755599283e-02 
  2.834621072e-02 
  2.931701206e-02 
  3.035497107e-02 
  2.911516279e-02 
  3.006893210e-02 
  3.020558506e-02 
  3.076917492e-02 
  3.115728311e-02 
  3.144754842e-02 
  3.143772110e-02 
  3.100915626e-02 
  3.105712868e-02 
  3.237786889e-02 
  3.199139610e-02 
  3.188762814e-02 
  3.178615123e-02 
  3.202850372e-02 
  3.068848327e-02 
  3.147644177e-02 
  3.236589953e-02 
  3.183653206e-02 
  3.089183941e-02 
  2.990092710e-02 
  2.990294434e-02 
  2.981770597e-02 
  2.895497903e-02 
  2.977150679e-02 
  2.991760522e-02 
  3.005526587e-02 
  3.049836867e-02 
  3.088243306e-02 
  2.915812470e-02 
  3.071704507e-02 
  2.977781557e-02 
  3.020505607e-02 
  3.048644774e-02 
  3.039290383e-02 
  3.104759939e-02 
  3.121173382e-02 
  3.144375607e-02 
  3.114385717e-02 
  3.046288714e-02 
  3.038898855e-02 
  3.058653697e-02 
  3.221959993e-02 
  3.342868760e-02 
  3.369970620e-02 
  3.434078395e-02 
  3.468725830e-02 
  3.518981859e-02 
  3.466669098e-02 
  3.350901604e-02 
  3.307865560e-02 
  3.196695447e-02 
  3.166197613e-02 
  3.137173504e-02 
  3.118276782e-02 
  2.977759391e-02 
  3.002393618e-02 
  2.876623534e-02 
  2.831835300e-02 
  2.783383243e-02 
  2.807051875e-02 
  2.917594463e-02 
  3.074840084e-02 
  3.089368716e-02 
  3.143959120e-02 
  3.140329942e-02 
  3.105549514e-02 
  3.017917648e-02 
  3.000832908e-02 
  3.032950871e-02 
  3.026333824e-02 
  3.107351623e-02 
  3.049840778e-02 
  3.068677336e-02 
  3.111514822e-02 
  3.094130754e-02 
  3.186171874e-02 
  2.783485502e-02 
  3.312464431e-02 
  3.422542661e-02 
  3.506229818e-02 
  3.426774964e-02 
  3.529482335e-02 
  3.511463106e-02 
  3.515081853e-02 
  3.465863317e-02 
  3.541174158e-02 
  3.622088954e-02 
  3.604290262e-02 
  3.693507984e-02 
  3.667462990e-02 
  3.609360754e-02 
  3.220665082e-02 
  3.358126059e-02 
  3.375881538e-02 
  3.413451836e-02 
  3.595259041e-02 
  3.548036888e-02 
  3.573400900e-02 
  3.626072779e-02 
  3.646855801e-02 
  3.578276560e-02 
  3.566693515e-02 
  3.508631513e-02 
  3.578455374e-02 
  3.539398313e-02 
  3.518725559e-02 
  3.593406454e-02 
  3.553618863e-02 
  3.595585003e-02 
  3.533492237e-02 
  3.503780812e-02 
  3.583798558e-02 
  3.542982787e-02 
  3.448518366e-02 
  3.537181392e-02 
  3.495419398e-02 
  3.515568376e-02 
  3.495169058e-02 
  3.266248107e-02 
  3.483800218e-02 
  3.455532715e-02 
  3.430925682e-02 
  3.371361643e-02 
  3.377368674e-02 
  3.413648903e-02 
  3.419303894e-02 
  3.320267797e-02 
  3.383306786e-02 
  3.252835572e-02 
  3.313444555e-02 
  3.324463591e-02 
  3.308115527e-02 
  3.343895078e-02 
  3.349903226e-02 
  3.344492987e-02 
  3.305100277e-02 
  3.200035542e-02 
  3.273514286e-02 
  3.247135133e-02 
  3.221897781e-02 
  3.268716857e-02 
  3.244130313e-02 
  3.116400726e-02 
  3.160203621e-02 
  3.091590106e-02 
  3.184483573e-02 
  3.151425719e-02 
  3.143368661e-02 
  3.081095964e-02 
  3.144800290e-02 
  3.135502338e-02 
  3.078484908e-02 
  3.005765192e-02 
  3.038627096e-02 
  2.973390184e-02 
  2.954149805e-02 
  2.869777754e-02 
  2.856525220e-02 
  2.764730342e-02 
  2.831558324e-02 
  2.820437029e-02 
  2.771583013e-02 
  2.777796611e-02 
  2.575781383e-02 
  2.760183997e-02 
  2.487540804e-02 
  2.717344090e-02 
  2.729239874e-02 
  2.783975936e-02 
  2.758502215e-02 
  2.703441866e-02 
  2.737070620e-02 
  2.712344751e-02 
  2.790693194e-02 
  2.748667449e-02 
  2.715809643e-02 
  2.669463679e-02 
  2.437417023e-02 
  2.619354427e-02 
  2.554357983e-02 
  2.682114579e-02 
  2.731551416e-02 
  2.700743079e-02 
  2.702972479e-02 
  2.525607869e-02 
  2.607708611e-02 
  2.629968524e-02 
  2.513540536e-02 
  2.532316186e-02 
  2.419624850e-02 
  2.470550314e-02 
  2.450226247e-02 
  2.482421324e-02 
  2.439587750e-02 
  2.426691726e-02 
  2.428532764e-02 
  2.448510192e-02 
  2.433007397e-02 
  2.278078906e-02 
  2.347260155e-02 
  2.374085039e-02 
  2.430888265e-02 
  2.401032485e-02 
  2.442347258e-02 
  2.289678156e-02 
  2.357507497e-02 
  2.424916066e-02 
  2.417586371e-02 
  2.356480993e-02 
  2.319711260e-02 
  2.372201718e-02 
  2.416823618e-02 
  2.429022454e-02 
  2.365611866e-02 
  2.385971136e-02 
  2.377363294e-02 
  2.389308065e-02 
  2.381785959e-02 
  2.309269272e-02 
  2.339599654e-02 
  2.331728488e-02 
  2.294839546e-02 
  2.232271060e-02 
  2.286483161e-02 
  2.271657810e-02 
  2.160371095e-02 
  2.139347605e-02 
  2.107141726e-02 
  2.111187205e-02 
  2.090592124e-02 
  2.082849108e-02 
  2.130608261e-02 
  2.092315070e-02 
  2.090892009e-02 
  2.110843360e-02 
  2.125289291e-02 
  2.110574394e-02 
  2.057219110e-02 
  2.104225010e-02 
  2.052815445e-02 
  2.089578472e-02 
  2.064088732e-02 
  2.082166448e-02 
  2.038784698e-02 
  2.075453848e-02 
  2.055377513e-02 
  2.063913643e-02 
  2.021851018e-02 
  2.040079981e-02 
  2.043011785e-02 
  2.021918446e-02 
  2.002515085e-02 
  1.987102814e-02 
  1.962168328e-02 
  1.949316077e-02 
  1.965854503e-02 
  1.927898452e-02 
  1.929030567e-02 
  1.967403479e-02 
  1.950243488e-02 
  1.853485592e-02 
  1.901637390e-02 
  1.905450039e-02 
  1.883205213e-02 
  1.848430187e-02 
  1.853280701e-02 
  1.859021559e-02 
  1.829213463e-02 
  1.762204245e-02 
  1.697158813e-02 
  1.741970330e-02 
  1.780588552e-02 
  1.809213869e-02 
  1.810049638e-02 
  1.784051023e-02 
  1.787488908e-02 
  1.784286276e-02 
  1.758626848e-02 
  1.752996631e-02 
  1.771469228e-02 
  1.770500094e-02 
  1.760050654e-02 
  1.753425971e-02 
  1.749876700e-02 
  1.735485718e-02 
  1.720698550e-02 
  1.727028191e-02 
  1.711865328e-02 
  1.686364785e-02 
  1.685298793e-02 
  1.675770059e-02 
  1.637842506e-02 
  1.663441584e-02 
  1.667046174e-02 
  1.642419212e-02 
  1.634533890e-02 
  1.585487276e-02 
  1.610674337e-02 
  1.624395326e-02 
  1.497477572e-02 
  1.598183624e-02 
  1.602436975e-02 
  1.598835364e-02 
  1.596136950e-02 
  1.584068127e-02 
  1.565523259e-02 
  1.553561538e-02 
  1.563084312e-02 
  1.524035633e-02 
  1.498190686e-02 
  1.520154998e-02 
  1.440687850e-02 
  1.458991971e-02 
  1.476420369e-02 
  1.488271635e-02 
  1.477638166e-02 
  1.441937499e-02 
  1.467963122e-02 
  1.467421837e-02 
  1.443302073e-02 
  1.423777640e-02 
  1.330018044e-02 
  1.352724060e-02 
  1.358010806e-02 
  1.289175358e-02 
  1.269052923e-02 
  1.328137424e-02 
  1.345699374e-02 
  1.347393263e-02 
  1.313214097e-02 
  1.351406053e-02 
  1.326200087e-02 
  1.341688540e-02 
  1.299564447e-02 
  1.306125242e-02 
  1.270837616e-02 
  1.314898580e-02 
  1.301510073e-02 
  1.295611449e-02 
  1.271762419e-02 
  1.278209314e-02 
  1.278846152e-02 
  1.276346110e-02 
  1.253899280e-02 
  1.264464576e-02 
  1.262483466e-02 
  1.249794010e-02 
  1.252067834e-02 
  1.240525115e-02 
  1.215382759e-02 
  1.182529237e-02 
  1.192704961e-02 
  1.166078541e-02 
  1.183726639e-02 
  1.174731925e-02 
  1.171838772e-02 
  1.152440347e-02 
  1.158232428e-02 
  1.137082186e-02 
  1.136494707e-02 
  1.133767515e-02 
  1.131553855e-02 
  1.104559563e-02 
  1.073599048e-02 
  1.068589278e-02 
  1.037380286e-02 
  1.019204594e-02 
  1.027135085e-02 
  1.018614043e-02 
  1.015467849e-02 
  9.998329915e-03 
  9.823994711e-03 
  9.810139425e-03 
  9.742906317e-03 
  9.798975661e-03 
  9.855757467e-03 
  9.799327701e-03 
  9.516492486e-03 
  9.422541596e-03 
  9.181890637e-03 
  9.028870612e-03 
  8.737213910e-03 
  8.429477923e-03 
  8.480128832e-03 
  8.187127300e-03 
  7.863046601e-03 
  7.873257622e-03 
  7.496110164e-03 
  7.440225221e-03 
  6.979394238e-03 
  6.741429679e-03 
  6.695498712e-03 
  6.765638944e-03 
  6.723141298e-03 
  6.531886756e-03 
  6.420408376e-03 
  6.334125064e-03 
  6.145634223e-03 
  5.880349781e-03 
  5.858269520e-03 
  5.631721579e-03 
  5.630630534e-03 
  5.458479282e-03 
  5.141906906e-03 
  5.059491377e-03 
  4.793363158e-03 
  4.460746888e-03 
  4.652007017e-03 
  4.709099885e-03 
  4.731912166e-03 
  4.657168873e-03 
  4.574272782e-03 
  4.681858700e-03 
  4.416856449e-03 
  4.428927787e-03 
  4.273726605e-03 
  4.224334378e-03 
  3.899217583e-03 
  3.845015774e-03 
  3.825542750e-03 
  3.724834416e-03 
  3.579856595e-03 
  3.561127000e-03 
  3.344425932e-03 
  3.341811243e-03 
  3.275972558e-03 
  3.160628956e-03 
  3.288538894e-03 
  3.305128776e-03 
  3.367439844e-03 
  3.398941131e-03 
  3.280335339e-03 
  3.454834223e-03 
  3.432184458e-03 
  3.393906401e-03 
  3.141228342e-03 
  3.226176370e-03 
  3.268714994e-03 
  3.286580089e-03 
  3.260586411e-03 
  3.232660936e-03 
  3.151747864e-03 
  3.198292106e-03 
  3.196228063e-03 
  3.080151742e-03 
  3.196366364e-03 
  3.239838406e-03 
  3.301800927e-03 
  3.253733274e-03 
  3.408630379e-03 
  3.373258514e-03 
  3.383027390e-03 
  3.339228686e-03 
  3.343512770e-03 
  3.129062708e-03 
  3.069052473e-03 
  2.837056061e-03 
  2.897019265e-03 
  2.677720739e-03 
  2.558095148e-03 
  2.530299127e-03 
  2.535679378e-03 
  2.524919342e-03 
  2.466986887e-03 
  2.287667012e-03 
  2.873573452e-03 
  3.099873429e-03 
  3.157814732e-03 
  3.176061669e-03 
  3.263847204e-03 
  3.318912582e-03 
  3.339435440e-03 
  3.347089048e-03 
  3.320239717e-03 
  3.203039989e-03 
  3.352316329e-03 
  3.298388561e-03 
  3.235324752e-03 
  3.106276039e-03 
  3.203826724e-03 
  3.098130692e-03 
  2.964289393e-03 
  3.076168941e-03 
  2.994194394e-03 
  2.866104711e-03 
  2.845930867e-03 
  2.785923192e-03 
  2.735072514e-03 
  2.697068034e-03 
  2.713283757e-03 
  2.666576067e-03 
  2.679538680e-03 
  2.648824826e-03 
  2.747943858e-03 
  2.752348082e-03 
  2.824884607e-03 
  2.765406389e-03 
  2.811986255e-03 
  2.808983903e-03 
  2.797806403e-03 
  2.709308406e-03 
  2.840343630e-03 
  2.902719658e-03 
  2.876876388e-03 
  2.981260186e-03 
  2.989958273e-03 
  3.055665176e-03 
  3.035751171e-03 
  3.010546090e-03 
  3.124363022e-03 
  3.177711973e-03 
  3.135571023e-03 
  3.190179821e-03 
  3.168182448e-03 
  3.178388346e-03 
  3.182015615e-03 
  3.142949194e-03 
  3.079379909e-03 
  3.194447141e-03 
  3.194289980e-03 
  3.285421291e-03 
  3.224077402e-03 
  3.346552374e-03 
  3.365074983e-03 
  3.403340001e-03 
  3.398247063e-03 
  3.456124570e-03 
  3.295019967e-03 
  3.402724862e-03 
  3.428291064e-03 
  3.451572498e-03 
  3.343041753e-03 
  3.187211696e-03 
  2.988178050e-03 
  3.179438645e-03 
  3.370544640e-03 
  3.396426095e-03 
  3.429550678e-03 
  3.298283555e-03 
  3.195829224e-03 
  3.181253560e-03 
  3.258713055e-03 
  3.194302786e-03 
  3.183559515e-03 
  3.118063789e-03 
  3.193238284e-03 
  3.201477462e-03 
  3.321117023e-03 
  3.289238317e-03 
  3.449925687e-03 
  3.374301828e-03 
  3.481145948e-03 
  3.477956168e-03 
  3.757293802e-03 
  3.657925874e-03 
  3.910374828e-03 
  3.914154135e-03 
  4.075951409e-03 
  4.103436135e-03 
  4.256757442e-03 
  4.214706365e-03 
  4.158375785e-03 
  4.263672512e-03 
  4.468367435e-03 
  4.462372046e-03 
  4.539306276e-03 
  4.299349152e-03 
  4.613914527e-03 
  4.460121505e-03 
  4.590736702e-03 
  4.622030538e-03 
  4.656273406e-03 
  4.596380051e-03 
  4.608658608e-03 
  4.507376812e-03 
  4.521515220e-03 
  4.635490477e-03 
  4.603019916e-03 
  4.580586217e-03 
  4.527756944e-03 
  4.455615766e-03 
  4.254709929e-03 
  4.280430265e-03 
  4.112496041e-03 
  4.103255924e-03 
  3.626875579e-03 
  3.551063593e-03 
  3.096302738e-03 
  3.091453575e-03 
  2.635210752e-03 
  2.634209814e-03 
  2.366756788e-03 
  2.360233106e-03 
  2.379624173e-03 
  2.313249977e-03 
  2.453795867e-03 
  2.447178587e-03 
  2.508823993e-03 
  2.508466830e-03 
  2.528519602e-03 
  2.520549344e-03 
  2.559617627e-03 
  2.529510763e-03 
  2.626199508e-03 
  2.616777318e-03 
  2.776562236e-03 
  2.777637215e-03 
  3.026577178e-03 
  2.997957403e-03 
  3.140117275e-03 
  3.244390013e-03 
  3.504795488e-03 
  3.501113271e-03 
  3.656848101e-03 
  3.682773560e-03 
  3.797849640e-03 
  3.803583793e-03 
  3.823976498e-03 
  3.771862481e-03 
  3.851809772e-03 
  3.908441868e-03 
  3.957697190e-03 
  3.946849145e-03 
  3.827510402e-03 
  3.909614868e-03 
  3.935823217e-03 
  3.717418527e-03 
  3.838502103e-03 
  3.862140467e-03 
  3.823908512e-03 
  3.780943807e-03 
  3.740343498e-03 
  3.732398851e-03 
  3.616959089e-03 
  3.607464721e-03 
  3.580937861e-03 
  3.407934913e-03 
  3.419929883e-03 
  3.224050393e-03 
  3.199974541e-03 
  3.072375897e-03 
  3.023251658e-03 
  3.018436022e-03 
  3.035471775e-03 
  3.063818207e-03 
  3.046099562e-03 
  3.094677348e-03 
  3.089769743e-03 
  3.092267551e-03 
  3.004579805e-03 
  3.086634446e-03 
  3.069230355e-03 
  2.880323445e-03 
  3.043301869e-03 
  3.041160293e-03 
  3.049639519e-03 
  3.017979208e-03 
  3.073138651e-03 
  2.964356681e-03 
  3.143429291e-03 
  3.101444803e-03 
  3.238460748e-03 
  3.227396635e-03 
  3.300972050e-03 
  3.290888388e-03 
  3.338973504e-03 
  3.331801854e-03 
  3.270086832e-03 
  3.334807465e-03 
  3.296001116e-03 
  3.337523900e-03 
  3.272970207e-03 
  3.292859998e-03 
  3.313959576e-03 
  3.336137161e-03 
  3.328159917e-03 
  3.345539095e-03 
  3.343874356e-03 
  3.347982652e-03 
  3.316618502e-03 
  3.183978377e-03 
  3.295360599e-03 
  3.320049727e-03 
  3.210728755e-03 
  3.301087301e-03 
  3.286349587e-03 
  3.275618190e-03 
  3.281596582e-03 
  3.284068545e-03 
  3.275335766e-03 
  3.291445551e-03 
  3.235094016e-03 
  3.279009834e-03 
  3.270047717e-03 
  3.276211675e-03 
  3.260216210e-03 
  3.250943031e-03 
  3.228169866e-03 
  3.146817442e-03 
  3.214024473e-03 
  3.199461382e-03 
  3.177210456e-03 
  3.181098960e-03 
  3.172735218e-03 
  3.145110793e-03 
  3.064282471e-03 
  3.129265038e-03 
  3.144789021e-03 
  3.063731361e-03 
  3.124317154e-03 
  3.091576044e-03 
  3.087823745e-03 
  3.035097849e-03 
  3.094846848e-03 
  3.105211770e-03 
  3.045441117e-03 
  3.103472991e-03 
  3.090680577e-03 
  3.073595231e-03 
  3.086337820e-03 
  3.075049724e-03 
  3.067258745e-03 
  3.052289132e-03 
  3.050275613e-03 
  2.933435375e-03 
  3.027758095e-03 
  3.021472134e-03 
  3.000729019e-03 
  2.991282381e-03 
  2.988481196e-03 
  2.964984858e-03 
  2.944665030e-03 
  2.923154971e-03 
  2.888656920e-03 
  2.836649306e-03 
  2.860134235e-03 
  2.856076229e-03 
  2.815037966e-03 
  2.806405770e-03 
  2.778222784e-03 
  2.766277874e-03 
  2.735436661e-03 
  2.736836206e-03 
  2.730661072e-03 
  2.728148131e-03 
  2.716159448e-03 
  2.707324689e-03 
  2.689811168e-03 
  2.676178934e-03 
  2.668574452e-03 
  2.627947833e-03 
  2.625306137e-03 
  2.583761001e-03 
  2.493265085e-03 
  2.235490829e-03 
  2.441559918e-03 
  2.514195396e-03 
  2.576262457e-03 
  2.569220727e-03 
  2.586846007e-03 
  2.572384197e-03 
  2.576906933e-03 
  2.562491223e-03 
  2.560903551e-03 
  2.540525515e-03 
  2.512312960e-03 
  2.525989199e-03 
  2.424576087e-03 
  2.517826390e-03 
  2.509241458e-03 
  2.481662435e-03 
  2.416071249e-03 
  2.470553387e-03 
  2.472285414e-03 
  2.470926614e-03 
  2.463147743e-03 
  2.396599390e-03 
  2.379085403e-03 
  2.403546823e-03 
  2.426655497e-03 
  2.415621188e-03 
  2.383485669e-03 
  2.372937044e-03 
  2.361575142e-03 
  2.328976756e-03 
  2.315612277e-03 
  2.295525046e-03 
  2.288075164e-03 
  2.275435021e-03 
  2.273461781e-03 
  2.265684074e-03 
  2.287755255e-03 
  2.284026938e-03 
  2.273369813e-03 
  2.214236185e-03 
  2.182077151e-03 
  2.290134784e-03 
  2.238743240e-03 
  2.307280665e-03 
  2.301067812e-03 
  2.289535943e-03 
  2.285351278e-03 
  2.272075741e-03 
  2.267505042e-03 
  2.244402189e-03 
  2.207907382e-03 
  2.230525948e-03 
  2.233622363e-03 
  2.222012030e-03 
  2.214180073e-03 
  2.201407449e-03 
  2.195731271e-03 
  2.186362632e-03 
  2.171107801e-03 
  2.129776636e-03 
  2.132011345e-03 
  2.126320731e-03 
  2.141574165e-03 
  2.114220057e-03 
  2.113643335e-03 
  2.109747380e-03 
  2.099539153e-03 
  2.091864590e-03 
  2.076599048e-03 
  2.064521192e-03 
  2.061780775e-03 
  2.034344012e-03 
  1.988082193e-03 
  2.008881653e-03 
  2.025078982e-03 
  2.017097780e-03 
  1.979764085e-03 
  1.991244964e-03 
  1.988032833e-03 
  1.980237896e-03 
  1.974923071e-03 
  1.917626243e-03 
  1.954070991e-03 
  1.933903433e-03 
  1.928195241e-03 
  1.927897218e-03 
  1.897385577e-03 
  1.846693456e-03 
  1.883328543e-03 
  1.865793485e-03 
  1.862438279e-03 
  1.858226140e-03 
  1.857022988e-03 
  1.840109238e-03 
  1.827853848e-03 
  1.828116598e-03 
  1.760381390e-03 
  1.821918297e-03 
  1.807940076e-03 
  1.782300649e-03 
  1.794907963e-03 
  1.792734838e-03 
  1.785458182e-03 
  1.777026802e-03 
  1.758545870e-03 
  1.771681709e-03 
  1.766520203e-03 
  1.758156577e-03 
  1.729023410e-03 
  1.747561386e-03 
  1.744805020e-03 
  1.740900567e-03 
  1.732457080e-03 
  1.724190894e-03 
  1.636691624e-03 
  1.686944626e-03 
  1.688988181e-03 
  1.682957169e-03 
  1.673945575e-03 
  1.668828772e-03 
  1.669261139e-03 
  1.660566777e-03 
  1.642022165e-03 
  1.639095717e-03 
  1.613834640e-03 
  1.618973445e-03 
  1.612959080e-03 
  1.524005434e-03 
  1.561648329e-03 
  1.552766655e-03 
  1.522709266e-03 
  1.553786919e-03 
  1.555689494e-03 
  1.548840664e-03 
  1.544972183e-03 
  1.560478355e-03 
  1.553143840e-03 
  1.545348554e-03 
  1.560691861e-03 
  1.559622353e-03 
  1.559635624e-03 
  1.556681236e-03 
  1.544065541e-03 
  1.533656148e-03 
  1.535797957e-03 
  1.525965054e-03 
  1.508031157e-03 
  1.496643177e-03 
  1.442724839e-03 
  1.461314503e-03 
  1.444603549e-03 
  1.467946568e-03 
  1.459535561e-03 
  1.436990686e-03 
  1.442606910e-03 
  1.438995474e-03 
  1.369411941e-03 
  1.405011863e-03 
  1.414043596e-03 
  1.397172571e-03 
  1.421254594e-03 
  1.428314834e-03 
  1.414252678e-03 
  1.409391756e-03 
  1.400617999e-03 
  1.388137578e-03 
  1.384793664e-03 
  1.358478563e-03 
  1.336884801e-03 
  1.344030374e-03 
  1.325769001e-03 
  1.316659967e-03 
  1.280392753e-03 
  1.297639683e-03 
  1.296983100e-03 
  1.283055521e-03 
  1.274815877e-03 
  1.268931082e-03 
  1.257796539e-03 
  1.258648001e-03 
  1.249192981e-03 
  1.245684689e-03 
  1.249513589e-03 
  1.239478472e-03 
  1.244383981e-03 
  1.222963678e-03 
  1.184246968e-03 
  1.212974195e-03 
  1.224721316e-03 
  1.235455624e-03 
  1.223375439e-03 
  1.221655635e-03 
  1.241459511e-03 
  1.240422716e-03 
  1.229241025e-03 
  1.214796794e-03 
  1.211033203e-03 
  1.212249277e-03 
  1.183787710e-03 
  1.184219960e-03 
  1.153651392e-03 
  1.145923510e-03 
  1.133037615e-03 
  1.109777251e-03 
  1.120751374e-03 
  1.119215158e-03 
  1.120106783e-03 
  1.063625212e-03 
  1.097231638e-03 
  1.118578482e-03 
  1.113099977e-03 
  1.107947086e-03 
  1.120045665e-03 
  1.114531653e-03 
  1.109076664e-03 
  1.109895064e-03 
  1.054872992e-03 
  1.052650507e-03 
  1.059012837e-03 
  1.064986107e-03 
  1.052852604e-03 
  1.079283538e-03 
  1.073589898e-03 
  1.086026314e-03 
  1.082325703e-03 
  1.077649766e-03 
  1.070850762e-03 
  1.082947827e-03 
  1.071586390e-03 
  1.071110135e-03 
  1.074322965e-03 
  1.065158052e-03 
  1.065002754e-03 
  1.053289860e-03 
  1.048884704e-03 
  1.052462845e-03 
  1.043022843e-03 
  1.026629936e-03 
  1.031681662e-03 
  1.014995622e-03 
  1.004567486e-03 
  1.004650141e-03 
  9.997519664e-04 
  9.837334510e-04 
  9.830199415e-04 
  9.801614797e-04 
  9.655784233e-04 
  9.304202395e-04 
  9.271079907e-04 
  8.951989585e-04 
  9.340436081e-04 
  9.406147292e-04 
  9.668489802e-04 
  9.549203678e-04 
  9.590205154e-04 
  9.708139114e-04 
  9.623913793e-04 
  9.636568720e-04 
  9.592270362e-04 
  9.697300848e-04 
  9.577216115e-04 
  9.554747376e-04 
  9.603355429e-04 
  9.530092357e-04 
  9.407139733e-04 
  9.449802455e-04 
  9.404131561e-04 
  9.093653061e-04 
  8.979139384e-04 
  9.215097525e-04 
  9.139127214e-04 
  8.905066643e-04 
  9.120047907e-04 
  8.954149089e-04 
  8.835571352e-04 
  8.875409840e-04 
  8.606076008e-04 
  8.549116901e-04 
  8.374177851e-04 
  8.119099657e-04 
  8.124337182e-04 
  8.028586744e-04 
  8.015536587e-04 
  8.058402454e-04 
  7.988453726e-04 
  7.971633459e-04 
  8.082570857e-04 
  8.283974603e-04 
  8.185238694e-04 
  8.157578413e-04 
  7.854795549e-04 
  8.251874242e-04 
  8.295272128e-04 
  8.230761159e-04 
  8.095262456e-04 
  8.103125147e-04 
  8.028345183e-04 
  7.917487528e-04 
  7.842472405e-04 
  7.768537616e-04 
  7.584429695e-04 
  7.571367896e-04 
  7.500958745e-04 
  6.904238253e-04 
  7.187109441e-04 
  7.146777934e-04 
  7.023679791e-04 
  6.887264899e-04 
  7.002161001e-04 
  6.654710160e-04 
  6.741132238e-04 
  6.697455538e-04 
  6.173534202e-04 
  6.252789753e-04 
  6.134958239e-04 
  5.936606904e-04 
  5.761991488e-04 
  6.021414301e-04 
  5.786592374e-04 
  5.741835921e-04 
  5.420611706e-04 
  5.652592517e-04 
  5.638946895e-04 
  5.658623995e-04 
  5.628103390e-04 
  5.641388707e-04 
  5.542495055e-04 
  5.653410335e-04 
  5.581857404e-04 
  5.537176039e-04 
  5.645985366e-04 
  5.597815034e-04 
  5.614422844e-04 
  5.539450212e-04 
