  1.414401978e-01 
  4.060552716e-01 
  4.666159451e-01 
  1.314337969e+00 
  1.536605477e+00 
  3.007255793e+00 
  3.413387537e+00 
  5.289475918e+00 
  6.944627762e+00 
  7.607161045e+00 
  8.897873878e+00 
  1.738889122e+01 
  1.519813919e+01 
  1.973400307e+01 
  2.026553535e+01 
  2.492180634e+01 
  1.950387764e+01 
  2.848930168e+01 
  2.778866577e+01 
  3.210205078e+01 
  2.979101753e+01 
  3.856875229e+01 
  3.271113586e+01 
  2.925340080e+01 
  3.720852661e+01 
  4.009718704e+01 
  5.644894791e+01 
  5.667650223e+01 
  4.557220078e+01 
  5.545465851e+01 
  5.760552597e+01 
  4.578712845e+01 
  5.096964264e+01 
  5.739840317e+01 
  4.736516953e+01 
  5.116182327e+01 
  3.828257370e+01 
  3.614774323e+01 
  4.395350647e+01 
  4.410981750e+01 
  4.902587509e+01 
  4.127073288e+01 
  4.304648590e+01 
  4.289138794e+01 
  3.840033340e+01 
  4.918085480e+01 
  5.421265411e+01 
  5.120011139e+01 
  4.785163116e+01 
  5.209890366e+01 
  5.285907745e+01 
  4.980566025e+01 
  5.062759781e+01 
  4.585957336e+01 
  5.253469467e+01 
  5.282684326e+01 
  4.955794907e+01 
  3.142299080e+01 
  3.387542725e+01 
  3.381172180e+01 
  4.976198196e+01 
  3.916302872e+01 
  4.265221405e+01 
  4.503208542e+01 
  4.460621262e+01 
  4.144364166e+01 
  5.644520187e+01 
  5.011198425e+01 
  4.688603973e+01 
  4.474312210e+01 
  5.105148697e+01 
  4.044818878e+01 
  4.223602295e+01 
  4.174830246e+01 
  3.206368637e+01 
  2.912046814e+01 
  4.129414749e+01 
  4.187208557e+01 
  5.364788818e+01 
  4.090764999e+01 
  3.795135117e+01 
  4.220230484e+01 
  3.123356628e+01 
  2.155204582e+01 
  2.347056389e+01 
  3.493770218e+01 
  2.681955910e+01 
  3.043604851e+01 
  2.979780388e+01 
  3.355077362e+01 
  4.019010544e+01 
  4.441729736e+01 
  3.899385071e+01 
  2.065048981e+01 
  2.257324409e+01 
  3.742990494e+01 
  3.805562210e+01 
  1.529929352e+01 
  4.228253174e+01 
  5.007996368e+01 
  4.860094070e+01 
  4.768321609e+01 
  4.988353729e+01 
  4.611997986e+01 
  4.892536545e+01 
  4.429306030e+01 
  4.339756012e+01 
  4.172853470e+01 
  4.463249588e+01 
  4.877701187e+01 
  4.026454544e+01 
  4.668627167e+01 
  4.776612091e+01 
  4.455623245e+01 
  4.317953491e+01 
  4.547896576e+01 
  4.464060593e+01 
  4.274619675e+01 
  4.129880905e+01 
  4.179006958e+01 
  3.493759537e+01 
  4.323736191e+01 
  4.092495346e+01 
  3.414353180e+01 
  3.710114288e+01 
  3.796113968e+01 
  3.605203629e+01 
  3.426227188e+01 
  3.427865982e+01 
  3.081393242e+01 
  2.429685783e+01 
  2.158646584e+01 
  3.839769745e+01 
  3.377790070e+01 
  3.172868347e+01 
  3.411750031e+01 
  3.739167786e+01 
  3.731548309e+01 
  3.304133987e+01 
  3.160592842e+01 
  3.501833725e+01 
  3.450661469e+01 
  3.592932892e+01 
  3.576000214e+01 
  3.512689209e+01 
  3.653399658e+01 
  3.215607071e+01 
  3.626602936e+01 
  3.646187592e+01 
  3.630548859e+01 
  3.668936920e+01 
  3.921574020e+01 
  3.605652237e+01 
  3.310462189e+01 
  3.491014481e+01 
  3.477156448e+01 
  3.522610474e+01 
  3.503897476e+01 
  3.405041504e+01 
  3.367907333e+01 
  3.302715302e+01 
  3.385802460e+01 
  3.295092392e+01 
  3.260853958e+01 
  3.237410355e+01 
  3.156884575e+01 
  3.223000717e+01 
  3.076954269e+01 
  3.223102951e+01 
  3.161024094e+01 
  3.084481621e+01 
  3.046301270e+01 
  3.050770378e+01 
  2.985273552e+01 
  2.977066994e+01 
  3.063962364e+01 
  2.937496376e+01 
  2.879166031e+01 
  2.990017319e+01 
  2.825092125e+01 
  2.851471901e+01 
  2.805288315e+01 
  2.835018349e+01 
  2.809236908e+01 
  2.673805618e+01 
  2.666213608e+01 
  2.140083885e+01 
  2.381476212e+01 
  2.560186386e+01 
  2.356433105e+01 
  2.656296349e+01 
  2.461031532e+01 
  2.341582108e+01 
  2.497032928e+01 
  2.388552666e+01 
  2.528338623e+01 
  2.437924957e+01 
  2.341455078e+01 
  2.263535500e+01 
  2.235811806e+01 
  2.204094505e+01 
  2.133547974e+01 
  2.098845863e+01 
  2.202289200e+01 
  2.029091644e+01 
  2.167349243e+01 
  2.298353195e+01 
  2.118370628e+01 
  2.012523270e+01 
  2.149918747e+01 
  2.063740158e+01 
  2.045066261e+01 
  2.126389885e+01 
  1.928026772e+01 
  1.870053673e+01 
  1.891466713e+01 
  1.968268967e+01 
  1.436249161e+01 
  1.761475563e+01 
  1.653220367e+01 
  1.803169250e+01 
  1.787363434e+01 
  1.840964508e+01 
  1.698997307e+01 
  1.826228905e+01 
  1.794839859e+01 
  1.694712448e+01 
  1.466716003e+01 
  1.745230675e+01 
  1.778221893e+01 
  1.664809608e+01 
  1.795524406e+01 
  1.697300148e+01 
  1.477456951e+01 
  1.592352295e+01 
  1.610278893e+01 
  1.693587685e+01 
  1.557401085e+01 
  1.615944862e+01 
  1.596492004e+01 
  1.548719978e+01 
  1.407776260e+01 
  1.556738186e+01 
  1.476193237e+01 
  1.543542957e+01 
  1.507409477e+01 
  1.461184883e+01 
  1.510177231e+01 
  1.389209461e+01 
  1.449558067e+01 
  1.405777836e+01 
  1.385384274e+01 
  1.433157349e+01 
  1.365654182e+01 
  1.398677349e+01 
  1.391118813e+01 
  1.341704845e+01 
  1.291228199e+01 
  1.329325676e+01 
  1.246253681e+01 
  1.241515446e+01 
  1.353344345e+01 
  1.232016850e+01 
  1.278460693e+01 
  1.250165653e+01 
  1.254561710e+01 
  1.147212315e+01 
  1.220112705e+01 
  1.205467796e+01 
  1.170394230e+01 
  1.167068672e+01 
  1.117343521e+01 
  1.170395088e+01 
  1.172534466e+01 
  1.156990147e+01 
  1.119733906e+01 
  1.091164684e+01 
  1.128738689e+01 
  1.088697815e+01 
  1.073643398e+01 
  1.104100513e+01 
  1.078337669e+01 
  1.088058949e+01 
  1.088748360e+01 
  1.078262424e+01 
  1.064115715e+01 
  1.011597824e+01 
  1.043029499e+01 
  1.024496555e+01 
  9.012497902e+00 
  9.344474792e+00 
  9.861998558e+00 
  9.603820801e+00 
  9.642231941e+00 
  9.660315514e+00 
  9.405907631e+00 
  9.573741913e+00 
  9.528956413e+00 
  9.268142700e+00 
  9.203623772e+00 
  9.143111229e+00 
  9.026452065e+00 
  8.864893913e+00 
  8.860267639e+00 
  9.083235741e+00 
  9.002007484e+00 
  8.839118958e+00 
  8.731702805e+00 
  8.642683029e+00 
  8.497844696e+00 
  8.307078362e+00 
  8.387145042e+00 
  8.224287033e+00 
  8.051581383e+00 
  7.710527420e+00 
  8.027489662e+00 
  7.583075523e+00 
  7.576294422e+00 
  7.881448746e+00 
  7.757388115e+00 
  7.819632530e+00 
  7.900912285e+00 
  7.433647156e+00 
  7.440690994e+00 
  7.398176670e+00 
  7.148687363e+00 
  7.134664536e+00 
  7.192810535e+00 
  6.974427223e+00 
  7.151885986e+00 
  6.870532990e+00 
  7.092244625e+00 
  6.572698116e+00 
  7.018918991e+00 
  6.776193142e+00 
  6.862141609e+00 
  6.584836006e+00 
  6.765375614e+00 
  6.835788727e+00 
  6.741191864e+00 
  6.494143486e+00 
  6.550022125e+00 
  6.434778214e+00 
  6.504999161e+00 
  6.392357349e+00 
  6.404271603e+00 
  6.119463444e+00 
  6.163193703e+00 
  6.113665581e+00 
  6.198792934e+00 
  5.714858055e+00 
  6.118625641e+00 
  5.959340096e+00 
  6.048869610e+00 
  5.932707310e+00 
  5.738940239e+00 
  4.843689919e+00 
  5.139600277e+00 
  5.693183899e+00 
  5.669934273e+00 
  5.682064056e+00 
  5.678628922e+00 
  5.728487968e+00 
  5.630107880e+00 
  5.508521080e+00 
  5.500175953e+00 
  5.534328938e+00 
  5.392968655e+00 
  5.392463207e+00 
  5.437993526e+00 
  5.341447353e+00 
  5.254045963e+00 
  5.206315517e+00 
  5.212975502e+00 
  5.192611694e+00 
  5.083492756e+00 
  5.149188995e+00 
  5.017182827e+00 
  5.070311546e+00 
  4.969211578e+00 
  4.901085854e+00 
  4.876682281e+00 
  4.837544918e+00 
  4.840705872e+00 
  4.724102497e+00 
  4.750609875e+00 
  4.504976273e+00 
  4.028634548e+00 
  4.127641201e+00 
  4.079274654e+00 
  4.139660835e+00 
  4.225921631e+00 
  4.238338470e+00 
  4.231009960e+00 
  4.228136539e+00 
  4.161167622e+00 
  4.203410625e+00 
  4.262673855e+00 
  4.142983437e+00 
  4.130070210e+00 
  4.068166733e+00 
  3.940609932e+00 
  3.908323288e+00 
  3.992130995e+00 
  3.982906818e+00 
  3.968228340e+00 
  3.907538652e+00 
  3.833850861e+00 
  3.930729389e+00 
  3.785805464e+00 
  3.832838774e+00 
  3.790331602e+00 
  3.731739044e+00 
  3.681753635e+00 
  3.718286514e+00 
  3.548208714e+00 
  3.599774599e+00 
  3.365947723e+00 
  3.260648727e+00 
  3.180963516e+00 
  3.150762081e+00 
  3.285586357e+00 
  3.375380039e+00 
  3.313405991e+00 
  3.221176386e+00 
  3.180812120e+00 
  3.152960539e+00 
  3.194079638e+00 
  3.108183861e+00 
  2.999905586e+00 
  3.087513447e+00 
  3.012794495e+00 
  3.109024525e+00 
  3.101556778e+00 
  3.177357435e+00 
  3.123886108e+00 
  3.030390024e+00 
  3.066768885e+00 
  3.060459375e+00 
  2.952903748e+00 
  2.982702017e+00 
  2.953378916e+00 
  2.893079281e+00 
  2.970406532e+00 
  2.987155914e+00 
  2.897322416e+00 
  2.924592733e+00 
  2.954431057e+00 
  2.886664152e+00 
  2.872697830e+00 
  2.814013720e+00 
  2.791721821e+00 
  2.821296215e+00 
  2.780181646e+00 
  2.808893919e+00 
  2.777872324e+00 
  2.709002256e+00 
  2.714094162e+00 
  2.690981150e+00 
  2.423640251e+00 
  1.246038198e+00 
  1.137392402e+00 
  1.732285500e+00 
  1.565229058e+00 
  1.661839843e+00 
  1.892475724e+00 
  2.042898417e+00 
  2.190149546e+00 
  2.360246181e+00 
  2.407118320e+00 
  2.418966293e+00 
  2.425579071e+00 
  2.407639027e+00 
  2.387018919e+00 
  2.401826382e+00 
  2.300410271e+00 
  2.383179188e+00 
  2.354291201e+00 
  2.329251051e+00 
  2.324427128e+00 
  2.283489704e+00 
  2.268296719e+00 
  2.283474922e+00 
  2.218335629e+00 
  2.218517303e+00 
  2.209882021e+00 
  2.156259060e+00 
  2.170194626e+00 
  2.122738600e+00 
  2.111162186e+00 
  2.077839613e+00 
  2.058775663e+00 
  2.017884731e+00 
  2.010603905e+00 
  1.990770221e+00 
  1.962894082e+00 
  1.968960524e+00 
  1.975901723e+00 
  1.977687836e+00 
  1.963459849e+00 
  1.895068645e+00 
  1.921313167e+00 
  1.907080173e+00 
  1.871272445e+00 
  1.882145882e+00 
  1.828146100e+00 
  1.872437716e+00 
  1.852009892e+00 
  1.828882456e+00 
  1.785881877e+00 
  1.765635490e+00 
  1.778250694e+00 
  1.754515886e+00 
  1.727867603e+00 
  1.703433752e+00 
  1.660686255e+00 
  1.618158460e+00 
  1.620798230e+00 
  1.604395390e+00 
  1.559687495e+00 
  1.543648243e+00 
  1.614769697e+00 
  1.540784478e+00 
  1.501616478e+00 
  1.560793042e+00 
  1.581637383e+00 
  1.578338027e+00 
  1.561439395e+00 
  1.530907631e+00 
  1.529450297e+00 
  1.505512357e+00 
  1.473612189e+00 
  1.497216225e+00 
  1.447839975e+00 
  1.467156410e+00 
  1.472263813e+00 
  1.479124546e+00 
  1.459427357e+00 
  1.461955309e+00 
  1.411971211e+00 
  1.443652868e+00 
  1.437859178e+00 
  1.424179673e+00 
  1.412800431e+00 
  1.385043383e+00 
  1.400391340e+00 
  1.406323075e+00 
  1.352653742e+00 
  1.384492993e+00 
  1.380575895e+00 
  1.187143922e+00 
  1.352501988e+00 
  1.295058727e+00 
  1.305278659e+00 
  1.044304609e+00 
  1.144750476e+00 
  1.293742418e+00 
  1.308774829e+00 
  1.281969547e+00 
  1.276480198e+00 
  1.259385109e+00 
  1.253291130e+00 
  1.243438005e+00 
  1.261229277e+00 
  1.252875805e+00 
  1.223821402e+00 
  1.021723628e+00 
  1.082875371e+00 
  1.168895960e+00 
  1.147112250e+00 
  1.188795328e+00 
  1.181576133e+00 
  1.171393514e+00 
  1.170508027e+00 
  1.139461875e+00 
  1.123702407e+00 
  1.127646685e+00 
  1.144744277e+00 
  1.119581938e+00 
  1.116928101e+00 
  1.105116844e+00 
  1.042672992e+00 
  1.095032334e+00 
  1.065227032e+00 
  1.069362640e+00 
  1.074993372e+00 
  1.034392595e+00 
  1.019554377e+00 
  1.045224547e+00 
  1.047577381e+00 
  1.039084435e+00 
  1.028446794e+00 
  1.017879367e+00 
  9.671017528e-01 
  9.908465147e-01 
  9.250401855e-01 
  9.411520958e-01 
  8.997032642e-01 
  8.901113868e-01 
  8.662864566e-01 
  8.434058428e-01 
  8.170332313e-01 
  7.992544174e-01 
  8.697775602e-01 
  8.988545537e-01 
  8.916813135e-01 
  8.514286280e-01 
  8.406270742e-01 
  8.011580706e-01 
  7.844871879e-01 
  7.922307849e-01 
  7.949991226e-01 
  7.890624404e-01 
  7.860664725e-01 
  7.863045931e-01 
  7.757571340e-01 
  7.836918831e-01 
  7.717291117e-01 
  7.691946626e-01 
  7.927364707e-01 
  7.951162457e-01 
  7.713973522e-01 
  7.608810067e-01 
  7.223336697e-01 
  7.412348986e-01 
  7.470639348e-01 
  7.168269157e-01 
  7.307162881e-01 
  7.179188132e-01 
  6.851914525e-01 
  6.558204889e-01 
  6.255565882e-01 
  5.826737285e-01 
  5.574883223e-01 
  5.263443589e-01 
  5.138086081e-01 
  5.169528127e-01 
  5.239110589e-01 
  5.422202945e-01 
  6.157188416e-01 
  6.206871271e-01 
  5.951175690e-01 
  5.488086343e-01 
  5.398110747e-01 
  5.203112960e-01 
  5.353573561e-01 
  5.410444736e-01 
  5.467923880e-01 
  5.544257164e-01 
  5.530130267e-01 
  5.487507582e-01 
  5.579671860e-01 
  5.399317145e-01 
  5.471566916e-01 
  5.513162017e-01 
  5.041093826e-01 
  5.335395336e-01 
  5.602337122e-01 
  5.660669208e-01 
  5.611217618e-01 
  5.521711707e-01 
  5.416404605e-01 
  5.442538261e-01 
  5.563840270e-01 
  5.499578714e-01 
  5.529573560e-01 
  5.355957150e-01 
  5.601308346e-01 
  5.702469349e-01 
  5.804180503e-01 
  5.800966620e-01 
  5.723283887e-01 
  5.713630319e-01 
  5.579820275e-01 
  5.405384898e-01 
  5.368626714e-01 
  5.462147593e-01 
  5.386310220e-01 
  5.489538908e-01 
  5.330755711e-01 
  5.475547910e-01 
  5.512292981e-01 
  5.456476808e-01 
  5.468823910e-01 
  5.462168455e-01 
  5.467662215e-01 
  5.440741777e-01 
  5.497949123e-01 
  5.411885381e-01 
  5.323742032e-01 
  5.351288915e-01 
  5.388035178e-01 
  5.320690870e-01 
  5.297051668e-01 
  5.316834450e-01 
  5.266177654e-01 
  5.243476629e-01 
  5.221555233e-01 
  5.174037814e-01 
  5.137354136e-01 
  5.077840090e-01 
  5.074238777e-01 
  5.026513934e-01 
  4.952378571e-01 
  4.902310073e-01 
  4.565150738e-01 
  4.786875844e-01 
  4.850775301e-01 
  4.836277664e-01 
  4.767659307e-01 
  4.774995744e-01 
  4.751110673e-01 
  4.741829038e-01 
  4.692344666e-01 
  4.706510305e-01 
  4.601570070e-01 
  4.615078866e-01 
  4.553048015e-01 
  4.590604305e-01 
  4.460699260e-01 
  4.435980618e-01 
  4.467247128e-01 
  4.377005100e-01 
  4.437176883e-01 
  4.393385351e-01 
  4.382727742e-01 
  4.375766218e-01 
  4.329876602e-01 
  4.324715734e-01 
  4.246508777e-01 
  4.276483357e-01 
  4.248151481e-01 
  4.218197763e-01 
  4.124703109e-01 
  4.152625203e-01 
  4.092542231e-01 
  4.128736258e-01 
  4.025615454e-01 
  4.049617052e-01 
  4.049880207e-01 
  3.985885382e-01 
  3.990957141e-01 
  3.986917436e-01 
  3.902646303e-01 
  3.925572038e-01 
  3.892889023e-01 
  3.764340281e-01 
  3.817823529e-01 
  3.839560449e-01 
  3.798456788e-01 
  3.760250509e-01 
  3.745305836e-01 
  3.712491691e-01 
  3.699157834e-01 
  3.645981550e-01 
  3.657494783e-01 
  3.632550836e-01 
  3.610350490e-01 
  3.556077480e-01 
  3.430508077e-01 
  3.540615737e-01 
  3.402961195e-01 
  3.482013047e-01 
  3.408297896e-01 
  3.437356651e-01 
  3.418072164e-01 
  3.300469518e-01 
  3.364764452e-01 
  3.337264657e-01 
  3.074211776e-01 
  3.246256113e-01 
  3.238699138e-01 
  3.235124052e-01 
  3.117319345e-01 
  3.215860724e-01 
  3.108802438e-01 
  3.163357675e-01 
  3.142307699e-01 
  3.136830032e-01 
  3.004085422e-01 
  3.072761893e-01 
  2.948987186e-01 
  2.979833186e-01 
  2.884506583e-01 
  2.978536785e-01 
  2.916705906e-01 
  2.946935296e-01 
  2.769107819e-01 
  2.927322686e-01 
  2.789052427e-01 
  2.836376727e-01 
  2.847455442e-01 
  2.763677239e-01 
  2.703242004e-01 
  2.444976121e-01 
  2.637831271e-01 
  2.618363500e-01 
  2.570703328e-01 
  2.485949993e-01 
  2.441988885e-01 
  2.477223724e-01 
  2.468780875e-01 
  2.354878932e-01 
  2.442840636e-01 
  2.408988774e-01 
  2.378590107e-01 
  2.332005948e-01 
  2.324850410e-01 
  2.311757207e-01 
  2.328473181e-01 
  2.328741401e-01 
  2.281268239e-01 
  2.205681950e-01 
  2.124889791e-01 
  2.121462375e-01 
  2.014112025e-01 
  1.934733093e-01 
  1.843400747e-01 
  1.727581471e-01 
  1.626503468e-01 
  1.567318887e-01 
  1.558879316e-01 
  1.487812698e-01 
  1.521312296e-01 
  1.540233344e-01 
  1.491869241e-01 
  1.453752071e-01 
  1.502399147e-01 
  1.478806436e-01 
  1.538056284e-01 
  1.665304601e-01 
  1.715976298e-01 
  1.660730839e-01 
  1.520831883e-01 
  1.335907727e-01 
  1.360983849e-01 
  1.526238024e-01 
  1.634889990e-01 
  1.661998481e-01 
  1.722315252e-01 
  1.703248769e-01 
  1.614362895e-01 
  1.639923751e-01 
  1.567454487e-01 
  1.510028243e-01 
  1.454797089e-01 
  1.478641629e-01 
  1.526993960e-01 
  1.548739076e-01 
  1.564956456e-01 
  1.553792655e-01 
  1.568987668e-01 
  1.573061496e-01 
  1.583091170e-01 
  1.580626816e-01 
  1.619531214e-01 
  1.630761772e-01 
  1.720673442e-01 
  1.748760492e-01 
  1.746437252e-01 
  1.729775667e-01 
  1.714680791e-01 
  1.792357415e-01 
  1.820412129e-01 
  1.783433855e-01 
  1.814099103e-01 
  1.766649038e-01 
  1.792834848e-01 
  1.800936460e-01 
  1.736363024e-01 
  1.780560613e-01 
  1.792401671e-01 
  1.774867028e-01 
  1.751096249e-01 
  1.746251732e-01 
  1.734551042e-01 
  1.700432599e-01 
  1.740290076e-01 
  1.692020446e-01 
  1.678816378e-01 
  1.691761762e-01 
  1.666009277e-01 
  1.651389748e-01 
  1.551099718e-01 
  1.622046381e-01 
  1.653788090e-01 
  1.633606702e-01 
  1.612921208e-01 
  1.595699489e-01 
  1.506413072e-01 
  1.600001305e-01 
  1.627282798e-01 
  1.624283493e-01 
  1.616973132e-01 
  1.606775522e-01 
  1.572611034e-01 
  1.567765474e-01 
  1.557008475e-01 
  1.498457342e-01 
  1.432172954e-01 
  1.521031111e-01 
  1.527421623e-01 
  1.524022371e-01 
  1.440356076e-01 
  1.460347325e-01 
  1.506032199e-01 
  1.500291675e-01 
  1.508972794e-01 
  1.480169147e-01 
  1.379602253e-01 
  1.465599984e-01 
  1.411362737e-01 
  1.452723145e-01 
  1.460596323e-01 
  1.448423415e-01 
  1.450970173e-01 
  1.450709403e-01 
  1.450193971e-01 
  1.442475021e-01 
  1.424891651e-01 
  1.430277228e-01 
  1.424236149e-01 
  1.412591934e-01 
  1.401951611e-01 
  1.413502693e-01 
  1.402258277e-01 
  1.404087991e-01 
  1.354473084e-01 
  1.395069957e-01 
  1.391021609e-01 
  1.383968890e-01 
  1.380571425e-01 
  1.360798031e-01 
  1.367246956e-01 
  1.360876411e-01 
  1.347942650e-01 
  1.352095753e-01 
  1.348450929e-01 
  1.343291998e-01 
  1.323554069e-01 
  1.312941760e-01 
  1.319642514e-01 
  1.306957603e-01 
  1.287685037e-01 
  1.270610094e-01 
  1.287373155e-01 
  1.272311211e-01 
  1.260336339e-01 
  1.265083402e-01 
  1.255432814e-01 
  1.245223433e-01 
  1.231074482e-01 
  1.221636981e-01 
  1.205829680e-01 
  1.201758832e-01 
  1.193191111e-01 
  1.184234917e-01 
  1.163290665e-01 
  1.157484353e-01 
  1.135040224e-01 
  1.126371622e-01 
  1.113515794e-01 
  1.072628126e-01 
  1.076698825e-01 
  1.052878276e-01 
  1.050077602e-01 
  1.048267484e-01 
  1.019485742e-01 
  9.995411336e-02 
  1.002854630e-01 
  1.028174981e-01 
  1.039412767e-01 
  1.040041745e-01 
  1.041762903e-01 
  1.039360836e-01 
  1.046339795e-01 
  1.047807038e-01 
  1.046342552e-01 
  1.043106765e-01 
  1.035179794e-01 
  1.029772982e-01 
  1.001095921e-01 
  8.892034739e-02 
  9.754586220e-02 
  1.013622433e-01 
  1.019496918e-01 
  1.015318111e-01 
  1.016427800e-01 
  9.984511137e-02 
  9.990687668e-02 
  9.731750935e-02 
  9.852029383e-02 
  9.905581176e-02 
  9.890709817e-02 
  9.669359773e-02 
  9.686370939e-02 
  9.605579823e-02 
  9.470917284e-02 
  9.356377274e-02 
  9.420537949e-02 
  9.348373115e-02 
  9.294678271e-02 
  9.116151184e-02 
  8.945348114e-02 
  8.890698105e-02 
  8.902878314e-02 
  8.870413899e-02 
  8.795395494e-02 
  8.709237725e-02 
  8.601697534e-02 
  8.531232923e-02 
  8.480267972e-02 
  8.341383934e-02 
  7.889009267e-02 
  8.054155111e-02 
  7.797184587e-02 
  8.014716208e-02 
  8.072602004e-02 
  7.840743661e-02 
  7.786466926e-02 
  7.550024986e-02 
  7.435338944e-02 
  7.498777658e-02 
  7.602262497e-02 
  7.639735937e-02 
  7.562234253e-02 
  7.402815670e-02 
  7.103515416e-02 
  6.863488257e-02 
  6.191630289e-02 
  6.124297902e-02 
  6.038783491e-02 
  5.916806310e-02 
  6.139155477e-02 
  6.246412173e-02 
  6.318358332e-02 
  6.264293939e-02 
  6.286963075e-02 
  6.323644519e-02 
  6.273166090e-02 
  6.261295825e-02 
  6.324765086e-02 
  6.297815591e-02 
  6.116025895e-02 
  5.874368176e-02 
  5.333360285e-02 
  4.932272062e-02 
  4.728894681e-02 
  4.416313022e-02 
  4.274822399e-02 
  3.962495551e-02 
  3.818080574e-02 
  3.649808839e-02 
  3.417604417e-02 
  3.288898617e-02 
  3.144833446e-02 
  3.022421710e-02 
  2.871272527e-02 
  2.812444977e-02 
  2.647567727e-02 
  2.505734749e-02 
  2.495691925e-02 
  2.461556904e-02 
  2.486958168e-02 
  2.541648038e-02 
  2.538340725e-02 
  2.563028783e-02 
  2.491639182e-02 
  2.471382916e-02 
  2.423605509e-02 
  2.515609190e-02 
  2.659563906e-02 
  2.872366458e-02 
  2.995890565e-02 
  3.078992479e-02 
  3.054028191e-02 
  2.979254909e-02 
  2.957235463e-02 
  2.827866375e-02 
  2.716871910e-02 
  2.523425780e-02 
  2.396206371e-02 
  2.285734378e-02 
  2.295781672e-02 
  2.384433895e-02 
  2.437777445e-02 
  2.563726343e-02 
  2.714585327e-02 
  2.834673598e-02 
  2.887926623e-02 
  2.841446549e-02 
  2.834742703e-02 
  2.707854472e-02 
  2.596042864e-02 
  2.483513579e-02 
  2.509743907e-02 
  2.622021362e-02 
  2.706292085e-02 
  2.708652243e-02 
  2.664734051e-02 
  2.570195124e-02 
  2.587020956e-02 
  2.697871439e-02 
  2.727203816e-02 
  2.680886909e-02 
  2.687608451e-02 
  2.651898377e-02 
  2.655282244e-02 
  2.717659622e-02 
  2.795582078e-02 
  2.891291305e-02 
  2.993638255e-02 
  2.871366031e-02 
  2.965437807e-02 
  2.978920005e-02 
  3.034516424e-02 
  3.072787449e-02 
  3.101445548e-02 
  3.100476414e-02 
  3.058237396e-02 
  3.062972985e-02 
  3.193297610e-02 
  3.155212849e-02 
  3.145016730e-02 
  3.135004267e-02 
  3.158897907e-02 
  3.026737459e-02 
  3.104479797e-02 
  3.192169964e-02 
  3.139867261e-02 
  3.046424873e-02 
  2.948294953e-02 
  2.948294580e-02 
  2.939912863e-02 
  2.854932472e-02 
  2.935535274e-02 
  2.949962765e-02 
  2.963530831e-02 
  3.007304855e-02 
  3.045266494e-02 
  2.875373140e-02 
  3.029232658e-02 
  2.936665528e-02 
  2.978804894e-02 
  3.006655350e-02 
  2.997495048e-02 
  3.062191233e-02 
  3.078514151e-02 
  3.101474047e-02 
  3.071891703e-02 
  3.004696593e-02 
  2.997474000e-02 
  3.017145209e-02 
  3.178565204e-02 
  3.298246861e-02 
  3.325248510e-02 
  3.388787806e-02 
  3.423021361e-02 
  3.472685814e-02 
  3.420875594e-02 
  3.306484222e-02 
  3.263931721e-02 
  3.154012933e-02 
  3.123922646e-02 
  3.095218912e-02 
  3.076421469e-02 
  2.937620133e-02 
  2.961804904e-02 
  2.837617137e-02 
  2.793273516e-02 
  2.745418437e-02 
  2.768904157e-02 
  2.878207713e-02 
  3.033768199e-02 
  3.048459254e-02 
  3.102346882e-02 
  3.098766133e-02 
  3.064350784e-02 
  2.977790311e-02 
  2.960794605e-02 
  2.992598340e-02 
  2.986236848e-02 
  3.066394292e-02 
  3.009700589e-02 
  3.028322384e-02 
  3.070575371e-02 
  3.053616360e-02 
  3.144823387e-02 
  2.747407183e-02 
  3.270078450e-02 
  3.379305452e-02 
  3.462314233e-02 
  3.383922949e-02 
  3.485599160e-02 
  3.467833251e-02 
  3.471685946e-02 
  3.423533961e-02 
  3.497959673e-02 
  3.578284383e-02 
  3.561039269e-02 
  3.649422526e-02 
  3.623635322e-02 
  3.566133976e-02 
  3.182026371e-02 
  3.317920864e-02 
  3.335673362e-02 
  3.372809663e-02 
  3.552632034e-02 
  3.506058827e-02 
  3.531222045e-02 
  3.583303094e-02 
  3.603914380e-02 
  3.536181524e-02 
  3.524762392e-02 
  3.467382491e-02 
  3.536434472e-02 
  3.497853875e-02 
  3.477463871e-02 
  3.551353887e-02 
  3.512120992e-02 
  3.553712741e-02 
  3.492398560e-02 
  3.463036194e-02 
  3.542136028e-02 
  3.501766920e-02 
  3.408374265e-02 
  3.495999798e-02 
  3.454739228e-02 
  3.474669531e-02 
  3.454509377e-02 
  3.228252381e-02 
  3.443259373e-02 
  3.415308520e-02 
  3.390977904e-02 
  3.332120180e-02 
  3.338086978e-02 
  3.373945504e-02 
  3.379571438e-02 
  3.281713277e-02 
  3.344035521e-02 
  3.215086833e-02 
  3.275008500e-02 
  3.285899013e-02 
  3.269771487e-02 
  3.305178881e-02 
  3.311165795e-02 
  3.305802867e-02 
  3.266894445e-02 
  3.163065016e-02 
  3.235694021e-02 
  3.209631518e-02 
  3.184691072e-02 
  3.230973333e-02 
  3.206663206e-02 
  3.080408089e-02 
  3.123717941e-02 
  3.055903502e-02 
  3.147729859e-02 
  3.115046211e-02 
  3.107073344e-02 
  3.045518883e-02 
  3.108477220e-02 
  3.099280596e-02 
  3.042897210e-02 
  2.970966324e-02 
  3.003417514e-02 
  2.938936278e-02 
  2.919779159e-02 
  2.836193517e-02 
  2.822874300e-02 
  2.731997520e-02 
  2.798033878e-02 
  2.786989883e-02 
  2.738757245e-02 
  2.744979598e-02 
  2.545398846e-02 
  2.727626264e-02 
  2.458218113e-02 
  2.685340308e-02 
  2.697150409e-02 
  2.751340345e-02 
  2.726164646e-02 
  2.671862580e-02 
  2.705203742e-02 
  2.680854313e-02 
  2.758360468e-02 
  2.716821060e-02 
  2.684391662e-02 
  2.638562769e-02 
  2.409223653e-02 
  2.589058131e-02 
  2.524813265e-02 
  2.651088499e-02 
  2.699937299e-02 
  2.669496089e-02 
  2.671637200e-02 
  2.496328577e-02 
  2.577375621e-02 
  2.599226683e-02 
  2.483991534e-02 
  2.502414584e-02 
  2.391053922e-02 
  2.441335283e-02 
  2.421282791e-02 
  2.453158610e-02 
  2.410829812e-02 
  2.398109622e-02 
  2.399914339e-02 
  2.419647761e-02 
  2.404327132e-02 
  2.251246385e-02 
  2.319682389e-02 
  2.346285619e-02 
  2.402510494e-02 
  2.373002842e-02 
  2.413903363e-02 
  2.263061516e-02 
  2.330149524e-02 
  2.396775410e-02 
  2.389573865e-02 
  2.329213731e-02 
  2.292859554e-02 
  2.344742231e-02 
  2.388865128e-02 
  2.400933392e-02 
  2.338268980e-02 
  2.358379588e-02 
  2.349876240e-02 
  2.361674979e-02 
  2.354234271e-02 
  2.282550000e-02 
  2.312528901e-02 
  2.304737642e-02 
  2.268268354e-02 
  2.206406184e-02 
  2.259989642e-02 
  2.245350927e-02 
  2.135320194e-02 
  2.114540525e-02 
  2.082672901e-02 
  2.086647600e-02 
  2.066279203e-02 
  2.058625966e-02 
  2.105829492e-02 
  2.067986317e-02 
  2.066580579e-02 
  2.086299658e-02 
  2.100576833e-02 
  2.086027712e-02 
  2.033294551e-02 
  2.079753019e-02 
  2.028950863e-02 
  2.065299638e-02 
  2.040126920e-02 
  2.057994530e-02 
  2.015136555e-02 
  2.051396295e-02 
  2.031552605e-02 
  2.040003613e-02 
  1.998434216e-02 
  2.016446181e-02 
  2.019343711e-02 
  1.998479851e-02 
  1.979286596e-02 
  1.964037307e-02 
  1.939391904e-02 
  1.926692761e-02 
  1.943068020e-02 
  1.905551925e-02 
  1.906658895e-02 
  1.944604889e-02 
  1.927646063e-02 
  1.832008921e-02 
  1.879601367e-02 
  1.883396134e-02 
  1.861408539e-02 
  1.827033609e-02 
  1.831828803e-02 
  1.837474108e-02 
  1.808011346e-02 
  1.741781458e-02 
  1.677492261e-02 
  1.721784472e-02 
  1.759951375e-02 
  1.788244396e-02 
  1.789065264e-02 
  1.763368025e-02 
  1.766788960e-02 
  1.763616875e-02 
  1.738254540e-02 
  1.732679270e-02 
  1.750937663e-02 
  1.749979332e-02 
  1.739652082e-02 
  1.733105071e-02 
  1.729592867e-02 
  1.715368778e-02 
  1.700750925e-02 
  1.707008854e-02 
  1.692021452e-02 
  1.666819118e-02 
  1.665771380e-02 
  1.656352729e-02 
  1.618858241e-02 
  1.644147374e-02 
  1.647709869e-02 
  1.623356342e-02 
  1.615554467e-02 
  1.567079872e-02 
  1.591974124e-02 
  1.605535857e-02 
  1.480090525e-02 
  1.579627208e-02 
  1.583823189e-02 
  1.580266096e-02 
  1.577597857e-02 
  1.565672457e-02 
  1.547346078e-02 
  1.535522379e-02 
  1.544920355e-02 
  1.506295055e-02 
  1.480749995e-02 
  1.502435002e-02 
  1.423870865e-02 
  1.441960037e-02 
  1.459196117e-02 
  1.470924634e-02 
  1.460413635e-02 
  1.425126288e-02 
  1.450856775e-02 
  1.450320333e-02 
  1.426456217e-02 
  1.407141145e-02 
  1.314475480e-02 
  1.336906292e-02 
  1.342099626e-02 
  1.274069026e-02 
  1.254174300e-02 
  1.312558167e-02 
  1.329911314e-02 
  1.331569068e-02 
  1.297786273e-02 
  1.335528214e-02 
  1.310603693e-02 
  1.325898245e-02 
  1.284267940e-02 
  1.290731970e-02 
  1.255871542e-02 
  1.299410872e-02 
  1.286191586e-02 
  1.280355267e-02 
  1.256786939e-02 
  1.263147127e-02 
  1.263761148e-02 
  1.261290349e-02 
  1.239081379e-02 
  1.249523647e-02 
  1.247565914e-02 
  1.235035527e-02 
  1.237282436e-02 
  1.225857064e-02 
  1.200967748e-02 
  1.168503985e-02 
  1.178519987e-02 
  1.152132079e-02 
  1.169569138e-02 
  1.160662156e-02 
  1.157811284e-02 
  1.138645038e-02 
  1.144356839e-02 
  1.123438217e-02 
  1.122857910e-02 
  1.120119356e-02 
  1.117921714e-02 
  1.091129519e-02 
  1.060442626e-02 
  1.055483613e-02 
  1.024574786e-02 
  1.006557792e-02 
  1.014389843e-02 
  1.005910989e-02 
  1.002772339e-02 
  9.873330593e-03 
  9.700425901e-03 
  9.686744772e-03 
  9.620408528e-03 
  9.675576352e-03 
  9.731642902e-03 
  9.675865993e-03 
  9.395194240e-03 
  9.302442893e-03 
  9.063822217e-03 
  8.912447840e-03 
  8.623388596e-03 
  8.319065906e-03 
  8.369053714e-03 
  8.078781888e-03 
  7.758426480e-03 
  7.768502459e-03 
  7.395143621e-03 
  7.340011653e-03 
  6.884753704e-03 
  6.649560761e-03 
  6.604255643e-03 
  6.673390511e-03 
  6.631337572e-03 
  6.442467682e-03 
  6.332475692e-03 
  6.247265730e-03 
  6.061186083e-03 
  5.799517501e-03 
  5.777740385e-03 
  5.554225296e-03 
  5.553149153e-03 
  5.383395124e-03 
  5.071193911e-03 
  4.989911336e-03 
  4.727476742e-03 
  4.399417434e-03 
  4.588066135e-03 
  4.644395784e-03 
  4.666894209e-03 
  4.593144637e-03 
  4.511388484e-03 
  4.617515486e-03 
  4.356196150e-03 
  4.368101712e-03 
  4.215102177e-03 
  4.166376777e-03 
  3.845760366e-03 
  3.792351810e-03 
  3.773145378e-03 
  3.673845669e-03 
  3.530852031e-03 
  3.512445837e-03 
  3.298725933e-03 
  3.296146868e-03 
  3.231216222e-03 
  3.117445391e-03 
  3.243600484e-03 
  3.259951016e-03 
  3.321410390e-03 
  3.352442291e-03 
  3.235459095e-03 
  3.407542594e-03 
  3.385201097e-03 
  3.347471124e-03 
  3.098272020e-03 
  3.182058223e-03 
  3.224020358e-03 
  3.241641214e-03 
  3.216005862e-03 
  3.188467352e-03 
  3.108660225e-03 
  3.154568141e-03 
  3.152533434e-03 
  3.038040595e-03 
  3.152666381e-03 
  3.195521189e-03 
  3.256565426e-03 
  3.209156683e-03 
  3.361876588e-03 
  3.326987848e-03 
  3.336616093e-03 
  3.293429036e-03 
  3.297653981e-03 
  3.086220240e-03 
  3.027031431e-03 
  2.798279049e-03 
  2.857424552e-03 
  2.641159808e-03 
  2.523184521e-03 
  2.495768014e-03 
  2.501033247e-03 
  2.490420360e-03 
  2.433227841e-03 
  2.256362699e-03 
  2.834158717e-03 
  3.057254013e-03 
  3.114399035e-03 
  3.132363316e-03 
  3.218941391e-03 
  3.273228882e-03 
  3.293473739e-03 
  3.301042132e-03 
  3.274562070e-03 
  3.158997977e-03 
  3.306257306e-03 
  3.253070870e-03 
  3.190911608e-03 
  3.063634271e-03 
  3.159860149e-03 
  3.055614652e-03 
  2.923624590e-03 
  3.033976769e-03 
  2.953126794e-03 
  2.826819895e-03 
  2.806922188e-03 
  2.747796709e-03 
  2.697642194e-03 
  2.660203492e-03 
  2.676197561e-03 
  2.630138770e-03 
  2.642906271e-03 
  2.612612443e-03 
  2.710333327e-03 
  2.714677015e-03 
  2.786180470e-03 
  2.727517160e-03 
  2.773454413e-03 
  2.770493506e-03 
  2.759463387e-03 
  2.672180068e-03 
  2.801410388e-03 
  2.862918656e-03 
  2.837429522e-03 
  2.940357663e-03 
  2.948936773e-03 
  3.013701877e-03 
  2.994061448e-03 
  2.969185589e-03 
  3.081438830e-03 
  3.134031547e-03 
  3.092475235e-03 
  3.146340372e-03 
  3.124642186e-03 
  3.134707687e-03 
  3.138295142e-03 
  3.099765629e-03 
  3.037052928e-03 
  3.150538309e-03 
  3.150364850e-03 
  3.240243066e-03 
  3.179693595e-03 
  3.300504526e-03 
  3.318724455e-03 
  3.356462345e-03 
  3.351353342e-03 
  3.408350749e-03 
  3.249473404e-03 
  3.355505411e-03 
  3.380717244e-03 
  3.403467126e-03 
  3.296449082e-03 
  3.142500529e-03 
  2.946258988e-03 
  3.134544007e-03 
  3.322951728e-03 
  3.347934922e-03 
  3.380640410e-03 
  3.250620794e-03 
  3.149647033e-03 
  3.134530969e-03 
  3.210902447e-03 
  3.146990668e-03 
  3.136406885e-03 
  3.071797779e-03 
  3.146203235e-03 
  3.154320875e-03 
  3.272738075e-03 
  3.241323633e-03 
  3.400212387e-03 
  3.325677942e-03 
  3.431588179e-03 
  3.428444033e-03 
  3.704631701e-03 
  3.606656333e-03 
  3.856432391e-03 
  3.860159777e-03 
  4.020971712e-03 
  4.048085772e-03 
  4.200420342e-03 
  4.158987198e-03 
  4.104324616e-03 
  4.208252765e-03 
  4.411133938e-03 
  4.405271728e-03 
  4.482007120e-03 
  4.245079122e-03 
  4.556271713e-03 
  4.404436331e-03 
  4.534038249e-03 
  4.564945586e-03 
  4.599057604e-03 
  4.539931659e-03 
  4.552233964e-03 
  4.452192690e-03 
  4.466270562e-03 
  4.578876775e-03 
  4.546669777e-03 
  4.524510354e-03 
  4.472000524e-03 
  4.400765523e-03 
  4.201540258e-03 
  4.226939287e-03 
  4.059344996e-03 
  4.050235264e-03 
  3.577466356e-03 
  3.502687672e-03 
  3.051287495e-03 
  3.046514466e-03 
  2.594580874e-03 
  2.593595535e-03 
  2.329133684e-03 
  2.322715241e-03 
  2.341661137e-03 
  2.276345855e-03 
  2.415128285e-03 
  2.408616710e-03 
  2.469724510e-03 
  2.469372470e-03 
  2.489327453e-03 
  2.481482225e-03 
  2.520240378e-03 
  2.490596846e-03 
  2.586335409e-03 
  2.577058040e-03 
  2.735506510e-03 
  2.736565424e-03 
  2.983323066e-03 
  2.955114935e-03 
  3.096790519e-03 
  3.199624596e-03 
  3.458016785e-03 
  3.454385791e-03 
  3.609486623e-03 
  3.635076340e-03 
  3.749787342e-03 
  3.755451879e-03 
  3.776437370e-03 
  3.724971088e-03 
  3.804477630e-03 
  3.860414028e-03 
  3.909406718e-03 
  3.898691153e-03 
  3.780991537e-03 
  3.862098092e-03 
  3.888008883e-03 
  3.672257764e-03 
  3.791796276e-03 
  3.815147094e-03 
  3.777176142e-03 
  3.734736238e-03 
  3.694194369e-03 
  3.686347743e-03 
  3.571545705e-03 
  3.562170547e-03 
  3.535976633e-03 
  3.363921540e-03 
  3.375762142e-03 
  3.181186970e-03 
  3.157431027e-03 
  3.030830063e-03 
  2.982370788e-03 
  2.977496944e-03 
  2.994301263e-03 
  3.022566205e-03 
  3.005086211e-03 
  3.053461201e-03 
  3.048618790e-03 
  3.051247448e-03 
  2.964722924e-03 
  3.045644611e-03 
  3.028471954e-03 
  2.842063317e-03 
  3.002876183e-03 
  3.000763245e-03 
  3.009268781e-03 
  2.978027333e-03 
  3.032768611e-03 
  2.925415989e-03 
  3.102943767e-03 
  3.061499912e-03 
  3.197619691e-03 
  3.186695045e-03 
  3.260048339e-03 
  3.250089707e-03 
  3.298084484e-03 
  3.290999914e-03 
  3.230041126e-03 
  3.294250695e-03 
  3.255915828e-03 
  3.297081217e-03 
  3.233310534e-03 
  3.253096715e-03 
  3.273941111e-03 
  3.295998322e-03 
  3.288116772e-03 
  3.305453341e-03 
  3.303807694e-03 
  3.308033105e-03 
  3.277043113e-03 
  3.145986004e-03 
  3.256155411e-03 
  3.280550241e-03 
  3.172618337e-03 
  3.261904698e-03 
  3.247396555e-03 
  3.236792283e-03 
  3.242766950e-03 
  3.245209809e-03 
  3.236649558e-03 
  3.252568655e-03 
  3.196882550e-03 
  3.240307095e-03 
  3.231450450e-03 
  3.237575991e-03 
  3.221769119e-03 
  3.212623065e-03 
  3.190118354e-03 
  3.109737998e-03 
  3.176152939e-03 
  3.161793109e-03 
  3.139804350e-03 
  3.143647220e-03 
  3.135404550e-03 
  3.108105157e-03 
  3.028256120e-03 
  3.092474304e-03 
  3.107868833e-03 
  3.027762985e-03 
  3.087703604e-03 
  3.055346431e-03 
  3.051637905e-03 
  2.999601886e-03 
  3.058651695e-03 
  3.068973543e-03 
  3.009899752e-03 
  3.067323705e-03 
  3.054680303e-03 
  3.037837334e-03 
  3.050430911e-03 
  3.039274598e-03 
  3.031604923e-03 
  3.016809234e-03 
  3.014835762e-03 
  2.899353160e-03 
  2.992583904e-03 
  2.986370120e-03 
  2.965868218e-03 
  2.956522629e-03 
  2.953754039e-03 
  2.930493327e-03 
  2.910409356e-03 
  2.889076713e-03 
  2.854980761e-03 
  2.803483047e-03 
  2.826693235e-03 
  2.822682261e-03 
  2.782028168e-03 
  2.773497254e-03 
  2.745576901e-03 
  2.733772388e-03 
  2.703286242e-03 
  2.704669489e-03 
  2.698565833e-03 
  2.696097130e-03 
  2.684249077e-03 
  2.675520955e-03 
  2.658213023e-03 
  2.644744935e-03 
  2.637229627e-03 
  2.597080078e-03 
  2.594483783e-03 
  2.553426195e-03 
  2.464004559e-03 
  2.209255472e-03 
  2.412931994e-03 
  2.484715777e-03 
  2.546054311e-03 
  2.539118286e-03 
  2.556536812e-03 
  2.542249393e-03 
  2.546719043e-03 
  2.532469807e-03 
  2.530900529e-03 
  2.510761144e-03 
  2.482870594e-03 
  2.496386180e-03 
  2.396143507e-03 
  2.488300204e-03 
  2.479816088e-03 
  2.452537650e-03 
  2.387716202e-03 
  2.441578079e-03 
  2.443289850e-03 
  2.441974590e-03 
  2.434286755e-03 
  2.368517686e-03 
  2.351222327e-03 
  2.375397133e-03 
  2.398191020e-03 
  2.387285931e-03 
  2.355415141e-03 
  2.344990848e-03 
  2.333762590e-03 
  2.301414963e-03 
  2.288208576e-03 
  2.268265467e-03 
  2.260903828e-03 
  2.248413861e-03 
  2.246498130e-03 
  2.238812624e-03 
  2.260738751e-03 
  2.257054439e-03 
  2.246523043e-03 
  2.188225510e-03 
  2.156444360e-03 
  2.263350179e-03 
  2.212559571e-03 
  2.280347049e-03 
  2.274206607e-03 
  2.262810012e-03 
  2.258675871e-03 
  2.245555399e-03 
  2.241023118e-03 
  2.218190115e-03 
  2.182121854e-03 
  2.204457298e-03 
  2.207517158e-03 
  2.196024870e-03 
  2.188284416e-03 
  2.175661735e-03 
  2.170037245e-03 
  2.160778269e-03 
  2.145677572e-03 
  2.104830462e-03 
  2.107038861e-03 
  2.101386432e-03 
  2.116460586e-03 
  2.089388901e-03 
  2.088819165e-03 
  2.084968612e-03 
  2.074850025e-03 
  2.067265799e-03 
  2.052149968e-03 
  2.040214138e-03 
  2.037506085e-03 
  2.010367112e-03 
  1.964650350e-03 
  1.985189039e-03 
  2.001195215e-03 
  1.993308077e-03 
  1.956393244e-03 
  1.967738615e-03 
  1.964536728e-03 
  1.956833759e-03 
  1.951581566e-03 
  1.894925605e-03 
  1.930938684e-03 
  1.910951454e-03 
  1.905311132e-03 
  1.905016135e-03 
  1.874790760e-03 
  1.824702369e-03 
  1.860851073e-03 
  1.843525213e-03 
  1.840209588e-03 
  1.836014562e-03 
  1.834825845e-03 
  1.818099176e-03 
  1.805990585e-03 
  1.806249609e-03 
  1.739338739e-03 
  1.800140017e-03 
  1.786328852e-03 
  1.760986052e-03 
  1.773442724e-03 
  1.771291485e-03 
  1.764101791e-03 
  1.755771111e-03 
  1.737524988e-03 
  1.750503900e-03 
  1.745397341e-03 
  1.737133483e-03 
  1.708348747e-03 
  1.726689283e-03 
  1.723965746e-03 
  1.720122877e-03 
  1.711780089e-03 
  1.703612390e-03 
  1.617143047e-03 
  1.666795579e-03 
  1.668814220e-03 
  1.662850380e-03 
  1.653946238e-03 
  1.648853533e-03 
  1.649280661e-03 
  1.640689909e-03 
  1.622302341e-03 
  1.619411167e-03 
  1.594400383e-03 
  1.599477255e-03 
  1.593535533e-03 
  1.505587250e-03 
  1.542775193e-03 
  1.534000970e-03 
  1.504298882e-03 
  1.535000745e-03 
  1.536895405e-03 
  1.530129113e-03 
  1.526307431e-03 
  1.541696722e-03 
  1.534450566e-03 
  1.526748179e-03 
  1.542008598e-03 
  1.540951664e-03 
  1.541003119e-03 
  1.538084005e-03 
  1.525618020e-03 
  1.515303506e-03 
  1.517419587e-03 
  1.507704379e-03 
  1.489876071e-03 
  1.478625112e-03 
  1.425214345e-03 
  1.443578280e-03 
  1.427070121e-03 
  1.450254233e-03 
  1.441944623e-03 
  1.419529901e-03 
  1.425121911e-03 
  1.421554363e-03 
  1.352900756e-03 
  1.388071454e-03 
  1.396994223e-03 
  1.380393864e-03 
  1.404186711e-03 
  1.411162084e-03 
  1.397242420e-03 
  1.392439939e-03 
  1.383769908e-03 
  1.371355611e-03 
  1.368051977e-03 
  1.341941068e-03 
  1.320610056e-03 
  1.327666570e-03 
  1.309486222e-03 
  1.300488948e-03 
  1.264667138e-03 
  1.281593461e-03 
  1.280945027e-03 
  1.267110929e-03 
  1.258973614e-03 
  1.253162045e-03 
  1.242119120e-03 
  1.242959988e-03 
  1.233621035e-03 
  1.230161753e-03 
  1.233943040e-03 
  1.224032952e-03 
  1.228948357e-03 
  1.207793714e-03 
  1.169656287e-03 
  1.198029495e-03 
  1.209631911e-03 
  1.220343285e-03 
  1.208410715e-03 
  1.206708956e-03 
  1.226306427e-03 
  1.225282205e-03 
  1.214236836e-03 
  1.199884689e-03 
  1.196167199e-03 
  1.197364414e-03 
  1.169097377e-03 
  1.169524505e-03 
  1.139124157e-03 
  1.131493598e-03 
  1.118769986e-03 
  1.095714280e-03 
  1.106549171e-03 
  1.105032396e-03 
  1.105968258e-03 
  1.050199731e-03 
  1.083378098e-03 
  1.104495721e-03 
  1.099086367e-03 
  1.093998435e-03 
  1.106035663e-03 
  1.100590685e-03 
  1.095199608e-03 
  1.096007763e-03 
  1.041674288e-03 
  1.039488940e-03 
  1.045771758e-03 
  1.051670406e-03 
  1.039725612e-03 
  1.065826975e-03 
  1.060204464e-03 
  1.072527375e-03 
  1.068872865e-03 
  1.064248383e-03 
  1.057584654e-03 
  1.069531776e-03 
  1.058311318e-03 
  1.057857764e-03 
  1.061030780e-03 
  1.051971340e-03 
  1.051811734e-03 
  1.040243893e-03 
  1.035858179e-03 
  1.039391849e-03 
  1.030069194e-03 
  1.013790607e-03 
  1.018779236e-03 
  1.002301811e-03 
  9.919306030e-04 
  9.920122102e-04 
  9.871756192e-04 
  9.712767205e-04 
  9.705721750e-04 
  9.677499183e-04 
  9.533089469e-04 
  9.185975068e-04 
  9.153207648e-04 
  8.838358335e-04 
  9.221873479e-04 
  9.286750574e-04 
  9.546911460e-04 
  9.429124184e-04 
  9.469474899e-04 
  9.586827946e-04 
  9.503655601e-04 
  9.516153368e-04 
  9.472891688e-04 
  9.576616576e-04 
  9.457927081e-04 
  9.435664397e-04 
  9.483667673e-04 
  9.411317296e-04 
  9.289366426e-04 
  9.331494803e-04 
  9.286252898e-04 
  8.979045670e-04 
  8.865976706e-04 
  9.098961018e-04 
  9.023962775e-04 
  8.792852168e-04 
  9.005034808e-04 
  8.840435185e-04 
  8.723365027e-04 
  8.762698271e-04 
  8.495703805e-04 
  8.439474623e-04 
  8.265929064e-04 
  8.014148916e-04 
  8.019320085e-04 
  7.924570236e-04 
  7.911690045e-04 
  7.954000030e-04 
  7.885062369e-04 
  7.868461544e-04 
  7.977963542e-04 
  8.177734562e-04 
  8.080265834e-04 
  8.052960620e-04 
  7.753893151e-04 
  8.146191249e-04 
  8.189034997e-04 
  8.125350578e-04 
  7.991096354e-04 
  7.998858346e-04 
  7.924889214e-04 
  7.814763230e-04 
  7.740722504e-04 
  7.667747559e-04 
  7.485295064e-04 
  7.472404977e-04 
  7.402740302e-04 
  6.812986685e-04 
  7.092119777e-04 
  7.052322035e-04 
  6.930560339e-04 
  6.795953377e-04 
  6.909172516e-04 
  6.565602962e-04 
  6.650868454e-04 
  6.607776741e-04 
  6.090310635e-04 
  6.168497493e-04 
  6.052144454e-04 
  5.855949130e-04 
  5.683706258e-04 
  5.939604016e-04 
  5.707681412e-04 
  5.663535558e-04 
  5.346622784e-04 
  5.575339892e-04 
  5.561879952e-04 
  5.581288715e-04 
  5.551218055e-04 
  5.564321182e-04 
  5.466778530e-04 
  5.576091935e-04 
  5.505517474e-04 
  5.461447872e-04 
  5.568858469e-04 
  5.521345884e-04 
  5.537727848e-04 
  5.463653943e-04 
