  1.280432940e-01 
  3.711033165e-01 
  4.294729829e-01 
  1.221604824e+00 
  1.434108138e+00 
  2.830364704e+00 
  3.226720333e+00 
  5.027691841e+00 
  6.624714851e+00 
  7.278008938e+00 
  8.561009407e+00 
  1.676434708e+01 
  1.469795895e+01 
  1.913206673e+01 
  1.966460991e+01 
  2.425855255e+01 
  1.900098991e+01 
  2.779435730e+01 
  2.713856888e+01 
  3.144062996e+01 
  2.910701370e+01 
  3.784169388e+01 
  3.203478241e+01 
  2.870168304e+01 
  3.656834793e+01 
  3.934400940e+01 
  5.550298691e+01 
  5.574840927e+01 
  4.475865173e+01 
  5.458808136e+01 
  5.671495819e+01 
  4.503768158e+01 
  5.019637680e+01 
  5.653937531e+01 
  4.663286972e+01 
  5.041117477e+01 
  3.772878265e+01 
  3.561288452e+01 
  4.331517792e+01 
  4.348167801e+01 
  4.831613541e+01 
  4.068447113e+01 
  4.244161224e+01 
  4.228868484e+01 
  3.785598373e+01 
  4.849604797e+01 
  5.346332550e+01 
  5.049534607e+01 
  4.719514847e+01 
  5.138784027e+01 
  5.213977814e+01 
  4.912993240e+01 
  4.994121552e+01 
  4.524113846e+01 
  5.182846832e+01 
  5.211843491e+01 
  4.889491653e+01 
  3.100317192e+01 
  3.342390060e+01 
  3.336205673e+01 
  4.910159683e+01 
  3.864544678e+01 
  4.209103012e+01 
  4.444183731e+01 
  4.402339172e+01 
  4.090356445e+01 
  5.571183395e+01 
  4.946256256e+01 
  4.627994919e+01 
  4.416616058e+01 
  5.039477539e+01 
  3.992912292e+01 
  4.169529343e+01 
  4.121506119e+01 
  3.165506744e+01 
  2.875015259e+01 
  4.077004623e+01 
  4.134152603e+01 
  5.296897507e+01 
  4.039067459e+01 
  3.747266006e+01 
  4.167146683e+01 
  3.084188843e+01 
  2.128250122e+01 
  2.317771721e+01 
  3.450271606e+01 
  2.648632240e+01 
  3.005861282e+01 
  2.942898369e+01 
  3.313627625e+01 
  3.969449997e+01 
  4.387055206e+01 
  3.851472473e+01 
  2.039720154e+01 
  2.229685211e+01 
  3.697238541e+01 
  3.759123993e+01 
  1.511290836e+01 
  4.176825333e+01 
  4.947182083e+01 
  4.801167297e+01 
  4.710596848e+01 
  4.928057861e+01 
  4.556335449e+01 
  4.833575821e+01 
  4.376005173e+01 
  4.287607956e+01 
  4.122782516e+01 
  4.409769058e+01 
  4.819334793e+01 
  3.978339386e+01 
  4.612911987e+01 
  4.719681931e+01 
  4.402587509e+01 
  4.266601181e+01 
  4.493884659e+01 
  4.411116409e+01 
  4.223987579e+01 
  4.081020355e+01 
  4.129621887e+01 
  3.452519226e+01 
  4.272756195e+01 
  4.044295502e+01 
  3.374184799e+01 
  3.666513443e+01 
  3.751546478e+01 
  3.562918091e+01 
  3.386079407e+01 
  3.387734604e+01 
  3.045348549e+01 
  2.401287842e+01 
  2.133436966e+01 
  3.794963074e+01 
  3.338404465e+01 
  3.135900497e+01 
  3.372028732e+01 
  3.695666122e+01 
  3.688166046e+01 
  3.265747452e+01 
  3.123898697e+01 
  3.461203766e+01 
  3.410649872e+01 
  3.551296234e+01 
  3.534582138e+01 
  3.472025299e+01 
  3.611126709e+01 
  3.178414345e+01 
  3.584680939e+01 
  3.604074860e+01 
  3.588655090e+01 
  3.626636887e+01 
  3.876394272e+01 
  3.564138031e+01 
  3.272368622e+01 
  3.450864792e+01 
  3.437179565e+01 
  3.482113266e+01 
  3.463618851e+01 
  3.365901947e+01 
  3.329195404e+01 
  3.264754105e+01 
  3.346886444e+01 
  3.257218933e+01 
  3.223374176e+01 
  3.200236130e+01 
  3.120669365e+01 
  3.186060333e+01 
  3.041717339e+01 
  3.186198616e+01 
  3.124822617e+01 
  3.049143600e+01 
  3.011381340e+01 
  3.015770149e+01 
  2.950978851e+01 
  2.942815399e+01 
  3.028636169e+01 
  2.903535271e+01 
  2.845802116e+01 
  2.955375099e+01 
  2.792410088e+01 
  2.818544960e+01 
  2.772941971e+01 
  2.802372169e+01 
  2.776915932e+01 
  2.643057442e+01 
  2.635559082e+01 
  2.115489388e+01 
  2.354125023e+01 
  2.530799866e+01 
  2.329399681e+01 
  2.625838852e+01 
  2.432810020e+01 
  2.314723015e+01 
  2.468383026e+01 
  2.361139107e+01 
  2.499312210e+01 
  2.409901428e+01 
  2.314506149e+01 
  2.237449837e+01 
  2.210012436e+01 
  2.178628159e+01 
  2.108862877e+01 
  2.074529648e+01 
  2.176740265e+01 
  2.005520248e+01 
  2.142137146e+01 
  2.271617889e+01 
  2.093731308e+01 
  1.989117813e+01 
  2.124917793e+01 
  2.039743423e+01 
  2.021283722e+01 
  2.101657486e+01 
  1.905597687e+01 
  1.848295403e+01 
  1.869455147e+01 
  1.945348740e+01 
  1.419506168e+01 
  1.740918922e+01 
  1.633906174e+01 
  1.782080841e+01 
  1.766436386e+01 
  1.819381905e+01 
  1.679051590e+01 
  1.804760170e+01 
  1.773710442e+01 
  1.674735641e+01 
  1.449399090e+01 
  1.724590111e+01 
  1.757155228e+01 
  1.645053673e+01 
  1.774181938e+01 
  1.677095222e+01 
  1.459857464e+01 
  1.573375988e+01 
  1.591083336e+01 
  1.673392487e+01 
  1.538822460e+01 
  1.596658230e+01 
  1.577426910e+01 
  1.530214310e+01 
  1.390944481e+01 
  1.538113594e+01 
  1.458520794e+01 
  1.525048733e+01 
  1.489330482e+01 
  1.443642902e+01 
  1.492029572e+01 
  1.372499084e+01 
  1.432104874e+01 
  1.388831997e+01 
  1.368661499e+01 
  1.415834618e+01 
  1.349124813e+01 
  1.381724930e+01 
  1.374234772e+01 
  1.325397205e+01 
  1.275509548e+01 
  1.313117886e+01 
  1.231034756e+01 
  1.226329422e+01 
  1.336762142e+01 
  1.216890144e+01 
  1.262736034e+01 
  1.234759712e+01 
  1.239067268e+01 
  1.133015728e+01 
  1.204968834e+01 
  1.190436459e+01 
  1.155730057e+01 
  1.152426052e+01 
  1.103321838e+01 
  1.155652332e+01 
  1.157726765e+01 
  1.142357826e+01 
  1.105550575e+01 
  1.077337837e+01 
  1.114445400e+01 
  1.074934959e+01 
  1.060101223e+01 
  1.090215683e+01 
  1.064831448e+01 
  1.074471378e+01 
  1.075181293e+01 
  1.064847946e+01 
  1.050898170e+01 
  9.990467072e+00 
  1.030081844e+01 
  1.011733627e+01 
  8.899358749e+00 
  9.227108955e+00 
  9.738780975e+00 
  9.483480453e+00 
  9.522127151e+00 
  9.539800644e+00 
  9.288044930e+00 
  9.454334259e+00 
  9.409731865e+00 
  9.152266502e+00 
  9.088472366e+00 
  9.028789520e+00 
  8.913471222e+00 
  8.753809929e+00 
  8.749309540e+00 
  8.969665527e+00 
  8.889607430e+00 
  8.728852272e+00 
  8.622870445e+00 
  8.535047531e+00 
  8.392094612e+00 
  8.203789711e+00 
  8.282968521e+00 
  8.122235298e+00 
  7.951768398e+00 
  7.615031242e+00 
  7.928157806e+00 
  7.489324093e+00 
  7.482701778e+00 
  7.784140587e+00 
  7.661648750e+00 
  7.723155022e+00 
  7.803452969e+00 
  7.341959000e+00 
  7.348906040e+00 
  7.306909561e+00 
  7.060485363e+00 
  7.046559811e+00 
  7.103690147e+00 
  6.886904240e+00 
  7.062902451e+00 
  6.785236359e+00 
  7.004483223e+00 
  6.491419792e+00 
  6.932398796e+00 
  6.692975998e+00 
  6.778076649e+00 
  6.504424572e+00 
  6.682990551e+00 
  6.752839565e+00 
  6.659588337e+00 
  6.415740967e+00 
  6.471110344e+00 
  6.357415676e+00 
  6.426803589e+00 
  6.315639019e+00 
  6.327386856e+00 
  6.045817375e+00 
  6.088872433e+00 
  6.039771080e+00 
  6.124159813e+00 
  5.646508694e+00 
  6.045504093e+00 
  5.887813091e+00 
  5.976750851e+00 
  5.861980438e+00 
  5.670425892e+00 
  4.785950661e+00 
  5.078448772e+00 
  5.625639439e+00 
  5.602707863e+00 
  5.614799023e+00 
  5.611581802e+00 
  5.660977364e+00 
  5.563777924e+00 
  5.443705082e+00 
  5.435517311e+00 
  5.469350815e+00 
  5.329726219e+00 
  5.329318523e+00 
  5.374381542e+00 
  5.279021740e+00 
  5.192701340e+00 
  5.145580292e+00 
  5.152214050e+00 
  5.132138729e+00 
  5.024340153e+00 
  5.089318275e+00 
  4.958885193e+00 
  5.011435986e+00 
  4.911540031e+00 
  4.844200134e+00 
  4.820078373e+00 
  4.781430244e+00 
  4.784564495e+00 
  4.669309139e+00 
  4.695574284e+00 
  4.452662945e+00 
  3.978730679e+00 
  4.077632427e+00 
  4.029572487e+00 
  4.089776516e+00 
  4.175718784e+00 
  4.188445091e+00 
  4.181187630e+00 
  4.178236008e+00 
  4.112292290e+00 
  4.154181004e+00 
  4.213267803e+00 
  4.094875813e+00 
  4.081695080e+00 
  4.020594120e+00 
  3.894449234e+00 
  3.862617970e+00 
  3.945801735e+00 
  3.936712027e+00 
  3.922069788e+00 
  3.862119198e+00 
  3.789342165e+00 
  3.885155916e+00 
  3.742026091e+00 
  3.788402557e+00 
  3.746510983e+00 
  3.688701391e+00 
  3.639214039e+00 
  3.675297976e+00 
  3.507064104e+00 
  3.557896852e+00 
  3.326023340e+00 
  3.221460342e+00 
  3.142539740e+00 
  3.112416506e+00 
  3.246851206e+00 
  3.335985184e+00 
  3.274530172e+00 
  3.182760954e+00 
  3.142976522e+00 
  3.115427971e+00 
  3.156152248e+00 
  3.071182013e+00 
  2.964426279e+00 
  3.050964832e+00 
  2.977089405e+00 
  3.072566509e+00 
  3.065545321e+00 
  3.140646458e+00 
  3.087736607e+00 
  2.995213747e+00 
  3.031250715e+00 
  3.025125504e+00 
  2.918857813e+00 
  2.948420763e+00 
  2.919497967e+00 
  2.859915733e+00 
  2.936372042e+00 
  2.952958822e+00 
  2.864177942e+00 
  2.891158104e+00 
  2.920661926e+00 
  2.853696108e+00 
  2.839907408e+00 
  2.781876326e+00 
  2.759842873e+00 
  2.789115429e+00 
  2.748482466e+00 
  2.776876450e+00 
  2.746212721e+00 
  2.678131580e+00 
  2.683165789e+00 
  2.660242319e+00 
  2.395048857e+00 
  1.226019144e+00 
  1.118560314e+00 
  1.707966447e+00 
  1.542141557e+00 
  1.637902260e+00 
  1.866876006e+00 
  2.017748833e+00 
  2.164096355e+00 
  2.332727671e+00 
  2.379420042e+00 
  2.391416550e+00 
  2.398009062e+00 
  2.380290031e+00 
  2.359916925e+00 
  2.374580145e+00 
  2.274332523e+00 
  2.356173754e+00 
  2.327612162e+00 
  2.302849531e+00 
  2.298073530e+00 
  2.257593155e+00 
  2.242581844e+00 
  2.257580280e+00 
  2.193173170e+00 
  2.193337202e+00 
  2.184765339e+00 
  2.131717205e+00 
  2.145464420e+00 
  2.098516226e+00 
  2.086969852e+00 
  2.054018259e+00 
  2.035187960e+00 
  1.994779348e+00 
  1.987618208e+00 
  1.968092680e+00 
  1.940480351e+00 
  1.946348071e+00 
  1.953242898e+00 
  1.955087066e+00 
  1.941000819e+00 
  1.873333812e+00 
  1.899281859e+00 
  1.885204315e+00 
  1.849813342e+00 
  1.860586405e+00 
  1.807252645e+00 
  1.851067543e+00 
  1.830872178e+00 
  1.807988882e+00 
  1.765456438e+00 
  1.745417118e+00 
  1.757840276e+00 
  1.734316230e+00 
  1.707901478e+00 
  1.683655500e+00 
  1.641288042e+00 
  1.599114537e+00 
  1.601726890e+00 
  1.585526586e+00 
  1.541389942e+00 
  1.525682330e+00 
  1.596140742e+00 
  1.522887349e+00 
  1.483827949e+00 
  1.542607903e+00 
  1.563395977e+00 
  1.560105205e+00 
  1.543376923e+00 
  1.513076901e+00 
  1.511678219e+00 
  1.488064885e+00 
  1.456545234e+00 
  1.479882002e+00 
  1.431103587e+00 
  1.450228214e+00 
  1.455339909e+00 
  1.462100983e+00 
  1.442628145e+00 
  1.445156455e+00 
  1.395763993e+00 
  1.427087665e+00 
  1.421339393e+00 
  1.407833576e+00 
  1.396626592e+00 
  1.369206429e+00 
  1.384387136e+00 
  1.390240192e+00 
  1.337192655e+00 
  1.368669152e+00 
  1.364797831e+00 
  1.173567653e+00 
  1.337023020e+00 
  1.280236840e+00 
  1.290355086e+00 
  1.032363415e+00 
  1.131666899e+00 
  1.278956294e+00 
  1.293823004e+00 
  1.267324448e+00 
  1.261912227e+00 
  1.245017886e+00 
  1.238993049e+00 
  1.229257703e+00 
  1.246845245e+00 
  1.238590360e+00 
  1.209869504e+00 
  1.010075092e+00 
  1.070527315e+00 
  1.155565858e+00 
  1.134030223e+00 
  1.175235033e+00 
  1.168097854e+00 
  1.158032775e+00 
  1.157152534e+00 
  1.126457214e+00 
  1.110875607e+00 
  1.114768744e+00 
  1.131668925e+00 
  1.106786251e+00 
  1.104160666e+00 
  1.092479229e+00 
  1.030744195e+00 
  1.082499385e+00 
  1.053037882e+00 
  1.057126641e+00 
  1.062683463e+00 
  1.022536874e+00 
  1.007873416e+00 
  1.033247471e+00 
  1.035576105e+00 
  1.027175903e+00 
  1.016660571e+00 
  1.006188989e+00 
  9.559291601e-01 
  9.793649316e-01 
  9.142299891e-01 
  9.300655127e-01 
  8.890104294e-01 
  8.794855475e-01 
  8.558099866e-01 
  8.332243562e-01 
  8.071347475e-01 
  7.895793915e-01 
  8.594647050e-01 
  8.883103132e-01 
  8.812190294e-01 
  8.413722515e-01 
  8.305705786e-01 
  7.914790511e-01 
  7.750124335e-01 
  7.826763391e-01 
  7.854718566e-01 
  7.795775533e-01 
  7.764807940e-01 
  7.767856717e-01 
  7.664179206e-01 
  7.742711902e-01 
  7.624791861e-01 
  7.600081563e-01 
  7.833714485e-01 
  7.857956886e-01 
  7.623411417e-01 
  7.519470453e-01 
  7.138341665e-01 
  7.324669361e-01 
  7.382201552e-01 
  7.083328962e-01 
  7.219962478e-01 
  7.092506886e-01 
  6.767635345e-01 
  6.475691795e-01 
  6.175230742e-01 
  5.750203729e-01 
  5.500637293e-01 
  5.192422867e-01 
  5.068647861e-01 
  5.099993944e-01 
  5.168570876e-01 
  5.350291133e-01 
  6.079240441e-01 
  6.129065752e-01 
  5.875969529e-01 
  5.417513251e-01 
  5.327095985e-01 
  5.134547353e-01 
  5.283533931e-01 
  5.339708328e-01 
  5.396975279e-01 
  5.472654104e-01 
  5.458688736e-01 
  5.416709185e-01 
  5.508494377e-01 
  5.329647064e-01 
  5.401560664e-01 
  5.443335772e-01 
  4.976759851e-01 
  5.267235637e-01 
  5.532722473e-01 
  5.590644479e-01 
  5.541461110e-01 
  5.452979803e-01 
  5.348823667e-01 
  5.374801159e-01 
  5.495816469e-01 
  5.432524681e-01 
  5.462051630e-01 
  5.290632248e-01 
  5.533843040e-01 
  5.634979010e-01 
  5.735976100e-01 
  5.732834339e-01 
  5.656053424e-01 
  5.646377802e-01 
  5.513837337e-01 
  5.341092944e-01 
  5.304519534e-01 
  5.397232175e-01 
  5.322766304e-01 
  5.424746871e-01 
  5.267964602e-01 
  5.411516428e-01 
  5.447939038e-01 
  5.392683744e-01 
  5.405123830e-01 
  5.398786068e-01 
  5.404352546e-01 
  5.377919674e-01 
  5.434546471e-01 
  5.349494219e-01 
  5.262378454e-01 
  5.289624929e-01 
  5.326013565e-01 
  5.259461403e-01 
  5.236006975e-01 
  5.255625248e-01 
  5.205600858e-01 
  5.183156133e-01 
  5.161459446e-01 
  5.114462972e-01 
  5.078182220e-01 
  5.019363761e-01 
  5.015807748e-01 
  4.968535602e-01 
  4.895274341e-01 
  4.845833182e-01 
  4.512577951e-01 
  4.731751382e-01 
  4.794894755e-01 
  4.780487418e-01 
  4.712562859e-01 
  4.719853103e-01 
  4.696340561e-01 
  4.687202275e-01 
  4.638243318e-01 
  4.652262330e-01 
  4.548530579e-01 
  4.561874866e-01 
  4.500569701e-01 
  4.537684917e-01 
  4.409219623e-01 
  4.384800494e-01 
  4.415740073e-01 
  4.326545894e-01 
  4.385984242e-01 
  4.342672229e-01 
  4.332122207e-01 
  4.325277805e-01 
  4.279893637e-01 
  4.274800122e-01 
  4.197511375e-01 
  4.227161109e-01 
  4.199162126e-01 
  4.169559479e-01 
  4.077143669e-01 
  4.104741216e-01 
  4.045350552e-01 
  4.081108272e-01 
  3.979168236e-01 
  4.002894759e-01 
  4.003137946e-01 
  3.939864635e-01 
  3.944863975e-01 
  3.940863609e-01 
  3.857560456e-01 
  3.880206645e-01 
  3.847871125e-01 
  3.720786572e-01 
  3.773624003e-01 
  3.795067668e-01 
  3.754394948e-01 
  3.716603816e-01 
  3.701807857e-01 
  3.669345379e-01 
  3.656143546e-01 
  3.603549004e-01 
  3.614890575e-01 
  3.590197563e-01 
  3.568199575e-01 
  3.514499366e-01 
  3.390378058e-01 
  3.499183059e-01 
  3.363128603e-01 
  3.441206515e-01 
  3.368324637e-01 
  3.397006989e-01 
  3.377933502e-01 
  3.261710107e-01 
  3.325233161e-01 
  3.298102617e-01 
  3.038152754e-01 
  3.208213747e-01 
  3.200751543e-01 
  3.197219372e-01 
  3.080813885e-01 
  3.178228736e-01 
  3.072476089e-01 
  3.126394451e-01 
  3.105582595e-01 
  3.100155294e-01 
  2.968974710e-01 
  3.036778867e-01 
  2.914461493e-01 
  2.944991589e-01 
  2.850748599e-01 
  2.943640351e-01 
  2.882432044e-01 
  2.912338972e-01 
  2.736718357e-01 
  2.893095315e-01 
  2.756305039e-01 
  2.803050578e-01 
  2.814029753e-01 
  2.731168866e-01 
  2.671289444e-01 
  2.416015118e-01 
  2.606596947e-01 
  2.587366402e-01 
  2.540238500e-01 
  2.456099987e-01 
  2.412268817e-01 
  2.447104305e-01 
  2.438821942e-01 
  2.326273322e-01 
  2.413200438e-01 
  2.379684746e-01 
  2.349473238e-01 
  2.303277254e-01 
  2.296249270e-01 
  2.283340693e-01 
  2.299988866e-01 
  2.300215662e-01 
  2.253233045e-01 
  2.178208977e-01 
  2.097951323e-01 
  2.094421387e-01 
  1.987983137e-01 
  1.909400076e-01 
  1.818832755e-01 
  1.704195738e-01 
  1.604303867e-01 
  1.545740515e-01 
  1.537378579e-01 
  1.467154920e-01 
  1.500253528e-01 
  1.518962234e-01 
  1.471238881e-01 
  1.433639526e-01 
  1.481628865e-01 
  1.458390057e-01 
  1.516989321e-01 
  1.642937660e-01 
  1.693064421e-01 
  1.638370901e-01 
  1.500070393e-01 
  1.317296624e-01 
  1.342044175e-01 
  1.505456120e-01 
  1.612953693e-01 
  1.640055031e-01 
  1.699734628e-01 
  1.680842638e-01 
  1.593004167e-01 
  1.618176699e-01 
  1.546524018e-01 
  1.489717066e-01 
  1.435023248e-01 
  1.458593458e-01 
  1.506460160e-01 
  1.528068483e-01 
  1.544140726e-01 
  1.533146650e-01 
  1.548257768e-01 
  1.552336961e-01 
  1.562319249e-01 
  1.559885293e-01 
  1.598451436e-01 
  1.609733850e-01 
  1.698983461e-01 
  1.726976782e-01 
  1.724916101e-01 
  1.708558500e-01 
  1.693862230e-01 
  1.770755649e-01 
  1.798646450e-01 
  1.762143224e-01 
  1.792469472e-01 
  1.745626032e-01 
  1.771525741e-01 
  1.779523641e-01 
  1.715741605e-01 
  1.759435236e-01 
  1.771185994e-01 
  1.753830165e-01 
  1.730313897e-01 
  1.725528240e-01 
  1.714040190e-01 
  1.680389792e-01 
  1.719744951e-01 
  1.671980917e-01 
  1.658933163e-01 
  1.671700627e-01 
  1.646192670e-01 
  1.631685197e-01 
  1.532598883e-01 
  1.602733582e-01 
  1.634181142e-01 
  1.614214778e-01 
  1.593691409e-01 
  1.576656550e-01 
  1.488486677e-01 
  1.581090391e-01 
  1.608087569e-01 
  1.605177671e-01 
  1.597941965e-01 
  1.587857306e-01 
  1.554043591e-01 
  1.549262106e-01 
  1.538606435e-01 
  1.480741501e-01 
  1.415211111e-01 
  1.503033787e-01 
  1.509343833e-01 
  1.505940557e-01 
  1.423216015e-01 
  1.442954540e-01 
  1.488181800e-01 
  1.482557505e-01 
  1.491159350e-01 
  1.462696791e-01 
  1.363306344e-01 
  1.448278874e-01 
  1.394686252e-01 
  1.435572356e-01 
  1.443395615e-01 
  1.431362927e-01 
  1.433890760e-01 
  1.433659196e-01 
  1.433162987e-01 
  1.425522268e-01 
  1.408129483e-01 
  1.413457692e-01 
  1.407500952e-01 
  1.396004111e-01 
  1.385491341e-01 
  1.396938413e-01 
  1.385832578e-01 
  1.387647688e-01 
  1.338627338e-01 
  1.378762871e-01 
  1.374770552e-01 
  1.367809176e-01 
  1.364452392e-01 
  1.344905198e-01 
  1.351273209e-01 
  1.344965249e-01 
  1.332179606e-01 
  1.336283535e-01 
  1.332679242e-01 
  1.327572316e-01 
  1.308059543e-01 
  1.297559589e-01 
  1.304167062e-01 
  1.291615516e-01 
  1.272560209e-01 
  1.255662739e-01 
  1.272214055e-01 
  1.257310659e-01 
  1.245457530e-01 
  1.250128299e-01 
  1.240571067e-01 
  1.230461523e-01 
  1.216453388e-01 
  1.207103133e-01 
  1.191459671e-01 
  1.187398061e-01 
  1.178897098e-01 
  1.170012653e-01 
  1.149274707e-01 
  1.143495739e-01 
  1.121264622e-01 
  1.112643927e-01 
  1.099884138e-01 
  1.059406921e-01 
  1.063383371e-01 
  1.039826274e-01 
  1.037045494e-01 
  1.035219952e-01 
  1.006753817e-01 
  9.870106727e-02 
  9.902618080e-02 
  1.015387103e-01 
  1.026548892e-01 
  1.027225479e-01 
  1.028973237e-01 
  1.026654243e-01 
  1.033586636e-01 
  1.035072654e-01 
  1.033661067e-01 
  1.030502245e-01 
  1.022700369e-01 
  1.017394066e-01 
  9.890943021e-02 
  8.785685152e-02 
  9.638188034e-02 
  1.001548916e-01 
  1.007372513e-01 
  1.003254279e-01 
  1.004355401e-01 
  9.865708649e-02 
  9.871819615e-02 
  9.616048634e-02 
  9.735041857e-02 
  9.788188338e-02 
  9.773606062e-02 
  9.554801881e-02 
  9.571454674e-02 
  9.491438419e-02 
  9.358238429e-02 
  9.245125204e-02 
  9.308564663e-02 
  9.237273037e-02 
  9.184177220e-02 
  9.007664025e-02 
  8.838490397e-02 
  8.784343302e-02 
  8.796322346e-02 
  8.764199913e-02 
  8.689989150e-02 
  8.604582399e-02 
  8.497926593e-02 
  8.428261429e-02 
  8.377894014e-02 
  8.240128309e-02 
  7.792555541e-02 
  7.955055684e-02 
  7.701519877e-02 
  7.916823030e-02 
  7.973998040e-02 
  7.744286209e-02 
  7.689662278e-02 
  7.455066592e-02 
  7.341453433e-02 
  7.404801250e-02 
  7.507776469e-02 
  7.545220852e-02 
  7.468429208e-02 
  7.310260832e-02 
  7.013260573e-02 
  6.775024533e-02 
  6.110128760e-02 
  6.043081731e-02 
  5.958332866e-02 
  5.838086456e-02 
  6.057810411e-02 
  6.164072081e-02 
  6.235381961e-02 
  6.182118133e-02 
  6.204482540e-02 
  6.240925193e-02 
  6.191129982e-02 
  6.179654971e-02 
  6.242017448e-02 
  6.215455011e-02 
  6.035048515e-02 
  5.795757473e-02 
  5.260524526e-02 
  4.864063114e-02 
  4.663206264e-02 
  4.354670644e-02 
  4.215128720e-02 
  3.907119483e-02 
  3.764765337e-02 
  3.598865494e-02 
  3.369976580e-02 
  3.243095428e-02 
  3.101057000e-02 
  2.980365604e-02 
  2.831346728e-02 
  2.773388848e-02 
  2.610833570e-02 
  2.470977604e-02 
  2.461079136e-02 
  2.427421138e-02 
  2.452452108e-02 
  2.506380528e-02 
  2.503115311e-02 
  2.527456544e-02 
  2.457065322e-02 
  2.437099256e-02 
  2.389983460e-02 
  2.480705455e-02 
  2.622604184e-02 
  2.832373604e-02 
  2.954130433e-02 
  3.036034852e-02 
  3.011399694e-02 
  2.937683091e-02 
  2.916001156e-02 
  2.788475528e-02 
  2.679068036e-02 
  2.488387190e-02 
  2.362965792e-02 
  2.254031226e-02 
  2.263939008e-02 
  2.351350896e-02 
  2.403931879e-02 
  2.528078109e-02 
  2.676772140e-02 
  2.795141749e-02 
  2.847629599e-02 
  2.801789157e-02 
  2.795200795e-02 
  2.670131810e-02 
  2.559906244e-02 
  2.448973246e-02 
  2.474824153e-02 
  2.585507557e-02 
  2.668572590e-02 
  2.670894191e-02 
  2.627605386e-02 
  2.534390055e-02 
  2.550981566e-02 
  2.660249732e-02 
  2.689153701e-02 
  2.643495798e-02 
  2.650128864e-02 
  2.614934370e-02 
  2.618283220e-02 
  2.679747529e-02 
  2.756566554e-02 
  2.850900777e-02 
  2.951799147e-02 
  2.831233852e-02 
  2.924001217e-02 
  2.937300876e-02 
  2.992133982e-02 
  3.029865585e-02 
  3.058155812e-02 
  3.057201020e-02 
  3.015577979e-02 
  3.020252101e-02 
  3.148828074e-02 
  3.111306764e-02 
  3.101290949e-02 
  3.091413341e-02 
  3.114965744e-02 
  2.984645963e-02 
  3.061335534e-02 
  3.147769347e-02 
  3.096096963e-02 
  3.003675304e-02 
  2.906499989e-02 
  2.906293981e-02 
  2.898055688e-02 
  2.814369276e-02 
  2.893923037e-02 
  2.908167429e-02 
  2.921537124e-02 
  2.964774892e-02 
  3.002293594e-02 
  2.834939398e-02 
  2.986769751e-02 
  2.895559184e-02 
  2.937114798e-02 
  2.964677475e-02 
  2.955712751e-02 
  3.019636869e-02 
  3.035871126e-02 
  3.058589809e-02 
  3.029416502e-02 
  2.963123471e-02 
  2.956068888e-02 
  2.975657769e-02 
  3.135194257e-02 
  3.253655881e-02 
  3.280560672e-02 
  3.343537450e-02 
  3.377358615e-02 
  3.426434100e-02 
  3.375121951e-02 
  3.262102976e-02 
  3.220032156e-02 
  3.111360036e-02 
  3.081677109e-02 
  3.053292260e-02 
  3.034591861e-02 
  2.897504345e-02 
  2.921238914e-02 
  2.798631974e-02 
  2.754732035e-02 
  2.707472816e-02 
  2.730775997e-02 
  2.838841267e-02 
  2.992724068e-02 
  3.007583693e-02 
  3.060769476e-02 
  3.057236783e-02 
  3.023184463e-02 
  2.937693335e-02 
  2.920784429e-02 
  2.952276170e-02 
  2.946173027e-02 
  3.025475703e-02 
  2.969599515e-02 
  2.988007851e-02 
  3.029675409e-02 
  3.013145737e-02 
  3.103528731e-02 
  2.711376734e-02 
  3.227758780e-02 
  3.336144611e-02 
  3.418482468e-02 
  3.341154382e-02 
  3.441806510e-02 
  3.424293920e-02 
  3.428386897e-02 
  3.381310031e-02 
  3.454853594e-02 
  3.534601629e-02 
  3.517920524e-02 
  3.605481237e-02 
  3.579947725e-02 
  3.523042798e-02 
  3.143505007e-02 
  3.277841955e-02 
  3.295598924e-02 
  3.332303464e-02 
  3.510154784e-02 
  3.464231268e-02 
  3.489198536e-02 
  3.540691361e-02 
  3.561134264e-02 
  3.494246677e-02 
  3.482991830e-02 
  3.426291794e-02 
  3.494576365e-02 
  3.456472233e-02 
  3.436363861e-02 
  3.509470075e-02 
  3.470794111e-02 
  3.512018546e-02 
  3.451480716e-02 
  3.422466293e-02 
  3.500653431e-02 
  3.460727260e-02 
  3.368401527e-02 
  3.454993665e-02 
  3.414233029e-02 
  3.433946893e-02 
  3.414024413e-02 
  3.190420568e-02 
  3.402893245e-02 
  3.375256807e-02 
  3.351201490e-02 
  3.293047100e-02 
  3.298975527e-02 
  3.334414586e-02 
  3.340012953e-02 
  3.243328631e-02 
  3.304938227e-02 
  3.177505732e-02 
  3.236742690e-02 
  3.247506171e-02 
  3.231598809e-02 
  3.266637400e-02 
  3.272605687e-02 
  3.267290071e-02 
  3.228864446e-02 
  3.126265481e-02 
  3.198049217e-02 
  3.172301874e-02 
  3.147657588e-02 
  3.193405271e-02 
  3.169369698e-02 
  3.044582717e-02 
  3.087402321e-02 
  3.020383418e-02 
  3.111147322e-02 
  3.078836389e-02 
  3.070946597e-02 
  3.010107577e-02 
  3.072323091e-02 
  3.063226491e-02 
  3.007473983e-02 
  2.936325595e-02 
  2.968366817e-02 
  2.904637530e-02 
  2.885558270e-02 
  2.802748047e-02 
  2.789354511e-02 
  2.699385956e-02 
  2.764633857e-02 
  2.753665112e-02 
  2.706053481e-02 
  2.712287009e-02 
  2.515133470e-02 
  2.695193700e-02 
  2.429009043e-02 
  2.653460950e-02 
  2.665187977e-02 
  2.718837559e-02 
  2.693959326e-02 
  2.640416287e-02 
  2.673474699e-02 
  2.649503760e-02 
  2.726174146e-02 
  2.685119212e-02 
  2.653117664e-02 
  2.607803419e-02 
  2.381159924e-02 
  2.558901347e-02 
  2.495404147e-02 
  2.620205097e-02 
  2.668467909e-02 
  2.638392150e-02 
  2.640442923e-02 
  2.467180975e-02 
  2.547174692e-02 
  2.568613552e-02 
  2.454560436e-02 
  2.472627163e-02 
  2.362591773e-02 
  2.412230335e-02 
  2.392449044e-02 
  2.424009889e-02 
  2.382183447e-02 
  2.369639277e-02 
  2.371407300e-02 
  2.390897088e-02 
  2.375758439e-02 
  2.224518545e-02 
  2.292215079e-02 
  2.318600751e-02 
  2.374252863e-02 
  2.345092036e-02 
  2.385582402e-02 
  2.236561850e-02 
  2.302913927e-02 
  2.368760668e-02 
  2.361688763e-02 
  2.302071638e-02 
  2.266130969e-02 
  2.317408286e-02 
  2.361035720e-02 
  2.372974344e-02 
  2.311052941e-02 
  2.330915816e-02 
  2.322516590e-02 
  2.334169857e-02 
  2.326809801e-02 
  2.255953662e-02 
  2.285582945e-02 
  2.277870476e-02 
  2.241818793e-02 
  2.180658840e-02 
  2.233616635e-02 
  2.219163813e-02 
  2.110382542e-02 
  2.089845203e-02 
  2.058313042e-02 
  2.062215842e-02 
  2.042073011e-02 
  2.034509182e-02 
  2.081159502e-02 
  2.043764293e-02 
  2.042375877e-02 
  2.061863802e-02 
  2.075972967e-02 
  2.061588690e-02 
  2.009474672e-02 
  2.055388503e-02 
  2.005191334e-02 
  2.041128278e-02 
  2.016271651e-02 
  2.033929899e-02 
  1.991594769e-02 
  2.027447522e-02 
  2.007834986e-02 
  2.016201988e-02 
  1.975123957e-02 
  1.992919669e-02 
  1.995783113e-02 
  1.975146495e-02 
  1.956162043e-02 
  1.941074058e-02 
  1.916716620e-02 
  1.904170401e-02 
  1.920384541e-02 
  1.883305982e-02 
  1.884388179e-02 
  1.921909675e-02 
  1.905151457e-02 
  1.810630225e-02 
  1.857665554e-02 
  1.861443184e-02 
  1.839711517e-02 
  1.805734821e-02 
  1.810475066e-02 
  1.816024631e-02 
  1.786905527e-02 
  1.721451245e-02 
  1.657915488e-02 
  1.701690443e-02 
  1.739407890e-02 
  1.767370291e-02 
  1.768176071e-02 
  1.742778532e-02 
  1.746183448e-02 
  1.743041724e-02 
  1.717974618e-02 
  1.712453552e-02 
  1.730498858e-02 
  1.729551330e-02 
  1.719345711e-02 
  1.712876186e-02 
  1.709400490e-02 
  1.695342176e-02 
  1.680893078e-02 
  1.687079482e-02 
  1.672267169e-02 
  1.647361927e-02 
  1.646332256e-02 
  1.637023687e-02 
  1.599959470e-02 
  1.624939404e-02 
  1.628460176e-02 
  1.604378037e-02 
  1.596659049e-02 
  1.548753958e-02 
  1.573356986e-02 
  1.586760208e-02 
  1.462780591e-02 
  1.561152842e-02 
  1.565291360e-02 
  1.561779156e-02 
  1.559140813e-02 
  1.547358092e-02 
  1.529249735e-02 
  1.517563127e-02 
  1.526836492e-02 
  1.488631032e-02 
  1.463384461e-02 
  1.484790631e-02 
  1.407124288e-02 
  1.424999163e-02 
  1.442044508e-02 
  1.453651581e-02 
  1.443262678e-02 
  1.408386510e-02 
  1.433823723e-02 
  1.433291659e-02 
  1.409681235e-02 
  1.390573755e-02 
  1.298997551e-02 
  1.321153995e-02 
  1.326252706e-02 
  1.259023789e-02 
  1.239355467e-02 
  1.297040936e-02 
  1.314186212e-02 
  1.315807179e-02 
  1.282418706e-02 
  1.319712494e-02 
  1.295067649e-02 
  1.310168579e-02 
  1.269030385e-02 
  1.275397092e-02 
  1.240962837e-02 
  1.283982396e-02 
  1.270932145e-02 
  1.265157666e-02 
  1.241868921e-02 
  1.248142682e-02 
  1.248732861e-02 
  1.246291399e-02 
  1.224318240e-02 
  1.234637946e-02 
  1.232703682e-02 
  1.220332086e-02 
  1.222552173e-02 
  1.211243123e-02 
  1.186603960e-02 
  1.154528372e-02 
  1.164383907e-02 
  1.138230786e-02 
  1.155457273e-02 
  1.146637090e-02 
  1.143828873e-02 
  1.124893967e-02 
  1.130525209e-02 
  1.109836996e-02 
  1.109263580e-02 
  1.106512174e-02 
  1.104329992e-02 
  1.077735052e-02 
  1.047318336e-02 
  1.042409521e-02 
  1.011798065e-02 
  9.939379990e-03 
  1.001671795e-02 
  9.932336397e-03 
  9.901019745e-03 
  9.748577140e-03 
  9.577083401e-03 
  9.563577361e-03 
  9.498134255e-03 
  9.552394971e-03 
  9.607748128e-03 
  9.552623145e-03 
  9.274083190e-03 
  9.182526730e-03 
  8.945918642e-03 
  8.796179667e-03 
  8.509695530e-03 
  8.208772168e-03 
  8.258098736e-03 
  7.970527746e-03 
  7.653885521e-03 
  7.663826924e-03 
  7.294238079e-03 
  7.239859551e-03 
  6.790165789e-03 
  6.557740271e-03 
  6.513061002e-03 
  6.581191439e-03 
  6.539581809e-03 
  6.353095639e-03 
  6.244589109e-03 
  6.160453428e-03 
  5.976783112e-03 
  5.718726665e-03 
  5.697253160e-03 
  5.476767197e-03 
  5.475705955e-03 
  5.308350548e-03 
  5.000520032e-03 
  4.920370411e-03 
  4.661627114e-03 
  4.338122439e-03 
  4.524162505e-03 
  4.579731729e-03 
  4.601917230e-03 
  4.529160913e-03 
  4.448543768e-03 
  4.553215578e-03 
  4.295594059e-03 
  4.307333846e-03 
  4.156545736e-03 
  4.108486231e-03 
  3.792377422e-03 
  3.739770036e-03 
  3.720830195e-03 
  3.622939112e-03 
  3.481927095e-03 
  3.463841742e-03 
  3.253098112e-03 
  3.250554902e-03 
  3.186530666e-03 
  3.074329812e-03 
  3.198732389e-03 
  3.214844735e-03 
  3.275454044e-03 
  3.306018421e-03 
  3.190655494e-03 
  3.360327566e-03 
  3.338293172e-03 
  3.301110584e-03 
  3.055383684e-03 
  3.138009924e-03 
  3.179397201e-03 
  3.196774051e-03 
  3.171496093e-03 
  3.144343384e-03 
  3.065640572e-03 
  3.110913094e-03 
  3.108908189e-03 
  2.995996270e-03 
  3.109036013e-03 
  3.151275218e-03 
  3.211401869e-03 
  3.164650407e-03 
  3.315188922e-03 
  3.280782839e-03 
  3.290268825e-03 
  3.247695509e-03 
  3.251861781e-03 
  3.043446690e-03 
  2.985078376e-03 
  2.759562805e-03 
  2.817891305e-03 
  2.604656387e-03 
  2.488325583e-03 
  2.461287659e-03 
  2.466442063e-03 
  2.455976093e-03 
  2.399520716e-03 
  2.225106349e-03 
  2.794805681e-03 
  3.014692338e-03 
  3.071042011e-03 
  3.088718513e-03 
  3.174090059e-03 
  3.227595938e-03 
  3.247562796e-03 
  3.255044343e-03 
  3.228933550e-03 
  3.115003696e-03 
  3.260249738e-03 
  3.207803238e-03 
  3.146552248e-03 
  3.021044191e-03 
  3.115948522e-03 
  3.013151465e-03 
  2.883013105e-03 
  2.991841407e-03 
  2.912114142e-03 
  2.787592588e-03 
  2.767971251e-03 
  2.709732158e-03 
  2.660272643e-03 
  2.623398323e-03 
  2.639170736e-03 
  2.593758516e-03 
  2.606332302e-03 
  2.576457802e-03 
  2.672783565e-03 
  2.677066950e-03 
  2.747535473e-03 
  2.689686138e-03 
  2.734981477e-03 
  2.732062014e-03 
  2.721178113e-03 
  2.635107609e-03 
  2.762532094e-03 
  2.823170042e-03 
  2.798034810e-03 
  2.899501240e-03 
  2.907960908e-03 
  2.971778857e-03 
  2.952411771e-03 
  2.927857218e-03 
  3.038548399e-03 
  3.090379992e-03 
  3.049407620e-03 
  3.102528863e-03 
  3.081128700e-03 
  3.091054037e-03 
  3.094600048e-03 
  3.056606976e-03 
  2.994748997e-03 
  3.106653690e-03 
  3.106463468e-03 
  3.195089055e-03 
  3.135332838e-03 
  3.254480427e-03 
  3.272396047e-03 
  3.309607739e-03 
  3.304480575e-03 
  3.360595321e-03 
  3.203944303e-03 
  3.308300162e-03 
  3.333156928e-03 
  3.355370369e-03 
  3.249865025e-03 
  3.097789828e-03 
  2.904340858e-03 
  3.089641221e-03 
  3.275350202e-03 
  3.299423726e-03 
  3.331710352e-03 
  3.202924738e-03 
  3.103432944e-03 
  3.087764839e-03 
  3.163047368e-03 
  3.099628026e-03 
  3.089203732e-03 
  3.025481710e-03 
  3.099121386e-03 
  3.107117722e-03 
  3.224313492e-03 
  3.193364013e-03 
  3.350456245e-03 
  3.277012613e-03 
  3.381995484e-03 
  3.378896974e-03 
  3.651947714e-03 
  3.555365838e-03 
  3.802485298e-03 
  3.806160530e-03 
  3.966014832e-03 
  3.992758226e-03 
  4.144126084e-03 
  4.103312735e-03 
  4.050336778e-03 
  4.152897745e-03 
  4.353982396e-03 
  4.348254763e-03 
  4.424807616e-03 
  4.190903157e-03 
  4.498740658e-03 
  4.348860588e-03 
  4.477465525e-03 
  4.507986829e-03 
  4.541976377e-03 
  4.483616911e-03 
  4.495948087e-03 
  4.397143610e-03 
  4.411165137e-03 
  4.522406030e-03 
  4.490458872e-03 
  4.468573257e-03 
  4.416372161e-03 
  4.346041940e-03 
  4.148473032e-03 
  4.173550755e-03 
  4.006259609e-03 
  3.997280262e-03 
  3.528068541e-03 
  3.454321995e-03 
  3.006223356e-03 
  3.001526464e-03 
  2.553867176e-03 
  2.552896971e-03 
  2.291422803e-03 
  2.285109833e-03 
  2.303607762e-03 
  2.239353722e-03 
  2.376371063e-03 
  2.369965194e-03 
  2.430537250e-03 
  2.430191031e-03 
  2.450050088e-03 
  2.442330355e-03 
  2.480781870e-03 
  2.451602137e-03 
  2.546397038e-03 
  2.537264721e-03 
  2.694393042e-03 
  2.695436124e-03 
  2.940038219e-03 
  2.912241733e-03 
  3.053464461e-03 
  3.154859645e-03 
  3.411266487e-03 
  3.407687182e-03 
  3.562179161e-03 
  3.587433137e-03 
  3.701801645e-03 
  3.707396565e-03 
  3.728993703e-03 
  3.678173758e-03 
  3.757259808e-03 
  3.812501440e-03 
  3.861245001e-03 
  3.850661218e-03 
  3.734602593e-03 
  3.814714029e-03 
  3.840329358e-03 
  3.627223428e-03 
  3.745219205e-03 
  3.768282477e-03 
  3.730565310e-03 
  3.688649042e-03 
  3.648152342e-03 
  3.640403273e-03 
  3.526212415e-03 
  3.516956232e-03 
  3.491094336e-03 
  3.319958923e-03 
  3.331645625e-03 
  3.138351953e-03 
  3.114915919e-03 
  2.989300061e-03 
  2.941505285e-03 
  2.936571604e-03 
  2.953144489e-03 
  2.981333528e-03 
  2.964091487e-03 
  3.012272064e-03 
  3.007495077e-03 
  3.010257380e-03 
  2.924894914e-03 
  3.004683414e-03 
  2.987741260e-03 
  2.803829266e-03 
  2.962478669e-03 
  2.960394137e-03 
  2.968927845e-03 
  2.938105259e-03 
  2.992433961e-03 
  2.886509057e-03 
  3.062507836e-03 
  3.021603683e-03 
  3.156847320e-03 
  3.146061674e-03 
  3.219211940e-03 
  3.209377639e-03 
  3.257298376e-03 
  3.250302048e-03 
  3.190096701e-03 
  3.253806615e-03 
  3.215942066e-03 
  3.256757045e-03 
  3.193765646e-03 
  3.213454038e-03 
  3.234044183e-03 
  3.255986609e-03 
  3.248200519e-03 
  3.265499836e-03 
  3.263874212e-03 
  3.268222325e-03 
  3.237605095e-03 
  3.108124947e-03 
  3.217089688e-03 
  3.241191618e-03 
  3.134646686e-03 
  3.222864354e-03 
  3.208586713e-03 
  3.198109102e-03 
  3.204083536e-03 
  3.206497058e-03 
  3.198111663e-03 
  3.213841235e-03 
  3.158817766e-03 
  3.201754065e-03 
  3.193002660e-03 
  3.199091414e-03 
  3.183472203e-03 
  3.174454439e-03 
  3.152216785e-03 
  3.072804073e-03 
  3.138430649e-03 
  3.124274546e-03 
  3.102546325e-03 
  3.106343793e-03 
  3.098222660e-03 
  3.071246669e-03 
  2.992374124e-03 
  3.055831417e-03 
  3.071099054e-03 
  2.991940361e-03 
  3.051241860e-03 
  3.019266296e-03 
  3.015601775e-03 
  2.964255633e-03 
  3.022609279e-03 
  3.032890614e-03 
  2.974511590e-03 
  3.031332977e-03 
  3.018837422e-03 
  3.002237529e-03 
  3.014683491e-03 
  3.003658028e-03 
  2.996110590e-03 
  2.981487662e-03 
  2.979555633e-03 
  2.865424613e-03 
  2.957567340e-03 
  2.951426199e-03 
  2.931164112e-03 
  2.921919338e-03 
  2.919182414e-03 
  2.896154532e-03 
  2.876305720e-03 
  2.855147002e-03 
  2.821450820e-03 
  2.770456951e-03 
  2.793393563e-03 
  2.789429622e-03 
  2.749153879e-03 
  2.740723547e-03 
  2.713061869e-03 
  2.701396821e-03 
  2.671264345e-03 
  2.672630828e-03 
  2.666598884e-03 
  2.664174652e-03 
  2.652466530e-03 
  2.643844811e-03 
  2.626741771e-03 
  2.613437595e-03 
  2.606010996e-03 
  2.566336421e-03 
  2.563786227e-03 
  2.523214323e-03 
  2.434862778e-03 
  2.183126519e-03 
  2.384421183e-03 
  2.455356764e-03 
  2.515969798e-03 
  2.509139944e-03 
  2.526352648e-03 
  2.512239153e-03 
  2.516655950e-03 
  2.502572024e-03 
  2.501021139e-03 
  2.481119474e-03 
  2.453548834e-03 
  2.466904931e-03 
  2.367827110e-03 
  2.458894392e-03 
  2.450510394e-03 
  2.423530445e-03 
  2.359475475e-03 
  2.412720816e-03 
  2.414411865e-03 
  2.413141308e-03 
  2.405544044e-03 
  2.340551233e-03 
  2.323474037e-03 
  2.347363392e-03 
  2.369842492e-03 
  2.359066391e-03 
  2.327454509e-03 
  2.317153616e-03 
  2.306058770e-03 
  2.273956081e-03 
  2.260907087e-03 
  2.241103910e-03 
  2.233830513e-03 
  2.221489791e-03 
  2.219633199e-03 
  2.212039428e-03 
  2.233825391e-03 
  2.230184851e-03 
  2.219778486e-03 
  2.162319608e-03 
  2.130914247e-03 
  2.236678032e-03 
  2.186486032e-03 
  2.253529383e-03 
  2.247460885e-03 
  2.236198634e-03 
  2.232115250e-03 
  2.219148679e-03 
  2.214654582e-03 
  2.192089800e-03 
  2.156446455e-03 
  2.178499009e-03 
  2.181523014e-03 
  2.170147607e-03 
  2.162497956e-03 
  2.150024287e-03 
  2.144451020e-03 
  2.135301242e-03 
  2.120353281e-03 
  2.079988131e-03 
  2.082170686e-03 
  2.076554811e-03 
  2.091450850e-03 
  2.064658795e-03 
  2.064095577e-03 
  2.060290892e-03 
  2.050260548e-03 
  2.042765962e-03 
  2.027798211e-03 
  2.016003942e-03 
  2.013327787e-03 
  1.986484509e-03 
  1.941310707e-03 
  1.961588860e-03 
  1.977404812e-03 
  1.969611039e-03 
  1.933113206e-03 
  1.944323420e-03 
  1.941130729e-03 
  1.933519263e-03 
  1.928329468e-03 
  1.872310648e-03 
  1.907893806e-03 
  1.888083993e-03 
  1.882510958e-03 
  1.882219454e-03 
  1.852276619e-03 
  1.802789746e-03 
  1.838452066e-03 
  1.821334590e-03 
  1.818058430e-03 
  1.813879469e-03 
  1.812704839e-03 
  1.796164433e-03 
  1.784201479e-03 
  1.784457243e-03 
  1.718368032e-03 
  1.778436243e-03 
  1.764791319e-03 
  1.739743981e-03 
  1.752050361e-03 
  1.749920892e-03 
  1.742817927e-03 
  1.734587597e-03 
  1.716576284e-03 
  1.729398500e-03 
  1.724346308e-03 
  1.716182218e-03 
  1.687744516e-03 
  1.705889241e-03 
  1.703198417e-03 
  1.699417364e-03 
  1.691174810e-03 
  1.683105365e-03 
  1.597661641e-03 
  1.646715915e-03 
  1.648709644e-03 
  1.642812509e-03 
  1.634015585e-03 
  1.628945232e-03 
  1.629367121e-03 
  1.620879397e-03 
  1.602646313e-03 
  1.599789946e-03 
  1.575027243e-03 
  1.580042299e-03 
  1.574172522e-03 
  1.487224363e-03 
  1.523958636e-03 
  1.515291282e-03 
  1.485943794e-03 
  1.516270917e-03 
  1.518158009e-03 
  1.511474140e-03 
  1.507699024e-03 
  1.522974344e-03 
  1.515815966e-03 
  1.508206245e-03 
  1.523387618e-03 
  1.522343489e-03 
  1.522434293e-03 
  1.519550220e-03 
  1.507233246e-03 
  1.497012330e-03 
  1.499102800e-03 
  1.489504706e-03 
  1.471777796e-03 
  1.460663625e-03 
  1.407753560e-03 
  1.425892464e-03 
  1.409586519e-03 
  1.432616846e-03 
  1.424408285e-03 
  1.402118127e-03 
  1.407687436e-03 
  1.404163428e-03 
  1.336440328e-03 
  1.371182967e-03 
  1.379997237e-03 
  1.363669056e-03 
  1.387173543e-03 
  1.394064282e-03 
  1.380285830e-03 
  1.375541673e-03 
  1.366975135e-03 
  1.354623470e-03 
  1.351359999e-03 
  1.325448509e-03 
  1.304379548e-03 
  1.311347471e-03 
  1.293242793e-03 
  1.284357044e-03 
  1.248979475e-03 
  1.265582396e-03 
  1.264941995e-03 
  1.251198468e-03 
  1.243163133e-03 
  1.237424673e-03 
  1.226471853e-03 
  1.227302011e-03 
  1.218078891e-03 
  1.214668970e-03 
  1.218402525e-03 
  1.208617236e-03 
  1.213544630e-03 
  1.192655065e-03 
  1.155098900e-03 
  1.183119020e-03 
  1.194576849e-03 
  1.205269014e-03 
  1.193483942e-03 
  1.191799995e-03 
  1.211192692e-03 
  1.210181043e-03 
  1.199271879e-03 
  1.185008208e-03 
  1.181336818e-03 
  1.182515174e-03 
  1.154437312e-03 
  1.154858852e-03 
  1.124621020e-03 
  1.117087551e-03 
  1.104525989e-03 
  1.081672381e-03 
  1.092368504e-03 
  1.090871054e-03 
  1.091852668e-03 
  1.036795788e-03 
  1.069546910e-03 
  1.090437174e-03 
  1.085096737e-03 
  1.080073416e-03 
  1.092052087e-03 
  1.086675911e-03 
  1.081348513e-03 
  1.082146540e-03 
  1.028500032e-03 
  1.026352518e-03 
  1.032555825e-03 
  1.038379851e-03 
  1.026624232e-03 
  1.052396838e-03 
  1.046844991e-03 
  1.059055794e-03 
  1.055447152e-03 
  1.050874009e-03 
  1.044346718e-03 
  1.056144363e-03 
  1.045064069e-03 
  1.044633798e-03 
  1.047767233e-03 
  1.038812683e-03 
  1.038648654e-03 
  1.027225633e-03 
  1.022858429e-03 
  1.026347862e-03 
  1.017142204e-03 
  1.000975841e-03 
  1.005901489e-03 
  9.896323318e-04 
  9.793168865e-04 
  9.793975623e-04 
  9.746225551e-04 
  9.588417015e-04 
  9.581461782e-04 
  9.553601267e-04 
  9.410604252e-04 
  9.067950887e-04 
  9.035534458e-04 
  8.724920917e-04 
  9.103515185e-04 
  9.167559911e-04 
  9.425557801e-04 
  9.309269954e-04 
  9.348965832e-04 
  9.465753683e-04 
  9.383630822e-04 
  9.395971429e-04 
  9.353756905e-04 
  9.456177359e-04 
  9.338879609e-04 
  9.316818905e-04 
  9.364217403e-04 
  9.292779141e-04 
  9.171816637e-04 
  9.213412413e-04 
  9.168594843e-04 
  8.864640840e-04 
  8.753013099e-04 
  8.983029402e-04 
  8.909003227e-04 
  8.680837345e-04 
  8.890221361e-04 
  8.726909291e-04 
  8.611341473e-04 
  8.650169475e-04 
  8.385495166e-04 
  8.329995908e-04 
  8.157826960e-04 
  7.909340202e-04 
  7.914444432e-04 
  7.820690516e-04 
  7.807979709e-04 
  7.849736139e-04 
  7.781806053e-04 
  7.765423506e-04 
  7.873491850e-04 
  8.071646444e-04 
  7.975443150e-04 
  7.948492421e-04 
  7.653131033e-04 
  8.040658431e-04 
  8.082947461e-04 
  8.020088426e-04 
  7.887070533e-04 
  7.894732989e-04 
  7.821568288e-04 
  7.712161751e-04 
  7.639093674e-04 
  7.567077992e-04 
  7.386271027e-04 
  7.373552071e-04 
  7.304627215e-04 
  6.721818354e-04 
  6.997217424e-04 
  6.957952282e-04 
  6.837518886e-04 
  6.704720436e-04 
  6.816260284e-04 
  6.476558046e-04 
  6.560668116e-04 
  6.518161390e-04 
  6.007138290e-04 
  6.084258202e-04 
  5.969381309e-04 
  5.775335012e-04 
  5.605462939e-04 
  5.857839133e-04 
  5.628816434e-04 
  5.585280596e-04 
  5.272675771e-04 
  5.498129176e-04 
  5.484856665e-04 
  5.503995926e-04 
  5.474375212e-04 
  5.487297894e-04 
  5.391105660e-04 
  5.498814862e-04 
  5.429219455e-04 
  5.385760451e-04 
  5.491769989e-04 
  5.444916314e-04 
  5.461071269e-04 
  5.387894926e-04 
