  1.153601855e-01 
  3.376828730e-01 
  3.936961293e-01 
  1.131380916e+00 
  1.333964586e+00 
  2.656074762e+00 
  3.042002439e+00 
  4.767264843e+00 
  6.305374146e+00 
  6.948548794e+00 
  8.222110748e+00 
  1.613492775e+01 
  1.419254875e+01 
  1.852262115e+01 
  1.905578232e+01 
  2.358502579e+01 
  1.849002266e+01 
  2.708759117e+01 
  2.647701263e+01 
  3.076650810e+01 
  2.841081238e+01 
  3.710016251e+01 
  3.134555626e+01 
  2.813904190e+01 
  3.591517639e+01 
  3.857597733e+01 
  5.453784943e+01 
  5.480149460e+01 
  4.392895126e+01 
  5.370398712e+01 
  5.580644226e+01 
  4.427326584e+01 
  4.940765762e+01 
  5.566326141e+01 
  4.588606644e+01 
  4.964574432e+01 
  3.716415024e+01 
  3.506758499e+01 
  4.266447067e+01 
  4.284144211e+01 
  4.759277725e+01 
  4.008704758e+01 
  4.182530975e+01 
  4.167465973e+01 
  3.730144501e+01 
  4.779852295e+01 
  5.270017624e+01 
  4.977766800e+01 
  4.652671432e+01 
  5.066392136e+01 
  5.140756607e+01 
  4.844215012e+01 
  4.924267197e+01 
  4.461183167e+01 
  5.110992432e+01 
  5.139775467e+01 
  4.822050476e+01 
  3.057620239e+01 
  3.296475601e+01 
  3.290486908e+01 
  4.843025970e+01 
  3.811932373e+01 
  4.152063751e+01 
  4.384197617e+01 
  4.343115234e+01 
  4.035482407e+01 
  5.496680069e+01 
  4.880289459e+01 
  4.566438293e+01 
  4.358025742e+01 
  4.972797394e+01 
  3.940214920e+01 
  4.114639664e+01 
  4.067383575e+01 
  3.124038696e+01 
  2.837439346e+01 
  4.023831558e+01 
  4.080331802e+01 
  5.228037262e+01 
  3.986639404e+01 
  3.698726654e+01 
  4.113326263e+01 
  3.044482231e+01 
  2.100928116e+01 
  2.288091660e+01 
  3.406191254e+01 
  2.614867401e+01 
  2.967622757e+01 
  2.905537415e+01 
  3.271645355e+01 
  3.919258881e+01 
  4.331692886e+01 
  3.802963257e+01 
  2.014079094e+01 
  2.201708984e+01 
  3.650934601e+01 
  3.712131500e+01 
  1.492432213e+01 
  4.124796677e+01 
  4.885665131e+01 
  4.741566849e+01 
  4.652220154e+01 
  4.867087936e+01 
  4.500057220e+01 
  4.773970413e+01 
  4.322128296e+01 
  4.234902573e+01 
  4.072182465e+01 
  4.355730057e+01 
  4.760366058e+01 
  3.929733658e+01 
  4.556635666e+01 
  4.662185287e+01 
  4.349029922e+01 
  4.214749527e+01 
  4.439354324e+01 
  4.357670212e+01 
  4.172881317e+01 
  4.031708527e+01 
  4.079786301e+01 
  3.410907364e+01 
  4.221322250e+01 
  3.995672226e+01 
  3.333668137e+01 
  3.622539139e+01 
  3.706602097e+01 
  3.520280075e+01 
  3.345600891e+01 
  3.347277069e+01 
  3.009014702e+01 
  2.372664833e+01 
  2.108030319e+01 
  3.749810410e+01 
  3.298719788e+01 
  3.098655319e+01 
  3.332013321e+01 
  3.651846695e+01 
  3.644470978e+01 
  3.227087784e+01 
  3.086947250e+01 
  3.420292664e+01 
  3.370365524e+01 
  3.509379196e+01 
  3.492889786e+01 
  3.431096268e+01 
  3.568581390e+01 
  3.140985680e+01 
  3.542496872e+01 
  3.561702728e+01 
  3.546507263e+01 
  3.584084320e+01 
  3.830949020e+01 
  3.522383499e+01 
  3.234057999e+01 
  3.410489655e+01 
  3.396981049e+01 
  3.441395187e+01 
  3.423123169e+01 
  3.326554489e+01 
  3.290281677e+01 
  3.226596832e+01 
  3.307772827e+01 
  3.219155502e+01 
  3.185709000e+01 
  3.162881660e+01 
  3.084281921e+01 
  3.148947716e+01 
  3.006319427e+01 
  3.149128532e+01 
  3.088461113e+01 
  3.013651848e+01 
  2.976311684e+01 
  2.980621910e+01 
  2.916541100e+01 
  2.908422279e+01 
  2.993165207e+01 
  2.869436264e+01 
  2.812303925e+01 
  2.920595551e+01 
  2.759600067e+01 
  2.785491753e+01 
  2.740473557e+01 
  2.769605255e+01 
  2.744477844e+01 
  2.612199402e+01 
  2.604796791e+01 
  2.090810394e+01 
  2.326681900e+01 
  2.501316261e+01 
  2.302279282e+01 
  2.595285225e+01 
  2.404501343e+01 
  2.287782097e+01 
  2.439647293e+01 
  2.333644676e+01 
  2.470201874e+01 
  2.381797409e+01 
  2.287479973e+01 
  2.211290550e+01 
  2.184140396e+01 
  2.153090477e+01 
  2.084109306e+01 
  2.050146103e+01 
  2.151120949e+01 
  1.981884193e+01 
  2.116856384e+01 
  2.244811058e+01 
  2.069027710e+01 
  1.965652466e+01 
  2.099854469e+01 
  2.015687752e+01 
  1.997443581e+01 
  2.076866341e+01 
  1.883116531e+01 
  1.826487350e+01 
  1.847394562e+01 
  1.922378159e+01 
  1.402726460e+01 
  1.720317841e+01 
  1.614550781e+01 
  1.760947418e+01 
  1.745464706e+01 
  1.797753716e+01 
  1.659063721e+01 
  1.783246613e+01 
  1.752536964e+01 
  1.654717827e+01 
  1.432046509e+01 
  1.703906822e+01 
  1.736045074e+01 
  1.625256729e+01 
  1.752795219e+01 
  1.656848335e+01 
  1.442221832e+01 
  1.554361248e+01 
  1.571849442e+01 
  1.653157616e+01 
  1.520207691e+01 
  1.577334404e+01 
  1.558325577e+01 
  1.511674023e+01 
  1.374081516e+01 
  1.519454575e+01 
  1.440816116e+01 
  1.506521225e+01 
  1.471218967e+01 
  1.426069641e+01 
  1.473849678e+01 
  1.355759335e+01 
  1.414621067e+01 
  1.371856499e+01 
  1.351909351e+01 
  1.398481464e+01 
  1.332566357e+01 
  1.364742661e+01 
  1.357321072e+01 
  1.309060764e+01 
  1.259763145e+01 
  1.296881294e+01 
  1.215788651e+01 
  1.211116028e+01 
  1.320149899e+01 
  1.201735878e+01 
  1.246982574e+01 
  1.219325352e+01 
  1.223544121e+01 
  1.118792534e+01 
  1.189796448e+01 
  1.175376606e+01 
  1.141037941e+01 
  1.137755394e+01 
  1.089273167e+01 
  1.140880775e+01 
  1.142890263e+01 
  1.127696991e+01 
  1.091339588e+01 
  1.063484287e+01 
  1.100124931e+01 
  1.061146355e+01 
  1.046534443e+01 
  1.076306820e+01 
  1.051302910e+01 
  1.060862255e+01 
  1.061593819e+01 
  1.051414108e+01 
  1.037662315e+01 
  9.864790916e+00 
  1.017117882e+01 
  9.989545822e+00 
  8.786070824e+00 
  9.109592438e+00 
  9.615412712e+00 
  9.362994194e+00 
  9.401887894e+00 
  9.419150352e+00 
  9.170048714e+00 
  9.334794998e+00 
  9.290371895e+00 
  9.036258698e+00 
  8.973185539e+00 
  8.914333344e+00 
  8.800354958e+00 
  8.642588615e+00 
  8.638217926e+00 
  8.855962753e+00 
  8.777081490e+00 
  8.618468285e+00 
  8.513926506e+00 
  8.427309036e+00 
  8.286247253e+00 
  8.100410461e+00 
  8.178706169e+00 
  8.020105362e+00 
  7.851884842e+00 
  7.519470692e+00 
  7.828765869e+00 
  7.395521641e+00 
  7.389061928e+00 
  7.686787128e+00 
  7.565868855e+00 
  7.626641273e+00 
  7.705958843e+00 
  7.250243187e+00 
  7.257095814e+00 
  7.215619087e+00 
  6.972264290e+00 
  6.958436966e+00 
  7.014553547e+00 
  6.799347878e+00 
  6.973902225e+00 
  6.699928284e+00 
  6.916717052e+00 
  6.410141468e+00 
  6.845885754e+00 
  6.609775066e+00 
  6.694034576e+00 
  6.424041748e+00 
  6.600642681e+00 
  6.669935703e+00 
  6.578036308e+00 
  6.337393284e+00 
  6.392261028e+00 
  6.280118465e+00 
  6.348680019e+00 
  6.238995552e+00 
  6.250580788e+00 
  5.972248554e+00 
  6.014628887e+00 
  5.965954304e+00 
  6.049612999e+00 
  5.578247070e+00 
  5.972478867e+00 
  5.816379070e+00 
  5.904734135e+00 
  5.791356564e+00 
  5.602012634e+00 
  4.728300095e+00 
  5.017395020e+00 
  5.558207035e+00 
  5.535595417e+00 
  5.547651291e+00 
  5.544654846e+00 
  5.593591213e+00 
  5.497572422e+00 
  5.379014015e+00 
  5.370986938e+00 
  5.404504776e+00 
  5.266614914e+00 
  5.266308308e+00 
  5.310908318e+00 
  5.216735363e+00 
  5.131496429e+00 
  5.084986210e+00 
  5.091596603e+00 
  5.071811676e+00 
  4.965333462e+00 
  5.029597282e+00 
  4.900735855e+00 
  4.952712536e+00 
  4.854019642e+00 
  4.787464619e+00 
  4.763625622e+00 
  4.725467205e+00 
  4.728577614e+00 
  4.614668369e+00 
  4.640694141e+00 
  4.400497437e+00 
  3.928880215e+00 
  4.027707100e+00 
  3.979948997e+00 
  4.039986134e+00 
  4.125632763e+00 
  4.138681889e+00 
  4.131498337e+00 
  4.128468037e+00 
  4.063553810e+00 
  4.105093002e+00 
  4.164016247e+00 
  4.046917915e+00 
  4.033462048e+00 
  3.973164320e+00 
  3.848426104e+00 
  3.817051172e+00 
  3.899621010e+00 
  3.890666962e+00 
  3.876058817e+00 
  3.816846609e+00 
  3.744979620e+00 
  3.839734316e+00 
  3.698395491e+00 
  3.744116068e+00 
  3.702840805e+00 
  3.645814419e+00 
  3.596822262e+00 
  3.632459164e+00 
  3.466060877e+00 
  3.516160011e+00 
  3.286213398e+00 
  3.182370424e+00 
  3.104207516e+00 
  3.074155807e+00 
  3.208235264e+00 
  3.296723604e+00 
  3.235781193e+00 
  3.144453287e+00 
  3.105249405e+00 
  3.078003168e+00 
  3.118337393e+00 
  3.034286976e+00 
  2.929056883e+00 
  3.014528751e+00 
  2.941493273e+00 
  3.036231518e+00 
  3.029664993e+00 
  3.104074717e+00 
  3.051722527e+00 
  2.960166693e+00 
  2.995866060e+00 
  2.989928007e+00 
  2.884944916e+00 
  2.914275885e+00 
  2.885753632e+00 
  2.826886177e+00 
  2.902476549e+00 
  2.918901443e+00 
  2.831168652e+00 
  2.857861042e+00 
  2.887032509e+00 
  2.820865870e+00 
  2.807254314e+00 
  2.749873161e+00 
  2.728098154e+00 
  2.757071495e+00 
  2.716918707e+00 
  2.744996309e+00 
  2.714689255e+00 
  2.647394419e+00 
  2.652371645e+00 
  2.629635096e+00 
  2.366553783e+00 
  1.205959201e+00 
  1.099685311e+00 
  1.683644891e+00 
  1.519038439e+00 
  1.613956571e+00 
  1.841281533e+00 
  1.992650986e+00 
  2.138126135e+00 
  2.305314302e+00 
  2.351839066e+00 
  2.363992929e+00 
  2.370566130e+00 
  2.353067636e+00 
  2.332941055e+00 
  2.347461700e+00 
  2.248377800e+00 
  2.329296350e+00 
  2.301059961e+00 
  2.276573896e+00 
  2.271845341e+00 
  2.231820107e+00 
  2.216989756e+00 
  2.231809616e+00 
  2.168130875e+00 
  2.168277502e+00 
  2.159768343e+00 
  2.107292414e+00 
  2.120851755e+00 
  2.074408531e+00 
  2.062889814e+00 
  2.030307055e+00 
  2.011709690e+00 
  1.971782088e+00 
  1.964740872e+00 
  1.945524573e+00 
  1.918173194e+00 
  1.923839927e+00 
  1.930689692e+00 
  1.932593703e+00 
  1.918648481e+00 
  1.851700664e+00 
  1.877353787e+00 
  1.863431096e+00 
  1.828455329e+00 
  1.839129329e+00 
  1.786459923e+00 
  1.829801202e+00 
  1.809837103e+00 
  1.787196755e+00 
  1.745129824e+00 
  1.725295663e+00 
  1.737526655e+00 
  1.714210629e+00 
  1.688026309e+00 
  1.663964391e+00 
  1.621971846e+00 
  1.580146670e+00 
  1.582732081e+00 
  1.566733956e+00 
  1.523167729e+00 
  1.507795095e+00 
  1.577598453e+00 
  1.505069613e+00 
  1.466107368e+00 
  1.524502397e+00 
  1.545240164e+00 
  1.541957259e+00 
  1.525397897e+00 
  1.495325089e+00 
  1.493985891e+00 
  1.470697522e+00 
  1.439556599e+00 
  1.462628245e+00 
  1.414445400e+00 
  1.433380365e+00 
  1.438498497e+00 
  1.445159554e+00 
  1.425910234e+00 
  1.428439975e+00 
  1.379636765e+00 
  1.410604358e+00 
  1.404900789e+00 
  1.391568661e+00 
  1.380534172e+00 
  1.353449583e+00 
  1.368464470e+00 
  1.374239087e+00 
  1.321810365e+00 
  1.352926373e+00 
  1.349100590e+00 
  1.160060525e+00 
  1.321622849e+00 
  1.265490532e+00 
  1.275507927e+00 
  1.020483136e+00 
  1.118650675e+00 
  1.264246345e+00 
  1.278948188e+00 
  1.252755046e+00 
  1.247419834e+00 
  1.230725408e+00 
  1.224769354e+00 
  1.215151787e+00 
  1.232536554e+00 
  1.224379778e+00 
  1.195990801e+00 
  9.984877110e-01 
  1.058244109e+00 
  1.142305851e+00 
  1.121016979e+00 
  1.161746264e+00 
  1.154690504e+00 
  1.144742250e+00 
  1.143867254e+00 
  1.113521099e+00 
  1.098116398e+00 
  1.101958752e+00 
  1.118662357e+00 
  1.094057679e+00 
  1.091460347e+00 
  1.079908133e+00 
  1.018878222e+00 
  1.070032239e+00 
  1.040912867e+00 
  1.044954896e+00 
  1.050438285e+00 
  1.010743380e+00 
  9.962538481e-01 
  1.021333575e+00 
  1.023638248e+00 
  1.015329957e+00 
  1.004936576e+00 
  9.945594668e-01 
  9.448126554e-01 
  9.679399729e-01 
  9.034699202e-01 
  9.190274477e-01 
  8.783611655e-01 
  8.689014316e-01 
  8.453700542e-01 
  8.230790496e-01 
  7.972704172e-01 
  7.799379230e-01 
  8.491948247e-01 
  8.778141737e-01 
  8.708044291e-01 
  8.313594460e-01 
  8.205530047e-01 
  7.818343639e-01 
  7.655714154e-01 
  7.731563449e-01 
  7.759809494e-01 
  7.701279521e-01 
  7.669268250e-01 
  7.673000693e-01 
  7.571130395e-01 
  7.648857832e-01 
  7.532649040e-01 
  7.508582473e-01 
  7.740471363e-01 
  7.765184045e-01 
  7.533263564e-01 
  7.430540919e-01 
  7.053729892e-01 
  7.237370014e-01 
  7.294145226e-01 
  6.998751760e-01 
  7.133114338e-01 
  7.006142735e-01 
  6.683620811e-01 
  6.393404007e-01 
  6.095092893e-01 
  5.673830509e-01 
  5.426529050e-01 
  5.121521354e-01 
  4.999324977e-01 
  5.030580759e-01 
  5.098152757e-01 
  5.278518796e-01 
  6.001490355e-01 
  6.051471829e-01 
  5.800958276e-01 
  5.347108841e-01 
  5.256230235e-01 
  5.066124201e-01 
  5.213646889e-01 
  5.269127488e-01 
  5.326189995e-01 
  5.401221514e-01 
  5.387416482e-01 
  5.346080661e-01 
  5.437498689e-01 
  5.260145068e-01 
  5.331731439e-01 
  5.373695493e-01 
  4.912592769e-01 
  5.199253559e-01 
  5.463316441e-01 
  5.520836115e-01 
  5.471913218e-01 
  5.384454131e-01 
  5.281443000e-01 
  5.307267308e-01 
  5.428022146e-01 
  5.365701318e-01 
  5.394760370e-01 
  5.225532651e-01 
  5.466635823e-01 
  5.567790270e-01 
  5.668093562e-01 
  5.665025711e-01 
  5.589141846e-01 
  5.579438806e-01 
  5.448152423e-01 
  5.277076960e-01 
  5.240678787e-01 
  5.332598090e-01 
  5.259515047e-01 
  5.360252857e-01 
  5.205466747e-01 
  5.347800851e-01 
  5.383906364e-01 
  5.329205394e-01 
  5.341747999e-01 
  5.335734487e-01 
  5.341379046e-01 
  5.315438509e-01 
  5.371490121e-01 
  5.287443995e-01 
  5.201350451e-01 
  5.228299499e-01 
  5.264335275e-01 
  5.198571086e-01 
  5.175297856e-01 
  5.194754601e-01 
  5.145360231e-01 
  5.123171210e-01 
  5.101697445e-01 
  5.055219531e-01 
  5.019337535e-01 
  4.961211979e-01 
  4.957700074e-01 
  4.910875261e-01 
  4.838484824e-01 
  4.789669514e-01 
  4.460297823e-01 
  4.676933587e-01 
  4.739324450e-01 
  4.725004733e-01 
  4.657766521e-01 
  4.665011764e-01 
  4.641874135e-01 
  4.632879198e-01 
  4.584442079e-01 
  4.598315656e-01 
  4.495785832e-01 
  4.508966506e-01 
  4.448383451e-01 
  4.485059977e-01 
  4.358025193e-01 
  4.333904088e-01 
  4.364520013e-01 
  4.276367724e-01 
  4.335075319e-01 
  4.292239249e-01 
  4.281796515e-01 
  4.275068939e-01 
  4.230187833e-01 
  4.225161374e-01 
  4.148786366e-01 
  4.178113937e-01 
  4.150446057e-01 
  4.121192694e-01 
  4.029849768e-01 
  4.057124257e-01 
  3.998422921e-01 
  4.033745527e-01 
  3.932979107e-01 
  3.956433237e-01 
  3.956655562e-01 
  3.894099593e-01 
  3.899026215e-01 
  3.895065188e-01 
  3.812724054e-01 
  3.835092187e-01 
  3.803101182e-01 
  3.677473068e-01 
  3.729666770e-01 
  3.750817478e-01 
  3.710571826e-01 
  3.673192859e-01 
  3.658543825e-01 
  3.626430631e-01 
  3.613359630e-01 
  3.561342359e-01 
  3.572511673e-01 
  3.548068106e-01 
  3.526269197e-01 
  3.473136425e-01 
  3.350455761e-01 
  3.457964063e-01 
  3.323500454e-01 
  3.400608599e-01 
  3.328554928e-01 
  3.356860876e-01 
  3.337997496e-01 
  3.223146498e-01 
  3.285900950e-01 
  3.259138465e-01 
  3.002276719e-01 
  3.170365691e-01 
  3.162998259e-01 
  3.159508705e-01 
  3.044495881e-01 
  3.140791655e-01 
  3.036339879e-01 
  3.089624345e-01 
  3.069049418e-01 
  3.063670993e-01 
  2.934047282e-01 
  3.000980616e-01 
  2.880113423e-01 
  2.910331488e-01 
  2.817164660e-01 
  2.908922136e-01 
  2.848329842e-01 
  2.877917290e-01 
  2.704496980e-01 
  2.859045267e-01 
  2.723722458e-01 
  2.769891620e-01 
  2.780773044e-01 
  2.698822618e-01 
  2.639489770e-01 
  2.387190759e-01 
  2.575510740e-01 
  2.556515634e-01 
  2.509916723e-01 
  2.426375449e-01 
  2.382659465e-01 
  2.417098284e-01 
  2.408977896e-01 
  2.297776192e-01 
  2.383674085e-01 
  2.350490838e-01 
  2.320459783e-01 
  2.274646908e-01 
  2.267746627e-01 
  2.255022675e-01 
  2.271607071e-01 
  2.271791399e-01 
  2.225295156e-01 
  2.150822431e-01 
  2.071089298e-01 
  2.067454159e-01 
  1.961918920e-01 
  1.884126663e-01 
  1.794314981e-01 
  1.680852324e-01 
  1.582142413e-01 
  1.524198949e-01 
  1.515914500e-01 
  1.446533650e-01 
  1.479230970e-01 
  1.497727334e-01 
  1.450643986e-01 
  1.413561702e-01 
  1.460894346e-01 
  1.438009143e-01 
  1.495958418e-01 
  1.620613635e-01 
  1.670198590e-01 
  1.616053134e-01 
  1.479345113e-01 
  1.298720092e-01 
  1.323139220e-01 
  1.484710723e-01 
  1.591059864e-01 
  1.618159264e-01 
  1.677204520e-01 
  1.658486724e-01 
  1.571692079e-01 
  1.596476138e-01 
  1.525635719e-01 
  1.469445229e-01 
  1.415285021e-01 
  1.438581795e-01 
  1.485965997e-01 
  1.507440060e-01 
  1.523368806e-01 
  1.512544453e-01 
  1.527574211e-01 
  1.531659812e-01 
  1.541596204e-01 
  1.539192945e-01 
  1.577424556e-01 
  1.588761359e-01 
  1.677357256e-01 
  1.705262363e-01 
  1.703469008e-01 
  1.687417179e-01 
  1.673125029e-01 
  1.749243885e-01 
  1.776977479e-01 
  1.740949005e-01 
  1.770938784e-01 
  1.724700779e-01 
  1.750316322e-01 
  1.758210659e-01 
  1.695217490e-01 
  1.738409996e-01 
  1.750072986e-01 
  1.732894033e-01 
  1.709630191e-01 
  1.704903394e-01 
  1.693629622e-01 
  1.660447270e-01 
  1.699301600e-01 
  1.652037948e-01 
  1.639145613e-01 
  1.651735604e-01 
  1.626468599e-01 
  1.612070352e-01 
  1.514182538e-01 
  1.583510339e-01 
  1.614668220e-01 
  1.594915092e-01 
  1.574549675e-01 
  1.557700038e-01 
  1.470643729e-01 
  1.562272310e-01 
  1.588988155e-01 
  1.586169600e-01 
  1.579007357e-01 
  1.569034755e-01 
  1.535568237e-01 
  1.530850828e-01 
  1.520295143e-01 
  1.463112533e-01 
  1.398331523e-01 
  1.485124528e-01 
  1.491354257e-01 
  1.487945616e-01 
  1.406156719e-01 
  1.425642669e-01 
  1.470418125e-01 
  1.464911252e-01 
  1.473435313e-01 
  1.445312053e-01 
  1.347091943e-01 
  1.431043595e-01 
  1.378092468e-01 
  1.418507397e-01 
  1.426282227e-01 
  1.414389163e-01 
  1.416898519e-01 
  1.416697055e-01 
  1.416220814e-01 
  1.408657581e-01 
  1.391453743e-01 
  1.396725178e-01 
  1.390853226e-01 
  1.379503012e-01 
  1.369117498e-01 
  1.380462199e-01 
  1.369494498e-01 
  1.371295452e-01 
  1.322867274e-01 
  1.362544298e-01 
  1.358608305e-01 
  1.351738125e-01 
  1.348421425e-01 
  1.329099536e-01 
  1.335386932e-01 
  1.329140812e-01 
  1.316502243e-01 
  1.320557147e-01 
  1.316993386e-01 
  1.311937869e-01 
  1.292648762e-01 
  1.282260269e-01 
  1.288774610e-01 
  1.276355088e-01 
  1.257515401e-01 
  1.240793616e-01 
  1.257133931e-01 
  1.242387891e-01 
  1.230655015e-01 
  1.235248893e-01 
  1.225784123e-01 
  1.215772852e-01 
  1.201903969e-01 
  1.192639396e-01 
  1.177158281e-01 
  1.173104718e-01 
  1.164668798e-01 
  1.155854315e-01 
  1.135320365e-01 
  1.129567027e-01 
  1.107545719e-01 
  1.098970398e-01 
  1.086304188e-01 
  1.046232507e-01 
  1.050113663e-01 
  1.026818007e-01 
  1.024056599e-01 
  1.022214442e-01 
  9.940614551e-02 
  9.745171666e-02 
  9.777055681e-02 
  1.002640650e-01 
  1.013728902e-01 
  1.014455035e-01 
  1.016231105e-01 
  1.013996601e-01 
  1.020884141e-01 
  1.022390202e-01 
  1.021032482e-01 
  1.017951593e-01 
  1.010275334e-01 
  1.005070433e-01 
  9.771475941e-02 
  8.679830283e-02 
  9.522341937e-02 
  9.895333648e-02 
  9.953069687e-02 
  9.912493080e-02 
  9.923422337e-02 
  9.747477621e-02 
  9.753523022e-02 
  9.500905126e-02 
  9.618627280e-02 
  9.671377391e-02 
  9.657087177e-02 
  9.440811723e-02 
  9.457102418e-02 
  9.377848357e-02 
  9.246099740e-02 
  9.134408087e-02 
  9.197132289e-02 
  9.126708657e-02 
  9.074207395e-02 
  8.899696171e-02 
  8.732126653e-02 
  8.678474277e-02 
  8.690252900e-02 
  8.658464998e-02 
  8.585055172e-02 
  8.500386775e-02 
  8.394596726e-02 
  8.325725794e-02 
  8.275952935e-02 
  8.139278740e-02 
  7.696465403e-02 
  7.856311649e-02 
  7.606206089e-02 
  7.819302380e-02 
  7.875769585e-02 
  7.648173720e-02 
  7.593180239e-02 
  7.360404730e-02 
  7.247854769e-02 
  7.311124355e-02 
  7.413607091e-02 
  7.451032102e-02 
  7.374941558e-02 
  7.218004018e-02 
  6.923273206e-02 
  6.686806679e-02 
  6.028824672e-02 
  5.962052196e-02 
  5.878059939e-02 
  5.759542063e-02 
  5.976653472e-02 
  6.081928685e-02 
  6.152609363e-02 
  6.100145355e-02 
  6.122204661e-02 
  6.158413365e-02 
  6.109295785e-02 
  6.098216400e-02 
  6.159466878e-02 
  6.133289635e-02 
  5.954247341e-02 
  5.717308447e-02 
  5.187823623e-02 
  4.795978963e-02 
  4.597645998e-02 
  4.293154180e-02 
  4.155560583e-02 
  3.851868957e-02 
  3.711574897e-02 
  3.548046201e-02 
  3.322470561e-02 
  3.197407722e-02 
  3.057386540e-02 
  2.938407473e-02 
  2.791509219e-02 
  2.734411508e-02 
  2.574161254e-02 
  2.436275780e-02 
  2.426520549e-02 
  2.393338829e-02 
  2.418000996e-02 
  2.471169643e-02 
  2.467947640e-02 
  2.491944097e-02 
  2.422547527e-02 
  2.402870357e-02 
  2.356415614e-02 
  2.445862256e-02 
  2.585722692e-02 
  2.792475000e-02 
  2.912474796e-02 
  2.993184514e-02 
  2.968876623e-02 
  2.896215208e-02 
  2.874870040e-02 
  2.749180049e-02 
  2.641350031e-02 
  2.453418821e-02 
  2.329780348e-02 
  2.222378552e-02 
  2.232146822e-02 
  2.318324521e-02 
  2.370151691e-02 
  2.492507733e-02 
  2.639050037e-02 
  2.755709179e-02 
  2.807432972e-02 
  2.762230113e-02 
  2.755758166e-02 
  2.632501721e-02 
  2.523854747e-02 
  2.414511517e-02 
  2.439984679e-02 
  2.549081855e-02 
  2.630948462e-02 
  2.633231319e-02 
  2.590569854e-02 
  2.498673275e-02 
  2.515032329e-02 
  2.622723207e-02 
  2.651199326e-02 
  2.606199682e-02 
  2.612745017e-02 
  2.578064986e-02 
  2.581379190e-02 
  2.641931549e-02 
  2.717646956e-02 
  2.810605243e-02 
  2.910055593e-02 
  2.791194245e-02 
  2.882657759e-02 
  2.895776555e-02 
  2.949846722e-02 
  2.987036854e-02 
  3.014959767e-02 
  3.014018759e-02 
  2.973011136e-02 
  2.977622859e-02 
  3.104450740e-02 
  3.067489341e-02 
  3.057653457e-02 
  3.047910519e-02 
  3.071124479e-02 
  2.942640707e-02 
  3.018278070e-02 
  3.103455529e-02 
  3.052407689e-02 
  2.960998751e-02 
  2.864772454e-02 
  2.864360064e-02 
  2.856265008e-02 
  2.773873508e-02 
  2.852378413e-02 
  2.866439521e-02 
  2.879610285e-02 
  2.922309749e-02 
  2.959387191e-02 
  2.794570290e-02 
  2.944375947e-02 
  2.854522876e-02 
  2.895495482e-02 
  2.922772430e-02 
  2.914003655e-02 
  2.977157384e-02 
  2.993303351e-02 
  3.015782498e-02 
  2.987019345e-02 
  2.921628952e-02 
  2.914742194e-02 
  2.934248559e-02 
  3.091905639e-02 
  3.209153563e-02 
  3.235965595e-02 
  3.298384696e-02 
  3.331795335e-02 
  3.380284831e-02 
  3.329467028e-02 
  3.217814490e-02 
  3.176223859e-02 
  3.068792820e-02 
  3.039516136e-02 
  3.011448868e-02 
  2.992842905e-02 
  2.857464738e-02 
  2.880749851e-02 
  2.759721875e-02 
  2.716265619e-02 
  2.669601701e-02 
  2.692720294e-02 
  2.799548209e-02 
  2.951760404e-02 
  2.966792323e-02 
  3.019278310e-02 
  3.015794046e-02 
  2.982103638e-02 
  2.897678316e-02 
  2.880853973e-02 
  2.912036330e-02 
  2.906193770e-02 
  2.984646335e-02 
  2.929587103e-02 
  2.947783098e-02 
  2.988866717e-02 
  2.972768806e-02 
  3.062336519e-02 
  2.675436996e-02 
  3.185553849e-02 
  3.293109685e-02 
  3.374784812e-02 
  3.298516572e-02 
  3.398152813e-02 
  3.380893916e-02 
  3.385232016e-02 
  3.339237347e-02 
  3.411903232e-02 
  3.491088375e-02 
  3.474982828e-02 
  3.561733291e-02 
  3.536450490e-02 
  3.480134904e-02 
  3.105145507e-02 
  3.237934038e-02 
  3.255704790e-02 
  3.291979432e-02 
  3.467875719e-02 
  3.422603011e-02 
  3.447378799e-02 
  3.498288244e-02 
  3.518566489e-02 
  3.452521190e-02 
  3.441430628e-02 
  3.385407478e-02 
  3.452930972e-02 
  3.415300697e-02 
  3.395475820e-02 
  3.467804939e-02 
  3.429687023e-02 
  3.470550478e-02 
  3.410788625e-02 
  3.382119909e-02 
  3.459399194e-02 
  3.419912979e-02 
  3.328645974e-02 
  3.414211050e-02 
  3.373948857e-02 
  3.393448144e-02 
  3.373761848e-02 
  3.152796626e-02 
  3.362748399e-02 
  3.335424513e-02 
  3.311643377e-02 
  3.254189342e-02 
  3.260080516e-02 
  3.295102343e-02 
  3.300674632e-02 
  3.205158934e-02 
  3.266060352e-02 
  3.140136600e-02 
  3.198694065e-02 
  3.209330142e-02 
  3.193642944e-02 
  3.228317201e-02 
  3.234268725e-02 
  3.228999674e-02 
  3.191055357e-02 
  3.089681081e-02 
  3.160624579e-02 
  3.135190904e-02 
  3.110840917e-02 
  3.156057373e-02 
  3.132295236e-02 
  3.008967265e-02 
  3.051300161e-02 
  2.985072508e-02 
  3.074780479e-02 
  3.042839840e-02 
  3.035032190e-02 
  2.974904329e-02 
  3.036380745e-02 
  3.027383424e-02 
  2.972256951e-02 
  2.901884355e-02 
  2.933516540e-02 
  2.870534733e-02 
  2.851526998e-02 
  2.769480087e-02 
  2.756003663e-02 
  2.666932903e-02 
  2.731395885e-02 
  2.720499784e-02 
  2.673507296e-02 
  2.679755725e-02 
  2.485019155e-02 
  2.662923187e-02 
  2.399946563e-02 
  2.621743269e-02 
  2.633390017e-02 
  2.686505765e-02 
  2.661922760e-02 
  2.609139495e-02 
  2.641920932e-02 
  2.618330158e-02 
  2.694172412e-02 
  2.653598785e-02 
  2.622024901e-02 
  2.577221766e-02 
  2.353259362e-02 
  2.528919838e-02 
  2.466166392e-02 
  2.589500882e-02 
  2.637180313e-02 
  2.607467771e-02 
  2.609426714e-02 
  2.438199520e-02 
  2.517141961e-02 
  2.538164705e-02 
  2.425280213e-02 
  2.442987822e-02 
  2.334270999e-02 
  2.383268066e-02 
  2.363758162e-02 
  2.395007387e-02 
  2.353681065e-02 
  2.341312915e-02 
  2.343043871e-02 
  2.362291329e-02 
  2.347333357e-02 
  2.197926678e-02 
  2.264889516e-02 
  2.291062661e-02 
  2.346148528e-02 
  2.317332476e-02 
  2.357418090e-02 
  2.210210636e-02 
  2.275832556e-02 
  2.340904623e-02 
  2.333963662e-02 
  2.275086939e-02 
  2.239557169e-02 
  2.290232852e-02 
  2.333368175e-02 
  2.345178649e-02 
  2.283996716e-02 
  2.303612232e-02 
  2.295316942e-02 
  2.306824923e-02 
  2.299545147e-02 
  2.229511924e-02 
  2.258793823e-02 
  2.251159213e-02 
  2.215522155e-02 
  2.155059390e-02 
  2.207395434e-02 
  2.193127759e-02 
  2.085587196e-02 
  2.065291069e-02 
  2.034090646e-02 
  2.037921175e-02 
  2.018002048e-02 
  2.010527067e-02 
  2.056627534e-02 
  2.019677684e-02 
  2.018306591e-02 
  2.037564293e-02 
  2.051506564e-02 
  2.037286013e-02 
  1.985787787e-02 
  2.031160146e-02 
  1.981564797e-02 
  2.017092332e-02 
  1.992551424e-02 
  2.010001615e-02 
  1.968186907e-02 
  2.003635466e-02 
  1.984253153e-02 
  1.992537081e-02 
  1.951947622e-02 
  1.969528198e-02 
  1.972357742e-02 
  1.951947063e-02 
  1.933169365e-02 
  1.918241195e-02 
  1.894170046e-02 
  1.881775819e-02 
  1.897831075e-02 
  1.861187816e-02 
  1.862244681e-02 
  1.899345219e-02 
  1.882786490e-02 
  1.789374463e-02 
  1.835856028e-02 
  1.839617454e-02 
  1.818140224e-02 
  1.784559153e-02 
  1.789245009e-02 
  1.794698276e-02 
  1.765920967e-02 
  1.701238193e-02 
  1.638451219e-02 
  1.681712084e-02 
  1.718982309e-02 
  1.746615954e-02 
  1.747406647e-02 
  1.722307317e-02 
  1.725696959e-02 
  1.722584851e-02 
  1.697811298e-02 
  1.692343876e-02 
  1.710177213e-02 
  1.709240116e-02 
  1.699155755e-02 
  1.692763157e-02 
  1.689323969e-02 
  1.675430499e-02 
  1.661149040e-02 
  1.667264476e-02 
  1.652625762e-02 
  1.628016122e-02 
  1.627004892e-02 
  1.617805101e-02 
  1.581168734e-02 
  1.605840772e-02 
  1.609320007e-02 
  1.585507020e-02 
  1.577870362e-02 
  1.530531514e-02 
  1.554844808e-02 
  1.568090543e-02 
  1.445568167e-02 
  1.542782597e-02 
  1.546863839e-02 
  1.543396246e-02 
  1.540787704e-02 
  1.529147103e-02 
  1.511255465e-02 
  1.499705389e-02 
  1.508853864e-02 
  1.471064519e-02 
  1.446114760e-02 
  1.467242371e-02 
  1.390468050e-02 
  1.408129837e-02 
  1.424986031e-02 
  1.436472870e-02 
  1.426205225e-02 
  1.391738001e-02 
  1.416883711e-02 
  1.416356396e-02 
  1.392996963e-02 
  1.374095213e-02 
  1.283602603e-02 
  1.305485331e-02 
  1.310488861e-02 
  1.244057156e-02 
  1.224613842e-02 
  1.281604171e-02 
  1.298542693e-02 
  1.300126407e-02 
  1.267129928e-02 
  1.303977612e-02 
  1.279610675e-02 
  1.294518262e-02 
  1.253869478e-02 
  1.260138582e-02 
  1.226128731e-02 
  1.268631220e-02 
  1.255749725e-02 
  1.250036526e-02 
  1.227025874e-02 
  1.233213022e-02 
  1.233779080e-02 
  1.231366675e-02 
  1.209626906e-02 
  1.219825167e-02 
  1.217913907e-02 
  1.205700729e-02 
  1.207894180e-02 
  1.196700148e-02 
  1.172308344e-02 
  1.140618976e-02 
  1.150313113e-02 
  1.124390308e-02 
  1.141407434e-02 
  1.132673025e-02 
  1.129907649e-02 
  1.111202966e-02 
  1.116753556e-02 
  1.096293796e-02 
  1.095727365e-02 
  1.092961244e-02 
  1.090794336e-02 
  1.064391155e-02 
  1.034240611e-02 
  1.029381435e-02 
  9.990643710e-03 
  9.813592769e-03 
  9.889951907e-03 
  9.805959649e-03 
  9.774708189e-03 
  9.624211118e-03 
  9.454108775e-03 
  9.440775961e-03 
  9.376225993e-03 
  9.429571219e-03 
  9.484213777e-03 
  9.429736063e-03 
  9.153296240e-03 
  9.062933736e-03 
  8.828320540e-03 
  8.680204861e-03 
  8.396271616e-03 
  8.098735474e-03 
  8.147401735e-03 
  7.862506434e-03 
  7.549562491e-03 
  7.559369318e-03 
  7.193530910e-03 
  7.139903493e-03 
  6.695763208e-03 
  6.466100924e-03 
  6.422047038e-03 
  6.489176303e-03 
  6.448008586e-03 
  6.263905670e-03 
  6.156882737e-03 
  6.073818542e-03 
  5.892559420e-03 
  5.638113245e-03 
  5.616942421e-03 
  5.399484187e-03 
  5.398438312e-03 
  5.233480595e-03 
  4.930015188e-03 
  4.850995727e-03 
  4.595935810e-03 
  4.276975524e-03 
  4.460415337e-03 
  4.515228327e-03 
  4.537101835e-03 
  4.465334117e-03 
  4.385852721e-03 
  4.489076324e-03 
  4.235148896e-03 
  4.246723838e-03 
  4.098140169e-03 
  4.050744232e-03 
  3.739122767e-03 
  3.687308636e-03 
  3.668634221e-03 
  3.572141984e-03 
  3.433107166e-03 
  3.415329847e-03 
  3.207546659e-03 
  3.205039073e-03 
  3.141918220e-03 
  3.031284316e-03 
  3.153938334e-03 
  3.169817152e-03 
  3.229577327e-03 
  3.259684658e-03 
  3.145938739e-03 
  3.313208930e-03 
  3.291481175e-03 
  3.254840616e-03 
  3.012574511e-03 
  3.094042884e-03 
  3.134855069e-03 
  3.151988611e-03 
  3.127066419e-03 
  3.100297647e-03 
  3.022697754e-03 
  3.067335812e-03 
  3.065360012e-03 
  2.954029245e-03 
  3.065485274e-03 
  3.107116092e-03 
  3.166337032e-03 
  3.120241920e-03 
  3.268610220e-03 
  3.234685166e-03 
  3.244030755e-03 
  3.202067222e-03 
  3.206175286e-03 
  3.000762779e-03 
  2.943213331e-03 
  2.720910357e-03 
  2.778423484e-03 
  2.568211406e-03 
  2.453520428e-03 
  2.426860621e-03 
  2.431905363e-03 
  2.421585843e-03 
  2.365869004e-03 
  2.193901455e-03 
  2.755534369e-03 
  2.972229151e-03 
  3.027784871e-03 
  3.045178019e-03 
  3.129346296e-03 
  3.182075918e-03 
  3.201765940e-03 
  3.209162503e-03 
  3.183419816e-03 
  3.071121406e-03 
  3.214359283e-03 
  3.162651090e-03 
  3.102303017e-03 
  2.978560282e-03 
  3.072145628e-03 
  2.970793983e-03 
  2.842501272e-03 
  2.949808026e-03 
  2.871200908e-03 
  2.748457715e-03 
  2.729112050e-03 
  2.671749331e-03 
  2.622982953e-03 
  2.586662769e-03 
  2.602213994e-03 
  2.557443921e-03 
  2.569829347e-03 
  2.540373011e-03 
  2.635314362e-03 
  2.639537910e-03 
  2.708979882e-03 
  2.651942195e-03 
  2.696597716e-03 
  2.693718765e-03 
  2.682981780e-03 
  2.598121529e-03 
  2.723747166e-03 
  2.783518750e-03 
  2.758736489e-03 
  2.858751221e-03 
  2.867091680e-03 
  2.929965500e-03 
  2.910870826e-03 
  2.886635950e-03 
  2.995768329e-03 
  3.046837170e-03 
  3.006447572e-03 
  3.058826551e-03 
  3.037723247e-03 
  3.047508653e-03 
  3.051013453e-03 
  3.013555193e-03 
  2.952548442e-03 
  3.062876407e-03 
  3.062667092e-03 
  3.150043311e-03 
  3.091076389e-03 
  3.208564594e-03 
  3.226172877e-03 
  3.262858838e-03 
  3.257711185e-03 
  3.312941175e-03 
  3.158511361e-03 
  3.261187114e-03 
  3.285690211e-03 
  3.307358827e-03 
  3.203363158e-03 
  3.053148976e-03 
  2.862487454e-03 
  3.044796176e-03 
  3.227809677e-03 
  3.250960726e-03 
  3.282828722e-03 
  3.155261511e-03 
  3.057250287e-03 
  3.041018266e-03 
  3.115212079e-03 
  3.052278655e-03 
  3.042013617e-03 
  2.979178447e-03 
  3.052054904e-03 
  3.059929702e-03 
  3.175906371e-03 
  3.145421622e-03 
  3.300718032e-03 
  3.228364978e-03 
  3.332425142e-03 
  3.329371801e-03 
  3.599300282e-03 
  3.504110733e-03 
  3.748593386e-03 
  3.752216697e-03 
  3.911138512e-03 
  3.937511239e-03 
  4.087937530e-03 
  4.047744442e-03 
  3.996469546e-03 
  4.097666591e-03 
  4.296976142e-03 
  4.291383550e-03 
  4.367768764e-03 
  4.136879463e-03 
  4.441383760e-03 
  4.293453880e-03 
  4.421079997e-03 
  4.451217130e-03 
  4.485093523e-03 
  4.427497275e-03 
  4.439863376e-03 
  4.342291038e-03 
  4.356259014e-03 
  4.466140643e-03 
  4.434447736e-03 
  4.412835464e-03 
  4.360931460e-03 
  4.291503690e-03 
  4.095562734e-03 
  4.120320547e-03 
  3.953294363e-03 
  3.944445401e-03 
  3.478732193e-03 
  3.406016855e-03 
  2.961154329e-03 
  2.956534037e-03 
  2.513109706e-03 
  2.512155101e-03 
  2.253661165e-03 
  2.247453900e-03 
  2.265500370e-03 
  2.202309435e-03 
  2.337560290e-03 
  2.331260825e-03 
  2.391299466e-03 
  2.390958834e-03 
  2.410724759e-03 
  2.403130522e-03 
  2.441279357e-03 
  2.412564354e-03 
  2.506422345e-03 
  2.497435315e-03 
  2.653261414e-03 
  2.654288663e-03 
  2.896764316e-03 
  2.869379940e-03 
  3.010180546e-03 
  3.110138467e-03 
  3.364591859e-03 
  3.361063777e-03 
  3.514972515e-03 
  3.539891914e-03 
  3.653940745e-03 
  3.659466747e-03 
  3.681696253e-03 
  3.631521016e-03 
  3.710205900e-03 
  3.764755558e-03 
  3.813263029e-03 
  3.802810097e-03 
  3.688394325e-03 
  3.767513903e-03 
  3.792835400e-03 
  3.582364647e-03 
  3.698820947e-03 
  3.721598303e-03 
  3.684125608e-03 
  3.642730648e-03 
  3.602262354e-03 
  3.594610374e-03 
  3.481005086e-03 
  3.471867181e-03 
  3.446336836e-03 
  3.276089905e-03 
  3.287622472e-03 
  3.095587250e-03 
  3.072470194e-03 
  2.947827103e-03 
  2.900695195e-03 
  2.895699348e-03 
  2.912041498e-03 
  2.940159990e-03 
  2.923156135e-03 
  2.971150214e-03 
  2.966438187e-03 
  2.969336463e-03 
  2.885134192e-03 
  2.963791136e-03 
  2.947079716e-03 
  2.765659243e-03 
  2.922148909e-03 
  2.920092782e-03 
  2.928657224e-03 
  2.898252336e-03 
  2.952174284e-03 
  2.847674303e-03 
  3.022160614e-03 
  2.981795464e-03 
  3.116182750e-03 
  3.105536103e-03 
  3.178505227e-03 
  3.168795025e-03 
  3.216659650e-03 
  3.209750168e-03 
  3.150296398e-03 
  3.213518066e-03 
  3.176122904e-03 
  3.216593526e-03 
  3.154379083e-03 
  3.173975507e-03 
  3.194312798e-03 
  3.216145793e-03 
  3.208454931e-03 
  3.225723980e-03 
  3.224117914e-03 
  3.228594549e-03 
  3.198348219e-03 
  3.070437815e-03 
  3.178207902e-03 
  3.202018794e-03 
  3.096857341e-03 
  3.184011206e-03 
  3.169964999e-03 
  3.159613581e-03 
  3.165590577e-03 
  3.167974995e-03 
  3.159766551e-03 
  3.175307298e-03 
  3.120943438e-03 
  3.163395450e-03 
  3.154748352e-03 
  3.160802415e-03 
  3.145369701e-03 
  3.136480227e-03 
  3.114508698e-03 
  3.036059439e-03 
  3.100900445e-03 
  3.086948767e-03 
  3.065479686e-03 
  3.069231985e-03 
  3.061232623e-03 
  3.034578403e-03 
  2.956678392e-03 
  3.019378288e-03 
  3.034521826e-03 
  2.956306329e-03 
  3.014974063e-03 
  2.983378479e-03 
  2.979757497e-03 
  2.929100534e-03 
  2.986761974e-03 
  2.997006522e-03 
  2.939318074e-03 
  2.995543415e-03 
  2.983195242e-03 
  2.966839354e-03 
  2.979137935e-03 
  2.968242625e-03 
  2.960817888e-03 
  2.946367254e-03 
  2.944477135e-03 
  2.831689082e-03 
  2.922751242e-03 
  2.916682279e-03 
  2.896658145e-03 
  2.887513256e-03 
  2.884808462e-03 
  2.862009918e-03 
  2.842395101e-03 
  2.821405418e-03 
  2.788107842e-03 
  2.737608971e-03 
  2.760273870e-03 
  2.756356727e-03 
  2.716452815e-03 
  2.708122600e-03 
  2.680715406e-03 
  2.669189358e-03 
  2.639407991e-03 
  2.640758175e-03 
  2.634797478e-03 
  2.632417949e-03 
  2.620849526e-03 
  2.612333512e-03 
  2.595433965e-03 
  2.582293004e-03 
  2.574954648e-03 
  2.535752952e-03 
  2.533249091e-03 
  2.493160311e-03 
  2.405874198e-03 
  2.157134935e-03 
  2.356061013e-03 
  2.426152350e-03 
  2.486044075e-03 
  2.479320858e-03 
  2.496328903e-03 
  2.482388867e-03 
  2.486753045e-03 
  2.472833265e-03 
  2.471300773e-03 
  2.451635199e-03 
  2.424382605e-03 
  2.437579678e-03 
  2.339659724e-03 
  2.429643646e-03 
  2.421358833e-03 
  2.394675277e-03 
  2.331382362e-03 
  2.384015126e-03 
  2.385685919e-03 
  2.384460997e-03 
  2.376953838e-03 
  2.312733093e-03 
  2.295873361e-03 
  2.319478663e-03 
  2.341642976e-03 
  2.330994932e-03 
  2.299636370e-03 
  2.289458644e-03 
  2.278496046e-03 
  2.246631309e-03 
  2.233739011e-03 
  2.214071807e-03 
  2.206885954e-03 
  2.194694011e-03 
  2.192897256e-03 
  2.185394987e-03 
  2.207046142e-03 
  2.203449374e-03 
  2.193167806e-03 
  2.136548515e-03 
  2.105517546e-03 
  2.210150240e-03 
  2.160553355e-03 
  2.226858400e-03 
  2.220861847e-03 
  2.209733240e-03 
  2.205700381e-03 
  2.192887245e-03 
  2.188430168e-03 
  2.166132675e-03 
  2.130911686e-03 
  2.152682049e-03 
  2.155669965e-03 
  2.144410275e-03 
  2.136851428e-03 
  2.124525839e-03 
  2.119003097e-03 
  2.109961817e-03 
  2.095164498e-03 
  2.055278746e-03 
  2.057435457e-03 
  2.051854972e-03 
  2.066574059e-03 
  2.040058607e-03 
  2.039501909e-03 
  2.035742393e-03 
  2.025798662e-03 
  2.018393483e-03 
  2.003571484e-03 
  1.991918311e-03 
  1.989273820e-03 
  1.962723443e-03 
  1.918089925e-03 
  1.938108355e-03 
  1.953734783e-03 
  1.946034026e-03 
  1.909950050e-03 
  1.921025803e-03 
  1.917841262e-03 
  1.910321065e-03 
  1.905193320e-03 
  1.849806868e-03 
  1.884962432e-03 
  1.865327242e-03 
  1.859821263e-03 
  1.859532902e-03 
  1.829868532e-03 
  1.780980034e-03 
  1.816156320e-03 
  1.799246646e-03 
  1.796009718e-03 
  1.791845192e-03 
  1.790684764e-03 
  1.774328761e-03 
  1.762511209e-03 
  1.762763364e-03 
  1.697492786e-03 
  1.756831072e-03 
  1.743351924e-03 
  1.718598534e-03 
  1.730755088e-03 
  1.728647156e-03 
  1.721630339e-03 
  1.713499893e-03 
  1.695722924e-03 
  1.708389143e-03 
  1.703390968e-03 
  1.695326064e-03 
  1.667233766e-03 
  1.685184310e-03 
  1.682526083e-03 
  1.678806962e-03 
  1.670664526e-03 
  1.662692870e-03 
  1.578269177e-03 
  1.626727986e-03 
  1.628696802e-03 
  1.622865791e-03 
  1.614175620e-03 
  1.609125989e-03 
  1.609542640e-03 
  1.601157710e-03 
  1.583075500e-03 
  1.580253942e-03 
  1.555735944e-03 
  1.560689416e-03 
  1.554891584e-03 
  1.468936680e-03 
  1.505219378e-03 
  1.496658428e-03 
  1.467663446e-03 
  1.497617573e-03 
  1.499497681e-03 
  1.492896001e-03 
  1.489167102e-03 
  1.504331827e-03 
  1.497260761e-03 
  1.489743358e-03 
  1.504849875e-03 
  1.503818319e-03 
  1.503949752e-03 
  1.501100603e-03 
  1.488931943e-03 
  1.478802995e-03 
  1.480868086e-03 
  1.471386640e-03 
  1.453756471e-03 
  1.442778273e-03 
  1.390361227e-03 
  1.408275915e-03 
  1.392171485e-03 
  1.415053965e-03 
  1.406945870e-03 
  1.384773874e-03 
  1.390322344e-03 
  1.386841643e-03 
  1.320048585e-03 
  1.354365144e-03 
  1.363071264e-03 
  1.347016660e-03 
  1.370234066e-03 
  1.377040637e-03 
  1.363401767e-03 
  1.358715468e-03 
  1.350252074e-03 
  1.337959664e-03 
  1.334736357e-03 
  1.309018699e-03 
  1.288210857e-03 
  1.295090420e-03 
  1.277055475e-03 
  1.268281019e-03 
  1.233346178e-03 
  1.249622670e-03 
  1.248990302e-03 
  1.235334203e-03 
  1.227400848e-03 
  1.221735030e-03 
  1.210870571e-03 
  1.211690251e-03 
  1.202582498e-03 
  1.199221821e-03 
  1.202907995e-03 
  1.193246921e-03 
  1.198188635e-03 
  1.177563448e-03 
  1.140590175e-03 
  1.168258255e-03 
  1.179572195e-03 
  1.190249110e-03 
  1.178610837e-03 
  1.176944585e-03 
  1.196134835e-03 
  1.195135526e-03 
  1.184362103e-03 
  1.170183299e-03 
  1.166557777e-03 
  1.167717157e-03 
  1.139822882e-03 
  1.140239183e-03 
  1.110156649e-03 
  1.102720038e-03 
  1.090320060e-03 
  1.067665988e-03 
  1.078223577e-03 
  1.076745684e-03 
  1.077774330e-03 
  1.023427350e-03 
  1.055751927e-03 
  1.076417160e-03 
  1.071145292e-03 
  1.066186465e-03 
  1.078109257e-03 
  1.072801650e-03 
  1.067538047e-03 
  1.068325830e-03 
  1.015364542e-03 
  1.013254747e-03 
  1.019379008e-03 
  1.025128760e-03 
  1.013562432e-03 
  1.039006980e-03 
  1.033525914e-03 
  1.045625773e-03 
  1.042062882e-03 
  1.037540729e-03 
  1.031150692e-03 
  1.042799326e-03 
  1.031859196e-03 
  1.031452441e-03 
  1.034546294e-03 
  1.025695936e-03 
  1.025527599e-03 
  1.014248934e-03 
  1.009899541e-03 
  1.013344736e-03 
  1.004255726e-03 
  9.881996084e-04 
  9.930623928e-04 
  9.770009201e-04 
  9.667401901e-04 
  9.668198763e-04 
  9.621061035e-04 
  9.464422474e-04 
  9.457558044e-04 
  9.430057835e-04 
  9.288468864e-04 
  8.950262563e-04 
  8.918195381e-04 
  8.611808880e-04 
  8.985495660e-04 
  9.048709762e-04 
  9.304567357e-04 
  9.189771372e-04 
  9.228812414e-04 
  9.345049621e-04 
  9.263976244e-04 
  9.276159108e-04 
  9.234998724e-04 
  9.336118237e-04 
  9.220205247e-04 
  9.198341868e-04 
  9.245139081e-04 
  9.174610605e-04 
  9.054621914e-04 
  9.095688001e-04 
  9.051288362e-04 
  8.750566631e-04 
  8.640376618e-04 
  8.867432480e-04 
  8.794374880e-04 
  8.569144993e-04 
  8.775738534e-04 
  8.613698301e-04 
  8.499631076e-04 
  8.537956164e-04 
  8.275581058e-04 
  8.220809978e-04 
  8.050001925e-04 
  7.804799825e-04 
  7.809836534e-04 
  7.717074477e-04 
  7.704532472e-04 
  7.745735347e-04 
  7.678809925e-04 
  7.662644493e-04 
  7.769283256e-04 
  7.965835393e-04 
  7.870894042e-04 
  7.844297215e-04 
  7.552628522e-04 
  7.935395697e-04 
  7.977131754e-04 
  7.915096357e-04 
  7.783308974e-04 
  7.790871314e-04 
  7.718505803e-04 
  7.609807071e-04 
  7.537709898e-04 
  7.466650568e-04 
  7.287479239e-04 
  7.274930831e-04 
  7.206739392e-04 
  6.630850839e-04 
  6.902522873e-04 
  6.863789749e-04 
  6.744677667e-04 
  6.613683654e-04 
  6.723545375e-04 
  6.387693575e-04 
  6.470649969e-04 
  6.428727065e-04 
  5.924131838e-04 
  6.000186549e-04 
  5.886781146e-04 
  5.694880383e-04 
  5.527375615e-04 
  5.776236649e-04 
  5.550112692e-04 
  5.507185706e-04 
  5.198880099e-04 
  5.421077367e-04 
  5.407991121e-04 
  5.426863208e-04 
  5.397689529e-04 
  5.410431186e-04 
  5.315587041e-04 
  5.421692040e-04 
  5.353072193e-04 
  5.310223205e-04 
  5.414834595e-04 
  5.368636921e-04 
  5.384566612e-04 
  5.312285502e-04 
