  1.034058556e-01 
  3.058515787e-01 
  3.593563735e-01 
  1.043860435e+00 
  1.236390114e+00 
  2.484740496e+00 
  2.859586477e+00 
  4.508637905e+00 
  5.987092018e+00 
  6.619230270e+00 
  7.881523609e+00 
  1.550119305e+01 
  1.368225384e+01 
  1.790596962e+01 
  1.843931198e+01 
  2.290135384e+01 
  1.797103500e+01 
  2.636901665e+01 
  2.580394745e+01 
  3.007949829e+01 
  2.770234489e+01 
  3.634386063e+01 
  3.064326477e+01 
  2.756525230e+01 
  3.524868774e+01 
  3.779278564e+01 
  5.355304337e+01 
  5.383525467e+01 
  4.308272171e+01 
  5.280187225e+01 
  5.487946320e+01 
  4.349346542e+01 
  4.860301971e+01 
  5.476952362e+01 
  4.512432861e+01 
  4.886506653e+01 
  3.658832550e+01 
  3.451152420e+01 
  4.200098801e+01 
  4.218872070e+01 
  4.685536194e+01 
  3.947809982e+01 
  4.119720459e+01 
  4.104894638e+01 
  3.673638153e+01 
  4.708786774e+01 
  5.192275238e+01 
  4.904663849e+01 
  4.584593201e+01 
  4.992672348e+01 
  5.066200638e+01 
  4.774192810e+01 
  4.853156281e+01 
  4.397129822e+01 
  5.037865448e+01 
  5.066440964e+01 
  4.753432465e+01 
  3.014184570e+01 
  3.249773788e+01 
  3.243991089e+01 
  4.774759293e+01 
  3.758438873e+01 
  4.094074631e+01 
  4.323218918e+01 
  4.282918930e+01 
  3.979714584e+01 
  5.420973206e+01 
  4.813266373e+01 
  4.503902817e+01 
  4.298512268e+01 
  4.905075455e+01 
  3.886701202e+01 
  4.058908081e+01 
  4.012438202e+01 
  3.081945038e+01 
  2.799301720e+01 
  3.969871902e+01 
  4.025722122e+01 
  5.158178711e+01 
  3.933458328e+01 
  3.649497604e+01 
  4.058747101e+01 
  3.004221153e+01 
  2.073227882e+01 
  2.258004761e+01 
  3.361512756e+01 
  2.580648422e+01 
  2.928875923e+01 
  2.867684746e+01 
  3.229116058e+01 
  3.868421173e+01 
  4.275624084e+01 
  3.753841400e+01 
  1.988117790e+01 
  2.173387146e+01 
  3.604064560e+01 
  3.664570618e+01 
  1.473347950e+01 
  4.072153091e+01 
  4.823429108e+01 
  4.681277466e+01 
  4.593175888e+01 
  4.805429077e+01 
  4.443151093e+01 
  4.713707733e+01 
  4.267663956e+01 
  4.181629562e+01 
  4.021043777e+01 
  4.301123047e+01 
  4.700785065e+01 
  3.880628586e+01 
  4.499788666e+01 
  4.604113007e+01 
  4.294943237e+01 
  4.162391281e+01 
  4.384298325e+01 
  4.303715515e+01 
  4.121294785e+01 
  3.981939316e+01 
  4.029494476e+01 
  3.368919373e+01 
  4.169430542e+01 
  3.946622086e+01 
  3.292800140e+01 
  3.578189087e+01 
  3.661278534e+01 
  3.477287292e+01 
  3.304790497e+01 
  3.306491852e+01 
  2.972390938e+01 
  2.343816757e+01 
  2.082426643e+01 
  3.704312134e+01 
  3.258734894e+01 
  3.061133003e+01 
  3.291704941e+01 
  3.607711411e+01 
  3.600465775e+01 
  3.188157272e+01 
  3.049740791e+01 
  3.379103851e+01 
  3.329811478e+01 
  3.467185974e+01 
  3.450926590e+01 
  3.389905167e+01 
  3.525768661e+01 
  3.103325081e+01 
  3.500055313e+01 
  3.519076920e+01 
  3.504111481e+01 
  3.541284943e+01 
  3.785244751e+01 
  3.480395126e+01 
  3.195536041e+01 
  3.369896317e+01 
  3.356569290e+01 
  3.400463486e+01 
  3.382418823e+01 
  3.287007523e+01 
  3.251172638e+01 
  3.188251686e+01 
  3.268469620e+01 
  3.180910492e+01 
  3.147867203e+01 
  3.125356102e+01 
  3.047731209e+01 
  3.111672401e+01 
  2.970770073e+01 
  3.111902618e+01 
  3.051949501e+01 
  2.978016090e+01 
  2.941102409e+01 
  2.945335579e+01 
  2.881969833e+01 
  2.873897362e+01 
  2.957560158e+01 
  2.835209656e+01 
  2.778681374e+01 
  2.885688782e+01 
  2.726672745e+01 
  2.752322388e+01 
  2.707893562e+01 
  2.736728096e+01 
  2.711932755e+01 
  2.581241798e+01 
  2.573937416e+01 
  2.066055107e+01 
  2.299156189e+01 
  2.471746445e+01 
  2.275081444e+01 
  2.564647102e+01 
  2.376115799e+01 
  2.260769653e+01 
  2.410836792e+01 
  2.306080437e+01 
  2.441018677e+01 
  2.353623772e+01 
  2.260387802e+01 
  2.185067558e+01 
  2.158205795e+01 
  2.127491951e+01 
  2.059296799e+01 
  2.025705147e+01 
  2.125442123e+01 
  1.958193398e+01 
  2.091517448e+01 
  2.217944145e+01 
  2.044269943e+01 
  1.942136955e+01 
  2.074738884e+01 
  1.991583252e+01 
  1.973556900e+01 
  2.052027702e+01 
  1.860593224e+01 
  1.804639435e+01 
  1.825294685e+01 
  1.899367142e+01 
  1.385917950e+01 
  1.699681664e+01 
  1.595162392e+01 
  1.739778519e+01 
  1.724458694e+01 
  1.776090431e+01 
  1.639043617e+01 
  1.761698341e+01 
  1.731329727e+01 
  1.634667778e+01 
  1.414666176e+01 
  1.683190727e+01 
  1.714900970e+01 
  1.605427933e+01 
  1.731374359e+01 
  1.636569023e+01 
  1.424558449e+01 
  1.535317039e+01 
  1.552586174e+01 
  1.632892609e+01 
  1.501565742e+01 
  1.557982922e+01 
  1.539197254e+01 
  1.493107796e+01 
  1.357195187e+01 
  1.500770664e+01 
  1.423088074e+01 
  1.487969398e+01 
  1.453083992e+01 
  1.408473778e+01 
  1.455646610e+01 
  1.338998318e+01 
  1.397115326e+01 
  1.354859638e+01 
  1.335136318e+01 
  1.381106567e+01 
  1.315987110e+01 
  1.347739029e+01 
  1.340386009e+01 
  1.292703629e+01 
  1.243996620e+01 
  1.280624008e+01 
  1.200522804e+01 
  1.195882797e+01 
  1.303516006e+01 
  1.186561584e+01 
  1.231208134e+01 
  1.203870201e+01 
  1.207999802e+01 
  1.104549885e+01 
  1.174602699e+01 
  1.160295486e+01 
  1.126325035e+01 
  1.123064137e+01 
  1.075204086e+01 
  1.126088238e+01 
  1.128031921e+01 
  1.113014412e+01 
  1.077107716e+01 
  1.049610710e+01 
  1.085784054e+01 
  1.047338581e+01 
  1.032949638e+01 
  1.062380505e+01 
  1.037758636e+01 
  1.047238636e+01 
  1.047992611e+01 
  1.037967873e+01 
  1.024415112e+01 
  9.739013672e+00 
  1.004144478e+01 
  9.861669540e+00 
  8.672698975e+00 
  8.991989136e+00 
  9.491968155e+00 
  9.242430687e+00 
  9.281582832e+00 
  9.298436165e+00 
  9.051981926e+00 
  9.215193748e+00 
  9.170944214e+00 
  8.920185089e+00 
  8.857832909e+00 
  8.799808502e+00 
  8.687164307e+00 
  8.531291008e+00 
  8.527050972e+00 
  8.742189407e+00 
  8.664493561e+00 
  8.508028984e+00 
  8.404932976e+00 
  8.319527626e+00 
  8.180363655e+00 
  7.997000217e+00 
  8.074418068e+00 
  7.917957783e+00 
  7.751988411e+00 
  7.423904419e+00 
  7.729372978e+00 
  7.301722527e+00 
  7.295431137e+00 
  7.589448929e+00 
  7.470107555e+00 
  7.530150890e+00 
  7.608492851e+00 
  7.158555031e+00 
  7.165317535e+00 
  7.124364376e+00 
  6.884080887e+00 
  6.870353222e+00 
  6.925456047e+00 
  6.711813450e+00 
  6.884944439e+00 
  6.614666462e+00 
  6.829006195e+00 
  6.328919411e+00 
  6.759438515e+00 
  6.526644230e+00 
  6.610071659e+00 
  6.343743801e+00 
  6.518389702e+00 
  6.587133884e+00 
  6.496593475e+00 
  6.259156704e+00 
  6.313530922e+00 
  6.202943802e+00 
  6.270683765e+00 
  6.162483215e+00 
  6.173911095e+00 
  5.898811340e+00 
  5.940518856e+00 
  5.892269611e+00 
  5.975207806e+00 
  5.510124683e+00 
  5.899606705e+00 
  5.745091438e+00 
  5.832876205e+00 
  5.720890522e+00 
  5.533753395e+00 
  4.670782089e+00 
  4.956485748e+00 
  5.490940094e+00 
  5.468651295e+00 
  5.480675697e+00 
  5.477902889e+00 
  5.526384830e+00 
  5.431546688e+00 
  5.314501762e+00 
  5.306637764e+00 
  5.339844227e+00 
  5.203688145e+00 
  5.203485966e+00 
  5.247627735e+00 
  5.154641628e+00 
  5.070483685e+00 
  5.024585724e+00 
  5.031176090e+00 
  5.011683464e+00 
  4.906523705e+00 
  4.970078468e+00 
  4.842786312e+00 
  4.894192696e+00 
  4.796700954e+00 
  4.730930328e+00 
  4.707374573e+00 
  4.669706821e+00 
  4.672794819e+00 
  4.560228348e+00 
  4.586019516e+00 
  4.348526001e+00 
  3.879120588e+00 
  3.977908373e+00 
  3.930443287e+00 
  3.990332603e+00 
  4.075706959e+00 
  4.089093685e+00 
  4.081986427e+00 
  4.078876019e+00 
  4.014995575e+00 
  4.056191921e+00 
  4.114965439e+00 
  3.999154806e+00 
  3.985415220e+00 
  3.925919771e+00 
  3.802581310e+00 
  3.771663666e+00 
  3.853633404e+00 
  3.844815731e+00 
  3.830239296e+00 
  3.771763086e+00 
  3.700803995e+00 
  3.794507027e+00 
  3.654955149e+00 
  3.700021029e+00 
  3.659363031e+00 
  3.603119373e+00 
  3.554619074e+00 
  3.589811087e+00 
  3.425237656e+00 
  3.474603653e+00 
  3.246554136e+00 
  3.143413305e+00 
  3.066000938e+00 
  3.036014557e+00 
  3.169775248e+00 
  3.257632256e+00 
  3.197194815e+00 
  3.106287718e+00 
  3.067666292e+00 
  3.040721416e+00 
  3.080669165e+00 
  2.997532368e+00 
  2.893830538e+00 
  2.978239059e+00 
  2.906039476e+00 
  3.000054598e+00 
  2.993951797e+00 
  3.067677975e+00 
  3.015880346e+00 
  2.925283909e+00 
  2.960649967e+00 
  2.954901934e+00 
  2.851198196e+00 
  2.880302191e+00 
  2.852180004e+00 
  2.794025183e+00 
  2.868753910e+00 
  2.885018587e+00 
  2.798329830e+00 
  2.824736357e+00 
  2.853577375e+00 
  2.788206339e+00 
  2.774772406e+00 
  2.718038082e+00 
  2.696520329e+00 
  2.725197792e+00 
  2.685523272e+00 
  2.713286877e+00 
  2.683335066e+00 
  2.616823196e+00 
  2.621743679e+00 
  2.599191427e+00 
  2.338181734e+00 
  1.185865760e+00 
  1.080774665e+00 
  1.659336686e+00 
  1.495931864e+00 
  1.590016484e+00 
  1.815710425e+00 
  1.967626452e+00 
  2.112262964e+00 
  2.278033733e+00 
  2.324404478e+00 
  2.336725235e+00 
  2.343280315e+00 
  2.326001644e+00 
  2.306120872e+00 
  2.320500612e+00 
  2.222574472e+00 
  2.302576542e+00 
  2.274663448e+00 
  2.250452280e+00 
  2.245771170e+00 
  2.206198215e+00 
  2.191548586e+00 
  2.206191063e+00 
  2.143236637e+00 
  2.143365622e+00 
  2.134917974e+00 
  2.083010674e+00 
  2.096383095e+00 
  2.050441265e+00 
  2.038947105e+00 
  2.006731033e+00 
  1.988366246e+00 
  1.948917508e+00 
  1.941996574e+00 
  1.923090100e+00 
  1.895997286e+00 
  1.901460171e+00 
  1.908266425e+00 
  1.910232782e+00 
  1.896427035e+00 
  1.830192685e+00 
  1.855552793e+00 
  1.841784120e+00 
  1.807221055e+00 
  1.817797780e+00 
  1.765790462e+00 
  1.808662057e+00 
  1.788928270e+00 
  1.766528726e+00 
  1.724924088e+00 
  1.705293298e+00 
  1.717332125e+00 
  1.694220662e+00 
  1.668262959e+00 
  1.644381285e+00 
  1.602757812e+00 
  1.561274171e+00 
  1.563832998e+00 
  1.548036695e+00 
  1.505039811e+00 
  1.490005255e+00 
  1.559163094e+00 
  1.487350702e+00 
  1.448472738e+00 
  1.506495118e+00 
  1.527189732e+00 
  1.523913503e+00 
  1.507521510e+00 
  1.477670312e+00 
  1.476392031e+00 
  1.453428507e+00 
  1.422664881e+00 
  1.445472598e+00 
  1.397883534e+00 
  1.416631103e+00 
  1.421757340e+00 
  1.428318977e+00 
  1.409291744e+00 
  1.411823869e+00 
  1.363607168e+00 
  1.394221067e+00 
  1.388561487e+00 
  1.375402451e+00 
  1.364541173e+00 
  1.337790728e+00 
  1.352640986e+00 
  1.358337879e+00 
  1.306524038e+00 
  1.337282062e+00 
  1.333501577e+00 
  1.146637917e+00 
  1.306318641e+00 
  1.250836253e+00 
  1.260754108e+00 
  1.008677602e+00 
  1.105716467e+00 
  1.249629021e+00 
  1.264167309e+00 
  1.238277555e+00 
  1.233019352e+00 
  1.216524005e+00 
  1.210636377e+00 
  1.201135874e+00 
  1.218319178e+00 
  1.210260153e+00 
  1.182201266e+00 
  9.869748354e-01 
  1.046039820e+00 
  1.129131079e+00 
  1.108087420e+00 
  1.148344040e+00 
  1.141369343e+00 
  1.131537557e+00 
  1.130667806e+00 
  1.100668430e+00 
  1.085439563e+00 
  1.089231014e+00 
  1.105739594e+00 
  1.081411123e+00 
  1.078841805e+00 
  1.067417622e+00 
  1.007088423e+00 
  1.057645082e+00 
  1.028865814e+00 
  1.032861710e+00 
  1.038271785e+00 
  9.990255833e-01 
  9.847087860e-01 
  1.009495974e+00 
  1.011777043e+00 
  1.003560185e+00 
  9.932880998e-01 
  9.830040932e-01 
  9.337647557e-01 
  9.565839767e-01 
  8.927716613e-01 
  9.080494046e-01 
  8.677663207e-01 
  8.583697081e-01 
  8.349770308e-01 
  8.129800558e-01 
  7.874500751e-01 
  7.703396082e-01 
  8.389787078e-01 
  8.673771024e-01 
  8.604483604e-01 
  8.214004636e-01 
  8.105846643e-01 
  7.722337842e-01 
  7.561736703e-01 
  7.636804581e-01 
  7.665362358e-01 
  7.607233524e-01 
  7.574141622e-01 
  7.578574419e-01 
  7.478519678e-01 
  7.555451393e-01 
  7.440954447e-01 
  7.417540550e-01 
  7.647735476e-01 
  7.672941685e-01 
  7.443627119e-01 
  7.342115641e-01 
  6.969592571e-01 
  7.150541544e-01 
  7.206561565e-01 
  6.914627552e-01 
  7.046707869e-01 
  6.920179725e-01 
  6.599953175e-01 
  6.311420202e-01 
  6.015219688e-01 
  5.597674847e-01 
  5.352609158e-01 
  5.050782561e-01 
  4.930160344e-01 
  4.961330295e-01 
  5.027899146e-01 
  5.206935406e-01 
  5.924014449e-01 
  5.974163413e-01 
  5.726213455e-01 
  5.276935697e-01 
  5.185562968e-01 
  4.997891486e-01 
  5.143966675e-01 
  5.198756456e-01 
  5.255627632e-01 
  5.330018401e-01 
  5.316374898e-01 
  5.275681019e-01 
  5.366749167e-01 
  5.190870166e-01 
  5.262141824e-01 
  5.304307342e-01 
  4.848650098e-01 
  5.131509900e-01 
  5.394185781e-01 
  5.451313257e-01 
  5.402643681e-01 
  5.316201448e-01 
  5.214328170e-01 
  5.240002871e-01 
  5.360527039e-01 
  5.299177170e-01 
  5.327767134e-01 
  5.160724521e-01 
  5.399755836e-01 
  5.500973463e-01 
  5.600606799e-01 
  5.597612858e-01 
  5.522621274e-01 
  5.512886047e-01 
  5.382834077e-01 
  5.213404298e-01 
  5.177170634e-01 
  5.268313289e-01 
  5.196622610e-01 
  5.296124220e-01 
  5.143328905e-01 
  5.284470916e-01 
  5.320265293e-01 
  5.266112089e-01 
  5.278764367e-01 
  5.273084044e-01 
  5.278811455e-01 
  5.253367424e-01 
  5.308851600e-01 
  5.225806832e-01 
  5.140729547e-01 
  5.167383552e-01 
  5.203070641e-01 
  5.138090253e-01 
  5.114995837e-01 
  5.134294629e-01 
  5.085526705e-01 
  5.063591599e-01 
  5.042338967e-01 
  4.996375144e-01 
  4.960889518e-01 
  4.903452396e-01 
  4.899985194e-01 
  4.853600860e-01 
  4.782075286e-01 
  4.733883739e-01 
  4.408370852e-01 
  4.622486234e-01 
  4.684128761e-01 
  4.669892788e-01 
  4.603332877e-01 
  4.610536397e-01 
  4.587773979e-01 
  4.578923285e-01 
  4.531004131e-01 
  4.544733763e-01 
  4.443398118e-01 
  4.456416368e-01 
  4.396550655e-01 
  4.432791173e-01 
  4.307175279e-01 
  4.283351004e-01 
  4.313646853e-01 
  4.226529598e-01 
  4.284509718e-01 
  4.242145419e-01 
  4.231809676e-01 
  4.225199819e-01 
  4.180816710e-01 
  4.175857306e-01 
  4.100390673e-01 
  4.129399061e-01 
  4.102060199e-01 
  4.073154032e-01 
  3.982876837e-01 
  4.009830952e-01 
  3.951813579e-01 
  3.986704051e-01 
  3.887102902e-01 
  3.910286427e-01 
  3.910487890e-01 
  3.848643303e-01 
  3.853497803e-01 
  3.849575818e-01 
  3.768190145e-01 
  3.790281415e-01 
  3.758631945e-01 
  3.634448946e-01 
  3.686002791e-01 
  3.706861138e-01 
  3.667038381e-01 
  3.630067706e-01 
  3.615564406e-01 
  3.583796024e-01 
  3.570854664e-01 
  3.519410193e-01 
  3.530406952e-01 
  3.506209552e-01 
  3.484606147e-01 
  3.432035446e-01 
  3.310785592e-01 
  3.417004943e-01 
  3.284121752e-01 
  3.360264003e-01 
  3.289031982e-01 
  3.316963315e-01 
  3.298308253e-01 
  3.184821308e-01 
  3.246811330e-01 
  3.220416307e-01 
  2.966624498e-01 
  3.132754564e-01 
  3.125481904e-01 
  3.122034967e-01 
  3.008406460e-01 
  3.103590608e-01 
  3.000434041e-01 
  3.053088486e-01 
  3.032748401e-01 
  3.027418554e-01 
  2.899341881e-01 
  2.965407073e-01 
  2.845981121e-01 
  2.875891030e-01 
  2.783792317e-01 
  2.874421179e-01 
  2.814436257e-01 
  2.843707800e-01 
  2.672479451e-01 
  2.825211883e-01 
  2.691341043e-01 
  2.736935914e-01 
  2.747721970e-01 
  2.666673064e-01 
  2.607877254e-01 
  2.358533889e-01 
  2.544605136e-01 
  2.525845170e-01 
  2.479770333e-01 
  2.396807522e-01 
  2.353191078e-01 
  2.387236059e-01 
  2.379278988e-01 
  2.269416749e-01 
  2.354291528e-01 
  2.321436554e-01 
  2.291579843e-01 
  2.246143073e-01 
  2.239371389e-01 
  2.226831615e-01 
  2.243356109e-01 
  2.243496925e-01 
  2.197481990e-01 
  2.123549134e-01 
  2.044328749e-01 
  2.040585428e-01 
  1.935939938e-01 
  1.858931184e-01 
  1.769862622e-01 
  1.657563746e-01 
  1.560029984e-01 
  1.502703428e-01 
  1.494496167e-01 
  1.425956041e-01 
  1.458252966e-01 
  1.476537287e-01 
  1.430092603e-01 
  1.393526047e-01 
  1.440203786e-01 
  1.417671442e-01 
  1.474972814e-01 
  1.598345041e-01 
  1.647392511e-01 
  1.593789756e-01 
  1.458664984e-01 
  1.280183792e-01 
  1.304274946e-01 
  1.464011967e-01 
  1.569221169e-01 
  1.596326381e-01 
  1.654742956e-01 
  1.636197120e-01 
  1.550440788e-01 
  1.574836373e-01 
  1.504802704e-01 
  1.449223608e-01 
  1.395591199e-01 
  1.418616772e-01 
  1.465523094e-01 
  1.486866474e-01 
  1.502653658e-01 
  1.491999179e-01 
  1.506950557e-01 
  1.511044204e-01 
  1.520937383e-01 
  1.518564522e-01 
  1.556466818e-01 
  1.567862332e-01 
  1.655815393e-01 
  1.683638394e-01 
  1.682117432e-01 
  1.666372865e-01 
  1.652490199e-01 
  1.727844328e-01 
  1.755428761e-01 
  1.719873548e-01 
  1.749529690e-01 
  1.703895181e-01 
  1.729229242e-01 
  1.737020612e-01 
  1.674812585e-01 
  1.717507988e-01 
  1.729085445e-01 
  1.712081432e-01 
  1.689067483e-01 
  1.684398800e-01 
  1.673341393e-01 
  1.640627384e-01 
  1.678982377e-01 
  1.632213444e-01 
  1.619475633e-01 
  1.631888002e-01 
  1.606857926e-01 
  1.592566073e-01 
  1.495870054e-01 
  1.564396769e-01 
  1.595270485e-01 
  1.575727910e-01 
  1.555516720e-01 
  1.538850516e-01 
  1.452903599e-01 
  1.543567777e-01 
  1.570005864e-01 
  1.567280293e-01 
  1.560190618e-01 
  1.550329030e-01 
  1.517205387e-01 
  1.512551755e-01 
  1.502094567e-01 
  1.445590109e-01 
  1.381552666e-01 
  1.467322558e-01 
  1.473472565e-01 
  1.470056772e-01 
  1.389196217e-01 
  1.408430934e-01 
  1.452760547e-01 
  1.447372735e-01 
  1.455820203e-01 
  1.428034008e-01 
  1.330976337e-01 
  1.413913220e-01 
  1.361599714e-01 
  1.401547045e-01 
  1.409275532e-01 
  1.397521049e-01 
  1.400012374e-01 
  1.399842501e-01 
  1.399386823e-01 
  1.391900182e-01 
  1.374883503e-01 
  1.380098909e-01 
  1.374311447e-01 
  1.363107711e-01 
  1.352848411e-01 
  1.364092678e-01 
  1.353262961e-01 
  1.355049908e-01 
  1.307210475e-01 
  1.346432865e-01 
  1.342553198e-01 
  1.335774064e-01 
  1.332497597e-01 
  1.313399225e-01 
  1.319606453e-01 
  1.313421577e-01 
  1.300929040e-01 
  1.304935515e-01 
  1.301411390e-01 
  1.296406984e-01 
  1.277339756e-01 
  1.267061532e-01 
  1.273482740e-01 
  1.261193752e-01 
  1.242567971e-01 
  1.226019710e-01 
  1.242149845e-01 
  1.227559373e-01 
  1.215945035e-01 
  1.220462099e-01 
  1.211088002e-01 
  1.201173812e-01 
  1.187442318e-01 
  1.178262010e-01 
  1.162941232e-01 
  1.158893853e-01 
  1.150521189e-01 
  1.141775101e-01 
  1.121442094e-01 
  1.115712225e-01 
  1.093897447e-01 
  1.085365042e-01 
  1.072789431e-01 
  1.033117697e-01 
  1.036902145e-01 
  1.013865545e-01 
  1.011122912e-01 
  1.009262726e-01 
  9.814199805e-02 
  9.620721638e-02 
  9.651972353e-02 
  9.899474680e-02 
  1.000965089e-01 
  1.001742557e-01 
  1.003548726e-01 
  1.001400650e-01 
  1.008244902e-01 
  1.009772271e-01 
  1.008469611e-01 
  1.005467772e-01 
  9.979175776e-02 
  9.928149730e-02 
  9.652683139e-02 
  8.574582636e-02 
  9.407170862e-02 
  9.775888920e-02 
  9.833133966e-02 
  9.793164581e-02 
  9.804012626e-02 
  9.629946947e-02 
  9.635926038e-02 
  9.386446327e-02 
  9.502910078e-02 
  9.555277973e-02 
  9.541282058e-02 
  9.327516705e-02 
  9.343439341e-02 
  9.264934063e-02 
  9.134620428e-02 
  9.024343640e-02 
  9.086360037e-02 
  9.016800672e-02 
  8.964889497e-02 
  8.792361617e-02 
  8.626370132e-02 
  8.573203534e-02 
  8.584778756e-02 
  8.553324640e-02 
  8.480707556e-02 
  8.396759629e-02 
  8.291815221e-02 
  8.223731816e-02 
  8.174549788e-02 
  8.038939536e-02 
  7.600836456e-02 
  7.758022100e-02 
  7.511338592e-02 
  7.722253352e-02 
  7.778014988e-02 
  7.552505285e-02 
  7.497119159e-02 
  7.266131788e-02 
  7.154637575e-02 
  7.217838615e-02 
  7.319845259e-02 
  7.357262820e-02 
  7.281862944e-02 
  7.126135379e-02 
  6.833638996e-02 
  6.598908454e-02 
  5.947771668e-02 
  5.881258845e-02 
  5.798013136e-02 
  5.681220815e-02 
  5.895733088e-02 
  6.000036746e-02 
  6.070099398e-02 
  6.018434092e-02 
  6.040189415e-02 
  6.076169387e-02 
  6.027726084e-02 
  6.017046049e-02 
  6.077177078e-02 
  6.051385775e-02 
  5.873677880e-02 
  5.639068037e-02 
  5.115289986e-02 
  4.728043452e-02 
  4.532233253e-02 
  4.231778160e-02 
  4.096130654e-02 
  3.796747699e-02 
  3.658506274e-02 
  3.497340530e-02 
  3.275071457e-02 
  3.151821718e-02 
  3.013815545e-02 
  2.896551229e-02 
  2.751777507e-02 
  2.695546299e-02 
  2.537600882e-02 
  2.401685156e-02 
  2.392076142e-02 
  2.359369583e-02 
  2.383659780e-02 
  2.436069213e-02 
  2.432889119e-02 
  2.456540428e-02 
  2.388137393e-02 
  2.368750982e-02 
  2.322954312e-02 
  2.411124110e-02 
  2.548943460e-02 
  2.752670459e-02 
  2.870912850e-02 
  2.950431220e-02 
  2.926449664e-02 
  2.854841202e-02 
  2.833832428e-02 
  2.709974162e-02 
  2.603727952e-02 
  2.418550476e-02 
  2.296697721e-02 
  2.190827392e-02 
  2.200457267e-02 
  2.285398357e-02 
  2.336469665e-02 
  2.457033843e-02 
  2.601414546e-02 
  2.716366015e-02 
  2.767327428e-02 
  2.722760849e-02 
  2.716404758e-02 
  2.594956942e-02 
  2.487889491e-02 
  2.380139567e-02 
  2.405232750e-02 
  2.512739599e-02 
  2.593407780e-02 
  2.595653757e-02 
  2.553617582e-02 
  2.463037334e-02 
  2.479163930e-02 
  2.585281245e-02 
  2.613330446e-02 
  2.568987384e-02 
  2.575444989e-02 
  2.541278489e-02 
  2.544557303e-02 
  2.604200505e-02 
  2.678815462e-02 
  2.770401724e-02 
  2.868409641e-02 
  2.751247771e-02 
  2.841412090e-02 
  2.854349464e-02 
  2.907658927e-02 
  2.944308706e-02 
  2.971865237e-02 
  2.970937826e-02 
  2.930544503e-02 
  2.935093455e-02 
  3.060176410e-02 
  3.023773618e-02 
  3.014117107e-02 
  3.004509211e-02 
  3.027385660e-02 
  2.900733985e-02 
  2.975320630e-02 
  3.059242107e-02 
  3.008813597e-02 
  2.918408811e-02 
  2.823122591e-02 
  2.822501399e-02 
  2.814549953e-02 
  2.733453922e-02 
  2.810912579e-02 
  2.824789472e-02 
  2.837760933e-02 
  2.879921719e-02 
  2.916561067e-02 
  2.754278854e-02 
  2.902066521e-02 
  2.813570388e-02 
  2.853960916e-02 
  2.880953811e-02 
  2.872383036e-02 
  2.934769168e-02 
  2.950827964e-02 
  2.973070368e-02 
  2.944717184e-02 
  2.880229428e-02 
  2.873510309e-02 
  2.892934717e-02 
  3.048718907e-02 
  3.164762631e-02 
  3.191487491e-02 
  3.253357485e-02 
  3.286359087e-02 
  3.334264830e-02 
  3.283936158e-02 
  3.173644468e-02 
  3.132530302e-02 
  3.026332892e-02 
  2.997461334e-02 
  2.969709411e-02 
  2.951195464e-02 
  2.817520313e-02 
  2.840356342e-02 
  2.720903605e-02 
  2.677890100e-02 
  2.631819248e-02 
  2.654753253e-02 
  2.760347165e-02 
  2.910899185e-02 
  2.926109731e-02 
  2.977898903e-02 
  2.974462509e-02 
  2.941131033e-02 
  2.857767418e-02 
  2.841024473e-02 
  2.871900983e-02 
  2.866321243e-02 
  2.943931334e-02 
  2.889687568e-02 
  2.907673083e-02 
  2.948173881e-02 
  2.932511829e-02 
  3.021276928e-02 
  2.639614418e-02 
  3.143500164e-02 
  3.250239044e-02 
  3.331261873e-02 
  3.256050870e-02 
  3.354681656e-02 
  3.337674960e-02 
  3.342263773e-02 
  3.297358751e-02 
  3.369152173e-02 
  3.447790444e-02 
  3.432269767e-02 
  3.518224880e-02 
  3.493189439e-02 
  3.437456116e-02 
  3.066987358e-02 
  3.198238835e-02 
  3.216032311e-02 
  3.251880407e-02 
  3.425840661e-02 
  3.381218016e-02 
  3.405808657e-02 
  3.456139192e-02 
  3.476257622e-02 
  3.411050886e-02 
  3.400125727e-02 
  3.344774246e-02 
  3.411543742e-02 
  3.374385461e-02 
  3.354843333e-02 
  3.426405042e-02 
  3.388845921e-02 
  3.429356590e-02 
  3.370368108e-02 
  3.342042863e-02 
  3.418421745e-02 
  3.379371017e-02 
  3.289155290e-02 
  3.373699263e-02 
  3.333932534e-02 
  3.353219852e-02 
  3.333768621e-02 
  3.115424514e-02 
  3.322872519e-02 
  3.295858949e-02 
  3.272349015e-02 
  3.215591609e-02 
  3.221447766e-02 
  3.256054968e-02 
  3.261603042e-02 
  3.167249262e-02 
  3.227448463e-02 
  3.103022836e-02 
  3.160906583e-02 
  3.171416372e-02 
  3.155949339e-02 
  3.190263361e-02 
  3.196200356e-02 
  3.190977871e-02 
  3.153513372e-02 
  3.053355590e-02 
  3.123464249e-02 
  3.098342940e-02 
  3.074285388e-02 
  3.118975088e-02 
  3.095483407e-02 
  2.973604575e-02 
  3.015454672e-02 
  2.950012870e-02 
  3.038672917e-02 
  3.007099219e-02 
  2.999373153e-02 
  2.939951234e-02 
  3.000693396e-02 
  2.991794236e-02 
  2.937288024e-02 
  2.867683768e-02 
  2.898907848e-02 
  2.836668678e-02 
  2.817725390e-02 
  2.736428007e-02 
  2.722859196e-02 
  2.634673752e-02 
  2.698356472e-02 
  2.687530220e-02 
  2.641155198e-02 
  2.647422068e-02 
  2.455089986e-02 
  2.630851045e-02 
  2.371063456e-02 
  2.590222284e-02 
  2.601791359e-02 
  2.654381283e-02 
  2.630091831e-02 
  2.578068152e-02 
  2.610579692e-02 
  2.587370016e-02 
  2.662392706e-02 
  2.622297592e-02 
  2.591150627e-02 
  2.546854131e-02 
  2.325554937e-02 
  2.499149181e-02 
  2.437134087e-02 
  2.559012733e-02 
  2.606111951e-02 
  2.576760761e-02 
  2.578624897e-02 
  2.409418486e-02 
  2.487312257e-02 
  2.507914975e-02 
  2.396184020e-02 
  2.413529158e-02 
  2.306123078e-02 
  2.354480699e-02 
  2.335241996e-02 
  2.366184071e-02 
  2.325355075e-02 
  2.313162759e-02 
  2.314856276e-02 
  2.333862334e-02 
  2.319084108e-02 
  2.171499468e-02 
  2.237736993e-02 
  2.263702825e-02 
  2.318230085e-02 
  2.289756760e-02 
  2.329443023e-02 
  2.184039168e-02 
  2.248938009e-02 
  2.313240990e-02 
  2.306431346e-02 
  2.248292230e-02 
  2.213169821e-02 
  2.263248339e-02 
  2.305895649e-02 
  2.317579091e-02 
  2.257132344e-02 
  2.276501991e-02 
  2.268309891e-02 
  2.279673330e-02 
  2.272472903e-02 
  2.203256451e-02 
  2.232193016e-02 
  2.224635519e-02 
  2.189409733e-02 
  2.129638754e-02 
  2.181357145e-02 
  2.167274058e-02 
  2.060963959e-02 
  2.040906809e-02 
  2.010034584e-02 
  2.013792470e-02 
  1.994094625e-02 
  1.986707933e-02 
  2.032261901e-02 
  1.995754987e-02 
  1.994400658e-02 
  2.013430186e-02 
  2.027206309e-02 
  2.013147995e-02 
  1.962261274e-02 
  2.007096075e-02 
  1.958099008e-02 
  1.993220486e-02 
  1.968993805e-02 
  1.986237429e-02 
  1.944940723e-02 
  1.979988813e-02 
  1.960834861e-02 
  1.969037019e-02 
  1.928933337e-02 
  1.946299709e-02 
  1.949095540e-02 
  1.928908192e-02 
  1.910335012e-02 
  1.895564981e-02 
  1.871778257e-02 
  1.859535091e-02 
  1.875434071e-02 
  1.839223132e-02 
  1.840254664e-02 
  1.876937971e-02 
  1.860577427e-02 
  1.768267155e-02 
  1.814198308e-02 
  1.817944832e-02 
  1.796720363e-02 
  1.763532124e-02 
  1.768163964e-02 
  1.773520559e-02 
  1.745082624e-02 
  1.681165956e-02 
  1.619122922e-02 
  1.661873236e-02 
  1.698699221e-02 
  1.726006344e-02 
  1.726781763e-02 
  1.701978222e-02 
  1.705353521e-02 
  1.702270284e-02 
  1.677788422e-02 
  1.672373712e-02 
  1.689996757e-02 
  1.689070091e-02 
  1.679106243e-02 
  1.672789641e-02 
  1.669386588e-02 
  1.655656844e-02 
  1.641541533e-02 
  1.647586748e-02 
  1.633120514e-02 
  1.608804613e-02 
  1.607812196e-02 
  1.598720625e-02 
  1.562508568e-02 
  1.586874016e-02 
  1.590312086e-02 
  1.566765830e-02 
  1.559210103e-02 
  1.512433961e-02 
  1.536459569e-02 
  1.549548842e-02 
  1.428473834e-02 
  1.524538454e-02 
  1.528562326e-02 
  1.525138877e-02 
  1.522559859e-02 
  1.511060819e-02 
  1.493384596e-02 
  1.481969841e-02 
  1.490993705e-02 
  1.453616191e-02 
  1.428960823e-02 
  1.449810620e-02 
  1.373921242e-02 
  1.391371340e-02 
  1.408040244e-02 
  1.419408433e-02 
  1.409261115e-02 
  1.375200041e-02 
  1.400056854e-02 
  1.399533730e-02 
  1.376422588e-02 
  1.357724145e-02 
  1.268307772e-02 
  1.289918367e-02 
  1.294825692e-02 
  1.229186077e-02 
  1.209966000e-02 
  1.266265288e-02 
  1.282997895e-02 
  1.284543797e-02 
  1.251936797e-02 
  1.288341358e-02 
  1.264249627e-02 
  1.278964896e-02 
  1.238802169e-02 
  1.244973298e-02 
  1.211386081e-02 
  1.253374293e-02 
  1.240661088e-02 
  1.235008240e-02 
  1.212274376e-02 
  1.218375098e-02 
  1.218916196e-02 
  1.216532756e-02 
  1.195023675e-02 
  1.205101237e-02 
  1.203212887e-02 
  1.191157755e-02 
  1.193324756e-02 
  1.182243973e-02 
  1.158095803e-02 
  1.126790605e-02 
  1.136322599e-02 
  1.110625546e-02 
  1.127434149e-02 
  1.118784212e-02 
  1.116061583e-02 
  1.097586285e-02 
  1.103056129e-02 
  1.082822774e-02 
  1.082263328e-02 
  1.079480723e-02 
  1.077328436e-02 
  1.051111333e-02 
  1.021222491e-02 
  1.016412582e-02 
  9.863860905e-03 
  9.688339196e-03 
  9.763725102e-03 
  9.680104442e-03 
  9.648912586e-03 
  9.500351734e-03 
  9.331617504e-03 
  9.318456985e-03 
  9.254796430e-03 
  9.307218716e-03 
  9.361152537e-03 
  9.307320230e-03 
  9.032941423e-03 
  8.943768218e-03 
  8.711125702e-03 
  8.564615622e-03 
  8.283201605e-03 
  7.989029400e-03 
  8.037036285e-03 
  7.754779421e-03 
  7.445512805e-03 
  7.455185056e-03 
  7.093066815e-03 
  7.040189113e-03 
  6.601584610e-03 
  6.374676246e-03 
  6.331244949e-03 
  6.397378165e-03 
  6.356650032e-03 
  6.174923386e-03 
  6.069384515e-03 
  5.987386685e-03 
  5.808535498e-03 
  5.557693075e-03 
  5.536824465e-03 
  5.322386511e-03 
  5.321356468e-03 
  5.158792250e-03 
  4.859680776e-03 
  4.781789146e-03 
  4.530401900e-03 
  4.215973895e-03 
  4.396817181e-03 
  4.450875334e-03 
  4.472436383e-03 
  4.401655868e-03 
  4.323308356e-03 
  4.425086081e-03 
  4.174845293e-03 
  4.186255392e-03 
  4.039870575e-03 
  3.993136808e-03 
  3.685999895e-03 
  3.634990891e-03 
  3.616581671e-03 
  3.521492472e-03 
  3.384428797e-03 
  3.366966732e-03 
  3.162142588e-03 
  3.159670392e-03 
  3.097454086e-03 
  2.988382010e-03 
  3.109290730e-03 
  3.124931827e-03 
  3.183845896e-03 
  3.213493153e-03 
  3.101358889e-03 
  3.266231390e-03 
  3.244809108e-03 
  3.208711278e-03 
  2.969897818e-03 
  3.050212516e-03 
  3.090451239e-03 
  3.107342171e-03 
  3.082774812e-03 
  3.056390211e-03 
  2.979889279e-03 
  3.023894737e-03 
  3.021948738e-03 
  2.912192373e-03 
  3.022069810e-03 
  3.063091543e-03 
  3.121400485e-03 
  3.075959161e-03 
  3.222149797e-03 
  3.188704839e-03 
  3.197907936e-03 
  3.156557446e-03 
  3.160607070e-03 
  2.958204597e-03 
  2.901470987e-03 
  2.682383871e-03 
  2.739084186e-03 
  2.531893551e-03 
  2.418836579e-03 
  2.392553724e-03 
  2.397488337e-03 
  2.387315035e-03 
  2.332325326e-03 
  2.162796445e-03 
  2.716375748e-03 
  2.929870738e-03 
  2.984634833e-03 
  3.001738572e-03 
  3.084705910e-03 
  3.136659740e-03 
  3.156072926e-03 
  3.163385438e-03 
  3.138010157e-03 
  3.027339000e-03 
  3.168574767e-03 
  3.117603017e-03 
  3.058157163e-03 
  2.936175326e-03 
  3.028445411e-03 
  2.928535687e-03 
  2.802085830e-03 
  2.907876624e-03 
  2.830387093e-03 
  2.709425054e-03 
  2.690354129e-03 
  2.633877099e-03 
  2.585801994e-03 
  2.550040139e-03 
  2.565371338e-03 
  2.521242946e-03 
  2.533437684e-03 
  2.504398581e-03 
  2.597954590e-03 
  2.602118067e-03 
  2.670528833e-03 
  2.614300698e-03 
  2.658316866e-03 
  2.655478893e-03 
  2.644887194e-03 
  2.561233472e-03 
  2.685059793e-03 
  2.743962919e-03 
  2.719532931e-03 
  2.818095032e-03 
  2.826317446e-03 
  2.888249466e-03 
  2.869426971e-03 
  2.845510142e-03 
  2.953087911e-03 
  3.003395628e-03 
  2.963587176e-03 
  3.015225986e-03 
  2.994418843e-03 
  3.004064783e-03 
  3.007528372e-03 
  2.970603993e-03 
  2.910447074e-03 
  3.019201802e-03 
  3.018976189e-03 
  3.105106298e-03 
  3.046926344e-03 
  3.162759123e-03 
  3.180060536e-03 
  3.216222394e-03 
  3.211051691e-03 
  3.265395528e-03 
  3.113182262e-03 
  3.214176279e-03 
  3.238326171e-03 
  3.259443911e-03 
  3.156954423e-03 
  3.008588916e-03 
  2.820710186e-03 
  3.000020981e-03 
  3.180343425e-03 
  3.202558961e-03 
  3.234008560e-03 
  3.107642755e-03 
  3.011110472e-03 
  2.994300332e-03 
  3.067407059e-03 
  3.004950937e-03 
  2.994845388e-03 
  2.932895673e-03 
  3.005013335e-03 
  3.012767062e-03 
  3.127529519e-03 
  3.097509034e-03 
  3.251014976e-03 
  3.179751337e-03 
  3.282896709e-03 
  3.279888770e-03 
  3.546715714e-03 
  3.452917095e-03 
  3.694786690e-03 
  3.698358079e-03 
  3.856379073e-03 
  3.882383229e-03 
  4.031896591e-03 
  3.992322832e-03 
  3.942768555e-03 
  4.042605869e-03 
  4.240164533e-03 
  4.234708380e-03 
  4.310944118e-03 
  4.083058797e-03 
  4.384255968e-03 
  4.238270223e-03 
  4.364937078e-03 
  4.394691903e-03 
  4.428462591e-03 
  4.371629562e-03 
  4.384035710e-03 
  4.287689924e-03 
  4.301608074e-03 
  4.410137422e-03 
  4.378693644e-03 
  4.357352853e-03 
  4.305733833e-03 
  4.237204790e-03 
  4.042861518e-03 
  4.067300353e-03 
  3.900494892e-03 
  3.891776549e-03 
  3.429490607e-03 
  3.357804148e-03 
  2.916100901e-03 
  2.911556745e-03 
  2.472320804e-03 
  2.471381566e-03 
  2.215859247e-03 
  2.209757688e-03 
  2.227350837e-03 
  2.165223937e-03 
  2.298708307e-03 
  2.292514779e-03 
  2.352023497e-03 
  2.351688221e-03 
  2.371363807e-03 
  2.363895299e-03 
  2.401745412e-03 
  2.373495605e-03 
  2.466425300e-03 
  2.457583789e-03 
  2.612128388e-03 
  2.613139339e-03 
  2.853524638e-03 
  2.826551674e-03 
  2.966968110e-03 
  3.065490630e-03 
  3.318028059e-03 
  3.314551665e-03 
  3.467907663e-03 
  3.492493182e-03 
  3.606249578e-03 
  3.611706663e-03 
  3.634590656e-03 
  3.585056635e-03 
  3.663361771e-03 
  3.717222484e-03 
  3.765508300e-03 
  3.755186684e-03 
  3.642412368e-03 
  3.720545443e-03 
  3.745575203e-03 
  3.537726821e-03 
  3.652647836e-03 
  3.675140440e-03 
  3.637903603e-03 
  3.597027855e-03 
  3.556570038e-03 
  3.549014917e-03 
  3.435965162e-03 
  3.426945535e-03 
  3.401745576e-03 
  3.232351970e-03 
  3.243731102e-03 
  3.052925691e-03 
  3.030127147e-03 
  2.906439826e-03 
  2.859970322e-03 
  2.854909981e-03 
  2.871022094e-03 
  2.899076557e-03 
  2.882309956e-03 
  2.930127550e-03 
  2.925480483e-03 
  2.928517759e-03 
  2.845472889e-03 
  2.923000138e-03 
  2.906518523e-03 
  2.727583284e-03 
  2.881918335e-03 
  2.879890846e-03 
  2.888487652e-03 
  2.858499764e-03 
  2.912022406e-03 
  2.808944322e-03 
  2.981938422e-03 
  2.942109946e-03 
  3.075664630e-03 
  3.065156052e-03 
  3.137966385e-03 
  3.128380049e-03 
  3.176208120e-03 
  3.169385483e-03 
  3.110679565e-03 
  3.173427423e-03 
  3.136498155e-03 
  3.176633036e-03 
  3.115191590e-03 
  3.134702099e-03 
  3.154787235e-03 
  3.176518250e-03 
  3.168921918e-03 
  3.186167451e-03 
  3.184580943e-03 
  3.189191921e-03 
  3.159314627e-03 
  3.032965120e-03 
  3.139552660e-03 
  3.163073678e-03 
  3.059291048e-03 
  3.145387629e-03 
  3.131574253e-03 
  3.121347632e-03 
  3.127329983e-03 
  3.129685298e-03 
  3.121657064e-03 
  3.137010150e-03 
  3.083301475e-03 
  3.125274088e-03 
  3.116730833e-03 
  3.122752067e-03 
  3.107505152e-03 
  3.098743968e-03 
  3.077036003e-03 
  2.999544842e-03 
  3.063605865e-03 
  3.049858147e-03 
  3.028646810e-03 
  3.032353939e-03 
  3.024476115e-03 
  2.998142038e-03 
  2.921208972e-03 
  2.983156592e-03 
  2.998179290e-03 
  2.920900006e-03 
  2.978941891e-03 
  2.947723493e-03 
  2.944146050e-03 
  2.894177334e-03 
  2.951151226e-03 
  2.961362945e-03 
  2.904360183e-03 
  2.959997160e-03 
  2.947795438e-03 
  2.931683091e-03 
  2.943836385e-03 
  2.933069831e-03 
  2.925769193e-03 
  2.911489224e-03 
  2.909641247e-03 
  2.798187546e-03 
  2.888176357e-03 
  2.882178873e-03 
  2.862391528e-03 
  2.853345592e-03 
  2.850671997e-03 
  2.828099765e-03 
  2.808717312e-03 
  2.787891775e-03 
  2.754989546e-03 
  2.704978455e-03 
  2.727372805e-03 
  2.723502228e-03 
  2.683962695e-03 
  2.675731899e-03 
  2.648574067e-03 
  2.637186088e-03 
  2.607753500e-03 
  2.609087387e-03 
  2.603197005e-03 
  2.600863110e-03 
  2.589432988e-03 
  2.581022447e-03 
  2.564325463e-03 
  2.551346784e-03 
  2.544096205e-03 
  2.505364129e-03 
  2.502907068e-03 
  2.463298384e-03 
  2.377071418e-03 
  2.131309826e-03 
  2.327883849e-03 
  2.397136996e-03 
  2.456311602e-03 
  2.449695487e-03 
  2.466500271e-03 
  2.452732297e-03 
  2.457044087e-03 
  2.443287289e-03 
  2.441772958e-03 
  2.422342310e-03 
  2.395404736e-03 
  2.408444183e-03 
  2.311673015e-03 
  2.400580561e-03 
  2.392394934e-03 
  2.366004046e-03 
  2.303468762e-03 
  2.355493372e-03 
  2.357144374e-03 
  2.355965786e-03 
  2.348548267e-03 
  2.285094466e-03 
  2.268451732e-03 
  2.291775076e-03 
  2.313624835e-03 
  2.303103684e-03 
  2.271991456e-03 
  2.261935966e-03 
  2.251105150e-03 
  2.219470916e-03 
  2.206734382e-03 
  2.187198261e-03 
  2.180099254e-03 
  2.168055391e-03 
  2.166320104e-03 
  2.158908406e-03 
  2.180431038e-03 
  2.176877344e-03 
  2.166719642e-03 
  2.110941568e-03 
  2.080282429e-03 
  2.183796838e-03 
  2.134791110e-03 
  2.200365765e-03 
  2.194440458e-03 
  2.183444798e-03 
  2.179462230e-03 
  2.166801365e-03 
  2.162380610e-03 
  2.140348079e-03 
  2.105546882e-03 
  2.127036219e-03 
  2.129988512e-03 
  2.118842676e-03 
  2.111373702e-03 
  2.099195728e-03 
  2.093722345e-03 
  2.084788866e-03 
  2.070140559e-03 
  2.030730946e-03 
  2.032862045e-03 
  2.027315553e-03 
  2.041858388e-03 
  2.015616046e-03 
  2.015065867e-03 
  2.011351287e-03 
  2.001492074e-03 
  1.994175604e-03 
  1.979497727e-03 
  1.967984019e-03 
  1.965371426e-03 
  1.939110807e-03 
  1.895014197e-03 
  1.914773602e-03 
  1.930212020e-03 
  1.922603580e-03 
  1.886930084e-03 
  1.897872309e-03 
  1.894694637e-03 
  1.887265127e-03 
  1.882198849e-03 
  1.827439643e-03 
  1.862169942e-03 
  1.842705999e-03 
  1.837266725e-03 
  1.836981392e-03 
  1.807590830e-03 
  1.759297331e-03 
  1.793988515e-03 
  1.777284895e-03 
  1.774087199e-03 
  1.769935596e-03 
  1.768789254e-03 
  1.752615790e-03 
  1.740942826e-03 
  1.741191372e-03 
  1.676735352e-03 
  1.735347905e-03 
  1.722033601e-03 
  1.697571715e-03 
  1.709579374e-03 
  1.707492745e-03 
  1.700561726e-03 
  1.692530815e-03 
  1.674987143e-03 
  1.687498530e-03 
  1.682553557e-03 
  1.674587023e-03 
  1.646838384e-03 
  1.664596959e-03 
  1.661971095e-03 
  1.658314257e-03 
  1.650270890e-03 
  1.642396557e-03 
  1.558986609e-03 
  1.606853213e-03 
  1.608797349e-03 
  1.603031764e-03 
  1.594447764e-03 
  1.589416992e-03 
  1.589828404e-03 
  1.581545570e-03 
  1.563610858e-03 
  1.560823992e-03 
  1.536546974e-03 
  1.541439211e-03 
  1.535712974e-03 
  1.450743177e-03 
  1.486576279e-03 
  1.478121383e-03 
  1.449477510e-03 
  1.479060389e-03 
  1.480933628e-03 
  1.474413439e-03 
  1.470730873e-03 
  1.485788147e-03 
  1.478804508e-03 
  1.471378724e-03 
  1.486414927e-03 
  1.485395944e-03 
  1.485569286e-03 
  1.482755062e-03 
  1.470733900e-03 
  1.460695057e-03 
  1.462734770e-03 
  1.453369390e-03 
  1.435830723e-03 
  1.424987684e-03 
  1.373055275e-03 
  1.390747027e-03 
  1.374842948e-03 
  1.397584216e-03 
  1.389576239e-03 
  1.367514720e-03 
  1.373044099e-03 
  1.369606820e-03 
  1.303742756e-03 
  1.337635331e-03 
  1.346233767e-03 
  1.330454368e-03 
  1.353386207e-03 
  1.360108959e-03 
  1.346607809e-03 
  1.341979136e-03 
  1.333618071e-03 
  1.321381074e-03 
  1.318197581e-03 
  1.292668050e-03 
  1.272120164e-03 
  1.278911717e-03 
  1.260940218e-03 
  1.252276590e-03 
  1.217782497e-03 
  1.233729767e-03 
  1.233105315e-03 
  1.219533500e-03 
  1.211701659e-03 
  1.206108253e-03 
  1.195330173e-03 
  1.196139259e-03 
  1.187146525e-03 
  1.183835207e-03 
  1.187474001e-03 
  1.177936909e-03 
  1.182895270e-03 
  1.162533299e-03 
  1.126144081e-03 
  1.153461868e-03 
  1.164632384e-03 
  1.175298239e-03 
  1.163806301e-03 
  1.162157627e-03 
  1.181147527e-03 
  1.180160907e-03 
  1.169522293e-03 
  1.155424630e-03 
  1.151844976e-03 
  1.152985264e-03 
  1.125267474e-03 
  1.125678304e-03 
  1.095744665e-03 
  1.088404562e-03 
  1.076165470e-03 
  1.053708140e-03 
  1.064127660e-03 
  1.062669093e-03 
  1.063746400e-03 
  1.010106760e-03 
  1.042006537e-03 
  1.062448835e-03 
  1.057245303e-03 
  1.052350970e-03 
  1.064220676e-03 
  1.058981521e-03 
  1.053781598e-03 
  1.054559252e-03 
  1.002280507e-03 
  1.000208547e-03 
  1.006253879e-03 
  1.011929591e-03 
  1.000552555e-03 
  1.025670557e-03 
  1.020259690e-03 
  1.032250351e-03 
  1.028733095e-03 
  1.024261233e-03 
  1.018009498e-03 
  1.029509818e-03 
  1.018708921e-03 
  1.018326497e-03 
  1.021380886e-03 
  1.012634253e-03 
  1.012461493e-03 
  1.001326484e-03 
  9.969942039e-04 
  1.000395394e-03 
  9.914224502e-04 
  9.754741914e-04 
  9.802744025e-04 
  9.644197416e-04 
  9.542125044e-04 
  9.542911430e-04 
  9.496385464e-04 
  9.340901161e-04 
  9.334125789e-04 
  9.306985885e-04 
  9.166793898e-04 
  8.833017200e-04 
  8.801294607e-04 
  8.499124087e-04 
  8.867920842e-04 
  8.930308977e-04 
  9.184053051e-04 
  9.070744272e-04 
  9.109128150e-04 
  9.224833339e-04 
  9.144802461e-04 
  9.156829910e-04 
  9.116729489e-04 
  9.216555627e-04 
  9.102017502e-04 
  9.080349701e-04 
  9.126546793e-04 
  9.056923445e-04 
  8.937894017e-04 
  8.978430415e-04 
  8.934442885e-04 
  8.636928978e-04 
  8.528170874e-04 
  8.752279682e-04 
  8.680186584e-04 
  8.457882213e-04 
  8.661690517e-04 
  8.500905242e-04 
  8.388332790e-04 
  8.426157292e-04 
  8.166055195e-04 
  8.112009382e-04 
  7.942537195e-04 
  7.700609276e-04 
  7.705579628e-04 
  7.613801281e-04 
  7.601427496e-04 
  7.642080891e-04 
  7.576152566e-04 
  7.560203667e-04 
  7.665417506e-04 
  7.860392216e-04 
  7.766708732e-04 
  7.740464644e-04 
  7.452469436e-04 
  7.830493851e-04 
  7.871679263e-04 
  7.810464595e-04 
  7.679896080e-04 
  7.687358302e-04 
  7.615786162e-04 
  7.507777773e-04 
  7.436648593e-04 
  7.366543286e-04 
  7.188988966e-04 
  7.176611107e-04 
  7.109146682e-04 
  6.540137692e-04 
  6.808093749e-04 
  6.769890897e-04 
  6.652089069e-04 
  6.522893673e-04 
  6.631078431e-04 
  6.299054367e-04 
  6.380859995e-04 
  6.339519750e-04 
  5.841327365e-04 
  5.916319205e-04 
  5.804380053e-04 
  5.614617257e-04 
  5.449473392e-04 
  5.694826832e-04 
  5.471599288e-04 
  5.429279990e-04 
  5.125261378e-04 
  5.344210658e-04 
  5.331310094e-04 
  5.349915009e-04 
  5.321187200e-04 
  5.333748413e-04 
  5.240248865e-04 
  5.344748497e-04 
  5.277103046e-04 
  5.234862329e-04 
  5.338076153e-04 
  5.292533897e-04 
  5.308237742e-04 
  5.236849538e-04 
