  9.219028801e-02 
  2.756580412e-01 
  3.265182078e-01 
  9.592295885e-01 
  1.141595483e+00 
  2.316718340e+00 
  2.679831982e+00 
  4.252266884e+00 
  5.670376301e+00 
  6.290524960e+00 
  7.539615631e+00 
  1.486373138e+01 
  1.316742611e+01 
  1.728241730e+01 
  1.781546211e+01 
  2.220765877e+01 
  1.744408607e+01 
  2.563862610e+01 
  2.511931992e+01 
  2.937939835e+01 
  2.698151588e+01 
  3.557246399e+01 
  2.992770004e+01 
  2.698007011e+01 
  3.456852722e+01 
  3.699409103e+01 
  5.254801941e+01 
  5.284913254e+01 
  4.221953201e+01 
  5.188117981e+01 
  5.393343353e+01 
  4.269783783e+01 
  4.778195953e+01 
  5.385760880e+01 
  4.434717941e+01 
  4.806864929e+01 
  3.600094986e+01 
  3.394433975e+01 
  4.132431412e+01 
  4.152310181e+01 
  4.610341644e+01 
  3.885724258e+01 
  4.055690002e+01 
  4.041114044e+01 
  3.616043854e+01 
  4.636362839e+01 
  5.113055801e+01 
  4.830181122e+01 
  4.515237808e+01 
  4.917578888e+01 
  4.990264130e+01 
  4.702884293e+01 
  4.780747223e+01 
  4.331916046e+01 
  4.963423538e+01 
  4.991797638e+01 
  4.683599854e+01 
  2.969986534e+01 
  3.202259064e+01 
  3.196693420e+01 
  4.705324173e+01 
  3.704035568e+01 
  4.035104370e+01 
  4.261215210e+01 
  4.221718216e+01 
  3.923023224e+01 
  5.344023514e+01 
  4.745151520e+01 
  4.440358353e+01 
  4.238045502e+01 
  4.836278534e+01 
  3.832345581e+01 
  4.002306366e+01 
  3.956643295e+01 
  3.039206696e+01 
  2.760585785e+01 
  3.915100861e+01 
  3.970299530e+01 
  5.087290573e+01 
  3.879502487e+01 
  3.599557495e+01 
  4.003387833e+01 
  2.963388824e+01 
  2.045138741e+01 
  2.227499008e+01 
  3.316218948e+01 
  2.545963097e+01 
  2.889605713e+01 
  2.829326439e+01 
  3.186024666e+01 
  3.816917801e+01 
  4.218829727e+01 
  3.704090881e+01 
  1.961827660e+01 
  2.144710350e+01 
  3.556613922e+01 
  3.616427231e+01 
  1.454032707e+01 
  4.018879318e+01 
  4.760456467e+01 
  4.620282745e+01 
  4.533449173e+01 
  4.743066406e+01 
  4.385602188e+01 
  4.652772522e+01 
  4.212599564e+01 
  4.127776718e+01 
  3.969355392e+01 
  4.245935822e+01 
  4.640579224e+01 
  3.831015778e+01 
  4.442360687e+01 
  4.545454407e+01 
  4.240317535e+01 
  4.109518051e+01 
  4.328707886e+01 
  4.249244308e+01 
  4.069221497e+01 
  3.931706619e+01 
  3.978741074e+01 
  3.326551056e+01 
  4.117074966e+01 
  3.897139359e+01 
  3.251577377e+01 
  3.533459091e+01 
  3.615572739e+01 
  3.433937073e+01 
  3.263645172e+01 
  3.265377426e+01 
  2.935475731e+01 
  2.314742470e+01 
  2.056624985e+01 
  3.658467865e+01 
  3.218450928e+01 
  3.023333931e+01 
  3.251103592e+01 
  3.563259506e+01 
  3.556150055e+01 
  3.148956680e+01 
  3.012280273e+01 
  3.337638474e+01 
  3.288989639e+01 
  3.424718475e+01 
  3.408695602e+01 
  3.348455429e+01 
  3.482691193e+01 
  3.065435791e+01 
  3.457360458e+01 
  3.476201248e+01 
  3.461471558e+01 
  3.498244476e+01 
  3.739287186e+01 
  3.438178253e+01 
  3.156808662e+01 
  3.329089737e+01 
  3.315948486e+01 
  3.359325027e+01 
  3.341512299e+01 
  3.247266388e+01 
  3.211875534e+01 
  3.149725533e+01 
  3.228984451e+01 
  3.142491150e+01 
  3.109855843e+01 
  3.087666321e+01 
  3.011024666e+01 
  3.074242210e+01 
  2.935076523e+01 
  3.074529266e+01 
  3.015296364e+01 
  2.942244720e+01 
  2.905761528e+01 
  2.909919930e+01 
  2.847273636e+01 
  2.839249802e+01 
  2.921830368e+01 
  2.800864220e+01 
  2.744943619e+01 
  2.850664520e+01 
  2.693636703e+01 
  2.719046402e+01 
  2.675211143e+01 
  2.703750420e+01 
  2.679290771e+01 
  2.550194359e+01 
  2.542990494e+01 
  2.041231346e+01 
  2.271556854e+01 
  2.442100143e+01 
  2.247815704e+01 
  2.533934784e+01 
  2.347663307e+01 
  2.233695221e+01 
  2.381961632e+01 
  2.278455544e+01 
  2.411773682e+01 
  2.325390816e+01 
  2.233239174e+01 
  2.158790398e+01 
  2.132218552e+01 
  2.101841736e+01 
  2.034434891e+01 
  2.001215744e+01 
  2.099712563e+01 
  1.934456444e+01 
  2.066129494e+01 
  2.191027069e+01 
  2.019467545e+01 
  1.918580627e+01 
  2.049581337e+01 
  1.967440033e+01 
  1.949632645e+01 
  2.027151489e+01 
  1.838036919e+01 
  1.782760620e+01 
  1.803164673e+01 
  1.876325798e+01 
  1.369087505e+01 
  1.679018784e+01 
  1.575749588e+01 
  1.718583298e+01 
  1.703426552e+01 
  1.754400635e+01 
  1.618999290e+01 
  1.740124321e+01 
  1.710097122e+01 
  1.614594269e+01 
  1.397265530e+01 
  1.662450027e+01 
  1.693732262e+01 
  1.585575962e+01 
  1.709928322e+01 
  1.616265869e+01 
  1.406874847e+01 
  1.516251469e+01 
  1.533302116e+01 
  1.612606239e+01 
  1.482904720e+01 
  1.538612175e+01 
  1.520050430e+01 
  1.474523830e+01 
  1.340293503e+01 
  1.482069778e+01 
  1.405344391e+01 
  1.469401550e+01 
  1.434933662e+01 
  1.390863132e+01 
  1.437428379e+01 
  1.322223663e+01 
  1.379595470e+01 
  1.337849236e+01 
  1.318349648e+01 
  1.363717747e+01 
  1.299394417e+01 
  1.330721664e+01 
  1.323437214e+01 
  1.276333046e+01 
  1.228217030e+01 
  1.264353085e+01 
  1.185244083e+01 
  1.180636692e+01 
  1.286867619e+01 
  1.171373940e+01 
  1.215419483e+01 
  1.188401127e+01 
  1.192441177e+01 
  1.090293789e+01 
  1.159394455e+01 
  1.145199490e+01 
  1.111597538e+01 
  1.108357906e+01 
  1.061120605e+01 
  1.111280060e+01 
  1.113158131e+01 
  1.098316574e+01 
  1.062860775e+01 
  1.035723114e+01 
  1.071428967e+01 
  1.033517933e+01 
  1.019352913e+01 
  1.048443222e+01 
  1.024205112e+01 
  1.033606720e+01 
  1.034384441e+01 
  1.024515533e+01 
  1.011162853e+01 
  9.613196373e+00 
  9.911680222e+00 
  9.733763695e+00 
  8.559293747e+00 
  8.874354362e+00 
  9.368500710e+00 
  9.121843338e+00 
  9.161265373e+00 
  9.177712440e+00 
  8.933902740e+00 
  9.095587730e+00 
  9.051506042e+00 
  8.804100037e+00 
  8.742465973e+00 
  8.685267448e+00 
  8.573955536e+00 
  8.419971466e+00 
  8.415865898e+00 
  8.628403664e+00 
  8.551898956e+00 
  8.397588730e+00 
  8.295946121e+00 
  8.211756706e+00 
  8.074497223e+00 
  7.893612862e+00 
  7.970161915e+00 
  7.815845490e+00 
  7.652133465e+00 
  7.328383446e+00 
  7.630033493e+00 
  7.207979679e+00 
  7.201861858e+00 
  7.492179871e+00 
  7.374419212e+00 
  7.433738232e+00 
  7.511109352e+00 
  7.066949368e+00 
  7.073624134e+00 
  7.033198357e+00 
  6.795984745e+00 
  6.782359600e+00 
  6.836452961e+00 
  6.624350071e+00 
  6.796079159e+00 
  6.529499054e+00 
  6.741400242e+00 
  6.247799397e+00 
  6.673108101e+00 
  6.443636417e+00 
  6.526241779e+00 
  6.263581753e+00 
  6.436284065e+00 
  6.504488945e+00 
  6.415313244e+00 
  6.181083679e+00 
  6.234972954e+00 
  6.125944614e+00 
  6.192869186e+00 
  6.086155415e+00 
  6.097432137e+00 
  5.825554848e+00 
  5.866592884e+00 
  5.818766117e+00 
  5.900994301e+00 
  5.442189693e+00 
  5.826938629e+00 
  5.674000263e+00 
  5.761228561e+00 
  5.650633335e+00 
  5.465696812e+00 
  4.613439560e+00 
  4.895766735e+00 
  5.423888206e+00 
  5.401926041e+00 
  5.413923264e+00 
  5.411377430e+00 
  5.459410191e+00 
  5.365751743e+00 
  5.250219822e+00 
  5.242521286e+00 
  5.275421619e+00 
  5.140995979e+00 
  5.140902519e+00 
  5.184591293e+00 
  5.092790604e+00 
  5.009713173e+00 
  4.964428902e+00 
  4.971001625e+00 
  4.951803684e+00 
  4.847960472e+00 
  4.910812855e+00 
  4.785085201e+00 
  4.835926533e+00 
  4.739633560e+00 
  4.674645424e+00 
  4.651373386e+00 
  4.614197254e+00 
  4.617264748e+00 
  4.506038189e+00 
  4.531597137e+00 
  4.296794891e+00 
  3.829486370e+00 
  3.928273439e+00 
  3.881092072e+00 
  3.940853119e+00 
  4.025981903e+00 
  4.039722443e+00 
  4.032692909e+00 
  4.029502392e+00 
  3.966659307e+00 
  4.007519245e+00 
  4.066159725e+00 
  3.951627970e+00 
  3.937596560e+00 
  3.878902912e+00 
  3.756955385e+00 
  3.726496935e+00 
  3.807879448e+00 
  3.799199581e+00 
  3.784650803e+00 
  3.726909637e+00 
  3.656856775e+00 
  3.749515057e+00 
  3.611744642e+00 
  3.656157255e+00 
  3.616117716e+00 
  3.560656071e+00 
  3.512644053e+00 
  3.547393084e+00 
  3.384632349e+00 
  3.433266640e+00 
  3.207079172e+00 
  3.104620218e+00 
  3.027950287e+00 
  2.998021126e+00 
  3.131505013e+00 
  3.218746901e+00 
  3.158806086e+00 
  3.068296671e+00 
  3.030259371e+00 
  3.003612757e+00 
  3.043181419e+00 
  2.960950613e+00 
  2.858778000e+00 
  2.942127466e+00 
  2.870758533e+00 
  2.964067459e+00 
  2.958438396e+00 
  3.031491280e+00 
  2.980243683e+00 
  2.890598774e+00 
  2.925635815e+00 
  2.920080423e+00 
  2.817651033e+00 
  2.846532583e+00 
  2.818810463e+00 
  2.761364937e+00 
  2.835238695e+00 
  2.851344585e+00 
  2.765693665e+00 
  2.791816711e+00 
  2.820330381e+00 
  2.755751371e+00 
  2.742494583e+00 
  2.686403275e+00 
  2.665141582e+00 
  2.693526506e+00 
  2.654328108e+00 
  2.681780577e+00 
  2.652182341e+00 
  2.586448908e+00 
  2.591313839e+00 
  2.568942308e+00 
  2.309959412e+00 
  1.165748119e+00 
  1.061836600e+00 
  1.635056496e+00 
  1.472834349e+00 
  1.566095948e+00 
  1.790178657e+00 
  1.942695022e+00 
  2.086530447e+00 
  2.250912428e+00 
  2.297144175e+00 
  2.309641600e+00 
  2.316180229e+00 
  2.299120665e+00 
  2.279484034e+00 
  2.293725491e+00 
  2.196949959e+00 
  2.276042700e+00 
  2.248450994e+00 
  2.224513054e+00 
  2.219878912e+00 
  2.180755377e+00 
  2.166285515e+00 
  2.180751801e+00 
  2.118516684e+00 
  2.118627787e+00 
  2.110241175e+00 
  2.058898449e+00 
  2.072084665e+00 
  2.026639938e+00 
  2.015167236e+00 
  1.983314991e+00 
  1.965181947e+00 
  1.926209211e+00 
  1.919409871e+00 
  1.900813341e+00 
  1.873975754e+00 
  1.879232407e+00 
  1.885996580e+00 
  1.888027668e+00 
  1.874360085e+00 
  1.808832288e+00 
  1.833902121e+00 
  1.820285797e+00 
  1.786133766e+00 
  1.796614528e+00 
  1.745266676e+00 
  1.787672877e+00 
  1.768167853e+00 
  1.746006966e+00 
  1.704860806e+00 
  1.685431361e+00 
  1.697277665e+00 
  1.674367666e+00 
  1.648632526e+00 
  1.624926686e+00 
  1.583665133e+00 
  1.542515397e+00 
  1.545048237e+00 
  1.529452920e+00 
  1.487023830e+00 
  1.472330928e+00 
  1.540853977e+00 
  1.469748497e+00 
  1.430940390e+00 
  1.488605022e+00 
  1.509263635e+00 
  1.505993247e+00 
  1.489766598e+00 
  1.460131049e+00 
  1.458914757e+00 
  1.436275721e+00 
  1.405887604e+00 
  1.428433776e+00 
  1.381435394e+00 
  1.399998188e+00 
  1.405135274e+00 
  1.411597252e+00 
  1.392790318e+00 
  1.395326138e+00 
  1.347692609e+00 
  1.377956033e+00 
  1.372339010e+00 
  1.359352708e+00 
  1.348664880e+00 
  1.322247028e+00 
  1.336934328e+00 
  1.342553854e+00 
  1.291350603e+00 
  1.321753502e+00 
  1.318017960e+00 
  1.133314610e+00 
  1.291127205e+00 
  1.236290097e+00 
  1.246109724e+00 
  9.969597459e-01 
  1.092878580e+00 
  1.235120654e+00 
  1.249496818e+00 
  1.223908305e+00 
  1.218726993e+00 
  1.202429414e+00 
  1.196609616e+00 
  1.187225580e+00 
  1.204209208e+00 
  1.196247458e+00 
  1.168516159e+00 
  9.755492210e-01 
  1.033928037e+00 
  1.116056323e+00 
  1.095256090e+00 
  1.135043740e+00 
  1.128149509e+00 
  1.118433356e+00 
  1.117568493e+00 
  1.087913394e+00 
  1.072858930e+00 
  1.076600075e+00 
  1.092914820e+00 
  1.068860531e+00 
  1.066318989e+00 
  1.055022120e+00 
  9.953879118e-01 
  1.045351863e+00 
  1.016910195e+00 
  1.020860195e+00 
  1.026197553e+00 
  9.873964190e-01 
  9.732512832e-01 
  9.977481365e-01 
  1.000005841e+00 
  9.918799400e-01 
  9.817280173e-01 
  9.715356231e-01 
  9.227972627e-01 
  9.453095198e-01 
  8.821462989e-01 
  8.971427083e-01 
  8.572363257e-01 
  8.479005694e-01 
  8.246405721e-01 
  8.029365540e-01 
  7.776824236e-01 
  7.607932091e-01 
  8.288266063e-01 
  8.570101857e-01 
  8.501619101e-01 
  8.115056157e-01 
  8.006748557e-01 
  7.626860142e-01 
  7.468276620e-01 
  7.542575002e-01 
  7.571467161e-01 
  7.513724566e-01 
  7.479511499e-01 
  7.484663129e-01 
  7.386434674e-01 
  7.462579608e-01 
  7.349796891e-01 
  7.327045798e-01 
  7.555601001e-01 
  7.581328750e-01 
  7.354597449e-01 
  7.254287601e-01 
  6.886014342e-01 
  7.064272165e-01 
  7.119539976e-01 
  6.831040978e-01 
  6.960828900e-01 
  6.834700704e-01 
  6.516703963e-01 
  6.229803562e-01 
  5.935674310e-01 
  5.521792769e-01 
  5.278934240e-01 
  4.980261922e-01 
  4.861206114e-01 
  4.892296791e-01 
  4.957864583e-01 
  5.135595798e-01 
  5.846868157e-01 
  5.897199512e-01 
  5.651792288e-01 
  5.207046270e-01 
  5.115151405e-01 
  4.929901063e-01 
  5.074545145e-01 
  5.128648281e-01 
  5.185339451e-01 
  5.259099603e-01 
  5.245616436e-01 
  5.205565691e-01 
  5.296298265e-01 
  5.121874809e-01 
  5.192844868e-01 
  5.235225558e-01 
  4.784981906e-01 
  5.064055920e-01 
  5.325388908e-01 
  5.382133126e-01 
  5.333709121e-01 
  5.248277187e-01 
  5.147534013e-01 
  5.173065066e-01 
  5.293388367e-01 
  5.233011246e-01 
  5.261132121e-01 
  5.096264482e-01 
  5.333266854e-01 
  5.434597731e-01 
  5.533587337e-01 
  5.530668497e-01 
  5.456562638e-01 
  5.446789265e-01 
  5.317949057e-01 
  5.150139928e-01 
  5.114058852e-01 
  5.204443336e-01 
  5.134156942e-01 
  5.232430100e-01 
  5.081616044e-01 
  5.221595168e-01 
  5.257086158e-01 
  5.203472376e-01 
  5.216245055e-01 
  5.210906267e-01 
  5.216723084e-01 
  5.191778541e-01 
  5.246703625e-01 
  5.164653063e-01 
  5.080584288e-01 
  5.106946826e-01 
  5.142291784e-01 
  5.078089833e-01 
  5.055169463e-01 
  5.074313879e-01 
  5.026169419e-01 
  5.004486442e-01 
  4.983452559e-01 
  4.937998056e-01 
  4.902905226e-01 
  4.846151173e-01 
  4.842728078e-01 
  4.796777070e-01 
  4.726110995e-01 
  4.678540826e-01 
  4.356856644e-01 
  4.568472505e-01 
  4.629371762e-01 
  4.615216553e-01 
  4.549324811e-01 
  4.556487799e-01 
  4.534103274e-01 
  4.525396824e-01 
  4.477990568e-01 
  4.491578043e-01 
  4.391427040e-01 
  4.404283464e-01 
  4.345130026e-01 
  4.380938709e-01 
  4.256728590e-01 
  4.233199060e-01 
  4.263178408e-01 
  4.177088141e-01 
  4.234346151e-01 
  4.192448556e-01 
  4.182218611e-01 
  4.175726771e-01 
  4.131838083e-01 
  4.126945138e-01 
  4.052380621e-01 
  4.081073105e-01 
  4.054060578e-01 
  4.025499225e-01 
  3.936279416e-01 
  3.962914944e-01 
  3.905577064e-01 
  3.940037787e-01 
  3.841592371e-01 
  3.864507973e-01 
  3.864687979e-01 
  3.803549111e-01 
  3.808331192e-01 
  3.804447651e-01 
  3.724009991e-01 
  3.745826483e-01 
  3.714514077e-01 
  3.591764569e-01 
  3.642682433e-01 
  3.663248718e-01 
  3.623843491e-01 
  3.587277532e-01 
  3.572917879e-01 
  3.541491032e-01 
  3.528676629e-01 
  3.477798998e-01 
  3.488623798e-01 
  3.464668989e-01 
  3.443257511e-01 
  3.391242623e-01 
  3.271411955e-01 
  3.376350701e-01 
  3.245036304e-01 
  3.320218325e-01 
  3.249801099e-01 
  3.277359009e-01 
  3.258909583e-01 
  3.146776557e-01 
  3.208007514e-01 
  3.181978762e-01 
  2.931234539e-01 
  3.095422089e-01 
  3.088243306e-01 
  3.084838688e-01 
  2.972584963e-01 
  3.066667318e-01 
  2.964799106e-01 
  3.016828597e-01 
  2.996720970e-01 
  2.991438210e-01 
  2.864897847e-01 
  2.930098176e-01 
  2.812102735e-01 
  2.841709256e-01 
  2.750669718e-01 
  2.840175927e-01 
  2.780789435e-01 
  2.809748650e-01 
  2.640702128e-01 
  2.791632712e-01 
  2.659196258e-01 
  2.704220712e-01 
  2.714912891e-01 
  2.634756267e-01 
  2.576486766e-01 
  2.330074906e-01 
  2.513914406e-01 
  2.495387644e-01 
  2.449832261e-01 
  2.367426306e-01 
  2.323892564e-01 
  2.357547134e-01 
  2.349754423e-01 
  2.241222858e-01 
  2.325081676e-01 
  2.292550802e-01 
  2.262860835e-01 
  2.217792869e-01 
  2.211149633e-01 
  2.198794186e-01 
  2.215263397e-01 
  2.215359509e-01 
  2.169820070e-01 
  2.096413672e-01 
  2.017693818e-01 
  2.013838738e-01 
  1.910070628e-01 
  1.833837330e-01 
  1.745500565e-01 
  1.634355187e-01 
  1.537991315e-01 
  1.481279284e-01 
  1.473149061e-01 
  1.405448020e-01 
  1.437344849e-01 
  1.455417275e-01 
  1.409609318e-01 
  1.373557150e-01 
  1.419581920e-01 
  1.397401541e-01 
  1.454056799e-01 
  1.576155126e-01 
  1.624668688e-01 
  1.571604162e-01 
  1.438053846e-01 
  1.261711717e-01 
  1.285475641e-01 
  1.443382949e-01 
  1.547460109e-01 
  1.574577093e-01 
  1.632370204e-01 
  1.613994688e-01 
  1.529271007e-01 
  1.553278565e-01 
  1.484045982e-01 
  1.429074109e-01 
  1.375964731e-01 
  1.398720145e-01 
  1.445153058e-01 
  1.466368288e-01 
  1.482016146e-01 
  1.471531242e-01 
  1.486407220e-01 
  1.490510404e-01 
  1.500361711e-01 
  1.498019695e-01 
  1.535597742e-01 
  1.547055095e-01 
  1.634377241e-01 
  1.662124842e-01 
  1.660881639e-01 
  1.645445824e-01 
  1.631978303e-01 
  1.706579030e-01 
  1.734022796e-01 
  1.698939353e-01 
  1.728265136e-01 
  1.683231741e-01 
  1.708287895e-01 
  1.715976149e-01 
  1.654549092e-01 
  1.696751565e-01 
  1.708246619e-01 
  1.691415012e-01 
  1.668647528e-01 
  1.664037257e-01 
  1.653197855e-01 
  1.620951742e-01 
  1.658809930e-01 
  1.612528861e-01 
  1.599944830e-01 
  1.612179726e-01 
  1.587382257e-01 
  1.573193073e-01 
  1.477681547e-01 
  1.545414180e-01 
  1.576009244e-01 
  1.556674689e-01 
  1.536612511e-01 
  1.520127803e-01 
  1.435285211e-01 
  1.524997801e-01 
  1.551161706e-01 
  1.548530757e-01 
  1.541513056e-01 
  1.531760991e-01 
  1.498975456e-01 
  1.494385749e-01 
  1.484024972e-01 
  1.428193301e-01 
  1.364892721e-01 
  1.449647844e-01 
  1.455718130e-01 
  1.452293992e-01 
  1.372352988e-01 
  1.391337514e-01 
  1.435228437e-01 
  1.429960728e-01 
  1.438333541e-01 
  1.410881877e-01 
  1.314978004e-01 
  1.396906525e-01 
  1.345226467e-01 
  1.384709924e-01 
  1.392394453e-01 
  1.380777210e-01 
  1.383251548e-01 
  1.383114159e-01 
  1.382679939e-01 
  1.375268847e-01 
  1.358437538e-01 
  1.363597214e-01 
  1.357894391e-01 
  1.346836090e-01 
  1.336702704e-01 
  1.347849071e-01 
  1.337156147e-01 
  1.338929683e-01 
  1.291675419e-01 
  1.330447048e-01 
  1.326623857e-01 
  1.319935471e-01 
  1.316698939e-01 
  1.297822297e-01 
  1.303949505e-01 
  1.297825277e-01 
  1.285477579e-01 
  1.289435625e-01 
  1.285951287e-01 
  1.280996948e-01 
  1.262149811e-01 
  1.251980513e-01 
  1.258308738e-01 
  1.246148497e-01 
  1.227734610e-01 
  1.211357638e-01 
  1.227278635e-01 
  1.212841496e-01 
  1.201344207e-01 
  1.205783933e-01 
  1.196499318e-01 
  1.186680421e-01 
  1.173084006e-01 
  1.163986325e-01 
  1.148823649e-01 
  1.144780889e-01 
  1.136469543e-01 
  1.127789617e-01 
  1.107654199e-01 
  1.101945788e-01 
  1.080333665e-01 
  1.071841344e-01 
  1.059353203e-01 
  1.020075157e-01 
  1.023761630e-01 
  1.000981554e-01 
  9.982568771e-02 
  9.963772446e-02 
  9.688413888e-02 
  9.496871382e-02 
  9.527482837e-02 
  9.773196280e-02 
  9.882695973e-02 
  9.891004860e-02 
  9.909386933e-02 
  9.888787568e-02 
  9.956817329e-02 
  9.972319007e-02 
  9.959852695e-02 
  9.930637479e-02 
  9.856399149e-02 
  9.806405753e-02 
  9.534691274e-02 
  8.470057696e-02 
  9.292801470e-02 
  9.657282382e-02 
  9.714051336e-02 
  9.674688429e-02 
  9.685456008e-02 
  9.513244778e-02 
  9.519157559e-02 
  9.272797406e-02 
  9.388018399e-02 
  9.440016747e-02 
  9.426318854e-02 
  9.215041250e-02 
  9.230588377e-02 
  9.152818471e-02 
  9.023923427e-02 
  8.915055543e-02 
  8.976369351e-02 
  8.907669038e-02 
  8.856339753e-02 
  8.685778826e-02 
  8.521334082e-02 
  8.468644321e-02 
  8.480014652e-02 
  8.448889852e-02 
  8.377055824e-02 
  8.293811977e-02 
  8.189688623e-02 
  8.122384548e-02 
  8.073790371e-02 
  7.939211279e-02 
  7.505761087e-02 
  7.660280913e-02 
  7.417010516e-02 
  7.625772059e-02 
  7.680831850e-02 
  7.457371801e-02 
  7.401564717e-02 
  7.172335684e-02 
  7.061883807e-02 
  7.125030458e-02 
  7.226581126e-02 
  7.264003903e-02 
  7.189282775e-02 
  7.034739852e-02 
  6.744439900e-02 
  6.511412561e-02 
  5.867053568e-02 
  5.800786242e-02 
  5.718279257e-02 
  5.603206903e-02 
  5.815136433e-02 
  5.918478593e-02 
  5.987934023e-02 
  5.937065929e-02 
  5.958515033e-02 
  5.994272605e-02 
  5.946496502e-02 
  5.936218426e-02 
  5.995224416e-02 
  5.969817564e-02 
  5.793417618e-02 
  5.561115965e-02 
  5.043008551e-02 
  4.660342634e-02 
  4.467052966e-02 
  4.170624912e-02 
  4.036921263e-02 
  3.741837665e-02 
  3.605642915e-02 
  3.446836770e-02 
  3.227867186e-02 
  3.106424212e-02 
  2.970428206e-02 
  2.854876406e-02 
  2.712221630e-02 
  2.656851709e-02 
  2.501195110e-02 
  2.367236838e-02 
  2.357770689e-02 
  2.325536869e-02 
  2.349459752e-02 
  2.401114628e-02 
  2.397976816e-02 
  2.421286143e-02 
  2.353870869e-02 
  2.334772050e-02 
  2.289631218e-02 
  2.376534604e-02 
  2.512327209e-02 
  2.713034302e-02 
  2.829522081e-02 
  2.907853015e-02 
  2.884195000e-02 
  2.813635953e-02 
  2.792963758e-02 
  2.670931816e-02 
  2.566269413e-02 
  2.383835800e-02 
  2.263754606e-02 
  2.159406245e-02 
  2.168897912e-02 
  2.252612263e-02 
  2.302935347e-02 
  2.421716414e-02 
  2.563935705e-02 
  2.677184716e-02 
  2.727385983e-02 
  2.683452144e-02 
  2.677212842e-02 
  2.557568438e-02 
  2.452078275e-02 
  2.345919050e-02 
  2.370632254e-02 
  2.476549894e-02 
  2.556022815e-02 
  2.558230422e-02 
  2.516818419e-02 
  2.427549288e-02 
  2.443444170e-02 
  2.547993325e-02 
  2.575616352e-02 
  2.531927824e-02 
  2.538298070e-02 
  2.504643425e-02 
  2.507887594e-02 
  2.566623129e-02 
  2.640138939e-02 
  2.730354853e-02 
  2.826924622e-02 
  2.711455896e-02 
  2.800324373e-02 
  2.813082188e-02 
  2.865632251e-02 
  2.901740931e-02 
  2.928933315e-02 
  2.928019501e-02 
  2.888238616e-02 
  2.892723680e-02 
  3.016065061e-02 
  2.980216965e-02 
  2.970740013e-02 
  2.961265855e-02 
  2.983807772e-02 
  2.858980931e-02 
  2.932519466e-02 
  3.015186638e-02 
  2.965370007e-02 
  2.875958383e-02 
  2.781604417e-02 
  2.780772001e-02 
  2.772964537e-02 
  2.693163231e-02 
  2.769577876e-02 
  2.783270366e-02 
  2.796042524e-02 
  2.837663889e-02 
  2.873868123e-02 
  2.714113891e-02 
  2.859892882e-02 
  2.772752196e-02 
  2.812562883e-02 
  2.839274518e-02 
  2.830901556e-02 
  2.892523445e-02 
  2.908496186e-02 
  2.930504084e-02 
  2.902561612e-02 
  2.838975564e-02 
  2.832424454e-02 
  2.851767465e-02 
  3.005684726e-02 
  3.120533749e-02 
  3.147174791e-02 
  3.208501264e-02 
  3.241096810e-02 
  3.288423270e-02 
  3.238578886e-02 
  3.129640222e-02 
  3.089000285e-02 
  2.984028310e-02 
  2.955560572e-02 
  2.928121760e-02 
  2.909698151e-02 
  2.777718939e-02 
  2.800107189e-02 
  2.682224289e-02 
  2.639652789e-02 
  2.594172768e-02 
  2.616920695e-02 
  2.721283957e-02 
  2.870185487e-02 
  2.885578386e-02 
  2.936673909e-02 
  2.933285385e-02 
  2.900310606e-02 
  2.818004042e-02 
  2.801340632e-02 
  2.831914276e-02 
  2.826599218e-02 
  2.903373167e-02 
  2.849943377e-02 
  2.867720090e-02 
  2.907640487e-02 
  2.892416902e-02 
  2.980390564e-02 
  2.603944205e-02 
  3.101635724e-02 
  3.207572922e-02 
  3.287954256e-02 
  3.213796765e-02 
  3.311432153e-02 
  3.294677660e-02 
  3.299523517e-02 
  3.255714476e-02 
  3.326641768e-02 
  3.404749930e-02 
  3.389827162e-02 
  3.475002199e-02 
  3.450210020e-02 
  3.395049646e-02 
  3.029069677e-02 
  3.158797696e-02 
  3.176623955e-02 
  3.212048858e-02 
  3.384095058e-02 
  3.340122476e-02 
  3.364533931e-02 
  3.414291888e-02 
  3.434253857e-02 
  3.369882330e-02 
  3.359122202e-02 
  3.304437920e-02 
  3.370460868e-02 
  3.333772346e-02 
  3.314513341e-02 
  3.385317698e-02 
  3.348317370e-02 
  3.388484567e-02 
  3.330266848e-02 
  3.302282467e-02 
  3.377768770e-02 
  3.339148685e-02 
  3.249973431e-02 
  3.333504498e-02 
  3.294230625e-02 
  3.313308582e-02 
  3.294090554e-02 
  3.078347817e-02 
  3.283311054e-02 
  3.256604820e-02 
  3.233364224e-02 
  3.177298233e-02 
  3.183120862e-02 
  3.217317164e-02 
  3.222843260e-02 
  3.129643947e-02 
  3.189147264e-02 
  3.066208586e-02 
  3.123424016e-02 
  3.133809194e-02 
  3.118561767e-02 
  3.152520582e-02 
  3.158446029e-02 
  3.153269365e-02 
  3.116281517e-02 
  3.017331660e-02 
  3.086613119e-02 
  3.061801754e-02 
  3.038034588e-02 
  3.082201444e-02 
  3.058978356e-02 
  2.938536182e-02 
  2.979908511e-02 
  2.915246412e-02 
  3.002867475e-02 
  2.971657366e-02 
  2.964011393e-02 
  2.905289829e-02 
  2.965303324e-02 
  2.956501208e-02 
  2.902608924e-02 
  2.833763696e-02 
  2.864581160e-02 
  2.803078853e-02 
  2.784192376e-02 
  2.703628875e-02 
  2.689958178e-02 
  2.602643706e-02 
  2.665552124e-02 
  2.654792555e-02 
  2.609032393e-02 
  2.615321241e-02 
  2.425378747e-02 
  2.599012479e-02 
  2.342391759e-02 
  2.558933198e-02 
  2.570427768e-02 
  2.622500435e-02 
  2.598502487e-02 
  2.547238208e-02 
  2.579486370e-02 
  2.556659840e-02 
  2.630872838e-02 
  2.591252141e-02 
  2.560531162e-02 
  2.516736463e-02 
  2.298079617e-02 
  2.469624765e-02 
  2.408341877e-02 
  2.528776228e-02 
  2.575299330e-02 
  2.546306513e-02 
  2.548073791e-02 
  2.380871773e-02 
  2.457720414e-02 
  2.477899007e-02 
  2.367304824e-02 
  2.384283766e-02 
  2.278178930e-02 
  2.325899899e-02 
  2.306931838e-02 
  2.337572165e-02 
  2.297236584e-02 
  2.285220101e-02 
  2.286875807e-02 
  2.305641584e-02 
  2.291041799e-02 
  2.145267092e-02 
  2.210787497e-02 
  2.236552164e-02 
  2.290529571e-02 
  2.262395993e-02 
  2.301689796e-02 
  2.158077247e-02 
  2.222261578e-02 
  2.285801247e-02 
  2.279124968e-02 
  2.221718803e-02 
  2.187000215e-02 
  2.236486226e-02 
  2.278650925e-02 
  2.290208824e-02 
  2.230491675e-02 
  2.249616757e-02 
  2.241527289e-02 
  2.252746932e-02 
  2.245624922e-02 
  2.177218162e-02 
  2.205812372e-02 
  2.198330499e-02 
  2.163512446e-02 
  2.104426175e-02 
  2.155532129e-02 
  2.141632512e-02 
  2.036541142e-02 
  2.016721480e-02 
  1.986172982e-02 
  1.989857107e-02 
  1.970378123e-02 
  1.963078976e-02 
  2.008090913e-02 
  1.972023584e-02 
  1.970686205e-02 
  1.989489049e-02 
  2.003100514e-02 
  1.989202946e-02 
  1.938923262e-02 
  1.983224414e-02 
  1.934821159e-02 
  1.969540492e-02 
  1.945626549e-02 
  1.962665282e-02 
  1.921883039e-02 
  1.956534944e-02 
  1.937607676e-02 
  1.945729554e-02 
  1.906107552e-02 
  1.923261210e-02 
  1.926023886e-02 
  1.906057261e-02 
  1.887686364e-02 
  1.873072237e-02 
  1.849567518e-02 
  1.837474853e-02 
  1.853220537e-02 
  1.817437820e-02 
  1.818444021e-02 
  1.854714192e-02 
  1.838550717e-02 
  1.747332700e-02 
  1.792718284e-02 
  1.796451025e-02 
  1.775477082e-02 
  1.742678322e-02 
  1.747256704e-02 
  1.752516255e-02 
  1.724414714e-02 
  1.661258191e-02 
  1.599953137e-02 
  1.642196998e-02 
  1.678582467e-02 
  1.705565676e-02 
  1.706325449e-02 
  1.681815647e-02 
  1.685177721e-02 
  1.682122797e-02 
  1.657930017e-02 
  1.652566902e-02 
  1.669981144e-02 
  1.669064909e-02 
  1.659220457e-02 
  1.652979665e-02 
  1.649611816e-02 
  1.636044495e-02 
  1.622094214e-02 
  1.628069580e-02 
  1.613774523e-02 
  1.589750126e-02 
  1.588776335e-02 
  1.579792239e-02 
  1.544000488e-02 
  1.568061486e-02 
  1.571458392e-02 
  1.548175886e-02 
  1.540699974e-02 
  1.494482253e-02 
  1.518222690e-02 
  1.531156525e-02 
  1.411517151e-02 
  1.506441273e-02 
  1.510407869e-02 
  1.507028472e-02 
  1.504478604e-02 
  1.493120193e-02 
  1.475657802e-02 
  1.464377530e-02 
  1.473276969e-02 
  1.436305884e-02 
  1.411942951e-02 
  1.432515681e-02 
  1.357503142e-02 
  1.374742854e-02 
  1.391226333e-02 
  1.402477920e-02 
  1.392449997e-02 
  1.358791720e-02 
  1.383361965e-02 
  1.382843498e-02 
  1.359976828e-02 
  1.341479085e-02 
  1.253130846e-02 
  1.274471264e-02 
  1.279280894e-02 
  1.214427315e-02 
  1.195428427e-02 
  1.251041330e-02 
  1.267569792e-02 
  1.269077137e-02 
  1.236856543e-02 
  1.272821054e-02 
  1.249001827e-02 
  1.263525523e-02 
  1.223845407e-02 
  1.229918282e-02 
  1.196751092e-02 
  1.238228567e-02 
  1.225683000e-02 
  1.220090035e-02 
  1.197630540e-02 
  1.203644928e-02 
  1.204160508e-02 
  1.201805938e-02 
  1.180524752e-02 
  1.190482453e-02 
  1.188616920e-02 
  1.176719181e-02 
  1.178859640e-02 
  1.167890523e-02 
  1.143982261e-02 
  1.113058627e-02 
  1.122427639e-02 
  1.096950844e-02 
  1.113552507e-02 
  1.104985550e-02 
  1.102305856e-02 
  1.084058080e-02 
  1.089447364e-02 
  1.069438085e-02 
  1.068885438e-02 
  1.066084486e-02 
  1.063946169e-02 
  1.037908718e-02 
  1.008276921e-02 
  1.003515348e-02 
  9.737754241e-03 
  9.563736618e-03 
  9.638153017e-03 
  9.554885328e-03 
  9.523746558e-03 
  9.377112612e-03 
  9.209720418e-03 
  9.196733125e-03 
  9.133958258e-03 
  9.185449220e-03 
  9.238678031e-03 
  9.185488336e-03 
  8.913128637e-03 
  8.825139143e-03 
  8.594440296e-03 
  8.449521847e-03 
  8.170593530e-03 
  7.879761979e-03 
  7.927113213e-03 
  7.647460327e-03 
  7.341851015e-03 
  7.351389155e-03 
  6.992965471e-03 
  6.940834690e-03 
  6.507746875e-03 
  6.283583585e-03 
  6.240773946e-03 
  6.305913907e-03 
  6.265623495e-03 
  6.086268928e-03 
  5.982208066e-03 
  5.901274737e-03 
  5.724825431e-03 
  5.477579776e-03 
  5.457012448e-03 
  5.245588720e-03 
  5.244573113e-03 
  5.084399134e-03 
  4.789626226e-03 
  4.712857306e-03 
  4.465128761e-03 
  4.155215342e-03 
  4.333474208e-03 
  4.386782181e-03 
  4.408033099e-03 
  4.338233732e-03 
  4.261014983e-03 
  4.361356143e-03 
  4.114794545e-03 
  4.126040265e-03 
  3.981848247e-03 
  3.935773857e-03 
  3.633108921e-03 
  3.582909703e-03 
  3.564764280e-03 
  3.471071832e-03 
  3.335970920e-03 
  3.318818053e-03 
  3.116930602e-03 
  3.114494262e-03 
  3.053175285e-03 
  2.945658052e-03 
  3.064830555e-03 
  3.080240451e-03 
  3.138311906e-03 
  3.167505376e-03 
  3.056975780e-03 
  3.219463397e-03 
  3.198345425e-03 
  3.162787762e-03 
  2.927407855e-03 
  3.006573301e-03 
  3.046241123e-03 
  3.062890144e-03 
  3.038675990e-03 
  3.012673464e-03 
  2.937266603e-03 
  2.980642719e-03 
  2.978725825e-03 
  2.870537806e-03 
  2.978843870e-03 
  3.019262338e-03 
  3.076666268e-03 
  3.031875938e-03 
  3.175892401e-03 
  3.142924979e-03 
  3.151984885e-03 
  3.111246740e-03 
  3.115238389e-03 
  2.915837336e-03 
  2.859916771e-03 
  2.644019201e-03 
  2.699910197e-03 
  2.495717723e-03 
  2.384281717e-03 
  2.358374419e-03 
  2.363207052e-03 
  2.353179269e-03 
  2.298922045e-03 
  2.131822053e-03 
  2.677391749e-03 
  2.887694398e-03 
  2.941670362e-03 
  2.958480734e-03 
  3.040252486e-03 
  3.091431921e-03 
  3.110570135e-03 
  3.117799293e-03 
  3.092789324e-03 
  2.983740065e-03 
  3.122982103e-03 
  3.072743770e-03 
  3.014198272e-03 
  2.893969882e-03 
  2.984931460e-03 
  2.886456903e-03 
  2.761844080e-03 
  2.866126597e-03 
  2.789749298e-03 
  2.670566086e-03 
  2.651768504e-03 
  2.596176695e-03 
  2.548789373e-03 
  2.513580024e-03 
  2.528691432e-03 
  2.485200297e-03 
  2.497208072e-03 
  2.468584105e-03 
  2.560763620e-03 
  2.564867493e-03 
  2.632251009e-03 
  2.576828934e-03 
  2.620208077e-03 
  2.617410617e-03 
  2.606962342e-03 
  2.524510492e-03 
  2.646542853e-03 
  2.704577520e-03 
  2.680498641e-03 
  2.777611837e-03 
  2.785715973e-03 
  2.846708987e-03 
  2.828157041e-03 
  2.804554766e-03 
  2.910583979e-03 
  2.960130572e-03 
  2.920900704e-03 
  2.971802140e-03 
  2.951289294e-03 
  2.960796701e-03 
  2.964218147e-03 
  2.927825553e-03 
  2.868514275e-03 
  2.975702053e-03 
  2.975458978e-03 
  3.060347401e-03 
  3.002949990e-03 
  3.117134329e-03 
  3.134126775e-03 
  3.169765929e-03 
  3.164569614e-03 
  3.218026133e-03 
  3.068020334e-03 
  3.167330753e-03 
  3.191128839e-03 
  3.211687552e-03 
  3.110700520e-03 
  2.964165295e-03 
  2.779060742e-03 
  2.955370350e-03 
  3.133009188e-03 
  3.154275473e-03 
  3.185308771e-03 
  3.060122486e-03 
  2.965066582e-03 
  2.947665751e-03 
  3.019686323e-03 
  2.957698889e-03 
  2.947752131e-03 
  2.886686241e-03 
  2.958049998e-03 
  2.965682419e-03 
  3.079234855e-03 
  3.049678169e-03 
  3.201397602e-03 
  3.131221747e-03 
  3.233457915e-03 
  3.230495844e-03 
  3.494241741e-03 
  3.401830792e-03 
  3.641113406e-03 
  3.644632874e-03 
  3.801785409e-03 
  3.827421227e-03 
  3.976050764e-03 
  3.937097266e-03 
  3.889279440e-03 
  3.987762146e-03 
  4.183596931e-03 
  4.178280011e-03 
  4.254385363e-03 
  4.029489588e-03 
  4.327409901e-03 
  4.183359910e-03 
  4.309090786e-03 
  4.338464234e-03 
  4.372140858e-03 
  4.316065926e-03 
  4.328518175e-03 
  4.233392421e-03 
  4.247265868e-03 
  4.354451317e-03 
  4.323248751e-03 
  4.302178044e-03 
  4.250830971e-03 
  4.183196463e-03 
  3.990415949e-03 
  4.014537670e-03 
  3.847906366e-03 
  3.839317942e-03 
  3.380384063e-03 
  3.309724387e-03 
  2.871100325e-03 
  2.866632771e-03 
  2.431535861e-03 
  2.430611989e-03 
  2.178049646e-03 
  2.172053559e-03 
  2.189190593e-03 
  2.128128195e-03 
  2.259847010e-03 
  2.253759652e-03 
  2.312741242e-03 
  2.312411554e-03 
  2.331999596e-03 
  2.324656816e-03 
  2.362213330e-03 
  2.334428485e-03 
  2.426439198e-03 
  2.417742508e-03 
  2.571027260e-03 
  2.572022378e-03 
  2.810353413e-03 
  2.783791628e-03 
  2.923861379e-03 
  3.020952689e-03 
  3.271613736e-03 
  3.268188331e-03 
  3.421024885e-03 
  3.445277689e-03 
  3.558768658e-03 
  3.564157989e-03 
  3.587719053e-03 
  3.538823919e-03 
  3.616772126e-03 
  3.669947619e-03 
  3.718028078e-03 
  3.707835916e-03 
  3.596703056e-03 
  3.673855914e-03 
  3.698596265e-03 
  3.493354656e-03 
  3.606745973e-03 
  3.628955688e-03 
  3.591943532e-03 
  3.551584436e-03 
  3.511118237e-03 
  3.503659507e-03 
  3.391133621e-03 
  3.382231109e-03 
  3.357359441e-03 
  3.188782372e-03 
  3.200008767e-03 
  3.010403132e-03 
  2.987922169e-03 
  2.865172923e-03 
  2.819363726e-03 
  2.814236796e-03 
  2.830119105e-03 
  2.858116524e-03 
  2.841586713e-03 
  2.889237832e-03 
  2.884655725e-03 
  2.887835028e-03 
  2.805943834e-03 
  2.882343717e-03 
  2.866091207e-03 
  2.689632820e-03 
  2.841820708e-03 
  2.839820925e-03 
  2.848453354e-03 
  2.818880836e-03 
  2.872011857e-03 
  2.770350082e-03 
  2.941874089e-03 
  2.902580658e-03 
  3.035328118e-03 
  3.024957143e-03 
  3.097633831e-03 
  3.088170430e-03 
  3.135983134e-03 
  3.129246412e-03 
  3.071283922e-03 
  3.133573337e-03 
  3.097107634e-03 
  3.136915388e-03 
  3.076242283e-03 
  3.095673397e-03 
  3.115508007e-03 
  3.137144726e-03 
  3.129642224e-03 
  3.146872390e-03 
  3.145305207e-03 
  3.150057513e-03 
  3.120546462e-03 
  2.995747607e-03 
  3.101164475e-03 
  3.124397481e-03 
  3.021988785e-03 
  3.107035765e-03 
  3.093455452e-03 
  3.083353164e-03 
  3.089344595e-03 
  3.091671038e-03 
  3.083824879e-03 
  3.098991700e-03 
  3.045933787e-03 
  3.087431891e-03 
  3.078992246e-03 
  3.084982745e-03 
  3.069920000e-03 
  3.061286872e-03 
  3.039841540e-03 
  2.963301027e-03 
  3.026587423e-03 
  3.013043432e-03 
  2.992088208e-03 
  2.995750634e-03 
  2.987994580e-03 
  2.961977618e-03 
  2.886006376e-03 
  2.947207307e-03 
  2.962112427e-03 
  2.885762602e-03 
  2.943186322e-03 
  2.912342548e-03 
  2.908807946e-03 
  2.859526081e-03 
  2.915817313e-03 
  2.926000627e-03 
  2.869678428e-03 
  2.924735192e-03 
  2.912678523e-03 
  2.896810882e-03 
  2.908818889e-03 
  2.898181090e-03 
  2.891004784e-03 
  2.876894316e-03 
  2.875088714e-03 
  2.764958423e-03 
  2.853883198e-03 
  2.847956726e-03 
  2.828404075e-03 
  2.819455462e-03 
  2.816813532e-03 
  2.794463420e-03 
  2.775311470e-03 
  2.754644724e-03 
  2.722134348e-03 
  2.672601957e-03 
  2.694728086e-03 
  2.690903610e-03 
  2.651720308e-03 
  2.643588232e-03 
  2.616674406e-03 
  2.605423098e-03 
  2.576336265e-03 
  2.577653853e-03 
  2.571833553e-03 
  2.569545526e-03 
  2.558252774e-03 
  2.549947239e-03 
  2.533450956e-03 
  2.520633861e-03 
  2.513470594e-03 
  2.475204412e-03 
  2.472794615e-03 
  2.433662303e-03 
  2.348486800e-03 
  2.105680294e-03 
  2.299921820e-03 
  2.368343063e-03 
  2.426806139e-03 
  2.420297358e-03 
  2.436900279e-03 
  2.423303435e-03 
  2.427563304e-03 
  2.413967857e-03 
  2.412471455e-03 
  2.393273870e-03 
  2.366648754e-03 
  2.379531274e-03 
  2.283899579e-03 
  2.371738665e-03 
  2.363651292e-03 
  2.337549580e-03 
  2.275765873e-03 
  2.327188384e-03 
  2.328819362e-03 
  2.327688737e-03 
  2.320359927e-03 
  2.257667482e-03 
  2.241240581e-03 
  2.264284063e-03 
  2.285819268e-03 
  2.275424544e-03 
  2.244551433e-03 
  2.234616783e-03 
  2.223917050e-03 
  2.192505170e-03 
  2.179923235e-03 
  2.160512377e-03 
  2.153499983e-03 
  2.141602803e-03 
  2.139930148e-03 
  2.132608788e-03 
  2.154009417e-03 
  2.150498563e-03 
  2.140463563e-03 
  2.085527638e-03 
  2.055237535e-03 
  2.157648327e-03 
  2.109229332e-03 
  2.174081979e-03 
  2.168226987e-03 
  2.157363342e-03 
  2.153431065e-03 
  2.140921075e-03 
  2.136535477e-03 
  2.114766277e-03 
  2.080381382e-03 
  2.101591090e-03 
  2.104507992e-03 
  2.093474381e-03 
  2.086094813e-03 
  2.074062824e-03 
  2.068638103e-03 
  2.059811261e-03 
  2.045309404e-03 
  2.006372670e-03 
  2.008478157e-03 
  2.002963796e-03 
  2.017331775e-03 
  1.991358818e-03 
  1.990815159e-03 
  1.987145282e-03 
  1.977368258e-03 
  1.970140031e-03 
  1.955603017e-03 
  1.944228425e-03 
  1.941647148e-03 
  1.915673143e-03 
  1.872109366e-03 
  1.891611144e-03 
  1.906862599e-03 
  1.899346127e-03 
  1.864078688e-03 
  1.874888316e-03 
  1.871716115e-03 
  1.864376594e-03 
  1.859371318e-03 
  1.805233420e-03 
  1.839541714e-03 
  1.820244943e-03 
  1.814871910e-03 
  1.814589603e-03 
  1.785467262e-03 
  1.737764920e-03 
  1.771971700e-03 
  1.755473204e-03 
  1.752314274e-03 
  1.748173847e-03 
  1.747041591e-03 
  1.731048687e-03 
  1.719519263e-03 
  1.719764434e-03 
  1.656117849e-03 
  1.714009792e-03 
  1.700858935e-03 
  1.676686225e-03 
  1.688546268e-03 
  1.686480478e-03 
  1.679634443e-03 
  1.671702368e-03 
  1.654391293e-03 
  1.666748780e-03 
  1.661856193e-03 
  1.653987565e-03 
  1.626580255e-03 
  1.644149073e-03 
  1.641555456e-03 
  1.637960901e-03 
  1.630016253e-03 
  1.622238429e-03 
  1.539834426e-03 
  1.587113016e-03 
  1.589032472e-03 
  1.583331497e-03 
  1.574852853e-03 
  1.569839078e-03 
  1.570245484e-03 
  1.562063815e-03 
  1.544272527e-03 
  1.541520003e-03 
  1.517480006e-03 
  1.522311592e-03 
  1.516656135e-03 
  1.432663063e-03 
  1.468049479e-03 
  1.459699823e-03 
  1.431403449e-03 
  1.460617408e-03 
  1.462485641e-03 
  1.456046710e-03 
  1.452409895e-03 
  1.467363210e-03 
  1.460465952e-03 
  1.453131321e-03 
  1.468102448e-03 
  1.467095921e-03 
  1.467312686e-03 
  1.464532921e-03 
  1.452658325e-03 
  1.442707493e-03 
  1.444722060e-03 
  1.435472048e-03 
  1.418018946e-03 
  1.407310599e-03 
  1.355853514e-03 
  1.373323612e-03 
  1.357618603e-03 
  1.380224712e-03 
  1.372316154e-03 
  1.350358711e-03 
  1.355870510e-03 
  1.352476072e-03 
  1.287539373e-03 
  1.321010641e-03 
  1.329502207e-03 
  1.313999295e-03 
  1.336647430e-03 
  1.343287062e-03 
  1.329921419e-03 
  1.325350255e-03 
  1.317090821e-03 
  1.304904697e-03 
  1.301760902e-03 
  1.276412979e-03 
  1.256123534e-03 
  1.262827311e-03 
  1.244912739e-03 
  1.236359123e-03 
  1.202303451e-03 
  1.217918354e-03 
  1.217301819e-03 
  1.203810680e-03 
  1.196079655e-03 
  1.190558425e-03 
  1.179864747e-03 
  1.180663239e-03 
  1.171784708e-03 
  1.168522751e-03 
  1.172114513e-03 
  1.162700821e-03 
  1.167678391e-03 
  1.147578238e-03 
  1.111774356e-03 
  1.138743595e-03 
  1.149771502e-03 
  1.160431304e-03 
  1.149084652e-03 
  1.147453208e-03 
  1.166245784e-03 
  1.165271620e-03 
  1.154767233e-03 
  1.140746404e-03 
  1.137212152e-03 
  1.138333348e-03 
  1.110784593e-03 
  1.111190184e-03 
  1.081397408e-03 
  1.074153581e-03 
  1.062074793e-03 
  1.039810828e-03 
  1.050092978e-03 
  1.048653619e-03 
  1.049781335e-03 
  9.968457744e-04 
  1.028322149e-03 
  1.048544655e-03 
  1.043409226e-03 
  1.038578921e-03 
  1.050398685e-03 
  1.045227516e-03 
  1.040091505e-03 
  1.040859031e-03 
  9.892594535e-04 
  9.872254450e-04 
  9.931923123e-04 
  9.987943340e-04 
  9.876065888e-04 
  1.012399676e-03 
  1.007058891e-03 
  1.018941985e-03 
  1.015470014e-03 
  1.011048211e-03 
  1.004935475e-03 
  1.016287832e-03 
  1.005625934e-03 
  1.005268074e-03 
  1.008283463e-03 
  9.996396257e-04 
  9.994623251e-04 
  9.884702740e-04 
  9.841542924e-04 
  9.875115938e-04 
  9.786543669e-04 
  9.628111729e-04 
  9.675489855e-04 
  9.519003215e-04 
  9.417452384e-04 
  9.418228292e-04 
  9.372310014e-04 
  9.217963088e-04 
  9.211279103e-04 
  9.184494265e-04 
  9.045688785e-04 
  8.716321900e-04 
  8.684940985e-04 
  8.386970730e-04 
  8.750899578e-04 
  8.812464657e-04 
  9.064126643e-04 
  8.952298085e-04 
  8.990022470e-04 
  9.105215431e-04 
  9.026222397e-04 
  9.038095013e-04 
  8.999060374e-04 
  9.097598377e-04 
  8.984425222e-04 
  8.962948341e-04 
  9.008548222e-04 
  8.939826512e-04 
  8.821740048e-04 
  8.861750248e-04 
  8.818169008e-04 
  8.523833822e-04 
  8.416499477e-04 
  8.637674619e-04 
  8.566541946e-04 
  8.347147959e-04 
  8.548183250e-04 
  8.388633723e-04 
  8.277549059e-04 
  8.314874140e-04 
  8.057017112e-04 
  8.003693656e-04 
  7.835535798e-04 
  7.596867508e-04 
  7.601771504e-04 
  7.510969299e-04 
  7.498763152e-04 
  7.538867649e-04 
  7.473930600e-04 
  7.458198234e-04 
  7.561992970e-04 
  7.755411789e-04 
  7.662979770e-04 
  7.637087838e-04 
  7.352745743e-04 
  7.726048352e-04 
  7.766686031e-04 
  7.706287433e-04 
  7.576927892e-04 
  7.584291161e-04 
  7.513503078e-04 
  7.406169898e-04 
  7.336003473e-04 
  7.266848115e-04 
  7.090896834e-04 
  7.078688359e-04 
  7.011943380e-04 
  6.449771463e-04 
  6.714026094e-04 
  6.676352350e-04 
  6.559850881e-04 
  6.432447117e-04 
  6.538958405e-04 
  6.210741703e-04 
  6.291401223e-04 
  6.250640145e-04 
  5.758824409e-04 
  5.832758034e-04 
  5.722278147e-04 
  5.534644588e-04 
  5.371852894e-04 
  5.613712128e-04 
  5.393376341e-04 
  5.351661821e-04 
  5.051915068e-04 
  5.267629167e-04 
  5.254913704e-04 
  5.273252027e-04 
  5.244967761e-04 
  5.257349112e-04 
  5.165189505e-04 
  5.268086097e-04 
  5.201411550e-04 
  5.159776774e-04 
  5.261594779e-04 
  5.216705613e-04 
  5.232184776e-04 
  5.161686568e-04 
