  8.172037452e-02 
  2.471444756e-01 
  2.952409685e-01 
  8.776690364e-01 
  1.049788117e+00 
  2.152369261e+00 
  2.503107786e+00 
  3.998627901e+00 
  5.355759621e+00 
  5.962933540e+00 
  7.196780682e+00 
  1.422318649e+01 
  1.264846325e+01 
  1.665232086e+01 
  1.718453789e+01 
  2.150409698e+01 
  1.690925407e+01 
  2.489644432e+01 
  2.442308617e+01 
  2.866600418e+01 
  2.624825478e+01 
  3.478564453e+01 
  2.919864655e+01 
  2.638324356e+01 
  3.387432861e+01 
  3.617953491e+01 
  5.152219391e+01 
  5.184252930e+01 
  4.133893967e+01 
  5.094132614e+01 
  5.296775436e+01 
  4.188588333e+01 
  4.694393158e+01 
  5.292690277e+01 
  4.355411530e+01 
  4.725594330e+01 
  3.540161133e+01 
  3.336565781e+01 
  4.063397598e+01 
  4.084411240e+01 
  4.533643341e+01 
  3.822404480e+01 
  3.990394592e+01 
  3.976080704e+01 
  3.557322693e+01 
  4.562530136e+01 
  5.032304764e+01 
  4.754266739e+01 
  4.444556427e+01 
  4.841059494e+01 
  4.912895584e+01 
  4.630234909e+01 
  4.706985474e+01 
  4.265492630e+01 
  4.887610245e+01 
  4.915789032e+01 
  4.612499237e+01 
  2.924992371e+01 
  3.153896523e+01 
  3.148558235e+01 
  4.634669113e+01 
  3.648681641e+01 
  3.975109482e+01 
  4.198141479e+01 
  4.159469223e+01 
  3.865367889e+01 
  5.265775681e+01 
  4.675896835e+01 
  4.375758743e+01 
  4.176584244e+01 
  4.766358948e+01 
  3.777110672e+01 
  3.944797516e+01 
  3.899961090e+01 
  2.995795250e+01 
  2.721265411e+01 
  3.859482956e+01 
  3.914028549e+01 
  5.015328598e+01 
  3.824737167e+01 
  3.548875809e+01 
  3.947212601e+01 
  2.921960640e+01 
  2.016643143e+01 
  2.196556473e+01 
  3.270282364e+01 
  2.510790634e+01 
  2.849789619e+01 
  2.790440178e+01 
  3.142346382e+01 
  3.764721298e+01 
  4.161278534e+01 
  3.653684616e+01 
  1.935194778e+01 
  2.115663910e+01 
  3.508558273e+01 
  3.567676926e+01 
  1.434476757e+01 
  3.964948654e+01 
  4.696716690e+01 
  4.558554459e+01 
  4.473011780e+01 
  4.679970551e+01 
  4.327385330e+01 
  4.591138458e+01 
  4.156910706e+01 
  4.073320770e+01 
  3.917095566e+01 
  4.190146637e+01 
  4.579724503e+01 
  3.780875015e+01 
  4.384329605e+01 
  4.486188507e+01 
  4.185133743e+01 
  4.056111145e+01 
  4.272563934e+01 
  4.194237900e+01 
  4.016644287e+01 
  3.880994034e+01 
  3.927510071e+01 
  3.283789825e+01 
  4.064240646e+01 
  3.847210693e+01 
  3.209988403e+01 
  3.488337708e+01 
  3.569472885e+01 
  3.390218353e+01 
  3.222155762e+01 
  3.223923874e+01 
  2.898260689e+01 
  2.285435486e+01 
  2.030620193e+01 
  3.612268448e+01 
  3.177859497e+01 
  2.985251045e+01 
  3.210202026e+01 
  3.518484879e+01 
  3.511517715e+01 
  3.109480286e+01 
  2.974560738e+01 
  3.295890808e+01 
  3.247895050e+01 
  3.381972122e+01 
  3.366191483e+01 
  3.306742859e+01 
  3.439345551e+01 
  3.027314377e+01 
  3.414409637e+01 
  3.433072662e+01 
  3.418584442e+01 
  3.454959488e+01 
  3.693074036e+01 
  3.395730972e+01 
  3.117874146e+01 
  3.288069916e+01 
  3.275119781e+01 
  3.317978668e+01 
  3.300402832e+01 
  3.207332611e+01 
  3.172391129e+01 
  3.111018944e+01 
  3.189317322e+01 
  3.103898621e+01 
  3.071676636e+01 
  3.049814606e+01 
  2.974164581e+01 
  3.036659431e+01 
  2.899241829e+01 
  3.037011337e+01 
  2.978504562e+01 
  2.906340981e+01 
  2.870292854e+01 
  2.874379158e+01 
  2.812456703e+01 
  2.804483604e+01 
  2.885979462e+01 
  2.766403961e+01 
  2.711094666e+01 
  2.815527153e+01 
  2.660497093e+01 
  2.685668564e+01 
  2.642431450e+01 
  2.670677376e+01 
  2.646556854e+01 
  2.519061852e+01 
  2.511960983e+01 
  2.016343689e+01 
  2.243889046e+01 
  2.412382889e+01 
  2.220487022e+01 
  2.503154373e+01 
  2.319149971e+01 
  2.206564331e+01 
  2.353028488e+01 
  2.250776863e+01 
  2.382472992e+01 
  2.297105217e+01 
  2.206040192e+01 
  2.132465744e+01 
  2.106184578e+01 
  2.076145744e+01 
  2.009529495e+01 
  1.976684189e+01 
  2.073939133e+01 
  1.910679245e+01 
  2.040699196e+01 
  2.164066696e+01 
  1.994626999e+01 
  1.894989586e+01 
  2.024388123e+01 
  1.943264389e+01 
  1.925677872e+01 
  2.002244759e+01 
  1.815454483e+01 
  1.760857582e+01 
  1.781011200e+01 
  1.853260994e+01 
  1.352240086e+01 
  1.658335686e+01 
  1.556318188e+01 
  1.697368431e+01 
  1.682375336e+01 
  1.732691193e+01 
  1.598937130e+01 
  1.718531418e+01 
  1.688846207e+01 
  1.594503689e+01 
  1.379850006e+01 
  1.641691971e+01 
  1.672545433e+01 
  1.565707111e+01 
  1.688463783e+01 
  1.595945454e+01 
  1.389176655e+01 
  1.497170830e+01 
  1.514003563e+01 
  1.592304993e+01 
  1.464230442e+01 
  1.519228554e+01 
  1.500891209e+01 
  1.455928612e+01 
  1.323381805e+01 
  1.463358402e+01 
  1.387591171e+01 
  1.450824165e+01 
  1.416774178e+01 
  1.373243809e+01 
  1.419201660e+01 
  1.305441093e+01 
  1.362067699e+01 
  1.320831203e+01 
  1.301555634e+01 
  1.346321011e+01 
  1.282794189e+01 
  1.313696480e+01 
  1.306480598e+01 
  1.259954834e+01 
  1.212430000e+01 
  1.248074150e+01 
  1.169957829e+01 
  1.165382862e+01 
  1.270210648e+01 
  1.156178093e+01 
  1.199622345e+01 
  1.172923374e+01 
  1.176873589e+01 
  1.076029205e+01 
  1.144176579e+01 
  1.130093956e+01 
  1.096860790e+01 
  1.093642426e+01 
  1.047027588e+01 
  1.096462345e+01 
  1.098274040e+01 
  1.083608055e+01 
  1.048603725e+01 
  1.021825981e+01 
  1.057064533e+01 
  1.019688892e+01 
  1.005748844e+01 
  1.034499741e+01 
  1.010646915e+01 
  1.019971561e+01 
  1.020774174e+01 
  1.011062145e+01 
  9.979107857e+00 
  9.487389565e+00 
  9.781936646e+00 
  9.605884552e+00 
  8.445903778e+00 
  8.756739616e+00 
  9.245068550e+00 
  9.001287460e+00 
  9.040994644e+00 
  9.057034492e+00 
  8.815866470e+00 
  8.976030350e+00 
  8.932109833e+00 
  8.688055992e+00 
  8.627137184e+00 
  8.570763588e+00 
  8.460774422e+00 
  8.308674812e+00 
  8.304704666e+00 
  8.514651299e+00 
  8.439346313e+00 
  8.287196159e+00 
  8.187012672e+00 
  8.104045868e+00 
  7.968694687e+00 
  7.790295124e+00 
  7.865980625e+00 
  7.713815689e+00 
  7.552366257e+00 
  7.232952595e+00 
  7.530794144e+00 
  7.114338398e+00 
  7.108398914e+00 
  7.395026684e+00 
  7.278849602e+00 
  7.337449551e+00 
  7.413856983e+00 
  6.975471497e+00 
  6.982062340e+00 
  6.942165852e+00 
  6.708022594e+00 
  6.694500923e+00 
  6.747586727e+00 
  6.537001610e+00 
  6.707352638e+00 
  6.444472313e+00 
  6.653947830e+00 
  6.166827679e+00 
  6.586941242e+00 
  6.360796452e+00 
  6.442590714e+00 
  6.183600426e+00 
  6.354372978e+00 
  6.422049522e+00 
  6.334243774e+00 
  6.103221893e+00 
  6.156635284e+00 
  6.049167156e+00 
  6.115285873e+00 
  6.010060310e+00 
  6.021191120e+00 
  5.752529621e+00 
  5.792899132e+00 
  5.745493889e+00 
  5.827024937e+00 
  5.374489307e+00 
  5.754525661e+00 
  5.603156090e+00 
  5.689841747e+00 
  5.580636024e+00 
  5.397891998e+00 
  4.556313515e+00 
  4.835281849e+00 
  5.357101440e+00 
  5.335467815e+00 
  5.347442150e+00 
  5.345125198e+00 
  5.392716885e+00 
  5.300235748e+00 
  5.186213970e+00 
  5.178684711e+00 
  5.211284161e+00 
  5.078586102e+00 
  5.078605175e+00 
  5.121847630e+00 
  5.031229973e+00 
  4.949232101e+00 
  4.904561520e+00 
  4.911121368e+00 
  4.892219543e+00 
  4.789690018e+00 
  4.851846695e+00 
  4.727679253e+00 
  4.777961731e+00 
  4.682863712e+00 
  4.618655682e+00 
  4.595668316e+00 
  4.558983803e+00 
  4.562034130e+00 
  4.452141285e+00 
  4.477474213e+00 
  4.245346546e+00 
  3.780011415e+00 
  3.878839970e+00 
  3.831932068e+00 
  3.891586304e+00 
  3.976498127e+00 
  3.990608931e+00 
  3.983660460e+00 
  3.980388403e+00 
  3.918586016e+00 
  3.959117174e+00 
  4.017641068e+00 
  3.904381275e+00 
  3.890046597e+00 
  3.832154036e+00 
  3.711588860e+00 
  3.681589603e+00 
  3.762400627e+00 
  3.753859043e+00 
  3.739335537e+00 
  3.682326317e+00 
  3.613176823e+00 
  3.704799891e+00 
  3.568804502e+00 
  3.612565041e+00 
  3.573144913e+00 
  3.518463850e+00 
  3.470935822e+00 
  3.505245209e+00 
  3.344282627e+00 
  3.392185688e+00 
  3.167823553e+00 
  3.066025496e+00 
  2.990088463e+00 
  2.960209608e+00 
  3.093458414e+00 
  3.180103779e+00 
  3.120650053e+00 
  3.030513763e+00 
  2.993061304e+00 
  2.966711521e+00 
  3.005905628e+00 
  2.924574137e+00 
  2.823930502e+00 
  2.906227112e+00 
  2.835683346e+00 
  2.928304434e+00 
  2.923159361e+00 
  2.995549917e+00 
  2.944846869e+00 
  2.856143713e+00 
  2.890857697e+00 
  2.885497570e+00 
  2.784336090e+00 
  2.813000202e+00 
  2.785677433e+00 
  2.728937626e+00 
  2.801962376e+00 
  2.817911625e+00 
  2.733292103e+00 
  2.759135246e+00 
  2.787324429e+00 
  2.723532438e+00 
  2.710452795e+00 
  2.654999495e+00 
  2.633992910e+00 
  2.662088871e+00 
  2.623364210e+00 
  2.650508404e+00 
  2.621261835e+00 
  2.556301832e+00 
  2.561112165e+00 
  2.538918257e+00 
  2.281912327e+00 
  1.145615816e+00 
  1.042880774e+00 
  1.610820293e+00 
  1.449759960e+00 
  1.542210221e+00 
  1.764705181e+00 
  1.917876482e+00 
  2.060951471e+00 
  2.223975897e+00 
  2.270085096e+00 
  2.282770395e+00 
  2.289294004e+00 
  2.272452354e+00 
  2.253059149e+00 
  2.267164230e+00 
  2.171531439e+00 
  2.249722481e+00 
  2.222450256e+00 
  2.198783159e+00 
  2.194195986e+00 
  2.155518293e+00 
  2.141227484e+00 
  2.155518770e+00 
  2.093997478e+00 
  2.094090939e+00 
  2.085763931e+00 
  2.034981012e+00 
  2.047982216e+00 
  2.003029823e+00 
  1.991574764e+00 
  1.960083604e+00 
  1.942180991e+00 
  1.903681636e+00 
  1.897004008e+00 
  1.878718376e+00 
  1.852132440e+00 
  1.857179642e+00 
  1.863903761e+00 
  1.866002321e+00 
  1.852471232e+00 
  1.787642360e+00 
  1.812424541e+00 
  1.798959374e+00 
  1.765215158e+00 
  1.775602341e+00 
  1.724910140e+00 
  1.766856313e+00 
  1.747578382e+00 
  1.725653648e+00 
  1.684961319e+00 
  1.665731072e+00 
  1.677384853e+00 
  1.654672146e+00 
  1.629155397e+00 
  1.605619669e+00 
  1.564713478e+00 
  1.523889303e+00 
  1.526396632e+00 
  1.511001468e+00 
  1.469137907e+00 
  1.454790473e+00 
  1.522690535e+00 
  1.452281475e+00 
  1.413528204e+00 
  1.470850229e+00 
  1.491481066e+00 
  1.488215208e+00 
  1.472151756e+00 
  1.442725062e+00 
  1.441572547e+00 
  1.419257760e+00 
  1.389242530e+00 
  1.411529541e+00 
  1.365118265e+00 
  1.383499146e+00 
  1.388649821e+00 
  1.395012021e+00 
  1.376424193e+00 
  1.378964782e+00 
  1.331910372e+00 
  1.361826301e+00 
  1.356251240e+00 
  1.343436956e+00 
  1.332922935e+00 
  1.306835532e+00 
  1.321361542e+00 
  1.326904297e+00 
  1.276306629e+00 
  1.306357622e+00 
  1.302667141e+00 
  1.120105028e+00 
  1.276065469e+00 
  1.221867919e+00 
  1.231590986e+00 
  9.853424430e-01 
  1.080151081e+00 
  1.220737219e+00 
  1.234952688e+00 
  1.209662795e+00 
  1.204558372e+00 
  1.188457131e+00 
  1.182704806e+00 
  1.173436522e+00 
  1.190222383e+00 
  1.182357192e+00 
  1.154950738e+00 
  9.642236233e-01 
  1.021922350e+00 
  1.103095889e+00 
  1.082537174e+00 
  1.121860027e+00 
  1.115045667e+00 
  1.105444312e+00 
  1.104584336e+00 
  1.075270295e+00 
  1.060388923e+00 
  1.064079881e+00 
  1.080202699e+00 
  1.056419730e+00 
  1.053905964e+00 
  1.042734981e+00 
  9.837898612e-01 
  1.033165932e+00 
  1.005059242e+00 
  1.008963943e+00 
  1.014229059e+00 
  9.758689404e-01 
  9.618940949e-01 
  9.861032963e-01 
  9.883379936e-01 
  9.803020358e-01 
  9.702693224e-01 
  9.601668119e-01 
  9.119223952e-01 
  9.341287017e-01 
  8.716050386e-01 
  8.863185644e-01 
  8.467820287e-01 
  8.375046849e-01 
  8.143706918e-01 
  7.929585576e-01 
  7.679772377e-01 
  7.513081431e-01 
  8.187487721e-01 
  8.467243314e-01 
  8.399558663e-01 
  8.016850948e-01 
  7.908338904e-01 
  7.532006502e-01 
  7.375429273e-01 
  7.448967695e-01 
  7.478217483e-01 
  7.420846820e-01 
  7.385472059e-01 
  7.391360402e-01 
  7.294965386e-01 
  7.370335460e-01 
  7.259267569e-01 
  7.237190604e-01 
  7.464163303e-01 
  7.490442395e-01 
  7.266266346e-01 
  7.167149782e-01 
  6.803085804e-01 
  6.978653073e-01 
  7.033171654e-01 
  6.748077869e-01 
  6.875563860e-01 
  6.749790311e-01 
  6.433957219e-01 
  6.148639321e-01 
  5.856536031e-01 
  5.446258187e-01 
  5.205571651e-01 
  4.910019636e-01 
  4.792522788e-01 
  4.823541045e-01 
  4.888109863e-01 
  5.064565539e-01 
  5.770131350e-01 
  5.820658803e-01 
  5.577770472e-01 
  5.137512088e-01 
  5.045059919e-01 
  4.862218201e-01 
  5.005450249e-01 
  5.058872104e-01 
  5.115397573e-01 
  5.188537836e-01 
  5.175213814e-01 
  5.135805011e-01 
  5.226219893e-01 
  5.053230524e-01 
  5.123912096e-01 
  5.166520476e-01 
  4.721652865e-01 
  4.996961653e-01 
  5.256994963e-01 
  5.313366652e-01 
  5.265179873e-01 
  5.180751681e-01 
  5.081129670e-01 
  5.106521249e-01 
  5.226675272e-01 
  5.167270303e-01 
  5.194922090e-01 
  5.032219291e-01 
  5.267235637e-01 
  5.368733406e-01 
  5.467106104e-01 
  5.464264154e-01 
  5.391036868e-01 
  5.381219983e-01 
  5.253568888e-01 
  5.087348819e-01 
  5.051407814e-01 
  5.141053796e-01 
  5.072183609e-01 
  5.169236064e-01 
  5.020395517e-01 
  5.159242153e-01 
  5.194436908e-01 
  5.141354799e-01 
  5.154258609e-01 
  5.149270296e-01 
  5.155181289e-01 
  5.130741596e-01 
  5.185116529e-01 
  5.104051828e-01 
  5.020984411e-01 
  5.047059059e-01 
  5.082067251e-01 
  5.018638372e-01 
  4.995887578e-01 
  5.014880300e-01 
  4.967356920e-01 
  4.945923388e-01 
  4.925105572e-01 
  4.880155325e-01 
  4.845451117e-01 
  4.789375067e-01 
  4.785994887e-01 
  4.740468562e-01 
  4.670655727e-01 
  4.623703659e-01 
  4.305814505e-01 
  4.514954090e-01 
  4.575116038e-01 
  4.561037421e-01 
  4.495803416e-01 
  4.502928853e-01 
  4.480922818e-01 
  4.472362399e-01 
  4.425462186e-01 
  4.438910186e-01 
  4.339932799e-01 
  4.352628589e-01 
  4.294181466e-01 
  4.329561591e-01 
  4.206742644e-01 
  4.183506072e-01 
  4.213173687e-01 
  4.128100872e-01 
  4.184640944e-01 
  4.143205285e-01 
  4.133080542e-01 
  4.126707911e-01 
  4.083307087e-01 
  4.078480601e-01 
  4.004810154e-01 
  4.033190310e-01 
  4.006502032e-01 
  3.978282809e-01 
  3.890110552e-01 
  3.916431367e-01 
  3.859765828e-01 
  3.893800378e-01 
  3.796499968e-01 
  3.819150031e-01 
  3.819308281e-01 
  3.758867979e-01 
  3.763577938e-01 
  3.759732544e-01 
  3.680233955e-01 
  3.701777458e-01 
  3.670798242e-01 
  3.549467623e-01 
  3.599754870e-01 
  3.620029986e-01 
  3.581036925e-01 
  3.544870019e-01 
  3.530651629e-01 
  3.499562144e-01 
  3.486873806e-01 
  3.436556458e-01 
  3.447208405e-01 
  3.423492312e-01 
  3.402269483e-01 
  3.350802362e-01 
  3.232377172e-01 
  3.336046636e-01 
  3.206287026e-01 
  3.280515075e-01 
  3.210904002e-01 
  3.238089681e-01 
  3.219844699e-01 
  3.109053671e-01 
  3.169531226e-01 
  3.143867850e-01 
  2.896146476e-01 
  3.058409691e-01 
  3.051324487e-01 
  3.047961295e-01 
  2.937071919e-01 
  3.030063510e-01 
  2.929474115e-01 
  2.980884612e-01 
  2.961007059e-01 
  2.955770195e-01 
  2.830753028e-01 
  2.895092666e-01 
  2.778516114e-01 
  2.807824016e-01 
  2.717832029e-01 
  2.806224227e-01 
  2.747425437e-01 
  2.776077092e-01 
  2.609199882e-01 
  2.758345008e-01 
  2.627323568e-01 
  2.671780884e-01 
  2.682382166e-01 
  2.603106499e-01 
  2.545351386e-01 
  2.301844656e-01 
  2.483470291e-01 
  2.465176284e-01 
  2.420133948e-01 
  2.338261604e-01 
  2.294792533e-01 
  2.328060418e-01 
  2.320433259e-01 
  2.213222235e-01 
  2.296073884e-01 
  2.263861299e-01 
  2.234330773e-01 
  2.189623713e-01 
  2.183109224e-01 
  2.170936912e-01 
  2.187356055e-01 
  2.187406570e-01 
  2.142336220e-01 
  2.069442123e-01 
  1.991208941e-01 
  1.987239271e-01 
  1.884333193e-01 
  1.808866411e-01 
  1.721246094e-01 
  1.611239910e-01 
  1.516038477e-01 
  1.459937394e-01 
  1.451883912e-01 
  1.385019422e-01 
  1.416517198e-01 
  1.434378028e-01 
  1.389204711e-01 
  1.353664845e-01 
  1.399039328e-01 
  1.377209276e-01 
  1.433221400e-01 
  1.554058790e-01 
  1.602044404e-01 
  1.549510956e-01 
  1.417522877e-01 
  1.243312731e-01 
  1.266750395e-01 
  1.422834843e-01 
  1.525791734e-01 
  1.552928537e-01 
  1.610105336e-01 
  1.591897905e-01 
  1.508199126e-01 
  1.531819254e-01 
  1.463380307e-01 
  1.409009099e-01 
  1.356416345e-01 
  1.378903985e-01 
  1.424868852e-01 
  1.445960701e-01 
  1.461471170e-01 
  1.451155841e-01 
  1.465960294e-01 
  1.470074356e-01 
  1.479886770e-01 
  1.477575749e-01 
  1.514835805e-01 
  1.526359469e-01 
  1.613063365e-01 
  1.640742123e-01 
  1.639782041e-01 
  1.624656320e-01 
  1.611609608e-01 
  1.685469300e-01 
  1.712781936e-01 
  1.678168029e-01 
  1.707167476e-01 
  1.662732661e-01 
  1.687513739e-01 
  1.695099622e-01 
  1.634448618e-01 
  1.676162928e-01 
  1.687578708e-01 
  1.670916677e-01 
  1.648392826e-01 
  1.643840224e-01 
  1.633221060e-01 
  1.601441950e-01 
  1.638805717e-01 
  1.593005806e-01 
  1.580573916e-01 
  1.592631787e-01 
  1.568061858e-01 
  1.553971618e-01 
  1.459635347e-01 
  1.526581943e-01 
  1.556904763e-01 
  1.537775695e-01 
  1.517857015e-01 
  1.501551419e-01 
  1.417807043e-01 
  1.506582052e-01 
  1.532476097e-01 
  1.529942006e-01 
  1.522994339e-01 
  1.513351053e-01 
  1.480897963e-01 
  1.476372033e-01 
  1.466105580e-01 
  1.410941184e-01 
  1.348369867e-01 
  1.432119459e-01 
  1.438110620e-01 
  1.434676200e-01 
  1.355644614e-01 
  1.374380589e-01 
  1.417840868e-01 
  1.412694752e-01 
  1.420994401e-01 
  1.393874735e-01 
  1.299113780e-01 
  1.380041987e-01 
  1.328990161e-01 
  1.368014514e-01 
  1.375657469e-01 
  1.364176571e-01 
  1.366634071e-01 
  1.366530657e-01 
  1.366118491e-01 
  1.358781904e-01 
  1.342133582e-01 
  1.347238719e-01 
  1.341620237e-01 
  1.330706924e-01 
  1.320698261e-01 
  1.331748962e-01 
  1.321192235e-01 
  1.322952956e-01 
  1.276279241e-01 
  1.314605027e-01 
  1.310838312e-01 
  1.304240525e-01 
  1.301043630e-01 
  1.282386482e-01 
  1.288434416e-01 
  1.282369643e-01 
  1.270165294e-01 
  1.274075657e-01 
  1.270630509e-01 
  1.265725344e-01 
  1.247096062e-01 
  1.237034053e-01 
  1.243269444e-01 
  1.231236234e-01 
  1.213031933e-01 
  1.196823716e-01 
  1.212536544e-01 
  1.198250726e-01 
  1.186868474e-01 
  1.191230491e-01 
  1.182033494e-01 
  1.172308102e-01 
  1.158844456e-01 
  1.149827614e-01 
  1.134820655e-01 
  1.130780429e-01 
  1.122528017e-01 
  1.113912240e-01 
  1.093970686e-01 
  1.088281721e-01 
  1.066867784e-01 
  1.058412418e-01 
  1.046008244e-01 
  1.007117033e-01 
  1.010704041e-01 
  9.881774336e-02 
  9.854700416e-02 
  9.835693240e-02 
  9.563366324e-02 
  9.373726696e-02 
  9.403692931e-02 
  9.647683054e-02 
  9.756539762e-02 
  9.765406698e-02 
  9.784127027e-02 
  9.764429927e-02 
  9.832067788e-02 
  9.847812355e-02 
  9.835919738e-02 
  9.807517380e-02 
  9.734548628e-02 
  9.685596824e-02 
  9.417621791e-02 
  8.366360515e-02 
  9.179352969e-02 
  9.539642185e-02 
  9.595946223e-02 
  9.557191283e-02 
  9.567880630e-02 
  9.397494048e-02 
  9.403341264e-02 
  9.160079807e-02 
  9.274075925e-02 
  9.325719625e-02 
  9.312321991e-02 
  9.103506058e-02 
  9.118673950e-02 
  9.041622281e-02 
  8.914127201e-02 
  8.806657046e-02 
  8.867277205e-02 
  8.799429238e-02 
  8.748675883e-02 
  8.580059558e-02 
  8.417130262e-02 
  8.364903927e-02 
  8.376070112e-02 
  8.345270157e-02 
  8.274207264e-02 
  8.191647381e-02 
  8.088319004e-02 
  8.021786064e-02 
  7.973775268e-02 
  7.840193063e-02 
  7.411334664e-02 
  7.563184947e-02 
  7.323312014e-02 
  7.529951632e-02 
  7.584315538e-02 
  7.362866402e-02 
  7.306612283e-02 
  7.079105824e-02 
  6.969684362e-02 
  7.032790035e-02 
  7.133904099e-02 
  7.171344012e-02 
  7.097288966e-02 
  6.943904608e-02 
  6.655758619e-02 
  6.424399465e-02 
  5.786732212e-02 
  5.720692873e-02 
  5.638909712e-02 
  5.525552481e-02 
  5.734920502e-02 
  5.837318674e-02 
  5.906178057e-02 
  5.856106430e-02 
  5.877251551e-02 
  5.912793428e-02 
  5.865679309e-02 
  5.855805427e-02 
  5.913680419e-02 
  5.888656527e-02 
  5.713532493e-02 
  5.483510345e-02 
  4.971018806e-02 
  4.592908546e-02 
  4.402136803e-02 
  4.109723493e-02 
  3.977959231e-02 
  3.687161207e-02 
  3.553004563e-02 
  3.396548703e-02 
  3.180864826e-02 
  3.061218932e-02 
  2.927222475e-02 
  2.813375928e-02 
  2.672833204e-02 
  2.618320659e-02 
  2.464946173e-02 
  2.332943864e-02 
  2.323623933e-02 
  2.291861549e-02 
  2.315412089e-02 
  2.366313525e-02 
  2.363216691e-02 
  2.386182919e-02 
  2.319754288e-02 
  2.300945483e-02 
  2.256456763e-02 
  2.342092618e-02 
  2.475866303e-02 
  2.673564292e-02 
  2.788307704e-02 
  2.865457535e-02 
  2.842121944e-02 
  2.772608213e-02 
  2.752269804e-02 
  2.632053010e-02 
  2.528969198e-02 
  2.349267900e-02 
  2.230954170e-02 
  2.128126658e-02 
  2.137481235e-02 
  2.219966985e-02 
  2.269543149e-02 
  2.386549115e-02 
  2.526614256e-02 
  2.638171054e-02 
  2.687615901e-02 
  2.644312382e-02 
  2.638189681e-02 
  2.520337142e-02 
  2.416417375e-02 
  2.311843447e-02 
  2.336177602e-02 
  2.440511994e-02 
  2.518796921e-02 
  2.520966902e-02 
  2.480174974e-02 
  2.392211184e-02 
  2.407875657e-02 
  2.510865778e-02 
  2.538064495e-02 
  2.495027333e-02 
  2.501311153e-02 
  2.468165383e-02 
  2.471375652e-02 
  2.529207245e-02 
  2.601628564e-02 
  2.690477856e-02 
  2.785615996e-02 
  2.671833150e-02 
  2.759411559e-02 
  2.771990746e-02 
  2.823783830e-02 
  2.859353274e-02 
  2.886183187e-02 
  2.885282412e-02 
  2.846111171e-02 
  2.850532904e-02 
  2.972137369e-02 
  2.936840244e-02 
  2.927541547e-02 
  2.918201685e-02 
  2.940411493e-02 
  2.817402035e-02 
  2.889895253e-02 
  2.971310727e-02 
  2.922097966e-02 
  2.833668515e-02 
  2.740236372e-02 
  2.739190497e-02 
  2.731527202e-02 
  2.653019130e-02 
  2.728393860e-02 
  2.741901949e-02 
  2.754474245e-02 
  2.795555443e-02 
  2.831328288e-02 
  2.674095146e-02 
  2.817875519e-02 
  2.732088417e-02 
  2.771321684e-02 
  2.797754295e-02 
  2.789580263e-02 
  2.850441821e-02 
  2.866329812e-02 
  2.888105623e-02 
  2.860574238e-02 
  2.797888778e-02 
  2.791505307e-02 
  2.810767479e-02 
  2.962826006e-02 
  3.076492995e-02 
  3.103056550e-02 
  3.163848817e-02 
  3.196040913e-02 
  3.242792934e-02 
  3.193425387e-02 
  3.085830808e-02 
  3.045660816e-02 
  2.941903658e-02 
  2.913838066e-02 
  2.886709757e-02 
  2.868372761e-02 
  2.738082223e-02 
  2.760023624e-02 
  2.643703856e-02 
  2.601573244e-02 
  2.556681633e-02 
  2.579242550e-02 
  2.682378702e-02 
  2.829643898e-02 
  2.845226973e-02 
  2.895632386e-02 
  2.892291732e-02 
  2.859669738e-02 
  2.778413333e-02 
  2.761825919e-02 
  2.792100608e-02 
  2.787053585e-02 
  2.863001078e-02 
  2.810382470e-02 
  2.827952802e-02 
  2.867294289e-02 
  2.852512524e-02 
  2.939710952e-02 
  2.568455972e-02 
  3.060000017e-02 
  3.165151551e-02 
  3.244903684e-02 
  3.171793744e-02 
  3.268447518e-02 
  3.251943365e-02 
  3.257052228e-02 
  3.214345500e-02 
  3.284413740e-02 
  3.362010419e-02 
  3.347696364e-02 
  3.432109579e-02 
  3.407555819e-02 
  3.352959454e-02 
  2.991431206e-02 
  3.119651228e-02 
  3.137520701e-02 
  3.172526509e-02 
  3.342682496e-02 
  3.299360350e-02 
  3.323598579e-02 
  3.372790292e-02 
  3.392601758e-02 
  3.329060599e-02 
  3.318465501e-02 
  3.264442459e-02 
  3.329728544e-02 
  3.293506429e-02 
  3.274529800e-02 
  3.344587982e-02 
  3.308147192e-02 
  3.347980976e-02 
  3.290529922e-02 
  3.262883797e-02 
  3.337486088e-02 
  3.299291804e-02 
  3.211146593e-02 
  3.293673322e-02 
  3.254888952e-02 
  3.273760155e-02 
  3.254773468e-02 
  3.041608818e-02 
  3.244109452e-02 
  3.217707947e-02 
  3.194733337e-02 
  3.139353916e-02 
  3.145145252e-02 
  3.178933635e-02 
  3.184439987e-02 
  3.092386015e-02 
  3.151201084e-02 
  3.029735573e-02 
  3.086290509e-02 
  3.096551634e-02 
  3.081524186e-02 
  3.115133569e-02 
  3.121050633e-02 
  3.115918301e-02 
  3.079404868e-02 
  2.981652319e-02 
  3.050113842e-02 
  3.025610372e-02 
  3.002130985e-02 
  3.045780770e-02 
  3.022822924e-02 
  2.903804183e-02 
  2.944703586e-02 
  2.880814113e-02 
  2.967406251e-02 
  2.936556377e-02 
  2.928989008e-02 
  2.870961092e-02 
  2.930252254e-02 
  2.921545878e-02 
  2.868260443e-02 
  2.800163999e-02 
  2.830577083e-02 
  2.769804373e-02 
  2.750966698e-02 
  2.671120130e-02 
  2.657336742e-02 
  2.570877410e-02 
  2.633017488e-02 
  2.622321993e-02 
  2.577174269e-02 
  2.583488822e-02 
  2.395918034e-02 
  2.567442134e-02 
  2.313962765e-02 
  2.527910471e-02 
  2.539334074e-02 
  2.590898797e-02 
  2.567189559e-02 
  2.516684122e-02 
  2.548677661e-02 
  2.526235022e-02 
  2.599649690e-02 
  2.560498938e-02 
  2.530202456e-02 
  2.486904152e-02 
  2.270865627e-02 
  2.440381236e-02 
  2.379823662e-02 
  2.498827316e-02 
  2.544778772e-02 
  2.516140975e-02 
  2.517809346e-02 
  2.352592908e-02 
  2.428400517e-02 
  2.448150888e-02 
  2.338674664e-02 
  2.355283685e-02 
  2.250469290e-02 
  2.297556587e-02 
  2.278858423e-02 
  2.309202962e-02 
  2.269356512e-02 
  2.257515304e-02 
  2.259132639e-02 
  2.277660184e-02 
  2.263237350e-02 
  2.119258232e-02 
  2.184071578e-02 
  2.209641598e-02 
  2.263078466e-02 
  2.235282026e-02 
  2.274190076e-02 
  2.132355236e-02 
  2.195834368e-02 
  2.258617990e-02 
  2.252075635e-02 
  2.195397764e-02 
  2.161078900e-02 
  2.209977992e-02 
  2.251665480e-02 
  2.263100259e-02 
  2.204106189e-02 
  2.222988196e-02 
  2.215000615e-02 
  2.226077579e-02 
  2.219032869e-02 
  2.151427604e-02 
  2.179683000e-02 
  2.172275260e-02 
  2.137860470e-02 
  2.079451643e-02 
  2.129950747e-02 
  2.116233483e-02 
  2.012347430e-02 
  1.992763206e-02 
  1.962532848e-02 
  1.966143213e-02 
  1.946880482e-02 
  1.939667948e-02 
  1.984143071e-02 
  1.948511228e-02 
  1.947190426e-02 
  1.965769008e-02 
  1.979217120e-02 
  1.965478435e-02 
  1.915800013e-02 
  1.959572546e-02 
  1.911758259e-02 
  1.946079917e-02 
  1.922476850e-02 
  1.939312555e-02 
  1.899041422e-02 
  1.933301613e-02 
  1.914598979e-02 
  1.922641881e-02 
  1.883497834e-02 
  1.900440268e-02 
  1.903169602e-02 
  1.883420907e-02 
  1.865249500e-02 
  1.850789413e-02 
  1.827563904e-02 
  1.815620251e-02 
  1.831215434e-02 
  1.795857772e-02 
  1.796837896e-02 
  1.832700334e-02 
  1.816731691e-02 
  1.726596057e-02 
  1.771440916e-02 
  1.775161363e-02 
  1.754435524e-02 
  1.722022332e-02 
  1.726547629e-02 
  1.731709577e-02 
  1.703941450e-02 
  1.641538367e-02 
  1.580964401e-02 
  1.622706652e-02 
  1.658655331e-02 
  1.685317606e-02 
  1.686061732e-02 
  1.661842689e-02 
  1.665192656e-02 
  1.662165485e-02 
  1.638259180e-02 
  1.632946357e-02 
  1.650154032e-02 
  1.649247855e-02 
  1.639521867e-02 
  1.633356139e-02 
  1.630023122e-02 
  1.616616547e-02 
  1.602829434e-02 
  1.608736068e-02 
  1.594610512e-02 
  1.570874639e-02 
  1.569920219e-02 
  1.561042387e-02 
  1.525666658e-02 
  1.549424604e-02 
  1.552780997e-02 
  1.529759075e-02 
  1.522362046e-02 
  1.476697531e-02 
  1.500155311e-02 
  1.512935385e-02 
  1.394718140e-02 
  1.488512382e-02 
  1.492421515e-02 
  1.489086170e-02 
  1.486565173e-02 
  1.475346088e-02 
  1.458095945e-02 
  1.446948666e-02 
  1.455723774e-02 
  1.419153716e-02 
  1.395080332e-02 
  1.415377017e-02 
  1.341231726e-02 
  1.358263101e-02 
  1.374563947e-02 
  1.385700610e-02 
  1.375790965e-02 
  1.342531573e-02 
  1.366818789e-02 
  1.366304513e-02 
  1.343678962e-02 
  1.325378940e-02 
  1.238088962e-02 
  1.259160694e-02 
  1.263871882e-02 
  1.199797634e-02 
  1.181017514e-02 
  1.235949434e-02 
  1.252275240e-02 
  1.253743563e-02 
  1.221905649e-02 
  1.257433929e-02 
  1.233884040e-02 
  1.248217002e-02 
  1.209015399e-02 
  1.214989834e-02 
  1.182239782e-02 
  1.223210804e-02 
  1.210832037e-02 
  1.205298025e-02 
  1.183110662e-02 
  1.189038903e-02 
  1.189528406e-02 
  1.187202241e-02 
  1.166145410e-02 
  1.175984368e-02 
  1.174141560e-02 
  1.162400469e-02 
  1.164514851e-02 
  1.153655443e-02 
  1.129982714e-02 
  1.099437289e-02 
  1.108642481e-02 
  1.083380263e-02 
  1.099776570e-02 
  1.091290824e-02 
  1.088654343e-02 
  1.070632506e-02 
  1.075941138e-02 
  1.056153234e-02 
  1.055607386e-02 
  1.052785665e-02 
  1.050660945e-02 
  1.024796255e-02 
  9.954161011e-03 
  9.907023050e-03 
  9.612445720e-03 
  9.439907037e-03 
  9.513358586e-03 
  9.430423379e-03 
  9.399331175e-03 
  9.254612960e-03 
  9.088535793e-03 
  9.075719863e-03 
  9.013826959e-03 
  9.064377286e-03 
  9.116905741e-03 
  9.064351209e-03 
  8.793964982e-03 
  8.707153611e-03 
  8.478369564e-03 
  8.335022256e-03 
  8.058542386e-03 
  7.771019824e-03 
  7.817719132e-03 
  7.540625520e-03 
  7.238644175e-03 
  7.248049602e-03 
  6.893280894e-03 
  6.841894705e-03 
  6.414299831e-03 
  6.192868575e-03 
  6.150677335e-03 
  6.214830093e-03 
  6.174973212e-03 
  5.997981876e-03 
  5.895395298e-03 
  5.815520417e-03 
  5.641467869e-03 
  5.397809204e-03 
  5.377541296e-03 
  5.169119686e-03 
  5.168118980e-03 
  5.010326859e-03 
  4.719876684e-03 
  4.644225817e-03 
  4.400140140e-03 
  4.094721749e-03 
  4.270405974e-03 
  4.322968889e-03 
  4.343911074e-03 
  4.275087267e-03 
  4.198992625e-03 
  4.297903739e-03 
  4.055008292e-03 
  4.066090565e-03 
  3.924076911e-03 
  3.878659103e-03 
  3.580445191e-03 
  3.531054826e-03 
  3.513172036e-03 
  3.420870984e-03 
  3.287723754e-03 
  3.270879155e-03 
  3.071923275e-03 
  3.069521626e-03 
  3.009101842e-03 
  2.903132932e-03 
  3.020572942e-03 
  3.035745816e-03 
  3.092978150e-03 
  3.121718066e-03 
  3.012786387e-03 
  3.172899596e-03 
  3.152084304e-03 
  3.117063781e-03 
  2.885103459e-03 
  2.963125240e-03 
  3.002224490e-03 
  3.018633230e-03 
  2.994770883e-03 
  2.969148802e-03 
  2.894831588e-03 
  2.937580692e-03 
  2.935693134e-03 
  2.829066012e-03 
  2.935807453e-03 
  2.975623589e-03 
  3.032126464e-03 
  2.987985034e-03 
  3.129833378e-03 
  3.097342560e-03 
  3.106259042e-03 
  3.066132078e-03 
  3.070065752e-03 
  2.873655176e-03 
  2.818543464e-03 
  2.605828922e-03 
  2.660914324e-03 
  2.459718613e-03 
  2.349895658e-03 
  2.324362053e-03 
  2.329092473e-03 
  2.319209045e-03 
  2.265668241e-03 
  2.100985963e-03 
  2.638574690e-03 
  2.845697105e-03 
  2.898887731e-03 
  2.915404737e-03 
  2.995986259e-03 
  3.046396188e-03 
  3.065259894e-03 
  3.072407795e-03 
  3.047761973e-03 
  2.940328559e-03 
  3.077586181e-03 
  3.028078005e-03 
  2.970427508e-03 
  2.851945115e-03 
  2.941603540e-03 
  2.844558330e-03 
  2.721774392e-03 
  2.824555151e-03 
  2.749285661e-03 
  2.631874988e-03 
  2.613349585e-03 
  2.558639972e-03 
  2.511938103e-03 
  2.477278002e-03 
  2.492171247e-03 
  2.449315740e-03 
  2.461135853e-03 
  2.432925627e-03 
  2.523734467e-03 
  2.527778968e-03 
  2.594139427e-03 
  2.539519919e-03 
  2.582264366e-03 
  2.579507651e-03 
  2.569201635e-03 
  2.487946069e-03 
  2.608191920e-03 
  2.665361390e-03 
  2.641631523e-03 
  2.737304661e-03 
  2.745291218e-03 
  2.805351513e-03 
  2.787068952e-03 
  2.763779368e-03 
  2.868267242e-03 
  2.917053644e-03 
  2.878400730e-03 
  2.928567817e-03 
  2.908347873e-03 
  2.917716745e-03 
  2.921096515e-03 
  2.885233844e-03 
  2.826763550e-03 
  2.932391129e-03 
  2.932131058e-03 
  3.015783383e-03 
  2.959164558e-03 
  3.071707673e-03 
  3.088390222e-03 
  3.123509465e-03 
  3.118284512e-03 
  3.170852782e-03 
  3.023046767e-03 
  3.120672423e-03 
  3.144119866e-03 
  3.164113034e-03 
  3.064621938e-03 
  2.919898368e-03 
  2.737558447e-03 
  2.910864074e-03 
  3.085827921e-03 
  3.106131451e-03 
  3.136749147e-03 
  3.012720495e-03 
  2.919137478e-03 
  2.901130822e-03 
  2.972067799e-03 
  2.910538577e-03 
  2.900750143e-03 
  2.840565983e-03 
  2.911181655e-03 
  2.918693237e-03 
  3.031042172e-03 
  3.001947887e-03 
  3.151886864e-03 
  3.082796233e-03 
  3.184132278e-03 
  3.181215376e-03 
  3.441906301e-03 
  3.350879531e-03 
  3.587605199e-03 
  3.591073211e-03 
  3.747395240e-03 
  3.772664582e-03 
  3.920444287e-03 
  3.882110119e-03 
  3.836049233e-03 
  3.933184315e-03 
  4.127326421e-03 
  4.122148268e-03 
  4.198144190e-03 
  3.976221662e-03 
  4.270899110e-03 
  4.128775094e-03 
  4.253593739e-03 
  4.282588139e-03 
  4.316180479e-03 
  4.260861780e-03 
  4.273365252e-03 
  4.179451615e-03 
  4.193284083e-03 
  4.299135413e-03 
  4.268168937e-03 
  4.247366451e-03 
  4.196275491e-03 
  4.129531793e-03 
  3.938275855e-03 
  3.962082323e-03 
  3.795574885e-03 
  3.787116846e-03 
  3.331447253e-03 
  3.261810401e-03 
  2.826172160e-03 
  2.821781207e-03 
  2.390766283e-03 
  2.389857778e-03 
  2.140242606e-03 
  2.134352224e-03 
  2.151030349e-03 
  2.091032220e-03 
  2.220987342e-03 
  2.215005923e-03 
  2.273464110e-03 
  2.273140009e-03 
  2.292643301e-03 
  2.285426017e-03 
  2.322694520e-03 
  2.295374172e-03 
  2.386476146e-03 
  2.377924742e-03 
  2.529974328e-03 
  2.530953148e-03 
  2.767272992e-03 
  2.741121454e-03 
  2.880888758e-03 
  2.976552816e-03 
  3.225384280e-03 
  3.222010098e-03 
  3.374363063e-03 
  3.398284782e-03 
  3.511541756e-03 
  3.516862635e-03 
  3.541124985e-03 
  3.492864780e-03 
  3.570481203e-03 
  3.622976132e-03 
  3.670868697e-03 
  3.660805291e-03 
  3.551311325e-03 
  3.627490019e-03 
  3.651944688e-03 
  3.449291456e-03 
  3.561160527e-03 
  3.583089449e-03 
  3.546290798e-03 
  3.506443696e-03 
  3.465949558e-03 
  3.458586754e-03 
  3.346549813e-03 
  3.337763948e-03 
  3.313219408e-03 
  3.145418130e-03 
  3.156492719e-03 
  2.968052868e-03 
  2.945887623e-03 
  2.824056428e-03 
  2.778904978e-03 
  2.773708664e-03 
  2.789362334e-03 
  2.817310160e-03 
  2.801016439e-03 
  2.848512959e-03 
  2.843995113e-03 
  2.847320400e-03 
  2.766577760e-03 
  2.841853769e-03 
  2.825829433e-03 
  2.651837422e-03 
  2.801886294e-03 
  2.799914917e-03 
  2.808585996e-03 
  2.779426984e-03 
  2.832175232e-03 
  2.731923945e-03 
  2.902002772e-03 
  2.863242058e-03 
  2.995209303e-03 
  2.984975232e-03 
  3.057544120e-03 
  3.048203187e-03 
  3.096022643e-03 
  3.089371603e-03 
  3.032148117e-03 
  3.093995387e-03 
  3.057989990e-03 
  3.097480396e-03 
  3.037569812e-03 
  3.056928981e-03 
  3.076515626e-03 
  3.098065499e-03 
  3.090656362e-03 
  3.107878845e-03 
  3.106330987e-03 
  3.111232072e-03 
  3.082084469e-03 
  2.958823694e-03 
  3.063085722e-03 
  3.086033277e-03 
  2.984990831e-03 
  3.068996593e-03 
  3.055650042e-03 
  3.045671154e-03 
  3.051675158e-03 
  3.053972963e-03 
  3.046311904e-03 
  3.061293857e-03 
  3.008881118e-03 
  3.049911000e-03 
  3.041573334e-03 
  3.047536360e-03 
  3.032656154e-03 
  3.024151083e-03 
  3.002965823e-03 
  2.927368041e-03 
  2.989887260e-03 
  2.976546297e-03 
  2.955844859e-03 
  2.959463047e-03 
  2.951828064e-03 
  2.926125890e-03 
  2.851109486e-03 
  2.911569783e-03 
  2.926361514e-03 
  2.850933233e-03 
  2.907748101e-03 
  2.877275227e-03 
  2.873783233e-03 
  2.825185657e-03 
  2.880800515e-03 
  2.890960313e-03 
  2.835312625e-03 
  2.889798721e-03 
  2.877885941e-03 
  2.862263005e-03 
  2.874127589e-03 
  2.863616450e-03 
  2.856565174e-03 
  2.842622809e-03 
  2.840860747e-03 
  2.732041292e-03 
  2.819911577e-03 
  2.814055886e-03 
  2.794735599e-03 
  2.785883378e-03 
  2.783272183e-03 
  2.761140466e-03 
  2.742216457e-03 
  2.721702447e-03 
  2.689580433e-03 
  2.640516264e-03 
  2.662376501e-03 
  2.658597659e-03 
  2.619761974e-03 
  2.611727454e-03 
  2.585051116e-03 
  2.573935781e-03 
  2.545191441e-03 
  2.546492964e-03 
  2.540742280e-03 
  2.538500121e-03 
  2.527343808e-03 
  2.519142115e-03 
  2.502845135e-03 
  2.490188228e-03 
  2.483111341e-03 
  2.445307327e-03 
  2.442945261e-03 
  2.404285129e-03 
  2.320152940e-03 
  2.080275677e-03 
  2.272206359e-03 
  2.339802915e-03 
  2.397560747e-03 
  2.391159767e-03 
  2.407562453e-03 
  2.394135343e-03 
  2.398343757e-03 
  2.384908032e-03 
  2.383429324e-03 
  2.364462707e-03 
  2.338146325e-03 
  2.350873780e-03 
  2.256369917e-03 
  2.343150089e-03 
  2.335160039e-03 
  2.309343778e-03 
  2.248305129e-03 
  2.299131593e-03 
  2.300742781e-03 
  2.299661050e-03 
  2.292420482e-03 
  2.230482409e-03 
  2.214270644e-03 
  2.237036591e-03 
  2.258257708e-03 
  2.247988479e-03 
  2.217345638e-03 
  2.207531594e-03 
  2.196961083e-03 
  2.165762708e-03 
  2.153334208e-03 
  2.134043025e-03 
  2.127116313e-03 
  2.115365118e-03 
  2.113756025e-03 
  2.106524305e-03 
  2.127809916e-03 
  2.124341670e-03 
  2.114428906e-03 
  2.060335129e-03 
  2.030411037e-03 
  2.131734276e-03 
  2.083896659e-03 
  2.148036612e-03 
  2.142251935e-03 
  2.131518908e-03 
  2.127636224e-03 
  2.115276176e-03 
  2.110924572e-03 
  2.089416375e-03 
  2.055444056e-03 
  2.076375298e-03 
  2.079257043e-03 
  2.068333793e-03 
  2.061042935e-03 
  2.049155766e-03 
  2.043778310e-03 
  2.035057638e-03 
  2.020699903e-03 
  1.982231392e-03 
  1.984311501e-03 
  1.978827873e-03 
  1.993022626e-03 
  1.967314165e-03 
  1.966777025e-03 
  1.963151386e-03 
  1.953454223e-03 
  1.946313190e-03 
  1.931914594e-03 
  1.920677605e-03 
  1.918127411e-03 
  1.892436063e-03 
  1.849400578e-03 
  1.868646126e-03 
  1.883712132e-03 
  1.876286580e-03 
  1.841420890e-03 
  1.852099085e-03 
  1.848930959e-03 
  1.841680845e-03 
  1.836736104e-03 
  1.783212414e-03 
  1.817101962e-03 
  1.797968522e-03 
  1.792661031e-03 
  1.792381634e-03 
  1.763521810e-03 
  1.716405619e-03 
  1.750129624e-03 
  1.733834390e-03 
  1.730713760e-03 
  1.726582763e-03 
  1.725464361e-03 
  1.709649805e-03 
  1.698262757e-03 
  1.698504435e-03 
  1.635661931e-03 
  1.692838618e-03 
  1.679850160e-03 
  1.655963832e-03 
  1.667677076e-03 
  1.665631891e-03 
  1.658870489e-03 
  1.651036437e-03 
  1.633956796e-03 
  1.646161429e-03 
  1.641320530e-03 
  1.633549226e-03 
  1.606480568e-03 
  1.623862190e-03 
  1.621300355e-03 
  1.617768430e-03 
  1.609921688e-03 
  1.602239674e-03 
  1.520832768e-03 
  1.567527768e-03 
  1.569423010e-03 
  1.563785598e-03 
  1.555411611e-03 
  1.550412737e-03 
  1.550813904e-03 
  1.542732934e-03 
  1.525080297e-03 
  1.522361999e-03 
  1.498554484e-03 
  1.503325882e-03 
  1.497740857e-03 
  1.414712984e-03 
  1.449656091e-03 
  1.441410976e-03 
  1.413459657e-03 
  1.442307257e-03 
  1.444170950e-03 
  1.437812578e-03 
  1.434221165e-03 
  1.449075411e-03 
  1.442264183e-03 
  1.435019891e-03 
  1.449931413e-03 
  1.448937226e-03 
  1.449199044e-03 
  1.446453622e-03 
  1.434724196e-03 
  1.424859278e-03 
  1.426848816e-03 
  1.417713123e-03 
  1.400339650e-03 
  1.389764599e-03 
  1.338771661e-03 
  1.356021618e-03 
  1.340514631e-03 
  1.362993498e-03 
  1.355183544e-03 
  1.333321445e-03 
  1.338818343e-03 
  1.335466513e-03 
  1.271454967e-03 
  1.304508070e-03 
  1.312893583e-03 
  1.297668321e-03 
  1.320035080e-03 
  1.326592057e-03 
  1.313359709e-03 
  1.308845473e-03 
  1.300686738e-03 
  1.288547181e-03 
  1.285442733e-03 
  1.260269433e-03 
  1.240236335e-03 
  1.246853149e-03 
  1.228987821e-03 
  1.220543520e-03 
  1.186923590e-03 
  1.202203217e-03 
  1.201594598e-03 
  1.188180060e-03 
  1.180549501e-03 
  1.175099867e-03 
  1.164488029e-03 
  1.165276160e-03 
  1.156511251e-03 
  1.153298654e-03 
  1.156843617e-03 
  1.147552393e-03 
  1.152552199e-03 
  1.132712350e-03 
  1.097494969e-03 
  1.124117523e-03 
  1.135003869e-03 
  1.145662391e-03 
  1.134460093e-03 
  1.132845646e-03 
  1.151443808e-03 
  1.150481869e-03 
  1.140110893e-03 
  1.126162475e-03 
  1.122673159e-03 
  1.123775262e-03 
  1.096387743e-03 
  1.096788095e-03 
  1.067128265e-03 
  1.059979899e-03 
  1.048060483e-03 
  1.025986625e-03 
  1.036131987e-03 
  1.034711720e-03 
  1.035891473e-03 
  9.836563841e-04 
  1.014711685e-03 
  1.034717192e-03 
  1.029649633e-03 
  1.024883008e-03 
  1.036656322e-03 
  1.031552907e-03 
  1.026480575e-03 
  1.027238090e-03 
  9.763136040e-04 
  9.743178380e-04 
  9.802067652e-04 
  9.857354453e-04 
  9.747365839e-04 
  9.992065607e-04 
  9.939353913e-04 
  1.005712664e-03 
  1.002285862e-03 
  9.979134193e-04 
  9.919406148e-04 
  1.003146288e-03 
  9.926221101e-04 
  9.922896279e-04 
  9.952661349e-04 
  9.867240442e-04 
  9.865422035e-04 
  9.756922955e-04 
  9.713916224e-04 
  9.747056174e-04 
  9.659631760e-04 
  9.502224275e-04 
  9.548983071e-04 
  9.394542431e-04 
  9.293500916e-04 
  9.294266929e-04 
  9.248953429e-04 
  9.095725836e-04 
  9.089130326e-04 
  9.062702302e-04 
  8.925268776e-04 
  8.600287256e-04 
  8.569243364e-04 
  8.275451837e-04 
  8.634543046e-04 
  8.695289725e-04 
  8.944901638e-04 
  8.834543987e-04 
  8.871607715e-04 
  8.986307657e-04 
  8.908347227e-04 
  8.920063847e-04 
  8.882103139e-04 
  8.979361155e-04 
  8.867540746e-04 
  8.846250712e-04 
  8.891258040e-04 
  8.823430398e-04 
  8.706268854e-04 
  8.745755767e-04 
  8.702571504e-04 
  8.411384770e-04 
  8.305468364e-04 
  8.523726137e-04 
  8.453548653e-04 
  8.237049915e-04 
  8.435322670e-04 
  8.276988519e-04 
  8.167382330e-04 
  8.204211481e-04 
  7.948568673e-04 
  7.895963499e-04 
  7.729092031e-04 
  7.493666490e-04 
  7.498504128e-04 
  7.408668171e-04 
  7.396629080e-04 
  7.436187589e-04 
  7.372236578e-04 
  7.356718415e-04 
  7.459101616e-04 
  7.650989573e-04 
  7.559803198e-04 
  7.534259930e-04 
  7.253545919e-04 
  7.622154080e-04 
  7.662245771e-04 
  7.602660335e-04 
  7.474495796e-04 
  7.481760695e-04 
  7.411747356e-04 
  7.305070176e-04 
  7.235863013e-04 
  7.167652366e-04 
  6.993283750e-04 
  6.981244078e-04 
  6.915209815e-04 
  6.359820836e-04 
  6.620390923e-04 
  6.583243376e-04 
  6.468028878e-04 
  6.342409179e-04 
  6.447249907e-04 
  6.122809718e-04 
  6.202327204e-04 
  6.162145291e-04 
  5.676667788e-04 
  5.749546690e-04 
  5.640519666e-04 
  5.455004866e-04 
  5.294556613e-04 
  5.532935611e-04 
  5.315483431e-04 
  5.274372525e-04 
  4.978877841e-04 
  5.191369564e-04 
  5.178838037e-04 
  5.196910934e-04 
  5.169068463e-04 
  5.181271117e-04 
  5.090445047e-04 
  5.191740929e-04 
  5.126033211e-04 
  5.085002049e-04 
  5.185427726e-04 
  5.141188740e-04 
  5.156443804e-04 
  5.086832098e-04 
