  7.199852169e-02 
  2.203448117e-01 
  2.655779719e-01 
  7.993533611e-01 
  9.611726999e-01 
  1.992060900e+00 
  2.329793930e+00 
  3.748219013e+00 
  5.043807507e+00 
  5.636988640e+00 
  6.853446007e+00 
  1.358025455e+01 
  1.212579536e+01 
  1.601606369e+01 
  1.654687309e+01 
  2.079083252e+01 
  1.636662102e+01 
  2.414247513e+01 
  2.371518517e+01 
  2.793905830e+01 
  2.550245285e+01 
  3.398299408e+01 
  2.845584106e+01 
  2.577445412e+01 
  3.316562271e+01 
  3.534867477e+01 
  5.047484589e+01 
  5.081471634e+01 
  4.044039536e+01 
  4.998157501e+01 
  5.198165131e+01 
  4.105701447e+01 
  4.608825684e+01 
  5.197663498e+01 
  4.274450684e+01 
  4.642626572e+01 
  3.478980637e+01 
  3.277498627e+01 
  3.992939377e+01 
  4.015118408e+01 
  4.455375671e+01 
  3.757796097e+01 
  3.923778534e+01 
  3.909737778e+01 
  3.497423172e+01 
  4.487225342e+01 
  4.949951553e+01 
  4.676854706e+01 
  4.372488403e+01 
  4.763048172e+01 
  4.834027100e+01 
  4.556188202e+01 
  4.631812286e+01 
  4.197808075e+01 
  4.810366821e+01 
  4.838356781e+01 
  4.540076828e+01 
  2.879168129e+01 
  3.104649162e+01 
  3.099550056e+01 
  4.562741470e+01 
  3.592336655e+01 
  3.914046097e+01 
  4.133950806e+01 
  4.096125031e+01 
  3.806706238e+01 
  5.186172104e+01 
  4.605452347e+01 
  4.310058212e+01 
  4.114083099e+01 
  4.695267105e+01 
  3.720957565e+01 
  3.886339951e+01 
  3.842352676e+01 
  2.951680183e+01 
  2.681313324e+01 
  3.802980042e+01 
  3.856871033e+01 
  4.942244339e+01 
  3.769126511e+01 
  3.497418976e+01 
  3.890186691e+01 
  2.879909897e+01 
  1.987723160e+01 
  2.165157509e+01 
  3.223674393e+01 
  2.475109482e+01 
  2.809403801e+01 
  2.751003265e+01 
  3.098055840e+01 
  3.711800385e+01 
  4.102937317e+01 
  3.602593613e+01 
  1.908204079e+01 
  2.086231613e+01 
  3.459871674e+01 
  3.518293381e+01 
  1.414669609e+01 
  3.910333633e+01 
  4.632176971e+01 
  4.496060181e+01 
  4.411833954e+01 
  4.616110229e+01 
  4.268471909e+01 
  4.528775787e+01 
  4.100572586e+01 
  4.018237686e+01 
  3.864241028e+01 
  4.133729935e+01 
  4.518194962e+01 
  3.730184937e+01 
  4.325671387e+01 
  4.426290512e+01 
  4.129369354e+01 
  4.002149200e+01 
  4.215845108e+01 
  4.138676453e+01 
  3.963543320e+01 
  3.829784012e+01 
  3.875782776e+01 
  3.240620422e+01 
  4.010909653e+01 
  3.796819687e+01 
  3.168020058e+01 
  3.442811966e+01 
  3.522965622e+01 
  3.346119690e+01 
  3.180311012e+01 
  3.182121277e+01 
  2.860736656e+01 
  2.255889511e+01 
  2.004406357e+01 
  3.565703583e+01 
  3.136951828e+01 
  2.946876335e+01 
  3.168992233e+01 
  3.473378372e+01 
  3.466559982e+01 
  3.069721603e+01 
  2.936575890e+01 
  3.253854752e+01 
  3.206521225e+01 
  3.338940430e+01 
  3.323408890e+01 
  3.264761734e+01 
  3.395725632e+01 
  2.988956833e+01 
  3.371197510e+01 
  3.389687347e+01 
  3.375447845e+01 
  3.411426926e+01 
  3.646602249e+01 
  3.353051376e+01 
  3.078730774e+01 
  3.246833801e+01 
  3.234080505e+01 
  3.276423264e+01 
  3.259089661e+01 
  3.167204857e+01 
  3.132718658e+01 
  3.072131729e+01 
  3.149468994e+01 
  3.065133095e+01 
  3.033329773e+01 
  3.011801338e+01 
  2.937152100e+01 
  2.998925972e+01 
  2.863267708e+01 
  2.999351311e+01 
  2.941576385e+01 
  2.870307541e+01 
  2.834698868e+01 
  2.838715363e+01 
  2.777521896e+01 
  2.769601631e+01 
  2.850011444e+01 
  2.731832695e+01 
  2.677137756e+01 
  2.780280304e+01 
  2.627256775e+01 
  2.652192497e+01 
  2.609558105e+01 
  2.637512779e+01 
  2.613735580e+01 
  2.487848663e+01 
  2.480853844e+01 
  1.991395950e+01 
  2.216157150e+01 
  2.382599640e+01 
  2.193100357e+01 
  2.472311783e+01 
  2.290580750e+01 
  2.179382133e+01 
  2.324042320e+01 
  2.223049736e+01 
  2.353122902e+01 
  2.268772507e+01 
  2.178797150e+01 
  2.106098557e+01 
  2.080109406e+01 
  2.050410080e+01 
  1.984585762e+01 
  1.952115250e+01 
  2.048126984e+01 
  1.886867332e+01 
  2.015232086e+01 
  2.137068939e+01 
  1.969754028e+01 
  1.871369362e+01 
  1.999165726e+01 
  1.919062042e+01 
  1.901698112e+01 
  1.977313805e+01 
  1.792851257e+01 
  1.738935852e+01 
  1.758840179e+01 
  1.830178452e+01 
  1.335380459e+01 
  1.637637901e+01 
  1.536873436e+01 
  1.676139259e+01 
  1.661310577e+01 
  1.710968208e+01 
  1.578862667e+01 
  1.696925545e+01 
  1.667582703e+01 
  1.574401474e+01 
  1.362424660e+01 
  1.620921898e+01 
  1.651346588e+01 
  1.545826721e+01 
  1.666987038e+01 
  1.575613308e+01 
  1.371468735e+01 
  1.478080463e+01 
  1.494695663e+01 
  1.571994781e+01 
  1.445548725e+01 
  1.499837494e+01 
  1.481725407e+01 
  1.437327480e+01 
  1.306465149e+01 
  1.444642162e+01 
  1.369833755e+01 
  1.432242680e+01 
  1.398610973e+01 
  1.355621147e+01 
  1.400971508e+01 
  1.288655853e+01 
  1.344537163e+01 
  1.303810596e+01 
  1.284758854e+01 
  1.328921604e+01 
  1.266191483e+01 
  1.296668625e+01 
  1.289521217e+01 
  1.243573952e+01 
  1.196640110e+01 
  1.231792355e+01 
  1.154668522e+01 
  1.150125694e+01 
  1.253550053e+01 
  1.140978622e+01 
  1.183821201e+01 
  1.157441425e+01 
  1.161301422e+01 
  1.061760330e+01 
  1.128953743e+01 
  1.114983082e+01 
  1.082118416e+01 
  1.078921032e+01 
  1.032929039e+01 
  1.081638145e+01 
  1.083383465e+01 
  1.068893242e+01 
  1.034340382e+01 
  1.007923317e+01 
  1.042694950e+01 
  1.005855370e+01 
  9.921416283e+00 
  1.020554447e+01 
  9.970884323e+00 
  1.006337452e+01 
  1.007166386e+01 
  9.976122856e+00 
  9.846633911e+00 
  9.361636162e+00 
  9.652260780e+00 
  9.478071213e+00 
  8.332564354e+00 
  8.639178276e+00 
  9.121706963e+00 
  8.880802155e+00 
  8.920806885e+00 
  8.936440468e+00 
  8.697906494e+00 
  8.856561661e+00 
  8.812795639e+00 
  8.572090149e+00 
  8.511882782e+00 
  8.456329346e+00 
  8.347661972e+00 
  8.197440147e+00 
  8.193608284e+00 
  8.400972366e+00 
  8.326873779e+00 
  8.176891327e+00 
  8.078172684e+00 
  7.996434689e+00 
  7.862997532e+00 
  7.687085629e+00 
  7.761918545e+00 
  7.611908913e+00 
  7.452726364e+00 
  7.137650490e+00 
  7.431696415e+00 
  7.020836353e+00 
  7.015083313e+00 
  7.298032761e+00 
  7.183441639e+00 
  7.241329193e+00 
  7.316778660e+00 
  6.884161472e+00 
  6.890673161e+00 
  6.851309299e+00 
  6.620234013e+00 
  6.606818676e+00 
  6.658900261e+00 
  6.449806213e+00 
  6.618804455e+00 
  6.359622955e+00 
  6.566689014e+00 
  6.086040020e+00 
  6.500981331e+00 
  6.278166294e+00 
  6.359161854e+00 
  6.103841782e+00 
  6.272700787e+00 
  6.339860439e+00 
  6.253430367e+00 
  6.025614262e+00 
  6.078563213e+00 
  5.972657204e+00 
  6.037978172e+00 
  5.934243202e+00 
  5.945234299e+00 
  5.679775715e+00 
  5.719480515e+00 
  5.672494888e+00 
  5.753341198e+00 
  5.307063580e+00 
  5.682411671e+00 
  5.532599926e+00 
  5.618759632e+00 
  5.510940552e+00 
  5.330381393e+00 
  4.499439240e+00 
  4.775068283e+00 
  5.290621758e+00 
  5.269320011e+00 
  5.281277657e+00 
  5.279193878e+00 
  5.326350689e+00 
  5.235044956e+00 
  5.122530937e+00 
  5.115173340e+00 
  5.147478580e+00 
  5.016502857e+00 
  5.016639709e+00 
  5.059442043e+00 
  4.970006466e+00 
  4.889085293e+00 
  4.845029354e+00 
  4.851580143e+00 
  4.832977295e+00 
  4.731757641e+00 
  4.793225765e+00 
  4.670612335e+00 
  4.720343113e+00 
  4.626436234e+00 
  4.563005447e+00 
  4.540303230e+00 
  4.504110813e+00 
  4.507145882e+00 
  4.398581982e+00 
  4.423692703e+00 
  4.194222927e+00 
  3.730725050e+00 
  3.829639912e+00 
  3.782994747e+00 
  3.842566013e+00 
  3.927291632e+00 
  3.941791296e+00 
  3.934925795e+00 
  3.931571960e+00 
  3.870814085e+00 
  3.911024094e+00 
  3.969450474e+00 
  3.857451439e+00 
  3.842803955e+00 
  3.785711288e+00 
  3.666517735e+00 
  3.636978626e+00 
  3.717234373e+00 
  3.708832741e+00 
  3.694330931e+00 
  3.638051510e+00 
  3.569801092e+00 
  3.660399437e+00 
  3.526170731e+00 
  3.569281578e+00 
  3.530480862e+00 
  3.476579428e+00 
  3.429530144e+00 
  3.463403225e+00 
  3.304222822e+00 
  3.351396561e+00 
  3.128817797e+00 
  3.027657032e+00 
  2.952442169e+00 
  2.922604799e+00 
  3.055666924e+00 
  3.141735792e+00 
  3.082758665e+00 
  2.992968321e+00 
  2.956101656e+00 
  2.930045843e+00 
  2.968873024e+00 
  2.888430595e+00 
  2.789317131e+00 
  2.870566607e+00 
  2.800840616e+00 
  2.892795324e+00 
  2.888145208e+00 
  2.959885836e+00 
  2.909721851e+00 
  2.821949482e+00 
  2.856346130e+00 
  2.851185560e+00 
  2.751283407e+00 
  2.779736519e+00 
  2.752812862e+00 
  2.696773767e+00 
  2.768958092e+00 
  2.784752607e+00 
  2.701156378e+00 
  2.726722240e+00 
  2.754590511e+00 
  2.691581249e+00 
  2.678678274e+00 
  2.623858213e+00 
  2.603105307e+00 
  2.630916595e+00 
  2.592662573e+00 
  2.619502306e+00 
  2.590604782e+00 
  2.526412010e+00 
  2.531168938e+00 
  2.509148121e+00 
  2.254065275e+00 
  1.125474215e+00 
  1.023912191e+00 
  1.586639047e+00 
  1.426716447e+00 
  1.518368363e+00 
  1.739302158e+00 
  1.893188596e+00 
  2.035548687e+00 
  2.197249413e+00 
  2.243253946e+00 
  2.256138802e+00 
  2.262649298e+00 
  2.246024370e+00 
  2.226873159e+00 
  2.240844488e+00 
  2.146345139e+00 
  2.223643780e+00 
  2.196688175e+00 
  2.173290014e+00 
  2.168749332e+00 
  2.130513191e+00 
  2.116400480e+00 
  2.130518913e+00 
  2.069704533e+00 
  2.069779873e+00 
  2.061511993e+00 
  2.011283398e+00 
  2.024100780e+00 
  1.979635239e+00 
  1.968194008e+00 
  1.937060356e+00 
  1.919387221e+00 
  1.881357789e+00 
  1.874802351e+00 
  1.856827974e+00 
  1.830489755e+00 
  1.835324407e+00 
  1.842010498e+00 
  1.844179392e+00 
  1.830782771e+00 
  1.766644478e+00 
  1.791141868e+00 
  1.777826786e+00 
  1.744487286e+00 
  1.754782557e+00 
  1.704742193e+00 
  1.746233940e+00 
  1.727181196e+00 
  1.705489874e+00 
  1.665246725e+00 
  1.646212935e+00 
  1.657674193e+00 
  1.635154724e+00 
  1.609850883e+00 
  1.586480379e+00 
  1.545920849e+00 
  1.505413294e+00 
  1.507895708e+00 
  1.492699742e+00 
  1.451399565e+00 
  1.437401414e+00 
  1.504691124e+00 
  1.434966922e+00 
  1.396251917e+00 
  1.453248143e+00 
  1.473860145e+00 
  1.470597625e+00 
  1.454694986e+00 
  1.425469995e+00 
  1.424382567e+00 
  1.402391434e+00 
  1.372746468e+00 
  1.394777060e+00 
  1.348948956e+00 
  1.367151260e+00 
  1.372318149e+00 
  1.378581047e+00 
  1.360209823e+00 
  1.362756968e+00 
  1.316277146e+00 
  1.345849276e+00 
  1.340314865e+00 
  1.327671766e+00 
  1.317331910e+00 
  1.291572809e+00 
  1.305939674e+00 
  1.311406255e+00 
  1.261408567e+00 
  1.291111231e+00 
  1.287465334e+00 
  1.107023716e+00 
  1.261149645e+00 
  1.207585812e+00 
  1.217213631e+00 
  9.738383293e-01 
  1.067548156e+00 
  1.206494331e+00 
  1.220551014e+00 
  1.195556998e+00 
  1.190529346e+00 
  1.174622536e+00 
  1.168937206e+00 
  1.159783959e+00 
  1.176373839e+00 
  1.168604493e+00 
  1.141520262e+00 
  9.530106187e-01 
  1.010036111e+00 
  1.090264678e+00 
  1.069944978e+00 
  1.108807564e+00 
  1.102072358e+00 
  1.092584848e+00 
  1.091729522e+00 
  1.062753201e+00 
  1.048043013e+00 
  1.051684260e+00 
  1.067617059e+00 
  1.044102788e+00 
  1.041616321e+00 
  1.030570269e+00 
  9.723070264e-01 
  1.021101117e+00 
  9.933261275e-01 
  9.971860647e-01 
  1.002379417e+00 
  9.644559026e-01 
  9.506497979e-01 
  9.745740294e-01 
  9.767861962e-01 
  9.688394666e-01 
  9.589248300e-01 
  9.489102364e-01 
  9.011517763e-01 
  9.230535030e-01 
  8.611589670e-01 
  8.755878210e-01 
  8.364132047e-01 
  8.271915913e-01 
  8.041763306e-01 
  7.830547690e-01 
  7.583428621e-01 
  7.418927550e-01 
  8.087549806e-01 
  8.365299106e-01 
  8.298404217e-01 
  7.919486165e-01 
  7.810706496e-01 
  7.437857389e-01 
  7.283274531e-01 
  7.356064320e-01 
  7.385698557e-01 
  7.328682542e-01 
  7.292103171e-01 
  7.298746705e-01 
  7.204195261e-01 
  7.278802991e-01 
  7.169449329e-01 
  7.148056030e-01 
  7.373512983e-01 
  7.400375009e-01 
  7.178726196e-01 
  7.080790997e-01 
  6.720889807e-01 
  6.893767118e-01 
  6.947540045e-01 
  6.665820479e-01 
  6.790992618e-01 
  6.665522456e-01 
  6.351778507e-01 
  6.067984104e-01 
  5.777854919e-01 
  5.371112227e-01 
  5.132560134e-01 
  4.840095341e-01 
  4.724149108e-01 
  4.755100012e-01 
  4.818674028e-01 
  4.993883967e-01 
  5.693855882e-01 
  5.744596124e-01 
  5.504198074e-01 
  5.068375468e-01 
  4.975329638e-01 
  4.794880748e-01 
  4.936722815e-01 
  4.989467859e-01 
  5.045843124e-01 
  5.118374228e-01 
  5.105209351e-01 
  5.066440701e-01 
  5.156559348e-01 
  4.984976947e-01 
  5.055387616e-01 
  5.098239183e-01 
  4.658704400e-01 
  4.930270612e-01 
  5.189056993e-01 
  5.245068073e-01 
  5.197108388e-01 
  5.113676786e-01 
  5.015164614e-01 
  5.040422678e-01 
  5.160444379e-01 
  5.102010369e-01 
  5.129194260e-01 
  4.968642890e-01 
  5.201722383e-01 
  5.303446651e-01 
  5.401233435e-01 
  5.398469567e-01 
  5.326111913e-01 
  5.316245556e-01 
  5.189756751e-01 
  5.025092959e-01 
  4.989278018e-01 
  5.078207254e-01 
  5.010766983e-01 
  5.106608272e-01 
  4.959728122e-01 
  5.097478032e-01 
  5.132386088e-01 
  5.079824924e-01 
  5.092871785e-01 
  5.088242292e-01 
  5.094256401e-01 
  5.070325732e-01 
  5.124160647e-01 
  5.044073462e-01 
  4.961996078e-01 
  4.987787902e-01 
  5.022466183e-01 
  4.959803522e-01 
  4.937217832e-01 
  4.956063628e-01 
  4.909155667e-01 
  4.887969792e-01 
  4.867364764e-01 
  4.822913706e-01 
  4.788593054e-01 
  4.733188152e-01 
  4.729851186e-01 
  4.684740603e-01 
  4.615772963e-01 
  4.569435418e-01 
  4.255303442e-01 
  4.461992383e-01 
  4.521424174e-01 
  4.507417381e-01 
  4.442829192e-01 
  4.449920356e-01 
  4.428294301e-01 
  4.419879615e-01 
  4.373479486e-01 
  4.386789799e-01 
  4.288974404e-01 
  4.301510453e-01 
  4.243763685e-01 
  4.278720021e-01 
  4.157274961e-01 
  4.134329259e-01 
  4.163689613e-01 
  4.079624116e-01 
  4.135451913e-01 
  4.094471931e-01 
  4.084451497e-01 
  4.078198075e-01 
  4.035280049e-01 
  4.030520320e-01 
  3.957735002e-01 
  3.985807598e-01 
  3.959439993e-01 
  3.931559324e-01 
  3.844424188e-01 
  3.870432377e-01 
  3.814433217e-01 
  3.848045170e-01 
  3.751877546e-01 
  3.774265051e-01 
  3.774401248e-01 
  3.714651167e-01 
  3.719289899e-01 
  3.715481460e-01 
  3.636912107e-01 
  3.658185303e-01 
  3.627534211e-01 
  3.507607579e-01 
  3.557268679e-01 
  3.577253819e-01 
  3.538666070e-01 
  3.502893746e-01 
  3.488814235e-01 
  3.458057642e-01 
  3.445491791e-01 
  3.395727575e-01 
  3.406207561e-01 
  3.382726014e-01 
  3.361686468e-01 
  3.310759068e-01 
  3.193725646e-01 
  3.296137154e-01 
  3.167916536e-01 
  3.241197169e-01 
  3.172383308e-01 
  3.199199140e-01 
  3.181155324e-01 
  3.071694076e-01 
  3.131423891e-01 
  3.106124103e-01 
  2.861397266e-01 
  3.021757305e-01 
  3.014764786e-01 
  3.011442721e-01 
  2.901905477e-01 
  2.993818521e-01 
  2.894498706e-01 
  2.945295870e-01 
  2.925645709e-01 
  2.920453250e-01 
  2.796945572e-01 
  2.860428691e-01 
  2.745257616e-01 
  2.774272561e-01 
  2.685316503e-01 
  2.772603035e-01 
  2.714380622e-01 
  2.742729485e-01 
  2.578007579e-01 
  2.725385129e-01 
  2.595757544e-01 
  2.639651895e-01 
  2.650164962e-01 
  2.571758330e-01 
  2.514503896e-01 
  2.273872346e-01 
  2.453304976e-01 
  2.435241640e-01 
  2.390706688e-01 
  2.309341580e-01 
  2.265917957e-01 
  2.298802882e-01 
  2.291342914e-01 
  2.185440660e-01 
  2.267294228e-01 
  2.235394716e-01 
  2.206015140e-01 
  2.161660194e-01 
  2.155274749e-01 
  2.143284976e-01 
  2.159658521e-01 
  2.159661949e-01 
  2.115053833e-01 
  2.042656541e-01 
  1.964894533e-01 
  1.960806400e-01 
  1.858745068e-01 
  1.784034371e-01 
  1.697114706e-01 
  1.588233709e-01 
  1.494186074e-01 
  1.438692957e-01 
  1.430715621e-01 
  1.364684552e-01 
  1.395784318e-01 
  1.413434446e-01 
  1.368892789e-01 
  1.333863139e-01 
  1.378590465e-01 
  1.357109249e-01 
  1.412481219e-01 
  1.532069743e-01 
  1.579532474e-01 
  1.527523994e-01 
  1.397086084e-01 
  1.225000024e-01 
  1.248112544e-01 
  1.402381510e-01 
  1.504229605e-01 
  1.531394720e-01 
  1.587962210e-01 
  1.569920331e-01 
  1.487238556e-01 
  1.510471553e-01 
  1.442818791e-01 
  1.389042139e-01 
  1.336959302e-01 
  1.359180510e-01 
  1.404683590e-01 
  1.425656229e-01 
  1.441031992e-01 
  1.430886388e-01 
  1.445622444e-01 
  1.449749172e-01 
  1.459525675e-01 
  1.457245350e-01 
  1.494194418e-01 
  1.505789012e-01 
  1.591890156e-01 
  1.619507968e-01 
  1.618836820e-01 
  1.604022831e-01 
  1.591402888e-01 
  1.664535552e-01 
  1.691727340e-01 
  1.657580882e-01 
  1.686258018e-01 
  1.642418653e-01 
  1.666928679e-01 
  1.674412936e-01 
  1.614531875e-01 
  1.655763984e-01 
  1.667104065e-01 
  1.650608331e-01 
  1.628324240e-01 
  1.623828858e-01 
  1.613431871e-01 
  1.582119167e-01 
  1.618991494e-01 
  1.573664546e-01 
  1.561383605e-01 
  1.573264301e-01 
  1.548916847e-01 
  1.534921080e-01 
  1.441750377e-01 
  1.507919878e-01 
  1.537977606e-01 
  1.519050598e-01 
  1.499269605e-01 
  1.483140439e-01 
  1.400487125e-01 
  1.488340348e-01 
  1.513969153e-01 
  1.511534005e-01 
  1.504655480e-01 
  1.495119333e-01 
  1.462992877e-01 
  1.458530128e-01 
  1.448356062e-01 
  1.393852234e-01 
  1.332001537e-01 
  1.414755583e-01 
  1.420668811e-01 
  1.417221576e-01 
  1.339088827e-01 
  1.357577741e-01 
  1.400616020e-01 
  1.395593137e-01 
  1.403821558e-01 
  1.377030611e-01 
  1.283401400e-01 
  1.363337934e-01 
  1.312908381e-01 
  1.351478696e-01 
  1.359083205e-01 
  1.347736567e-01 
  1.350178719e-01 
  1.350110322e-01 
  1.349720955e-01 
  1.342457682e-01 
  1.325990111e-01 
  1.331041157e-01 
  1.325507164e-01 
  1.314737946e-01 
  1.304852664e-01 
  1.315810680e-01 
  1.305389106e-01 
  1.307137758e-01 
  1.261039376e-01 
  1.298924685e-01 
  1.295214444e-01 
  1.288706958e-01 
  1.285549402e-01 
  1.267109364e-01 
  1.273078620e-01 
  1.267072260e-01 
  1.255009919e-01 
  1.258872896e-01 
  1.255466491e-01 
  1.250609607e-01 
  1.232195646e-01 
  1.222239360e-01 
  1.228382066e-01 
  1.216473728e-01 
  1.198476478e-01 
  1.182433963e-01 
  1.197940037e-01 
  1.183803231e-01 
  1.172533631e-01 
  1.176817715e-01 
  1.167706400e-01 
  1.158072576e-01 
  1.144739017e-01 
  1.135800704e-01 
  1.120946780e-01 
  1.116907001e-01 
  1.108711287e-01 
  1.100156978e-01 
  1.080405414e-01 
  1.074732840e-01 
  1.053512543e-01 
  1.045090854e-01 
  1.032766774e-01 
  9.942544252e-02 
  9.977407753e-02 
  9.754642099e-02 
  9.727732837e-02 
  9.708497673e-02 
  9.439159930e-02 
  9.251386672e-02 
  9.280703962e-02 
  9.523041546e-02 
  9.631291032e-02 
  9.640739858e-02 
  9.659821540e-02 
  9.641046077e-02 
  9.708315879e-02 
  9.724319726e-02 
  9.713014960e-02 
  9.685439616e-02 
  9.613744169e-02 
  9.565844387e-02 
  9.301593155e-02 
  8.263600618e-02 
  9.066942334e-02 
  9.423089027e-02 
  9.478944540e-02 
  9.440793842e-02 
  9.451409429e-02 
  9.282816201e-02 
  9.288597852e-02 
  9.048411250e-02 
  9.161200374e-02 
  9.212508053e-02 
  9.199413657e-02 
  8.993031830e-02 
  9.007814527e-02 
  8.931461722e-02 
  8.805344254e-02 
  8.699265867e-02 
  8.759201318e-02 
  8.692196012e-02 
  8.642012626e-02 
  8.475316316e-02 
  8.313863724e-02 
  8.262090385e-02 
  8.273050189e-02 
  8.242569119e-02 
  8.172266930e-02 
  8.090370148e-02 
  7.987806201e-02 
  7.922036946e-02 
  7.874602079e-02 
  7.741981000e-02 
  7.317643613e-02 
  7.466819882e-02 
  7.230330259e-02 
  7.434881479e-02 
  7.488554716e-02 
  7.269073278e-02 
  7.212343067e-02 
  6.986518204e-02 
  6.878113002e-02 
  6.941191852e-02 
  7.041893154e-02 
  7.079363614e-02 
  7.005960494e-02 
  6.853706390e-02 
  6.567665190e-02 
  6.337928027e-02 
  5.706862360e-02 
  5.641033128e-02 
  5.559960380e-02 
  5.448311940e-02 
  5.655140430e-02 
  5.756610632e-02 
  5.824886635e-02 
  5.775608122e-02 
  5.796450377e-02 
  5.831784755e-02 
  5.785326287e-02 
  5.775859952e-02 
  5.832596496e-02 
  5.807954445e-02 
  5.634070188e-02 
  5.406297371e-02 
  4.899369553e-02 
  4.525789991e-02 
  4.337532446e-02 
  4.049118981e-02 
  3.919288889e-02 
  3.632758558e-02 
  3.500629589e-02 
  3.346515074e-02 
  3.134102374e-02 
  3.016242757e-02 
  2.884236537e-02 
  2.772089653e-02 
  2.633649856e-02 
  2.579989098e-02 
  2.428885363e-02 
  2.298832498e-02 
  2.289661206e-02 
  2.258368768e-02 
  2.281543985e-02 
  2.331694216e-02 
  2.328637242e-02 
  2.351261489e-02 
  2.285815403e-02 
  2.267297544e-02 
  2.223457024e-02 
  2.307828330e-02 
  2.439595014e-02 
  2.634295449e-02 
  2.747301571e-02 
  2.823277004e-02 
  2.800261974e-02 
  2.731788158e-02 
  2.711781487e-02 
  2.593370713e-02 
  2.491861954e-02 
  2.314878628e-02 
  2.198324353e-02 
  2.097012661e-02 
  2.106231265e-02 
  2.187490091e-02 
  2.236323431e-02 
  2.351564728e-02 
  2.489481308e-02 
  2.599355206e-02 
  2.648047730e-02 
  2.605371363e-02 
  2.599364333e-02 
  2.483294159e-02 
  2.380939387e-02 
  2.277945355e-02 
  2.301901393e-02 
  2.404656634e-02 
  2.481759526e-02 
  2.483892441e-02 
  2.443717048e-02 
  2.357051522e-02 
  2.372487076e-02 
  2.473926544e-02 
  2.500704117e-02 
  2.458315343e-02 
  2.464513108e-02 
  2.431873418e-02 
  2.435049228e-02 
  2.491982840e-02 
  2.563313954e-02 
  2.650801279e-02 
  2.744515426e-02 
  2.632409520e-02 
  2.718704939e-02 
  2.731105871e-02 
  2.782145888e-02 
  2.817176469e-02 
  2.843646519e-02 
  2.842758596e-02 
  2.804195136e-02 
  2.808552794e-02 
  2.928426862e-02 
  2.893676050e-02 
  2.884555422e-02 
  2.875348739e-02 
  2.897229791e-02 
  2.776028402e-02 
  2.847479656e-02 
  2.927646041e-02 
  2.879028767e-02 
  2.791568078e-02 
  2.699046582e-02 
  2.697785012e-02 
  2.690265700e-02 
  2.613048814e-02 
  2.687388100e-02 
  2.700711600e-02 
  2.713084035e-02 
  2.753625251e-02 
  2.788970247e-02 
  2.634250373e-02 
  2.776043676e-02 
  2.691607177e-02 
  2.730265632e-02 
  2.756422758e-02 
  2.748447657e-02 
  2.808553353e-02 
  2.824358828e-02 
  2.845905535e-02 
  2.818785422e-02 
  2.756999247e-02 
  2.750783227e-02 
  2.769964933e-02 
  2.920173667e-02 
  3.032670170e-02 
  3.059161827e-02 
  3.119429201e-02 
  3.151220828e-02 
  3.197403625e-02 
  3.148506954e-02 
  3.042245470e-02 
  3.002541140e-02 
  2.899988182e-02 
  2.872322686e-02 
  2.845502086e-02 
  2.827249095e-02 
  2.698637359e-02 
  2.720134892e-02 
  2.605371363e-02 
  2.563679591e-02 
  2.519373223e-02 
  2.541746572e-02 
  2.643659897e-02 
  2.789301611e-02 
  2.805080637e-02 
  2.854800597e-02 
  2.851507440e-02 
  2.819235250e-02 
  2.739022300e-02 
  2.722507343e-02 
  2.752487734e-02 
  2.747710794e-02 
  2.822841145e-02 
  2.771031298e-02 
  2.788397856e-02 
  2.827163413e-02 
  2.812826447e-02 
  2.899264731e-02 
  2.533173002e-02 
  3.018621542e-02 
  3.123006411e-02 
  3.202144057e-02 
  3.130076453e-02 
  3.225761279e-02 
  3.209506720e-02 
  3.214886412e-02 
  3.173288703e-02 
  3.242506459e-02 
  3.319611400e-02 
  3.305919468e-02 
  3.389590234e-02 
  3.365269303e-02 
  3.311226144e-02 
  2.954108641e-02 
  3.080837801e-02 
  3.098762594e-02 
  3.133353591e-02 
  3.301646933e-02 
  3.258974105e-02 
  3.283046931e-02 
  3.331678733e-02 
  3.351346031e-02 
  3.288629279e-02 
  3.278199583e-02 
  3.224831447e-02 
  3.289390728e-02 
  3.253631294e-02 
  3.234937415e-02 
  3.304261714e-02 
  3.268380463e-02 
  3.307891637e-02 
  3.251203895e-02 
  3.223891929e-02 
  3.297620639e-02 
  3.259845078e-02 
  3.172717616e-02 
  3.254250437e-02 
  3.215952218e-02 
  3.234620392e-02 
  3.215862438e-02 
  3.005249612e-02 
  3.205312416e-02 
  3.179211915e-02 
  3.156500310e-02 
  3.101800941e-02 
  3.107563220e-02 
  3.140949085e-02 
  3.146437556e-02 
  3.055519052e-02 
  3.113654070e-02 
  2.993647195e-02 
  3.049549088e-02 
  3.059687652e-02 
  3.044879436e-02 
  3.078145906e-02 
  3.084057197e-02 
  3.078968823e-02 
  3.042926267e-02 
  2.946359850e-02 
  3.014010563e-02 
  2.989812009e-02 
  2.966617607e-02 
  3.009755909e-02 
  2.987060510e-02 
  2.869449183e-02 
  2.909881994e-02 
  2.846757323e-02 
  2.932332270e-02 
  2.901837975e-02 
  2.894348092e-02 
  2.837006003e-02 
  2.895582467e-02 
  2.886969782e-02 
  2.834283188e-02 
  2.766924351e-02 
  2.796935104e-02 
  2.736884169e-02 
  2.718086541e-02 
  2.638937719e-02 
  2.625030093e-02 
  2.539408579e-02 
  2.600787953e-02 
  2.590152062e-02 
  2.545613237e-02 
  2.551958337e-02 
  2.366739698e-02 
  2.536174655e-02 
  2.285807207e-02 
  2.497187816e-02 
  2.508544549e-02 
  2.559611760e-02 
  2.536188625e-02 
  2.486440726e-02 
  2.518188022e-02 
  2.496130764e-02 
  2.568759955e-02 
  2.530073747e-02 
  2.500200272e-02 
  2.457392216e-02 
  2.243945189e-02 
  2.411453240e-02 
  2.351613343e-02 
  2.469201386e-02 
  2.514586225e-02 
  2.486300468e-02 
  2.487866208e-02 
  2.324614301e-02 
  2.399386093e-02 
  2.418703772e-02 
  2.310324833e-02 
  2.326560020e-02 
  2.223023586e-02 
  2.269481309e-02 
  2.251052670e-02 
  2.281107008e-02 
  2.241745219e-02 
  2.230079100e-02 
  2.231657691e-02 
  2.249948494e-02 
  2.235700749e-02 
  2.093501389e-02 
  2.157618105e-02 
  2.183001116e-02 
  2.235907875e-02 
  2.208444662e-02 
  2.246975526e-02 
  2.106902935e-02 
  2.169686928e-02 
  2.231722698e-02 
  2.225315571e-02 
  2.169360779e-02 
  2.135436609e-02 
  2.183755301e-02 
  2.224971913e-02 
  2.236285061e-02 
  2.178007364e-02 
  2.196648158e-02 
  2.188761905e-02 
  2.199697122e-02 
  2.192728594e-02 
  2.125915512e-02 
  2.153835632e-02 
  2.146500349e-02 
  2.112484165e-02 
  2.054744400e-02 
  2.104643174e-02 
  2.091106959e-02 
  1.988411695e-02 
  1.969059743e-02 
  1.939142682e-02 
  1.942678168e-02 
  1.923628710e-02 
  1.916502044e-02 
  1.960445382e-02 
  1.925244927e-02 
  1.923940517e-02 
  1.942296885e-02 
  1.955583692e-02 
  1.942001842e-02 
  1.892918721e-02 
  1.936167851e-02 
  1.888937131e-02 
  1.922865584e-02 
  1.899571717e-02 
  1.916206628e-02 
  1.876442507e-02 
  1.910315827e-02 
  1.891835220e-02 
  1.899801008e-02 
  1.861130260e-02 
  1.877863519e-02 
  1.880560070e-02 
  1.861025766e-02 
  1.843050867e-02 
  1.828741655e-02 
  1.805792563e-02 
  1.793996990e-02 
  1.809445582e-02 
  1.774507761e-02 
  1.775461994e-02 
  1.810922101e-02 
  1.795146614e-02 
  1.706081629e-02 
  1.750391163e-02 
  1.754100621e-02 
  1.733620465e-02 
  1.701588556e-02 
  1.706061698e-02 
  1.711125672e-02 
  1.683687605e-02 
  1.622029394e-02 
  1.562178973e-02 
  1.603425108e-02 
  1.638941467e-02 
  1.665286161e-02 
  1.666014269e-02 
  1.642083190e-02 
  1.645422168e-02 
  1.642421633e-02 
  1.618798822e-02 
  1.613534987e-02 
  1.630538143e-02 
  1.629642211e-02 
  1.620033383e-02 
  1.613942161e-02 
  1.610643044e-02 
  1.597395726e-02 
  1.583769917e-02 
  1.589608379e-02 
  1.575650461e-02 
  1.552200690e-02 
  1.551265363e-02 
  1.542493049e-02 
  1.507528219e-02 
  1.530985907e-02 
  1.534301974e-02 
  1.511537004e-02 
  1.504217274e-02 
  1.459100191e-02 
  1.482278109e-02 
  1.494906284e-02 
  1.378095988e-02 
  1.470772363e-02 
  1.474624313e-02 
  1.471332647e-02 
  1.468840241e-02 
  1.457759272e-02 
  1.440719143e-02 
  1.429703459e-02 
  1.438354794e-02 
  1.402179245e-02 
  1.378392428e-02 
  1.398414467e-02 
  1.325125992e-02 
  1.341950987e-02 
  1.358071622e-02 
  1.369095687e-02 
  1.359303109e-02 
  1.326438505e-02 
  1.350445859e-02 
  1.349935681e-02 
  1.327546872e-02 
  1.309441123e-02 
  1.223199069e-02 
  1.244004164e-02 
  1.248616073e-02 
  1.185312960e-02 
  1.166748907e-02 
  1.221006270e-02 
  1.237131283e-02 
  1.238559932e-02 
  1.207100693e-02 
  1.242196746e-02 
  1.218912657e-02 
  1.233056188e-02 
  1.194328256e-02 
  1.200204063e-02 
  1.167867612e-02 
  1.208337117e-02 
  1.196124405e-02 
  1.190648042e-02 
  1.168730389e-02 
  1.174572576e-02 
  1.175035257e-02 
  1.172737405e-02 
  1.151901297e-02 
  1.161622815e-02 
  1.159802359e-02 
  1.148216892e-02 
  1.150305383e-02 
  1.139553543e-02 
  1.116111502e-02 
  1.085941121e-02 
  1.094981655e-02 
  1.069927402e-02 
  1.086120028e-02 
  1.077713445e-02 
  1.075120550e-02 
  1.057322789e-02 
  1.062550768e-02 
  1.042980980e-02 
  1.042442024e-02 
  1.039597392e-02 
  1.037485525e-02 
  1.011786051e-02 
  9.826515801e-03 
  9.779846296e-03 
  9.488041513e-03 
  9.316951036e-03 
  9.389446117e-03 
  9.306820109e-03 
  9.275765158e-03 
  9.132949635e-03 
  8.968156762e-03 
  8.955511265e-03 
  8.894493803e-03 
  8.944095112e-03 
  8.995926939e-03 
  8.944004774e-03 
  8.675538003e-03 
  8.589896373e-03 
  8.362992667e-03 
  8.221193217e-03 
  7.947119884e-03 
  7.662873250e-03 
  7.708923426e-03 
  7.434342522e-03 
  7.135963067e-03 
  7.145235315e-03 
  6.794083398e-03 
  6.743437611e-03 
  6.321309600e-03 
  6.102598272e-03 
  6.061022636e-03 
  6.124195643e-03 
  6.084769499e-03 
  5.910131615e-03 
  5.809013266e-03 
  5.730191711e-03 
  5.558527540e-03 
  5.318442825e-03 
  5.298472941e-03 
  5.093042739e-03 
  5.092056934e-03 
  4.936637357e-03 
  4.650485236e-03 
  4.575946834e-03 
  4.335484002e-03 
  4.034536425e-03 
  4.207660444e-03 
  4.259483423e-03 
  4.280117806e-03 
  4.212263506e-03 
  4.137286916e-03 
  4.234778695e-03 
  3.995531704e-03 
  4.006451461e-03 
  3.866603831e-03 
  3.821838647e-03 
  3.528055735e-03 
  3.479474923e-03 
  3.461853368e-03 
  3.370935796e-03 
  3.239732701e-03 
  3.223191947e-03 
  3.027154831e-03 
  3.024788573e-03 
  2.965267515e-03 
  2.860837849e-03 
  2.976552350e-03 
  2.991484944e-03 
  3.047883045e-03 
  3.076171968e-03 
  2.968829358e-03 
  3.126581898e-03 
  3.106068121e-03 
  3.071579849e-03 
  2.843021648e-03 
  2.919905121e-03 
  2.958438825e-03 
  2.974608447e-03 
  2.951096278e-03 
  2.925852779e-03 
  2.852619160e-03 
  2.894744975e-03 
  2.892886521e-03 
  2.787812147e-03 
  2.892997116e-03 
  2.932214644e-03 
  2.987822751e-03 
  2.944326261e-03 
  3.084014636e-03 
  3.051996697e-03 
  3.060769755e-03 
  3.021252574e-03 
  3.025128739e-03 
  2.831695834e-03 
  2.777388552e-03 
  2.567842603e-03 
  2.622126834e-03 
  2.423923695e-03 
  2.315708669e-03 
  2.290546661e-03 
  2.295168582e-03 
  2.285429742e-03 
  2.232589992e-03 
  2.070312854e-03 
  2.599960892e-03 
  2.803914947e-03 
  2.856324892e-03 
  2.872546902e-03 
  2.951943781e-03 
  3.001587931e-03 
  3.020179225e-03 
  3.027246799e-03 
  3.002963262e-03 
  2.897138242e-03 
  3.032422159e-03 
  2.983640879e-03 
  2.926880959e-03 
  2.810135484e-03 
  2.898497740e-03 
  2.802874893e-03 
  2.681910992e-03 
  2.783198841e-03 
  2.709031571e-03 
  2.593387384e-03 
  2.575132996e-03 
  2.521301853e-03 
  2.475281712e-03 
  2.441166667e-03 
  2.455842681e-03 
  2.413619775e-03 
  2.425253857e-03 
  2.397454809e-03 
  2.486901591e-03 
  2.490887418e-03 
  2.556229709e-03 
  2.502408344e-03 
  2.544521354e-03 
  2.541805152e-03 
  2.531640464e-03 
  2.451574896e-03 
  2.570041222e-03 
  2.626348054e-03 
  2.602965338e-03 
  2.697205637e-03 
  2.705075080e-03 
  2.764208475e-03 
  2.746194135e-03 
  2.723215381e-03 
  2.826169832e-03 
  2.874198370e-03 
  2.836118685e-03 
  2.885555848e-03 
  2.865627175e-03 
  2.874858212e-03 
  2.878196770e-03 
  2.842860529e-03 
  2.785226563e-03 
  2.889302559e-03 
  2.889025724e-03 
  2.971448470e-03 
  2.915603574e-03 
  3.026514081e-03 
  3.042886266e-03 
  3.077488393e-03 
  3.072231775e-03 
  3.123912029e-03 
  2.978293924e-03 
  3.074235283e-03 
  3.097334178e-03 
  3.116753185e-03 
  3.018751042e-03 
  2.875818871e-03 
  2.696231939e-03 
  2.866530791e-03 
  3.038829891e-03 
  3.058155300e-03 
  3.088359488e-03 
  2.965463558e-03 
  2.873348305e-03 
  2.854721155e-03 
  2.924577566e-03 
  2.863495611e-03 
  2.853865270e-03 
  2.794560045e-03 
  2.864433685e-03 
  2.871824894e-03 
  2.982976846e-03 
  2.954344032e-03 
  3.102508839e-03 
  3.034500871e-03 
  3.134944476e-03 
  3.132072743e-03 
  3.389736405e-03 
  3.300089622e-03 
  3.534291638e-03 
  3.537707962e-03 
  3.693241160e-03 
  3.718145425e-03 
  3.865112318e-03 
  3.827396780e-03 
  3.783112857e-03 
  3.878907533e-03 
  4.071391653e-03 
  4.066355061e-03 
  4.142264836e-03 
  3.923295997e-03 
  4.214768764e-03 
  4.074559081e-03 
  4.198492039e-03 
  4.227111582e-03 
  4.260630812e-03 
  4.206063692e-03 
  4.218625836e-03 
  4.125915002e-03 
  4.139711149e-03 
  4.244240467e-03 
  4.213501699e-03 
  4.192965105e-03 
  4.142114893e-03 
  4.076255020e-03 
  3.886482678e-03 
  3.909975756e-03 
  3.743536538e-03 
  3.735207953e-03 
  3.282707650e-03 
  3.214089200e-03 
  2.781337593e-03 
  2.777023008e-03 
  2.350030001e-03 
  2.349137096e-03 
  2.102453494e-03 
  2.096669050e-03 
  2.112886403e-03 
  2.053952077e-03 
  2.182145370e-03 
  2.176270355e-03 
  2.234208630e-03 
  2.233890118e-03 
  2.253311453e-03 
  2.246220130e-03 
  2.283205977e-03 
  2.256350126e-03 
  2.346554073e-03 
  2.338147722e-03 
  2.488987753e-03 
  2.489951206e-03 
  2.724304795e-03 
  2.698562574e-03 
  2.838073997e-03 
  2.932316158e-03 
  3.179368563e-03 
  3.176045604e-03 
  3.327955026e-03 
  3.351547522e-03 
  3.464603797e-03 
  3.469857853e-03 
  3.494847566e-03 
  3.447217634e-03 
  3.524529748e-03 
  3.576348070e-03 
  3.624072531e-03 
  3.614137415e-03 
  3.506279783e-03 
  3.581491997e-03 
  3.605663776e-03 
  3.405578434e-03 
  3.515932709e-03 
  3.537582699e-03 
  3.500985680e-03 
  3.461647546e-03 
  3.421103116e-03 
  3.413835075e-03 
  3.302248893e-03 
  3.293579211e-03 
  3.269359237e-03 
  3.102289513e-03 
  3.113212762e-03 
  2.925900975e-03 
  2.904050751e-03 
  2.783114789e-03 
  2.738618525e-03 
  2.733349800e-03 
  2.748775296e-03 
  2.776682843e-03 
  2.760623582e-03 
  2.807978541e-03 
  2.803524723e-03 
  2.806999022e-03 
  2.727399813e-03 
  2.801556140e-03 
  2.785758814e-03 
  2.614221303e-03 
  2.762141405e-03 
  2.760197967e-03 
  2.768910723e-03 
  2.740163822e-03 
  2.792538842e-03 
  2.693690592e-03 
  2.862352645e-03 
  2.824121155e-03 
  2.955339151e-03 
  2.945241285e-03 
  3.017730778e-03 
  3.008511383e-03 
  3.056362737e-03 
  3.049796913e-03 
  2.993306611e-03 
  3.054730361e-03 
  3.019181313e-03 
  3.058365081e-03 
  2.999210497e-03 
  3.018507035e-03 
  3.037846880e-03 
  3.059318988e-03 
  3.052002518e-03 
  3.069227096e-03 
  3.067698097e-03 
  3.072755411e-03 
  3.043967998e-03 
  2.922231331e-03 
  3.025355283e-03 
  3.048019717e-03 
  2.948336303e-03 
  3.031310393e-03 
  3.018198535e-03 
  3.008341417e-03 
  3.014361952e-03 
  3.016631352e-03 
  3.009158419e-03 
  3.023957368e-03 
  2.972183516e-03 
  3.012751462e-03 
  3.004515078e-03 
  3.010452958e-03 
  2.995753661e-03 
  2.987376880e-03 
  2.966448665e-03 
  2.891785465e-03 
  2.953544492e-03 
  2.940406324e-03 
  2.919955645e-03 
  2.923530526e-03 
  2.916016849e-03 
  2.890626434e-03 
  2.816556254e-03 
  2.876283834e-03 
  2.890966600e-03 
  2.816450084e-03 
  2.872665878e-03 
  2.842560643e-03 
  2.839111025e-03 
  2.791195177e-03 
  2.846141113e-03 
  2.856282517e-03 
  2.801301656e-03 
  2.855227329e-03 
  2.843456808e-03 
  2.828079043e-03 
  2.839801833e-03 
  2.829416422e-03 
  2.822490875e-03 
  2.808714518e-03 
  2.806996694e-03 
  2.699474338e-03 
  2.786302008e-03 
  2.780515701e-03 
  2.761425683e-03 
  2.752667991e-03 
  2.750087529e-03 
  2.728168853e-03 
  2.709470456e-03 
  2.689102897e-03 
  2.657365520e-03 
  2.608757932e-03 
  2.630355069e-03 
  2.626621630e-03 
  2.588123083e-03 
  2.580185654e-03 
  2.553739818e-03 
  2.542759292e-03 
  2.514353255e-03 
  2.515638713e-03 
  2.509956714e-03 
  2.507761586e-03 
  2.496740082e-03 
  2.488641534e-03 
  2.472541761e-03 
  2.460043877e-03 
  2.453052206e-03 
  2.415705938e-03 
  2.413392067e-03 
  2.375199459e-03 
  2.292101039e-03 
  2.055123914e-03 
  2.244768431e-03 
  2.311548218e-03 
  2.368608024e-03 
  2.362314845e-03 
  2.378519857e-03 
  2.365260618e-03 
  2.369418042e-03 
  2.356140176e-03 
  2.354679164e-03 
  2.335940953e-03 
  2.309929812e-03 
  2.322503366e-03 
  2.229114994e-03 
  2.314846730e-03 
  2.306953073e-03 
  2.281417372e-03 
  2.221116796e-03 
  2.271354431e-03 
  2.272945829e-03 
  2.271914389e-03 
  2.264761133e-03 
  2.203569748e-03 
  2.187571721e-03 
  2.210063161e-03 
  2.230971120e-03 
  2.220825525e-03 
  2.190404339e-03 
  2.180709504e-03 
  2.170267282e-03 
  2.139272401e-03 
  2.126995707e-03 
  2.107817680e-03 
  2.100976184e-03 
  2.089368878e-03 
  2.087825676e-03 
  2.080682199e-03 
  2.101861173e-03 
  2.098435070e-03 
  2.088642912e-03 
  2.035392215e-03 
  2.005829941e-03 
  2.106084256e-03 
  2.058821963e-03 
  2.122259932e-03 
  2.116544638e-03 
  2.105940599e-03 
  2.102107974e-03 
  2.089896007e-03 
  2.085577231e-03 
  2.064326778e-03 
  2.030763309e-03 
  2.051417949e-03 
  2.054265002e-03 
  2.043449786e-03 
  2.036246238e-03 
  2.024502493e-03 
  2.019171370e-03 
  2.010555705e-03 
  1.996338833e-03 
  1.958334120e-03 
  1.960389083e-03 
  1.954934094e-03 
  1.968957251e-03 
  1.943508512e-03 
  1.942977658e-03 
  1.939396025e-03 
  1.929776277e-03 
  1.922721742e-03 
  1.908458187e-03 
  1.897357521e-03 
  1.894838060e-03 
  1.869424945e-03 
  1.826912630e-03 
  1.845903345e-03 
  1.860785997e-03 
  1.853450667e-03 
  1.818981254e-03 
  1.829529298e-03 
  1.826363849e-03 
  1.819201978e-03 
  1.814317307e-03 
  1.761399908e-03 
  1.794874785e-03 
  1.775899902e-03 
  1.770657487e-03 
  1.770381234e-03 
  1.741777058e-03 
  1.695241663e-03 
  1.728484523e-03 
  1.712390571e-03 
  1.709308242e-03 
  1.705184695e-03 
  1.704080030e-03 
  1.688441145e-03 
  1.677195309e-03 
  1.677433378e-03 
  1.615388319e-03 
  1.671856153e-03 
  1.659028698e-03 
  1.635425608e-03 
  1.646993565e-03 
  1.644968404e-03 
  1.638290938e-03 
  1.630553859e-03 
  1.613704371e-03 
  1.625757781e-03 
  1.620967640e-03 
  1.613292494e-03 
  1.586559345e-03 
  1.603756915e-03 
  1.601226861e-03 
  1.597757684e-03 
  1.590007800e-03 
  1.582420780e-03 
  1.502000843e-03 
  1.548117842e-03 
  1.549988752e-03 
  1.544414205e-03 
  1.536143944e-03 
  1.531157526e-03 
  1.531553688e-03 
  1.523572137e-03 
  1.506053610e-03 
  1.503369189e-03 
  1.479789265e-03 
  1.484500594e-03 
  1.478985534e-03 
  1.396911102e-03 
  1.431414508e-03 
  1.423273119e-03 
  1.395663712e-03 
  1.424147980e-03 
  1.426007831e-03 
  1.419729320e-03 
  1.416183077e-03 
  1.430942910e-03 
  1.424216782e-03 
  1.417062012e-03 
  1.431920216e-03 
  1.430938370e-03 
  1.431246870e-03 
  1.428535208e-03 
  1.416949672e-03 
  1.407168340e-03 
  1.409133081e-03 
  1.400110777e-03 
  1.382809947e-03 
  1.372367376e-03 
  1.321826829e-03 
  1.338858274e-03 
  1.323547214e-03 
  1.345907338e-03 
  1.338195172e-03 
  1.316419221e-03 
  1.321903896e-03 
  1.318594324e-03 
  1.255505369e-03 
  1.288143685e-03 
  1.296423841e-03 
  1.281477977e-03 
  1.303565572e-03 
  1.310040709e-03 
  1.296938979e-03 
  1.292480971e-03 
  1.284422236e-03 
  1.272324007e-03 
  1.269258675e-03 
  1.244252082e-03 
  1.224473584e-03 
  1.231003786e-03 
  1.213179552e-03 
  1.204843982e-03 
  1.171656186e-03 
  1.186597277e-03 
  1.185996691e-03 
  1.172654564e-03 
  1.165123656e-03 
  1.159745152e-03 
  1.149212825e-03 
  1.149990596e-03 
  1.141338376e-03 
  1.138175139e-03 
  1.141673536e-03 
  1.132504200e-03 
  1.137529034e-03 
  1.117947744e-03 
  1.083316980e-03 
  1.109595760e-03 
  1.120341360e-03 
  1.131004537e-03 
  1.119945431e-03 
  1.118347864e-03 
  1.136754989e-03 
  1.135805389e-03 
  1.125566545e-03 
  1.111685298e-03 
  1.108241035e-03 
  1.109323930e-03 
  1.082089031e-03 
  1.082484028e-03 
  1.052948064e-03 
  1.045894693e-03 
  1.034133718e-03 
  1.012245775e-03 
  1.022255281e-03 
  1.020854106e-03 
  1.022087643e-03 
  9.705487173e-04 
  1.001185272e-03 
  1.020977506e-03 
  1.015977119e-03 
  1.011273824e-03 
  1.023004530e-03 
  1.017968170e-03 
  1.012959750e-03 
  1.013707137e-03 
  9.634534363e-04 
  9.614959708e-04 
  9.673072491e-04 
  9.727634606e-04 
  9.619529010e-04 
  9.861018043e-04 
  9.808999021e-04 
  9.925736813e-04 
  9.891916998e-04 
  9.848679183e-04 
  9.790358599e-04 
  9.900957812e-04 
  9.797086241e-04 
  9.794022189e-04 
  9.823399596e-04 
  9.738985682e-04 
  9.737121291e-04 
  9.630033746e-04 
  9.587170207e-04 
  9.619877674e-04 
  9.533594130e-04 
  9.377180832e-04 
  9.423325537e-04 
  9.270916926e-04 
  9.170367266e-04 
  9.171123384e-04 
  9.126410587e-04 
  8.974280790e-04 
  8.967773174e-04 
  8.941697888e-04 
  8.805621765e-04 
  8.484996506e-04 
  8.454284398e-04 
  8.164650644e-04 
  8.518934483e-04 
  8.578869165e-04 
  8.826470003e-04 
  8.717574528e-04 
  8.753976435e-04 
  8.868203731e-04 
  8.791268920e-04 
  8.802832454e-04 
  8.765953244e-04 
  8.861939423e-04 
  8.751458372e-04 
  8.730348782e-04 
  8.774767048e-04 
  8.707829402e-04 
  8.591570077e-04 
  8.630538359e-04 
  8.587742341e-04 
  8.299666806e-04 
  8.195156115e-04 
  8.410516311e-04 
  8.341289358e-04 
  8.127665496e-04 
  8.323192014e-04 
  8.166050538e-04 
  8.057914092e-04 
  8.094249642e-04 
  7.840781473e-04 
  7.788890507e-04 
  7.623276324e-04 
  7.391074323e-04 
  7.395846769e-04 
  7.306966581e-04 
  7.295092801e-04 
  7.334108814e-04 
  7.271133945e-04 
  7.255828823e-04 
  7.356809219e-04 
  7.547197165e-04 
  7.457248867e-04 
  7.432053681e-04 
  7.154938066e-04 
  7.518882048e-04 
  7.558431244e-04 
  7.499654312e-04 
  7.372669061e-04 
  7.379835588e-04 
  7.310587680e-04 
  7.204544963e-04 
  7.136291242e-04 
  7.069019484e-04 
  6.896212581e-04 
  6.884340546e-04 
  6.819007685e-04 
  6.270342856e-04 
  6.527247024e-04 
  6.490623346e-04 
  6.376681849e-04 
  6.252837484e-04 
  6.356012891e-04 
  6.035317201e-04 
  6.113698473e-04 
  6.074091070e-04 
  5.594916292e-04 
  5.666746292e-04 
  5.559161073e-04 
  5.375756300e-04 
  5.217639264e-04 
  5.452556070e-04 
  5.237979931e-04 
  5.197469145e-04 
  4.906204995e-04 
  5.115490640e-04 
  5.103143048e-04 
  5.120952264e-04 
  5.093547516e-04 
  5.105572636e-04 
  5.016073701e-04 
  5.115771783e-04 
  5.051025073e-04 
  5.010595196e-04 
  5.109632621e-04 
  5.066040321e-04 
  5.081073032e-04 
  5.012341426e-04 
