  6.302127242e-02 
  1.952802390e-01 
  2.375715226e-01 
  7.244390249e-01 
  8.759384751e-01 
  1.836150169e+00 
  2.160266399e+00 
  3.501543045e+00 
  4.735096931e+00 
  5.313240528e+00 
  6.510061741e+00 
  1.293567562e+01 
  1.159988594e+01 
  1.537406445e+01 
  1.590283489e+01 
  2.006806564e+01 
  1.581628799e+01 
  2.337675667e+01 
  2.299558067e+01 
  2.719833183e+01 
  2.474403763e+01 
  3.316412735e+01 
  2.769903946e+01 
  2.515340424e+01 
  3.244197083e+01 
  3.450109100e+01 
  4.940527725e+01 
  4.976497269e+01 
  3.952336121e+01 
  4.900120544e+01 
  5.097437668e+01 
  4.021063232e+01 
  4.521425247e+01 
  5.100604248e+01 
  4.191772079e+01 
  4.557894135e+01 
  3.416501999e+01 
  3.217184448e+01 
  3.920998001e+01 
  3.944371796e+01 
  4.375473022e+01 
  3.691844940e+01 
  3.855784607e+01 
  3.842029190e+01 
  3.436294937e+01 
  4.410383224e+01 
  4.865926361e+01 
  4.597878265e+01 
  4.298971939e+01 
  4.683477783e+01 
  4.753591156e+01 
  4.480677795e+01 
  4.555161667e+01 
  4.128801346e+01 
  4.731624603e+01 
  4.759431839e+01 
  4.466267776e+01 
  2.832473373e+01 
  3.054473877e+01 
  3.049625969e+01 
  4.489479065e+01 
  3.534951019e+01 
  3.851860428e+01 
  4.068587112e+01 
  4.031631088e+01 
  3.746987152e+01 
  5.105144882e+01 
  4.533756638e+01 
  4.243200302e+01 
  4.050489807e+01 
  4.622942734e+01 
  3.663838196e+01 
  3.826885986e+01 
  3.783769608e+01 
  2.906825066e+01 
  2.640697098e+01 
  3.745545959e+01 
  3.798780823e+01 
  4.867979050e+01 
  3.712626266e+01 
  3.445146942e+01 
  3.832264328e+01 
  2.837203789e+01 
  1.958356667e+01 
  2.133277702e+01 
  3.176360130e+01 
  2.438892746e+01 
  2.768417549e+01 
  2.710985947e+01 
  3.053120232e+01 
  3.658116531e+01 
  4.043764114e+01 
  3.550782013e+01 
  1.880836678e+01 
  2.056392860e+01 
  3.410519409e+01 
  3.468242645e+01 
  1.394597721e+01 
  3.854997253e+01 
  4.566794586e+01 
  4.432759094e+01 
  4.349875641e+01 
  4.551445389e+01 
  4.208824921e+01 
  4.465645599e+01 
  4.043549347e+01 
  3.962493134e+01 
  3.810760117e+01 
  4.076653290e+01 
  4.455953979e+01 
  3.678916931e+01 
  4.266353226e+01 
  4.365727234e+01 
  4.072993469e+01 
  3.947603607e+01 
  4.158521271e+01 
  4.082530594e+01 
  3.909891510e+01 
  3.778050613e+01 
  3.823534393e+01 
  3.197022629e+01 
  3.957056427e+01 
  3.745943069e+01 
  3.125653267e+01 
  3.396858215e+01 
  3.476028824e+01 
  3.301618958e+01 
  3.138091087e+01 
  3.139949226e+01 
  2.822886658e+01 
  2.226090240e+01 
  1.977971840e+01 
  3.518752289e+01 
  3.095710945e+01 
  2.908193970e+01 
  3.127457428e+01 
  3.427922440e+01 
  3.421259689e+01 
  3.029664993e+01 
  2.898311424e+01 
  3.211514664e+01 
  3.164853477e+01 
  3.295608521e+01 
  3.280333710e+01 
  3.222498322e+01 
  3.351818848e+01 
  2.950351143e+01 
  3.327710724e+01 
  3.346032333e+01 
  3.332048416e+01 
  3.367634964e+01 
  3.599858856e+01 
  3.310127640e+01 
  3.039368248e+01 
  3.205372238e+01 
  3.192821312e+01 
  3.234649658e+01 
  3.217563248e+01 
  3.126874161e+01 
  3.092849922e+01 
  3.033055878e+01 
  3.109431458e+01 
  3.026187515e+01 
  2.994808578e+01 
  2.973620224e+01 
  2.899980736e+01 
  2.961035538e+01 
  2.827148628e+01 
  2.961543655e+01 
  2.904507256e+01 
  2.834139824e+01 
  2.798975563e+01 
  2.802925110e+01 
  2.742465210e+01 
  2.734600258e+01 
  2.813922310e+01 
  2.697146797e+01 
  2.643070030e+01 
  2.744921112e+01 
  2.593913651e+01 
  2.618615723e+01 
  2.576589012e+01 
  2.604255295e+01 
  2.580825233e+01 
  2.456553841e+01 
  2.449667549e+01 
  1.966387177e+01 
  2.188360405e+01 
  2.352749825e+01 
  2.165655518e+01 
  2.441406631e+01 
  2.261956215e+01 
  2.152149391e+01 
  2.295004272e+01 
  2.195274353e+01 
  2.323724174e+01 
  2.240394020e+01 
  2.151510620e+01 
  2.079690170e+01 
  2.053994179e+01 
  2.024635506e+01 
  1.959604836e+01 
  1.927510262e+01 
  2.022278023e+01 
  1.863021278e+01 
  1.989729118e+01 
  2.110035706e+01 
  1.944849777e+01 
  1.847721481e+01 
  1.973915672e+01 
  1.894835281e+01 
  1.877695847e+01 
  1.952360725e+01 
  1.770229530e+01 
  1.716997528e+01 
  1.736653900e+01 
  1.807081032e+01 
  1.318510151e+01 
  1.616927910e+01 
  1.517417526e+01 
  1.654898643e+01 
  1.640234756e+01 
  1.689234352e+01 
  1.558778381e+01 
  1.675309181e+01 
  1.646309471e+01 
  1.554290390e+01 
  1.344991398e+01 
  1.600142479e+01 
  1.630138016e+01 
  1.525937462e+01 
  1.645500374e+01 
  1.555271912e+01 
  1.353753376e+01 
  1.458982754e+01 
  1.475381088e+01 
  1.551678562e+01 
  1.426861954e+01 
  1.480441952e+01 
  1.462555790e+01 
  1.418723202e+01 
  1.289546204e+01 
  1.425923824e+01 
  1.352075005e+01 
  1.413660240e+01 
  1.380447006e+01 
  1.337998104e+01 
  1.382741165e+01 
  1.271870613e+01 
  1.327007008e+01 
  1.286790371e+01 
  1.267962551e+01 
  1.311522579e+01 
  1.249588966e+01 
  1.279640961e+01 
  1.272562027e+01 
  1.227193069e+01 
  1.180850220e+01 
  1.215510178e+01 
  1.139378738e+01 
  1.134867954e+01 
  1.236888409e+01 
  1.125777912e+01 
  1.168018627e+01 
  1.141957855e+01 
  1.145727253e+01 
  1.047489166e+01 
  1.113728046e+01 
  1.099869061e+01 
  1.067372990e+01 
  1.064196587e+01 
  1.018826771e+01 
  1.066810322e+01 
  1.068488598e+01 
  1.054173946e+01 
  1.020072937e+01 
  9.940170288e+00 
  1.028322124e+01 
  9.920197487e+00 
  9.785332680e+00 
  1.006609535e+01 
  9.835320473e+00 
  9.927070618e+00 
  9.935634613e+00 
  9.841687202e+00 
  9.714233398e+00 
  9.235962868e+00 
  9.522678375e+00 
  9.350357056e+00 
  8.219304085e+00 
  8.521702766e+00 
  8.998451233e+00 
  8.760416031e+00 
  8.800735474e+00 
  8.815965652e+00 
  8.580058098e+00 
  8.737212181e+00 
  8.693595886e+00 
  8.456233978e+00 
  8.396734238e+00 
  8.342000008e+00 
  8.234643936e+00 
  8.086293221e+00 
  8.082603455e+00 
  8.287395477e+00 
  8.214511871e+00 
  8.066701889e+00 
  7.969453812e+00 
  7.888950825e+00 
  7.757431984e+00 
  7.584013939e+00 
  7.658002853e+00 
  7.510154247e+00 
  7.353243828e+00 
  7.042506218e+00 
  7.332771301e+00 
  6.927504539e+00 
  6.921943665e+00 
  7.201228142e+00 
  7.088226318e+00 
  7.145408630e+00 
  7.219907284e+00 
  6.793051720e+00 
  6.799488068e+00 
  6.760660172e+00 
  6.532649994e+00 
  6.519343376e+00 
  6.570424557e+00 
  6.362792969e+00 
  6.530467987e+00 
  6.274984837e+00 
  6.479657650e+00 
  6.005470276e+00 
  6.415260315e+00 
  6.195778370e+00 
  6.275989056e+00 
  6.024339199e+00 
  6.191302776e+00 
  6.257957458e+00 
  6.172909737e+00 
  5.948297501e+00 
  6.000792980e+00 
  5.896451950e+00 
  5.960984230e+00 
  5.858742237e+00 
  5.869599819e+00 
  5.607333183e+00 
  5.646375656e+00 
  5.599806786e+00 
  5.679983139e+00 
  5.239950180e+00 
  5.610636711e+00 
  5.462371826e+00 
  5.548022270e+00 
  5.441587448e+00 
  5.263203621e+00 
  4.442850113e+00 
  4.715162754e+00 
  5.224489212e+00 
  5.203522682e+00 
  5.215468407e+00 
  5.213621616e+00 
  5.260352135e+00 
  5.170219421e+00 
  5.059209347e+00 
  5.052026272e+00 
  5.084043980e+00 
  4.954787254e+00 
  4.955045700e+00 
  4.997415543e+00 
  4.909159184e+00 
  4.829313755e+00 
  4.785872459e+00 
  4.792418480e+00 
  4.774116516e+00 
  4.674202442e+00 
  4.734991074e+00 
  4.613925457e+00 
  4.663111210e+00 
  4.570390701e+00 
  4.507734299e+00 
  4.485317707e+00 
  4.449617386e+00 
  4.452640057e+00 
  4.345398426e+00 
  4.370293140e+00 
  4.143461227e+00 
  3.681654453e+00 
  3.780705452e+00 
  3.734310389e+00 
  3.793823481e+00 
  3.878396988e+00 
  3.893304110e+00 
  3.886524439e+00 
  3.883088112e+00 
  3.823378563e+00 
  3.863276720e+00 
  3.921625614e+00 
  3.810876608e+00 
  3.795904875e+00 
  3.739610195e+00 
  3.621776342e+00 
  3.592698097e+00 
  3.672417402e+00 
  3.664156675e+00 
  3.649672747e+00 
  3.594119310e+00 
  3.526764870e+00 
  3.616349459e+00 
  3.483879328e+00 
  3.526342154e+00 
  3.488161564e+00 
  3.435037851e+00 
  3.388462067e+00 
  3.421902895e+00 
  3.264486313e+00 
  3.310932398e+00 
  3.090091944e+00 
  2.989542723e+00 
  2.915039062e+00 
  2.885234594e+00 
  3.018160343e+00 
  3.103674173e+00 
  3.045162678e+00 
  2.955688715e+00 
  2.919409037e+00 
  2.893644571e+00 
  2.932111979e+00 
  2.852548838e+00 
  2.754965305e+00 
  2.835174322e+00 
  2.766258478e+00 
  2.857569933e+00 
  2.853426695e+00 
  2.924530745e+00 
  2.874899387e+00 
  2.788046360e+00 
  2.822132587e+00 
  2.817174196e+00 
  2.718523026e+00 
  2.746771336e+00 
  2.720246077e+00 
  2.664902687e+00 
  2.736254930e+00 
  2.751896858e+00 
  2.669316053e+00 
  2.694608688e+00 
  2.722159863e+00 
  2.659926891e+00 
  2.647200584e+00 
  2.593007326e+00 
  2.572506666e+00 
  2.600038052e+00 
  2.562251568e+00 
  2.588790417e+00 
  2.560240269e+00 
  2.496808052e+00 
  2.501512527e+00 
  2.479661226e+00 
  2.226440668e+00 
  1.105329394e+00 
  1.004936457e+00 
  1.562525630e+00 
  1.403714061e+00 
  1.494582415e+00 
  1.713984847e+00 
  1.868647814e+00 
  2.010341167e+00 
  2.170756817e+00 
  2.216676235e+00 
  2.229773521e+00 
  2.236272573e+00 
  2.219862938e+00 
  2.200952291e+00 
  2.214792728e+00 
  2.121416330e+00 
  2.197832584e+00 
  2.171190739e+00 
  2.148058891e+00 
  2.143564463e+00 
  2.105765343e+00 
  2.091830015e+00 
  2.105777025e+00 
  2.045662403e+00 
  2.045720100e+00 
  2.037509680e+00 
  1.987829447e+00 
  2.000464201e+00 
  1.956479669e+00 
  1.945048094e+00 
  1.914268017e+00 
  1.896823287e+00 
  1.859259725e+00 
  1.852827549e+00 
  1.835164547e+00 
  1.809069633e+00 
  1.813688636e+00 
  1.820338845e+00 
  1.822581053e+00 
  1.809316993e+00 
  1.745859623e+00 
  1.770075679e+00 
  1.756908894e+00 
  1.723970532e+00 
  1.734176278e+00 
  1.684783697e+00 
  1.725827098e+00 
  1.706997514e+00 
  1.685536623e+00 
  1.645737052e+00 
  1.626896739e+00 
  1.638165474e+00 
  1.615834713e+00 
  1.590738535e+00 
  1.567526937e+00 
  1.527305365e+00 
  1.487104177e+00 
  1.489562273e+00 
  1.474564314e+00 
  1.433825016e+00 
  1.420180202e+00 
  1.486873984e+00 
  1.417821884e+00 
  1.379126906e+00 
  1.435815811e+00 
  1.456418514e+00 
  1.453158140e+00 
  1.437413454e+00 
  1.408382297e+00 
  1.407361627e+00 
  1.385693431e+00 
  1.356415629e+00 
  1.378193140e+00 
  1.332943916e+00 
  1.350970745e+00 
  1.356157303e+00 
  1.362321019e+00 
  1.344164371e+00 
  1.346719384e+00 
  1.300809264e+00 
  1.330041528e+00 
  1.324546337e+00 
  1.312073946e+00 
  1.301908374e+00 
  1.276475072e+00 
  1.290684938e+00 
  1.296075940e+00 
  1.246672034e+00 
  1.276030660e+00 
  1.272428989e+00 
  1.094084501e+00 
  1.246395230e+00 
  1.193458438e+00 
  1.202993155e+00 
  9.624598026e-01 
  1.055082917e+00 
  1.192407250e+00 
  1.206307173e+00 
  1.181605697e+00 
  1.176654458e+00 
  1.160940647e+00 
  1.155321598e+00 
  1.146282554e+00 
  1.162678719e+00 
  1.155004621e+00 
  1.128239036e+00 
  9.419223070e-01 
  9.982820153e-01 
  1.077576160e+00 
  1.057492971e+00 
  1.095900416e+00 
  1.089243650e+00 
  1.079868793e+00 
  1.079018116e+00 
  1.050375581e+00 
  1.035835028e+00 
  1.039426804e+00 
  1.055171728e+00 
  1.031922817e+00 
  1.029463530e+00 
  1.018540740e+00 
  9.609519243e-01 
  1.009170294e+00 
  9.817236066e-01 
  9.855394959e-01 
  9.906616807e-01 
  9.531695247e-01 
  9.395303726e-01 
  9.631729126e-01 
  9.653630853e-01 
  9.575044513e-01 
  9.477067590e-01 
  9.377780557e-01 
  8.904966712e-01 
  9.120953083e-01 
  8.508182764e-01 
  8.649606109e-01 
  8.261395693e-01 
  8.169706464e-01 
  7.940664887e-01 
  7.732338905e-01 
  7.487877011e-01 
  7.325551510e-01 
  7.988547087e-01 
  8.264371157e-01 
  8.198257089e-01 
  7.823055387e-01 
  7.713940144e-01 
  7.344498634e-01 
  7.191893458e-01 
  7.263949513e-01 
  7.293993831e-01 
  7.237316370e-01 
  7.199484706e-01 
  7.206905484e-01 
  7.114204168e-01 
  7.188063264e-01 
  7.080423236e-01 
  7.059727311e-01 
  7.283737659e-01 
  7.311217189e-01 
  7.092062235e-01 
  6.995297670e-01 
  6.639508009e-01 
  6.809696555e-01 
  6.862727404e-01 
  6.584346294e-01 
  6.707194448e-01 
  6.581973433e-01 
  6.270239353e-01 
  5.987905860e-01 
  5.699697733e-01 
  5.296418667e-01 
  5.059960485e-01 
  4.770542681e-01 
  4.656136334e-01 
  4.687026739e-01 
  4.749610722e-01 
  4.923610091e-01 
  5.618104935e-01 
  5.669072866e-01 
  5.431136489e-01 
  4.999693632e-01 
  4.906017482e-01 
  4.727944434e-01 
  4.868418872e-01 
  4.920493066e-01 
  4.976734221e-01 
  5.048668981e-01 
  5.035663247e-01 
  4.997532964e-01 
  5.087375641e-01 
  4.917174578e-01 
  4.987329543e-01 
  5.030440092e-01 
  4.596190155e-01 
  4.864040315e-01 
  5.121632218e-01 
  5.177296400e-01 
  5.129554272e-01 
  5.047108531e-01 
  4.949696362e-01 
  4.974825978e-01 
  5.094752908e-01 
  5.037289262e-01 
  5.064006448e-01 
  4.905591905e-01 
  5.136787295e-01 
  5.238801241e-01 
  5.336035490e-01 
  5.333350897e-01 
  5.261853337e-01 
  5.251930952e-01 
  5.126576424e-01 
  4.963432550e-01 
  4.927727282e-01 
  5.015965700e-01 
  4.949966967e-01 
  5.044608116e-01 
  4.899677336e-01 
  5.036367178e-01 
  5.070998073e-01 
  5.018947124e-01 
  5.032149553e-01 
  5.027890801e-01 
  5.034013391e-01 
  5.010597110e-01 
  5.063902140e-01 
  4.984782636e-01 
  4.903686345e-01 
  4.929199219e-01 
  4.963556230e-01 
  4.901651144e-01 
  4.879225194e-01 
  4.897928536e-01 
  4.851632118e-01 
  4.830690026e-01 
  4.810295403e-01 
  4.766336083e-01 
  4.732394516e-01 
  4.677654505e-01 
  4.674359262e-01 
  4.629654288e-01 
  4.561524391e-01 
  4.515796304e-01 
  4.205380082e-01 
  4.409646988e-01 
  4.468356967e-01 
  4.454416335e-01 
  4.390461743e-01 
  4.397520423e-01 
  4.376276731e-01 
  4.368007481e-01 
  4.322100282e-01 
  4.335276186e-01 
  4.238609076e-01 
  4.250987470e-01 
  4.193932116e-01 
  4.228470623e-01 
  4.108380675e-01 
  4.085722864e-01 
  4.114781916e-01 
  4.031712115e-01 
  4.086833894e-01 
  4.046303630e-01 
  4.036386311e-01 
  4.030252695e-01 
  3.987810314e-01 
  3.983117044e-01 
  3.911207616e-01 
  3.938976526e-01 
  3.912926614e-01 
  3.885380924e-01 
  3.799271584e-01 
  3.824971616e-01 
  3.769630492e-01 
  3.802823722e-01 
  3.707775176e-01 
  3.729903698e-01 
  3.730017543e-01 
  3.670949042e-01 
  3.675516248e-01 
  3.671744466e-01 
  3.594093621e-01 
  3.615098894e-01 
  3.584770560e-01 
  3.466230035e-01 
  3.515271544e-01 
  3.534967899e-01 
  3.496778309e-01 
  3.461394608e-01 
  3.447450995e-01 
  3.417021930e-01 
  3.404576778e-01 
  3.355357349e-01 
  3.365664780e-01 
  3.342413604e-01 
  3.321552575e-01 
  3.271156251e-01 
  3.155497611e-01 
  3.256663978e-01 
  3.129965067e-01 
  3.202306330e-01 
  3.134279251e-01 
  3.160727620e-01 
  3.142882288e-01 
  3.034735918e-01 
  3.093726039e-01 
  3.068788946e-01 
  2.827024460e-01 
  2.985503376e-01 
  2.978603542e-01 
  2.975322306e-01 
  2.867123187e-01 
  2.957971096e-01 
  2.859910429e-01 
  2.910100818e-01 
  2.890675366e-01 
  2.885526121e-01 
  2.763511539e-01 
  2.826143503e-01 
  2.712363005e-01 
  2.741091251e-01 
  2.653157413e-01 
  2.739348114e-01 
  2.681689858e-01 
  2.709740996e-01 
  2.547158897e-01 
  2.692789435e-01 
  2.564531267e-01 
  2.607867718e-01 
  2.618295252e-01 
  2.540744245e-01 
  2.483976483e-01 
  2.246186286e-01 
  2.423449457e-01 
  2.405614704e-01 
  2.361579984e-01 
  2.280694097e-01 
  2.237294316e-01 
  2.269801944e-01 
  2.262510061e-01 
  2.157903761e-01 
  2.238769680e-01 
  2.207176685e-01 
  2.177939266e-01 
  2.133926749e-01 
  2.127670497e-01 
  2.115862668e-01 
  2.132195979e-01 
  2.132150978e-01 
  2.087997943e-01 
  2.016080320e-01 
  1.938773394e-01 
  1.934562176e-01 
  1.833328158e-01 
  1.759362370e-01 
  1.673126519e-01 
  1.565354615e-01 
  1.472451389e-01 
  1.417561471e-01 
  1.409659982e-01 
  1.344458908e-01 
  1.375161707e-01 
  1.392601728e-01 
  1.348688900e-01 
  1.314166933e-01 
  1.358250380e-01 
  1.337116212e-01 
  1.391851455e-01 
  1.510206014e-01 
  1.557152271e-01 
  1.505661458e-01 
  1.376759112e-01 
  1.206787378e-01 
  1.229576170e-01 
  1.382039189e-01 
  1.482791454e-01 
  1.509993523e-01 
  1.565959454e-01 
  1.548081189e-01 
  1.466406733e-01 
  1.489253938e-01 
  1.422378272e-01 
  1.369189024e-01 
  1.317608804e-01 
  1.339565963e-01 
  1.384613663e-01 
  1.405471712e-01 
  1.420715600e-01 
  1.410739273e-01 
  1.425411254e-01 
  1.429552436e-01 
  1.439295858e-01 
  1.437046230e-01 
  1.473691911e-01 
  1.485362053e-01 
  1.570875794e-01 
  1.598440707e-01 
  1.598064750e-01 
  1.583563983e-01 
  1.571377069e-01 
  1.643798053e-01 
  1.670880020e-01 
  1.637198329e-01 
  1.665558070e-01 
  1.622310281e-01 
  1.646553427e-01 
  1.653936505e-01 
  1.594819278e-01 
  1.635575444e-01 
  1.646843553e-01 
  1.630510539e-01 
  1.608462185e-01 
  1.604023874e-01 
  1.593851149e-01 
  1.563003808e-01 
  1.599388123e-01 
  1.554525197e-01 
  1.542393416e-01 
  1.554097831e-01 
  1.529966742e-01 
  1.516060978e-01 
  1.424044371e-01 
  1.489446610e-01 
  1.519246846e-01 
  1.500518620e-01 
  1.480868906e-01 
  1.464913338e-01 
  1.383343637e-01 
  1.470292062e-01 
  1.495660692e-01 
  1.493326873e-01 
  1.486515850e-01 
  1.477085352e-01 
  1.445278674e-01 
  1.440879107e-01 
  1.430794895e-01 
  1.376943737e-01 
  1.315804720e-01 
  1.397574991e-01 
  1.403410286e-01 
  1.399948448e-01 
  1.322702318e-01 
  1.340945959e-01 
  1.383571923e-01 
  1.378673762e-01 
  1.386833340e-01 
  1.360367388e-01 
  1.267856956e-01 
  1.346811801e-01 
  1.296998262e-01 
  1.335120499e-01 
  1.342688948e-01 
  1.331475228e-01 
  1.333902627e-01 
  1.333870739e-01 
  1.333505064e-01 
  1.326314211e-01 
  1.310024112e-01 
  1.315022260e-01 
  1.309572309e-01 
  1.298945993e-01 
  1.289183497e-01 
  1.300051808e-01 
  1.289764345e-01 
  1.291501224e-01 
  1.245972663e-01 
  1.283423603e-01 
  1.279769838e-01 
  1.273352206e-01 
  1.270233542e-01 
  1.252007931e-01 
  1.257898957e-01 
  1.251950264e-01 
  1.240027770e-01 
  1.243844107e-01 
  1.240475848e-01 
  1.235666350e-01 
  1.217464954e-01 
  1.207612380e-01 
  1.213662624e-01 
  1.201876923e-01 
  1.184083819e-01 
  1.168203950e-01 
  1.183504611e-01 
  1.169513837e-01 
  1.158354804e-01 
  1.162560657e-01 
  1.153532863e-01 
  1.143988371e-01 
  1.130781993e-01 
  1.121919975e-01 
  1.107216030e-01 
  1.103174463e-01 
  1.095032766e-01 
  1.086537391e-01 
  1.066971049e-01 
  1.061312407e-01 
  1.040280387e-01 
  1.031888798e-01 
  1.019640639e-01 
  9.814989567e-02 
  9.848828614e-02 
  9.628526121e-02 
  9.601772577e-02 
  9.582290798e-02 
  9.315896779e-02 
  9.129951894e-02 
  9.158612788e-02 
  9.399373829e-02 
  9.507057816e-02 
  9.517112374e-02 
  9.536579996e-02 
  9.518750012e-02 
  9.585677087e-02 
  9.601958096e-02 
  9.591253847e-02 
  9.564519674e-02 
  9.494103491e-02 
  9.447263926e-02 
  9.186720848e-02 
  8.161878586e-02 
  8.955685049e-02 
  9.307744354e-02 
  9.363166243e-02 
  9.325621277e-02 
  9.336163104e-02 
  9.169330448e-02 
  9.175048023e-02 
  8.937907219e-02 
  9.049513191e-02 
  9.100501239e-02 
  9.087714553e-02 
  8.883734047e-02 
  8.898122609e-02 
  8.822452277e-02 
  8.697689325e-02 
  8.592990041e-02 
  8.652249724e-02 
  8.586081862e-02 
  8.536458760e-02 
  8.371654898e-02 
  8.211641014e-02 
  8.160306513e-02 
  8.171059191e-02 
  8.140891045e-02 
  8.071335405e-02 
  7.990078628e-02 
  7.888248563e-02 
  7.823231816e-02 
  7.776367664e-02 
  7.644663751e-02 
  7.224772125e-02 
  7.371273637e-02 
  7.138149440e-02 
  7.340648770e-02 
  7.393637300e-02 
  7.176076621e-02 
  7.118839025e-02 
  6.894654781e-02 
  6.787250191e-02 
  6.850319356e-02 
  6.950630993e-02 
  6.988145411e-02 
  6.915379316e-02 
  6.764224172e-02 
  6.480238587e-02 
  6.252078712e-02 
  5.627513677e-02 
  5.561874434e-02 
  5.481498316e-02 
  5.371551216e-02 
  5.575864017e-02 
  5.676424503e-02 
  5.744130909e-02 
  5.695644766e-02 
  5.716183782e-02 
  5.751318485e-02 
  5.705507845e-02 
  5.696450174e-02 
  5.752041936e-02 
  5.727780238e-02 
  5.555099621e-02 
  5.329544097e-02 
  4.828118533e-02 
  4.459040239e-02 
  4.273289815e-02 
  3.988860920e-02 
  3.860959783e-02 
  3.578678146e-02 
  3.448566422e-02 
  3.296783566e-02 
  3.087624162e-02 
  2.971540578e-02 
  2.841513418e-02 
  2.731059305e-02 
  2.594711073e-02 
  2.541895024e-02 
  2.393045090e-02 
  2.264931425e-02 
  2.255908400e-02 
  2.225082926e-02 
  2.247883752e-02 
  2.297287062e-02 
  2.294269763e-02 
  2.316553704e-02 
  2.252084762e-02 
  2.233856730e-02 
  2.190660499e-02 
  2.273774333e-02 
  2.403549664e-02 
  2.595268004e-02 
  2.706545405e-02 
  2.781354263e-02 
  2.758656628e-02 
  2.691216767e-02 
  2.671539597e-02 
  2.554924786e-02 
  2.454986237e-02 
  2.280703001e-02 
  2.165894583e-02 
  2.066090517e-02 
  2.075173892e-02 
  2.155212685e-02 
  2.203308232e-02 
  2.316799015e-02 
  2.452575043e-02 
  2.560775727e-02 
  2.608720958e-02 
  2.566667274e-02 
  2.560776100e-02 
  2.446476743e-02 
  2.345680818e-02 
  2.244259045e-02 
  2.267838828e-02 
  2.369021066e-02 
  2.444948070e-02 
  2.447044291e-02 
  2.407481521e-02 
  2.322106622e-02 
  2.337314188e-02 
  2.437213622e-02 
  2.463571727e-02 
  2.421827801e-02 
  2.427939884e-02 
  2.395802736e-02 
  2.398945019e-02 
  2.454985678e-02 
  2.525231801e-02 
  2.611361444e-02 
  2.703658305e-02 
  2.593220025e-02 
  2.678238973e-02 
  2.690463886e-02 
  2.740753815e-02 
  2.775247209e-02 
  2.801360004e-02 
  2.800484374e-02 
  2.762524970e-02 
  2.766817436e-02 
  2.884967253e-02 
  2.850758284e-02 
  2.841814049e-02 
  2.832740173e-02 
  2.854296379e-02 
  2.734892815e-02 
  2.805305645e-02 
  2.884226106e-02 
  2.836194821e-02 
  2.749688923e-02 
  2.658066526e-02 
  2.656585909e-02 
  2.649211884e-02 
  2.573283203e-02 
  2.646591701e-02 
  2.659730241e-02 
  2.671902813e-02 
  2.711903676e-02 
  2.746825106e-02 
  2.594608068e-02 
  2.734427527e-02 
  2.651338838e-02 
  2.689425275e-02 
  2.715309709e-02 
  2.707535215e-02 
  2.766889520e-02 
  2.782614157e-02 
  2.803935856e-02 
  2.777226269e-02 
  2.716336399e-02 
  2.710288018e-02 
  2.729390934e-02 
  2.877761424e-02 
  2.989101037e-02 
  3.015527688e-02 
  3.075280786e-02 
  3.106675856e-02 
  3.152294829e-02 
  3.103860281e-02 
  2.998921275e-02 
  2.959677204e-02 
  2.858315967e-02 
  2.831048332e-02 
  2.804531902e-02 
  2.786360122e-02 
  2.659416571e-02 
  2.680471912e-02 
  2.567255497e-02 
  2.526000515e-02 
  2.482275665e-02 
  2.504460514e-02 
  2.605157904e-02 
  2.749191970e-02 
  2.765174024e-02 
  2.814213745e-02 
  2.810967527e-02 
  2.779041231e-02 
  2.699863352e-02 
  2.683416940e-02 
  2.713107318e-02 
  2.708604001e-02 
  2.782928385e-02 
  2.731923759e-02 
  2.749088779e-02 
  2.787281387e-02 
  2.773392573e-02 
  2.859087847e-02 
  2.498126589e-02 
  2.977537550e-02 
  3.081174567e-02 
  3.159713000e-02 
  3.088681027e-02 
  3.183412924e-02 
  3.167406470e-02 
  3.173062950e-02 
  3.132580966e-02 
  3.200956807e-02 
  3.277591988e-02 
  3.264535964e-02 
  3.347485885e-02 
  3.323391825e-02 
  3.269891068e-02 
  2.917137742e-02 
  3.042394854e-02 
  3.060388006e-02 
  3.094568849e-02 
  3.261029348e-02 
  3.219005093e-02 
  3.242921084e-02 
  3.291000798e-02 
  3.310529515e-02 
  3.248631209e-02 
  3.238366917e-02 
  3.185646981e-02 
  3.249490261e-02 
  3.214190155e-02 
  3.195777908e-02 
  3.264382109e-02 
  3.229061142e-02 
  3.268260509e-02 
  3.212331608e-02 
  3.185351193e-02 
  3.258217126e-02 
  3.220853955e-02 
  3.134730458e-02 
  3.215280548e-02 
  3.177463263e-02 
  3.195932880e-02 
  3.177401423e-02 
  2.969310991e-02 
  3.166963905e-02 
  3.141160309e-02 
  3.118708730e-02 
  3.064682707e-02 
  3.070418164e-02 
  3.103405610e-02 
  3.108879551e-02 
  3.019085154e-02 
  3.076548874e-02 
  2.957984246e-02 
  3.013242036e-02 
  3.023259342e-02 
  3.008669801e-02 
  3.041600063e-02 
  3.047509678e-02 
  3.042463958e-02 
  3.006888554e-02 
  2.911495231e-02 
  2.978344820e-02 
  2.954448573e-02 
  2.931536175e-02 
  2.974169329e-02 
  2.951732650e-02 
  2.835511975e-02 
  2.875484526e-02 
  2.813115716e-02 
  2.897686511e-02 
  2.867542766e-02 
  2.860128693e-02 
  2.803464234e-02 
  2.861333638e-02 
  2.852813527e-02 
  2.800716646e-02 
  2.734083310e-02 
  2.763694152e-02 
  2.704356611e-02 
  2.685588971e-02 
  2.607117593e-02 
  2.593073063e-02 
  2.508270554e-02 
  2.568896674e-02 
  2.558316663e-02 
  2.514383197e-02 
  2.520763129e-02 
  2.337874658e-02 
  2.505242825e-02 
  2.257955633e-02 
  2.466798387e-02 
  2.478091978e-02 
  2.528673597e-02 
  2.505533025e-02 
  2.456541732e-02 
  2.488052472e-02 
  2.466381900e-02 
  2.538239211e-02 
  2.500012331e-02 
  2.470559627e-02 
  2.428234927e-02 
  2.217349783e-02 
  2.382874675e-02 
  2.323743328e-02 
  2.439932711e-02 
  2.484756708e-02 
  2.456818707e-02 
  2.458279580e-02 
  2.296968549e-02 
  2.370710298e-02 
  2.389590815e-02 
  2.282285690e-02 
  2.298143320e-02 
  2.195871249e-02 
  2.241703309e-02 
  2.223542705e-02 
  2.253314480e-02 
  2.214431949e-02 
  2.202940732e-02 
  2.204479836e-02 
  2.222535945e-02 
  2.208461240e-02 
  2.068023756e-02 
  2.131456323e-02 
  2.156659961e-02 
  2.209048159e-02 
  2.181914635e-02 
  2.220076695e-02 
  2.081749216e-02 
  2.143849432e-02 
  2.205146104e-02 
  2.198875695e-02 
  2.143637836e-02 
  2.110103332e-02 
  2.157848328e-02 
  2.198600955e-02 
  2.209794708e-02 
  2.152225748e-02 
  2.170627378e-02 
  2.162841335e-02 
  2.173635922e-02 
  2.166742086e-02 
  2.100711502e-02 
  2.128300071e-02 
  2.121036127e-02 
  2.087413333e-02 
  2.030332945e-02 
  2.079638653e-02 
  2.066281997e-02 
  1.964760944e-02 
  1.945639029e-02 
  1.916028745e-02 
  1.919488795e-02 
  1.900649257e-02 
  1.893607154e-02 
  1.937025413e-02 
  1.902251132e-02 
  1.900963299e-02 
  1.919100061e-02 
  1.932227053e-02 
  1.918799803e-02 
  1.870304719e-02 
  1.913037151e-02 
  1.866383478e-02 
  1.899924502e-02 
  1.876937225e-02 
  1.893373765e-02 
  1.854111813e-02 
  1.887604408e-02 
  1.869343035e-02 
  1.877233945e-02 
  1.839030720e-02 
  1.855556853e-02 
  1.858220994e-02 
  1.838897727e-02 
  1.821115986e-02 
  1.806955040e-02 
  1.784279011e-02 
  1.772630028e-02 
  1.787935384e-02 
  1.753412560e-02 
  1.754340716e-02 
  1.789404452e-02 
  1.773820259e-02 
  1.685812883e-02 
  1.729593426e-02 
  1.733293757e-02 
  1.713056304e-02 
  1.681400836e-02 
  1.685822383e-02 
  1.690788008e-02 
  1.663675532e-02 
  1.602753997e-02 
  1.543618832e-02 
  1.584374532e-02 
  1.619463414e-02 
  1.645494625e-02 
  1.646206528e-02 
  1.622559316e-02 
  1.625888795e-02 
  1.622914523e-02 
  1.599571481e-02 
  1.594355702e-02 
  1.611156575e-02 
  1.610270515e-02 
  1.600777917e-02 
  1.594759896e-02 
  1.591494493e-02 
  1.578404382e-02 
  1.564937457e-02 
  1.570708863e-02 
  1.556916814e-02 
  1.533749700e-02 
  1.532833837e-02 
  1.524165459e-02 
  1.489606220e-02 
  1.512765884e-02 
  1.516042463e-02 
  1.493530255e-02 
  1.486286148e-02 
  1.441710535e-02 
  1.464612130e-02 
  1.477089897e-02 
  1.361670252e-02 
  1.453241613e-02 
  1.457036380e-02 
  1.453788299e-02 
  1.451323740e-02 
  1.440379489e-02 
  1.423547696e-02 
  1.412661746e-02 
  1.421189588e-02 
  1.385401562e-02 
  1.361898053e-02 
  1.381646749e-02 
  1.309203543e-02 
  1.325824577e-02 
  1.341767795e-02 
  1.352681778e-02 
  1.343004778e-02 
  1.310529932e-02 
  1.334261429e-02 
  1.333755162e-02 
  1.311598625e-02 
  1.293683983e-02 
  1.208477467e-02 
  1.229018345e-02 
  1.233529672e-02 
  1.170989126e-02 
  1.152638253e-02 
  1.206228230e-02 
  1.222154405e-02 
  1.223542728e-02 
  1.192457508e-02 
  1.227126271e-02 
  1.204103883e-02 
  1.218059007e-02 
  1.179799624e-02 
  1.185576338e-02 
  1.153650414e-02 
  1.193623245e-02 
  1.181575656e-02 
  1.176156010e-02 
  1.154504996e-02 
  1.160261501e-02 
  1.160696428e-02 
  1.158426516e-02 
  1.137807220e-02 
  1.147412602e-02 
  1.145614125e-02 
  1.134183630e-02 
  1.136246417e-02 
  1.125599630e-02 
  1.102383249e-02 
  1.072583720e-02 
  1.081458852e-02 
  1.056605577e-02 
  1.072596386e-02 
  1.064267196e-02 
  1.061717886e-02 
  1.044141781e-02 
  1.049289294e-02 
  1.029934455e-02 
  1.029402111e-02 
  1.026532147e-02 
  1.024432480e-02 
  9.988899343e-03 
  9.699949063e-03 
  9.653737769e-03 
  9.364651516e-03 
  9.194977582e-03 
  9.266524576e-03 
  9.184182622e-03 
  9.153160267e-03 
  9.012232535e-03 
  8.848687634e-03 
  8.836210705e-03 
  8.776064962e-03 
  8.824707940e-03 
  8.875847794e-03 
  8.824551478e-03 
  8.557949215e-03 
  8.473468944e-03 
  8.248410188e-03 
  8.108136244e-03 
  7.836421952e-03 
  7.555416785e-03 
  7.600821555e-03 
  7.328704000e-03 
  7.033892907e-03 
  7.043033373e-03 
  6.695454009e-03 
  6.645543966e-03 
  6.228851154e-03 
  6.012844853e-03 
  5.971881095e-03 
  6.034079008e-03 
  5.995080806e-03 
  5.822785664e-03 
  5.723129027e-03 
  5.645355675e-03 
  5.476070568e-03 
  5.239546765e-03 
  5.219873507e-03 
  5.017420277e-03 
  5.016448908e-03 
  4.863393027e-03 
  4.581515212e-03 
  4.508082289e-03 
  4.271220881e-03 
  3.974717110e-03 
  4.145297222e-03 
  4.196386784e-03 
  4.216715693e-03 
  4.149823915e-03 
  4.075958394e-03 
  4.172041547e-03 
  3.936425317e-03 
  3.947183955e-03 
  3.809487913e-03 
  3.765371628e-03 
  3.475996433e-03 
  3.428224707e-03 
  3.410862293e-03 
  3.321318654e-03 
  3.192046424e-03 
  3.175804159e-03 
  2.982666949e-03 
  2.980335383e-03 
  2.921708627e-03 
  2.818808658e-03 
  2.932807663e-03 
  2.947501373e-03 
  3.003070364e-03 
  3.030912718e-03 
  2.925149631e-03 
  3.080558497e-03 
  3.060344141e-03 
  3.026383230e-03 
  2.801203169e-03 
  2.876956016e-03 
  2.914928133e-03 
  2.930859802e-03 
  2.907695016e-03 
  2.882827306e-03 
  2.810670761e-03 
  2.852177015e-03 
  2.850347199e-03 
  2.746816957e-03 
  2.850454999e-03 
  2.889079973e-03 
  2.943801461e-03 
  2.900945721e-03 
  3.038485069e-03 
  3.006937681e-03 
  3.015566617e-03 
  2.976657357e-03 
  2.980476478e-03 
  2.790003084e-03 
  2.736495342e-03 
  2.530093770e-03 
  2.583581954e-03 
  2.388352761e-03 
  2.281732624e-03 
  2.256939653e-03 
  2.261457732e-03 
  2.251861617e-03 
  2.199717332e-03 
  2.039830433e-03 
  2.561589470e-03 
  2.762393560e-03 
  2.814027248e-03 
  2.829951700e-03 
  2.908170922e-03 
  2.957053250e-03 
  2.975373529e-03 
  2.982362639e-03 
  2.958439291e-03 
  2.854213817e-03 
  2.987537300e-03 
  2.939478029e-03 
  2.883603331e-03 
  2.768584061e-03 
  2.855659695e-03 
  2.761450130e-03 
  2.642296720e-03 
  2.742101671e-03 
  2.669029869e-03 
  2.555144252e-03 
  2.537159016e-03 
  2.484201686e-03 
  2.438858384e-03 
  2.405282576e-03 
  2.419742523e-03 
  2.378147095e-03 
  2.389597241e-03 
  2.362207044e-03 
  2.450303175e-03 
  2.454230096e-03 
  2.518561669e-03 
  2.465533558e-03 
  2.507019090e-03 
  2.504342701e-03 
  2.494318411e-03 
  2.415435389e-03 
  2.532132436e-03 
  2.587578958e-03 
  2.564541530e-03 
  2.657355741e-03 
  2.665109001e-03 
  2.723321551e-03 
  2.705574036e-03 
  2.682903782e-03 
  2.784333890e-03 
  2.831606194e-03 
  2.794096945e-03 
  2.842808375e-03 
  2.823167946e-03 
  2.832262544e-03 
  2.835559426e-03 
  2.800746821e-03 
  2.743942896e-03 
  2.846475691e-03 
  2.846181858e-03 
  2.927382244e-03 
  2.872305457e-03 
  2.981593367e-03 
  2.997654490e-03 
  3.031742293e-03 
  3.026450519e-03 
  3.077242058e-03 
  2.933799755e-03 
  3.028056584e-03 
  3.050808329e-03 
  3.069644561e-03 
  2.973123919e-03 
  2.831959631e-03 
  2.655111486e-03 
  2.822402399e-03 
  2.992049558e-03 
  3.010381246e-03 
  3.040173324e-03 
  2.918382641e-03 
  2.827730030e-03 
  2.808465622e-03 
  2.877245191e-03 
  2.816598164e-03 
  2.807126148e-03 
  2.748695668e-03 
  2.817834727e-03 
  2.825105563e-03 
  2.935067751e-03 
  2.906894777e-03 
  3.053293563e-03 
  2.986364532e-03 
  3.085924778e-03 
  3.083097981e-03 
  3.337765113e-03 
  3.249492729e-03 
  3.481208580e-03 
  3.484573914e-03 
  3.639362287e-03 
  3.663903102e-03 
  3.810097231e-03 
  3.773000091e-03 
  3.730514087e-03 
  3.824976739e-03 
  4.015839193e-03 
  4.010946024e-03 
  4.086794332e-03 
  3.870757762e-03 
  4.159068223e-03 
  4.020759836e-03 
  4.143835977e-03 
  4.172082525e-03 
  4.205541685e-03 
  4.151721951e-03 
  4.164350219e-03 
  4.072831478e-03 
  4.086596426e-03 
  4.189815838e-03 
  4.159296863e-03 
  4.139024299e-03 
  4.088396206e-03 
  4.023415036e-03 
  3.835080657e-03 
  3.858263372e-03 
  3.691833699e-03 
  3.683634801e-03 
  3.234199015e-03 
  3.166594310e-03 
  2.736618742e-03 
  2.732380526e-03 
  2.309343778e-03 
  2.308466472e-03 
  2.064699307e-03 
  2.059020335e-03 
  2.074774122e-03 
  2.016902901e-03 
  2.143336227e-03 
  2.137567149e-03 
  2.194989705e-03 
  2.194676781e-03 
  2.214019652e-03 
  2.207053592e-03 
  2.243762836e-03 
  2.217371017e-03 
  2.306689043e-03 
  2.298427746e-03 
  2.448086860e-03 
  2.449034015e-03 
  2.681472339e-03 
  2.656138036e-03 
  2.795444569e-03 
  2.888271352e-03 
  3.133600112e-03 
  3.130327910e-03 
  3.281837562e-03 
  3.305103164e-03 
  3.417994361e-03 
  3.423181595e-03 
  3.448925912e-03 
  3.401921596e-03 
  3.478957806e-03 
  3.530106274e-03 
  3.577682422e-03 
  3.567873966e-03 
  3.461649409e-03 
  3.535904223e-03 
  3.559796838e-03 
  3.362256568e-03 
  3.471105127e-03 
  3.492478980e-03 
  3.456069157e-03 
  3.417235799e-03 
  3.376618028e-03 
  3.369444283e-03 
  3.258267650e-03 
  3.249713453e-03 
  3.225815715e-03 
  3.059431212e-03 
  3.070203587e-03 
  2.883978887e-03 
  2.862441121e-03 
  2.742376644e-03 
  2.698532073e-03 
  2.693187911e-03 
  2.708386630e-03 
  2.736262511e-03 
  2.720437013e-03 
  2.767663915e-03 
  2.763273893e-03 
  2.766901627e-03 
  2.688439097e-03 
  2.761480631e-03 
  2.745909384e-03 
  2.576811705e-03 
  2.722615376e-03 
  2.720699413e-03 
  2.729457803e-03 
  2.701119985e-03 
  2.753132489e-03 
  2.655679360e-03 
  2.822955372e-03 
  2.785250079e-03 
  2.915750956e-03 
  2.905787900e-03 
  2.978228731e-03 
  2.969129477e-03 
  3.017039038e-03 
  3.010557266e-03 
  2.954794094e-03 
  3.015813883e-03 
  2.980717691e-03 
  3.019605996e-03 
  2.961201360e-03 
  2.980443183e-03 
  2.999538789e-03 
  3.020943142e-03 
  3.013717709e-03 
  3.030954394e-03 
  3.029444255e-03 
  3.034666413e-03 
  3.006235929e-03 
  2.886008006e-03 
  2.988011576e-03 
  3.010396147e-03 
  2.912062919e-03 
  2.994016046e-03 
  2.981139580e-03 
  2.971403301e-03 
  2.977444557e-03 
  2.979686018e-03 
  2.972403308e-03 
  2.987021348e-03 
  2.935880097e-03 
  2.975993324e-03 
  2.967857057e-03 
  2.973772585e-03 
  2.959252335e-03 
  2.951002913e-03 
  2.930329647e-03 
  2.856591018e-03 
  2.917597769e-03 
  2.904662630e-03 
  2.884460380e-03 
  2.887991723e-03 
  2.880599117e-03 
  2.855517203e-03 
  2.782384399e-03 
  2.841387177e-03 
  2.855965635e-03 
  2.782351337e-03 
  2.837979235e-03 
  2.808237448e-03 
  2.804829506e-03 
  2.757592592e-03 
  2.811876824e-03 
  2.822004957e-03 
  2.767683938e-03 
  2.821061062e-03 
  2.809431171e-03 
  2.794298343e-03 
  2.805881202e-03 
  2.795619890e-03 
  2.788821002e-03 
  2.775208559e-03 
  2.773535671e-03 
  2.667294815e-03 
  2.753092675e-03 
  2.747375052e-03 
  2.728512278e-03 
  2.719847485e-03 
  2.717297291e-03 
  2.695586765e-03 
  2.677111654e-03 
  2.656882629e-03 
  2.625525463e-03 
  2.577362349e-03 
  2.598699182e-03 
  2.595010446e-03 
  2.556838561e-03 
  2.548996825e-03 
  2.522774506e-03 
  2.511926461e-03 
  2.483855002e-03 
  2.485124860e-03 
  2.479510615e-03 
  2.477362519e-03 
  2.466474427e-03 
  2.458478324e-03 
  2.442573430e-03 
  2.430233406e-03 
  2.423326485e-03 
  2.386432374e-03 
  2.384167397e-03 
  2.346436959e-03 
  2.264361596e-03 
  2.030252246e-03 
  2.217637608e-03 
  2.283610404e-03 
  2.339979634e-03 
  2.333794720e-03 
  2.349803923e-03 
  2.336711390e-03 
  2.340818522e-03 
  2.327695955e-03 
  2.326252637e-03 
  2.307740506e-03 
  2.282029949e-03 
  2.294451464e-03 
  2.202164382e-03 
  2.286859555e-03 
  2.279061126e-03 
  2.253801562e-03 
  2.194230212e-03 
  2.243886935e-03 
  2.245459240e-03 
  2.244479256e-03 
  2.237412147e-03 
  2.176959533e-03 
  2.161173616e-03 
  2.183393575e-03 
  2.203989075e-03 
  2.193965949e-03 
  2.163756406e-03 
  2.154179383e-03 
  2.143863821e-03 
  2.113061957e-03 
  2.100935671e-03 
  2.081863815e-03 
  2.075106371e-03 
  2.063641790e-03 
  2.062165644e-03 
  2.055109711e-03 
  2.076190431e-03 
  2.072806004e-03 
  2.063133288e-03 
  2.010725206e-03 
  1.981521258e-03 
  2.080725972e-03 
  2.034032950e-03 
  2.096780809e-03 
  2.091133734e-03 
  2.080657752e-03 
  2.076874021e-03 
  2.064808505e-03 
  2.060521627e-03 
  2.039526356e-03 
  2.006366383e-03 
  2.026746515e-03 
  2.029559109e-03 
  2.018849831e-03 
  2.011732897e-03 
  2.000130713e-03 
  1.994844759e-03 
  1.986332471e-03 
  1.972253900e-03 
  1.934707398e-03 
  1.936737681e-03 
  1.931309002e-03 
  1.945162658e-03 
  1.919968287e-03 
  1.919443719e-03 
  1.915905275e-03 
  1.906360150e-03 
  1.899391063e-03 
  1.885259058e-03 
  1.874293317e-03 
  1.871804241e-03 
  1.846664702e-03 
  1.804669853e-03 
  1.823407598e-03 
  1.838108641e-03 
  1.830862602e-03 
  1.796784112e-03 
  1.807203167e-03 
  1.804038533e-03 
  1.796964090e-03 
  1.792138792e-03 
  1.739819068e-03 
  1.772883697e-03 
  1.754062250e-03 
  1.748884097e-03 
  1.748610870e-03 
  1.720255124e-03 
  1.674294705e-03 
  1.707058400e-03 
  1.691163750e-03 
  1.688119140e-03 
  1.684000599e-03 
  1.682909671e-03 
  1.667443546e-03 
  1.656337525e-03 
  1.656572218e-03 
  1.595317503e-03 
  1.651083585e-03 
  1.638415502e-03 
  1.615092158e-03 
  1.626516227e-03 
  1.624510856e-03 
  1.617916394e-03 
  1.610275358e-03 
  1.593654742e-03 
  1.605558209e-03 
  1.600817894e-03 
  1.593238092e-03 
  1.566837193e-03 
  1.583853620e-03 
  1.581354882e-03 
  1.577948686e-03 
  1.570294844e-03 
  1.562801772e-03 
  1.483358210e-03 
  1.528902445e-03 
  1.530749490e-03 
  1.525236759e-03 
  1.517068944e-03 
  1.512092422e-03 
  1.512483694e-03 
  1.504600747e-03 
  1.487210859e-03 
  1.484560082e-03 
  1.461202046e-03 
  1.465854235e-03 
  1.460408326e-03 
  1.379274530e-03 
  1.413342077e-03 
  1.405303483e-03 
  1.378032262e-03 
  1.406156691e-03 
  1.408013632e-03 
  1.401814283e-03 
  1.398312743e-03 
  1.412983285e-03 
  1.406341442e-03 
  1.399275265e-03 
  1.414086670e-03 
  1.413117046e-03 
  1.413473976e-03 
  1.410796074e-03 
  1.399353030e-03 
  1.389652258e-03 
  1.391592552e-03 
  1.382682472e-03 
  1.365446951e-03 
  1.355135348e-03 
  1.305034151e-03 
  1.321849297e-03 
  1.306732884e-03 
  1.328983228e-03 
  1.321367919e-03 
  1.299667987e-03 
  1.305143000e-03 
  1.301875338e-03 
  1.239705482e-03 
  1.271933201e-03 
  1.280108932e-03 
  1.265443629e-03 
  1.287254854e-03 
  1.293648966e-03 
  1.280675060e-03 
  1.276273048e-03 
  1.268312917e-03 
  1.256250660e-03 
  1.253223978e-03 
  1.228376059e-03 
  1.208849950e-03 
  1.215294236e-03 
  1.197501784e-03 
  1.189273782e-03 
  1.156514976e-03 
  1.171114272e-03 
  1.170521486e-03 
  1.157247229e-03 
  1.149815274e-03 
  1.144507434e-03 
  1.134051709e-03 
  1.134819235e-03 
  1.126278774e-03 
  1.123164897e-03 
  1.126617077e-03 
  1.117568696e-03 
  1.122621587e-03 
  1.103296992e-03 
  1.069253427e-03 
  1.095191110e-03 
  1.105797244e-03 
  1.116471016e-03 
  1.105554053e-03 
  1.103972783e-03 
  1.122192713e-03 
  1.121255220e-03 
  1.111147460e-03 
  1.097328030e-03 
  1.093928237e-03 
  1.094991807e-03 
  1.067900215e-03 
  1.068290090e-03 
  1.038868562e-03 
  1.031909487e-03 
  1.020305557e-03 
  9.985993383e-04 
  1.008474152e-03 
  1.007091720e-03 
  1.008381252e-03 
  9.575333679e-04 
  9.877540870e-04 
  1.007336774e-03 
  1.002403209e-03 
  9.977626614e-04 
  1.009454951e-03 
  1.004485297e-03 
  9.995402070e-04 
  1.000277814e-03 
  9.506900096e-04 
  9.487707284e-04 
  9.545052308e-04 
  9.598889737e-04 
  9.492666577e-04 
  9.730971651e-04 
  9.679638897e-04 
  9.795362130e-04 
  9.761985857e-04 
  9.719228838e-04 
  9.662323282e-04 
  9.771476034e-04 
  9.668962448e-04 
  9.666164988e-04 
  9.695159388e-04 
  9.611741407e-04 
  9.609829867e-04 
  9.504142799e-04 
  9.461415466e-04 
  9.493694524e-04 
  9.408542537e-04 
  9.253088501e-04 
  9.298623190e-04 
  9.148232639e-04 
  9.048160282e-04 
  9.048906504e-04 
  9.004789754e-04 
  8.853732725e-04 
  8.847313002e-04 
  8.821588708e-04 
  8.686852525e-04 
  8.370552678e-04 
  8.340166532e-04 
  8.054664941e-04 
  8.404176915e-04 
  8.463303675e-04 
  8.708937676e-04 
  8.601492154e-04 
  8.637230494e-04 
  8.751009591e-04 
  8.675091667e-04 
  8.686503279e-04 
  8.650710806e-04 
  8.745436207e-04 
  8.636278217e-04 
  8.615344414e-04 
  8.659178275e-04 
  8.593123057e-04 
  8.477745578e-04 
  8.516198141e-04 
  8.473782218e-04 
  8.188778884e-04 
  8.085665759e-04 
  8.298148750e-04 
  8.229864179e-04 
  8.019094821e-04 
  8.211890818e-04 
  8.055915241e-04 
  7.949237479e-04 
  7.985084667e-04 
  7.733751554e-04 
  7.682569558e-04 
  7.518181810e-04 
  7.289181231e-04 
  7.293888484e-04 
  7.205952425e-04 
  7.194243954e-04 
  7.232720964e-04 
  7.170712925e-04 
  7.155620842e-04 
  7.255206583e-04 
  7.444124785e-04 
  7.355405251e-04 
  7.330554654e-04 
  7.057007169e-04 
  7.416320150e-04 
  7.455330924e-04 
  7.397356094e-04 
  7.271533832e-04 
  7.278603734e-04 
  7.210109034e-04 
  7.104679826e-04 
  7.037372561e-04 
  6.971035036e-04 
  6.799766561e-04 
  6.788062165e-04 
  6.723419647e-04 
  6.181413191e-04 
  6.434675306e-04 
  6.398571422e-04 
  6.285890122e-04 
  6.163808284e-04 
  6.265324773e-04 
  5.948338076e-04 
  6.025591283e-04 
  5.986554897e-04 
  5.513635697e-04 
  5.584422615e-04 
  5.478270468e-04 
  5.296961754e-04 
  5.141162546e-04 
  5.372635787e-04 
  5.160926376e-04 
  5.121011054e-04 
  4.833952989e-04 
  5.040051183e-04 
  5.027885782e-04 
  5.045432481e-04 
  5.018464290e-04 
  5.030311877e-04 
  4.942131927e-04 
  5.040239193e-04 
  4.976449418e-04 
  4.936616169e-04 
  5.034268834e-04 
  4.991320311e-04 
  5.006131832e-04 
  4.938275670e-04 
