  5.478301644e-02 
  1.719675660e-01 
  2.112608701e-01 
  6.530816555e-01 
  7.942769527e-01 
  1.685007334e+00 
  1.994921923e+00 
  3.259138346e+00 
  4.430250168e+00 
  4.992288113e+00 
  6.167123795e+00 
  1.229027081e+01 
  1.107125282e+01 
  1.472679901e+01 
  1.525283909e+01 
  1.933602333e+01 
  1.525837517e+01 
  2.259933281e+01 
  2.226422310e+01 
  2.644354248e+01 
  2.397291565e+01 
  3.232856750e+01 
  2.692794991e+01 
  2.451972961e+01 
  3.170283318e+01 
  3.363627243e+01 
  4.831263351e+01 
  4.869241714e+01 
  3.858718491e+01 
  4.799931717e+01 
  4.994498062e+01 
  3.934601593e+01 
  4.432109451e+01 
  5.001418686e+01 
  4.107297897e+01 
  4.471312332e+01 
  3.352661896e+01 
  3.155563354e+01 
  3.847500229e+01 
  3.872099304e+01 
  4.293854523e+01 
  3.624481964e+01 
  3.786342239e+01 
  3.772884369e+01 
  3.373874664e+01 
  4.331923294e+01 
  4.780139923e+01 
  4.517253494e+01 
  4.223928452e+01 
  4.602263260e+01 
  4.671501923e+01 
  4.403623962e+01 
  4.476951981e+01 
  4.058399582e+01 
  4.651299667e+01 
  4.678930664e+01 
  4.390994644e+01 
  2.784858704e+01 
  3.003318214e+01 
  2.998733521e+01 
  4.414804459e+01 
  3.476464844e+01 
  3.788486862e+01 
  4.001982498e+01 
  3.965920258e+01 
  3.686148453e+01 
  5.022609329e+01 
  4.460736084e+01 
  4.175115585e+01 
  3.985738754e+01 
  4.549311066e+01 
  3.605694580e+01 
  3.766373444e+01 
  3.724152756e+01 
  2.861184883e+01 
  2.599375916e+01 
  3.687123871e+01 
  3.739699936e+01 
  4.792459488e+01 
  3.655181122e+01 
  3.392008591e+01 
  3.773389816e+01 
  2.793801117e+01 
  1.928514671e+01 
  2.100886917e+01 
  3.128294182e+01 
  2.402105904e+01 
  2.726792336e+01 
  2.670351028e+01 
  3.007497978e+01 
  3.603620911e+01 
  3.983704758e+01 
  3.498201752e+01 
  1.853067780e+01 
  2.026120949e+01 
  3.360458755e+01 
  3.417480850e+01 
  1.374243927e+01 
  3.798891830e+01 
  4.500513840e+01 
  4.368598557e+01 
  4.287085342e+01 
  4.485921860e+01 
  4.148394775e+01 
  4.401697922e+01 
  3.985795593e+01 
  3.906043243e+01 
  3.756610489e+01 
  4.018872452e+01 
  4.392954636e+01 
  3.627032089e+01 
  4.206330109e+01 
  4.304454041e+01 
  4.015965271e+01 
  3.892434311e+01 
  4.100550842e+01 
  4.025760651e+01 
  3.855652237e+01 
  3.725757980e+01 
  3.770729446e+01 
  3.152966881e+01 
  3.902646255e+01 
  3.694547272e+01 
  3.082860565e+01 
  3.350450897e+01 
  3.428634262e+01 
  3.256691360e+01 
  3.095472336e+01 
  3.097385025e+01 
  2.784689713e+01 
  2.196022415e+01 
  1.951302719e+01 
  3.471391678e+01 
  3.054115868e+01 
  2.869185066e+01 
  3.085577965e+01 
  3.382095337e+01 
  3.375595856e+01 
  2.989292145e+01 
  2.859750366e+01 
  3.168852043e+01 
  3.122873878e+01 
  3.251958847e+01 
  3.236947632e+01 
  3.179936028e+01 
  3.307606506e+01 
  2.911482239e+01 
  3.283934021e+01 
  3.302091217e+01 
  3.288370514e+01 
  3.323568344e+01 
  3.552828598e+01 
  3.266945648e+01 
  2.999773979e+01 
  3.163672256e+01 
  3.151329231e+01 
  3.192645264e+01 
  3.175812149e+01 
  3.086329460e+01 
  3.052773666e+01 
  2.993781090e+01 
  3.069194031e+01 
  2.987051773e+01 
  2.956103516e+01 
  2.935262108e+01 
  2.862642288e+01 
  2.922980309e+01 
  2.790877342e+01 
  2.923580933e+01 
  2.867289925e+01 
  2.797831154e+01 
  2.763116646e+01 
  2.767001724e+01 
  2.707281113e+01 
  2.699474335e+01 
  2.777706909e+01 
  2.662340927e+01 
  2.608886337e+01 
  2.709444618e+01 
  2.560462952e+01 
  2.584934235e+01 
  2.543520164e+01 
  2.570900536e+01 
  2.547822189e+01 
  2.425173759e+01 
  2.418399429e+01 
  1.941315269e+01 
  2.160496712e+01 
  2.322831345e+01 
  2.138150597e+01 
  2.410437775e+01 
  2.233274460e+01 
  2.124864578e+01 
  2.265913010e+01 
  2.167450523e+01 
  2.294276047e+01 
  2.211968422e+01 
  2.124179649e+01 
  2.053239822e+01 
  2.027838135e+01 
  1.998821259e+01 
  1.934586143e+01 
  1.902869034e+01 
  1.996391106e+01 
  1.839141273e+01 
  1.964190292e+01 
  2.082966423e+01 
  1.919914627e+01 
  1.824045944e+01 
  1.948638344e+01 
  1.870584488e+01 
  1.853671265e+01 
  1.927386475e+01 
  1.747590256e+01 
  1.695043564e+01 
  1.714453125e+01 
  1.783969879e+01 
  1.301630402e+01 
  1.596206665e+01 
  1.497951794e+01 
  1.633647728e+01 
  1.619149208e+01 
  1.667490768e+01 
  1.538685513e+01 
  1.653684044e+01 
  1.625027657e+01 
  1.534171486e+01 
  1.327551746e+01 
  1.579355049e+01 
  1.608921432e+01 
  1.506040382e+01 
  1.624005318e+01 
  1.534922695e+01 
  1.336031818e+01 
  1.439879131e+01 
  1.456061363e+01 
  1.531357670e+01 
  1.408171749e+01 
  1.461043358e+01 
  1.443383884e+01 
  1.400117302e+01 
  1.272626400e+01 
  1.407205200e+01 
  1.334316349e+01 
  1.395078373e+01 
  1.362283993e+01 
  1.320376205e+01 
  1.364512348e+01 
  1.255087090e+01 
  1.309478664e+01 
  1.269772243e+01 
  1.251168156e+01 
  1.294125462e+01 
  1.232988167e+01 
  1.262615108e+01 
  1.255604458e+01 
  1.210813808e+01 
  1.165061569e+01 
  1.199229145e+01 
  1.124089813e+01 
  1.119610977e+01 
  1.220227146e+01 
  1.110577393e+01 
  1.152215958e+01 
  1.126473808e+01 
  1.130152321e+01 
  1.033217049e+01 
  1.098500824e+01 
  1.084753132e+01 
  1.052625561e+01 
  1.049469662e+01 
  1.004721928e+01 
  1.051979542e+01 
  1.053590679e+01 
  1.039451408e+01 
  1.005802250e+01 
  9.801082611e+00 
  1.013947296e+01 
  9.781829834e+00 
  9.649249077e+00 
  9.926663399e+00 
  9.699792862e+00 
  9.790818214e+00 
  9.799674988e+00 
  9.707331657e+00 
  9.581925392e+00 
  9.110387802e+00 
  9.393211365e+00 
  9.222761154e+00 
  8.106137276e+00 
  8.404327393e+00 
  8.875317574e+00 
  8.640148163e+00 
  8.680796623e+00 
  8.695626259e+00 
  8.462336540e+00 
  8.618002892e+00 
  8.574524879e+00 
  8.340503693e+00 
  8.281708717e+00 
  8.227788925e+00 
  8.121737480e+00 
  7.975251198e+00 
  7.971706867e+00 
  8.173938751e+00 
  8.102278709e+00 
  7.956646919e+00 
  7.860876560e+00 
  7.781615734e+00 
  7.652020454e+00 
  7.481100559e+00 
  7.554255962e+00 
  7.408573627e+00 
  7.253939629e+00 
  6.947541237e+00 
  7.234040260e+00 
  6.834364414e+00 
  6.829003334e+00 
  7.104637623e+00 
  6.993228436e+00 
  7.049713612e+00 
  7.123270035e+00 
  6.702166557e+00 
  6.708532810e+00 
  6.670244217e+00 
  6.445295334e+00 
  6.432099342e+00 
  6.482183456e+00 
  6.275985241e+00 
  6.442368031e+00 
  6.190580845e+00 
  6.392879486e+00 
  5.925141335e+00 
  6.329806805e+00 
  6.113660812e+00 
  6.193100929e+00 
  5.945122242e+00 
  6.110208511e+00 
  6.176372051e+00 
  6.092713833e+00 
  5.871302605e+00 
  5.923357487e+00 
  5.820582390e+00 
  5.884336948e+00 
  5.783589363e+00 
  5.794322014e+00 
  5.535232067e+00 
  5.573616982e+00 
  5.527462959e+00 
  5.606983662e+00 
  5.173181057e+00 
  5.539234161e+00 
  5.392504692e+00 
  5.477664948e+00 
  5.372611046e+00 
  5.196392059e+00 
  4.386575222e+00 
  4.655595779e+00 
  5.158739567e+00 
  5.138111115e+00 
  5.150050640e+00 
  5.148445129e+00 
  5.194757938e+00 
  5.105795383e+00 
  4.996285915e+00 
  4.989281654e+00 
  5.021018982e+00 
  4.893474579e+00 
  4.893860817e+00 
  4.935806751e+00 
  4.848725796e+00 
  4.769953728e+00 
  4.727128029e+00 
  4.733674049e+00 
  4.715676308e+00 
  4.617063046e+00 
  4.677180767e+00 
  4.557655811e+00 
  4.606304169e+00 
  4.514764786e+00 
  4.452879906e+00 
  4.430749416e+00 
  4.395541668e+00 
  4.398555279e+00 
  4.292628765e+00 
  4.317313194e+00 
  4.093096733e+00 
  3.632821798e+00 
  3.732062101e+00 
  3.685904264e+00 
  3.745387077e+00 
  3.829844475e+00 
  3.845180988e+00 
  3.838490009e+00 
  3.834969759e+00 
  3.776312113e+00 
  3.815909147e+00 
  3.874201536e+00 
  3.764691114e+00 
  3.749382496e+00 
  3.693884373e+00 
  3.577397346e+00 
  3.548780441e+00 
  3.627983570e+00 
  3.619864702e+00 
  3.605394840e+00 
  3.550563574e+00 
  3.484100580e+00 
  3.572684288e+00 
  3.441962004e+00 
  3.483779907e+00 
  3.446220160e+00 
  3.393872976e+00 
  3.347764254e+00 
  3.380776405e+00 
  3.225104332e+00 
  3.270825148e+00 
  3.051673174e+00 
  2.951707840e+00 
  2.877903938e+00 
  2.848123074e+00 
  2.980965376e+00 
  3.065949440e+00 
  3.007889986e+00 
  2.918700695e+00 
  2.883008957e+00 
  2.857533455e+00 
  2.895648956e+00 
  2.816953897e+00 
  2.720900059e+00 
  2.800077200e+00 
  2.731962919e+00 
  2.822655678e+00 
  2.819031954e+00 
  2.889514208e+00 
  2.840408802e+00 
  2.754462242e+00 
  2.788245201e+00 
  2.783492327e+00 
  2.686082840e+00 
  2.714133263e+00 
  2.688005447e+00 
  2.633352757e+00 
  2.703882217e+00 
  2.719374657e+00 
  2.637799501e+00 
  2.662822485e+00 
  2.690061092e+00 
  2.628598213e+00 
  2.616048098e+00 
  2.562475681e+00 
  2.542225599e+00 
  2.569482088e+00 
  2.532159328e+00 
  2.558401823e+00 
  2.530195475e+00 
  2.467517614e+00 
  2.472170830e+00 
  2.450483561e+00 
  2.199061394e+00 
  1.085185647e+00 
  9.859585762e-01 
  1.538488626e+00 
  1.380759120e+00 
  1.470859528e+00 
  1.688763261e+00 
  1.844269514e+00 
  1.985349059e+00 
  2.144520760e+00 
  2.190375805e+00 
  2.203699589e+00 
  2.210189342e+00 
  2.193993330e+00 
  2.175321817e+00 
  2.189034462e+00 
  2.096770048e+00 
  2.172314882e+00 
  2.145983696e+00 
  2.123115063e+00 
  2.118666410e+00 
  2.081299782e+00 
  2.067540169e+00 
  2.081318140e+00 
  2.021895409e+00 
  2.021935225e+00 
  2.013780594e+00 
  1.964642286e+00 
  1.977096319e+00 
  1.933586121e+00 
  1.922159553e+00 
  1.891728997e+00 
  1.874511003e+00 
  1.837409377e+00 
  1.831100941e+00 
  1.813750148e+00 
  1.787893414e+00 
  1.792292953e+00 
  1.798909903e+00 
  1.801228523e+00 
  1.788095117e+00 
  1.725308418e+00 
  1.749246716e+00 
  1.736226559e+00 
  1.703685403e+00 
  1.713804126e+00 
  1.665054560e+00 
  1.705656290e+00 
  1.687047362e+00 
  1.665813804e+00 
  1.626452088e+00 
  1.607801914e+00 
  1.618878365e+00 
  1.596730947e+00 
  1.571836472e+00 
  1.548777461e+00 
  1.508883715e+00 
  1.468978286e+00 
  1.471412778e+00 
  1.456611633e+00 
  1.416430116e+00 
  1.403143406e+00 
  1.469256520e+00 
  1.400862575e+00 
  1.362168074e+00 
  1.418569922e+00 
  1.439173579e+00 
  1.435913920e+00 
  1.420324445e+00 
  1.391478300e+00 
  1.390526295e+00 
  1.369180202e+00 
  1.340266347e+00 
  1.361793876e+00 
  1.317118526e+00 
  1.334974289e+00 
  1.340183616e+00 
  1.346248269e+00 
  1.328303933e+00 
  1.330868602e+00 
  1.285522461e+00 
  1.314419508e+00 
  1.308962226e+00 
  1.296659350e+00 
  1.286668301e+00 
  1.261557817e+00 
  1.275613308e+00 
  1.280929446e+00 
  1.232112646e+00 
  1.261131406e+00 
  1.257573962e+00 
  1.081300855e+00 
  1.231818080e+00 
  1.179500937e+00 
  1.188944340e+00 
  9.512186050e-01 
  1.042768717e+00 
  1.178490877e+00 
  1.192236185e+00 
  1.167823911e+00 
  1.162948966e+00 
  1.147426128e+00 
  1.141872644e+00 
  1.132946730e+00 
  1.149151921e+00 
  1.141571879e+00 
  1.115121365e+00 
  9.309706688e-01 
  9.866728187e-01 
  1.065044045e+00 
  1.045194626e+00 
  1.083152652e+00 
  1.076573372e+00 
  1.067309976e+00 
  1.066463828e+00 
  1.038151026e+00 
  1.023777723e+00 
  1.027320623e+00 
  1.042880058e+00 
  1.019893169e+00 
  1.017460704e+00 
  1.006659508e+00 
  9.497366548e-01 
  9.973862171e-01 
  9.702640772e-01 
  9.740364552e-01 
  9.790882468e-01 
  9.420219064e-01 
  9.285480380e-01 
  9.519123435e-01 
  9.540807605e-01 
  9.463093281e-01 
  9.366271496e-01 
  9.267819524e-01 
  8.799682856e-01 
  9.012655020e-01 
  8.405933976e-01 
  8.544473648e-01 
  8.159704804e-01 
  8.068508506e-01 
  7.840495110e-01 
  7.635042071e-01 
  7.393197417e-01 
  7.233031392e-01 
  7.890570164e-01 
  8.164557219e-01 
  8.099215031e-01 
  7.727648020e-01 
  7.618124485e-01 
  7.252007723e-01 
  7.101364732e-01 
  7.172698975e-01 
  7.203184962e-01 
  7.146826386e-01 
  7.107691765e-01 
  7.115911841e-01 
  7.025069594e-01 
  7.098196149e-01 
  6.992268562e-01 
  6.972281933e-01 
  7.194923162e-01 
  7.223057747e-01 
  7.006360292e-01 
  6.910752654e-01 
  6.559019089e-01 
  6.726520658e-01 
  6.778814793e-01 
  6.503733397e-01 
  6.624245644e-01 
  6.499212980e-01 
  6.189403534e-01 
  5.908464193e-01 
  5.622116923e-01 
  5.222221017e-01 
  4.987813234e-01 
  4.701400995e-01 
  4.588524103e-01 
  4.619361162e-01 
  4.680958688e-01 
  4.853783250e-01 
  5.542935133e-01 
  5.594147444e-01 
  5.358640552e-01 
  4.931515455e-01 
  4.837166071e-01 
  4.661448598e-01 
  4.800581336e-01 
  4.851991236e-01 
  4.908116460e-01 
  4.979467988e-01 
  4.966620207e-01 
  4.929127693e-01 
  5.018717051e-01 
  4.849867523e-01 
  4.919785559e-01 
  4.963172376e-01 
  4.534155428e-01 
  4.798316658e-01 
  5.054774284e-01 
  5.110104680e-01 
  5.062569380e-01 
  4.981102347e-01 
  4.884776771e-01 
  4.909783900e-01 
  5.029655099e-01 
  4.973162413e-01 
  4.999411702e-01 
  4.843119383e-01 
  5.072487593e-01 
  5.174859762e-01 
  5.271577835e-01 
  5.268973708e-01 
  5.198327303e-01 
  5.188341141e-01 
  5.064088106e-01 
  4.902424812e-01 
  4.866813719e-01 
  4.954387248e-01 
  4.889844656e-01 
  4.983296990e-01 
  4.840301573e-01 
  4.975973964e-01 
  5.010336637e-01 
  4.958785474e-01 
  4.972155690e-01 
  4.968279004e-01 
  4.974518418e-01 
  4.951621592e-01 
  5.004409552e-01 
  4.926247001e-01 
  4.846120179e-01 
  4.871358573e-01 
  4.905402660e-01 
  4.844247401e-01 
  4.821974933e-01 
  4.840541482e-01 
  4.794850349e-01 
  4.774149954e-01 
  4.753961563e-01 
  4.710487723e-01 
  4.676918685e-01 
  4.622835815e-01 
  4.619582891e-01 
  4.575272202e-01 
  4.507970214e-01 
  4.462848604e-01 
  4.156100452e-01 
  4.357977509e-01 
  4.415973127e-01 
  4.402094483e-01 
  4.338758290e-01 
  4.345788360e-01 
  4.324927926e-01 
  4.316806197e-01 
  4.271382689e-01 
  4.284427166e-01 
  4.188894033e-01 
  4.201115370e-01 
  4.144744575e-01 
  4.178870022e-01 
  4.060114920e-01 
  4.037742615e-01 
  4.066505730e-01 
  3.984419405e-01 
  4.038842022e-01 
  3.998754025e-01 
  3.988938928e-01 
  3.982925713e-01 
  3.940952122e-01 
  3.936324418e-01 
  3.865280449e-01 
  3.892751336e-01 
  3.867015243e-01 
  3.839800954e-01 
  3.754703403e-01 
  3.780099452e-01 
  3.725408316e-01 
  3.758187592e-01 
  3.664242625e-01 
  3.686116636e-01 
  3.686206937e-01 
  3.627810776e-01 
  3.632306457e-01 
  3.628570735e-01 
  3.551826179e-01 
  3.572566211e-01 
  3.542554975e-01 
  3.425382376e-01 
  3.473810554e-01 
  3.493219018e-01 
  3.455420136e-01 
  3.420418203e-01 
  3.406608105e-01 
  3.376500905e-01 
  3.364173472e-01 
  3.315489888e-01 
  3.325625062e-01 
  3.302598596e-01 
  3.281911314e-01 
  3.232035339e-01 
  3.117733598e-01 
  3.217669427e-01 
  3.092473149e-01 
  3.163883686e-01 
  3.096632361e-01 
  3.122714758e-01 
  3.105065525e-01 
  2.998218536e-01 
  3.056476712e-01 
  3.031899929e-01 
  2.793064117e-01 
  2.949686944e-01 
  2.942878604e-01 
  2.939637899e-01 
  2.832762301e-01 
  2.922559679e-01 
  2.825746536e-01 
  2.875337899e-01 
  2.856132984e-01 
  2.851026058e-01 
  2.730487287e-01 
  2.792273462e-01 
  2.679867446e-01 
  2.708315253e-01 
  2.621389329e-01 
  2.706494927e-01 
  2.649386823e-01 
  2.677146494e-01 
  2.516686618e-01 
  2.660592198e-01 
  2.533678114e-01 
  2.576461434e-01 
  2.586806715e-01 
  2.510097027e-01 
  2.453799695e-01 
  2.218814641e-01 
  2.393933535e-01 
  2.376325130e-01 
  2.332783341e-01 
  2.252346128e-01 
  2.208947390e-01 
  2.241082489e-01 
  2.233960181e-01 
  2.130635679e-01 
  2.210525721e-01 
  2.179232538e-01 
  2.150127292e-01 
  2.106447518e-01 
  2.100320458e-01 
  2.088693380e-01 
  2.104992568e-01 
  2.104897648e-01 
  2.061190903e-01 
  1.989734918e-01 
  1.912865639e-01 
  1.908527017e-01 
  1.808100045e-01 
  1.734866500e-01 
  1.649295688e-01 
  1.542615741e-01 
  1.450847387e-01 
  1.396556199e-01 
  1.388730109e-01 
  1.324355006e-01 
  1.354662329e-01 
  1.371893138e-01 
  1.328605264e-01 
  1.294588000e-01 
  1.338031739e-01 
  1.317242682e-01 
  1.371345073e-01 
  1.488480866e-01 
  1.534917057e-01 
  1.483935863e-01 
  1.356553882e-01 
  1.188686788e-01 
  1.211153045e-01 
  1.361819804e-01 
  1.461489946e-01 
  1.488738507e-01 
  1.544112116e-01 
  1.526394039e-01 
  1.445716619e-01 
  1.468179226e-01 
  1.402071565e-01 
  1.349461526e-01 
  1.298376173e-01 
  1.320072114e-01 
  1.364671141e-01 
  1.385419518e-01 
  1.400534511e-01 
  1.390727013e-01 
  1.405339241e-01 
  1.409496963e-01 
  1.419210434e-01 
  1.416991651e-01 
  1.453342140e-01 
  1.465093046e-01 
  1.550037116e-01 
  1.577557772e-01 
  1.577483565e-01 
  1.563297361e-01 
  1.551550031e-01 
  1.623275429e-01 
  1.650260091e-01 
  1.617040336e-01 
  1.645087749e-01 
  1.602427810e-01 
  1.626408845e-01 
  1.633691490e-01 
  1.575330794e-01 
  1.615617722e-01 
  1.626818180e-01 
  1.610644311e-01 
  1.588827074e-01 
  1.584445089e-01 
  1.574498862e-01 
  1.544116139e-01 
  1.580016017e-01 
  1.535607278e-01 
  1.523623317e-01 
  1.535151750e-01 
  1.511230618e-01 
  1.497409642e-01 
  1.406534910e-01 
  1.471180767e-01 
  1.500732005e-01 
  1.482198536e-01 
  1.462672949e-01 
  1.446888298e-01 
  1.366392970e-01 
  1.452455521e-01 
  1.477569640e-01 
  1.475339234e-01 
  1.468594819e-01 
  1.459267884e-01 
  1.427773833e-01 
  1.423436999e-01 
  1.413439959e-01 
  1.360233873e-01 
  1.299795955e-01 
  1.380595118e-01 
  1.386353374e-01 
  1.382874399e-01 
  1.306501627e-01 
  1.324502081e-01 
  1.366725862e-01 
  1.361954361e-01 
  1.370047331e-01 
  1.343902797e-01 
  1.252496839e-01 
  1.330481023e-01 
  1.281276196e-01 
  1.318956167e-01 
  1.326492727e-01 
  1.315409839e-01 
  1.317823082e-01 
  1.317829937e-01 
  1.317488551e-01 
  1.310368329e-01 
  1.294252723e-01 
  1.299199164e-01 
  1.293833405e-01 
  1.283348948e-01 
  1.273707747e-01 
  1.284489334e-01 
  1.274334788e-01 
  1.276060641e-01 
  1.231095940e-01 
  1.268118918e-01 
  1.264521480e-01 
  1.258193403e-01 
  1.255113482e-01 
  1.237099096e-01 
  1.242912710e-01 
  1.237020418e-01 
  1.225235984e-01 
  1.229005978e-01 
  1.225675344e-01 
  1.220912114e-01 
  1.202920079e-01 
  1.193169430e-01 
  1.199127436e-01 
  1.187461689e-01 
  1.169869751e-01 
  1.154148877e-01 
  1.169245765e-01 
  1.155398265e-01 
  1.144347116e-01 
  1.148474216e-01 
  1.139527783e-01 
  1.130070239e-01 
  1.116987616e-01 
  1.108199582e-01 
  1.093642339e-01 
  1.089596376e-01 
  1.081505716e-01 
  1.073066294e-01 
  1.053680405e-01 
  1.048032716e-01 
  1.027183384e-01 
  1.018817797e-01 
  1.006641090e-01 
  9.688606858e-02 
  9.721405059e-02 
  9.503526986e-02 
  9.476917982e-02 
  9.457170963e-02 
  9.193670005e-02 
  9.009510279e-02 
  9.037508816e-02 
  9.276777506e-02 
  9.383937716e-02 
  9.394627810e-02 
  9.414505959e-02 
  9.397645295e-02 
  9.464254975e-02 
  9.480836242e-02 
  9.470748156e-02 
  9.444870055e-02 
  9.375736117e-02 
  9.329971671e-02 
  9.073116630e-02 
  8.061297238e-02 
  8.845690638e-02 
  9.193722159e-02 
  9.248728305e-02 
  9.211789072e-02 
  9.222261608e-02 
  9.057151526e-02 
  9.062805027e-02 
  8.828681707e-02 
  8.939126879e-02 
  8.989814669e-02 
  8.977338672e-02 
  8.775725961e-02 
  8.789714426e-02 
  8.714704961e-02 
  8.591271192e-02 
  8.487939090e-02 
  8.546533436e-02 
  8.481192589e-02 
  8.432122320e-02 
  8.269182593e-02 
  8.110562712e-02 
  8.059652150e-02 
  8.070196211e-02 
  8.040334284e-02 
  7.971512526e-02 
  7.890869677e-02 
  7.789739221e-02 
  7.725463063e-02 
  7.679162920e-02 
  7.548332959e-02 
  7.132803649e-02 
  7.276628911e-02 
  7.046848536e-02 
  7.247338444e-02 
  7.299648970e-02 
  7.083959132e-02 
  7.026181370e-02 
  6.803591549e-02 
  6.697169691e-02 
  6.760247052e-02 
  6.860192865e-02 
  6.897769123e-02 
  6.825622916e-02 
  6.675533205e-02 
  6.393545121e-02 
  6.166913733e-02 
  5.548737571e-02 
  5.483268201e-02 
  5.403571948e-02 
  5.295317248e-02 
  5.497143045e-02 
  5.596811324e-02 
  5.663964525e-02 
  5.616266280e-02 
  5.636503547e-02 
  5.671448633e-02 
  5.626277626e-02 
  5.617634207e-02 
  5.672074109e-02 
  5.648190156e-02 
  5.476671457e-02 
  5.253295973e-02 
  4.757307470e-02 
  4.392699152e-02 
  4.209447280e-02 
  3.928983957e-02 
  3.803005069e-02 
  3.524948657e-02 
  3.396842256e-02 
  3.247379512e-02 
  3.041452914e-02 
  2.927130833e-02 
  2.799071372e-02 
  2.690301277e-02 
  2.556031570e-02 
  2.504053339e-02 
  2.357440814e-02 
  2.231256105e-02 
  2.222381160e-02 
  2.192019857e-02 
  2.214446850e-02 
  2.263106965e-02 
  2.260128036e-02 
  2.282073535e-02 
  2.218576707e-02 
  2.200638503e-02 
  2.158081345e-02 
  2.239943668e-02 
  2.367744409e-02 
  2.556497790e-02 
  2.666055225e-02 
  2.739706635e-02 
  2.717325091e-02 
  2.650913037e-02 
  2.631562017e-02 
  2.516729943e-02 
  2.418355457e-02 
  2.246752009e-02 
  2.133678645e-02 
  2.035374381e-02 
  2.044323646e-02 
  2.123147249e-02 
  2.170511149e-02 
  2.282265015e-02 
  2.415910177e-02 
  2.522449195e-02 
  2.569653466e-02 
  2.528218180e-02 
  2.522441186e-02 
  2.409900166e-02 
  2.310655452e-02 
  2.210797928e-02 
  2.234003320e-02 
  2.333619073e-02 
  2.408377454e-02 
  2.410437167e-02 
  2.371483110e-02 
  2.287390083e-02 
  2.302371711e-02 
  2.400741540e-02 
  2.426684275e-02 
  2.385580912e-02 
  2.391608246e-02 
  2.359970286e-02 
  2.363079228e-02 
  2.418233454e-02 
  2.487401105e-02 
  2.572178654e-02 
  2.663067542e-02 
  2.554285713e-02 
  2.638036758e-02 
  2.650086209e-02 
  2.699631825e-02 
  2.733589709e-02 
  2.759347484e-02 
  2.758483775e-02 
  2.721125260e-02 
  2.725352719e-02 
  2.841786295e-02 
  2.808113210e-02 
  2.799344994e-02 
  2.790402994e-02 
  2.811638452e-02 
  2.694020420e-02 
  2.763400041e-02 
  2.841078676e-02 
  2.793622948e-02 
  2.708056197e-02 
  2.617318928e-02 
  2.615616284e-02 
  2.608387172e-02 
  2.533744462e-02 
  2.606027760e-02 
  2.618981898e-02 
  2.630954608e-02 
  2.670415677e-02 
  2.704918198e-02 
  2.555192262e-02 
  2.693052962e-02 
  2.611307800e-02 
  2.648825571e-02 
  2.674440853e-02 
  2.666867711e-02 
  2.725476585e-02 
  2.741122246e-02 
  2.762222663e-02 
  2.735923603e-02 
  2.675927617e-02 
  2.670046501e-02 
  2.689071372e-02 
  2.835614979e-02 
  2.945812047e-02 
  2.972180583e-02 
  3.031429276e-02 
  3.062432259e-02 
  3.107493743e-02 
  3.059514239e-02 
  2.955884114e-02 
  2.917095646e-02 
  2.816912532e-02 
  2.790040150e-02 
  2.763824724e-02 
  2.745730989e-02 
  2.620444261e-02 
  2.641059645e-02 
  2.529381402e-02 
  2.488560602e-02 
  2.445413172e-02 
  2.467408963e-02 
  2.566896379e-02 
  2.709338628e-02 
  2.725531347e-02 
  2.773895860e-02 
  2.770696767e-02 
  2.739111893e-02 
  2.660959959e-02 
  2.644578554e-02 
  2.673984505e-02 
  2.669757046e-02 
  2.743287012e-02 
  2.693084255e-02 
  2.710050717e-02 
  2.747673728e-02 
  2.734236792e-02 
  2.819206938e-02 
  2.463340573e-02 
  2.936777286e-02 
  3.039688990e-02 
  3.117645346e-02 
  3.047641180e-02 
  3.141436726e-02 
  3.125676885e-02 
  3.131617978e-02 
  3.092258237e-02 
  3.159802407e-02 
  3.235991299e-02 
  3.223584965e-02 
  3.305837512e-02 
  3.281964362e-02 
  3.228992969e-02 
  2.880553342e-02 
  3.004359081e-02 
  3.022434004e-02 
  3.056209907e-02 
  3.220871091e-02 
  3.179494664e-02 
  3.203262016e-02 
  3.250798956e-02 
  3.270196170e-02 
  3.209109232e-02 
  3.199009970e-02 
  3.146930411e-02 
  3.210069612e-02 
  3.175224736e-02 
  3.157094494e-02 
  3.224993497e-02 
  3.190232441e-02 
  3.229133785e-02 
  3.173957765e-02 
  3.147304431e-02 
  3.219320253e-02 
  3.182361647e-02 
  3.097227588e-02 
  3.176807240e-02 
  3.139466792e-02 
  3.157740831e-02 
  3.139433265e-02 
  2.933833934e-02 
  3.129107133e-02 
  3.103596158e-02 
  3.081400879e-02 
  3.028040566e-02 
  3.033751994e-02 
  3.066346049e-02 
  3.071808442e-02 
  2.983125485e-02 
  3.039928339e-02 
  2.922787517e-02 
  2.977410704e-02 
  2.987308614e-02 
  2.972937189e-02 
  3.005539067e-02 
  3.011450358e-02 
  3.006446175e-02 
  2.971333824e-02 
  2.877099626e-02 
  2.943159081e-02 
  2.919561602e-02 
  2.896927856e-02 
  2.939063124e-02 
  2.916881256e-02 
  2.802032232e-02 
  2.841551974e-02 
  2.779929526e-02 
  2.863509580e-02 
  2.833711728e-02 
  2.826371603e-02 
  2.770375647e-02 
  2.827546746e-02 
  2.819117345e-02 
  2.767600678e-02 
  2.701679058e-02 
  2.730892971e-02 
  2.672258951e-02 
  2.653511241e-02 
  2.575694397e-02 
  2.561499365e-02 
  2.477494255e-02 
  2.537376434e-02 
  2.526848204e-02 
  2.483516000e-02 
  2.489936166e-02 
  2.309353650e-02 
  2.474679612e-02 
  2.230436727e-02 
  2.436774038e-02 
  2.448009513e-02 
  2.498118021e-02 
  2.475256845e-02 
  2.427020110e-02 
  2.458304726e-02 
  2.437022515e-02 
  2.508122660e-02 
  2.470348962e-02 
  2.441315539e-02 
  2.399466559e-02 
  2.191110328e-02 
  2.354678698e-02 
  2.296246774e-02 
  2.411055937e-02 
  2.455325052e-02 
  2.427731082e-02 
  2.429083362e-02 
  2.269688249e-02 
  2.342405543e-02 
  2.360844240e-02 
  2.254587598e-02 
  2.270063199e-02 
  2.169040218e-02 
  2.214251459e-02 
  2.196358144e-02 
  2.225854807e-02 
  2.187445760e-02 
  2.176128887e-02 
  2.177628316e-02 
  2.195451967e-02 
  2.181548439e-02 
  2.042852715e-02 
  2.105614170e-02 
  2.130647190e-02 
  2.182529494e-02 
  2.155721374e-02 
  2.193524130e-02 
  2.056922764e-02 
  2.118351869e-02 
  2.178919129e-02 
  2.172786929e-02 
  2.118259110e-02 
  2.085108496e-02 
  2.132287435e-02 
  2.172583714e-02 
  2.183660492e-02 
  2.126791701e-02 
  2.144956402e-02 
  2.137269452e-02 
  2.147925086e-02 
  2.141104639e-02 
  2.075845189e-02 
  2.103106864e-02 
  2.095911838e-02 
  2.062676661e-02 
  2.006245777e-02 
  2.054966055e-02 
  2.041788027e-02 
  1.941422746e-02 
  1.922527701e-02 
  1.893217675e-02 
  1.896601543e-02 
  1.877968013e-02 
  1.871009730e-02 
  1.913909428e-02 
  1.879556477e-02 
  1.878284477e-02 
  1.896204613e-02 
  1.909173839e-02 
  1.895898953e-02 
  1.847984456e-02 
  1.890206337e-02 
  1.844123192e-02 
  1.877282560e-02 
  1.854599640e-02 
  1.870840043e-02 
  1.832075790e-02 
  1.865193434e-02 
  1.847148687e-02 
  1.854966208e-02 
  1.817225106e-02 
  1.833546348e-02 
  1.836178638e-02 
  1.817062311e-02 
  1.799470186e-02 
  1.785453968e-02 
  1.763047650e-02 
  1.751543581e-02 
  1.766710170e-02 
  1.732596941e-02 
  1.733498648e-02 
  1.768172532e-02 
  1.752777211e-02 
  1.665813662e-02 
  1.709072106e-02 
  1.712765172e-02 
  1.692766696e-02 
  1.661482640e-02 
  1.665853709e-02 
  1.670720056e-02 
  1.643929258e-02 
  1.583734900e-02 
  1.525305212e-02 
  1.565577276e-02 
  1.600244083e-02 
  1.625965722e-02 
  1.626661047e-02 
  1.603294723e-02 
  1.606616192e-02 
  1.603666693e-02 
  1.580600068e-02 
  1.575430296e-02 
  1.592031866e-02 
  1.591155678e-02 
  1.581777446e-02 
  1.575832069e-02 
  1.572599262e-02 
  1.559664309e-02 
  1.546354406e-02 
  1.552059501e-02 
  1.538430713e-02 
  1.515542902e-02 
  1.514646970e-02 
  1.506081223e-02 
  1.471921429e-02 
  1.494785957e-02 
  1.498023421e-02 
  1.475759503e-02 
  1.468589809e-02 
  1.424548775e-02 
  1.447177492e-02 
  1.459506992e-02 
  1.345459372e-02 
  1.435940340e-02 
  1.439678017e-02 
  1.436472964e-02 
  1.434036158e-02 
  1.423227228e-02 
  1.406600978e-02 
  1.395843178e-02 
  1.404247899e-02 
  1.368839946e-02 
  1.345615834e-02 
  1.365092862e-02 
  1.293482166e-02 
  1.309901569e-02 
  1.325670630e-02 
  1.336477324e-02 
  1.326914132e-02 
  1.294824295e-02 
  1.318284124e-02 
  1.317781676e-02 
  1.295852289e-02 
  1.278124563e-02 
  1.193940639e-02 
  1.214219816e-02 
  1.218629442e-02 
  1.156841964e-02 
  1.138701010e-02 
  1.191630866e-02 
  1.207360346e-02 
  1.208707690e-02 
  1.177991647e-02 
  1.212238148e-02 
  1.189473458e-02 
  1.203241758e-02 
  1.165445056e-02 
  1.171122584e-02 
  1.139602717e-02 
  1.179085020e-02 
  1.167201158e-02 
  1.161837205e-02 
  1.140449662e-02 
  1.146120671e-02 
  1.146527193e-02 
  1.144284755e-02 
  1.123877615e-02 
  1.133368351e-02 
  1.131592039e-02 
  1.120315026e-02 
  1.122352574e-02 
  1.111808326e-02 
  1.088811364e-02 
  1.059378684e-02 
  1.068087667e-02 
  1.043427549e-02 
  1.059218869e-02 
  1.050964836e-02 
  1.048459206e-02 
  1.031102613e-02 
  1.036169566e-02 
  1.017025951e-02 
  1.016500220e-02 
  1.013602223e-02 
  1.011513826e-02 
  9.861196391e-03 
  9.574572556e-03 
  9.528809227e-03 
  9.242382832e-03 
  9.074091911e-03 
  9.144698270e-03 
  9.062614292e-03 
  9.031616151e-03 
  8.892560378e-03 
  8.730226196e-03 
  8.717915975e-03 
  8.658636361e-03 
  8.706309833e-03 
  8.756765164e-03 
  8.706089109e-03 
  8.441286162e-03 
  8.357958868e-03 
  8.134703152e-03 
  7.995929569e-03 
  7.726525888e-03 
  7.448717486e-03 
  7.493482903e-03 
  7.223775145e-03 
  6.932496093e-03 
  6.941506173e-03 
  6.597451866e-03 
  6.548273377e-03 
  6.136983633e-03 
  5.923662335e-03 
  5.883306731e-03 
  5.944538396e-03 
  5.905963480e-03 
  5.735997111e-03 
  5.637796130e-03 
  5.561061669e-03 
  5.394143984e-03 
  5.161168054e-03 
  5.141789094e-03 
  4.942296539e-03 
  4.941340536e-03 
  4.790635314e-03 
  4.513003398e-03 
  4.440668970e-03 
  4.207385704e-03 
  3.915295471e-03 
  4.083349835e-03 
  4.133713432e-03 
  4.153738730e-03 
  4.087799694e-03 
  4.015038721e-03 
  4.109724890e-03 
  3.877716372e-03 
  3.888314357e-03 
  3.752752440e-03 
  3.709279466e-03 
  3.424286842e-03 
  3.377322108e-03 
  3.360217903e-03 
  3.272036789e-03 
  3.144682851e-03 
  3.128733719e-03 
  2.938478021e-03 
  2.936180914e-03 
  2.878444735e-03 
  2.777063986e-03 
  2.889357740e-03 
  2.903811634e-03 
  2.958556870e-03 
  2.985955914e-03 
  2.881761640e-03 
  3.034843830e-03 
  3.014926333e-03 
  2.981489059e-03 
  2.759664087e-03 
  2.834293758e-03 
  2.871707082e-03 
  2.887402661e-03 
  2.864583163e-03 
  2.840089146e-03 
  2.769002225e-03 
  2.809892874e-03 
  2.808091929e-03 
  2.706094878e-03 
  2.808196237e-03 
  2.846233314e-03 
  2.900077729e-03 
  2.857858781e-03 
  2.993260045e-03 
  2.962179715e-03 
  2.970664995e-03 
  2.932361327e-03 
  2.936123405e-03 
  2.748590894e-03 
  2.695877803e-03 
  2.492598724e-03 
  2.545295982e-03 
  2.353023505e-03 
  2.247984521e-03 
  2.223558491e-03 
  2.227974590e-03 
  2.218520502e-03 
  2.167063765e-03 
  2.009551274e-03 
  2.523474162e-03 
  2.721146913e-03 
  2.772009699e-03 
  2.787634963e-03 
  2.864684910e-03 
  2.912809839e-03 
  2.930861199e-03 
  2.937773708e-03 
  2.914207755e-03 
  2.811572049e-03 
  2.942949068e-03 
  2.895606915e-03 
  2.840612782e-03 
  2.727308311e-03 
  2.813105937e-03 
  2.720300341e-03 
  2.602946246e-03 
  2.701279242e-03 
  2.629295224e-03 
  2.517160261e-03 
  2.499442548e-03 
  2.447352512e-03 
  2.402682323e-03 
  2.369638998e-03 
  2.383884508e-03 
  2.342912136e-03 
  2.354179742e-03 
  2.327195369e-03 
  2.413952490e-03 
  2.417821437e-03 
  2.481149277e-03 
  2.428908832e-03 
  2.469771076e-03 
  2.467134735e-03 
  2.457249444e-03 
  2.379540820e-03 
  2.494479297e-03 
  2.549069235e-03 
  2.526374534e-03 
  2.617772203e-03 
  2.625410212e-03 
  2.682709601e-03 
  2.665226813e-03 
  2.642863197e-03 
  2.742779907e-03 
  2.789299237e-03 
  2.752357163e-03 
  2.800347283e-03 
  2.780993702e-03 
  2.789952094e-03 
  2.793207532e-03 
  2.758914838e-03 
  2.702933736e-03 
  2.803934272e-03 
  2.803622745e-03 
  2.883608919e-03 
  2.829293953e-03 
  2.936970210e-03 
  2.952720271e-03 
  2.986297011e-03 
  2.980967052e-03 
  3.030870343e-03 
  2.889589407e-03 
  2.982162638e-03 
  3.004569793e-03 
  3.022814170e-03 
  2.927766414e-03 
  2.788345097e-03 
  2.614220837e-03 
  2.778503811e-03 
  2.945511835e-03 
  2.962833270e-03 
  2.992215334e-03 
  2.871501260e-03 
  2.782304771e-03 
  2.762385644e-03 
  2.830092330e-03 
  2.769867657e-03 
  2.760552801e-03 
  2.702993806e-03 
  2.771406202e-03 
  2.778557362e-03 
  2.887337701e-03 
  2.859623404e-03 
  3.004264086e-03 
  2.938409802e-03 
  3.037095768e-03 
  3.034314141e-03 
  3.286016174e-03 
  3.199112834e-03 
  3.428380936e-03 
  3.431695513e-03 
  3.585787723e-03 
  3.609967185e-03 
  3.755433019e-03 
  3.718952648e-03 
  3.678287147e-03 
  3.771427553e-03 
  3.960710019e-03 
  3.955961205e-03 
  4.031776451e-03 
  3.818647936e-03 
  4.103840794e-03 
  3.967420198e-03 
  4.089670721e-03 
  4.117548000e-03 
  4.150960594e-03 
  4.097882193e-03 
  4.110584036e-03 
  4.020247608e-03 
  4.033986479e-03 
  4.135909956e-03 
  4.105601460e-03 
  4.085590132e-03 
  4.035165999e-03 
  3.971055616e-03 
  3.784111701e-03 
  3.806985915e-03 
  3.640500829e-03 
  3.632430919e-03 
  3.185945796e-03 
  3.119349713e-03 
  2.692032838e-03 
  2.687871223e-03 
  2.268722281e-03 
  2.267860342e-03 
  2.026991919e-03 
  2.021418419e-03 
  2.036705846e-03 
  1.979896566e-03 
  2.104572952e-03 
  2.098910045e-03 
  2.155820606e-03 
  2.155513270e-03 
  2.174780937e-03 
  2.167940373e-03 
  2.204379300e-03 
  2.178450581e-03 
  2.266895259e-03 
  2.258778550e-03 
  2.407285618e-03 
  2.408216940e-03 
  2.638792852e-03 
  2.613864839e-03 
  2.753021196e-03 
  2.844439121e-03 
  3.088104539e-03 
  3.084883327e-03 
  3.236040939e-03 
  3.258981742e-03 
  3.371746745e-03 
  3.376868088e-03 
  3.403395647e-03 
  3.357011592e-03 
  3.433803562e-03 
  3.484287998e-03 
  3.531737952e-03 
  3.522055689e-03 
  3.417460481e-03 
  3.490766976e-03 
  3.514383687e-03 
  3.319363575e-03 
  3.426717361e-03 
  3.447817639e-03 
  3.411580110e-03 
  3.373246174e-03 
  3.332529683e-03 
  3.325449070e-03 
  3.214639146e-03 
  3.206199035e-03 
  3.182621207e-03 
  3.016870469e-03 
  3.027494065e-03 
  2.842310583e-03 
  2.821084112e-03 
  2.701863414e-03 
  2.658667276e-03 
  2.653243951e-03 
  2.668217290e-03 
  2.696071751e-03 
  2.680478618e-03 
  2.727592597e-03 
  2.723265905e-03 
  2.727051033e-03 
  2.649718663e-03 
  2.721650526e-03 
  2.706303727e-03 
  2.539630979e-03 
  2.683330327e-03 
  2.681442536e-03 
  2.690249821e-03 
  2.662319224e-03 
  2.713980852e-03 
  2.617913764e-03 
  2.783836797e-03 
  2.746653743e-03 
  2.876473125e-03 
  2.866643947e-03 
  2.939068479e-03 
  2.930088667e-03 
  2.978084376e-03 
  2.971686190e-03 
  2.916643396e-03 
  2.977281343e-03 
  2.942633349e-03 
  2.981238533e-03 
  2.923575928e-03 
  2.942773048e-03 
  2.961627441e-03 
  2.982974285e-03 
  2.975839190e-03 
  2.993098693e-03 
  2.991607180e-03 
  2.997003030e-03 
  2.968925051e-03 
  2.850189339e-03 
  2.951092785e-03 
  2.973200753e-03 
  2.876208164e-03 
  2.957152203e-03 
  2.944511594e-03 
  2.934894757e-03 
  2.940961160e-03 
  2.943174914e-03 
  2.936086152e-03 
  2.950525377e-03 
  2.900008578e-03 
  2.939675469e-03 
  2.931638155e-03 
  2.937535057e-03 
  2.923191059e-03 
  2.915069461e-03 
  2.894647419e-03 
  2.821822651e-03 
  2.882086905e-03 
  2.869353397e-03 
  2.849396551e-03 
  2.852885053e-03 
  2.845613984e-03 
  2.820835914e-03 
  2.748631407e-03 
  2.806918463e-03 
  2.821397269e-03 
  2.748673549e-03 
  2.803726122e-03 
  2.774342895e-03 
  2.770975931e-03 
  2.724415623e-03 
  2.778046299e-03 
  2.788167680e-03 
  2.734497655e-03 
  2.787338337e-03 
  2.775847213e-03 
  2.760960255e-03 
  2.772404347e-03 
  2.762265503e-03 
  2.755593974e-03 
  2.742143348e-03 
  2.740516560e-03 
  2.635539975e-03 
  2.720321994e-03 
  2.714672126e-03 
  2.696033567e-03 
  2.687460277e-03 
  2.684939886e-03 
  2.663431456e-03 
  2.645176370e-03 
  2.625078894e-03 
  2.594096819e-03 
  2.546364209e-03 
  2.567444229e-03 
  2.563799731e-03 
  2.525942400e-03 
  2.518195426e-03 
  2.492188243e-03 
  2.481471747e-03 
  2.453729743e-03 
  2.454984002e-03 
  2.449437045e-03 
  2.447336679e-03 
  2.436580369e-03 
  2.428685548e-03 
  2.412973205e-03 
  2.400789410e-03 
  2.393966075e-03 
  2.357518766e-03 
  2.355302917e-03 
  2.318029059e-03 
  2.236965112e-03 
  2.005688148e-03 
  2.190844156e-03 
  2.256019739e-03 
  2.311707009e-03 
  2.305631293e-03 
  2.321446780e-03 
  2.308518859e-03 
  2.312576398e-03 
  2.299606800e-03 
  2.298180712e-03 
  2.279891632e-03 
  2.254477702e-03 
  2.266749041e-03 
  2.175547881e-03 
  2.259219298e-03 
  2.251514932e-03 
  2.226525918e-03 
  2.167675178e-03 
  2.216759603e-03 
  2.218312351e-03 
  2.217385918e-03 
  2.210403793e-03 
  2.150680171e-03 
  2.135105664e-03 
  2.157057170e-03 
  2.177340910e-03 
  2.167439088e-03 
  2.137430245e-03 
  2.127969638e-03 
  2.117779572e-03 
  2.087158617e-03 
  2.075180644e-03 
  2.056207508e-03 
  2.049533185e-03 
  2.038209699e-03 
  2.036802238e-03 
  2.029833151e-03 
  2.050824929e-03 
  2.047481947e-03 
  2.037927276e-03 
  1.986362040e-03 
  1.957511529e-03 
  2.055688761e-03 
  2.009557327e-03 
  2.071627416e-03 
  2.066048095e-03 
  2.055698307e-03 
  2.051963471e-03 
  2.040042775e-03 
  2.035785932e-03 
  2.015042817e-03 
  1.982280985e-03 
  2.002388937e-03 
  2.005167538e-03 
  1.994561637e-03 
  1.987529919e-03 
  1.976068132e-03 
  1.970825251e-03 
  1.962415408e-03 
  1.948471414e-03 
  1.911377534e-03 
  1.913383487e-03 
  1.907978905e-03 
  1.921664923e-03 
  1.896718866e-03 
  1.896200585e-03 
  1.892705099e-03 
  1.883231336e-03 
  1.876346418e-03 
  1.862342702e-03 
  1.851509907e-03 
  1.849050866e-03 
  1.824179664e-03 
  1.782696112e-03 
  1.801182632e-03 
  1.815704512e-03 
  1.808546367e-03 
  1.774852513e-03 
  1.785144326e-03 
  1.781978644e-03 
  1.774990582e-03 
  1.770223957e-03 
  1.718492596e-03 
  1.751151867e-03 
  1.732478035e-03 
  1.727363560e-03 
  1.727093128e-03 
  1.698978245e-03 
  1.653586165e-03 
  1.685872441e-03 
  1.670174999e-03 
  1.667167759e-03 
  1.663052011e-03 
  1.661974471e-03 
  1.646678429e-03 
  1.635710360e-03 
  1.635941560e-03 
  1.575469389e-03 
  1.630541636e-03 
  1.618031063e-03 
  1.594983623e-03 
  1.606265432e-03 
  1.604279270e-03 
  1.597766764e-03 
  1.590220840e-03 
  1.573827467e-03 
  1.585582737e-03 
  1.580891199e-03 
  1.573405578e-03 
  1.547333202e-03 
  1.564172446e-03 
  1.561704557e-03 
  1.558361459e-03 
  1.550802495e-03 
  1.543402323e-03 
  1.464922912e-03 
  1.509901136e-03 
  1.511724433e-03 
  1.506272238e-03 
  1.498206053e-03 
  1.493236749e-03 
  1.493622898e-03 
  1.485837507e-03 
  1.468570321e-03 
  1.465952722e-03 
  1.442810870e-03 
  1.447404386e-03 
  1.442026929e-03 
  1.361819333e-03 
  1.395455678e-03 
  1.387518714e-03 
  1.360581722e-03 
  1.388350036e-03 
  1.390205114e-03 
  1.384083997e-03 
  1.380626694e-03 
  1.395213534e-03 
  1.388655277e-03 
  1.381676761e-03 
  1.396448468e-03 
  1.395490835e-03 
  1.395898405e-03 
  1.393253682e-03 
  1.381951384e-03 
  1.372328494e-03 
  1.374244457e-03 
  1.365445438e-03 
  1.348267193e-03 
  1.338085043e-03 
  1.288409112e-03 
  1.305010053e-03 
  1.290086075e-03 
  1.312236651e-03 
  1.304717269e-03 
  1.283082413e-03 
  1.288550673e-03 
  1.285324455e-03 
  1.224070438e-03 
  1.255891635e-03 
  1.263964456e-03 
  1.249581226e-03 
  1.271119108e-03 
  1.277432777e-03 
  1.264583552e-03 
  1.260236721e-03 
  1.252374379e-03 
  1.240342041e-03 
  1.237353659e-03 
  1.212654635e-03 
  1.193378353e-03 
  1.199737424e-03 
  1.181967556e-03 
  1.173846074e-03 
  1.141512301e-03 
  1.155766542e-03 
  1.155181439e-03 
  1.141970162e-03 
  1.134636230e-03 
  1.129398355e-03 
  1.119016553e-03 
  1.119773719e-03 
  1.111344085e-03 
  1.108279452e-03 
  1.111685997e-03 
  1.102757524e-03 
  1.107841963e-03 
  1.088771736e-03 
  1.055315835e-03 
  1.080915215e-03 
  1.091383281e-03 
  1.102074166e-03 
  1.091297949e-03 
  1.089732978e-03 
  1.107769436e-03 
  1.106843934e-03 
  1.096866326e-03 
  1.083102543e-03 
  1.079746638e-03 
  1.080790884e-03 
  1.053832704e-03 
  1.054217457e-03 
  1.024900237e-03 
  1.018034760e-03 
  1.006586826e-03 
  9.850576753e-04 
  9.947984945e-04 
  9.934349218e-04 
  9.947824292e-04 
  9.446203476e-04 
  9.744281415e-04 
  9.938054718e-04 
  9.889382636e-04 
  9.843599983e-04 
  9.960180614e-04 
  9.911146481e-04 
  9.862330044e-04 
  9.869608330e-04 
  9.380331030e-04 
  9.361523553e-04 
  9.418105474e-04 
  9.471227531e-04 
  9.366879822e-04 
  9.602027130e-04 
  9.551373078e-04 
  9.666105616e-04 
  9.633170557e-04 
  9.590886184e-04 
  9.535404388e-04 
  9.643123485e-04 
  9.541957988e-04 
  9.539434104e-04 
  9.568048408e-04 
  9.485613555e-04 
  9.483656031e-04 
  9.379356634e-04 
  9.336753283e-04 
  9.368606261e-04 
  9.284577100e-04 
  9.130048566e-04 
  9.174977895e-04 
  9.026586777e-04 
  8.926975424e-04 
  8.927712915e-04 
  8.884187555e-04 
  8.734178264e-04 
  8.727844688e-04 
  8.702467894e-04 
  8.569053607e-04 
  8.257042500e-04 
  8.226977661e-04 
  7.945580292e-04 
  8.290358237e-04 
  8.348685224e-04 
  8.592398372e-04 
  8.486391744e-04 
  8.521465352e-04 
  8.634819533e-04 
  8.559910348e-04 
  8.571171202e-04 
  8.536471869e-04 
  8.629946969e-04 
  8.522096323e-04 
  8.501331904e-04 
  8.544586599e-04 
  8.479405660e-04 
  8.364887908e-04 
  8.402828826e-04 
  8.360780776e-04 
  8.078807732e-04 
  7.977080531e-04 
  8.186710184e-04 
  8.119360427e-04 
  7.911422872e-04 
  8.101505809e-04 
  7.946668193e-04 
  7.841438637e-04 
  7.876799791e-04 
  7.627558080e-04 
  7.577079814e-04 
  7.413882995e-04 
  7.188061136e-04 
  7.192703197e-04 
  7.105698460e-04 
  7.094153552e-04 
  7.132096216e-04 
  7.071045693e-04 
  7.056164322e-04 
  7.154367049e-04 
  7.341847522e-04 
  7.254348602e-04 
  7.229840267e-04 
  6.959824823e-04 
  7.314544637e-04 
  7.353021065e-04 
  7.295842515e-04 
  7.171165780e-04 
  7.178138476e-04 
  7.110385341e-04 
  7.005544612e-04 
  6.939177983e-04 
  6.873766542e-04 
  6.704012048e-04 
  6.692473544e-04 
  6.628509145e-04 
  6.093090051e-04 
  6.342733395e-04 
  6.307146396e-04 
  6.195707247e-04 
  6.075378042e-04 
  6.175242015e-04 
  5.861925310e-04 
  5.938056856e-04 
  5.899588577e-04 
  5.432876060e-04 
  5.502626882e-04 
  5.397896166e-04 
  5.218671286e-04 
  5.065175937e-04 
  5.293228314e-04 
  5.084371078e-04 
  5.045048310e-04 
  4.762167518e-04 
  4.965099506e-04 
  4.953115131e-04 
  4.970401060e-04 
  4.943863605e-04 
  4.955535987e-04 
  4.868667456e-04 
  4.965187400e-04 
  4.902347573e-04 
  4.863108043e-04 
  4.959382932e-04 
  4.917073529e-04 
  4.931665026e-04 
  4.864679067e-04 
