  4.727089033e-02 
  1.504075527e-01 
  1.866709590e-01 
  5.854123235e-01 
  7.163580060e-01 
  1.538985491e+00 
  1.834146976e+00 
  3.021544933e+00 
  4.129902840e+00 
  4.674749851e+00 
  5.825156212e+00 
  1.164491653e+01 
  1.054046154e+01 
  1.407479668e+01 
  1.459735203e+01 
  1.859497261e+01 
  1.469303131e+01 
  2.181027985e+01 
  2.152110100e+01 
  2.567443085e+01 
  2.318901825e+01 
  3.147585869e+01 
  2.614229202e+01 
  2.387307358e+01 
  3.094765854e+01 
  3.275371552e+01 
  4.719604874e+01 
  4.759615707e+01 
  3.763121414e+01 
  4.697501373e+01 
  4.889255142e+01 
  3.846244049e+01 
  4.340794754e+01 
  4.900012589e+01 
  4.020949936e+01 
  4.382796097e+01 
  3.287397766e+01 
  3.092574883e+01 
  3.772373199e+01 
  3.798226929e+01 
  4.210436630e+01 
  3.555638504e+01 
  3.715379333e+01 
  3.702231598e+01 
  3.310097122e+01 
  4.251762772e+01 
  4.692500305e+01 
  4.434894562e+01 
  4.147277832e+01 
  4.519317627e+01 
  4.587670517e+01 
  4.324942780e+01 
  4.397098160e+01 
  3.986526108e+01 
  4.569305420e+01 
  4.596765518e+01 
  4.314176178e+01 
  2.736272812e+01 
  2.951126099e+01 
  2.946817398e+01 
  4.338637924e+01 
  3.416815186e+01 
  3.723857117e+01 
  3.934063339e+01 
  3.898920822e+01 
  3.624123383e+01 
  4.938475037e+01 
  4.386311340e+01 
  4.105730438e+01 
  3.919758987e+01 
  4.474292755e+01 
  3.546464157e+01 
  3.704738235e+01 
  3.663437653e+01 
  2.814710617e+01 
  2.557305527e+01 
  3.627651215e+01 
  3.679565430e+01 
  4.715607071e+01 
  3.596730804e+01 
  3.337948227e+01 
  3.713502121e+01 
  2.749656677e+01 
  1.898167229e+01 
  2.067951584e+01 
  3.079427528e+01 
  2.364711952e+01 
  2.684486580e+01 
  2.629057693e+01 
  2.961143494e+01 
  3.548258972e+01 
  3.922700119e+01 
  3.444802856e+01 
  1.824870491e+01 
  1.995386696e+01 
  3.309641266e+01 
  3.365959930e+01 
  1.353588963e+01 
  3.741965103e+01 
  4.433272934e+01 
  4.303518295e+01 
  4.223405457e+01 
  4.419480515e+01 
  4.087128448e+01 
  4.336873627e+01 
  3.927260590e+01 
  3.848838043e+01 
  3.701745605e+01 
  3.960337067e+01 
  4.329142761e+01 
  3.574486160e+01 
  4.145552063e+01 
  4.242419434e+01 
  3.958237457e+01 
  3.836597061e+01 
  4.041887665e+01 
  3.968321228e+01 
  3.800781631e+01 
  3.672865295e+01 
  3.717326736e+01 
  3.108419418e+01 
  3.847637177e+01 
  3.642594147e+01 
  3.039610100e+01 
  3.303553772e+01 
  3.380747986e+01 
  3.211304855e+01 
  3.052424431e+01 
  3.054398537e+01 
  2.746119881e+01 
  2.165665627e+01 
  1.924380875e+01 
  3.423588943e+01 
  3.012138557e+01 
  2.829823685e+01 
  3.043325996e+01 
  3.335867310e+01 
  3.329539108e+01 
  2.948578262e+01 
  2.820868683e+01 
  3.125841141e+01 
  3.080557632e+01 
  3.207964706e+01 
  3.193225861e+01 
  3.137050247e+01 
  3.263064575e+01 
  2.872329140e+01 
  3.239842987e+01 
  3.257841110e+01 
  3.244391632e+01 
  3.279203796e+01 
  3.505487442e+01 
  3.223484039e+01 
  2.959928703e+01 
  3.121713066e+01 
  3.109584999e+01 
  3.150390244e+01 
  3.133816910e+01 
  3.045552635e+01 
  3.012472534e+01 
  2.954290199e+01 
  3.028740311e+01 
  2.947709656e+01 
  2.917198563e+01 
  2.896711922e+01 
  2.825122261e+01 
  2.884745598e+01 
  2.754440498e+01 
  2.885449791e+01 
  2.829911232e+01 
  2.761368942e+01 
  2.727109718e+01 
  2.730933952e+01 
  2.671957970e+01 
  2.664212227e+01 
  2.741353226e+01 
  2.627404594e+01 
  2.574576187e+01 
  2.673839569e+01 
  2.526894760e+01 
  2.551138306e+01 
  2.510342598e+01 
  2.537439919e+01 
  2.514717674e+01 
  2.393700218e+01 
  2.387041283e+01 
  1.916174126e+01 
  2.132559204e+01 
  2.292837906e+01 
  2.110579872e+01 
  2.379398155e+01 
  2.204530334e+01 
  2.097521973e+01 
  2.236762619e+01 
  2.139572716e+01 
  2.264772987e+01 
  2.183491135e+01 
  2.096799850e+01 
  2.026742935e+01 
  2.001636696e+01 
  1.972963333e+01 
  1.909526062e+01 
  1.878187180e+01 
  1.970462418e+01 
  1.815223122e+01 
  1.938611412e+01 
  2.055857086e+01 
  1.894944954e+01 
  1.800339890e+01 
  1.923330688e+01 
  1.846306419e+01 
  1.829621696e+01 
  1.902388000e+01 
  1.724930573e+01 
  1.673071671e+01 
  1.692235947e+01 
  1.760842705e+01 
  1.284739590e+01 
  1.575472355e+01 
  1.478474236e+01 
  1.612384605e+01 
  1.598052120e+01 
  1.645735550e+01 
  1.518582249e+01 
  1.632048225e+01 
  1.603735542e+01 
  1.514043236e+01 
  1.310103798e+01 
  1.558558083e+01 
  1.587694645e+01 
  1.486133957e+01 
  1.602500153e+01 
  1.514563751e+01 
  1.318302536e+01 
  1.420768070e+01 
  1.436734962e+01 
  1.511030579e+01 
  1.389476681e+01 
  1.441640663e+01 
  1.424208546e+01 
  1.381508827e+01 
  1.255704784e+01 
  1.388485241e+01 
  1.316557121e+01 
  1.376496315e+01 
  1.344120979e+01 
  1.302754593e+01 
  1.346284294e+01 
  1.238304329e+01 
  1.291951752e+01 
  1.252755356e+01 
  1.234375000e+01 
  1.276729584e+01 
  1.216388607e+01 
  1.245590401e+01 
  1.238648033e+01 
  1.194435310e+01 
  1.149273491e+01 
  1.182948589e+01 
  1.108801270e+01 
  1.104353809e+01 
  1.203565693e+01 
  1.095376301e+01 
  1.136412239e+01 
  1.110988617e+01 
  1.114575863e+01 
  1.018943310e+01 
  1.083271122e+01 
  1.069634342e+01 
  1.037874889e+01 
  1.034739685e+01 
  9.906136513e+00 
  1.037144947e+01 
  1.038688469e+01 
  1.024724388e+01 
  9.915274620e+00 
  9.661960602e+00 
  9.995695114e+00 
  9.643443108e+00 
  9.513161659e+00 
  9.787244797e+00 
  9.564296722e+00 
  9.654616356e+00 
  9.663780212e+00 
  9.573055267e+00 
  9.449710846e+00 
  8.984913826e+00 
  9.263862610e+00 
  9.095282555e+00 
  7.993065834e+00 
  8.287054062e+00 
  8.752308846e+00 
  8.520001411e+00 
  8.560997963e+00 
  8.575428009e+00 
  8.344749451e+00 
  8.498937607e+00 
  8.455590248e+00 
  8.224905968e+00 
  8.166809082e+00 
  8.113700867e+00 
  8.008947372e+00 
  7.864317894e+00 
  7.860921860e+00 
  8.060606956e+00 
  7.990178585e+00 
  7.846732140e+00 
  7.752447128e+00 
  7.674435139e+00 
  7.546770573e+00 
  7.378352642e+00 
  7.450686455e+00 
  7.307177067e+00 
  7.154824734e+00 
  6.852766514e+00 
  7.135515690e+00 
  6.741427898e+00 
  6.736273766e+00 
  7.008274078e+00 
  6.898459911e+00 
  6.954256535e+00 
  7.026879311e+00 
  6.611519337e+00 
  6.617821217e+00 
  6.580075264e+00 
  6.358184338e+00 
  6.345103264e+00 
  6.394194126e+00 
  6.189395905e+00 
  6.354519367e+00 
  6.106427193e+00 
  6.306370258e+00 
  5.845070362e+00 
  6.244637966e+00 
  6.031831741e+00 
  6.110517502e+00 
  5.866209984e+00 
  6.029440403e+00 
  6.095127583e+00 
  6.012865067e+00 
  5.794652462e+00 
  5.846281052e+00 
  5.745074749e+00 
  5.808062077e+00 
  5.708811760e+00 
  5.719426155e+00 
  5.463497162e+00 
  5.501228333e+00 
  5.455486298e+00 
  5.534369946e+00 
  5.106781483e+00 
  5.468234062e+00 
  5.323025227e+00 
  5.407716751e+00 
  5.304039478e+00 
  5.129973888e+00 
  4.330637455e+00 
  4.596392632e+00 
  5.093400002e+00 
  5.073114395e+00 
  5.085054398e+00 
  5.083694935e+00 
  5.129599571e+00 
  5.041803837e+00 
  4.933791161e+00 
  4.926970005e+00 
  4.958435059e+00 
  4.832596779e+00 
  4.833116531e+00 
  4.874646664e+00 
  4.788739204e+00 
  4.711037636e+00 
  4.668828011e+00 
  4.675379753e+00 
  4.657688141e+00 
  4.560371399e+00 
  4.619829178e+00 
  4.501836300e+00 
  4.549956799e+00 
  4.459592819e+00 
  4.398475170e+00 
  4.376631260e+00 
  4.341917038e+00 
  4.344923973e+00 
  4.240304947e+00 
  4.264785767e+00 
  4.043161392e+00 
  3.584246397e+00 
  3.683733225e+00 
  3.637798786e+00 
  3.697281599e+00 
  3.781661749e+00 
  3.797450304e+00 
  3.790851355e+00 
  3.787246704e+00 
  3.729645014e+00 
  3.768950939e+00 
  3.827210903e+00 
  3.718925953e+00 
  3.703267097e+00 
  3.648563862e+00 
  3.533408880e+00 
  3.505254745e+00 
  3.583962917e+00 
  3.575988054e+00 
  3.561527252e+00 
  3.507414579e+00 
  3.441838264e+00 
  3.529434681e+00 
  3.400449991e+00 
  3.441626310e+00 
  3.404687166e+00 
  3.353113413e+00 
  3.307466030e+00 
  3.340054035e+00 
  3.186105490e+00 
  3.231102943e+00 
  3.013586283e+00 
  2.914175034e+00 
  2.841057777e+00 
  2.811290264e+00 
  2.944109440e+00 
  3.028588295e+00 
  2.970968008e+00 
  2.882028103e+00 
  2.846926212e+00 
  2.821735382e+00 
  2.859508276e+00 
  2.781668901e+00 
  2.687144995e+00 
  2.765297413e+00 
  2.697977066e+00 
  2.788078308e+00 
  2.784987688e+00 
  2.854863882e+00 
  2.806277037e+00 
  2.721222401e+00 
  2.754709959e+00 
  2.750167370e+00 
  2.653988838e+00 
  2.681849957e+00 
  2.656118393e+00 
  2.602150202e+00 
  2.671867132e+00 
  2.687212467e+00 
  2.606633425e+00 
  2.631391287e+00 
  2.658321857e+00 
  2.597622395e+00 
  2.585248232e+00 
  2.532289267e+00 
  2.512288332e+00 
  2.539274931e+00 
  2.502412319e+00 
  2.528362989e+00 
  2.500497818e+00 
  2.438565969e+00 
  2.443169117e+00 
  2.421641350e+00 
  2.171947002e+00 
  1.065044522e+00 
  9.669800997e-01 
  1.514535189e+00 
  1.357856393e+00 
  1.447206140e+00 
  1.663647652e+00 
  1.820066690e+00 
  1.960590243e+00 
  2.118562460e+00 
  2.164376259e+00 
  2.177941561e+00 
  2.184423923e+00 
  2.168440342e+00 
  2.150005817e+00 
  2.163594007e+00 
  2.072429419e+00 
  2.147114754e+00 
  2.121091127e+00 
  2.098482609e+00 
  2.094079256e+00 
  2.057139874e+00 
  2.043554783e+00 
  2.057165861e+00 
  1.998426557e+00 
  1.998448253e+00 
  1.990348101e+00 
  1.941744447e+00 
  1.954019189e+00 
  1.910976171e+00 
  1.899549723e+00 
  1.869464397e+00 
  1.852471590e+00 
  1.815827370e+00 
  1.809643149e+00 
  1.792604804e+00 
  1.766981244e+00 
  1.771157503e+00 
  1.777743816e+00 
  1.780142665e+00 
  1.767137408e+00 
  1.705010056e+00 
  1.728674889e+00 
  1.715799332e+00 
  1.683650970e+00 
  1.693685532e+00 
  1.645573735e+00 
  1.685741425e+00 
  1.667350531e+00 
  1.646340728e+00 
  1.607410073e+00 
  1.588946939e+00 
  1.599831223e+00 
  1.577861667e+00 
  1.553162336e+00 
  1.530248284e+00 
  1.490672350e+00 
  1.451050639e+00 
  1.453462481e+00 
  1.438856840e+00 
  1.399229884e+00 
  1.386305928e+00 
  1.451855540e+00 
  1.384104371e+00 
  1.345388889e+00 
  1.401525497e+00 
  1.422141790e+00 
  1.418881059e+00 
  1.403443575e+00 
  1.374773264e+00 
  1.373891830e+00 
  1.352866888e+00 
  1.324313641e+00 
  1.345594525e+00 
  1.301488280e+00 
  1.319176912e+00 
  1.324412704e+00 
  1.330378532e+00 
  1.312643766e+00 
  1.315219760e+00 
  1.270431757e+00 
  1.298998475e+00 
  1.293577671e+00 
  1.281443238e+00 
  1.271627188e+00 
  1.246836543e+00 
  1.260740161e+00 
  1.265982389e+00 
  1.217745066e+00 
  1.246428967e+00 
  1.242915154e+00 
  1.068686008e+00 
  1.217432737e+00 
  1.165727258e+00 
  1.175081611e+00 
  9.401264191e-01 
  1.030618310e+00 
  1.164759517e+00 
  1.178352594e+00 
  1.154225707e+00 
  1.149426937e+00 
  1.134092689e+00 
  1.128604174e+00 
  1.119790435e+00 
  1.135807157e+00 
  1.128320575e+00 
  1.102180958e+00 
  9.201672673e-01 
  9.752207398e-01 
  1.052681565e+00 
  1.033062935e+00 
  1.070577621e+00 
  1.064074993e+00 
  1.054921865e+00 
  1.054079890e+00 
  1.026092410e+00 
  1.011884093e+00 
  1.015378475e+00 
  1.030755043e+00 
  1.008026242e+00 
  1.005620241e+00 
  9.949390888e-01 
  9.386730194e-01 
  9.857615232e-01 
  9.589596987e-01 
  9.626892805e-01 
  9.676713943e-01 
  9.310249686e-01 
  9.177140594e-01 
  9.408040047e-01 
  9.429513812e-01 
  9.352656603e-01 
  9.256977439e-01 
  9.159335494e-01 
  8.695772290e-01 
  8.905746937e-01 
  8.304939270e-01 
  8.440573215e-01 
  8.059144020e-01 
  7.968407869e-01 
  7.741335034e-01 
  7.538733482e-01 
  7.299463153e-01 
  7.141438723e-01 
  7.793704867e-01 
  8.065950274e-01 
  8.001371026e-01 
  7.633352280e-01 
  7.523340583e-01 
  7.160457969e-01 
  7.011759281e-01 
  7.082387209e-01 
  7.113344669e-01 
  7.057285309e-01 
  7.016796470e-01 
  7.025837898e-01 
  6.936863661e-01 
  7.009273171e-01 
  6.905056834e-01 
  6.885793805e-01 
  7.107148767e-01 
  7.135979533e-01 
  6.921701431e-01 
  6.827237010e-01 
  6.479497552e-01 
  6.644314528e-01 
  6.695877314e-01 
  6.424052715e-01 
  6.542215943e-01 
  6.417309046e-01 
  6.109331250e-01 
  5.829713941e-01 
  5.545161366e-01 
  5.148562789e-01 
  4.916159511e-01 
  4.632707834e-01 
  4.521349669e-01 
  4.552139938e-01 
  4.612756371e-01 
  4.784443974e-01 
  5.468392372e-01 
  5.519868731e-01 
  5.286756158e-01 
  4.863880873e-01 
  4.768814743e-01 
  4.595432281e-01 
  4.733249843e-01 
  4.784002602e-01 
  4.840031266e-01 
  4.910814762e-01 
  4.898124039e-01 
  4.861266613e-01 
  4.950627685e-01 
  4.783098400e-01 
  4.852798879e-01 
  4.896480739e-01 
  4.472639859e-01 
  4.733144045e-01 
  4.988531172e-01 
  5.043542385e-01 
  4.996202886e-01 
  4.915703237e-01 
  4.820452034e-01 
  4.845343828e-01 
  4.965202212e-01 
  4.909678102e-01 
  4.935461581e-01 
  4.781273603e-01 
  5.008876324e-01 
  5.111681223e-01 
  5.207923055e-01 
  5.205400586e-01 
  5.135594010e-01 
  5.125534534e-01 
  5.002350807e-01 
  4.842125475e-01 
  4.806589186e-01 
  4.893527329e-01 
  4.830456376e-01 
  4.922732413e-01 
  4.781658351e-01 
  4.916357398e-01 
  4.950464368e-01 
  4.899398983e-01 
  4.912953377e-01 
  4.909470379e-01 
  4.915834963e-01 
  4.893463552e-01 
  4.945747554e-01 
  4.868529737e-01 
  4.789359868e-01 
  4.814330041e-01 
  4.848069847e-01 
  4.787655175e-01 
  4.765529335e-01 
  4.783964753e-01 
  4.738874137e-01 
  4.718411565e-01 
  4.698425233e-01 
  4.655428827e-01 
  4.622227252e-01 
  4.568792582e-01 
  4.565580785e-01 
  4.521653354e-01 
  4.455168843e-01 
  4.410649240e-01 
  4.107519090e-01 
  4.307040572e-01 
  4.364330769e-01 
  4.350508153e-01 
  4.287775457e-01 
  4.294780791e-01 
  4.274304807e-01 
  4.266331196e-01 
  4.221383333e-01 
  4.234298468e-01 
  4.139883518e-01 
  4.151950181e-01 
  4.096255004e-01 
  4.129973054e-01 
  4.012530744e-01 
  3.990440965e-01 
  4.018914998e-01 
  3.937798142e-01 
  3.991529346e-01 
  3.951875865e-01 
  3.942161202e-01 
  3.936268985e-01 
  3.894756436e-01 
  3.890194297e-01 
  3.820004165e-01 
  3.847182989e-01 
  3.821756840e-01 
  3.794869483e-01 
  3.710770011e-01 
  3.735865951e-01 
  3.681815863e-01 
  3.714185655e-01 
  3.621328771e-01 
  3.642951548e-01 
  3.643018305e-01 
  3.585283458e-01 
  3.589708507e-01 
  3.586008251e-01 
  3.510156870e-01 
  3.530634344e-01 
  3.500934243e-01 
  3.385108411e-01 
  3.432930410e-01 
  3.452052474e-01 
  3.414635956e-01 
  3.380009234e-01 
  3.366328776e-01 
  3.336537182e-01 
  3.324324489e-01 
  3.276167214e-01 
  3.286130130e-01 
  3.263323307e-01 
  3.242802918e-01 
  3.193436861e-01 
  3.080473244e-01 
  3.179193735e-01 
  3.055479527e-01 
  3.125968874e-01 
  3.059480488e-01 
  3.085200191e-01 
  3.067742884e-01 
  2.962178886e-01 
  3.019713461e-01 
  2.995495200e-01 
  2.759551108e-01 
  2.914344370e-01 
  2.907627225e-01 
  2.904426455e-01 
  2.798857987e-01 
  2.887620926e-01 
  2.792042792e-01 
  2.841042578e-01 
  2.822055519e-01 
  2.816988528e-01 
  2.697906792e-01 
  2.758853734e-01 
  2.647804320e-01 
  2.675979137e-01 
  2.590045333e-01 
  2.674077451e-01 
  2.617505193e-01 
  2.644979060e-01 
  2.486622632e-01 
  2.628827691e-01 
  2.503229082e-01 
  2.545465529e-01 
  2.555731833e-01 
  2.479847372e-01 
  2.424003333e-01 
  2.191783786e-01 
  2.364785969e-01 
  2.347401977e-01 
  2.304344773e-01 
  2.224322557e-01 
  2.180900425e-01 
  2.212668806e-01 
  2.205717266e-01 
  2.103659660e-01 
  2.182585448e-01 
  2.151585072e-01 
  2.122602016e-01 
  2.079243362e-01 
  2.073245943e-01 
  2.061798424e-01 
  2.078069597e-01 
  2.077923268e-01 
  2.034653723e-01 
  1.963640004e-01 
  1.887188703e-01 
  1.882718205e-01 
  1.783076525e-01 
  1.710561663e-01 
  1.625636816e-01 
  1.520030648e-01 
  1.429385990e-01 
  1.375688910e-01 
  1.367937326e-01 
  1.304383576e-01 
  1.334297061e-01 
  1.351319849e-01 
  1.308653057e-01 
  1.275137365e-01 
  1.317945570e-01 
  1.297499388e-01 
  1.350973397e-01 
  1.466906369e-01 
  1.512839347e-01 
  1.462359726e-01 
  1.336482167e-01 
  1.170707420e-01 
  1.192853078e-01 
  1.341734529e-01 
  1.440337002e-01 
  1.467641741e-01 
  1.522432715e-01 
  1.504872143e-01 
  1.425180733e-01 
  1.447259635e-01 
  1.381909996e-01 
  1.329871118e-01 
  1.279272735e-01 
  1.300709695e-01 
  1.344867498e-01 
  1.365511566e-01 
  1.380500495e-01 
  1.370861679e-01 
  1.385418475e-01 
  1.389594972e-01 
  1.399281621e-01 
  1.397093534e-01 
  1.433157921e-01 
  1.444995403e-01 
  1.529389024e-01 
  1.556874663e-01 
  1.557109058e-01 
  1.543239504e-01 
  1.531938612e-01 
  1.602986455e-01 
  1.629886776e-01 
  1.597125828e-01 
  1.624866575e-01 
  1.582790017e-01 
  1.606514007e-01 
  1.613696963e-01 
  1.556085348e-01 
  1.595910341e-01 
  1.607047617e-01 
  1.591028869e-01 
  1.569437981e-01 
  1.565111727e-01 
  1.555394977e-01 
  1.525475383e-01 
  1.560894698e-01 
  1.516929865e-01 
  1.505091488e-01 
  1.516444683e-01 
  1.492726207e-01 
  1.478984654e-01 
  1.389238685e-01 
  1.453139782e-01 
  1.482451260e-01 
  1.464108229e-01 
  1.444699466e-01 
  1.429081708e-01 
  1.349652112e-01 
  1.434848905e-01 
  1.459714621e-01 
  1.457590759e-01 
  1.450910568e-01 
  1.441685706e-01 
  1.410496235e-01 
  1.406222433e-01 
  1.396309137e-01 
  1.343739480e-01 
  1.283991337e-01 
  1.363832951e-01 
  1.369514763e-01 
  1.366016418e-01 
  1.290502548e-01 
  1.308261752e-01 
  1.350095123e-01 
  1.345452070e-01 
  1.353480965e-01 
  1.327653229e-01 
  1.237336844e-01 
  1.314361840e-01 
  1.265758425e-01 
  1.303003132e-01 
  1.310510486e-01 
  1.299556792e-01 
  1.301957220e-01 
  1.302003860e-01 
  1.301688105e-01 
  1.294637024e-01 
  1.278692931e-01 
  1.283588409e-01 
  1.278306395e-01 
  1.267962903e-01 
  1.258441508e-01 
  1.269140244e-01 
  1.259117275e-01 
  1.260832846e-01 
  1.216425151e-01 
  1.253027171e-01 
  1.249486059e-01 
  1.243246943e-01 
  1.240205392e-01 
  1.222399250e-01 
  1.228135899e-01 
  1.222298741e-01 
  1.210650131e-01 
  1.214374602e-01 
  1.211080924e-01 
  1.206362769e-01 
  1.188576967e-01 
  1.178925782e-01 
  1.184791848e-01 
  1.173243523e-01 
  1.155849174e-01 
  1.140283644e-01 
  1.155178472e-01 
  1.141470894e-01 
  1.130524725e-01 
  1.134572849e-01 
  1.125705168e-01 
  1.116331741e-01 
  1.103369594e-01 
  1.094652638e-01 
  1.080238596e-01 
  1.076185554e-01 
  1.068142802e-01 
  1.059756204e-01 
  1.040545404e-01 
  1.034905389e-01 
  1.014232561e-01 
  1.005888805e-01 
  9.937784076e-02 
  9.563495219e-02 
  9.595233947e-02 
  9.379734844e-02 
  9.353261441e-02 
  9.333226085e-02 
  9.072564542e-02 
  8.890142292e-02 
  8.917472512e-02 
  9.155339748e-02 
  9.262022376e-02 
  9.273378551e-02 
  9.293695539e-02 
  9.277831018e-02 
  9.344154596e-02 
  9.361055493e-02 
  9.351601452e-02 
  9.326595068e-02 
  9.258749336e-02 
  9.214072675e-02 
  8.960884809e-02 
  7.961948961e-02 
  8.737064898e-02 
  9.081135690e-02 
  9.135743976e-02 
  9.099409729e-02 
  9.109816700e-02 
  8.946388215e-02 
  8.951978385e-02 
  8.720839769e-02 
  8.830150962e-02 
  8.880560845e-02 
  8.868400007e-02 
  8.669117093e-02 
  8.682698756e-02 
  8.608325571e-02 
  8.486193419e-02 
  8.384216577e-02 
  8.442157507e-02 
  8.377633989e-02 
  8.329106122e-02 
  8.167998493e-02 
  8.010726422e-02 
  7.960223407e-02 
  7.970557362e-02 
  7.940994948e-02 
  7.872890681e-02 
  7.792834938e-02 
  7.692365348e-02 
  7.628819346e-02 
  7.583076507e-02 
  7.453071326e-02 
  7.041815668e-02 
  7.182962447e-02 
  6.956504285e-02 
  7.155026495e-02 
  7.206666470e-02 
  6.992793828e-02 
  6.934440136e-02 
  6.713397056e-02 
  6.607938558e-02 
  6.671041995e-02 
  6.770648807e-02 
  6.808303297e-02 
  6.736759841e-02 
  6.587699801e-02 
  6.307647377e-02 
  6.082490459e-02 
  5.470584333e-02 
  5.405263230e-02 
  5.326230824e-02 
  5.219658837e-02 
  5.419027433e-02 
  5.517823622e-02 
  5.584437773e-02 
  5.537524819e-02 
  5.557460710e-02 
  5.592226982e-02 
  5.547687039e-02 
  5.539459363e-02 
  5.592740327e-02 
  5.569231510e-02 
  5.398830771e-02 
  5.177595839e-02 
  4.686977714e-02 
  4.326806590e-02 
  4.146044329e-02 
  3.869526088e-02 
  3.745460138e-02 
  3.471606970e-02 
  3.345494717e-02 
  3.198343515e-02 
  2.995629422e-02 
  2.883055806e-02 
  2.756951191e-02 
  2.649855986e-02 
  2.517650090e-02 
  2.466500551e-02 
  2.322109230e-02 
  2.197841369e-02 
  2.189114876e-02 
  2.159214020e-02 
  2.181268297e-02 
  2.229190059e-02 
  2.226248942e-02 
  2.247857302e-02 
  2.185326256e-02 
  2.167677134e-02 
  2.125754394e-02 
  2.206371911e-02 
  2.332213894e-02 
  2.518022805e-02 
  2.625869773e-02 
  2.698372863e-02 
  2.676304616e-02 
  2.610911988e-02 
  2.591885440e-02 
  2.478823066e-02 
  2.382006869e-02 
  2.213061228e-02 
  2.101710439e-02 
  2.004896477e-02 
  2.013712749e-02 
  2.091327310e-02 
  2.137964591e-02 
  2.247997187e-02 
  2.379522100e-02 
  2.484411746e-02 
  2.530879900e-02 
  2.490058728e-02 
  2.484394796e-02 
  2.373599634e-02 
  2.275898121e-02 
  2.177594975e-02 
  2.200428396e-02 
  2.298485674e-02 
  2.372082323e-02 
  2.374105901e-02 
  2.335755527e-02 
  2.252935432e-02 
  2.267692797e-02 
  2.364544570e-02 
  2.390075289e-02 
  2.349607088e-02 
  2.355550788e-02 
  2.324407920e-02 
  2.327483706e-02 
  2.381757647e-02 
  2.449853532e-02 
  2.533282898e-02 
  2.622770891e-02 
  2.515633404e-02 
  2.598125301e-02 
  2.610001154e-02 
  2.658805437e-02 
  2.692230418e-02 
  2.717635408e-02 
  2.716783620e-02 
  2.680021711e-02 
  2.684183791e-02 
  2.798909321e-02 
  2.765766717e-02 
  2.757172845e-02 
  2.748362347e-02 
  2.769280784e-02 
  2.653435431e-02 
  2.721786685e-02 
  2.798228152e-02 
  2.751336619e-02 
  2.666692622e-02 
  2.576825395e-02 
  2.574896812e-02 
  2.567812800e-02 
  2.494453080e-02 
  2.565717697e-02 
  2.578487433e-02 
  2.590260096e-02 
  2.629181184e-02 
  2.663270757e-02 
  2.516023256e-02 
  2.651941031e-02 
  2.571534738e-02 
  2.608488500e-02 
  2.633838169e-02 
  2.626466937e-02 
  2.684337087e-02 
  2.699906193e-02 
  2.720788866e-02 
  2.694900334e-02 
  2.635795064e-02 
  2.630080841e-02 
  2.649029717e-02 
  2.793759666e-02 
  2.902828716e-02 
  2.929146960e-02 
  2.987902984e-02 
  3.018517792e-02 
  3.063027933e-02 
  3.015495092e-02 
  2.913160808e-02 
  2.874822170e-02 
  2.775802836e-02 
  2.749322914e-02 
  2.723404393e-02 
  2.705385722e-02 
  2.581743523e-02 
  2.601921931e-02 
  2.491770871e-02 
  2.451381274e-02 
  2.408806607e-02 
  2.430612780e-02 
  2.528898045e-02 
  2.669765428e-02 
  2.686176077e-02 
  2.733871713e-02 
  2.730719559e-02 
  2.699471451e-02 
  2.622336149e-02 
  2.606015466e-02 
  2.635142207e-02 
  2.631193772e-02 
  2.703941800e-02 
  2.654536627e-02 
  2.671307884e-02 
  2.708365396e-02 
  2.695383318e-02 
  2.779647708e-02 
  2.428836934e-02 
  2.896369062e-02 
  2.998577803e-02 
  3.075971268e-02 
  3.006987460e-02 
  3.099865094e-02 
  3.084350005e-02 
  3.090583533e-02 
  3.052353300e-02 
  3.119076416e-02 
  3.194843978e-02 
  3.183102235e-02 
  3.264683113e-02 
  3.241024539e-02 
  3.188568726e-02 
  2.844388038e-02 
  2.966764942e-02 
  2.984936535e-02 
  3.018313833e-02 
  3.181211278e-02 
  3.140480816e-02 
  3.164109215e-02 
  3.211113065e-02 
  3.230385855e-02 
  3.170102835e-02 
  3.160168976e-02 
  3.108721413e-02 
  3.171170130e-02 
  3.136775643e-02 
  3.118926287e-02 
  3.186136857e-02 
  3.151935712e-02 
  3.190553188e-02 
  3.136124462e-02 
  3.109794296e-02 
  3.180972859e-02 
  3.144410998e-02 
  3.060249984e-02 
  3.138872609e-02 
  3.102003224e-02 
  3.120087273e-02 
  3.102000430e-02 
  2.898857184e-02 
  3.091783449e-02 
  3.066560812e-02 
  3.044617735e-02 
  2.991914749e-02 
  2.997605130e-02 
  3.029811941e-02 
  3.035265952e-02 
  2.947680838e-02 
  3.003833443e-02 
  2.888096683e-02 
  2.942096069e-02 
  2.951875888e-02 
  2.937722020e-02 
  2.970003709e-02 
  2.975920774e-02 
  2.970956825e-02 
  2.936303616e-02 
  2.843212895e-02 
  2.908493765e-02 
  2.885191701e-02 
  2.862832882e-02 
  2.904478088e-02 
  2.882546745e-02 
  2.769049071e-02 
  2.808123827e-02 
  2.747237124e-02 
  2.829841711e-02 
  2.800383791e-02 
  2.793116122e-02 
  2.737778425e-02 
  2.794261090e-02 
  2.785920165e-02 
  2.734973095e-02 
  2.669748291e-02 
  2.698568255e-02 
  2.640628070e-02 
  2.621888928e-02 
  2.544701844e-02 
  2.530341595e-02 
  2.447111718e-02 
  2.506259084e-02 
  2.495777793e-02 
  2.453042381e-02 
  2.459508553e-02 
  2.281205356e-02 
  2.444515750e-02 
  2.203279547e-02 
  2.407146245e-02 
  2.418327890e-02 
  2.467977256e-02 
  2.445391379e-02 
  2.397908270e-02 
  2.428977937e-02 
  2.408085577e-02 
  2.478445135e-02 
  2.441117726e-02 
  2.412501350e-02 
  2.371119522e-02 
  2.165257372e-02 
  2.326898091e-02 
  2.269155160e-02 
  2.382603846e-02 
  2.426325157e-02 
  2.399070188e-02 
  2.400311269e-02 
  2.242803574e-02 
  2.314503863e-02 
  2.332494967e-02 
  2.227259800e-02 
  2.242348343e-02 
  2.142558433e-02 
  2.187153511e-02 
  2.169526555e-02 
  2.198756114e-02 
  2.160814404e-02 
  2.149671316e-02 
  2.151130140e-02 
  2.168723941e-02 
  2.154989354e-02 
  2.018014528e-02 
  2.080118470e-02 
  2.104990371e-02 
  2.156380750e-02 
  2.129893377e-02 
  2.167347446e-02 
  2.032451704e-02 
  2.093222737e-02 
  2.153071389e-02 
  2.147079073e-02 
  2.093253843e-02 
  2.060480602e-02 
  2.107102051e-02 
  2.146949992e-02 
  2.157912590e-02 
  2.101735026e-02 
  2.119664848e-02 
  2.112076432e-02 
  2.122593857e-02 
  2.115845308e-02 
  2.051345259e-02 
  2.078284882e-02 
  2.071156725e-02 
  2.038302831e-02 
  1.982510462e-02 
  2.030653879e-02 
  2.017652616e-02 
  1.918423921e-02 
  1.899752393e-02 
  1.870735362e-02 
  1.874041930e-02 
  1.855610684e-02 
  1.848735102e-02 
  1.891123503e-02 
  1.857185736e-02 
  1.855929382e-02 
  1.873636059e-02 
  1.886450127e-02 
  1.873324625e-02 
  1.825982891e-02 
  1.867701486e-02 
  1.822181046e-02 
  1.854965277e-02 
  1.832583919e-02 
  1.848631352e-02 
  1.810358651e-02 
  1.843108423e-02 
  1.825277135e-02 
  1.833023876e-02 
  1.795738563e-02 
  1.811857149e-02 
  1.814457960e-02 
  1.795544475e-02 
  1.778137870e-02 
  1.764263399e-02 
  1.742122695e-02 
  1.730761863e-02 
  1.745794155e-02 
  1.712084562e-02 
  1.712959073e-02 
  1.747250743e-02 
  1.732041687e-02 
  1.646106690e-02 
  1.688850485e-02 
  1.692537963e-02 
  1.672775485e-02 
  1.641857065e-02 
  1.646178029e-02 
  1.650944911e-02 
  1.624470763e-02 
  1.564993151e-02 
  1.507259440e-02 
  1.547054853e-02 
  1.581305452e-02 
  1.606721990e-02 
  1.607400551e-02 
  1.584310457e-02 
  1.587625407e-02 
  1.584700309e-02 
  1.561905723e-02 
  1.556780469e-02 
  1.573185623e-02 
  1.572319120e-02 
  1.563053764e-02 
  1.557180192e-02 
  1.553978864e-02 
  1.541196927e-02 
  1.528041344e-02 
  1.533681341e-02 
  1.520213857e-02 
  1.497601252e-02 
  1.496725436e-02 
  1.488260739e-02 
  1.454493962e-02 
  1.477066614e-02 
  1.480265334e-02 
  1.458245236e-02 
  1.451147906e-02 
  1.407633908e-02 
  1.429993659e-02 
  1.442176942e-02 
  1.329481602e-02 
  1.418888010e-02 
  1.422568690e-02 
  1.419406477e-02 
  1.416996773e-02 
  1.406321581e-02 
  1.389897987e-02 
  1.379266474e-02 
  1.387548726e-02 
  1.352512557e-02 
  1.329563744e-02 
  1.348770782e-02 
  1.277978905e-02 
  1.294199377e-02 
  1.309798006e-02 
  1.320500113e-02 
  1.311049331e-02 
  1.279338356e-02 
  1.302530989e-02 
  1.302032359e-02 
  1.280324720e-02 
  1.262779813e-02 
  1.179604325e-02 
  1.199624501e-02 
  1.203931030e-02 
  1.142886374e-02 
  1.124951802e-02 
  1.177229546e-02 
  1.192765124e-02 
  1.194070745e-02 
  1.163718291e-02 
  1.197548024e-02 
  1.175036468e-02 
  1.188619435e-02 
  1.151279174e-02 
  1.156857144e-02 
  1.125739142e-02 
  1.164737064e-02 
  1.153015811e-02 
  1.147706062e-02 
  1.126578636e-02 
  1.132164430e-02 
  1.132541709e-02 
  1.130326651e-02 
  1.110126451e-02 
  1.119504403e-02 
  1.117749605e-02 
  1.106625143e-02 
  1.108637638e-02 
  1.098192856e-02 
  1.075409539e-02 
  1.046338957e-02 
  1.054880675e-02 
  1.030405425e-02 
  1.045999583e-02 
  1.037818380e-02 
  1.035356428e-02 
  1.018216740e-02 
  1.023203414e-02 
  1.004267111e-02 
  1.003747992e-02 
  1.000818796e-02 
  9.987410158e-03 
  9.734856896e-03 
  9.450484999e-03 
  9.405158460e-03 
  9.121328592e-03 
  8.954385296e-03 
  9.024059400e-03 
  8.942204528e-03 
  8.911222219e-03 
  8.774019778e-03 
  8.612856269e-03 
  8.600712754e-03 
  8.542289957e-03 
  8.588984609e-03 
  8.638761006e-03 
  8.588696830e-03 
  8.325626142e-03 
  8.243441582e-03 
  8.021946065e-03 
  7.884643041e-03 
  7.617495488e-03 
  7.342842408e-03 
  7.386972196e-03 
  7.119616494e-03 
  6.831835490e-03 
  6.840715185e-03 
  6.500135642e-03 
  6.451683585e-03 
  6.045762915e-03 
  5.835107528e-03 
  5.795355886e-03 
  5.855628755e-03 
  5.817474332e-03 
  5.649823230e-03 
  5.553066265e-03 
  5.477365106e-03 
  5.312802270e-03 
  5.083357450e-03 
  5.064271390e-03 
  4.867723212e-03 
  4.866782110e-03 
  4.718414042e-03 
  4.445000552e-03 
  4.373755306e-03 
  4.144025035e-03 
  3.856315976e-03 
  4.021867178e-03 
  4.071513657e-03 
  4.091237672e-03 
  4.026242997e-03 
  3.954577725e-03 
  4.047881346e-03 
  3.819457954e-03 
  3.829896916e-03 
  3.696452361e-03 
  3.653617576e-03 
  3.372979583e-03 
  3.326819511e-03 
  3.309971420e-03 
  3.223141655e-03 
  3.097690642e-03 
  3.082029987e-03 
  2.894635545e-03 
  2.892372897e-03 
  2.835522173e-03 
  2.735649003e-03 
  2.846249146e-03 
  2.860462293e-03 
  2.914390294e-03 
  2.941349288e-03 
  2.838711487e-03 
  2.989486093e-03 
  2.969863825e-03 
  2.936944133e-03 
  2.718447940e-03 
  2.791962819e-03 
  2.828822006e-03 
  2.844283357e-03 
  2.821806818e-03 
  2.797683934e-03 
  2.727658255e-03 
  2.767938189e-03 
  2.766166115e-03 
  2.665689681e-03 
  2.766266931e-03 
  2.803720767e-03 
  2.856697422e-03 
  2.815110143e-03 
  2.948387992e-03 
  2.917770995e-03 
  2.926112385e-03 
  2.888411283e-03 
  2.892117249e-03 
  2.707503270e-03 
  2.655578312e-03 
  2.455398440e-03 
  2.507310826e-03 
  2.317973878e-03 
  2.214501379e-03 
  2.190439031e-03 
  2.194755943e-03 
  2.185443183e-03 
  2.134664683e-03 
  1.979507739e-03 
  2.485653851e-03 
  2.680217614e-03 
  2.730315551e-03 
  2.745639533e-03 
  2.821528586e-03 
  2.868899843e-03 
  2.886684146e-03 
  2.893521683e-03 
  2.870311262e-03 
  2.769253915e-03 
  2.898700302e-03 
  2.852069912e-03 
  2.797950990e-03 
  2.686348278e-03 
  2.770879073e-03 
  2.679466503e-03 
  2.563899616e-03 
  2.660773695e-03 
  2.589868847e-03 
  2.479474060e-03 
  2.462021541e-03 
  2.410791349e-03 
  2.366788220e-03 
  2.334272722e-03 
  2.348305192e-03 
  2.307952382e-03 
  2.319037914e-03 
  2.292456804e-03 
  2.377886325e-03 
  2.381697297e-03 
  2.444031183e-03 
  2.392572118e-03 
  2.432815963e-03 
  2.430218738e-03 
  2.420471516e-03 
  2.343928441e-03 
  2.457120689e-03 
  2.510858001e-03 
  2.488503465e-03 
  2.578492276e-03 
  2.586015733e-03 
  2.642410109e-03 
  2.625189954e-03 
  2.603129949e-03 
  2.701544436e-03 
  2.747313585e-03 
  2.710933331e-03 
  2.758208197e-03 
  2.739137737e-03 
  2.747961553e-03 
  2.751174150e-03 
  2.717397874e-03 
  2.662230982e-03 
  2.761710901e-03 
  2.761378651e-03 
  2.840159927e-03 
  2.786599332e-03 
  2.892675577e-03 
  2.908113413e-03 
  2.941183047e-03 
  2.935810713e-03 
  2.984824823e-03 
  2.845690353e-03 
  2.936581150e-03 
  2.958645578e-03 
  2.976288320e-03 
  2.882703673e-03 
  2.744997852e-03 
  2.573580481e-03 
  2.734854352e-03 
  2.899239305e-03 
  2.915531863e-03 
  2.944506239e-03 
  2.824835479e-03 
  2.737089293e-03 
  2.716497751e-03 
  2.783135511e-03 
  2.723318757e-03 
  2.714160597e-03 
  2.657468431e-03 
  2.725162776e-03 
  2.732194960e-03 
  2.839802532e-03 
  2.812544815e-03 
  2.955435775e-03 
  2.890652046e-03 
  2.988472814e-03 
  2.985735657e-03 
  3.234508447e-03 
  3.148967167e-03 
  3.375831526e-03 
  3.379095346e-03 
  3.532543313e-03 
  3.556364216e-03 
  3.701148555e-03 
  3.665283555e-03 
  3.626464400e-03 
  3.718292806e-03 
  3.906039055e-03 
  3.901437158e-03 
  3.977249376e-03 
  3.767003072e-03 
  4.049128387e-03 
  3.914580215e-03 
  4.036037717e-03 
  4.063549452e-03 
  4.096929915e-03 
  4.044588190e-03 
  4.057371989e-03 
  3.968204372e-03 
  3.981924150e-03 
  4.082565662e-03 
  4.052457865e-03 
  4.032705911e-03 
  3.982465249e-03 
  3.919218201e-03 
  3.733610967e-03 
  3.756179707e-03 
  3.589569125e-03 
  3.581628203e-03 
  3.137969645e-03 
  3.072376363e-03 
  2.647591056e-03 
  2.643505577e-03 
  2.228171332e-03 
  2.227324760e-03 
  1.989337383e-03 
  1.983869122e-03 
  1.998688094e-03 
  1.942938892e-03 
  2.065861830e-03 
  2.060304629e-03 
  2.116706688e-03 
  2.116404939e-03 
  2.135600429e-03 
  2.128885128e-03 
  2.165060025e-03 
  2.139593707e-03 
  2.227178542e-03 
  2.219206421e-03 
  2.366592409e-03 
  2.367508365e-03 
  2.596278675e-03 
  2.571756020e-03 
  2.710821340e-03 
  2.800837858e-03 
  3.042906290e-03 
  3.039735602e-03 
  3.190593095e-03 
  3.213211196e-03 
  3.325892612e-03 
  3.330948530e-03 
  3.358290531e-03 
  3.312520683e-03 
  3.389102640e-03 
  3.438929562e-03 
  3.486277536e-03 
  3.476719372e-03 
  3.373749321e-03 
  3.446117742e-03 
  3.469463903e-03 
  3.276936011e-03 
  3.382805502e-03 
  3.403634764e-03 
  3.367554862e-03 
  3.329715226e-03 
  3.288871842e-03 
  3.281883895e-03 
  3.171393182e-03 
  3.163066460e-03 
  3.139805282e-03 
  2.974634292e-03 
  2.985109575e-03 
  2.800918883e-03 
  2.780001378e-03 
  2.661595354e-03 
  2.619043458e-03 
  2.613537014e-03 
  2.628286136e-03 
  2.656130353e-03 
  2.640767954e-03 
  2.687785774e-03 
  2.683521947e-03 
  2.687469358e-03 
  2.611259231e-03 
  2.682087710e-03 
  2.666963730e-03 
  2.502698917e-03 
  2.644308610e-03 
  2.642448060e-03 
  2.651308896e-03 
  2.623782493e-03 
  2.675106050e-03 
  2.580415457e-03 
  2.745022299e-03 
  2.708357526e-03 
  2.837532200e-03 
  2.827836201e-03 
  2.900278894e-03 
  2.891417593e-03 
  2.939531347e-03 
  2.933215583e-03 
  2.878885483e-03 
  2.939163940e-03 
  2.904959721e-03 
  2.943295753e-03 
  2.886367030e-03 
  2.905530389e-03 
  2.924145665e-03 
  2.945446176e-03 
  2.938400721e-03 
  2.955694916e-03 
  2.954221563e-03 
  2.959801583e-03 
  2.932071919e-03 
  2.814810025e-03 
  2.914635232e-03 
  2.936469391e-03 
  2.840806963e-03 
  2.920754720e-03 
  2.908351133e-03 
  2.898852341e-03 
  2.904948778e-03 
  2.907135058e-03 
  2.900243737e-03 
  2.914506476e-03 
  2.864605980e-03 
  2.903834684e-03 
  2.895895159e-03 
  2.901776461e-03 
  2.887606854e-03 
  2.879613079e-03 
  2.859439002e-03 
  2.787516452e-03 
  2.847047755e-03 
  2.834515646e-03 
  2.814800944e-03 
  2.818247303e-03 
  2.811096841e-03 
  2.786619356e-03 
  2.715332434e-03 
  2.772912849e-03 
  2.787298057e-03 
  2.715453040e-03 
  2.769943094e-03 
  2.740913769e-03 
  2.737587551e-03 
  2.691699658e-03 
  2.744686091e-03 
  2.754807239e-03 
  2.701779362e-03 
  2.754096873e-03 
  2.742742421e-03 
  2.728101332e-03 
  2.739408985e-03 
  2.729391214e-03 
  2.722847741e-03 
  2.709556837e-03 
  2.707976382e-03 
  2.604246140e-03 
  2.688027220e-03 
  2.682444174e-03 
  2.664026804e-03 
  2.655542688e-03 
  2.653051633e-03 
  2.631739248e-03 
  2.613701159e-03 
  2.593726618e-03 
  2.563114278e-03 
  2.515797503e-03 
  2.536624437e-03 
  2.533023478e-03 
  2.495468128e-03 
  2.487814287e-03 
  2.462013625e-03 
  2.451426582e-03 
  2.424009377e-03 
  2.425248036e-03 
  2.419767203e-03 
  2.417715034e-03 
  2.407088876e-03 
  2.399294404e-03 
  2.383771818e-03 
  2.371742623e-03 
  2.365001710e-03 
  2.328994917e-03 
  2.326829126e-03 
  2.290006028e-03 
  2.209940460e-03 
  1.981457463e-03 
  2.164416714e-03 
  2.228805795e-03 
  2.283820650e-03 
  2.277854132e-03 
  2.293478930e-03 
  2.280713292e-03 
  2.284721937e-03 
  2.271902980e-03 
  2.270493656e-03 
  2.252425067e-03 
  2.227302408e-03 
  2.239425434e-03 
  2.149293665e-03 
  2.231955063e-03 
  2.224343596e-03 
  2.199619543e-03 
  2.141479403e-03 
  2.190000843e-03 
  2.191534964e-03 
  2.190662781e-03 
  2.183764707e-03 
  2.124760533e-03 
  2.109395107e-03 
  2.131082350e-03 
  2.151055029e-03 
  2.141272416e-03 
  2.111453563e-03 
  2.102107508e-03 
  2.092041075e-03 
  2.061588457e-03 
  2.049757168e-03 
  2.030874137e-03 
  2.024281770e-03 
  2.013097983e-03 
  2.011760836e-03 
  2.004877431e-03 
  2.025790745e-03 
  2.022488043e-03 
  2.013050020e-03 
  1.962327398e-03 
  1.933825901e-03 
  2.030999167e-03 
  1.985421637e-03 
  2.046828158e-03 
  2.041315194e-03 
  2.031090204e-03 
  2.027403796e-03 
  2.015625359e-03 
  2.011397388e-03 
  1.990902470e-03 
  1.958534122e-03 
  1.978371525e-03 
  1.981116598e-03 
  1.970611280e-03 
  1.963664079e-03 
  1.952340128e-03 
  1.947138924e-03 
  1.938829897e-03 
  1.925016986e-03 
  1.888369559e-03 
  1.890351297e-03 
  1.884968369e-03 
  1.898489194e-03 
  1.873784931e-03 
  1.873272820e-03 
  1.869819593e-03 
  1.860413817e-03 
  1.853612368e-03 
  1.839732169e-03 
  1.829030924e-03 
  1.826601685e-03 
  1.801993116e-03 
  1.761013991e-03 
  1.779251383e-03 
  1.793596311e-03 
  1.786524896e-03 
  1.753209159e-03 
  1.763375360e-03 
  1.760206767e-03 
  1.753303921e-03 
  1.748594921e-03 
  1.697441796e-03 
  1.729700714e-03 
  1.711168676e-03 
  1.706117066e-03 
  1.705849543e-03 
  1.677966560e-03 
  1.633135718e-03 
  1.664947136e-03 
  1.649444457e-03 
  1.646473887e-03 
  1.642358489e-03 
  1.641294220e-03 
  1.626164652e-03 
  1.615333254e-03 
  1.615560963e-03 
  1.555862604e-03 
  1.610249281e-03 
  1.597894356e-03 
  1.575118979e-03 
  1.586260041e-03 
  1.584292739e-03 
  1.577861258e-03 
  1.570409280e-03 
  1.554241404e-03 
  1.565850223e-03 
  1.561206300e-03 
  1.553813810e-03 
  1.528066001e-03 
  1.544731786e-03 
  1.542294398e-03 
  1.539014629e-03 
  1.531549497e-03 
  1.524241059e-03 
  1.446712762e-03 
  1.491131727e-03 
  1.492931391e-03 
  1.487538684e-03 
  1.479572617e-03 
  1.474607619e-03 
  1.474988996e-03 
  1.467299880e-03 
  1.450149110e-03 
  1.447563991e-03 
  1.424631919e-03 
  1.429167576e-03 
  1.423857757e-03 
  1.344560878e-03 
  1.377770910e-03 
  1.369934413e-03 
  1.343327458e-03 
  1.370743383e-03 
  1.372597646e-03 
  1.366554294e-03 
  1.363140531e-03 
  1.377649722e-03 
  1.371173887e-03 
  1.364281867e-03 
  1.379022026e-03 
  1.378076267e-03 
  1.378536457e-03 
  1.375924563e-03 
  1.364761265e-03 
  1.355213113e-03 
  1.357104979e-03 
  1.348415622e-03 
  1.331285690e-03 
  1.321231946e-03 
  1.271965913e-03 
  1.288354746e-03 
  1.273621223e-03 
  1.295682741e-03 
  1.288258354e-03 
  1.266676816e-03 
  1.272141235e-03 
  1.268955995e-03 
  1.208613859e-03 
  1.240033191e-03 
  1.248004031e-03 
  1.233904972e-03 
  1.255172305e-03 
  1.261407044e-03 
  1.248679007e-03 
  1.244386658e-03 
  1.236620825e-03 
  1.224611886e-03 
  1.221661340e-03 
  1.197101083e-03 
  1.178071951e-03 
  1.184346736e-03 
  1.166588743e-03 
  1.158573083e-03 
  1.126659918e-03 
  1.140565146e-03 
  1.139987609e-03 
  1.126834191e-03 
  1.119597466e-03 
  1.114428975e-03 
  1.104117488e-03 
  1.104864641e-03 
  1.096544671e-03 
  1.093529630e-03 
  1.096890541e-03 
  1.088081044e-03 
  1.093200641e-03 
  1.074382453e-03 
  1.041514683e-03 
  1.066779485e-03 
  1.077110297e-03 
  1.087825513e-03 
  1.077188528e-03 
  1.075639273e-03 
  1.093496801e-03 
  1.092583174e-03 
  1.082733972e-03 
  1.069019781e-03 
  1.065707533e-03 
  1.066732453e-03 
  1.039896859e-03 
  1.040276606e-03 
  1.011052518e-03 
  1.004279708e-03 
  9.929863736e-04 
  9.716298082e-04 
  9.812377393e-04 
  9.798926767e-04 
  9.813006036e-04 
  9.318183293e-04 
  9.612165741e-04 
  9.803933790e-04 
  9.755918290e-04 
  9.710754384e-04 
  9.827036411e-04 
  9.778657695e-04 
  9.730474558e-04 
  9.737655637e-04 
  9.254920878e-04 
  9.236498736e-04 
  9.292325703e-04 
  9.344738792e-04 
  9.242257802e-04 
  9.474276449e-04 
  9.424297605e-04 
  9.538066224e-04 
  9.505566559e-04 
  9.463747847e-04 
  9.409697377e-04 
  9.515996790e-04 
  9.416164248e-04 
  9.413924417e-04 
  9.442161536e-04 
  9.360693512e-04 
  9.358690004e-04 
  9.255764890e-04 
  9.213275043e-04 
  9.244707762e-04 
  9.161789203e-04 
  9.008150082e-04 
  9.052479290e-04 
  8.906069561e-04 
  8.806902333e-04 
  8.807629929e-04 
  8.764689555e-04 
  8.615697734e-04 
  8.609451470e-04 
  8.584419265e-04 
  8.452304173e-04 
  8.144545136e-04 
  8.114793454e-04 
  7.837468875e-04 
  8.177557029e-04 
  8.235091227e-04 
  8.476935909e-04 
  8.372354787e-04 
  8.406761917e-04 
  8.519717958e-04 
  8.445807616e-04 
  8.456918295e-04 
  8.423320251e-04 
  8.515556110e-04 
  8.408995927e-04 
  8.388392744e-04 
  8.431073511e-04 
  8.366759866e-04 
  8.253075648e-04 
  8.290510159e-04 
  8.248820086e-04 
  7.969830767e-04 
  7.869476103e-04 
  8.076279191e-04 
  8.009857265e-04 
  7.804724155e-04 
  7.992114406e-04 
  7.838385063e-04 
  7.734589744e-04 
  7.769470685e-04 
  7.522269734e-04 
  7.472488796e-04 
  7.310447400e-04 
  7.087776903e-04 
  7.092355518e-04 
  7.006266969e-04 
  6.994883879e-04 
  7.032296853e-04 
  6.972193369e-04 
  6.957520382e-04 
  7.054351154e-04 
  7.240429986e-04 
  7.154140039e-04 
  7.129971636e-04 
  6.863451563e-04 
  7.213620702e-04 
  7.251567440e-04 
  7.195179351e-04 
  7.071623695e-04 
  7.078500930e-04 
  7.011476555e-04 
  6.907199277e-04 
  6.841765135e-04 
  6.777273957e-04 
  6.609005504e-04 
  6.597631727e-04 
  6.534333224e-04 
  6.005422911e-04 
  6.251475425e-04 
  6.216401234e-04 
  6.106189103e-04 
  5.987599725e-04 
  6.085817586e-04 
  5.776131293e-04 
  5.851149326e-04 
  5.813244497e-04 
  5.352687440e-04 
  5.421408569e-04 
  5.318088224e-04 
  5.140933790e-04 
  4.989724257e-04 
  5.214380799e-04 
  5.008361186e-04 
  4.969626316e-04 
  4.690893111e-04 
  4.890680430e-04 
  4.878876207e-04 
  4.895903403e-04 
  4.869794939e-04 
  4.881292116e-04 
  4.795725399e-04 
  4.890665878e-04 
  4.828769888e-04 
  4.790119419e-04 
  4.885023227e-04 
  4.843348579e-04 
  4.857721506e-04 
  4.791599640e-04 
