  4.046966136e-02 
  1.305949539e-01 
  1.638214588e-01 
  5.215552449e-01 
  6.423476338e-01 
  1.398443580e+00 
  1.678342462e+00 
  2.789333582e+00 
  3.834735870e+00 
  4.361293793e+00 
  5.484741688e+00 
  1.100059128e+01 
  1.000815582e+01 
  1.341866589e+01 
  1.393692112e+01 
  1.784525871e+01 
  1.412045860e+01 
  2.100973511e+01 
  2.076623917e+01 
  2.489074707e+01 
  2.239231873e+01 
  3.060552979e+01 
  2.534180260e+01 
  2.321306610e+01 
  3.017587090e+01 
  3.185288811e+01 
  4.605459595e+01 
  4.647523880e+01 
  3.665475082e+01 
  4.592730713e+01 
  4.781597519e+01 
  3.755904388e+01 
  4.247380829e+01 
  4.796271515e+01 
  3.932635117e+01 
  4.292243958e+01 
  3.220631790e+01 
  3.028145981e+01 
  3.695527267e+01 
  3.722665405e+01 
  4.125120544e+01 
  3.485230637e+01 
  3.642808151e+01 
  3.629982758e+01 
  3.244884109e+01 
  4.169801712e+01 
  4.602898026e+01 
  4.350697327e+01 
  4.068922424e+01 
  4.434534836e+01 
  4.501990128e+01 
  4.244533539e+01 
  4.315497971e+01 
  3.913088608e+01 
  4.485535049e+01 
  4.512830353e+01 
  4.235710907e+01 
  2.686652374e+01 
  2.897830772e+01 
  2.893810844e+01 
  4.260880280e+01 
  3.355923843e+01 
  3.657886887e+01 
  3.864741135e+01 
  3.830543900e+01 
  3.560831451e+01 
  4.852632904e+01 
  4.310384750e+01 
  4.034954071e+01 
  3.852465439e+01 
  4.397789764e+01 
  3.486069870e+01 
  3.641899872e+01 
  3.601545715e+01 
  2.767342186e+01 
  2.514431763e+01 
  3.567051315e+01 
  3.618301773e+01 
  4.637322617e+01 
  3.537201309e+01 
  3.282897949e+01 
  3.652524948e+01 
  2.704715347e+01 
  1.867275620e+01 
  2.034430695e+01 
  3.029699326e+01 
  2.326663971e+01 
  2.641447449e+01 
  2.587055206e+01 
  2.913999939e+01 
  3.491963196e+01 
  3.860675430e+01 
  3.390519333e+01 
  1.796210861e+01 
  1.964153290e+01 
  3.258006668e+01 
  3.313618469e+01 
  1.332608318e+01 
  3.684149933e+01 
  4.364994049e+01 
  4.237443924e+01 
  4.158762741e+01 
  4.352045441e+01 
  4.024954987e+01 
  4.271101379e+01 
  3.867878342e+01 
  3.790814972e+01 
  3.646104431e+01 
  3.900983047e+01 
  4.264448929e+01 
  3.521222687e+01 
  4.083953857e+01 
  4.179557419e+01 
  3.899750137e+01 
  3.780033112e+01 
  3.982471085e+01 
  3.910153580e+01 
  3.745224762e+01 
  3.619319153e+01 
  3.663273621e+01 
  3.063336182e+01 
  3.791975784e+01 
  3.590033340e+01 
  2.995861053e+01 
  3.256124115e+01 
  3.332324600e+01 
  3.165416145e+01 
  3.008907318e+01 
  3.010950661e+01 
  2.707141685e+01 
  2.134991837e+01 
  1.897182655e+01 
  3.375302505e+01 
  2.969743538e+01 
  2.790075874e+01 
  3.000666046e+01 
  3.289199829e+01 
  3.283052063e+01 
  2.907489586e+01 
  2.781635094e+01 
  3.082447624e+01 
  3.037870979e+01 
  3.163592339e+01 
  3.149134636e+01 
  3.093808746e+01 
  3.218159485e+01 
  2.832862282e+01 
  3.195405006e+01 
  3.213249588e+01 
  3.200079727e+01 
  3.234510422e+01 
  3.457801819e+01 
  3.179712677e+01 
  2.919805336e+01 
  3.079467201e+01 
  3.067561150e+01 
  3.107857513e+01 
  3.091551018e+01 
  3.004517555e+01 
  2.971921158e+01 
  2.914558792e+01 
  2.988044739e+01 
  2.908137512e+01 
  2.878070641e+01 
  2.857946968e+01 
  2.787399483e+01 
  2.846310234e+01 
  2.717817879e+01 
  2.847129059e+01 
  2.792351341e+01 
  2.724734306e+01 
  2.690936470e+01 
  2.694703102e+01 
  2.636478043e+01 
  2.628796196e+01 
  2.704843712e+01 
  2.592320251e+01 
  2.540122986e+01 
  2.638089752e+01 
  2.493193626e+01 
  2.517212105e+01 
  2.477040863e+01 
  2.503858185e+01 
  2.481497383e+01 
  2.362120056e+01 
  2.355579948e+01 
  1.890953255e+01 
  2.104537201e+01 
  2.262756920e+01 
  2.082932472e+01 
  2.348276138e+01 
  2.175712585e+01 
  2.070112419e+01 
  2.207543564e+01 
  2.111631012e+01 
  2.235205460e+01 
  2.154952240e+01 
  2.069362068e+01 
  2.000190735e+01 
  1.975381660e+01 
  1.947053146e+01 
  1.884415627e+01 
  1.853457069e+01 
  1.944483376e+01 
  1.791259575e+01 
  1.912984467e+01 
  2.028699303e+01 
  1.869932938e+01 
  1.776596069e+01 
  1.897985077e+01 
  1.821994209e+01 
  1.805540466e+01 
  1.877358818e+01 
  1.702244949e+01 
  1.651076317e+01 
  1.669996643e+01 
  1.737693977e+01 
  1.267833233e+01 
  1.554719734e+01 
  1.458980179e+01 
  1.591104031e+01 
  1.576938343e+01 
  1.623963737e+01 
  1.498464012e+01 
  1.610396576e+01 
  1.582428646e+01 
  1.493901157e+01 
  1.292643929e+01 
  1.537746716e+01 
  1.566453362e+01 
  1.466213608e+01 
  1.580980015e+01 
  1.494190693e+01 
  1.300561810e+01 
  1.401645374e+01 
  1.417397881e+01 
  1.490693188e+01 
  1.370773029e+01 
  1.422229767e+01 
  1.405025864e+01 
  1.362893963e+01 
  1.238778019e+01 
  1.369760227e+01 
  1.298793888e+01 
  1.357910538e+01 
  1.325954819e+01 
  1.285130215e+01 
  1.328053474e+01 
  1.221519566e+01 
  1.274422836e+01 
  1.235736752e+01 
  1.217580032e+01 
  1.259331799e+01 
  1.199787235e+01 
  1.228563595e+01 
  1.221689606e+01 
  1.178054714e+01 
  1.133483219e+01 
  1.166665554e+01 
  1.093509960e+01 
  1.089093971e+01 
  1.186900806e+01 
  1.080171680e+01 
  1.120604801e+01 
  1.095499325e+01 
  1.098994732e+01 
  1.004664803e+01 
  1.068035984e+01 
  1.054509544e+01 
  1.023118401e+01 
  1.020003510e+01 
  9.764990807e+00 
  1.022303581e+01 
  1.023779106e+01 
  1.009990120e+01 
  9.772454262e+00 
  9.522775650e+00 
  9.851860046e+00 
  9.505011559e+00 
  9.377042770e+00 
  9.647812843e+00 
  9.428809166e+00 
  9.518442154e+00 
  9.527933121e+00 
  9.438839912e+00 
  9.317572594e+00 
  8.859524727e+00 
  9.134615898e+00 
  8.967911720e+00 
  7.880078316e+00 
  8.169871330e+00 
  8.629416466e+00 
  8.399964333e+00 
  8.441328049e+00 
  8.455362320e+00 
  8.227284431e+00 
  8.380007744e+00 
  8.336782455e+00 
  8.109428406e+00 
  8.052025795e+00 
  7.999726295e+00 
  7.896261692e+00 
  7.753479958e+00 
  7.750236511e+00 
  7.947387218e+00 
  7.878202438e+00 
  7.736949444e+00 
  7.644157887e+00 
  7.567402363e+00 
  7.441675186e+00 
  7.275764942e+00 
  7.347290039e+00 
  7.205959320e+00 
  7.055895805e+00 
  6.758178234e+00 
  7.037196636e+00 
  6.648693085e+00 
  6.643755913e+00 
  6.912138462e+00 
  6.803923607e+00 
  6.859040737e+00 
  6.930739880e+00 
  6.521114349e+00 
  6.527357578e+00 
  6.490159035e+00 
  6.271322727e+00 
  6.258357525e+00 
  6.306459427e+00 
  6.103026867e+00 
  6.266926765e+00 
  6.022528648e+00 
  6.220138073e+00 
  5.765263557e+00 
  6.159761429e+00 
  5.950299740e+00 
  6.028248787e+00 
  5.787612915e+00 
  5.949008942e+00 
  6.014236450e+00 
  5.933378220e+00 
  5.718362331e+00 
  5.769578934e+00 
  5.669943810e+00 
  5.732176304e+00 
  5.634425163e+00 
  5.644930363e+00 
  5.392147541e+00 
  5.429230213e+00 
  5.383896351e+00 
  5.462161064e+00 
  5.040770054e+00 
  5.397655487e+00 
  5.253954411e+00 
  5.338198662e+00 
  5.235895157e+00 
  5.063970566e+00 
  4.275055408e+00 
  4.537573814e+00 
  5.028495312e+00 
  5.008555412e+00 
  5.020503044e+00 
  5.019395351e+00 
  5.064902306e+00 
  4.978269577e+00 
  4.871749878e+00 
  4.865116119e+00 
  4.896317959e+00 
  4.772180557e+00 
  4.772839069e+00 
  4.813964367e+00 
  4.729226589e+00 
  4.652593613e+00 
  4.611001015e+00 
  4.617563248e+00 
  4.600181580e+00 
  4.504155159e+00 
  4.562963486e+00 
  4.446495056e+00 
  4.494096279e+00 
  4.404902458e+00 
  4.344548702e+00 
  4.322992325e+00 
  4.288771152e+00 
  4.291776180e+00 
  4.188455582e+00 
  4.212740421e+00 
  3.993682146e+00 
  3.535942554e+00 
  3.635738850e+00 
  3.590011835e+00 
  3.649525881e+00 
  3.733872414e+00 
  3.750136852e+00 
  3.743633986e+00 
  3.739943027e+00 
  3.683402538e+00 
  3.722428799e+00 
  3.780682564e+00 
  3.673609018e+00 
  3.657585859e+00 
  3.603674889e+00 
  3.489838123e+00 
  3.462146997e+00 
  3.540384769e+00 
  3.532554865e+00 
  3.518098354e+00 
  3.464699984e+00 
  3.400005579e+00 
  3.486628532e+00 
  3.359370470e+00 
  3.399907589e+00 
  3.363590717e+00 
  3.312788963e+00 
  3.267595530e+00 
  3.299763680e+00 
  3.147516012e+00 
  3.191792727e+00 
  2.975853682e+00 
  2.876964808e+00 
  2.804519892e+00 
  2.774756193e+00 
  2.907613516e+00 
  2.991615772e+00 
  2.934419394e+00 
  2.845693111e+00 
  2.811180830e+00 
  2.786272049e+00 
  2.823711634e+00 
  2.746715546e+00 
  2.653721333e+00 
  2.730858088e+00 
  2.664321661e+00 
  2.753859997e+00 
  2.751317978e+00 
  2.820605516e+00 
  2.772529364e+00 
  2.688352108e+00 
  2.721552372e+00 
  2.717223883e+00 
  2.622265816e+00 
  2.649945736e+00 
  2.624609232e+00 
  2.571320057e+00 
  2.640234709e+00 
  2.655436277e+00 
  2.575842619e+00 
  2.600339890e+00 
  2.626967430e+00 
  2.567023993e+00 
  2.554825306e+00 
  2.502473116e+00 
  2.482718468e+00 
  2.509442091e+00 
  2.473035097e+00 
  2.498698950e+00 
  2.471172094e+00 
  2.409977674e+00 
  2.414532661e+00 
  2.393158436e+00 
  2.145115376e+00 
  1.044906616e+00 
  9.480018616e-01 
  1.490671754e+00 
  1.335009217e+00 
  1.423627257e+00 
  1.638645530e+00 
  1.796050906e+00 
  1.936080575e+00 
  2.092901945e+00 
  2.138698816e+00 
  2.152522326e+00 
  2.158999681e+00 
  2.143226624e+00 
  2.125027180e+00 
  2.138495207e+00 
  2.048417091e+00 
  2.122256041e+00 
  2.096535921e+00 
  2.074184418e+00 
  2.069825888e+00 
  2.033308029e+00 
  2.019896030e+00 
  2.033342600e+00 
  1.975277424e+00 
  1.975281119e+00 
  1.967233658e+00 
  1.919156671e+00 
  1.931254387e+00 
  1.888671041e+00 
  1.877239108e+00 
  1.847494006e+00 
  1.830724835e+00 
  1.794532776e+00 
  1.788474202e+00 
  1.771748900e+00 
  1.746352911e+00 
  1.750301719e+00 
  1.756859899e+00 
  1.759343266e+00 
  1.746463418e+00 
  1.684983373e+00 
  1.708379030e+00 
  1.695645809e+00 
  1.663885951e+00 
  1.673839331e+00 
  1.626359820e+00 
  1.666101217e+00 
  1.647925973e+00 
  1.627135873e+00 
  1.588629723e+00 
  1.570349574e+00 
  1.581041574e+00 
  1.559243917e+00 
  1.534732819e+00 
  1.511956334e+00 
  1.472686648e+00 
  1.433335900e+00 
  1.435725689e+00 
  1.421314120e+00 
  1.382238388e+00 
  1.369682550e+00 
  1.434686780e+00 
  1.367562175e+00 
  1.328802466e+00 
  1.384697556e+00 
  1.405338764e+00 
  1.402075529e+00 
  1.386786461e+00 
  1.358281732e+00 
  1.357472658e+00 
  1.336768746e+00 
  1.308571696e+00 
  1.329610229e+00 
  1.286067009e+00 
  1.303593159e+00 
  1.308859587e+00 
  1.314726830e+00 
  1.297198772e+00 
  1.299788356e+00 
  1.255552053e+00 
  1.283793330e+00 
  1.278407454e+00 
  1.266440392e+00 
  1.256799817e+00 
  1.232325673e+00 
  1.246080399e+00 
  1.251249313e+00 
  1.203583598e+00 
  1.231938004e+00 
  1.228467584e+00 
  1.056252480e+00 
  1.203253984e+00 
  1.152151465e+00 
  1.161419034e+00 
  9.291943908e-01 
  1.018643618e+00 
  1.151226878e+00 
  1.164670348e+00 
  1.140824914e+00 
  1.136102080e+00 
  1.120954394e+00 
  1.115529895e+00 
  1.106827259e+00 
  1.122658253e+00 
  1.115264058e+00 
  1.089431286e+00 
  9.095231295e-01 
  9.639374614e-01 
  1.040501714e+00 
  1.021110535e+00 
  1.058188319e+00 
  1.051761270e+00 
  1.042716861e+00 
  1.041879058e+00 
  1.014211893e+00 
  1.000166416e+00 
  1.003612757e+00 
  1.018808961e+00 
  9.963345528e-01 
  9.939545989e-01 
  9.833915830e-01 
  9.277723432e-01 
  9.743078947e-01 
  9.478220344e-01 
  9.515097141e-01 
  9.564228058e-01 
  9.201896787e-01 
  9.070396423e-01 
  9.298593998e-01 
  9.319862127e-01 
  9.243851900e-01 
  9.149297476e-01 
  9.052438736e-01 
  8.593336940e-01 
  8.800334930e-01 
  8.205291629e-01 
  8.337997198e-01 
  7.959798574e-01 
  7.869483829e-01 
  7.643253803e-01 
  7.443486452e-01 
  7.206741571e-01 
  7.050842047e-01 
  7.698032856e-01 
  7.968640924e-01 
  7.904811502e-01 
  7.540247440e-01 
  7.429661155e-01 
  7.069917917e-01 
  6.923144460e-01 
  6.993083358e-01 
  7.024543881e-01 
  6.968762279e-01 
  6.926863790e-01 
  6.936751604e-01 
  6.849654913e-01 
  6.921364665e-01 
  6.818857193e-01 
  6.800332665e-01 
  7.020492554e-01 
  7.050063610e-01 
  6.838162541e-01 
  6.744825244e-01 
  6.401016712e-01 
  6.563150287e-01 
  6.613985896e-01 
  6.345373392e-01 
  6.461174488e-01 
  6.336323023e-01 
  6.030079722e-01 
  5.751709342e-01 
  5.468881726e-01 
  5.075488091e-01 
  4.845038950e-01 
  4.564504921e-01 
  4.454652071e-01 
  4.485400617e-01 
  4.545042813e-01 
  4.715632498e-01 
  5.394526124e-01 
  5.446286798e-01 
  5.215531588e-01 
  4.796834886e-01 
  4.701004028e-01 
  4.529934824e-01 
  4.666463733e-01 
  4.716567099e-01 
  4.772520065e-01 
  4.842751920e-01 
  4.830217361e-01 
  4.793993235e-01 
  4.883152544e-01 
  4.716908932e-01 
  4.786412418e-01 
  4.830411673e-01 
  4.411683679e-01 
  4.668564796e-01 
  4.922950268e-01 
  4.977657199e-01 
  4.930502474e-01 
  4.850959778e-01 
  4.756768644e-01 
  4.781551659e-01 
  4.901441932e-01 
  4.846886098e-01 
  4.872204363e-01 
  4.720102549e-01 
  4.946004152e-01 
  5.049322248e-01 
  5.145130157e-01 
  5.142692327e-01 
  5.073713660e-01 
  5.063572526e-01 
  4.941420853e-01 
  4.782585800e-01 
  4.747105837e-01 
  4.833440483e-01 
  4.771857262e-01 
  4.862971008e-01 
  4.723802507e-01 
  4.857576489e-01 
  4.891439378e-01 
  4.840846956e-01 
  4.854600430e-01 
  4.851525128e-01 
  4.858024120e-01 
  4.836184382e-01 
  4.887978733e-01 
  4.811692834e-01 
  4.733466804e-01 
  4.758174121e-01 
  4.791620374e-01 
  4.731936157e-01 
  4.709950387e-01 
  4.728260040e-01 
  4.683763385e-01 
  4.663535655e-01 
  4.643747509e-01 
  4.601220489e-01 
  4.568379223e-01 
  4.515584111e-01 
  4.512413442e-01 
  4.468855858e-01 
  4.403178990e-01 
  4.359255135e-01 
  4.059689641e-01 
  4.256891906e-01 
  4.313487411e-01 
  4.299713969e-01 
  4.237568378e-01 
  4.244552255e-01 
  4.224463701e-01 
  4.216637909e-01 
  4.172155857e-01 
  4.184946120e-01 
  4.091631472e-01 
  4.103545249e-01 
  4.048516154e-01 
  4.081833065e-01 
  3.965679705e-01 
  3.943869472e-01 
  3.972061276e-01 
  3.891899884e-01 
  3.944947720e-01 
  3.905719817e-01 
  3.896104097e-01 
  3.890333772e-01 
  3.849273622e-01 
  3.844777048e-01 
  3.775429130e-01 
  3.802321255e-01 
  3.777200580e-01 
  3.750635982e-01 
  3.667519093e-01 
  3.692319393e-01 
  3.638900518e-01 
  3.670865893e-01 
  3.579080403e-01 
  3.600455821e-01 
  3.600498438e-01 
  3.543414176e-01 
  3.547768593e-01 
  3.544102907e-01 
  3.469130695e-01 
  3.489349782e-01 
  3.459953368e-01 
  3.345452547e-01 
  3.392675221e-01 
  3.411512673e-01 
  3.374468982e-01 
  3.340210021e-01 
  3.326656222e-01 
  3.297173083e-01 
  3.285071850e-01 
  3.237430751e-01 
  3.247221112e-01 
  3.224627972e-01 
  3.204267919e-01 
  3.155400157e-01 
  3.043753505e-01 
  3.141275346e-01 
  3.019020855e-01 
  3.088599145e-01 
  3.022860885e-01 
  3.048220277e-01 
  3.030951917e-01 
  2.926651537e-01 
  2.983472347e-01 
  2.959610820e-01 
  2.726518214e-01 
  2.879511118e-01 
  2.872884274e-01 
  2.869723141e-01 
  2.765444517e-01 
  2.853190303e-01 
  2.758833468e-01 
  2.807251215e-01 
  2.788477540e-01 
  2.783449292e-01 
  2.665804625e-01 
  2.725918293e-01 
  2.616206408e-01 
  2.644115984e-01 
  2.559157610e-01 
  2.642128766e-01 
  2.586075962e-01 
  2.613271177e-01 
  2.456998229e-01 
  2.597528398e-01 
  2.473214865e-01 
  2.514910102e-01 
  2.525101304e-01 
  2.450025529e-01 
  2.394616008e-01 
  2.165119052e-01 
  2.336034626e-01 
  2.318872511e-01 
  2.276290357e-01 
  2.196647674e-01 
  2.153176516e-01 
  2.184583694e-01 
  2.177804708e-01 
  2.076996565e-01 
  2.154972106e-01 
  2.124256790e-01 
  2.095384598e-01 
  2.052335888e-01 
  2.046467960e-01 
  2.035198957e-01 
  2.051448524e-01 
  2.051248699e-01 
  2.008407116e-01 
  1.937814802e-01 
  1.861761361e-01 
  1.857153773e-01 
  1.758274138e-01 
  1.686463505e-01 
  1.602163613e-01 
  1.497612298e-01 
  1.408080608e-01 
  1.354972273e-01 
  1.347295046e-01 
  1.284557879e-01 
  1.314079314e-01 
  1.330894977e-01 
  1.288845092e-01 
  1.255827099e-01 
  1.298004538e-01 
  1.277899146e-01 
  1.330749094e-01 
  1.445495039e-01 
  1.490932256e-01 
  1.440945566e-01 
  1.316555738e-01 
  1.152861416e-01 
  1.174688488e-01 
  1.321795434e-01 
  1.419345737e-01 
  1.446716785e-01 
  1.500935256e-01 
  1.483528316e-01 
  1.404811442e-01 
  1.426508129e-01 
  1.361906081e-01 
  1.310429424e-01 
  1.260309964e-01 
  1.281490773e-01 
  1.325214207e-01 
  1.345759332e-01 
  1.360625923e-01 
  1.351155341e-01 
  1.365661323e-01 
  1.369858384e-01 
  1.379522085e-01 
  1.377364844e-01 
  1.413152218e-01 
  1.425082684e-01 
  1.508946270e-01 
  1.536406726e-01 
  1.536957324e-01 
  1.523405612e-01 
  1.512558609e-01 
  1.582948565e-01 
  1.609778851e-01 
  1.577473432e-01 
  1.604913324e-01 
  1.563415676e-01 
  1.586887985e-01 
  1.593972147e-01 
  1.537101418e-01 
  1.576472372e-01 
  1.587551236e-01 
  1.571683139e-01 
  1.550313383e-01 
  1.546042413e-01 
  1.536557674e-01 
  1.507100165e-01 
  1.542043239e-01 
  1.498510689e-01 
  1.486816108e-01 
  1.497994661e-01 
  1.474471390e-01 
  1.460803151e-01 
  1.372171342e-01 
  1.435340494e-01 
  1.464422196e-01 
  1.446265280e-01 
  1.426964998e-01 
  1.411510408e-01 
  1.333136410e-01 
  1.417489499e-01 
  1.442113519e-01 
  1.440099329e-01 
  1.433481574e-01 
  1.424356699e-01 
  1.393463314e-01 
  1.389251649e-01 
  1.379419267e-01 
  1.327476501e-01 
  1.268406361e-01 
  1.347305328e-01 
  1.352911443e-01 
  1.349390894e-01 
  1.274719834e-01 
  1.292240620e-01 
  1.333695650e-01 
  1.329182982e-01 
  1.337150782e-01 
  1.311635375e-01 
  1.222391874e-01 
  1.298470497e-01 
  1.250459850e-01 
  1.287276596e-01 
  1.294758916e-01 
  1.283932328e-01 
  1.286321133e-01 
  1.286409348e-01 
  1.286120415e-01 
  1.279136539e-01 
  1.263360232e-01 
  1.268206239e-01 
  1.263008118e-01 
  1.252803952e-01 
  1.243400723e-01 
  1.254020631e-01 
  1.244127899e-01 
  1.245833784e-01 
  1.201976091e-01 
  1.238164753e-01 
  1.234679893e-01 
  1.228529289e-01 
  1.225525513e-01 
  1.207924113e-01 
  1.213584989e-01 
  1.207801104e-01 
  1.196286231e-01 
  1.199965850e-01 
  1.196708456e-01 
  1.192033961e-01 
  1.174450815e-01 
  1.164896637e-01 
  1.170670986e-01 
  1.159237027e-01 
  1.142036691e-01 
  1.126622334e-01 
  1.141316891e-01 
  1.127745882e-01 
  1.116901562e-01 
  1.120870113e-01 
  1.112078503e-01 
  1.102786511e-01 
  1.089940965e-01 
  1.081292182e-01 
  1.067017391e-01 
  1.062954217e-01 
  1.054956093e-01 
  1.046618745e-01 
  1.027577221e-01 
  1.021941602e-01 
  1.001438498e-01 
  9.931119531e-02 
  9.810626507e-02 
  9.439744800e-02 
  9.470404685e-02 
  9.257237613e-02 
  9.230887145e-02 
  9.210539609e-02 
  8.952660114e-02 
  8.771926165e-02 
  8.798579872e-02 
  9.035141766e-02 
  9.141398966e-02 
  9.153453261e-02 
  9.174240381e-02 
  9.159399569e-02 
  9.225470573e-02 
  9.242714196e-02 
  9.233912826e-02 
  9.209796041e-02 
  9.143245965e-02 
  9.099669009e-02 
  8.850127459e-02 
  7.863926888e-02 
  8.629910648e-02 
  8.970090747e-02 
  9.024322778e-02 
  8.988592774e-02 
  8.998936415e-02 
  8.837147057e-02 
  8.842674643e-02 
  8.614487946e-02 
  8.722690493e-02 
  8.772845566e-02 
  8.761005104e-02 
  8.564013243e-02 
  8.577178419e-02 
  8.503416181e-02 
  8.382557333e-02 
  8.281920105e-02 
  8.339221030e-02 
  8.275505900e-02 
  8.227509260e-02 
  8.068200946e-02 
  7.912223786e-02 
  7.862111926e-02 
  7.872235030e-02 
  7.842964679e-02 
  7.775561512e-02 
  7.696061581e-02 
  7.596212626e-02 
  7.533382624e-02 
  7.488189638e-02 
  7.358957082e-02 
  6.951881200e-02 
  7.090348750e-02 
  6.867190450e-02 
  7.063790411e-02 
  7.114767283e-02 
  6.902655214e-02 
  6.843688339e-02 
  6.624139845e-02 
  6.519625336e-02 
  6.582775712e-02 
  6.682071090e-02 
  6.719820201e-02 
  6.648860127e-02 
  6.500792503e-02 
  6.222611293e-02 
  5.998871475e-02 
  5.393108726e-02 
  5.327914655e-02 
  5.249527097e-02 
  5.144627392e-02 
  5.341569707e-02 
  5.439513922e-02 
  5.505604669e-02 
  5.459473282e-02 
  5.479110032e-02 
  5.513706803e-02 
  5.469789729e-02 
  5.461982638e-02 
  5.514095351e-02 
  5.490960181e-02 
  5.321631953e-02 
  5.102495104e-02 
  4.617177323e-02 
  4.261409864e-02 
  4.083126411e-02 
  3.810529038e-02 
  3.688367084e-02 
  3.418683633e-02 
  3.294548765e-02 
  3.149692714e-02 
  2.950162999e-02 
  2.839323692e-02 
  2.715161443e-02 
  2.609731629e-02 
  2.479572780e-02 
  2.429242432e-02 
  2.287054621e-02 
  2.164691500e-02 
  2.156111971e-02 
  2.126668207e-02 
  2.148351260e-02 
  2.195539884e-02 
  2.192635462e-02 
  2.213908173e-02 
  2.152337134e-02 
  2.134976536e-02 
  2.093682811e-02 
  2.173062600e-02 
  2.296963520e-02 
  2.479850315e-02 
  2.585996315e-02 
  2.657361329e-02 
  2.635604516e-02 
  2.571224049e-02 
  2.552516758e-02 
  2.441212162e-02 
  2.345947176e-02 
  2.179634571e-02 
  2.069993317e-02 
  1.974659599e-02 
  1.983344555e-02 
  2.059756964e-02 
  2.105673030e-02 
  2.214000747e-02 
  2.343417890e-02 
  2.446669899e-02 
  2.492409199e-02 
  2.452197857e-02 
  2.446645312e-02 
  2.337581664e-02 
  2.241415530e-02 
  2.144655585e-02 
  2.167120017e-02 
  2.263627388e-02 
  2.336069383e-02 
  2.338057198e-02 
  2.300306223e-02 
  2.218749002e-02 
  2.233283781e-02 
  2.328630351e-02 
  2.353753150e-02 
  2.313914709e-02 
  2.319775149e-02 
  2.289123461e-02 
  2.292166650e-02 
  2.345569804e-02 
  2.412601747e-02 
  2.494691312e-02 
  2.582790144e-02 
  2.477284707e-02 
  2.558527142e-02 
  2.570230700e-02 
  2.618300915e-02 
  2.651195787e-02 
  2.676252089e-02 
  2.675412223e-02 
  2.639242448e-02 
  2.643339708e-02 
  2.756368555e-02 
  2.723749913e-02 
  2.715329640e-02 
  2.706649527e-02 
  2.727255598e-02 
  2.613168955e-02 
  2.680498362e-02 
  2.755707316e-02 
  2.709367499e-02 
  2.625627629e-02 
  2.536612935e-02 
  2.534453943e-02 
  2.527515404e-02 
  2.455434017e-02 
  2.525688522e-02 
  2.538274042e-02 
  2.549847029e-02 
  2.588229999e-02 
  2.621911839e-02 
  2.477129176e-02 
  2.611121722e-02 
  2.532049827e-02 
  2.568442561e-02 
  2.593531460e-02 
  2.586362883e-02 
  2.643500827e-02 
  2.658995986e-02 
  2.679665387e-02 
  2.654187009e-02 
  2.595969290e-02 
  2.590421773e-02 
  2.609295584e-02 
  2.752224542e-02 
  2.860181034e-02 
  2.886455320e-02 
  2.944730408e-02 
  2.974961326e-02 
  3.018928319e-02 
  2.971833386e-02 
  2.870779485e-02 
  2.832885273e-02 
  2.735014819e-02 
  2.708924375e-02 
  2.683299780e-02 
  2.665353753e-02 
  2.543342859e-02 
  2.563087270e-02 
  2.454452030e-02 
  2.414490655e-02 
  2.372484095e-02 
  2.394100092e-02 
  2.491190284e-02 
  2.630499192e-02 
  2.647134662e-02 
  2.694168128e-02 
  2.691062354e-02 
  2.660146542e-02 
  2.584017441e-02 
  2.567753941e-02 
  2.596607246e-02 
  2.592940442e-02 
  2.664920129e-02 
  2.616307698e-02 
  2.632887289e-02 
  2.669382654e-02 
  2.656859532e-02 
  2.740437165e-02 
  2.394639514e-02 
  2.856342122e-02 
  2.957872674e-02 
  3.034722991e-02 
  2.966751158e-02 
  3.058730066e-02 
  3.043458425e-02 
  3.049992025e-02 
  3.012898564e-02 
  3.078812174e-02 
  3.154185042e-02 
  3.143124282e-02 
  3.224060312e-02 
  3.200608864e-02 
  3.148654476e-02 
  2.808673494e-02 
  2.929645963e-02 
  2.947930247e-02 
  2.980915271e-02 
  3.142087162e-02 
  3.102002107e-02 
  3.125502169e-02 
  3.171982616e-02 
  3.191139176e-02 
  3.131652623e-02 
  3.121883795e-02 
  3.071059287e-02 
  3.132831305e-02 
  3.098882362e-02 
  3.081314079e-02 
  3.147853538e-02 
  3.114211746e-02 
  3.152560443e-02 
  3.098873608e-02 
  3.072861768e-02 
  3.143217787e-02 
  3.107043914e-02 
  3.023838252e-02 
  3.101518005e-02 
  3.065114655e-02 
  3.083012998e-02 
  3.065143712e-02 
  2.864419669e-02 
  3.055034764e-02 
  3.030095063e-02 
  3.008399718e-02 
  2.956345491e-02 
  2.962017991e-02 
  2.993843146e-02 
  2.999291942e-02 
  2.912790142e-02 
  2.968304791e-02 
  2.853951231e-02 
  2.907337807e-02 
  2.917001583e-02 
  2.903064527e-02 
  2.935034782e-02 
  2.940962277e-02 
  2.936036885e-02 
  2.901837789e-02 
  2.809874341e-02 
  2.874389291e-02 
  2.851378918e-02 
  2.829290926e-02 
  2.870454267e-02 
  2.848768793e-02 
  2.736600675e-02 
  2.775238641e-02 
  2.715076506e-02 
  2.796722390e-02 
  2.767598070e-02 
  2.760400809e-02 
  2.705710940e-02 
  2.761515044e-02 
  2.753260918e-02 
  2.702871710e-02 
  2.638327889e-02 
  2.666757628e-02 
  2.609500103e-02 
  2.590757050e-02 
  2.514173090e-02 
  2.499631420e-02 
  2.417152375e-02 
  2.475575171e-02 
  2.465135977e-02 
  2.422991954e-02 
  2.429510467e-02 
  2.253458649e-02 
  2.414782159e-02 
  2.176510915e-02 
  2.377944812e-02 
  2.389078215e-02 
  2.438283339e-02 
  2.415968850e-02 
  2.369237505e-02 
  2.400104702e-02 
  2.379603684e-02 
  2.449240163e-02 
  2.412352525e-02 
  2.384150401e-02 
  2.343226783e-02 
  2.139820345e-02 
  2.299564704e-02 
  2.242499776e-02 
  2.354609407e-02 
  2.397790179e-02 
  2.370869555e-02 
  2.371995337e-02 
  2.216345631e-02 
  2.287035435e-02 
  2.304573543e-02 
  2.200330049e-02 
  2.215026319e-02 
  2.116452157e-02 
  2.160436660e-02 
  2.143074945e-02 
  2.172045968e-02 
  2.134564891e-02 
  2.123595215e-02 
  2.125012875e-02 
  2.142379060e-02 
  2.128811181e-02 
  1.993533969e-02 
  2.054996230e-02 
  2.079717256e-02 
  2.130630240e-02 
  2.104458772e-02 
  2.141575143e-02 
  2.008363232e-02 
  2.068491094e-02 
  2.127632312e-02 
  2.121781185e-02 
  2.068650909e-02 
  2.036248334e-02 
  2.082321048e-02 
  2.121729776e-02 
  2.132580802e-02 
  2.077084035e-02 
  2.094782144e-02 
  2.087290771e-02 
  2.097672038e-02 
  2.090993524e-02 
  2.027239837e-02 
  2.053862624e-02 
  2.046799473e-02 
  2.014319599e-02 
  1.959153824e-02 
  2.006729692e-02 
  1.993903890e-02 
  1.895790361e-02 
  1.877338998e-02 
  1.848606952e-02 
  1.851835661e-02 
  1.833602227e-02 
  1.826807857e-02 
  1.868692972e-02 
  1.835164428e-02 
  1.833923534e-02 
  1.851420105e-02 
  1.864080876e-02 
  1.851102151e-02 
  1.804324053e-02 
  1.845547371e-02 
  1.800581813e-02 
  1.832997799e-02 
  1.810915209e-02 
  1.826772653e-02 
  1.788986102e-02 
  1.821374893e-02 
  1.803753525e-02 
  1.811431721e-02 
  1.774595492e-02 
  1.790514216e-02 
  1.793084107e-02 
  1.774368621e-02 
  1.757143252e-02 
  1.743407175e-02 
  1.721527986e-02 
  1.710308343e-02 
  1.725211367e-02 
  1.691898890e-02 
  1.692746021e-02 
  1.726662740e-02 
  1.711637713e-02 
  1.626714505e-02 
  1.668951474e-02 
  1.672636159e-02 
  1.653105579e-02 
  1.622546650e-02 
  1.626818627e-02 
  1.631484926e-02 
  1.605322771e-02 
  1.546550635e-02 
  1.489501912e-02 
  1.528828032e-02 
  1.562668942e-02 
  1.587785035e-02 
  1.588446833e-02 
  1.565628685e-02 
  1.568939164e-02 
  1.566037163e-02 
  1.543510240e-02 
  1.538427733e-02 
  1.554639451e-02 
  1.553782448e-02 
  1.544628479e-02 
  1.538825408e-02 
  1.535654906e-02 
  1.523023378e-02 
  1.510019600e-02 
  1.515595615e-02 
  1.502286736e-02 
  1.479945332e-02 
  1.479089819e-02 
  1.470724586e-02 
  1.437343936e-02 
  1.459627785e-02 
  1.462788507e-02 
  1.441007014e-02 
  1.433980092e-02 
  1.390985027e-02 
  1.413080189e-02 
  1.425119676e-02 
  1.313755196e-02 
  1.402103808e-02 
  1.405727677e-02 
  1.402607746e-02 
  1.400224771e-02 
  1.389681548e-02 
  1.373457909e-02 
  1.362950727e-02 
  1.371110976e-02 
  1.336437371e-02 
  1.313759666e-02 
  1.332698762e-02 
  1.262710802e-02 
  1.278735232e-02 
  1.294166781e-02 
  1.304767467e-02 
  1.295427140e-02 
  1.264089346e-02 
  1.287019905e-02 
  1.286524534e-02 
  1.265033055e-02 
  1.247666124e-02 
  1.165483706e-02 
  1.185248140e-02 
  1.189449895e-02 
  1.129136980e-02 
  1.111405157e-02 
  1.163039822e-02 
  1.178383920e-02 
  1.179646514e-02 
  1.149652433e-02 
  1.183071267e-02 
  1.160807628e-02 
  1.174206939e-02 
  1.137316506e-02 
  1.142794732e-02 
  1.112073939e-02 
  1.150593814e-02 
  1.139034145e-02 
  1.133777294e-02 
  1.112905983e-02 
  1.118407119e-02 
  1.118754130e-02 
  1.116565894e-02 
  1.096567698e-02 
  1.105834451e-02 
  1.104100980e-02 
  1.093127672e-02 
  1.095115487e-02 
  1.084767561e-02 
  1.062190626e-02 
  1.033477392e-02 
  1.041850727e-02 
  1.017551031e-02 
  1.032950636e-02 
  1.024839561e-02 
  1.022421755e-02 
  1.005496085e-02 
  1.010402665e-02 
  9.916692041e-03 
  9.911566041e-03 
  9.881932288e-03 
  9.861249477e-03 
  9.609987028e-03 
  9.327787906e-03 
  9.282886982e-03 
  9.001584724e-03 
  8.835950866e-03 
  8.904704824e-03 
  8.823048323e-03 
  8.792073466e-03 
  8.656705730e-03 
  8.496667258e-03 
  8.484687656e-03 
  8.427117020e-03 
  8.472820744e-03 
  8.521924727e-03 
  8.472466841e-03 
  8.211052977e-03 
  8.130000904e-03 
  7.910219952e-03 
  7.774359081e-03 
  7.509409450e-03 
  7.237863261e-03 
  7.281363476e-03 
  7.016303949e-03 
  6.731980015e-03 
  6.740732118e-03 
  6.403575186e-03 
  6.355843972e-03 
  5.955256987e-03 
  5.747246090e-03 
  5.708093755e-03 
  5.767416675e-03 
  5.729676224e-03 
  5.564324092e-03 
  5.469003227e-03 
  5.394325126e-03 
  5.232103169e-03 
  5.006170366e-03 
  4.987373948e-03 
  4.793748260e-03 
  4.792821128e-03 
  4.646773916e-03 
  4.377539270e-03 
  4.307375755e-03 
  4.081169143e-03 
  3.797806101e-03 
  3.960874397e-03 
  4.009811673e-03 
  4.029237200e-03 
  3.965177108e-03 
  3.894598689e-03 
  3.986532800e-03 
  3.761664731e-03 
  3.771945601e-03 
  3.640598152e-03 
  3.598396666e-03 
  3.322085366e-03 
  3.276725998e-03 
  3.260131460e-03 
  3.174640238e-03 
  3.051077016e-03 
  3.035698086e-03 
  2.851144411e-03 
  2.848915523e-03 
  2.792945364e-03 
  2.694567200e-03 
  2.803486539e-03 
  2.817458240e-03 
  2.870575758e-03 
  2.897097496e-03 
  2.796004061e-03 
  2.944491105e-03 
  2.925161039e-03 
  2.892754273e-03 
  2.677558688e-03 
  2.749967854e-03 
  2.786278259e-03 
  2.801506780e-03 
  2.779370639e-03 
  2.755615627e-03 
  2.686643275e-03 
  2.726317383e-03 
  2.724573715e-03 
  2.625606023e-03 
  2.724670805e-03 
  2.761546755e-03 
  2.813666360e-03 
  2.772705397e-03 
  2.903875895e-03 
  2.873718506e-03 
  2.881915774e-03 
  2.844814910e-03 
  2.848464996e-03 
  2.666744636e-03 
  2.615601290e-03 
  2.418495249e-03 
  2.469629981e-03 
  2.283205278e-03 
  2.181282034e-03 
  2.157580806e-03 
  2.161803655e-03 
  2.152630594e-03 
  2.102523111e-03 
  1.949703321e-03 
  2.448133193e-03 
  2.639614046e-03 
  2.688952954e-03 
  2.703972394e-03 
  2.778710099e-03 
  2.825331176e-03 
  2.842851216e-03 
  2.849615645e-03 
  2.826756798e-03 
  2.727267565e-03 
  2.854799386e-03 
  2.808875404e-03 
  2.755626338e-03 
  2.645711880e-03 
  2.728987020e-03 
  2.638956532e-03 
  2.525164513e-03 
  2.620591782e-03 
  2.550758189e-03 
  2.442092635e-03 
  2.424903447e-03 
  2.374524018e-03 
  2.331183059e-03 
  2.299187938e-03 
  2.313009463e-03 
  2.273270860e-03 
  2.284177113e-03 
  2.257995307e-03 
  2.342109801e-03 
  2.345863730e-03 
  2.407212975e-03 
  2.356529469e-03 
  2.396159805e-03 
  2.393601928e-03 
  2.383991145e-03 
  2.308604075e-03 
  2.420063596e-03 
  2.472952474e-03 
  2.450935543e-03 
  2.539523644e-03 
  2.546933480e-03 
  2.602431690e-03 
  2.585472073e-03 
  2.563714748e-03 
  2.660639351e-03 
  2.705662977e-03 
  2.669841284e-03 
  2.716406481e-03 
  2.697616816e-03 
  2.706306754e-03 
  2.709477674e-03 
  2.676213160e-03 
  2.621853258e-03 
  2.719824202e-03 
  2.719471930e-03 
  2.797057852e-03 
  2.744245343e-03 
  2.848735312e-03 
  2.863861620e-03 
  2.896428108e-03 
  2.891009906e-03 
  2.939136932e-03 
  2.802132396e-03 
  2.891342854e-03 
  2.913067816e-03 
  2.930098912e-03 
  2.837966662e-03 
  2.701947233e-03 
  2.533218358e-03 
  2.691483591e-03 
  2.853261773e-03 
  2.868505660e-03 
  2.897074679e-03 
  2.778412541e-03 
  2.692108508e-03 
  2.670823596e-03 
  2.736397553e-03 
  2.676972887e-03 
  2.667970723e-03 
  2.612140728e-03 
  2.679126803e-03 
  2.686039777e-03 
  2.792486455e-03 
  2.765682759e-03 
  2.906833775e-03 
  2.843115246e-03 
  2.940079430e-03 
  2.937386744e-03 
  3.183265682e-03 
  3.099079942e-03 
  3.323585493e-03 
  3.326799022e-03 
  3.479658393e-03 
  3.503122600e-03 
  3.647276200e-03 
  3.612025641e-03 
  3.575079376e-03 
  3.665606026e-03 
  3.851864487e-03 
  3.847411368e-03 
  3.923252225e-03 
  3.715859959e-03 
  3.994971979e-03 
  3.862278303e-03 
  3.982979339e-03 
  4.010128789e-03 
  4.043492489e-03 
  3.991880920e-03 
  4.004755523e-03 
  3.916744608e-03 
  3.930449951e-03 
  4.029826727e-03 
  3.999909852e-03 
  3.980413545e-03 
  3.930334002e-03 
  3.867942374e-03 
  3.683616174e-03 
  3.705882700e-03 
  3.539071884e-03 
  3.531259252e-03 
  3.090294544e-03 
  3.025697777e-03 
  2.603306668e-03 
  2.599297324e-03 
  2.187700709e-03 
  2.186869504e-03 
  1.951743150e-03 
  1.946380129e-03 
  1.960727619e-03 
  1.906037447e-03 
  2.027210081e-03 
  2.021758584e-03 
  2.077655867e-03 
  2.077359473e-03 
  2.096486744e-03 
  2.089896007e-03 
  2.125814091e-03 
  2.100809477e-03 
  2.187548671e-03 
  2.179720439e-03 
  2.326018177e-03 
  2.326917835e-03 
  2.553944010e-03 
  2.529824618e-03 
  2.668863861e-03 
  2.757486422e-03 
  2.998029348e-03 
  2.994908718e-03 
  3.145521507e-03 
  3.167820396e-03 
  3.280461999e-03 
  3.285453888e-03 
  3.313642461e-03 
  3.268480999e-03 
  3.344888333e-03 
  3.394064959e-03 
  3.441336565e-03 
  3.431901336e-03 
  3.330552252e-03 
  3.401994007e-03 
  3.425073577e-03 
  3.235008335e-03 
  3.339405637e-03 
  3.359967377e-03 
  3.324027173e-03 
  3.286676016e-03 
  3.245676635e-03 
  3.238780424e-03 
  3.128558863e-03 
  3.120344365e-03 
  3.097397042e-03 
  2.932747360e-03 
  2.943075961e-03 
  2.759825671e-03 
  2.739214804e-03 
  2.621591091e-03 
  2.579679014e-03 
  2.574086655e-03 
  2.588612726e-03 
  2.616458340e-03 
  2.601325512e-03 
  2.648264403e-03 
  2.644063439e-03 
  2.648177790e-03 
  2.573081758e-03 
  2.642813139e-03 
  2.627910115e-03 
  2.466035308e-03 
  2.605570247e-03 
  2.603737172e-03 
  2.612655750e-03 
  2.585530514e-03 
  2.636530204e-03 
  2.543205163e-03 
  2.706535161e-03 
  2.670384245e-03 
  2.798955189e-03 
  2.789390506e-03 
  2.861888614e-03 
  2.853144193e-03 
  2.901407192e-03 
  2.895173151e-03 
  2.841548063e-03 
  2.901493339e-03 
  2.867727075e-03 
  2.905809553e-03 
  2.849605633e-03 
  2.868746174e-03 
  2.887125826e-03 
  2.908392344e-03 
  2.901435597e-03 
  2.918777056e-03 
  2.917322097e-03 
  2.923096763e-03 
  2.895710757e-03 
  2.779902890e-03 
  2.878673142e-03 
  2.900237916e-03 
  2.805894008e-03 
  2.884859452e-03 
  2.872693585e-03 
  2.863310976e-03 
  2.869442804e-03 
  2.871602308e-03 
  2.864912385e-03 
  2.879000967e-03 
  2.829708159e-03 
  2.868507989e-03 
  2.860664623e-03 
  2.866534283e-03 
  2.852536505e-03 
  2.844669856e-03 
  2.824740484e-03 
  2.753708046e-03 
  2.812516876e-03 
  2.800185233e-03 
  2.780709183e-03 
  2.784114098e-03 
  2.777084475e-03 
  2.752902685e-03 
  2.682522405e-03 
  2.739406656e-03 
  2.753703855e-03 
  2.682724735e-03 
  2.736666705e-03 
  2.707985695e-03 
  2.704699524e-03 
  2.659480553e-03 
  2.711832523e-03 
  2.721960656e-03 
  2.669564681e-03 
  2.721374156e-03 
  2.710154513e-03 
  2.695759526e-03 
  2.706932835e-03 
  2.697033808e-03 
  2.690619556e-03 
  2.677485812e-03 
  2.675952623e-03 
  2.573448932e-03 
  2.656245371e-03 
  2.650727984e-03 
  2.632527845e-03 
  2.624131273e-03 
  2.621669322e-03 
  2.600545995e-03 
  2.582721645e-03 
  2.562860493e-03 
  2.532612067e-03 
  2.485695528e-03 
  2.506273100e-03 
  2.502714982e-03 
  2.465447411e-03 
  2.457885537e-03 
  2.432282083e-03 
  2.421822632e-03 
  2.394724637e-03 
  2.395948162e-03 
  2.390532056e-03 
  2.388529247e-03 
  2.378030913e-03 
  2.370335627e-03 
  2.355000470e-03 
  2.343123779e-03 
  2.336463891e-03 
  2.300891560e-03 
  2.298776293e-03 
  2.262396971e-03 
  2.183316741e-03 
  1.957585802e-03 
  2.138383221e-03 
  2.201997675e-03 
  2.256349893e-03 
  2.250493038e-03 
  2.265929943e-03 
  2.253324958e-03 
  2.257284941e-03 
  2.244613832e-03 
  2.243221505e-03 
  2.225369448e-03 
  2.200532705e-03 
  2.212509979e-03 
  2.123429673e-03 
  2.205095952e-03 
  2.197575988e-03 
  2.173110843e-03 
  2.115670824e-03 
  2.163639292e-03 
  2.165154554e-03 
  2.164338948e-03 
  2.157523762e-03 
  2.099227859e-03 
  2.084070118e-03 
  2.105496591e-03 
  2.125159837e-03 
  2.115494804e-03 
  2.085852204e-03 
  2.076619538e-03 
  2.066675108e-03 
  2.036376856e-03 
  2.024690155e-03 
  2.005888382e-03 
  1.999377040e-03 
  1.988330390e-03 
  1.987066353e-03 
  1.980266999e-03 
  2.001112560e-03 
  1.997850137e-03 
  1.988526899e-03 
  1.938647009e-03 
  1.910489518e-03 
  2.006683964e-03 
  1.961651957e-03 
  2.022409812e-03 
  2.016962506e-03 
  2.006860217e-03 
  2.003221540e-03 
  1.991583733e-03 
  1.987382537e-03 
  1.967132324e-03 
  1.935151056e-03 
  1.954720821e-03 
  1.957432833e-03 
  1.947025070e-03 
  1.940160873e-03 
  1.928973012e-03 
  1.923811622e-03 
  1.915602130e-03 
  1.901915995e-03 
  1.865708153e-03 
  1.867666375e-03 
  1.862301957e-03 
  1.875660149e-03 
  1.851191046e-03 
  1.850684755e-03 
  1.847273321e-03 
  1.837931923e-03 
  1.831212547e-03 
  1.817451557e-03 
  1.806879765e-03 
  1.804479631e-03 
  1.780127990e-03 
  1.739645959e-03 
  1.757636433e-03 
  1.771807089e-03 
  1.764821121e-03 
  1.731876051e-03 
  1.741918386e-03 
  1.738744671e-03 
  1.731925877e-03 
  1.727273804e-03 
  1.676687622e-03 
  1.708552125e-03 
  1.690155128e-03 
  1.685165567e-03 
  1.684900722e-03 
  1.657240558e-03 
  1.612963388e-03 
  1.644302276e-03 
  1.628991566e-03 
  1.626057317e-03 
  1.621939358e-03 
  1.620888244e-03 
  1.605921541e-03 
  1.595224836e-03 
  1.595449168e-03 
  1.536515658e-03 
  1.590225962e-03 
  1.578024356e-03 
  1.555516501e-03 
  1.566518913e-03 
  1.564569771e-03 
  1.558218151e-03 
  1.550858957e-03 
  1.534914714e-03 
  1.546379179e-03 
  1.541781588e-03 
  1.534480951e-03 
  1.509053283e-03 
  1.525549917e-03 
  1.523142681e-03 
  1.519926358e-03 
  1.512553659e-03 
  1.505335793e-03 
  1.428744406e-03 
  1.472611795e-03 
  1.474388177e-03 
  1.469053677e-03 
  1.461186563e-03 
  1.456222381e-03 
  1.456598984e-03 
  1.449004747e-03 
  1.431963407e-03 
  1.429410884e-03 
  1.406681724e-03 
  1.411160221e-03 
  1.405917341e-03 
  1.327513834e-03 
  1.360302675e-03 
  1.352565363e-03 
  1.326283906e-03 
  1.353351981e-03 
  1.355206827e-03 
  1.349239843e-03 
  1.345869154e-03 
  1.360307331e-03 
  1.353912987e-03 
  1.347106532e-03 
  1.361823292e-03 
  1.360889408e-03 
  1.361404429e-03 
  1.358825015e-03 
  1.347798621e-03 
  1.338321716e-03 
  1.340190065e-03 
  1.331608859e-03 
  1.314517809e-03 
  1.304590609e-03 
  1.255717711e-03 
  1.271897228e-03 
  1.257351832e-03 
  1.279336051e-03 
  1.272005262e-03 
  1.250464004e-03 
  1.255928306e-03 
  1.252783812e-03 
  1.193349599e-03 
  1.224372070e-03 
  1.232242212e-03 
  1.218428952e-03 
  1.239429461e-03 
  1.245585852e-03 
  1.232975512e-03 
  1.228737296e-03 
  1.221066341e-03 
  1.209073584e-03 
  1.206160523e-03 
  1.181727974e-03 
  1.162943314e-03 
  1.169134513e-03 
  1.151377452e-03 
  1.143466099e-03 
  1.111969003e-03 
  1.125521259e-03 
  1.124951290e-03 
  1.111850142e-03 
  1.104709459e-03 
  1.099609653e-03 
  1.089365571e-03 
  1.090102829e-03 
  1.081891241e-03 
  1.078925561e-03 
  1.082241652e-03 
  1.073549502e-03 
  1.078708330e-03 
  1.060139621e-03 
  1.027860329e-03 
  1.052793581e-03 
  1.062989119e-03 
  1.073736115e-03 
  1.063236967e-03 
  1.061702962e-03 
  1.079386217e-03 
  1.078484464e-03 
  1.068762271e-03 
  1.055090572e-03 
  1.051821397e-03 
  1.052826992e-03 
  1.026102575e-03 
  1.026477199e-03 
  9.973349515e-04 
  9.906539926e-04 
  9.795139777e-04 
  9.583242354e-04 
  9.678007336e-04 
  9.664740064e-04 
  9.679447976e-04 
  9.191358695e-04 
  9.481283487e-04 
  9.671093430e-04 
  9.623727528e-04 
  9.579175967e-04 
  9.695213521e-04 
  9.647483821e-04 
  9.599933983e-04 
  9.607017855e-04 
  9.130758699e-04 
  9.112725966e-04 
  9.167803801e-04 
  9.219514905e-04 
  9.118893649e-04 
  9.347815649e-04 
  9.298503865e-04 
  9.411335923e-04 
  9.379268740e-04 
  9.337904630e-04 
  9.285295382e-04 
  9.390189662e-04 
  9.291676688e-04 
  9.289727896e-04 
  9.317593067e-04 
  9.237077902e-04 
  9.235027828e-04 
  9.133463027e-04 
  9.091076208e-04 
  9.122090996e-04 
  9.040273144e-04 
  8.887483273e-04 
  8.931219345e-04 
  8.786771796e-04 
  8.688028902e-04 
  8.688746602e-04 
  8.646386559e-04 
  8.498381940e-04 
  8.492220077e-04 
  8.467529551e-04 
  8.336692699e-04 
  8.033142658e-04 
  8.003698313e-04 
  7.730416255e-04 
  8.065858856e-04 
  8.122606087e-04 
  8.362639346e-04 
  8.259468013e-04 
  8.293207502e-04 
  8.405791596e-04 
  8.332870784e-04 
  8.343833615e-04 
  8.311342681e-04 
  8.402353851e-04 
  8.297062595e-04 
  8.276614244e-04 
  8.318726905e-04 
  8.255271241e-04 
  8.142396109e-04 
  8.179330034e-04 
  8.137985133e-04 
  7.861930644e-04 
  7.762935711e-04 
  7.966939593e-04 
  7.901435602e-04 
  7.699080161e-04 
  7.883799844e-04 
  7.731145015e-04 
  7.628770545e-04 
  7.663174765e-04 
  7.417964516e-04 
  7.368874503e-04 
  7.207950694e-04 
  6.988402456e-04 
  6.992917042e-04 
  6.907730713e-04 
  6.896507693e-04 
  6.933395052e-04 
  6.874228711e-04 
  6.859761779e-04 
  6.955233403e-04 
  7.139947265e-04 
  7.054855814e-04 
  7.031023852e-04 
  6.767957821e-04 
  7.113621105e-04 
  7.151043392e-04 
  7.095437031e-04 
  6.972983247e-04 
  6.979765021e-04 
  6.913455436e-04 
  6.809715996e-04 
  6.745206192e-04 
  6.681625964e-04 
  6.514815614e-04 
  6.503604236e-04 
  6.440959405e-04 
  5.918474635e-04 
  6.160966586e-04 
  6.126400549e-04 
  6.017399137e-04 
  5.900535034e-04 
  5.997115513e-04 
  5.691015976e-04 
  5.764929811e-04 
  5.727583775e-04 
  5.273126881e-04 
  5.340827047e-04 
  5.238903104e-04 
  5.063806893e-04 
  4.914866295e-04 
  5.136152613e-04 
  4.932955489e-04 
  4.894803860e-04 
  4.620183608e-04 
  4.816851579e-04 
  4.805226345e-04 
  4.821996554e-04 
  4.796312423e-04 
  4.807636724e-04 
  4.723361344e-04 
  4.816729343e-04 
  4.755768750e-04 
  4.717703850e-04 
  4.811243271e-04 
  4.770197847e-04 
  4.784355115e-04 
  4.719089193e-04 
