  3.435862064e-02 
  1.125114784e-01 
  1.427200139e-01 
  4.616132379e-01 
  5.723931193e-01 
  1.263727188e+00 
  1.527904749e+00 
  2.563083410e+00 
  3.545449495e+00 
  4.052618980e+00 
  5.146495819e+00 
  1.035834503e+01 
  9.475027084e+00 
  1.275907421e+01 
  1.327214146e+01 
  1.708725357e+01 
  1.354086876e+01 
  2.019783592e+01 
  1.999965858e+01 
  2.409219933e+01 
  2.158277893e+01 
  2.971703148e+01 
  2.452616882e+01 
  2.253928375e+01 
  2.938680077e+01 
  3.093318939e+01 
  4.488720703e+01 
  4.532854080e+01 
  3.565699768e+01 
  4.485504913e+01 
  4.671411896e+01 
  3.663496399e+01 
  4.151765442e+01 
  4.690079880e+01 
  3.842257690e+01 
  4.199549866e+01 
  3.152285194e+01 
  2.962202072e+01 
  3.616871262e+01 
  3.645322418e+01 
  4.037802124e+01 
  3.413170624e+01 
  3.568537521e+01 
  3.556047440e+01 
  3.178153610e+01 
  4.085934448e+01 
  4.511216736e+01 
  4.264551926e+01 
  3.988759232e+01 
  4.347802734e+01 
  4.414347076e+01 
  4.162289047e+01 
  4.232041931e+01 
  3.837988281e+01 
  4.399876022e+01 
  4.427011871e+01 
  4.155494308e+01 
  2.635930252e+01 
  2.843359375e+01 
  2.839641953e+01 
  4.181425095e+01 
  3.293708038e+01 
  3.590485001e+01 
  3.793920898e+01 
  3.760696411e+01 
  3.496184921e+01 
  4.764962769e+01 
  4.232851028e+01 
  3.962688065e+01 
  3.783763885e+01 
  4.319696808e+01 
  3.424427032e+01 
  3.577771759e+01 
  3.538391876e+01 
  2.719013977e+01 
  2.470694923e+01 
  3.505241013e+01 
  3.555822754e+01 
  4.557498932e+01 
  3.476510620e+01 
  3.226781845e+01 
  3.590375137e+01 
  2.658914948e+01 
  1.835798073e+01 
  2.000278473e+01 
  2.979041290e+01 
  2.287910652e+01 
  2.597616768e+01 
  2.544286537e+01 
  2.866003990e+01 
  3.434658051e+01 
  3.797549057e+01 
  3.335279846e+01 
  1.767050743e+01 
  1.932379532e+01 
  3.205487061e+01 
  3.260388565e+01 
  1.311274719e+01 
  3.625371552e+01 
  4.295588303e+01 
  4.170290375e+01 
  4.093074417e+01 
  4.283530426e+01 
  3.961796951e+01 
  4.204297638e+01 
  3.807574844e+01 
  3.731900787e+01 
  3.589618301e+01 
  3.840737534e+01 
  4.198794174e+01 
  3.467177200e+01 
  4.021461105e+01 
  4.115793991e+01 
  3.840433121e+01 
  3.722675705e+01 
  3.922230911e+01 
  3.851189804e+01 
  3.688916779e+01 
  3.565058517e+01 
  3.608507919e+01 
  3.017666435e+01 
  3.735599136e+01 
  3.536805725e+01 
  2.951564407e+01 
  3.208108521e+01 
  3.283311462e+01 
  3.118976021e+01 
  2.964874840e+01 
  2.966994476e+01 
  2.667714310e+01 
  2.103969574e+01 
  1.869679451e+01 
  3.326483154e+01 
  2.926886749e+01 
  2.749902344e+01 
  2.957555771e+01 
  3.242047119e+01 
  3.236088562e+01 
  2.865986633e+01 
  2.742012405e+01 
  3.038629913e+01 
  2.994774437e+01 
  3.118800735e+01 
  3.104633141e+01 
  3.050171280e+01 
  3.172850227e+01 
  2.793046379e+01 
  3.150581169e+01 
  3.168278122e+01 
  3.155397606e+01 
  3.189450264e+01 
  3.409732437e+01 
  3.135595703e+01 
  2.879371071e+01 
  3.036900139e+01 
  3.025223541e+01 
  3.065012932e+01 
  3.048980522e+01 
  2.963192177e+01 
  2.931088257e+01 
  2.874556923e+01 
  2.947077179e+01 
  2.868305397e+01 
  2.838690758e+01 
  2.818939018e+01 
  2.749446487e+01 
  2.807646751e+01 
  2.680984306e+01 
  2.808592796e+01 
  2.754585075e+01 
  2.687902451e+01 
  2.654572868e+01 
  2.658285332e+01 
  2.600818634e+01 
  2.593203926e+01 
  2.668155289e+01 
  2.557066345e+01 
  2.505505562e+01 
  2.602172470e+01 
  2.459338570e+01 
  2.483135223e+01 
  2.443595314e+01 
  2.470135880e+01 
  2.448141861e+01 
  2.330415154e+01 
  2.323998070e+01 
  1.865638733e+01 
  2.076414871e+01 
  2.232572937e+01 
  2.055193901e+01 
  2.317055893e+01 
  2.146807098e+01 
  2.042621803e+01 
  2.178240776e+01 
  2.083612061e+01 
  2.205558777e+01 
  2.126338577e+01 
  2.041853142e+01 
  1.973570633e+01 
  1.949060631e+01 
  1.921078491e+01 
  1.859243965e+01 
  1.828666687e+01 
  1.918442345e+01 
  1.767239189e+01 
  1.887297630e+01 
  2.001480675e+01 
  1.844867706e+01 
  1.752804184e+01 
  1.872590446e+01 
  1.797637749e+01 
  1.781417656e+01 
  1.852288437e+01 
  1.679523659e+01 
  1.629048538e+01 
  1.647726631e+01 
  1.714514351e+01 
  1.250905228e+01 
  1.533941269e+01 
  1.439462280e+01 
  1.569798279e+01 
  1.555800152e+01 
  1.602167130e+01 
  1.478323269e+01 
  1.588721371e+01 
  1.561098480e+01 
  1.473737621e+01 
  1.275165653e+01 
  1.516913319e+01 
  1.545189476e+01 
  1.446272182e+01 
  1.559436893e+01 
  1.473795986e+01 
  1.282802868e+01 
  1.382504177e+01 
  1.398043060e+01 
  1.470338345e+01 
  1.352054024e+01 
  1.402803898e+01 
  1.385829353e+01 
  1.344266510e+01 
  1.221840477e+01 
  1.351024055e+01 
  1.281020546e+01 
  1.339314747e+01 
  1.307779312e+01 
  1.267497063e+01 
  1.309814262e+01 
  1.204727173e+01 
  1.256886387e+01 
  1.218710899e+01 
  1.200777912e+01 
  1.241926670e+01 
  1.183178616e+01 
  1.211529446e+01 
  1.204723454e+01 
  1.161666679e+01 
  1.117685604e+01 
  1.150374508e+01 
  1.078211117e+01 
  1.073826122e+01 
  1.170227051e+01 
  1.064958572e+01 
  1.104788113e+01 
  1.080000687e+01 
  1.083403778e+01 
  9.903770447e+00 
  1.052790070e+01 
  1.039373589e+01 
  1.008350849e+01 
  1.005256081e+01 
  9.623729706e+00 
  1.007450199e+01 
  1.008857059e+01 
  9.952430725e+00 
  9.629511833e+00 
  9.383479118e+00 
  9.707916260e+00 
  9.366485596e+00 
  9.240848541e+00 
  9.508323669e+00 
  9.293288231e+00 
  9.382256508e+00 
  9.392092705e+00 
  9.304649353e+00 
  9.185474396e+00 
  8.734188080e+00 
  9.005437851e+00 
  8.840615273e+00 
  7.767143726e+00 
  8.052750587e+00 
  8.506608009e+00 
  8.280007362e+00 
  8.321759224e+00 
  8.335398674e+00 
  8.109913826e+00 
  8.261186600e+00 
  8.218072891e+00 
  7.994045258e+00 
  7.937332153e+00 
  7.885837555e+00 
  7.783651829e+00 
  7.642711163e+00 
  7.639625072e+00 
  7.834256172e+00 
  7.766324997e+00 
  7.627275467e+00 
  7.535984993e+00 
  7.460496426e+00 
  7.336713314e+00 
  7.173318863e+00 
  7.244047642e+00 
  7.104905128e+00 
  6.957137108e+00 
  6.663764000e+00 
  6.939067841e+00 
  6.556149006e+00 
  6.551437378e+00 
  6.816219807e+00 
  6.709608555e+00 
  6.764055729e+00 
  6.834840775e+00 
  6.430942059e+00 
  6.437132359e+00 
  6.400485992e+00 
  6.184701443e+00 
  6.171857357e+00 
  6.218973160e+00 
  6.016870499e+00 
  6.179584026e+00 
  5.938880444e+00 
  6.134177208e+00 
  5.685716629e+00 
  6.075174809e+00 
  5.869063377e+00 
  5.946294308e+00 
  5.709332466e+00 
  5.868917942e+00 
  5.933703423e+00 
  5.854258060e+00 
  5.642437935e+00 
  5.693258286e+00 
  5.595198154e+00 
  5.656688213e+00 
  5.560440063e+00 
  5.570845127e+00 
  5.321192741e+00 
  5.357629776e+00 
  5.312701702e+00 
  5.390367508e+00 
  4.975159645e+00 
  5.327512264e+00 
  5.185304165e+00 
  5.269124985e+00 
  5.168191910e+00 
  4.998397350e+00 
  4.219842434e+00 
  4.479153156e+00 
  4.964040279e+00 
  4.944449902e+00 
  4.956413746e+00 
  4.955563545e+00 
  5.000684261e+00 
  4.915212154e+00 
  4.810181141e+00 
  4.803740025e+00 
  4.834687233e+00 
  4.712244511e+00 
  4.713049889e+00 
  4.753779411e+00 
  4.670208454e+00 
  4.594641685e+00 
  4.553667545e+00 
  4.560246944e+00 
  4.543178558e+00 
  4.448437691e+00 
  4.506608486e+00 
  4.391655445e+00 
  4.438747883e+00 
  4.350718021e+00 
  4.291123867e+00 
  4.269855976e+00 
  4.236128807e+00 
  4.239135265e+00 
  4.137105465e+00 
  4.161201477e+00 
  3.944683075e+00 
  3.487917662e+00 
  3.588091612e+00 
  3.542555571e+00 
  3.602136135e+00 
  3.686494589e+00 
  3.703262568e+00 
  3.696858644e+00 
  3.693080187e+00 
  3.637607336e+00 
  3.676366091e+00 
  3.734641314e+00 
  3.628764629e+00 
  3.612361431e+00 
  3.559240818e+00 
  3.446705580e+00 
  3.419479609e+00 
  3.497271776e+00 
  3.489588261e+00 
  3.475131273e+00 
  3.422443151e+00 
  3.358626366e+00 
  3.444291115e+00 
  3.318747997e+00 
  3.358648777e+00 
  3.322954893e+00 
  3.272922516e+00 
  3.228176355e+00 
  3.259930372e+00 
  3.109359264e+00 
  3.152917385e+00 
  2.938493252e+00 
  2.840092897e+00 
  2.768306255e+00 
  2.738535404e+00 
  2.871498108e+00 
  2.955053091e+00 
  2.898266315e+00 
  2.809711695e+00 
  2.775790930e+00 
  2.751160622e+00 
  2.788277626e+00 
  2.712110996e+00 
  2.620646477e+00 
  2.696776867e+00 
  2.631014585e+00 
  2.720021963e+00 
  2.718045473e+00 
  2.786761999e+00 
  2.739188433e+00 
  2.655871630e+00 
  2.688793898e+00 
  2.684684992e+00 
  2.590935707e+00 
  2.618443251e+00 
  2.593501329e+00 
  2.540884018e+00 
  2.609008551e+00 
  2.624069214e+00 
  2.545449972e+00 
  2.569692135e+00 
  2.596021414e+00 
  2.536826611e+00 
  2.524803162e+00 
  2.473049402e+00 
  2.453539371e+00 
  2.480006456e+00 
  2.444050789e+00 
  2.469433069e+00 
  2.442240953e+00 
  2.381775618e+00 
  2.386283875e+00 
  2.365056992e+00 
  2.118584156e+00 
  1.024770975e+00 
  9.290245175e-01 
  1.466900826e+00 
  1.312217474e+00 
  1.400123596e+00 
  1.613761544e+00 
  1.772230864e+00 
  1.911834598e+00 
  2.067556858e+00 
  2.113363504e+00 
  2.127463341e+00 
  2.133938313e+00 
  2.118374348e+00 
  2.100408077e+00 
  2.113759518e+00 
  2.024754286e+00 
  2.097760439e+00 
  2.072340012e+00 
  2.050241947e+00 
  2.045927763e+00 
  2.009825230e+00 
  1.996585250e+00 
  2.009869814e+00 
  1.952469110e+00 
  1.952454448e+00 
  1.944457889e+00 
  1.896899581e+00 
  1.908821821e+00 
  1.866689801e+00 
  1.855246663e+00 
  1.825836778e+00 
  1.809289455e+00 
  1.773544908e+00 
  1.767612576e+00 
  1.751200914e+00 
  1.726026654e+00 
  1.729743123e+00 
  1.736276388e+00 
  1.738848209e+00 
  1.726091266e+00 
  1.665245771e+00 
  1.688376546e+00 
  1.675783873e+00 
  1.644407511e+00 
  1.654283047e+00 
  1.607430100e+00 
  1.646753669e+00 
  1.628790975e+00 
  1.608216643e+00 
  1.570127368e+00 
  1.552026510e+00 
  1.562526226e+00 
  1.540894032e+00 
  1.516563654e+00 
  1.493916273e+00 
  1.454940438e+00 
  1.415846705e+00 
  1.418215394e+00 
  1.403996468e+00 
  1.365468621e+00 
  1.353286743e+00 
  1.417765379e+00 
  1.351249576e+00 
  1.312420487e+00 
  1.368099809e+00 
  1.388779163e+00 
  1.385511637e+00 
  1.370367289e+00 
  1.342017055e+00 
  1.341283083e+00 
  1.320898652e+00 
  1.293054223e+00 
  1.313854575e+00 
  1.270868540e+00 
  1.288237214e+00 
  1.293538332e+00 
  1.299307346e+00 
  1.281983018e+00 
  1.284588337e+00 
  1.240896702e+00 
  1.268818378e+00 
  1.263465643e+00 
  1.251664996e+00 
  1.242200017e+00 
  1.218039393e+00 
  1.231648088e+00 
  1.236744523e+00 
  1.189641953e+00 
  1.217672586e+00 
  1.214245081e+00 
  1.044012189e+00 
  1.189295173e+00 
  1.138786435e+00 
  1.147969723e+00 
  9.184331894e-01 
  1.006856799e+00 
  1.137906432e+00 
  1.151202917e+00 
  1.127634525e+00 
  1.122987628e+00 
  1.108024001e+00 
  1.102662802e+00 
  1.094069958e+00 
  1.109718561e+00 
  1.102415681e+00 
  1.076885223e+00 
  8.990491033e-01 
  9.528345466e-01 
  1.028516531e+00 
  1.009349227e+00 
  1.045997143e+00 
  1.039644599e+00 
  1.030707717e+00 
  1.029873729e+00 
  1.002521753e+00 
  9.886363745e-01 
  9.920352101e-01 
  1.007054210e+00 
  9.848296046e-01 
  9.824754000e-01 
  9.720285535e-01 
  9.170457721e-01 
  9.630368352e-01 
  9.368622899e-01 
  9.405088425e-01 
  9.453537464e-01 
  9.095270038e-01 
  8.965356946e-01 
  9.190892577e-01 
  9.211963415e-01 
  9.136785865e-01 
  9.043341279e-01 
  8.947237134e-01 
  8.492476344e-01 
  8.696515560e-01 
  8.107078075e-01 
  8.236829638e-01 
  7.861743569e-01 
  7.771809101e-01 
  7.546319962e-01 
  7.349364161e-01 
  7.115097642e-01 
  6.961302757e-01 
  7.603629827e-01 
  7.872712016e-01 
  7.809621692e-01 
  7.448410392e-01 
  7.337157130e-01 
  6.980450153e-01 
  6.835580468e-01 
  6.904847622e-01 
  6.936847568e-01 
  6.881321073e-01 
  6.837953925e-01 
  6.848713756e-01 
  6.763502955e-01 
  6.834532022e-01 
  6.733733416e-01 
  6.715962887e-01 
  6.935024858e-01 
  6.965384483e-01 
  6.755816340e-01 
  6.663590074e-01 
  6.323639750e-01 
  6.483092904e-01 
  6.533207893e-01 
  6.267758608e-01 
  6.381179690e-01 
  6.256312132e-01 
  5.951697826e-01 
  5.674492121e-01 
  5.393314958e-01 
  5.003026724e-01 
  4.774482250e-01 
  4.496818483e-01 
  4.388456941e-01 
  4.419171214e-01 
  4.477845132e-01 
  4.647376835e-01 
  5.321376920e-01 
  5.373440981e-01 
  5.145004392e-01 
  4.730409086e-01 
  4.633763134e-01 
  4.464983344e-01 
  4.600253701e-01 
  4.649715722e-01 
  4.705615342e-01 
  4.775312841e-01 
  4.762933254e-01 
  4.727340639e-01 
  4.816327095e-01 
  4.651331902e-01 
  4.720662534e-01 
  4.764998555e-01 
  4.351318777e-01 
  4.604611695e-01 
  4.858070612e-01 
  4.912490249e-01 
  4.865508080e-01 
  4.786910415e-01 
  4.693764150e-01 
  4.718446732e-01 
  4.838417172e-01 
  4.784827232e-01 
  4.809682369e-01 
  4.659646749e-01 
  4.883916974e-01 
  4.987835884e-01 
  5.083256364e-01 
  5.080904961e-01 
  5.012741089e-01 
  5.002509356e-01 
  4.881349802e-01 
  4.723854959e-01 
  4.688409567e-01 
  4.774173498e-01 
  4.714097977e-01 
  4.804064333e-01 
  4.666784704e-01 
  4.799686372e-01 
  4.833319187e-01 
  4.783184528e-01 
  4.797154963e-01 
  4.794501364e-01 
  4.801145494e-01 
  4.779844582e-01 
  4.831164181e-01 
  4.755797386e-01 
  4.678500295e-01 
  4.702951312e-01 
  4.736114442e-01 
  4.677150846e-01 
  4.655296206e-01 
  4.673486948e-01 
  4.629578888e-01 
  4.609581232e-01 
  4.589987099e-01 
  4.547920823e-01 
  4.515432417e-01 
  4.463267624e-01 
  4.460137486e-01 
  4.416936040e-01 
  4.352055490e-01 
  4.308722615e-01 
  4.012663364e-01 
  4.207586050e-01 
  4.263497293e-01 
  4.249765873e-01 
  4.188189507e-01 
  4.195156097e-01 
  4.175457060e-01 
  4.167780578e-01 
  4.123753607e-01 
  4.136422276e-01 
  4.044190347e-01 
  4.055952728e-01 
  4.001579285e-01 
  4.034502506e-01 
  3.919612169e-01 
  3.898078203e-01 
  3.925995529e-01 
  3.846774101e-01 
  3.899146914e-01 
  3.860336244e-01 
  3.850817382e-01 
  3.845169842e-01 
  3.804552853e-01 
  3.800120950e-01 
  3.731602728e-01 
  3.758214712e-01 
  3.733394742e-01 
  3.707147837e-01 
  3.624998033e-01 
  3.649507761e-01 
  3.596709669e-01 
  3.628276289e-01 
  3.537542522e-01 
  3.558676243e-01 
  3.558693528e-01 
  3.502247930e-01 
  3.506532013e-01 
  3.502899706e-01 
  3.428792357e-01 
  3.448755443e-01 
  3.419655859e-01 
  3.306456506e-01 
  3.353087902e-01 
  3.371641934e-01 
  3.334961534e-01 
  3.301061690e-01 
  3.287630975e-01 
  3.258449137e-01 
  3.246455789e-01 
  3.199319839e-01 
  3.208937943e-01 
  3.186551630e-01 
  3.166345358e-01 
  3.117962778e-01 
  3.007611036e-01 
  3.103951514e-01 
  2.983133793e-01 
  3.051810861e-01 
  2.986808717e-01 
  3.011810482e-01 
  2.994727194e-01 
  2.891671956e-01 
  2.947787941e-01 
  2.924281657e-01 
  2.693997920e-01 
  2.845222056e-01 
  2.838684320e-01 
  2.835561931e-01 
  2.732555270e-01 
  2.819302082e-01 
  2.726152241e-01 
  2.773997188e-01 
  2.755433023e-01 
  2.750441432e-01 
  2.634211481e-01 
  2.693499327e-01 
  2.585105300e-01 
  2.612757981e-01 
  2.528756261e-01 
  2.610679865e-01 
  2.555129528e-01 
  2.582053542e-01 
  2.427842617e-01 
  2.566725910e-01 
  2.443664819e-01 
  2.484825253e-01 
  2.494945526e-01 
  2.420659512e-01 
  2.365664393e-01 
  2.138844877e-01 
  2.307704985e-01 
  2.290762663e-01 
  2.248646170e-01 
  2.169343382e-01 
  2.125795186e-01 
  2.156847566e-01 
  2.150242180e-01 
  2.050666958e-01 
  2.127706259e-01 
  2.097267359e-01 
  2.068494558e-01 
  2.025742978e-01 
  2.020004690e-01 
  2.008912861e-01 
  2.025148124e-01 
  2.024892867e-01 
  1.982468665e-01 
  1.912275851e-01 
  1.836598068e-01 
  1.831847429e-01 
  1.733705252e-01 
  1.662583202e-01 
  1.578886658e-01 
  1.475370377e-01 
  1.386940032e-01 
  1.334415674e-01 
  1.326811910e-01 
  1.264886856e-01 
  1.294017732e-01 
  1.310627311e-01 
  1.269189566e-01 
  1.236666217e-01 
  1.278217733e-01 
  1.258450001e-01 
  1.310680658e-01 
  1.424256414e-01 
  1.469205171e-01 
  1.419702768e-01 
  1.296783388e-01 
  1.135157123e-01 
  1.156667620e-01 
  1.302011460e-01 
  1.398524791e-01 
  1.425972581e-01 
  1.479629874e-01 
  1.462373286e-01 
  1.384617686e-01 
  1.405933797e-01 
  1.342068315e-01 
  1.291144788e-01 
  1.241495907e-01 
  1.262422949e-01 
  1.305720061e-01 
  1.326171905e-01 
  1.340919286e-01 
  1.331616640e-01 
  1.346077025e-01 
  1.350296885e-01 
  1.359941363e-01 
  1.357814968e-01 
  1.393335611e-01 
  1.405365914e-01 
  1.488721371e-01 
  1.516167074e-01 
  1.517041922e-01 
  1.503810138e-01 
  1.493424773e-01 
  1.563176960e-01 
  1.589953005e-01 
  1.558099538e-01 
  1.585245281e-01 
  1.544321775e-01 
  1.567548215e-01 
  1.574534327e-01 
  1.518395841e-01 
  1.557321250e-01 
  1.568347365e-01 
  1.552625149e-01 
  1.531470716e-01 
  1.527254432e-01 
  1.518004835e-01 
  1.489008367e-01 
  1.523479819e-01 
  1.480367184e-01 
  1.468814462e-01 
  1.479818523e-01 
  1.456482261e-01 
  1.442880929e-01 
  1.355348080e-01 
  1.417798847e-01 
  1.446661502e-01 
  1.428685784e-01 
  1.409484744e-01 
  1.394189596e-01 
  1.316860765e-01 
  1.400393844e-01 
  1.424783617e-01 
  1.422881782e-01 
  1.416324824e-01 
  1.407297552e-01 
  1.376691163e-01 
  1.372541636e-01 
  1.362786442e-01 
  1.311460733e-01 
  1.253055632e-01 
  1.331027299e-01 
  1.336558908e-01 
  1.333012581e-01 
  1.259168237e-01 
  1.276452541e-01 
  1.317542642e-01 
  1.313163042e-01 
  1.321072429e-01 
  1.295864731e-01 
  1.207676455e-01 
  1.282822192e-01 
  1.235395521e-01 
  1.271792203e-01 
  1.279253513e-01 
  1.268551946e-01 
  1.270930171e-01 
  1.271062046e-01 
  1.270800829e-01 
  1.263882667e-01 
  1.248270422e-01 
  1.253067851e-01 
  1.247953400e-01 
  1.237887293e-01 
  1.228600964e-01 
  1.239145845e-01 
  1.229382157e-01 
  1.231079176e-01 
  1.187763736e-01 
  1.223547086e-01 
  1.220118701e-01 
  1.214055866e-01 
  1.211089715e-01 
  1.193689033e-01 
  1.199274808e-01 
  1.193542928e-01 
  1.182159111e-01 
  1.185794771e-01 
  1.182572693e-01 
  1.177940592e-01 
  1.160556301e-01 
  1.151096597e-01 
  1.156779453e-01 
  1.145456582e-01 
  1.128446311e-01 
  1.113178581e-01 
  1.127675027e-01 
  1.114236563e-01 
  1.103490815e-01 
  1.107379347e-01 
  1.098660827e-01 
  1.089447141e-01 
  1.076714024e-01 
  1.068130285e-01 
  1.053990722e-01 
  1.049914062e-01 
  1.041956618e-01 
  1.033664942e-01 
  1.014786437e-01 
  1.009151414e-01 
  9.888108820e-02 
  9.804963320e-02 
  9.685023129e-02 
  9.317433834e-02 
  9.346991777e-02 
  9.136106819e-02 
  9.109866619e-02 
  9.089182317e-02 
  8.834020048e-02 
  8.654922247e-02 
  8.680891246e-02 
  8.916255087e-02 
  9.022138268e-02 
  9.034927934e-02 
  9.056217223e-02 
  9.042432904e-02 
  9.108286351e-02 
  9.125899523e-02 
  9.117770940e-02 
  9.094563127e-02 
  9.029316902e-02 
  8.986856788e-02 
  8.740939200e-02 
  7.767314464e-02 
  8.524322510e-02 
  8.860685676e-02 
  8.914563060e-02 
  8.879438788e-02 
  8.889722824e-02 
  8.729527146e-02 
  8.734993637e-02 
  8.509720862e-02 
  8.616846800e-02 
  8.666772395e-02 
  8.655257523e-02 
  8.460512757e-02 
  8.473252505e-02 
  8.400075883e-02 
  8.280458301e-02 
  8.181146532e-02 
  8.237819374e-02 
  8.174902201e-02 
  8.127424866e-02 
  7.969878614e-02 
  7.815141976e-02 
  7.765403390e-02 
  7.775313407e-02 
  7.746326178e-02 
  7.679605484e-02 
  7.600630075e-02 
  7.501358539e-02 
  7.439231128e-02 
  7.394578308e-02 
  7.266063988e-02 
  6.863065809e-02 
  6.998851150e-02 
  6.778966635e-02 
  6.973695010e-02 
  7.024017721e-02 
  6.813602895e-02 
  6.753982604e-02 
  6.535873562e-02 
  6.432279199e-02 
  6.495501101e-02 
  6.594514102e-02 
  6.632377952e-02 
  6.561978906e-02 
  6.414864957e-02 
  6.138481200e-02 
  5.916096643e-02 
  5.316339806e-02 
  5.251246318e-02 
  5.173484236e-02 
  5.070246756e-02 
  5.264795572e-02 
  5.361912027e-02 
  5.427496508e-02 
  5.382142588e-02 
  5.401479080e-02 
  5.435920507e-02 
  5.392616615e-02 
  5.385234207e-02 
  5.436171219e-02 
  5.413406342e-02 
  5.245098844e-02 
  5.028015375e-02 
  4.547922686e-02 
  4.196523130e-02 
  4.020708054e-02 
  3.752008826e-02 
  3.631741926e-02 
  3.366198763e-02 
  3.244028613e-02 
  3.101457283e-02 
  2.905089036e-02 
  2.795971371e-02 
  2.673739940e-02 
  2.569965273e-02 
  2.441836521e-02 
  2.392316237e-02 
  2.252313867e-02 
  2.131841332e-02 
  2.123408765e-02 
  2.094417810e-02 
  2.115731686e-02 
  2.162192389e-02 
  2.159323543e-02 
  2.180262469e-02 
  2.119644545e-02 
  2.102571726e-02 
  2.061900869e-02 
  2.140051126e-02 
  2.262028120e-02 
  2.442015894e-02 
  2.546467818e-02 
  2.616702951e-02 
  2.595255710e-02 
  2.531877160e-02 
  2.513488382e-02 
  2.403930202e-02 
  2.310209721e-02 
  2.146505378e-02 
  2.038561180e-02 
  1.944697089e-02 
  1.953251287e-02 
  2.028468624e-02 
  2.073668689e-02 
  2.180309780e-02 
  2.307629585e-02 
  2.409254014e-02 
  2.454269864e-02 
  2.414663322e-02 
  2.409221977e-02 
  2.301877737e-02 
  2.207240276e-02 
  2.112011984e-02 
  2.134110034e-02 
  2.229075693e-02 
  2.300368249e-02 
  2.302320488e-02 
  2.265164815e-02 
  2.184860222e-02 
  2.199174091e-02 
  2.293026075e-02 
  2.317744493e-02 
  2.278530411e-02 
  2.284308523e-02 
  2.254143544e-02 
  2.257154509e-02 
  2.309693024e-02 
  2.375669405e-02 
  2.456424013e-02 
  2.543141879e-02 
  2.439254522e-02 
  2.519258112e-02 
  2.530790679e-02 
  2.578132227e-02 
  2.610499784e-02 
  2.635210566e-02 
  2.634381689e-02 
  2.598800138e-02 
  2.602831647e-02 
  2.714174613e-02 
  2.682073414e-02 
  2.673824877e-02 
  2.665274404e-02 
  2.685573325e-02 
  2.573230863e-02 
  2.639543079e-02 
  2.713524550e-02 
  2.667724341e-02 
  2.584869415e-02 
  2.496689186e-02 
  2.494295128e-02 
  2.487501875e-02 
  2.416695468e-02 
  2.485947311e-02 
  2.498349175e-02 
  2.509722859e-02 
  2.547568455e-02 
  2.580848522e-02 
  2.438516356e-02 
  2.570601925e-02 
  2.492859401e-02 
  2.528696135e-02 
  2.553528175e-02 
  2.546562999e-02 
  2.602975816e-02 
  2.618399821e-02 
  2.638860606e-02 
  2.613792010e-02 
  2.556458674e-02 
  2.551077306e-02 
  2.569877915e-02 
  2.711020783e-02 
  2.817879431e-02 
  2.844118141e-02 
  2.901925519e-02 
  2.931777202e-02 
  2.975207940e-02 
  2.928541601e-02 
  2.828753553e-02 
  2.791296691e-02 
  2.694559470e-02 
  2.668855526e-02 
  2.643520385e-02 
  2.625644393e-02 
  2.505251952e-02 
  2.524565347e-02 
  2.417433634e-02 
  2.377896942e-02 
  2.336453833e-02 
  2.357878536e-02 
  2.453781664e-02 
  2.591549605e-02 
  2.608418837e-02 
  2.654796839e-02 
  2.651736699e-02 
  2.621147968e-02 
  2.546014637e-02 
  2.529804036e-02 
  2.558389492e-02 
  2.555007488e-02 
  2.626232989e-02 
  2.578409016e-02 
  2.594800480e-02 
  2.630738728e-02 
  2.618678100e-02 
  2.701590396e-02 
  2.360762283e-02 
  2.816714533e-02 
  2.917594276e-02 
  2.993923798e-02 
  2.926955745e-02 
  3.018057160e-02 
  3.003026359e-02 
  3.009870090e-02 
  2.973920852e-02 
  3.039037623e-02 
  3.114043921e-02 
  3.103681840e-02 
  3.184003010e-02 
  3.160750121e-02 
  3.109282069e-02 
  2.773437835e-02 
  2.893031761e-02 
  2.911446430e-02 
  2.944045700e-02 
  3.103533573e-02 
  3.064092994e-02 
  3.087476268e-02 
  3.133443743e-02 
  3.152493015e-02 
  3.093794920e-02 
  3.084191121e-02 
  3.033979796e-02 
  3.095090762e-02 
  3.061582148e-02 
  3.044294007e-02 
  3.110181913e-02 
  3.077100217e-02 
  3.115196340e-02 
  3.062245063e-02 
  3.036546521e-02 
  3.106094897e-02 
  3.070299700e-02 
  2.988030948e-02 
  3.064783476e-02 
  3.028840013e-02 
  3.046558052e-02 
  3.028902784e-02 
  2.830558084e-02 
  3.018899634e-02 
  2.994237840e-02 
  2.972785570e-02 
  2.921370789e-02 
  2.927028947e-02 
  2.958478965e-02 
  2.963926643e-02 
  2.878493071e-02 
  2.933381870e-02 
  2.820388600e-02 
  2.873174287e-02 
  2.882724069e-02 
  2.869003080e-02 
  2.900671773e-02 
  2.906614169e-02 
  2.901725844e-02 
  2.867976017e-02 
  2.777122147e-02 
  2.840884775e-02 
  2.818161994e-02 
  2.796340734e-02 
  2.837031148e-02 
  2.815586515e-02 
  2.704724483e-02 
  2.742935158e-02 
  2.683485299e-02 
  2.764189988e-02 
  2.735392563e-02 
  2.728263661e-02 
  2.674210072e-02 
  2.729346603e-02 
  2.721176669e-02 
  2.671333402e-02 
  2.607453242e-02 
  2.635496669e-02 
  2.578909881e-02 
  2.560149133e-02 
  2.484139800e-02 
  2.469398826e-02 
  2.387644351e-02 
  2.445353754e-02 
  2.434950508e-02 
  2.393393219e-02 
  2.399970964e-02 
  2.226139978e-02 
  2.385507524e-02 
  2.150157280e-02 
  2.349198796e-02 
  2.360289544e-02 
  2.409066260e-02 
  2.387018874e-02 
  2.341037989e-02 
  2.371715941e-02 
  2.351608500e-02 
  2.420541272e-02 
  2.384085208e-02 
  2.356294915e-02 
  2.315820009e-02 
  2.114828862e-02 
  2.272709645e-02 
  2.216310799e-02 
  2.327104658e-02 
  2.369752526e-02 
  2.343161404e-02 
  2.344167978e-02 
  2.190343663e-02 
  2.260031179e-02 
  2.277109213e-02 
  2.173825540e-02 
  2.188123576e-02 
  2.090746537e-02 
  2.134125866e-02 
  2.117027715e-02 
  2.145750821e-02 
  2.108723298e-02 
  2.097925916e-02 
  2.099301852e-02 
  2.116443217e-02 
  2.103039250e-02 
  1.969435625e-02 
  2.030272409e-02 
  2.054853924e-02 
  2.105305344e-02 
  2.079444565e-02 
  2.116235718e-02 
  1.984683797e-02 
  2.044183761e-02 
  2.102629654e-02 
  2.096922137e-02 
  2.044478804e-02 
  2.012438886e-02 
  2.057972737e-02 
  2.096951380e-02 
  2.107694186e-02 
  2.052868158e-02 
  2.070336603e-02 
  2.062941343e-02 
  2.073187754e-02 
  2.066577785e-02 
  2.003556490e-02 
  2.029867843e-02 
  2.022867277e-02 
  1.990754716e-02 
  1.936202310e-02 
  1.983220503e-02 
  1.970568486e-02 
  1.873547770e-02 
  1.855312288e-02 
  1.826857030e-02 
  1.830006763e-02 
  1.811966859e-02 
  1.805252023e-02 
  1.846642420e-02 
  1.813516580e-02 
  1.812290773e-02 
  1.829580404e-02 
  1.842090860e-02 
  1.829255559e-02 
  1.783031784e-02 
  1.823768392e-02 
  1.779349335e-02 
  1.811404340e-02 
  1.789617166e-02 
  1.805287972e-02 
  1.767981052e-02 
  1.800016873e-02 
  1.782601885e-02 
  1.790214330e-02 
  1.753819920e-02 
  1.769541577e-02 
  1.772081107e-02 
  1.753558405e-02 
  1.736510172e-02 
  1.722908020e-02 
  1.701285876e-02 
  1.690205932e-02 
  1.704984531e-02 
  1.672062650e-02 
  1.672881655e-02 
  1.706431992e-02 
  1.691587642e-02 
  1.607659087e-02 
  1.649397984e-02 
  1.653081924e-02 
  1.633779332e-02 
  1.603573374e-02 
  1.607797481e-02 
  1.612362266e-02 
  1.586506516e-02 
  1.528428122e-02 
  1.472052652e-02 
  1.510918047e-02 
  1.544355508e-02 
  1.569176465e-02 
  1.569821127e-02 
  1.547270268e-02 
  1.550578326e-02 
  1.547698025e-02 
  1.525434107e-02 
  1.520392578e-02 
  1.536414400e-02 
  1.535566524e-02 
  1.526522078e-02 
  1.520788390e-02 
  1.517647598e-02 
  1.505163964e-02 
  1.492309105e-02 
  1.497822255e-02 
  1.484669279e-02 
  1.462594792e-02 
  1.461759955e-02 
  1.453492604e-02 
  1.420490444e-02 
  1.442488935e-02 
  1.445612404e-02 
  1.424063835e-02 
  1.417105179e-02 
  1.374620758e-02 
  1.396455709e-02 
  1.408353914e-02 
  1.298297383e-02 
  1.385606267e-02 
  1.389173232e-02 
  1.386095583e-02 
  1.383738779e-02 
  1.373325381e-02 
  1.357298903e-02 
  1.346913539e-02 
  1.354952250e-02 
  1.320631709e-02 
  1.298220642e-02 
  1.316893473e-02 
  1.247693691e-02 
  1.263525244e-02 
  1.278793719e-02 
  1.289296430e-02 
  1.280064601e-02 
  1.249093283e-02 
  1.271766983e-02 
  1.271274779e-02 
  1.249992847e-02 
  1.232799236e-02 
  1.151593495e-02 
  1.171105076e-02 
  1.175200846e-02 
  1.115607657e-02 
  1.098074298e-02 
  1.149075385e-02 
  1.164231077e-02 
  1.165449899e-02 
  1.135807857e-02 
  1.168822125e-02 
  1.146801095e-02 
  1.160018239e-02 
  1.123570558e-02 
  1.128948666e-02 
  1.098619960e-02 
  1.136669237e-02 
  1.125269756e-02 
  1.120064221e-02 
  1.099445205e-02 
  1.104861777e-02 
  1.105177402e-02 
  1.103015617e-02 
  1.083213650e-02 
  1.092371065e-02 
  1.090658549e-02 
  1.079835184e-02 
  1.081798691e-02 
  1.071544085e-02 
  1.049166452e-02 
  1.020805258e-02 
  1.029008999e-02 
  1.004875079e-02 
  1.020082738e-02 
  1.012038998e-02 
  1.009665523e-02 
  9.929509833e-03 
  9.977774695e-03 
  9.792424738e-03 
  9.787362069e-03 
  9.757350199e-03 
  9.736754932e-03 
  9.486672468e-03 
  9.206563234e-03 
  9.162074886e-03 
  8.883228526e-03 
  8.718863130e-03 
  8.786706254e-03 
  8.705215529e-03 
  8.674238808e-03 
  8.540685289e-03 
  8.381723426e-03 
  8.369905874e-03 
  8.313178085e-03 
  8.357879706e-03 
  8.406318724e-03 
  8.357456885e-03 
  8.097620681e-03 
  8.017689921e-03 
  7.799574174e-03 
  7.665121928e-03 
  7.402308285e-03 
  7.133816369e-03 
  7.176692598e-03 
  6.913864985e-03 
  6.632958073e-03 
  6.641581655e-03 
  6.307794712e-03 
  6.260778289e-03 
  5.865487736e-03 
  5.660098977e-03 
  5.621540826e-03 
  5.679923110e-03 
  5.642592907e-03 
  5.479522515e-03 
  5.385627039e-03 
  5.311964545e-03 
  5.152069498e-03 
  4.929629620e-03 
  4.911121447e-03 
  4.720397294e-03 
  4.719484597e-03 
  4.575741012e-03 
  4.310652614e-03 
  4.241561051e-03 
  4.018850625e-03 
  3.739795880e-03 
  3.900406417e-03 
  3.948646132e-03 
  3.967775032e-03 
  3.904639045e-03 
  3.835138399e-03 
  3.925719298e-03 
  3.704379778e-03 
  3.714503953e-03 
  3.585238475e-03 
  3.543664003e-03 
  3.271652618e-03 
  3.227090696e-03 
  3.210747615e-03 
  3.126579570e-03 
  3.004887607e-03 
  2.989785979e-03 
  2.808051649e-03 
  2.805856522e-03 
  2.750761807e-03 
  2.653864678e-03 
  2.761116717e-03 
  2.774845110e-03 
  2.827159362e-03 
  2.853247337e-03 
  2.753684064e-03 
  2.899905201e-03 
  2.880865010e-03 
  2.848964883e-03 
  2.637040336e-03 
  2.708354034e-03 
  2.744120080e-03 
  2.759118564e-03 
  2.737319097e-03 
  2.713929396e-03 
  2.646000590e-03 
  2.685074229e-03 
  2.683358500e-03 
  2.585886279e-03 
  2.683452098e-03 
  2.719755284e-03 
  2.771028085e-03 
  2.730687615e-03 
  2.859767526e-03 
  2.830065787e-03 
  2.838118235e-03 
  2.801615046e-03 
  2.805209253e-03 
  2.626356203e-03 
  2.575987251e-03 
  2.381931292e-03 
  2.432294888e-03 
  2.248757519e-03 
  2.148366300e-03 
  2.125022700e-03 
  2.129154280e-03 
  2.120119985e-03 
  2.070673974e-03 
  1.920169918e-03 
  2.410949674e-03 
  2.599372761e-03 
  2.647959394e-03 
  2.662671963e-03 
  2.736268099e-03 
  2.782140858e-03 
  2.799398964e-03 
  2.806091215e-03 
  2.783582080e-03 
  2.685647225e-03 
  2.811283572e-03 
  2.766059712e-03 
  2.713676309e-03 
  2.605435438e-03 
  2.687467961e-03 
  2.598807216e-03 
  2.486776328e-03 
  2.580772853e-03 
  2.512000035e-03 
  2.405052306e-03 
  2.388123656e-03 
  2.338587074e-03 
  2.295901999e-03 
  2.264422365e-03 
  2.278034575e-03 
  2.238905523e-03 
  2.249632264e-03 
  2.223846503e-03 
  2.306659706e-03 
  2.310356591e-03 
  2.370731672e-03 
  2.320816042e-03 
  2.359838923e-03 
  2.357319696e-03 
  2.347844187e-03 
  2.273602877e-03 
  2.383344108e-03 
  2.435388276e-03 
  2.413706155e-03 
  2.500899602e-03 
  2.508196514e-03 
  2.562805312e-03 
  2.546103904e-03 
  2.524646232e-03 
  2.620093757e-03 
  2.664375585e-03 
  2.629106864e-03 
  2.674968913e-03 
  2.656456782e-03 
  2.665014239e-03 
  2.668142086e-03 
  2.635384910e-03 
  2.581821987e-03 
  2.678297227e-03 
  2.677921671e-03 
  2.754321788e-03 
  2.702249447e-03 
  2.805166878e-03 
  2.819980262e-03 
  2.852048026e-03 
  2.846580232e-03 
  2.893819939e-03 
  2.758927876e-03 
  2.846459858e-03 
  2.867847681e-03 
  2.884255722e-03 
  2.793564927e-03 
  2.659201156e-03 
  2.493141918e-03 
  2.648397349e-03 
  2.807585988e-03 
  2.821759554e-03 
  2.849925542e-03 
  2.732235705e-03 
  2.647366142e-03 
  2.625366673e-03 
  2.689882182e-03 
  2.630833304e-03 
  2.621986205e-03 
  2.567013958e-03 
  2.633301076e-03 
  2.640096005e-03 
  2.745390870e-03 
  2.719039097e-03 
  2.858459018e-03 
  2.795801265e-03 
  2.891917247e-03 
  2.889268799e-03 
  3.132292069e-03 
  3.049454186e-03 
  3.271649824e-03 
  3.274813294e-03 
  3.427143674e-03 
  3.450253978e-03 
  3.593832487e-03 
  3.559194738e-03 
  3.524151398e-03 
  3.613389097e-03 
  3.798211459e-03 
  3.793909680e-03 
  3.869813634e-03 
  3.665247001e-03 
  3.941402771e-03 
  3.810546827e-03 
  3.930527717e-03 
  3.957320005e-03 
  3.990683239e-03 
  3.939796239e-03 
  3.952771425e-03 
  3.865902545e-03 
  3.879600670e-03 
  3.977729473e-03 
  3.947991878e-03 
  3.928749356e-03 
  3.878806252e-03 
  3.817261662e-03 
  3.634155961e-03 
  3.656123066e-03 
  3.489030525e-03 
  3.481345484e-03 
  3.042929806e-03 
  2.979323268e-03 
  2.559179906e-03 
  2.555246465e-03 
  2.147309715e-03 
  2.146493876e-03 
  1.914210385e-03 
  1.908952254e-03 
  1.922825351e-03 
  1.869192347e-03 
  1.988617470e-03 
  1.983271213e-03 
  2.038666513e-03 
  2.038375940e-03 
  2.057438251e-03 
  2.050972544e-03 
  2.086640568e-03 
  2.062096726e-03 
  2.148003550e-03 
  2.140319208e-03 
  2.285561990e-03 
  2.286446048e-03 
  2.511790721e-03 
  2.488073427e-03 
  2.627155045e-03 
  2.714392729e-03 
  2.953486750e-03 
  2.950416179e-03 
  3.100845497e-03 
  3.122827038e-03 
  3.235479118e-03 
  3.240407445e-03 
  3.269478213e-03 
  3.224918153e-03 
  3.301190212e-03 
  3.349724226e-03 
  3.396946471e-03 
  3.387633013e-03 
  3.287900006e-03 
  3.358426504e-03 
  3.381245304e-03 
  3.193611978e-03 
  3.296548733e-03 
  3.316846443e-03 
  3.281027079e-03 
  3.244159045e-03 
  3.202971304e-03 
  3.196165431e-03 
  3.086159471e-03 
  3.078056267e-03 
  3.055419773e-03 
  2.891228534e-03 
  2.901411848e-03 
  2.719043987e-03 
  2.698737429e-03 
  2.581861801e-03 
  2.540585585e-03 
  2.534901723e-03 
  2.549206605e-03 
  2.577066654e-03 
  2.562161069e-03 
  2.609040821e-03 
  2.604902023e-03 
  2.609189367e-03 
  2.535198815e-03 
  2.603839152e-03 
  2.589155920e-03 
  2.429652261e-03 
  2.567128278e-03 
  2.565322211e-03 
  2.574304119e-03 
  2.547577024e-03 
  2.598267281e-03 
  2.506296849e-03 
  2.668392146e-03 
  2.632750664e-03 
  2.760761185e-03 
  2.751326887e-03 
  2.823919756e-03 
  2.815291053e-03 
  2.863738919e-03 
  2.857585670e-03 
  2.804656979e-03 
  2.864296781e-03 
  2.830963116e-03 
  2.868807409e-03 
  2.813319210e-03 
  2.832449973e-03 
  2.850596560e-03 
  2.871843288e-03 
  2.864973620e-03 
  2.882377012e-03 
  2.880939515e-03 
  2.886921167e-03 
  2.859873464e-03 
  2.745498670e-03 
  2.843239577e-03 
  2.864538459e-03 
  2.771501895e-03 
  2.849499462e-03 
  2.837572247e-03 
  2.828304190e-03 
  2.834477695e-03 
  2.836610656e-03 
  2.830125857e-03 
  2.844043076e-03 
  2.795348642e-03 
  2.833729610e-03 
  2.825980773e-03 
  2.831842750e-03 
  2.818014007e-03 
  2.810274716e-03 
  2.790586092e-03 
  2.720430028e-03 
  2.778528025e-03 
  2.766396850e-03 
  2.747155260e-03 
  2.750519430e-03 
  2.743609948e-03 
  2.719719429e-03 
  2.650233917e-03 
  2.706433414e-03 
  2.720649121e-03 
  2.650521463e-03 
  2.703930484e-03 
  2.675592434e-03 
  2.672345843e-03 
  2.627792070e-03 
  2.679519821e-03 
  2.689663088e-03 
  2.637888538e-03 
  2.689205809e-03 
  2.678118413e-03 
  2.663969528e-03 
  2.675011056e-03 
  2.665228676e-03 
  2.658944810e-03 
  2.645965433e-03 
  2.644480905e-03 
  2.543182345e-03 
  2.625011373e-03 
  2.619558945e-03 
  2.601572545e-03 
  2.593260957e-03 
  2.590827178e-03 
  2.569885692e-03 
  2.552271122e-03 
  2.532514045e-03 
  2.502623713e-03 
  2.456089947e-03 
  2.476422349e-03 
  2.472906141e-03 
  2.435911912e-03 
  2.428440144e-03 
  2.403023187e-03 
  2.392689465e-03 
  2.365904627e-03 
  2.367113484e-03 
  2.361761406e-03 
  2.359808190e-03 
  2.349436050e-03 
  2.341838554e-03 
  2.326687565e-03 
  2.314961748e-03 
  2.308381489e-03 
  2.273236634e-03 
  2.271172823e-03 
  2.235230058e-03 
  2.157120034e-03 
  1.934097614e-03 
  2.112770453e-03 
  2.175622620e-03 
  2.229322679e-03 
  2.223576419e-03 
  2.238828456e-03 
  2.226381330e-03 
  2.230294049e-03 
  2.217767527e-03 
  2.216391731e-03 
  2.198753180e-03 
  2.174196532e-03 
  2.186030382e-03 
  2.097981982e-03 
  2.178669674e-03 
  2.171239583e-03 
  2.147026127e-03 
  2.090275288e-03 
  2.137701260e-03 
  2.139198361e-03 
  2.138441429e-03 
  2.131707501e-03 
  2.074108692e-03 
  2.059156541e-03 
  2.080326667e-03 
  2.099680947e-03 
  2.090131631e-03 
  2.060652245e-03 
  2.051530872e-03 
  2.041706583e-03 
  2.011547796e-03 
  2.000003355e-03 
  1.981273061e-03 
  1.974841347e-03 
  1.963930205e-03 
  1.962740906e-03 
  1.956024673e-03 
  1.976814587e-03 
  1.973591745e-03 
  1.964381430e-03 
  1.915344619e-03 
  1.887525432e-03 
  1.982768998e-03 
  1.938273315e-03 
  1.998398686e-03 
  1.993015874e-03 
  1.983034192e-03 
  1.979443012e-03 
  1.967943041e-03 
  1.963767456e-03 
  1.943757641e-03 
  1.912156702e-03 
  1.931461622e-03 
  1.934141386e-03 
  1.923827687e-03 
  1.917045098e-03 
  1.905990881e-03 
  1.900867675e-03 
  1.892755623e-03 
  1.879192539e-03 
  1.843416947e-03 
  1.845351886e-03 
  1.840003417e-03 
  1.853201422e-03 
  1.828959677e-03 
  1.828459557e-03 
  1.825088868e-03 
  1.815807889e-03 
  1.809169305e-03 
  1.795522869e-03 
  1.785078435e-03 
  1.782707172e-03 
  1.758605707e-03 
  1.718612970e-03 
  1.736358972e-03 
  1.750357915e-03 
  1.743456232e-03 
  1.710874029e-03 
  1.720794477e-03 
  1.717613079e-03 
  1.710877055e-03 
  1.706281095e-03 
  1.656250097e-03 
  1.687725889e-03 
  1.669457182e-03 
  1.664528390e-03 
  1.664266223e-03 
  1.636818750e-03 
  1.593087218e-03 
  1.623955788e-03 
  1.608834718e-03 
  1.605935977e-03 
  1.601812546e-03 
  1.600774238e-03 
  1.585966558e-03 
  1.575402799e-03 
  1.575623755e-03 
  1.517445082e-03 
  1.570488675e-03 
  1.558438409e-03 
  1.536193537e-03 
  1.547059044e-03 
  1.545127481e-03 
  1.538854791e-03 
  1.531586749e-03 
  1.515864511e-03 
  1.527186483e-03 
  1.522633829e-03 
  1.515423879e-03 
  1.490311930e-03 
  1.506643486e-03 
  1.504266169e-03 
  1.501113526e-03 
  1.493831980e-03 
  1.486703521e-03 
  1.411034260e-03 
  1.454357640e-03 
  1.456110971e-03 
  1.450833166e-03 
  1.443063491e-03 
  1.438096864e-03 
  1.438468578e-03 
  1.430968056e-03 
  1.414028811e-03 
  1.411507954e-03 
  1.388974139e-03 
  1.393395942e-03 
  1.388218952e-03 
  1.310691470e-03 
  1.343064825e-03 
  1.335425535e-03 
  1.309464453e-03 
  1.336189220e-03 
  1.338045811e-03 
  1.332154265e-03 
  1.328826300e-03 
  1.343201031e-03 
  1.336887013e-03 
  1.330164727e-03 
  1.344867167e-03 
  1.343944692e-03 
  1.344517339e-03 
  1.341969823e-03 
  1.331078471e-03 
  1.321669086e-03 
  1.323514036e-03 
  1.315039583e-03 
  1.297976822e-03 
  1.288174652e-03 
  1.239676960e-03 
  1.255649608e-03 
  1.241290011e-03 
  1.263209968e-03 
  1.255971380e-03 
  1.234456431e-03 
  1.239924575e-03 
  1.236819895e-03 
  1.178289647e-03 
  1.208920381e-03 
  1.216690987e-03 
  1.203165739e-03 
  1.223903266e-03 
  1.229982474e-03 
  1.217485755e-03 
  1.213300624e-03 
  1.205723500e-03 
  1.193739241e-03 
  1.190862968e-03 
  1.166546252e-03 
  1.148002921e-03 
  1.154111465e-03 
  1.136342878e-03 
  1.128534903e-03 
  1.097448985e-03 
  1.110643847e-03 
  1.110081444e-03 
  1.097026281e-03 
  1.089980826e-03 
  1.084949123e-03 
  1.074768836e-03 
  1.075496082e-03 
  1.067391713e-03 
  1.064475393e-03 
  1.067747013e-03 
  1.059171394e-03 
  1.064373646e-03 
  1.046051621e-03 
  1.014361042e-03 
  1.038967050e-03 
  1.049028477e-03 
  1.059815520e-03 
  1.049452228e-03 
  1.047933358e-03 
  1.065447344e-03 
  1.064557233e-03 
  1.054960536e-03 
  1.041323878e-03 
  1.038097427e-03 
  1.039083465e-03 
  1.012458117e-03 
  1.012827619e-03 
  9.837547550e-04 
  9.771647165e-04 
  9.661763906e-04 
  9.451481164e-04 
  9.544940549e-04 
  9.531857213e-04 
  9.547220543e-04 
  9.065798949e-04 
  9.351701592e-04 
  9.539605817e-04 
  9.492884274e-04 
  9.448936908e-04 
  9.564785287e-04 
  9.517698199e-04 
  9.470781079e-04 
  9.477769490e-04 
  9.007917251e-04 
  8.990273927e-04 
  9.044612525e-04 
  9.095628047e-04 
  8.996858378e-04 
  9.222717490e-04 
  9.174065199e-04 
  9.285990382e-04 
  9.254349279e-04 
  9.213432204e-04 
  9.162271162e-04 
  9.265775443e-04 
  9.168568067e-04 
  9.166922537e-04 
  9.194418672e-04 
  9.114838904e-04 
  9.112743428e-04 
  9.012523224e-04 
  8.970226045e-04 
  9.000830469e-04 
  8.920100518e-04 
  8.768118569e-04 
  8.811267326e-04 
  8.668759838e-04 
  8.570421487e-04 
  8.571130456e-04 
  8.529343759e-04 
  8.382289670e-04 
  8.376212791e-04 
  8.351859869e-04 
  8.222276811e-04 
  7.922892692e-04 
  7.893748116e-04 
  7.624471909e-04 
  7.955317851e-04 
  8.011288592e-04 
  8.249570965e-04 
  8.147795452e-04 
  8.180865552e-04 
  8.293107385e-04 
  8.221164462e-04 
  8.231981774e-04 
  8.200604934e-04 
  8.290403639e-04 
  8.186361520e-04 
  8.166059270e-04 
  8.207611390e-04 
  8.145003230e-04 
  8.032910409e-04 
  8.069347823e-04 
  8.028335287e-04 
  7.755164988e-04 
  7.657514652e-04 
  7.858749595e-04 
  7.794155390e-04 
  7.594547933e-04 
  7.776618004e-04 
  7.625000435e-04 
  7.524032262e-04 
  7.557965000e-04 
  7.314689574e-04 
  7.266284665e-04 
  7.106434205e-04 
  6.889979122e-04 
  6.894431426e-04 
  6.810128107e-04 
  6.799065159e-04 
  6.835431559e-04 
  6.777189556e-04 
  6.762928679e-04 
  6.857052795e-04 
  7.040443015e-04 
  6.956539000e-04 
  6.933039986e-04 
  6.673384923e-04 
  7.014590083e-04 
  7.051492576e-04 
  6.996660959e-04 
  6.875283434e-04 
  6.881972076e-04 
  6.816361565e-04 
  6.713129696e-04 
  6.649536663e-04 
  6.586859236e-04 
  6.421473809e-04 
  6.410424830e-04 
  6.348418538e-04 
  5.832272582e-04 
  6.071233074e-04 
  6.037172279e-04 
  5.929362378e-04 
  5.814208998e-04 
  5.909160245e-04 
  5.606602645e-04 
  5.679420428e-04 
  5.642629694e-04 
  5.194214173e-04 
  5.260902108e-04 
  5.160360015e-04 
  4.987309221e-04 
  4.840619222e-04 
  5.058562965e-04 
  4.858170578e-04 
  4.820597533e-04 
  4.550056765e-04 
  4.743630125e-04 
  4.732181260e-04 
  4.748697393e-04 
  4.723433813e-04 
  4.734586691e-04 
  4.651591880e-04 
  4.743396130e-04 
  4.683364532e-04 
  4.645878507e-04 
  4.738062562e-04 
  4.697641998e-04 
  4.711583897e-04 
  4.647167225e-04 
