  2.891280875e-02 
  9.612776339e-02 
  1.233635768e-01 
  4.056700170e-01 
  5.066248775e-01 
  1.135170579e+00 
  1.383228660e+00 
  2.343390465e+00 
  3.262778997e+00 
  3.749465942e+00 
  4.811096191e+00 
  9.719338417e+00 
  8.941862106e+00 
  1.209679413e+01 
  1.260371494e+01 
  1.632143593e+01 
  1.295455647e+01 
  1.937482071e+01 
  1.922146225e+01 
  2.327855110e+01 
  2.076044273e+01 
  2.880985451e+01 
  2.369513512e+01 
  2.185132980e+01 
  2.857979202e+01 
  2.999404907e+01 
  4.369281387e+01 
  4.415495300e+01 
  3.463716888e+01 
  4.375708008e+01 
  4.558573151e+01 
  3.568923950e+01 
  4.053835678e+01 
  4.581307602e+01 
  3.749711990e+01 
  4.104596329e+01 
  3.082268906e+01 
  2.894658661e+01 
  3.536301041e+01 
  3.566093063e+01 
  3.948365784e+01 
  3.339360428e+01 
  3.492464447e+01 
  3.480322266e+01 
  3.109812737e+01 
  4.000042343e+01 
  4.417324448e+01 
  4.176333618e+01 
  3.906671906e+01 
  4.258994293e+01 
  4.324611664e+01 
  4.078087234e+01 
  4.146606064e+01 
  3.761112595e+01 
  4.312199783e+01 
  4.339179993e+01 
  4.073403931e+01 
  2.584029579e+01 
  2.787629318e+01 
  2.784227943e+01 
  4.100152588e+01 
  3.230072403e+01 
  3.521548080e+01 
  3.721492004e+01 
  3.689268875e+01 
  3.430082321e+01 
  4.675328827e+01 
  4.153588104e+01 
  3.888819504e+01 
  3.713547897e+01 
  4.239890671e+01 
  3.361441040e+01 
  3.512253189e+01 
  3.473876572e+01 
  2.669650459e+01 
  2.426027298e+01 
  3.442123795e+01 
  3.492032242e+01 
  4.476012039e+01 
  3.414565277e+01 
  3.169513702e+01 
  3.526956940e+01 
  2.612185287e+01 
  1.803685379e+01 
  1.965441895e+01 
  2.927375603e+01 
  2.248392105e+01 
  2.552927208e+01 
  2.500686073e+01 
  2.817081642e+01 
  3.376255798e+01 
  3.733223724e+01 
  3.278999710e+01 
  1.737346077e+01 
  1.900017357e+01 
  3.152002716e+01 
  3.206188965e+01 
  1.289556217e+01 
  3.565542221e+01 
  4.224953079e+01 
  4.101957321e+01 
  4.026243591e+01 
  4.213835526e+01 
  3.897560501e+01 
  4.136364746e+01 
  3.746261978e+01 
  3.672010803e+01 
  3.532205582e+01 
  3.779513931e+01 
  4.132085037e+01 
  3.412271881e+01 
  3.957985687e+01 
  4.051038361e+01 
  3.780202866e+01 
  3.664444733e+01 
  3.861084366e+01 
  3.791349030e+01 
  3.631781387e+01 
  3.510009766e+01 
  3.552955627e+01 
  2.971348572e+01 
  3.678432083e+01 
  3.482841492e+01 
  2.906662178e+01 
  3.159444618e+01 
  3.233644867e+01 
  3.071924973e+01 
  2.920269775e+01 
  2.922474861e+01 
  2.627787781e+01 
  2.072560120e+01 
  1.841837502e+01 
  3.277070236e+01 
  2.883516312e+01 
  2.709253502e+01 
  2.913942528e+01 
  3.194352341e+01 
  3.188593102e+01 
  2.824020386e+01 
  2.701953506e+01 
  2.994337082e+01 
  2.951217270e+01 
  3.073537636e+01 
  3.059671021e+01 
  3.006089211e+01 
  3.127086639e+01 
  2.752837753e+01 
  3.105322266e+01 
  3.122877502e+01 
  3.110296440e+01 
  3.143975067e+01 
  3.361227798e+01 
  3.091086388e+01 
  2.838583565e+01 
  2.993968010e+01 
  2.982529449e+01 
  3.021813011e+01 
  3.006063080e+01 
  2.921535873e+01 
  2.889933777e+01 
  2.834245110e+01 
  2.905797768e+01 
  2.828175735e+01 
  2.799021721e+01 
  2.779651642e+01 
  2.711228371e+01 
  2.768720055e+01 
  2.643906403e+01 
  2.769806671e+01 
  2.716578674e+01 
  2.650841522e+01 
  2.617987442e+01 
  2.621649742e+01 
  2.564948845e+01 
  2.557405281e+01 
  2.631256866e+01 
  2.521613312e+01 
  2.470694542e+01 
  2.566058350e+01 
  2.425302315e+01 
  2.448880196e+01 
  2.409979248e+01 
  2.436246109e+01 
  2.414625168e+01 
  2.298560905e+01 
  2.292270851e+01 
  1.840211487e+01 
  2.048171616e+01 
  2.202263451e+01 
  2.027344322e+01 
  2.285715294e+01 
  2.117793083e+01 
  2.015031052e+01 
  2.148833847e+01 
  2.055496597e+01 
  2.175812721e+01 
  2.097630119e+01 
  2.014254189e+01 
  1.946864700e+01 
  1.922655487e+01 
  1.895022202e+01 
  1.833993721e+01 
  1.803800201e+01 
  1.892321968e+01 
  1.743146324e+01 
  1.861533928e+01 
  1.974183846e+01 
  1.819733238e+01 
  1.728948975e+01 
  1.847131729e+01 
  1.773222160e+01 
  1.757238388e+01 
  1.827161789e+01 
  1.656753922e+01 
  1.606975365e+01 
  1.625412750e+01 
  1.691290665e+01 
  1.233945656e+01 
  1.513124752e+01 
  1.419909573e+01 
  1.548455143e+01 
  1.534625721e+01 
  1.580333710e+01 
  1.458148956e+01 
  1.567010117e+01 
  1.539733601e+01 
  1.453541660e+01 
  1.257659435e+01 
  1.496046352e+01 
  1.523891163e+01 
  1.426298428e+01 
  1.537858772e+01 
  1.453368282e+01 
  1.265016174e+01 
  1.363333988e+01 
  1.378660011e+01 
  1.449954796e+01 
  1.333309841e+01 
  1.383352852e+01 
  1.366608715e+01 
  1.325616360e+01 
  1.204883289e+01 
  1.332266903e+01 
  1.263228130e+01 
  1.320699596e+01 
  1.289585114e+01 
  1.249846363e+01 
  1.291557026e+01 
  1.187918663e+01 
  1.239333439e+01 
  1.201669121e+01 
  1.183960152e+01 
  1.224505043e+01 
  1.166554260e+01 
  1.194479084e+01 
  1.187741375e+01 
  1.145263004e+01 
  1.101872540e+01 
  1.134067440e+01 
  1.062896824e+01 
  1.058542728e+01 
  1.153535748e+01 
  1.049729061e+01 
  1.088954067e+01 
  1.064484692e+01 
  1.067794991e+01 
  9.760723114e+00 
  1.037525463e+01 
  1.024218559e+01 
  9.935642242e+00 
  9.904893875e+00 
  9.482281685e+00 
  9.925766945e+00 
  9.939143181e+00 
  9.804754257e+00 
  9.486370087e+00 
  9.243995667e+00 
  9.563789368e+00 
  9.227796555e+00 
  9.104507446e+00 
  9.368707657e+00 
  9.157670975e+00 
  9.245994568e+00 
  9.256196022e+00 
  9.170420647e+00 
  9.053358078e+00 
  8.608848572e+00 
  8.876276016e+00 
  8.713337898e+00 
  7.654214859e+00 
  7.935637951e+00 
  8.383831978e+00 
  8.160080910e+00 
  8.202243805e+00 
  8.215491295e+00 
  7.992591381e+00 
  8.142425537e+00 
  8.099412918e+00 
  7.878710747e+00 
  7.822681904e+00 
  7.771988392e+00 
  7.671072483e+00 
  7.531965256e+00 
  7.529041767e+00 
  7.721166134e+00 
  7.654502869e+00 
  7.517665386e+00 
  7.427888870e+00 
  7.353676319e+00 
  7.231847763e+00 
  7.070978642e+00 
  7.140923023e+00 
  7.003979206e+00 
  6.858515263e+00 
  6.569491863e+00 
  6.841099262e+00 
  6.463767529e+00 
  6.459291458e+00 
  6.720489502e+00 
  6.615488052e+00 
  6.669275284e+00 
  6.739156246e+00 
  6.340979576e+00 
  6.347124577e+00 
  6.311035156e+00 
  6.098301411e+00 
  6.085580826e+00 
  6.131714344e+00 
  5.930902481e+00 
  6.092470169e+00 
  5.855463028e+00 
  6.048469067e+00 
  5.606414795e+00 
  5.990861416e+00 
  5.788109303e+00 
  5.864641190e+00 
  5.631358624e+00 
  5.789156914e+00 
  5.853518963e+00 
  5.775497913e+00 
  5.566874027e+00 
  5.617315292e+00 
  5.520834446e+00 
  5.581594944e+00 
  5.486855030e+00 
  5.497169018e+00 
  5.250630856e+00 
  5.286428452e+00 
  5.241902828e+00 
  5.318990231e+00 
  4.909950733e+00 
  5.257806778e+00 
  5.117075920e+00 
  5.200499058e+00 
  5.100934505e+00 
  4.933256626e+00 
  4.165001869e+00 
  4.421135426e+00 
  4.900042534e+00 
  4.880806923e+00 
  4.892795563e+00 
  4.892209053e+00 
  4.936955929e+00 
  4.852641106e+00 
  4.749096394e+00 
  4.742852688e+00 
  4.773556232e+00 
  4.652801514e+00 
  4.653761387e+00 
  4.694107533e+00 
  4.611700535e+00 
  4.537197590e+00 
  4.496842861e+00 
  4.503446579e+00 
  4.486695766e+00 
  4.393235207e+00 
  4.450780869e+00 
  4.337334633e+00 
  4.383929253e+00 
  4.297057629e+00 
  4.238219261e+00 
  4.217241287e+00 
  4.184008121e+00 
  4.187020779e+00 
  4.086273193e+00 
  4.110188961e+00 
  3.896181345e+00 
  3.440175056e+00 
  3.540799856e+00 
  3.495437384e+00 
  3.555122137e+00 
  3.639542103e+00 
  3.656842709e+00 
  3.650541782e+00 
  3.646674156e+00 
  3.592274427e+00 
  3.630779982e+00 
  3.689106941e+00 
  3.584411860e+00 
  3.567610979e+00 
  3.515279531e+00 
  3.404029369e+00 
  3.377270699e+00 
  3.454643726e+00 
  3.447109461e+00 
  3.432645798e+00 
  3.380663872e+00 
  3.317719221e+00 
  3.402442217e+00 
  3.278602362e+00 
  3.317870378e+00 
  3.282800436e+00 
  3.233536720e+00 
  3.189229012e+00 
  3.220573902e+00 
  3.071654320e+00 
  3.114495993e+00 
  2.901520252e+00 
  2.803571701e+00 
  2.732428074e+00 
  2.702638626e+00 
  2.835778475e+00 
  2.918920040e+00 
  2.862524271e+00 
  2.774099350e+00 
  2.740771770e+00 
  2.716415405e+00 
  2.753220558e+00 
  2.677869320e+00 
  2.587935209e+00 
  2.663069487e+00 
  2.598070860e+00 
  2.686580420e+00 
  2.685187340e+00 
  2.753354073e+00 
  2.706273556e+00 
  2.623800278e+00 
  2.656454802e+00 
  2.652569771e+00 
  2.560017824e+00 
  2.587363005e+00 
  2.562815428e+00 
  2.510862827e+00 
  2.578208923e+00 
  2.593132496e+00 
  2.515475750e+00 
  2.539468050e+00 
  2.565505266e+00 
  2.507050991e+00 
  2.495202780e+00 
  2.444039106e+00 
  2.424772024e+00 
  2.450989008e+00 
  2.415480137e+00 
  2.440586805e+00 
  2.413725853e+00 
  2.353980541e+00 
  2.358443499e+00 
  2.337357521e+00 
  2.092366457e+00 
  1.004632831e+00 
  9.100435376e-01 
  1.443222046e+00 
  1.289477825e+00 
  1.376693964e+00 
  1.588997722e+00 
  1.748613238e+00 
  1.887864351e+00 
  2.042543173e+00 
  2.088388920e+00 
  2.102785110e+00 
  2.109259844e+00 
  2.093903303e+00 
  2.076168299e+00 
  2.089407682e+00 
  2.001460552e+00 
  2.073648453e+00 
  2.048523903e+00 
  2.026675463e+00 
  2.022405386e+00 
  1.986711979e+00 
  1.973642111e+00 
  1.986767411e+00 
  1.930020809e+00 
  1.929987788e+00 
  1.922039986e+00 
  1.874991298e+00 
  1.886740327e+00 
  1.845051289e+00 
  1.833590269e+00 
  1.804510117e+00 
  1.788182974e+00 
  1.752880454e+00 
  1.747075438e+00 
  1.730978727e+00 
  1.706019402e+00 
  1.709498167e+00 
  1.716009974e+00 
  1.718675256e+00 
  1.706038237e+00 
  1.645813465e+00 
  1.668684363e+00 
  1.656229734e+00 
  1.625231981e+00 
  1.635032654e+00 
  1.588800430e+00 
  1.627715468e+00 
  1.609962463e+00 
  1.589599371e+00 
  1.551919103e+00 
  1.533993244e+00 
  1.544300556e+00 
  1.522827029e+00 
  1.498669147e+00 
  1.476141691e+00 
  1.437446713e+00 
  1.398594975e+00 
  1.400943518e+00 
  1.386915803e+00 
  1.348932266e+00 
  1.337131143e+00 
  1.401104927e+00 
  1.335179210e+00 
  1.296253204e+00 
  1.351744533e+00 
  1.372476935e+00 
  1.369202852e+00 
  1.354199648e+00 
  1.325991869e+00 
  1.325335383e+00 
  1.305270076e+00 
  1.277774215e+00 
  1.298340321e+00 
  1.255905390e+00 
  1.273121715e+00 
  1.278462529e+00 
  1.284133434e+00 
  1.267009735e+00 
  1.269633055e+00 
  1.226479053e+00 
  1.254087090e+00 
  1.248765230e+00 
  1.237130165e+00 
  1.227841377e+00 
  1.203990340e+00 
  1.217456579e+00 
  1.222481370e+00 
  1.175933123e+00 
  1.203645945e+00 
  1.200260878e+00 
  1.031976938e+00 
  1.175569057e+00 
  1.125644565e+00 
  1.134746552e+00 
  9.078528285e-01 
  9.952686429e-01 
  1.124810576e+00 
  1.137963057e+00 
  1.114667296e+00 
  1.110096216e+00 
  1.095314026e+00 
  1.090015173e+00 
  1.081530929e+00 
  1.097000480e+00 
  1.089787841e+00 
  1.064554691e+00 
  8.887552023e-01 
  9.419226646e-01 
  1.016737580e+00 
  9.977905750e-01 
  1.034016013e+00 
  1.027737021e+00 
  1.018905997e+00 
  1.018075705e+00 
  9.910333157e-01 
  9.773052931e-01 
  9.806573391e-01 
  9.955020547e-01 
  9.735226631e-01 
  9.711937904e-01 
  9.608610868e-01 
  9.065035582e-01 
  9.519594312e-01 
  9.260910749e-01 
  9.296974540e-01 
  9.344748855e-01 
  8.990473151e-01 
  8.862121105e-01 
  9.085043669e-01 
  9.105921984e-01 
  9.031563401e-01 
  8.939211369e-01 
  8.843830824e-01 
  8.393281698e-01 
  8.594381809e-01 
  8.010380864e-01 
  8.137147427e-01 
  7.765046358e-01 
  7.675447464e-01 
  7.450591326e-01 
  7.256424427e-01 
  7.024583817e-01 
  6.872874498e-01 
  7.510561943e-01 
  7.778240442e-01 
  7.715877891e-01 
  7.357910872e-01 
  7.245886922e-01 
  6.892108321e-01 
  6.749122143e-01 
  6.817735434e-01 
  6.850312948e-01 
  6.795015335e-01 
  6.750117540e-01 
  6.761777401e-01 
  6.678463817e-01 
  6.748831868e-01 
  6.649739742e-01 
  6.632741094e-01 
  6.850811839e-01 
  6.882014275e-01 
  6.674730182e-01 
  6.583598256e-01 
  6.247432828e-01 
  6.404203773e-01 
  6.453604102e-01 
  6.191266775e-01 
  6.302291155e-01 
  6.177325249e-01 
  5.874229074e-01 
  5.598099828e-01 
  5.318491459e-01 
  4.931203723e-01 
  4.704507291e-01 
  4.429666102e-01 
  4.322783053e-01 
  4.353468120e-01 
  4.411180317e-01 
  4.579696953e-01 
  5.248976350e-01 
  5.301367640e-01 
  5.075207949e-01 
  4.664631188e-01 
  4.567114115e-01 
  4.400599003e-01 
  4.534642100e-01 
  4.583471119e-01 
  4.639341533e-01 
  4.708523750e-01 
  4.696298540e-01 
  4.661335051e-01 
  4.750179052e-01 
  4.586394429e-01 
  4.655575156e-01 
  4.700273275e-01 
  4.291574061e-01 
  4.541315138e-01 
  4.793927372e-01 
  4.848077297e-01 
  4.801255167e-01 
  4.723590910e-01 
  4.631472528e-01 
  4.656063914e-01 
  4.776165187e-01 
  4.723540545e-01 
  4.747933745e-01 
  4.599943757e-01 
  4.822656214e-01 
  4.927270412e-01 
  5.022354722e-01 
  5.020091534e-01 
  4.952730238e-01 
  4.942397475e-01 
  4.822185636e-01 
  4.665977061e-01 
  4.630543590e-01 
  4.715773463e-01 
  4.657227695e-01 
  4.746060967e-01 
  4.610653222e-01 
  4.742739499e-01 
  4.776155651e-01 
  4.726463556e-01 
  4.740670621e-01 
  4.738454819e-01 
  4.745255113e-01 
  4.724500775e-01 
  4.775362313e-01 
  4.700900614e-01 
  4.624517560e-01 
  4.648719430e-01 
  4.681610465e-01 
  4.623356164e-01 
  4.601624012e-01 
  4.619703591e-01 
  4.576376975e-01 
  4.556606114e-01 
  4.537200630e-01 
  4.495585263e-01 
  4.463442862e-01 
  4.411897659e-01 
  4.408807755e-01 
  4.365947843e-01 
  4.301851392e-01 
  4.259104133e-01 
  3.966490328e-01 
  4.159175456e-01 
  4.214412272e-01 
  4.200716913e-01 
  4.139689505e-01 
  4.146643877e-01 
  4.127336740e-01 
  4.119810760e-01 
  4.076227546e-01 
  4.088778198e-01 
  3.997609615e-01 
  4.009222984e-01 
  3.955495059e-01 
  3.988031149e-01 
  3.874376714e-01 
  3.853115737e-01 
  3.880766034e-01 
  3.802468479e-01 
  3.854175210e-01 
  3.815772235e-01 
  3.806347847e-01 
  3.800824583e-01 
  3.760641217e-01 
  3.756274283e-01 
  3.688570857e-01 
  3.714910150e-01 
  3.690386415e-01 
  3.664452136e-01 
  3.583251536e-01 
  3.607476354e-01 
  3.555288315e-01 
  3.586461544e-01 
  3.496760130e-01 
  3.517656624e-01 
  3.517648578e-01 
  3.461827934e-01 
  3.466042280e-01 
  3.462442756e-01 
  3.389183879e-01 
  3.408894837e-01 
  3.380084336e-01 
  3.268160820e-01 
  3.314209580e-01 
  3.332481384e-01 
  3.296153247e-01 
  3.262604475e-01 
  3.249292374e-01 
  3.220404387e-01 
  3.208515346e-01 
  3.161872327e-01 
  3.171317577e-01 
  3.149131238e-01 
  3.129070997e-01 
  3.081160486e-01 
  2.972079515e-01 
  3.067257702e-01 
  2.947851121e-01 
  3.015638292e-01 
  2.951357067e-01 
  2.976004481e-01 
  2.959101796e-01 
  2.857270837e-01 
  2.912693024e-01 
  2.889540195e-01 
  2.662020326e-01 
  2.811508179e-01 
  2.805059254e-01 
  2.801975310e-01 
  2.700220644e-01 
  2.785988450e-01 
  2.694030702e-01 
  2.741312385e-01 
  2.722953856e-01 
  2.717996538e-01 
  2.603159249e-01 
  2.661628127e-01 
  2.554530203e-01 
  2.581935227e-01 
  2.498870939e-01 
  2.579761147e-01 
  2.524694800e-01 
  2.551355660e-01 
  2.399184108e-01 
  2.536449432e-01 
  2.414606065e-01 
  2.455238700e-01 
  2.465292215e-01 
  2.391776890e-01 
  2.337174267e-01 
  2.112983614e-01 
  2.279822230e-01 
  2.263096571e-01 
  2.221435755e-01 
  2.142430097e-01 
  2.098775208e-01 
  2.129479498e-01 
  2.123049647e-01 
  2.024688423e-01 
  2.100806087e-01 
  2.070635259e-01 
  2.041949183e-01 
  1.999481469e-01 
  1.993872821e-01 
  1.982956827e-01 
  1.999184489e-01 
  1.998871714e-01 
  1.956854612e-01 
  1.887037754e-01 
  1.811711937e-01 
  1.806811988e-01 
  1.709380448e-01 
  1.638930291e-01 
  1.555813253e-01 
  1.453311443e-01 
  1.365970820e-01 
  1.314024925e-01 
  1.306494027e-01 
  1.245376691e-01 
  1.274118423e-01 
  1.290522516e-01 
  1.249692738e-01 
  1.217659786e-01 
  1.258590668e-01 
  1.239158213e-01 
  1.290774047e-01 
  1.403196752e-01 
  1.447665095e-01 
  1.398637146e-01 
  1.277170479e-01 
  1.117600501e-01 
  1.138796359e-01 
  1.282387972e-01 
  1.377880424e-01 
  1.405416727e-01 
  1.458524317e-01 
  1.441413909e-01 
  1.364607066e-01 
  1.385543942e-01 
  1.322402954e-01 
  1.272022724e-01 
  1.222836450e-01 
  1.243512630e-01 
  1.286390573e-01 
  1.306755543e-01 
  1.321387738e-01 
  1.312252432e-01 
  1.326672286e-01 
  1.330917478e-01 
  1.340546906e-01 
  1.338451356e-01 
  1.373716146e-01 
  1.385853738e-01 
  1.468725204e-01 
  1.496167630e-01 
  1.497375071e-01 
  1.484465450e-01 
  1.474550366e-01 
  1.543686837e-01 
  1.570425034e-01 
  1.539020538e-01 
  1.565878987e-01 
  1.525524557e-01 
  1.548511535e-01 
  1.555400491e-01 
  1.499984860e-01 
  1.538473964e-01 
  1.549452841e-01 
  1.533871889e-01 
  1.512926519e-01 
  1.508764327e-01 
  1.499753594e-01 
  1.471216679e-01 
  1.505221128e-01 
  1.462515444e-01 
  1.451102346e-01 
  1.461932361e-01 
  1.438774168e-01 
  1.425232589e-01 
  1.338783056e-01 
  1.400529444e-01 
  1.429184675e-01 
  1.411385089e-01 
  1.392273754e-01 
  1.377133876e-01 
  1.300839186e-01 
  1.383577883e-01 
  1.407740563e-01 
  1.405955106e-01 
  1.399456561e-01 
  1.390524656e-01 
  1.360195279e-01 
  1.356107593e-01 
  1.346426159e-01 
  1.295706630e-01 
  1.237952709e-01 
  1.315014064e-01 
  1.320472062e-01 
  1.316896826e-01 
  1.243861094e-01 
  1.260911375e-01 
  1.301650852e-01 
  1.297406554e-01 
  1.305261254e-01 
  1.280355752e-01 
  1.193204373e-01 
  1.267431378e-01 
  1.220579520e-01 
  1.256564409e-01 
  1.264009327e-01 
  1.253430247e-01 
  1.255798936e-01 
  1.255977154e-01 
  1.255744845e-01 
  1.248890311e-01 
  1.233437806e-01 
  1.238188520e-01 
  1.233157367e-01 
  1.223228127e-01 
  1.214056611e-01 
  1.224531233e-01 
  1.214894727e-01 
  1.216583997e-01 
  1.173802614e-01 
  1.209189445e-01 
  1.205817387e-01 
  1.199842021e-01 
  1.196912900e-01 
  1.179709211e-01 
  1.185220703e-01 
  1.179538742e-01 
  1.168283597e-01 
  1.171875671e-01 
  1.168688387e-01 
  1.164097041e-01 
  1.146907434e-01 
  1.137539446e-01 
  1.143130958e-01 
  1.131915748e-01 
  1.115091518e-01 
  1.099965647e-01 
  1.114265770e-01 
  1.100955829e-01 
  1.090305150e-01 
  1.094113067e-01 
  1.085464284e-01 
  1.076325625e-01 
  1.063700542e-01 
  1.055178344e-01 
  1.041169316e-01 
  1.037075669e-01 
  1.029154956e-01 
  1.020904779e-01 
  1.002182588e-01 
  9.965441376e-02 
  9.763584286e-02 
  9.680505097e-02 
  9.561055154e-02 
  9.196633846e-02 
  9.225066751e-02 
  9.016408771e-02 
  8.990265429e-02 
  8.969215304e-02 
  8.716705441e-02 
  8.539186418e-02 
  8.564461768e-02 
  8.798737824e-02 
  8.904307336e-02 
  8.917871118e-02 
  8.939699084e-02 
  8.927007765e-02 
  8.992681652e-02 
  9.010691941e-02 
  9.003259242e-02 
  8.980983496e-02 
  8.917047828e-02 
  8.875722438e-02 
  8.633407205e-02 
  7.672192901e-02 
  8.420388401e-02 
  8.753017336e-02 
  8.806565404e-02 
  8.772045374e-02 
  8.782276511e-02 
  8.623623103e-02 
  8.629029244e-02 
  8.406633139e-02 
  8.512714505e-02 
  8.562437445e-02 
  8.551253378e-02 
  8.358710259e-02 
  8.371016383e-02 
  8.298397064e-02 
  8.179983497e-02 
  8.081984520e-02 
  8.138044924e-02 
  8.075913042e-02 
  8.028945327e-02 
  7.873120904e-02 
  7.719565928e-02 
  7.670179009e-02 
  7.679873705e-02 
  7.651161402e-02 
  7.585105300e-02 
  7.506618649e-02 
  7.407876104e-02 
  7.346435636e-02 
  7.302314788e-02 
  7.174457610e-02 
  6.775430590e-02 
  6.908532977e-02 
  6.691896170e-02 
  6.884805113e-02 
  6.934481114e-02 
  6.725699455e-02 
  6.665384769e-02 
  6.448656321e-02 
  6.345958263e-02 
  6.409276277e-02 
  6.508037448e-02 
  6.546034664e-02 
  6.476175785e-02 
  6.329973042e-02 
  6.055311114e-02 
  5.834214762e-02 
  5.240318179e-02 
  5.175300688e-02 
  5.098145455e-02 
  4.996557534e-02 
  5.188748613e-02 
  5.285058171e-02 
  5.350154266e-02 
  5.305573344e-02 
  5.324611813e-02 
  5.358908698e-02 
  5.316210166e-02 
  5.309257284e-02 
  5.359007791e-02 
  5.336611718e-02 
  5.169272050e-02 
  4.954193905e-02 
  4.479250684e-02 
  4.132185131e-02 
  3.958827630e-02 
  3.694003448e-02 
  3.575620428e-02 
  3.314183652e-02 
  3.193963319e-02 
  3.053659946e-02 
  2.860422246e-02 
  2.753010020e-02 
  2.632695064e-02 
  2.530563623e-02 
  2.404446155e-02 
  2.355725691e-02 
  2.217891999e-02 
  2.099295892e-02 
  2.091008984e-02 
  2.062466554e-02 
  2.083414048e-02 
  2.129152231e-02 
  2.126317844e-02 
  2.146924473e-02 
  2.087253332e-02 
  2.070466802e-02 
  2.030413225e-02 
  2.107341401e-02 
  2.227411047e-02 
  2.404527180e-02 
  2.507294901e-02 
  2.576412261e-02 
  2.555271611e-02 
  2.492886223e-02 
  2.474811114e-02 
  2.366985381e-02 
  2.274800837e-02 
  2.113677748e-02 
  2.007418498e-02 
  1.915012300e-02 
  1.923437417e-02 
  1.997467130e-02 
  2.041955292e-02 
  2.146926336e-02 
  2.272165380e-02 
  2.372174710e-02 
  2.416475490e-02 
  2.377467975e-02 
  2.372135967e-02 
  2.266496792e-02 
  2.173377946e-02 
  2.079667896e-02 
  2.101403661e-02 
  2.194838040e-02 
  2.264988609e-02 
  2.266905643e-02 
  2.230340242e-02 
  2.151277475e-02 
  2.165372111e-02 
  2.257743105e-02 
  2.282061242e-02 
  2.243466303e-02 
  2.249163389e-02 
  2.219479717e-02 
  2.222459577e-02 
  2.274142578e-02 
  2.339073457e-02 
  2.418502048e-02 
  2.503849939e-02 
  2.401565574e-02 
  2.480341494e-02 
  2.491704933e-02 
  2.538323961e-02 
  2.570168860e-02 
  2.594537102e-02 
  2.593719400e-02 
  2.558720857e-02 
  2.562686242e-02 
  2.672355436e-02 
  2.640764043e-02 
  2.632686123e-02 
  2.624264359e-02 
  2.644261532e-02 
  2.533647418e-02 
  2.598948777e-02 
  2.671707980e-02 
  2.626432292e-02 
  2.544441633e-02 
  2.457076870e-02 
  2.454442903e-02 
  2.447795495e-02 
  2.378259599e-02 
  2.446517535e-02 
  2.458736300e-02 
  2.469910495e-02 
  2.507219277e-02 
  2.540104464e-02 
  2.400207333e-02 
  2.530405298e-02 
  2.453987300e-02 
  2.489272319e-02 
  2.513851784e-02 
  2.507091500e-02 
  2.562785707e-02 
  2.578140423e-02 
  2.598398365e-02 
  2.573739365e-02 
  2.517287061e-02 
  2.512071468e-02 
  2.530800179e-02 
  2.670170926e-02 
  2.775947191e-02 
  2.802157961e-02 
  2.859510854e-02 
  2.888988331e-02 
  2.931891195e-02 
  2.885643393e-02 
  2.787104622e-02 
  2.750078589e-02 
  2.654459327e-02 
  2.629138343e-02 
  2.604088746e-02 
  2.586280368e-02 
  2.467492223e-02 
  2.486378700e-02 
  2.380737662e-02 
  2.341623418e-02 
  2.300737798e-02 
  2.321969904e-02 
  2.416694164e-02 
  2.552937344e-02 
  2.570048533e-02 
  2.615778893e-02 
  2.612764202e-02 
  2.582497150e-02 
  2.508347854e-02 
  2.492186427e-02 
  2.520510368e-02 
  2.517415956e-02 
  2.587902546e-02 
  2.540861443e-02 
  2.557068877e-02 
  2.592454292e-02 
  2.580860257e-02 
  2.663129382e-02 
  2.327224053e-02 
  2.777510323e-02 
  2.877767384e-02 
  2.953599952e-02 
  2.887625434e-02 
  2.977872640e-02 
  2.963080816e-02 
  2.970243618e-02 
  2.935446799e-02 
  2.999779768e-02 
  3.074450977e-02 
  3.064805456e-02 
  3.144543618e-02 
  3.121481277e-02 
  3.070482798e-02 
  2.738709003e-02 
  2.856951766e-02 
  2.875516005e-02 
  2.907736413e-02 
  3.065584600e-02 
  3.026788123e-02 
  3.050066531e-02 
  3.095533140e-02 
  3.114484437e-02 
  3.056565113e-02 
  3.047127277e-02 
  2.997519076e-02 
  3.057984449e-02 
  3.024911135e-02 
  3.007902764e-02 
  3.073159233e-02 
  3.040638193e-02 
  3.078500368e-02 
  3.026277944e-02 
  3.000887297e-02 
  3.069644235e-02 
  3.034217842e-02 
  2.952866070e-02 
  3.028707579e-02 
  2.993218042e-02 
  3.010761179e-02 
  2.993316390e-02 
  2.797308564e-02 
  2.983417362e-02 
  2.959027514e-02 
  2.937813289e-02 
  2.887028083e-02 
  2.892675065e-02 
  2.923757210e-02 
  2.929207869e-02 
  2.844825760e-02 
  2.899101935e-02 
  2.787445299e-02 
  2.839643136e-02 
  2.849081159e-02 
  2.835575305e-02 
  2.866952866e-02 
  2.872915752e-02 
  2.868062072e-02 
  2.834756486e-02 
  2.744993754e-02 
  2.808018029e-02 
  2.785578743e-02 
  2.764019929e-02 
  2.804246731e-02 
  2.783037908e-02 
  2.673457004e-02 
  2.711249702e-02 
  2.652499638e-02 
  2.732281573e-02 
  2.703804336e-02 
  2.696740814e-02 
  2.643311583e-02 
  2.697792277e-02 
  2.689704113e-02 
  2.640393749e-02 
  2.577158995e-02 
  2.604820020e-02 
  2.548891120e-02 
  2.530098520e-02 
  2.454632521e-02 
  2.439673059e-02 
  2.358614095e-02 
  2.415621094e-02 
  2.405248955e-02 
  2.364273183e-02 
  2.370916866e-02 
  2.199275605e-02 
  2.356719598e-02 
  2.124243975e-02 
  2.320935391e-02 
  2.331990376e-02 
  2.380356006e-02 
  2.358571067e-02 
  2.313338965e-02 
  2.343842201e-02 
  2.324130572e-02 
  2.392379381e-02 
  2.356347255e-02 
  2.328966558e-02 
  2.288929559e-02 
  2.090310305e-02 
  2.246363461e-02 
  2.190618031e-02 
  2.300120704e-02 
  2.342243493e-02 
  2.315976843e-02 
  2.316859551e-02 
  2.164826728e-02 
  2.233519405e-02 
  2.250130288e-02 
  2.147771977e-02 
  2.161665633e-02 
  2.065465599e-02 
  2.108245902e-02 
  2.091410384e-02 
  2.119895071e-02 
  2.083313465e-02 
  2.072688565e-02 
  2.074022032e-02 
  2.090941556e-02 
  2.077698521e-02 
  1.945742406e-02 
  2.005971782e-02 
  2.030425146e-02 
  2.080432326e-02 
  2.054877020e-02 
  2.091355622e-02 
  1.961439103e-02 
  2.020328306e-02 
  2.078091353e-02 
  2.072529681e-02 
  2.020763978e-02 
  1.989079453e-02 
  2.034084313e-02 
  2.072643302e-02 
  2.083281055e-02 
  2.029114217e-02 
  2.046356350e-02 
  2.039055713e-02 
  2.049169131e-02 
  2.042625472e-02 
  1.980322041e-02 
  2.006327733e-02 
  1.999387331e-02 
  1.967634074e-02 
  1.913681813e-02 
  1.960152574e-02 
  1.947672665e-02 
  1.851720549e-02 
  1.833697222e-02 
  1.805509813e-02 
  1.808579452e-02 
  1.790727489e-02 
  1.784090884e-02 
  1.824995503e-02 
  1.792265475e-02 
  1.791054569e-02 
  1.808141172e-02 
  1.820503734e-02 
  1.807809062e-02 
  1.762129366e-02 
  1.802388020e-02 
  1.758506335e-02 
  1.790208369e-02 
  1.768713817e-02 
  1.784200966e-02 
  1.747366972e-02 
  1.779058203e-02 
  1.761845499e-02 
  1.769395173e-02 
  1.733435132e-02 
  1.748962887e-02 
  1.751472242e-02 
  1.733137481e-02 
  1.716260985e-02 
  1.702789031e-02 
  1.681418903e-02 
  1.670476794e-02 
  1.685136557e-02 
  1.652597450e-02 
  1.653387956e-02 
  1.686581038e-02 
  1.671914384e-02 
  1.588961296e-02 
  1.630211249e-02 
  1.633897610e-02 
  1.614818536e-02 
  1.584958471e-02 
  1.589136012e-02 
  1.593597978e-02 
  1.568043046e-02 
  1.510645729e-02 
  1.454931218e-02 
  1.493344177e-02 
  1.526385732e-02 
  1.550917141e-02 
  1.551543921e-02 
  1.529255509e-02 
  1.532563567e-02 
  1.529703755e-02 
  1.507697906e-02 
  1.502695214e-02 
  1.518530492e-02 
  1.517691463e-02 
  1.508754864e-02 
  1.503089536e-02 
  1.499977242e-02 
  1.487638801e-02 
  1.474929601e-02 
  1.480381750e-02 
  1.467381325e-02 
  1.445569005e-02 
  1.444755215e-02 
  1.436583791e-02 
  1.403952297e-02 
  1.425669156e-02 
  1.428756025e-02 
  1.407434419e-02 
  1.400541980e-02 
  1.358558796e-02 
  1.380138472e-02 
  1.391897909e-02 
  1.283125300e-02 
  1.369413361e-02 
  1.372923795e-02 
  1.369887684e-02 
  1.367556397e-02 
  1.357271057e-02 
  1.341438480e-02 
  1.331172790e-02 
  1.339090336e-02 
  1.305112801e-02 
  1.282962970e-02 
  1.301371679e-02 
  1.232943125e-02 
  1.248584967e-02 
  1.263694838e-02 
  1.274103392e-02 
  1.264977735e-02 
  1.234366000e-02 
  1.256788336e-02 
  1.256299391e-02 
  1.235220116e-02 
  1.218194515e-02 
  1.137948222e-02 
  1.157210302e-02 
  1.161198039e-02 
  1.102312002e-02 
  1.084973011e-02 
  1.135350578e-02 
  1.150320470e-02 
  1.151494496e-02 
  1.122197788e-02 
  1.154814288e-02 
  1.133030094e-02 
  1.146067306e-02 
  1.110054553e-02 
  1.115331985e-02 
  1.085390151e-02 
  1.122976374e-02 
  1.111735683e-02 
  1.106579788e-02 
  1.086208969e-02 
  1.091541257e-02 
  1.091824286e-02 
  1.089688577e-02 
  1.070076786e-02 
  1.079126913e-02 
  1.077435073e-02 
  1.066760067e-02 
  1.068699826e-02 
  1.058534812e-02 
  1.036348753e-02 
  1.008333918e-02 
  1.016366668e-02 
  9.923878126e-03 
  1.007406507e-02 
  9.994270280e-03 
  9.970981628e-03 
  9.805915877e-03 
  9.853378870e-03 
  9.669963270e-03 
  9.664963931e-03 
  9.634540416e-03 
  9.614019655e-03 
  9.365005419e-03 
  9.086895734e-03 
  9.042805061e-03 
  8.766338229e-03 
  8.603199385e-03 
  8.670141920e-03 
  8.588783443e-03 
  8.557793684e-03 
  8.426033892e-03 
  8.268095553e-03 
  8.256440051e-03 
  8.200547658e-03 
  8.244231343e-03 
  8.292012848e-03 
  8.243739605e-03 
  7.985393517e-03 
  7.906571962e-03 
  7.690071594e-03 
  7.556993980e-03 
  7.296248339e-03 
  7.030758541e-03 
  7.073016837e-03 
  6.812356412e-03 
  6.534823682e-03 
  6.543321069e-03 
  6.212848239e-03 
  6.166539155e-03 
  5.776510574e-03 
  5.573720206e-03 
  5.535751116e-03 
  5.593203008e-03 
  5.556277931e-03 
  5.395471118e-03 
  5.302989855e-03 
  5.230332725e-03 
  5.072751548e-03 
  4.853786901e-03 
  4.835563712e-03 
  4.647718742e-03 
  4.646820016e-03 
  4.505360499e-03 
  4.244378768e-03 
  4.176349845e-03 
  3.957104404e-03 
  3.682317911e-03 
  3.840496764e-03 
  3.888046835e-03 
  3.906882834e-03 
  3.844659775e-03 
  3.776226658e-03 
  3.865468781e-03 
  3.647623118e-03 
  3.657592461e-03 
  3.530386835e-03 
  3.489433788e-03 
  3.221690888e-03 
  3.177920124e-03 
  3.161826171e-03 
  3.078967100e-03 
  2.959128004e-03 
  2.944301348e-03 
  2.765364014e-03 
  2.763202647e-03 
  2.708977088e-03 
  2.613546792e-03 
  2.719146200e-03 
  2.732630121e-03 
  2.784148324e-03 
  2.809803234e-03 
  2.711755922e-03 
  2.855732571e-03 
  2.836979227e-03 
  2.805581782e-03 
  2.596898703e-03 
  2.667126944e-03 
  2.702353755e-03 
  2.717124298e-03 
  2.695658943e-03 
  2.672631526e-03 
  2.605736023e-03 
  2.644215012e-03 
  2.642527688e-03 
  2.546535805e-03 
  2.642617328e-03 
  2.678351477e-03 
  2.728787716e-03 
  2.689062385e-03 
  2.816071035e-03 
  2.786820522e-03 
  2.794729313e-03 
  2.758818679e-03 
  2.762358403e-03 
  2.586344024e-03 
  2.536742715e-03 
  2.345711458e-03 
  2.395311138e-03 
  2.214632928e-03 
  2.115754876e-03 
  2.092765411e-03 
  2.096811542e-03 
  2.087914152e-03 
  2.039121930e-03 
  1.890912186e-03 
  2.374108415e-03 
  2.559501678e-03 
  2.607343253e-03 
  2.621747553e-03 
  2.694212366e-03 
  2.739340300e-03 
  2.756339265e-03 
  2.762960503e-03 
  2.740797587e-03 
  2.644404536e-03 
  2.768164268e-03 
  2.723634010e-03 
  2.672111150e-03 
  2.565528266e-03 
  2.646331908e-03 
  2.559028333e-03 
  2.448744606e-03 
  2.541323425e-03 
  2.473602071e-03 
  2.368359128e-03 
  2.351688920e-03 
  2.302985173e-03 
  2.260949928e-03 
  2.229980193e-03 
  2.243385185e-03 
  2.204861259e-03 
  2.215408254e-03 
  2.190015046e-03 
  2.271539532e-03 
  2.275180072e-03 
  2.334592165e-03 
  2.285437193e-03 
  2.323858440e-03 
  2.321377862e-03 
  2.312036231e-03 
  2.238929737e-03 
  2.346968278e-03 
  2.398173790e-03 
  2.376822755e-03 
  2.462630393e-03 
  2.469816012e-03 
  2.523544477e-03 
  2.507098950e-03 
  2.485939767e-03 
  2.579923952e-03 
  2.623470267e-03 
  2.588750329e-03 
  2.633915050e-03 
  2.615677891e-03 
  2.624104032e-03 
  2.627189504e-03 
  2.594935009e-03 
  2.542159753e-03 
  2.637153026e-03 
  2.636752091e-03 
  2.711977577e-03 
  2.660636790e-03 
  2.761996351e-03 
  2.776498673e-03 
  2.808071673e-03 
  2.802549163e-03 
  2.848902484e-03 
  2.716104267e-03 
  2.801959636e-03 
  2.823013347e-03 
  2.838786459e-03 
  2.749525476e-03 
  2.616783138e-03 
  2.453372814e-03 
  2.605617279e-03 
  2.762234770e-03 
  2.775314962e-03 
  2.803081414e-03 
  2.686323132e-03 
  2.602879656e-03 
  2.580141881e-03 
  2.643603832e-03 
  2.584913047e-03 
  2.576220548e-03 
  2.522100462e-03 
  2.587699099e-03 
  2.594376449e-03 
  2.698530676e-03 
  2.672629198e-03 
  2.810326638e-03 
  2.748724073e-03 
  2.843998838e-03 
  2.841394395e-03 
  3.081599483e-03 
  3.000102704e-03 
  3.220038489e-03 
  3.223152133e-03 
  3.375017783e-03 
  3.397776745e-03 
  3.540839534e-03 
  3.506813198e-03 
  3.473706311e-03 
  3.561666235e-03 
  3.745107679e-03 
  3.740959102e-03 
  3.816965502e-03 
  3.615192370e-03 
  3.888452658e-03 
  3.759416286e-03 
  3.878718242e-03 
  3.905156860e-03 
  3.938538022e-03 
  3.888367908e-03 
  3.901454387e-03 
  3.815713106e-03 
  3.829411464e-03 
  3.926310223e-03 
  3.896740731e-03 
  3.877747105e-03 
  3.827915527e-03 
  3.767209128e-03 
  3.585259663e-03 
  3.606931306e-03 
  3.439468332e-03 
  3.431911115e-03 
  2.995889401e-03 
  2.933265641e-03 
  2.515213797e-03 
  2.511356259e-03 
  2.106998349e-03 
  2.106197644e-03 
  1.876737340e-03 
  1.871584100e-03 
  1.884979894e-03 
  1.832402544e-03 
  1.950082136e-03 
  1.944841235e-03 
  1.999738393e-03 
  1.999453176e-03 
  2.018453088e-03 
  2.012112178e-03 
  2.047537826e-03 
  2.023454057e-03 
  2.108543180e-03 
  2.101002494e-03 
  2.245224547e-03 
  2.246093005e-03 
  2.469823929e-03 
  2.446506871e-03 
  2.585705137e-03 
  2.671566326e-03 
  2.909293864e-03 
  2.906273352e-03 
  3.056585323e-03 
  3.078252776e-03 
  3.190966556e-03 
  3.195832716e-03 
  3.225822933e-03 
  3.181857988e-03 
  3.258034121e-03 
  3.305933205e-03 
  3.353137756e-03 
  3.343943506e-03 
  3.245823318e-03 
  3.315446898e-03 
  3.338009818e-03 
  3.152775113e-03 
  3.254264593e-03 
  3.274301998e-03 
  3.238582984e-03 
  3.202191787e-03 
  3.160781926e-03 
  3.154064994e-03 
  3.044217592e-03 
  3.036224050e-03 
  3.013895126e-03 
  2.850095509e-03 
  2.860134700e-03 
  2.678588498e-03 
  2.658583922e-03 
  2.542418893e-03 
  2.501773648e-03 
  2.495993627e-03 
  2.510079183e-03 
  2.537966706e-03 
  2.523287432e-03 
  2.570129232e-03 
  2.566051902e-03 
  2.570517827e-03 
  2.497623675e-03 
  2.565180184e-03 
  2.550714649e-03 
  2.393562812e-03 
  2.528996672e-03 
  2.527217381e-03 
  2.536267508e-03 
  2.509935061e-03 
  2.560332650e-03 
  2.469705418e-03 
  2.630611183e-03 
  2.595474012e-03 
  2.722970443e-03 
  2.713665366e-03 
  2.786394907e-03 
  2.777880756e-03 
  2.826550975e-03 
  2.820477122e-03 
  2.768235980e-03 
  2.827600343e-03 
  2.794693457e-03 
  2.832316794e-03 
  2.777534537e-03 
  2.796668792e-03 
  2.814586041e-03 
  2.835827181e-03 
  2.829043195e-03 
  2.846523654e-03 
  2.845104085e-03 
  2.851305529e-03 
  2.824591240e-03 
  2.711627632e-03 
  2.808365738e-03 
  2.829403151e-03 
  2.737661358e-03 
  2.814706415e-03 
  2.803019714e-03 
  2.793864114e-03 
  2.800085349e-03 
  2.802192001e-03 
  2.795917215e-03 
  2.809666097e-03 
  2.761559794e-03 
  2.799532376e-03 
  2.791876672e-03 
  2.797735389e-03 
  2.784073353e-03 
  2.776460489e-03 
  2.757008420e-03 
  2.687715227e-03 
  2.745114267e-03 
  2.733182628e-03 
  2.714172006e-03 
  2.717495896e-03 
  2.710706787e-03 
  2.687102649e-03 
  2.618499100e-03 
  2.674025251e-03 
  2.688166685e-03 
  2.618876053e-03 
  2.671768656e-03 
  2.643767511e-03 
  2.640559338e-03 
  2.596667036e-03 
  2.647782210e-03 
  2.657948527e-03 
  2.606784226e-03 
  2.657625824e-03 
  2.646668581e-03 
  2.632766962e-03 
  2.643678570e-03 
  2.634010976e-03 
  2.627858659e-03 
  2.615030855e-03 
  2.613595920e-03 
  2.513480373e-03 
  2.594360383e-03 
  2.588971285e-03 
  2.571194666e-03 
  2.562965732e-03 
  2.560559660e-03 
  2.539792564e-03 
  2.522384049e-03 
  2.502719872e-03 
  2.473180881e-03 
  2.427011263e-03 
  2.447102685e-03 
  2.443627920e-03 
  2.406890737e-03 
  2.399507677e-03 
  2.374266274e-03 
  2.364055952e-03 
  2.337578451e-03 
  2.338772640e-03 
  2.333483426e-03 
  2.331580501e-03 
  2.321331995e-03 
  2.313831355e-03 
  2.298861509e-03 
  2.287284238e-03 
  2.280782675e-03 
  2.246057848e-03 
  2.244046191e-03 
  2.208532300e-03 
  2.131377580e-03 
  1.911016530e-03 
  2.087604022e-03 
  2.149707638e-03 
  2.202766947e-03 
  2.197131515e-03 
  2.212201944e-03 
  2.199910581e-03 
  2.203776501e-03 
  2.191391774e-03 
  2.190032043e-03 
  2.172603039e-03 
  2.148320433e-03 
  2.160013188e-03 
  2.072976902e-03 
  2.152702538e-03 
  2.145360690e-03 
  2.121392172e-03 
  2.065318171e-03 
  2.112213755e-03 
  2.113692695e-03 
  2.112996066e-03 
  2.106342232e-03 
  2.049428178e-03 
  2.034679754e-03 
  2.055598423e-03 
  2.074644668e-03 
  2.065208973e-03 
  2.035877667e-03 
  2.026865957e-03 
  2.017159248e-03 
  1.987124095e-03 
  1.975719584e-03 
  1.957050059e-03 
  1.950696926e-03 
  1.939919195e-03 
  1.938807196e-03 
  1.932172687e-03 
  1.952919993e-03 
  1.949735801e-03 
  1.940636779e-03 
  1.892443746e-03 
  1.864956925e-03 
  1.959278714e-03 
  1.915309927e-03 
  1.974820159e-03 
  1.969500678e-03 
  1.959637506e-03 
  1.956093125e-03 
  1.944728545e-03 
  1.940576476e-03 
  1.920802752e-03 
  1.889575855e-03 
  1.908618258e-03 
  1.911266125e-03 
  1.901043230e-03 
  1.894340850e-03 
  1.883418066e-03 
  1.878330833e-03 
  1.870315173e-03 
  1.856869669e-03 
  1.821518992e-03 
  1.823431114e-03 
  1.818095101e-03 
  1.831135945e-03 
  1.807113527e-03 
  1.806619228e-03 
  1.803288818e-03 
  1.794064185e-03 
  1.787504763e-03 
  1.773967990e-03 
  1.763648586e-03 
  1.761305612e-03 
  1.737447339e-03 
  1.697935513e-03 
  1.715439488e-03 
  1.729269512e-03 
  1.722450834e-03 
  1.690223347e-03 
  1.700023771e-03 
  1.696832129e-03 
  1.690177480e-03 
  1.685636700e-03 
  1.636148081e-03 
  1.667241799e-03 
  1.649093116e-03 
  1.644224511e-03 
  1.643964904e-03 
  1.616719412e-03 
  1.573524554e-03 
  1.603925601e-03 
  1.588990912e-03 
  1.586127328e-03 
  1.581994817e-03 
  1.580969431e-03 
  1.566316583e-03 
  1.555883558e-03 
  1.556101139e-03 
  1.498667407e-03 
  1.551054418e-03 
  1.539153163e-03 
  1.517165801e-03 
  1.527896617e-03 
  1.525982167e-03 
  1.519787125e-03 
  1.512609073e-03 
  1.497106510e-03 
  1.508288551e-03 
  1.503779436e-03 
  1.496658428e-03 
  1.471857424e-03 
  1.488029142e-03 
  1.485680928e-03 
  1.482592546e-03 
  1.475400757e-03 
  1.468359958e-03 
  1.393596875e-03 
  1.436384628e-03 
  1.438115607e-03 
  1.432892750e-03 
  1.425219118e-03 
  1.420246204e-03 
  1.420613262e-03 
  1.413204707e-03 
  1.396359527e-03 
  1.393869985e-03 
  1.371523016e-03 
  1.375889289e-03 
  1.370777260e-03 
  1.294106594e-03 
  1.326070284e-03 
  1.318527618e-03 
  1.292881672e-03 
  1.319268020e-03 
  1.321127871e-03 
  1.315310597e-03 
  1.312024775e-03 
  1.326343277e-03 
  1.320108422e-03 
  1.313468907e-03 
  1.328167622e-03 
  1.327256439e-03 
  1.327889739e-03 
  1.325373538e-03 
  1.314614899e-03 
  1.305268961e-03 
  1.307090977e-03 
  1.298721530e-03 
  1.281676115e-03 
  1.271996764e-03 
  1.223854837e-03 
  1.239623642e-03 
  1.225447282e-03 
  1.247316599e-03 
  1.240169047e-03 
  1.218665158e-03 
  1.224140753e-03 
  1.221075538e-03 
  1.163445180e-03 
  1.193689997e-03 
  1.201362815e-03 
  1.188127906e-03 
  1.208606176e-03 
  1.214609365e-03 
  1.202222193e-03 
  1.198089332e-03 
  1.190604176e-03 
  1.178620267e-03 
  1.175780315e-03 
  1.151566510e-03 
  1.133261248e-03 
  1.139287953e-03 
  1.121494570e-03 
  1.113788574e-03 
  1.083108829e-03 
  1.095941756e-03 
  1.095386688e-03 
  1.082371222e-03 
  1.075419947e-03 
  1.070455299e-03 
  1.060335431e-03 
  1.061052666e-03 
  1.053054351e-03 
  1.050187391e-03 
  1.053415122e-03 
  1.044954523e-03 
  1.050204621e-03 
  1.032126369e-03 
  1.001025434e-03 
  1.025307807e-03 
  1.035236986e-03 
  1.046072575e-03 
  1.035843743e-03 
  1.034339308e-03 
  1.051689498e-03 
  1.050810795e-03 
  1.041338081e-03 
  1.027728547e-03 
  1.024544123e-03 
  1.025510603e-03 
  9.989710525e-04 
  9.993356653e-04 
  9.703189135e-04 
  9.638189804e-04 
  9.529807721e-04 
  9.321079706e-04 
  9.413250373e-04 
  9.400346316e-04 
  9.416393004e-04 
  8.941568667e-04 
  9.223489324e-04 
  9.409545455e-04 
  9.363460704e-04 
  9.320113459e-04 
  9.435830289e-04 
  9.389377665e-04 
  9.343093261e-04 
  9.349987959e-04 
  8.886470459e-04 
  8.869217127e-04 
  8.922824054e-04 
  8.973152144e-04 
  8.876225329e-04 
  9.099055897e-04 
  9.051055531e-04 
  9.162105271e-04 
  9.130887338e-04 
  9.090403910e-04 
  9.040702716e-04 
  9.142833878e-04 
  9.046916966e-04 
  9.045582847e-04 
  9.072716348e-04 
  8.994054515e-04 
  8.991911309e-04 
  8.893021150e-04 
  8.850803715e-04 
  8.880999521e-04 
  8.801345248e-04 
  8.650128730e-04 
  8.692697156e-04 
  8.552107611e-04 
  8.454153431e-04 
  8.454852505e-04 
  8.413633914e-04 
  8.267493104e-04 
  8.261500043e-04 
  8.237480070e-04 
  8.109125774e-04 
  7.813862758e-04 
  7.785008638e-04 
  7.519702776e-04 
  7.846003282e-04 
  7.901205681e-04 
  8.137802361e-04 
  8.037406369e-04 
  8.069804753e-04 
  8.181735757e-04 
  8.110760245e-04 
  8.121432038e-04 
  8.091175696e-04 
  8.179777651e-04 
  8.076963131e-04 
  8.056798833e-04 
  8.097795071e-04 
  8.036026265e-04 
  7.924686070e-04 
  7.960633957e-04 
  7.919939817e-04 
  7.649597246e-04 
  7.553277537e-04 
  7.751774392e-04 
  7.688079495e-04 
  7.491189754e-04 
  7.670633495e-04 
  7.520014187e-04 
  7.420437760e-04 
  7.453904254e-04 
  7.212506607e-04 
  7.164777489e-04 
  7.005956722e-04 
  6.792562781e-04 
  6.796952803e-04 
  6.713515613e-04 
  6.702610408e-04 
  6.738461670e-04 
  6.681133527e-04 
  6.667075213e-04 
  6.759866374e-04 
  6.941973697e-04 
  6.859244313e-04 
  6.836074754e-04 
  6.579784676e-04 
  6.916583516e-04 
  6.952970871e-04 
  6.898906431e-04 
  6.778580137e-04 
  6.785175647e-04 
  6.720247911e-04 
  6.617495092e-04 
  6.554808933e-04 
  6.493026158e-04 
  6.329033058e-04 
  6.318143569e-04 
  6.256761262e-04 
  5.746862735e-04 
  5.982324947e-04 
  5.948762991e-04 
  5.842128885e-04 
  5.728670512e-04 
  5.822002422e-04 
  5.522937863e-04 
  5.594670074e-04 
  5.558428238e-04 
  5.115997046e-04 
  5.181681481e-04 
  5.082507269e-04 
  4.911488504e-04 
  4.767028731e-04 
  4.981659586e-04 
  4.784054472e-04 
  4.747055355e-04 
  4.480554780e-04 
  4.671062343e-04 
  4.659788974e-04 
  4.676052777e-04 
  4.651205963e-04 
  4.662188003e-04 
  4.580462701e-04 
  4.670711060e-04 
  4.611599725e-04 
  4.574688501e-04 
  4.665525048e-04 
  4.625723814e-04 
  4.639452382e-04 
  4.575877974e-04 
