  2.410312928e-02 
  8.140304685e-02 
  1.057376862e-01 
  3.537869751e-01 
  4.451533854e-01 
  1.013092518e+00 
  1.244704127e+00 
  2.130863190e+00 
  2.987488031e+00 
  3.452617884e+00 
  4.479274273e+00 
  9.084842682e+00 
  8.409537315e+00 
  1.143270588e+01 
  1.193244743e+01 
  1.554837608e+01 
  1.236187649e+01 
  1.854100037e+01 
  1.843181229e+01 
  2.244959259e+01 
  1.992539978e+01 
  2.788348770e+01 
  2.284847260e+01 
  2.114879608e+01 
  2.775415611e+01 
  2.903487587e+01 
  4.247027969e+01 
  4.295328140e+01 
  3.359444809e+01 
  4.263214111e+01 
  4.442948914e+01 
  3.472086716e+01 
  3.953469467e+01 
  4.469815826e+01 
  3.654885101e+01 
  4.007256699e+01 
  3.010487175e+01 
  2.825425339e+01 
  3.453706360e+01 
  3.484864807e+01 
  3.856684875e+01 
  3.263693619e+01 
  3.414477539e+01 
  3.402695847e+01 
  3.039760780e+01 
  3.911995697e+01 
  4.321078491e+01 
  4.085906219e+01 
  3.822533035e+01 
  4.167969894e+01 
  4.232642365e+01 
  3.991794205e+01 
  4.059054184e+01 
  3.682337570e+01 
  4.222363663e+01 
  4.249191666e+01 
  3.989306259e+01 
  2.530865288e+01 
  2.730548859e+01 
  2.727477837e+01 
  4.016927338e+01 
  3.164910507e+01 
  3.450959778e+01 
  3.647333145e+01 
  3.616140747e+01 
  3.362411880e+01 
  4.583576965e+01 
  4.072461700e+01 
  3.813221359e+01 
  3.641693497e+01 
  4.158232117e+01 
  3.296998978e+01 
  3.445228577e+01 
  3.407885742e+01 
  2.619163704e+01 
  2.380349159e+01 
  3.377586746e+01 
  3.426816177e+01 
  4.392716980e+01 
  3.351254654e+01 
  3.110991478e+01 
  3.462157059e+01 
  2.564442444e+01 
  1.770880508e+01 
  1.929858971e+01 
  2.874610329e+01 
  2.208037758e+01 
  2.507298851e+01 
  2.456176376e+01 
  2.767146301e+01 
  3.316652679e+01 
  3.667585373e+01 
  3.221579742e+01 
  1.707044029e+01 
  1.867009735e+01 
  3.097460175e+01 
  3.150925636e+01 
  1.267414761e+01 
  3.504557037e+01 
  4.152964401e+01 
  4.032326889e+01 
  3.958154297e+01 
  4.142839432e+01 
  3.832136154e+01 
  4.067186737e+01 
  3.683835602e+01 
  3.611042786e+01 
  3.473769760e+01 
  3.717209244e+01 
  4.064208603e+01 
  3.356416321e+01 
  3.893421936e+01 
  3.985182953e+01 
  3.718960953e+01 
  3.605244827e+01 
  3.798930359e+01 
  3.730532837e+01 
  3.573724747e+01 
  3.454082870e+01 
  3.496527100e+01 
  2.924308968e+01 
  3.620384216e+01 
  3.428054810e+01 
  2.861083603e+01 
  3.110056114e+01 
  3.183247566e+01 
  3.024189568e+01 
  2.875024414e+01 
  2.877323341e+01 
  2.587301445e+01 
  2.040715408e+01 
  1.813614655e+01 
  3.226990128e+01 
  2.839567375e+01 
  2.668069458e+01 
  2.869762993e+01 
  3.146045876e+01 
  3.140496445e+01 
  2.781530190e+01 
  2.661401558e+01 
  2.949506760e+01 
  2.907138824e+01 
  3.027740479e+01 
  3.014185905e+01 
  2.961501503e+01 
  3.080806160e+01 
  2.712181473e+01 
  3.059567451e+01 
  3.076987076e+01 
  3.064716530e+01 
  3.098024940e+01 
  3.312224960e+01 
  3.046127129e+01 
  2.797390747e+01 
  2.950616074e+01 
  2.939424515e+01 
  2.978203964e+01 
  2.962745094e+01 
  2.879496765e+01 
  2.848406982e+01 
  2.793574142e+01 
  2.864156723e+01 
  2.787699699e+01 
  2.759016418e+01 
  2.740038109e+01 
  2.672700500e+01 
  2.729484940e+01 
  2.606541824e+01 
  2.730726433e+01 
  2.678289413e+01 
  2.613509560e+01 
  2.581139946e+01 
  2.584755898e+01 
  2.528830147e+01 
  2.521361351e+01 
  2.594108963e+01 
  2.485923004e+01 
  2.435653114e+01 
  2.529709435e+01 
  2.391049004e+01 
  2.414411545e+01 
  2.376157761e+01 
  2.402153969e+01 
  2.380913162e+01 
  2.266525078e+01 
  2.260367203e+01 
  1.814646339e+01 
  2.019779587e+01 
  2.171798897e+01 
  1.999356651e+01 
  2.254224205e+01 
  2.088643456e+01 
  1.987314224e+01 
  2.119296074e+01 
  2.027258873e+01 
  2.145940399e+01 
  2.068801308e+01 
  1.986540985e+01 
  1.920049095e+01 
  1.896142960e+01 
  1.868861008e+01 
  1.808642769e+01 
  1.778835106e+01 
  1.866099167e+01 
  1.718959808e+01 
  1.835671043e+01 
  1.946784973e+01 
  1.794507599e+01 
  1.705010223e+01 
  1.821586609e+01 
  1.748726845e+01 
  1.732982826e+01 
  1.801958466e+01 
  1.633916855e+01 
  1.584839153e+01 
  1.603037453e+01 
  1.668004608e+01 
  1.216941166e+01 
  1.492254066e+01 
  1.400306511e+01 
  1.527058029e+01 
  1.513398457e+01 
  1.558446407e+01 
  1.437925243e+01 
  1.545246410e+01 
  1.518317223e+01 
  1.433297634e+01 
  1.240111446e+01 
  1.475129795e+01 
  1.502542305e+01 
  1.406277180e+01 
  1.516229248e+01 
  1.432891846e+01 
  1.247187996e+01 
  1.344120121e+01 
  1.359234047e+01 
  1.429527378e+01 
  1.314526272e+01 
  1.363862133e+01 
  1.347349930e+01 
  1.306930256e+01 
  1.187893963e+01 
  1.313475132e+01 
  1.245403767e+01 
  1.302051735e+01 
  1.271359348e+01 
  1.232165337e+01 
  1.273268890e+01 
  1.171082115e+01 
  1.221751499e+01 
  1.184599495e+01 
  1.167114735e+01 
  1.207054806e+01 
  1.149902630e+01 
  1.177400494e+01 
  1.170730877e+01 
  1.128831863e+01 
  1.086032772e+01 
  1.117732430e+01 
  1.047556114e+01 
  1.043232536e+01 
  1.136815071e+01 
  1.034472179e+01 
  1.073091316e+01 
  1.048940086e+01 
  1.052156734e+01 
  9.617403984e+00 
  1.022231102e+01 
  1.009033108e+01 
  9.787478447e+00 
  9.756927490e+00 
  9.340540886e+00 
  9.776721954e+00 
  9.789399147e+00 
  9.656762123e+00 
  9.342922211e+00 
  9.104224205e+00 
  9.419371605e+00 
  9.088840485e+00 
  8.967924118e+00 
  9.228867531e+00 
  9.021860123e+00 
  9.109563828e+00 
  9.120153427e+00 
  9.036067009e+00 
  8.921138763e+00 
  8.483428001e+00 
  8.747047424e+00 
  8.586003304e+00 
  7.541221619e+00 
  7.818463326e+00 
  8.261014938e+00 
  8.040112495e+00 
  8.082710266e+00 
  8.095566750e+00 
  7.875246525e+00 
  8.023653984e+00 
  7.980732441e+00 
  7.763353348e+00 
  7.708003998e+00 
  7.658108234e+00 
  7.558455467e+00 
  7.421174049e+00 
  7.418416977e+00 
  7.608049393e+00 
  7.542668343e+00 
  7.408056736e+00 
  7.319805622e+00 
  7.246882439e+00 
  7.127018929e+00 
  6.968686104e+00 
  7.037862778e+00 
  6.903127670e+00 
  6.759979725e+00 
  6.475315094e+00 
  6.743242741e+00 
  6.371502399e+00 
  6.367274284e+00 
  6.624904156e+00 
  6.521519184e+00 
  6.574656487e+00 
  6.643644810e+00 
  6.251186848e+00 
  6.257293701e+00 
  6.221767902e+00 
  6.012084961e+00 
  5.999492168e+00 
  6.044645786e+00 
  5.845085621e+00 
  6.005549431e+00 
  5.772243023e+00 
  5.962982178e+00 
  5.527328014e+00 
  5.906790257e+00 
  5.707409382e+00 
  5.783263206e+00 
  5.553666115e+00 
  5.709703445e+00 
  5.773662567e+00 
  5.697077274e+00 
  5.491652489e+00 
  5.541732788e+00 
  5.446837902e+00 
  5.506883144e+00 
  5.413655758e+00 
  5.423889637e+00 
  5.180451870e+00 
  5.215613842e+00 
  5.171487808e+00 
  5.248018742e+00 
  4.845138073e+00 
  5.188532829e+00 
  5.049263954e+00 
  5.132317543e+00 
  5.034118652e+00 
  4.868546009e+00 
  4.110531330e+00 
  4.363519669e+00 
  4.836500168e+00 
  4.817625046e+00 
  4.829647064e+00 
  4.829332352e+00 
  4.873718739e+00 
  4.790559292e+00 
  4.688497543e+00 
  4.682457447e+00 
  4.712928295e+00 
  4.593857288e+00 
  4.594979763e+00 
  4.634953499e+00 
  4.553709030e+00 
  4.480268955e+00 
  4.440536022e+00 
  4.447170258e+00 
  4.430741787e+00 
  4.338556767e+00 
  4.395490646e+00 
  4.283543587e+00 
  4.329650879e+00 
  4.243931770e+00 
  4.185846329e+00 
  4.165159225e+00 
  4.132421494e+00 
  4.135445118e+00 
  4.035970688e+00 
  4.059715271e+00 
  3.848189354e+00 
  3.392710209e+00 
  3.493865252e+00 
  3.448657274e+00 
  3.508486986e+00 
  3.593022585e+00 
  3.610887289e+00 
  3.604694128e+00 
  3.600735664e+00 
  3.547416687e+00 
  3.585684061e+00 
  3.644094944e+00 
  3.540565968e+00 
  3.523348570e+00 
  3.471804619e+00 
  3.361822605e+00 
  3.335532665e+00 
  3.412516832e+00 
  3.405133963e+00 
  3.390657902e+00 
  3.339377403e+00 
  3.277299643e+00 
  3.361098051e+00 
  3.238950253e+00 
  3.277587891e+00 
  3.243144751e+00 
  3.194647789e+00 
  3.150770664e+00 
  3.181711435e+00 
  3.034416437e+00 
  3.076544046e+00 
  2.864944935e+00 
  2.767409801e+00 
  2.696893930e+00 
  2.667073965e+00 
  2.800467491e+00 
  2.883229256e+00 
  2.827208519e+00 
  2.738864899e+00 
  2.706133127e+00 
  2.682047367e+00 
  2.718551636e+00 
  2.644001007e+00 
  2.555599689e+00 
  2.629746914e+00 
  2.565500975e+00 
  2.653549433e+00 
  2.652760506e+00 
  2.720397711e+00 
  2.673801184e+00 
  2.592153788e+00 
  2.624550819e+00 
  2.620896339e+00 
  2.529529095e+00 
  2.556722641e+00 
  2.532567978e+00 
  2.481273651e+00 
  2.547853708e+00 
  2.562644720e+00 
  2.485938549e+00 
  2.509686232e+00 
  2.535437346e+00 
  2.477715731e+00 
  2.466042280e+00 
  2.415460110e+00 
  2.396433592e+00 
  2.422408342e+00 
  2.387341976e+00 
  2.412178516e+00 
  2.385645390e+00 
  2.326610565e+00 
  2.331030130e+00 
  2.310077906e+00 
  2.066474199e+00 
  9.844864011e-01 
  8.910545111e-01 
  1.419633150e+00 
  1.266785622e+00 
  1.353334188e+00 
  1.564353704e+00 
  1.725201368e+00 
  1.864179015e+00 
  2.017875195e+00 
  2.063790798e+00 
  2.078504801e+00 
  2.084982872e+00 
  2.069832087e+00 
  2.052326202e+00 
  2.065458298e+00 
  1.978554249e+00 
  2.049939156e+00 
  2.025106192e+00 
  2.003503799e+00 
  1.999276876e+00 
  1.963985920e+00 
  1.951085091e+00 
  1.964053750e+00 
  1.907950282e+00 
  1.907898784e+00 
  1.899997711e+00 
  1.853449225e+00 
  1.865027308e+00 
  1.823771954e+00 
  1.812286139e+00 
  1.783530116e+00 
  1.767421126e+00 
  1.732555151e+00 
  1.726878881e+00 
  1.711098433e+00 
  1.686347127e+00 
  1.689582348e+00 
  1.696076155e+00 
  1.698840141e+00 
  1.686319828e+00 
  1.626701236e+00 
  1.649317384e+00 
  1.636998534e+00 
  1.606374145e+00 
  1.616103888e+00 
  1.570486307e+00 
  1.609002233e+00 
  1.591455579e+00 
  1.571299076e+00 
  1.534019828e+00 
  1.516264319e+00 
  1.526379108e+00 
  1.505056500e+00 
  1.481062293e+00 
  1.458645344e+00 
  1.420216799e+00 
  1.381590843e+00 
  1.383920670e+00 
  1.370082259e+00 
  1.332639694e+00 
  1.321226597e+00 
  1.384718418e+00 
  1.319362640e+00 
  1.280309916e+00 
  1.335643411e+00 
  1.356444478e+00 
  1.353161693e+00 
  1.338295460e+00 
  1.310217619e+00 
  1.309641242e+00 
  1.289894342e+00 
  1.262742519e+00 
  1.283079624e+00 
  1.241189122e+00 
  1.258258700e+00 
  1.263644457e+00 
  1.269217253e+00 
  1.252291083e+00 
  1.254934907e+00 
  1.212311387e+00 
  1.239611745e+00 
  1.234319091e+00 
  1.222848058e+00 
  1.213736534e+00 
  1.190191507e+00 
  1.203518510e+00 
  1.208472490e+00 
  1.162469149e+00 
  1.189870596e+00 
  1.186527729e+00 
  1.020156980e+00 
  1.162088275e+00 
  1.112737656e+00 
  1.121761084e+00 
  8.974629045e-01 
  9.838897586e-01 
  1.111951232e+00 
  1.124962687e+00 
  1.101934791e+00 
  1.097439408e+00 
  1.082836270e+00 
  1.077598691e+00 
  1.069221973e+00 
  1.084515691e+00 
  1.077392340e+00 
  1.052451611e+00 
  8.786512017e-01 
  9.312120676e-01 
  1.005176067e+00 
  9.864455462e-01 
  1.022256374e+00 
  1.016049743e+00 
  1.007322907e+00 
  1.006495953e+00 
  9.797576070e-01 
  9.661840200e-01 
  9.694896340e-01 
  9.841634631e-01 
  9.624244571e-01 
  9.601204991e-01 
  9.498995543e-01 
  8.961555958e-01 
  9.410858154e-01 
  9.155185223e-01 
  9.190857410e-01 
  9.237966537e-01 
  8.887602687e-01 
  8.760787249e-01 
  8.981144428e-01 
  9.001838565e-01 
  8.928283453e-01 
  8.837006688e-01 
  8.742315173e-01 
  8.295840025e-01 
  8.494021893e-01 
  7.915274501e-01 
  8.039022684e-01 
  7.669770122e-01 
  7.580459714e-01 
  7.356120348e-01 
  7.164716721e-01 
  6.935249567e-01 
  6.785604358e-01 
  7.418893576e-01 
  7.685298920e-01 
  7.623650432e-01 
  7.268811464e-01 
  7.155907154e-01 
  6.804942489e-01 
  6.663815975e-01 
  6.731794477e-01 
  6.764991283e-01 
  6.709896922e-01 
  6.663399339e-01 
  6.675990224e-01 
  6.594585776e-01 
  6.664313078e-01 
  6.566926837e-01 
  6.550718546e-01 
  6.767912507e-01 
  6.800015569e-01 
  6.594967246e-01 
  6.504911184e-01 
  6.172451973e-01 
  6.326539516e-01 
  6.375229955e-01 
  6.115950346e-01 
  6.224555373e-01 
  6.099406481e-01 
  5.797710419e-01 
  5.522564650e-01 
  5.244439244e-01 
  4.860039353e-01 
  4.635135531e-01 
  4.363068938e-01 
  4.257650673e-01 
  4.288310111e-01 
  4.345069528e-01 
  4.512612820e-01 
  5.177351832e-01 
  5.230093002e-01 
  5.006167889e-01 
  4.599523544e-01 
  4.501076937e-01 
  4.336801469e-01 
  4.469648600e-01 
  4.517853558e-01 
  4.573720396e-01 
  4.642407894e-01 
  4.630335569e-01 
  4.596000016e-01 
  4.684734941e-01 
  4.522117674e-01 
  4.591176510e-01 
  4.636261463e-01 
  4.232470095e-01 
  4.478698671e-01 
  4.730550647e-01 
  4.784449637e-01 
  4.737773538e-01 
  4.661030173e-01 
  4.569923282e-01 
  4.594431818e-01 
  4.714719355e-01 
  4.663058817e-01 
  4.686990976e-01 
  4.541025460e-01 
  4.762259722e-01 
  4.867671430e-01 
  4.962475300e-01 
  4.960301518e-01 
  4.893728197e-01 
  4.883283079e-01 
  4.763973355e-01 
  4.608992934e-01 
  4.573546648e-01 
  4.658281803e-01 
  4.601288736e-01 
  4.689006209e-01 
  4.555452764e-01 
  4.686785042e-01 
  4.719999731e-01 
  4.670732915e-01 
  4.685196877e-01 
  4.683438540e-01 
  4.690406919e-01 
  4.670208395e-01 
  4.720629156e-01 
  4.647057652e-01 
  4.571572840e-01 
  4.595532119e-01 
  4.628164172e-01 
  4.570607543e-01 
  4.548988640e-01 
  4.566964507e-01 
  4.524212778e-01 
  4.504663944e-01 
  4.485442340e-01 
  4.444267750e-01 
  4.412463307e-01 
  4.361527264e-01 
  4.358477592e-01 
  4.315943718e-01 
  4.252617955e-01 
  4.210450649e-01 
  3.921217620e-01 
  4.111709893e-01 
  4.166284800e-01 
  4.152615666e-01 
  4.092118442e-01 
  4.099063873e-01 
  4.080152512e-01 
  4.072777629e-01 
  4.029626250e-01 
  4.042063355e-01 
  3.951937854e-01 
  3.963403702e-01 
  3.910309970e-01 
  3.942466974e-01 
  3.830019832e-01 
  3.809027076e-01 
  3.836420178e-01 
  3.759028912e-01 
  3.810079694e-01 
  3.772073388e-01 
  3.762741387e-01 
  3.757343590e-01 
  3.717583418e-01 
  3.713280857e-01 
  3.646378815e-01 
  3.672451973e-01 
  3.648219705e-01 
  3.622592986e-01 
  3.542323411e-01 
  3.566268682e-01 
  3.514678478e-01 
  3.545464873e-01 
  3.456775248e-01 
  3.477439582e-01 
  3.477404714e-01 
  3.422195911e-01 
  3.426340520e-01 
  3.422773182e-01 
  3.350345790e-01 
  3.369808495e-01 
  3.341278434e-01 
  3.230604231e-01 
  3.276079595e-01 
  3.294069767e-01 
  3.258083165e-01 
  3.224875927e-01 
  3.211678267e-01 
  3.183075786e-01 
  3.171286583e-01 
  3.125123978e-01 
  3.134396076e-01 
  3.112402260e-01 
  3.092479706e-01 
  3.045026362e-01 
  2.937191725e-01 
  3.031226695e-01 
  2.913205326e-01 
  2.980113626e-01 
  2.916537821e-01 
  2.940833569e-01 
  2.924107313e-01 
  2.823478878e-01 
  2.878217697e-01 
  2.855417132e-01 
  2.630613744e-01 
  2.778400481e-01 
  2.772039175e-01 
  2.768993378e-01 
  2.668470442e-01 
  2.753280401e-01 
  2.662498653e-01 
  2.709227800e-01 
  2.691070139e-01 
  2.686145604e-01 
  2.572676539e-01 
  2.630333602e-01 
  2.524509132e-01 
  2.551676631e-01 
  2.469529063e-01 
  2.549400330e-01 
  2.494798303e-01 
  2.521204054e-01 
  2.371049374e-01 
  2.506728470e-01 
  2.386065423e-01 
  2.426176667e-01 
  2.436168939e-01 
  2.363402545e-01 
  2.309169322e-01 
  2.087556273e-01 
  2.252408564e-01 
  2.235896885e-01 
  2.194680870e-01 
  2.115926594e-01 
  2.072132677e-01 
  2.102496028e-01 
  2.096243501e-01 
  1.999077350e-01 
  2.074289024e-01 
  2.044376433e-01 
  2.015764117e-01 
  1.973566264e-01 
  1.968087107e-01 
  1.957345307e-01 
  1.973573714e-01 
  1.973200738e-01 
  1.931578815e-01 
  1.862113625e-01 
  1.787113845e-01 
  1.782057732e-01 
  1.685308814e-01 
  1.615512073e-01 
  1.532950997e-01 
  1.431442946e-01 
  1.345179677e-01 
  1.293807030e-01 
  1.286348850e-01 
  1.226034611e-01 
  1.254388541e-01 
  1.270588189e-01 
  1.230361462e-01 
  1.198815107e-01 
  1.239130497e-01 
  1.220030561e-01 
  1.271035969e-01 
  1.382322311e-01 
  1.426317990e-01 
  1.377755404e-01 
  1.257724017e-01 
  1.100198105e-01 
  1.121081710e-01 
  1.262931526e-01 
  1.357419044e-01 
  1.385055631e-01 
  1.437626034e-01 
  1.420657784e-01 
  1.344785541e-01 
  1.365344822e-01 
  1.302916706e-01 
  1.253069639e-01 
  1.204337627e-01 
  1.224765852e-01 
  1.267232001e-01 
  1.287516505e-01 
  1.302036941e-01 
  1.293069124e-01 
  1.307453662e-01 
  1.311726868e-01 
  1.321345121e-01 
  1.319281012e-01 
  1.354301125e-01 
  1.366554648e-01 
  1.448967159e-01 
  1.476418525e-01 
  1.477967799e-01 
  1.465382576e-01 
  1.455947012e-01 
  1.524491459e-01 
  1.551210284e-01 
  1.520251036e-01 
  1.546829492e-01 
  1.507039219e-01 
  1.529793292e-01 
  1.536585838e-01 
  1.481883973e-01 
  1.519946307e-01 
  1.530884206e-01 
  1.515438706e-01 
  1.494696438e-01 
  1.490587294e-01 
  1.481819153e-01 
  1.453741491e-01 
  1.487283856e-01 
  1.444970965e-01 
  1.433694661e-01 
  1.444351524e-01 
  1.421361566e-01 
  1.407872587e-01 
  1.322488785e-01 
  1.383546740e-01 
  1.412007064e-01 
  1.394377798e-01 
  1.375345439e-01 
  1.360356361e-01 
  1.285084486e-01 
  1.367056072e-01 
  1.391000301e-01 
  1.389334798e-01 
  1.382892430e-01 
  1.374053508e-01 
  1.343990564e-01 
  1.339964420e-01 
  1.330352426e-01 
  1.280227900e-01 
  1.223110929e-01 
  1.299279481e-01 
  1.304664463e-01 
  1.301056445e-01 
  1.228810400e-01 
  1.245629638e-01 
  1.286033839e-01 
  1.281928122e-01 
  1.289731115e-01 
  1.265122741e-01 
  1.178988516e-01 
  1.252311766e-01 
  1.206024811e-01 
  1.241606772e-01 
  1.249040291e-01 
  1.238580644e-01 
  1.240941882e-01 
  1.241168529e-01 
  1.240966693e-01 
  1.234173328e-01 
  1.218876466e-01 
  1.223581731e-01 
  1.218633875e-01 
  1.208840013e-01 
  1.199781746e-01 
  1.210190803e-01 
  1.200680062e-01 
  1.202362478e-01 
  1.160106808e-01 
  1.195106208e-01 
  1.191790551e-01 
  1.185902134e-01 
  1.183009371e-01 
  1.165998429e-01 
  1.171436459e-01 
  1.165802702e-01 
  1.154673174e-01 
  1.158222780e-01 
  1.155069321e-01 
  1.150517017e-01 
  1.133517846e-01 
  1.124238521e-01 
  1.129738912e-01 
  1.118627712e-01 
  1.101984829e-01 
  1.086995602e-01 
  1.101101637e-01 
  1.087915897e-01 
  1.077356264e-01 
  1.081082746e-01 
  1.072500423e-01 
  1.063432992e-01 
  1.050911173e-01 
  1.042446792e-01 
  1.028563753e-01 
  1.024449095e-01 
  1.016560718e-01 
  1.008347422e-01 
  9.897743165e-02 
  9.841281921e-02 
  9.640888125e-02 
  9.557814896e-02 
  9.438788146e-02 
  9.077403694e-02 
  9.104682505e-02 
  8.898194879e-02 
  8.872133493e-02 
  8.850687742e-02 
  8.600759506e-02 
  8.424757421e-02 
  8.449329436e-02 
  8.682641387e-02 
  8.787959069e-02 
  8.802340180e-02 
  8.824747801e-02 
  8.813185990e-02 
  8.878721297e-02 
  8.897162229e-02 
  8.890450746e-02 
  8.869130909e-02 
  8.806516975e-02 
  8.766345680e-02 
  8.527611196e-02 
  7.578634471e-02 
  8.318191767e-02 
  8.647171408e-02 
  8.700416237e-02 
  8.666502684e-02 
  8.676684648e-02 
  8.519522101e-02 
  8.524869382e-02 
  8.305309713e-02 
  8.410380781e-02 
  8.459930867e-02 
  8.449085057e-02 
  8.258695900e-02 
  8.270555735e-02 
  8.198461682e-02 
  8.081219345e-02 
  7.984516025e-02 
  8.039978892e-02 
  7.978621125e-02 
  7.932147384e-02 
  7.778006792e-02 
  7.625567913e-02 
  7.576511055e-02 
  7.585988939e-02 
  7.557542622e-02 
  7.492130250e-02 
  7.414093614e-02 
  7.315829396e-02 
  7.255061716e-02 
  7.211463153e-02 
  7.084199786e-02 
  6.689029187e-02 
  6.819445640e-02 
  6.606028974e-02 
  6.797172874e-02 
  6.846212596e-02 
  6.638994813e-02 
  6.577939540e-02 
  6.362528354e-02 
  6.260700524e-02 
  6.324144453e-02 
  6.422685832e-02 
  6.460837275e-02 
  6.391494721e-02 
  6.246159598e-02 
  5.973134935e-02 
  5.753257498e-02 
  5.165068060e-02 
  5.100099370e-02 
  5.023528636e-02 
  4.923579097e-02 
  5.113448948e-02 
  5.208977684e-02 
  5.273602903e-02 
  5.229790136e-02 
  5.248531327e-02 
  5.282697827e-02 
  5.240593106e-02 
  5.234075338e-02 
  5.282629654e-02 
  5.260599405e-02 
  5.094170570e-02 
  4.881048203e-02 
  4.411178827e-02 
  4.068413749e-02 
  3.897503018e-02 
  3.636530414e-02 
  3.520019725e-02 
  3.262654692e-02 
  3.144370764e-02 
  3.006318584e-02 
  2.816179395e-02 
  2.710458077e-02 
  2.592045255e-02 
  2.491543628e-02 
  2.367415465e-02 
  2.319485508e-02 
  2.183803730e-02 
  2.067069523e-02 
  2.058926970e-02 
  2.030828781e-02 
  2.051411383e-02 
  2.096433751e-02 
  2.093632333e-02 
  2.113908529e-02 
  2.055177279e-02 
  2.038676850e-02 
  1.999233663e-02 
  2.074947394e-02 
  2.193126269e-02 
  2.367399633e-02 
  2.468492463e-02 
  2.536502853e-02 
  2.515666373e-02 
  2.454264462e-02 
  2.436500229e-02 
  2.330393717e-02 
  2.239734307e-02 
  2.081164159e-02 
  1.976578683e-02 
  1.885619015e-02 
  1.893916167e-02 
  1.966765709e-02 
  2.010545693e-02 
  2.113864757e-02 
  2.237039991e-02 
  2.335446514e-02 
  2.379039489e-02 
  2.340625413e-02 
  2.335401066e-02 
  2.231452800e-02 
  2.139843442e-02 
  2.047637478e-02 
  2.069014125e-02 
  2.160929516e-02 
  2.229944803e-02 
  2.231826261e-02 
  2.195847034e-02 
  2.118015103e-02 
  2.131892554e-02 
  2.222795226e-02 
  2.246718481e-02 
  2.208735608e-02 
  2.214352414e-02 
  2.185145952e-02 
  2.188094705e-02 
  2.238931507e-02 
  2.302827872e-02 
  2.380938828e-02 
  2.464926615e-02 
  2.364230715e-02 
  2.441789582e-02 
  2.452986315e-02 
  2.498888969e-02 
  2.530214563e-02 
  2.554244362e-02 
  2.553437091e-02 
  2.519016713e-02 
  2.522916347e-02 
  2.630923502e-02 
  2.599834651e-02 
  2.591925301e-02 
  2.583631873e-02 
  2.603332326e-02 
  2.494430542e-02 
  2.558727004e-02 
  2.630268782e-02 
  2.585502714e-02 
  2.504354529e-02 
  2.417783625e-02 
  2.414904349e-02 
  2.408402972e-02 
  2.340134233e-02 
  2.407406643e-02 
  2.419442497e-02 
  2.430417389e-02 
  2.467190474e-02 
  2.499687672e-02 
  2.362209558e-02 
  2.490541153e-02 
  2.415442467e-02 
  2.450180240e-02 
  2.474512160e-02 
  2.467957325e-02 
  2.522940375e-02 
  2.538228966e-02 
  2.558288351e-02 
  2.534039319e-02 
  2.478464879e-02 
  2.473414689e-02 
  2.492072806e-02 
  2.629686333e-02 
  2.734394558e-02 
  2.760584839e-02 
  2.817497402e-02 
  2.846605889e-02 
  2.888988890e-02 
  2.843150310e-02 
  2.745843679e-02 
  2.709241956e-02 
  2.614724264e-02 
  2.589782700e-02 
  2.565014921e-02 
  2.547272295e-02 
  2.430074662e-02 
  2.448537759e-02 
  2.344374917e-02 
  2.305678837e-02 
  2.265346609e-02 
  2.286384068e-02 
  2.379937284e-02 
  2.514672093e-02 
  2.532033809e-02 
  2.577123232e-02 
  2.574153617e-02 
  2.544203028e-02 
  2.471026592e-02 
  2.454910427e-02 
  2.482979000e-02 
  2.480174974e-02 
  2.549937740e-02 
  2.503675595e-02 
  2.519702725e-02 
  2.554539591e-02 
  2.543417178e-02 
  2.625065669e-02 
  2.294034883e-02 
  2.738743648e-02 
  2.838408761e-02 
  2.913769707e-02 
  2.848779783e-02 
  2.938196994e-02 
  2.923642285e-02 
  2.931135148e-02 
  2.897499129e-02 
  2.961062267e-02 
  3.035430796e-02 
  3.026522510e-02 
  3.105711564e-02 
  3.082830645e-02 
  3.032283857e-02 
  2.704510838e-02 
  2.821431309e-02 
  2.840165421e-02 
  2.872014977e-02 
  3.028271161e-02 
  2.990117855e-02 
  3.013304807e-02 
  3.058282845e-02 
  3.077146597e-02 
  3.019997291e-02 
  3.010725044e-02 
  2.961709350e-02 
  3.021547571e-02 
  2.988903224e-02 
  2.972174622e-02 
  3.036821447e-02 
  3.004862368e-02 
  3.042508662e-02 
  2.991008759e-02 
  2.965920791e-02 
  3.033903986e-02 
  2.998835780e-02 
  2.918379568e-02 
  2.993327193e-02 
  2.958285064e-02 
  2.975659817e-02 
  2.958421037e-02 
  2.764705941e-02 
  2.948623896e-02 
  2.924500220e-02 
  2.903518453e-02 
  2.853352576e-02 
  2.858992666e-02 
  2.889714204e-02 
  2.895172127e-02 
  2.811824530e-02 
  2.865502983e-02 
  2.755157277e-02 
  2.806780674e-02 
  2.816108987e-02 
  2.802817896e-02 
  2.833915316e-02 
  2.839904465e-02 
  2.835083567e-02 
  2.802216448e-02 
  2.713525109e-02 
  2.775826491e-02 
  2.753666230e-02 
  2.732364833e-02 
  2.772138454e-02 
  2.751159482e-02 
  2.642833255e-02 
  2.680218592e-02 
  2.622154914e-02 
  2.701033652e-02 
  2.672868967e-02 
  2.665868960e-02 
  2.613051049e-02 
  2.666887827e-02 
  2.658879012e-02 
  2.610087395e-02 
  2.547478490e-02 
  2.574761026e-02 
  2.519477345e-02 
  2.500636317e-02 
  2.425680310e-02 
  2.410481498e-02 
  2.330087498e-02 
  2.386404574e-02 
  2.376056276e-02 
  2.335656993e-02 
  2.342374995e-02 
  2.172889933e-02 
  2.328444645e-02 
  2.098794281e-02 
  2.293181047e-02 
  2.304206789e-02 
  2.352180146e-02 
  2.330652438e-02 
  2.286168374e-02 
  2.316512540e-02 
  2.297199704e-02 
  2.364786528e-02 
  2.329169400e-02 
  2.302195877e-02 
  2.262585610e-02 
  2.066292614e-02 
  2.220555581e-02 
  2.165449969e-02 
  2.273687348e-02 
  2.315294184e-02 
  2.289346047e-02 
  2.290099859e-02 
  2.139822766e-02 
  2.207528241e-02 
  2.223663777e-02 
  2.122194320e-02 
  2.135675959e-02 
  2.040632255e-02 
  2.082819119e-02 
  2.066245489e-02 
  2.094502933e-02 
  2.058359049e-02 
  2.047906630e-02 
  2.049196325e-02 
  2.065896802e-02 
  2.052812278e-02 
  1.922476292e-02 
  1.982116885e-02 
  2.006455697e-02 
  2.056037076e-02 
  2.030780911e-02 
  2.066961117e-02 
  1.938653924e-02 
  1.996949874e-02 
  2.054044418e-02 
  2.048630640e-02 
  1.997533999e-02 
  1.966195926e-02 
  2.010682598e-02 
  2.048832737e-02 
  2.059368975e-02 
  2.005849592e-02 
  2.022868022e-02 
  2.015660889e-02 
  2.025642991e-02 
  2.019163780e-02 
  1.957562380e-02 
  1.983268932e-02 
  1.976385713e-02 
  1.944983564e-02 
  1.891616732e-02 
  1.937551424e-02 
  1.925241761e-02 
  1.830332726e-02 
  1.812517457e-02 
  1.784587651e-02 
  1.787576079e-02 
  1.769907027e-02 
  1.763347350e-02 
  1.803775690e-02 
  1.771433838e-02 
  1.770237461e-02 
  1.787125133e-02 
  1.799342781e-02 
  1.786784828e-02 
  1.741638780e-02 
  1.781428792e-02 
  1.738074981e-02 
  1.769432612e-02 
  1.748226956e-02 
  1.763534546e-02 
  1.727166772e-02 
  1.758522168e-02 
  1.741508022e-02 
  1.748997532e-02 
  1.713463664e-02 
  1.728800312e-02 
  1.731280610e-02 
  1.713127829e-02 
  1.696418226e-02 
  1.683071442e-02 
  1.661948487e-02 
  1.651141606e-02 
  1.665689237e-02 
  1.633525267e-02 
  1.634286344e-02 
  1.667131670e-02 
  1.652639546e-02 
  1.570642367e-02 
  1.611412875e-02 
  1.615104452e-02 
  1.596244238e-02 
  1.566722989e-02 
  1.570854709e-02 
  1.575213112e-02 
  1.549952384e-02 
  1.493222918e-02 
  1.438156608e-02 
  1.476126350e-02 
  1.508779265e-02 
  1.533026993e-02 
  1.533635706e-02 
  1.511604153e-02 
  1.514915004e-02 
  1.512074191e-02 
  1.490321103e-02 
  1.485354733e-02 
  1.501007378e-02 
  1.500177290e-02 
  1.491346303e-02 
  1.485747844e-02 
  1.482663304e-02 
  1.470466796e-02 
  1.457900368e-02 
  1.463292260e-02 
  1.450441964e-02 
  1.428886876e-02 
  1.428094413e-02 
  1.420016866e-02 
  1.387747563e-02 
  1.409186702e-02 
  1.412237342e-02 
  1.391136646e-02 
  1.384308003e-02 
  1.342816651e-02 
  1.364145707e-02 
  1.375769638e-02 
  1.268254872e-02 
  1.353542786e-02 
  1.356996596e-02 
  1.354001649e-02 
  1.351695228e-02 
  1.341535989e-02 
  1.325893775e-02 
  1.315745246e-02 
  1.323542092e-02 
  1.289896294e-02 
  1.268002857e-02 
  1.286149491e-02 
  1.218473911e-02 
  1.233929675e-02 
  1.248885412e-02 
  1.259203348e-02 
  1.250182092e-02 
  1.219922677e-02 
  1.242099609e-02 
  1.241613459e-02 
  1.220729668e-02 
  1.203866396e-02 
  1.124561112e-02 
  1.143577136e-02 
  1.147454977e-02 
  1.089262776e-02 
  1.072113588e-02 
  1.121878065e-02 
  1.136665512e-02 
  1.137793437e-02 
  1.108835079e-02 
  1.141060889e-02 
  1.119507756e-02 
  1.132366434e-02 
  1.096780784e-02 
  1.101957075e-02 
  1.072396617e-02 
  1.109527797e-02 
  1.098444313e-02 
  1.093336474e-02 
  1.073209289e-02 
  1.078457665e-02 
  1.078706887e-02 
  1.076596603e-02 
  1.057168562e-02 
  1.066113450e-02 
  1.064441819e-02 
  1.053913776e-02 
  1.055830065e-02 
  1.045751199e-02 
  1.023747958e-02 
  9.960736148e-03 
  1.003933791e-02 
  9.800984524e-03 
  9.949310683e-03 
  9.870129637e-03 
  9.847286157e-03 
  9.684268385e-03 
  9.730932303e-03 
  9.549397044e-03 
  9.544460103e-03 
  9.513583034e-03 
  9.493126534e-03 
  9.245060384e-03 
  8.968853392e-03 
  8.925146423e-03 
  8.650976233e-03 
  8.489021100e-03 
  8.555075154e-03 
  8.473809808e-03 
  8.442794904e-03 
  8.312805556e-03 
  8.155835792e-03 
  8.144338615e-03 
  8.089274168e-03 
  8.131925017e-03 
  8.179057389e-03 
  8.131364360e-03 
  7.874414325e-03 
  7.796689868e-03 
  7.581749931e-03 
  7.450011093e-03 
  7.191262674e-03 
  6.928717718e-03 
  6.970363669e-03 
  6.711805705e-03 
  6.437603384e-03 
  6.445976440e-03 
  6.118761376e-03 
  6.073155440e-03 
  5.688351113e-03 
  5.488135852e-03 
  5.450750701e-03 
  5.507281981e-03 
  5.470756441e-03 
  5.312196445e-03 
  5.221117754e-03 
  5.149457138e-03 
  4.994176328e-03 
  4.778667353e-03 
  4.760726355e-03 
  4.575734958e-03 
  4.574850202e-03 
  4.435655195e-03 
  4.178740550e-03 
  4.111763556e-03 
  3.895953065e-03 
  3.625392681e-03 
  3.781166859e-03 
  3.828037530e-03 
  3.846582491e-03 
  3.785261419e-03 
  3.717886051e-03 
  3.805804532e-03 
  3.591415472e-03 
  3.601231379e-03 
  3.476067446e-03 
  3.435728606e-03 
  3.172221594e-03 
  3.129234770e-03 
  3.113387385e-03 
  3.031821921e-03 
  2.913817763e-03 
  2.899262123e-03 
  2.723101061e-03 
  2.720972989e-03 
  2.667610766e-03 
  2.573632170e-03 
  2.677593846e-03 
  2.690830501e-03 
  2.741561038e-03 
  2.766782884e-03 
  2.670237096e-03 
  2.811991377e-03 
  2.793522086e-03 
  2.762620570e-03 
  2.557149157e-03 
  2.626302419e-03 
  2.660996746e-03 
  2.675540978e-03 
  2.654407406e-03 
  2.631738782e-03 
  2.565867035e-03 
  2.603756730e-03 
  2.602097346e-03 
  2.507570665e-03 
  2.602182096e-03 
  2.637351863e-03 
  2.686962252e-03 
  2.647846006e-03 
  2.772804117e-03 
  2.743999707e-03 
  2.751765074e-03 
  2.716443269e-03 
  2.719928510e-03 
  2.546722069e-03 
  2.497880487e-03 
  2.309851348e-03 
  2.358695259e-03 
  2.180849202e-03 
  2.083464060e-03 
  2.060825704e-03 
  2.064790577e-03 
  2.056029160e-03 
  2.007880714e-03 
  1.861942699e-03 
  2.337622689e-03 
  2.520017326e-03 
  2.567120828e-03 
  2.581215696e-03 
  2.652560128e-03 
  2.696946030e-03 
  2.713687485e-03 
  2.720240504e-03 
  2.698420081e-03 
  2.603556728e-03 
  2.725458937e-03 
  2.681615995e-03 
  2.630948788e-03 
  2.526007593e-03 
  2.605595859e-03 
  2.519636182e-03 
  2.411084482e-03 
  2.502261661e-03 
  2.435581526e-03 
  2.332028234e-03 
  2.315613907e-03 
  2.267731819e-03 
  2.226339886e-03 
  2.195875626e-03 
  2.209075494e-03 
  2.171152038e-03 
  2.181519754e-03 
  2.156515140e-03 
  2.236763947e-03 
  2.240349073e-03 
  2.298808424e-03 
  2.250407357e-03 
  2.288233023e-03 
  2.285790397e-03 
  2.276581945e-03 
  2.204599092e-03 
  2.310952172e-03 
  2.361324383e-03 
  2.340301638e-03 
  2.424732083e-03 
  2.431806875e-03 
  2.484663622e-03 
  2.468471415e-03 
  2.447610255e-03 
  2.540145535e-03 
  2.582962858e-03 
  2.548786346e-03 
  2.593261655e-03 
  2.575295744e-03 
  2.583591966e-03 
  2.586635062e-03 
  2.554878825e-03 
  2.502880991e-03 
  2.596406965e-03 
  2.595977625e-03 
  2.670040121e-03 
  2.619421575e-03 
  2.719238168e-03 
  2.733428730e-03 
  2.764512319e-03 
  2.758930903e-03 
  2.804397838e-03 
  2.673674142e-03 
  2.757854760e-03 
  2.778577153e-03 
  2.793701366e-03 
  2.705858089e-03 
  2.574702259e-03 
  2.413919894e-03 
  2.563150134e-03 
  2.717215335e-03 
  2.729177009e-03 
  2.756545553e-03 
  2.640676452e-03 
  2.558651147e-03 
  2.535150154e-03 
  2.597564133e-03 
  2.539212117e-03 
  2.530673519e-03 
  2.477400238e-03 
  2.542321105e-03 
  2.548881806e-03 
  2.651906339e-03 
  2.626452362e-03 
  2.762434538e-03 
  2.701881807e-03 
  2.796322340e-03 
  2.793761902e-03 
  3.031187458e-03 
  2.951023635e-03 
  3.168753115e-03 
  3.171817167e-03 
  3.323286073e-03 
  3.345696256e-03 
  3.488307353e-03 
  3.454891732e-03 
  3.423756221e-03 
  3.510451643e-03 
  3.692572238e-03 
  3.688580357e-03 
  3.764730180e-03 
  3.565718187e-03 
  3.836147720e-03 
  3.708912060e-03 
  3.827576758e-03 
  3.853666829e-03 
  3.887085011e-03 
  3.837625729e-03 
  3.850833746e-03 
  3.766205162e-03 
  3.779910505e-03 
  3.875598311e-03 
  3.846184118e-03 
  3.827437060e-03 
  3.777688835e-03 
  3.717810614e-03 
  3.536949400e-03 
  3.558328841e-03 
  3.390400205e-03 
  3.382969880e-03 
  2.949175192e-03 
  2.887527691e-03 
  2.471401822e-03 
  2.467620187e-03 
  2.066760091e-03 
  2.065974986e-03 
  1.839319710e-03 
  1.834271010e-03 
  1.847186359e-03 
  1.795663266e-03 
  1.911598723e-03 
  1.906463061e-03 
  1.960864058e-03 
  1.960584428e-03 
  1.979524968e-03 
  1.973308390e-03 
  2.008499578e-03 
  1.984874718e-03 
  2.069160808e-03 
  2.061763313e-03 
  2.204998629e-03 
  2.205851488e-03 
  2.428038279e-03 
  2.405119827e-03 
  2.544514369e-03 
  2.629007446e-03 
  2.865457209e-03 
  2.862486523e-03 
  3.012751462e-03 
  3.034108551e-03 
  3.146942472e-03 
  3.151746467e-03 
  3.182696877e-03 
  3.139319364e-03 
  3.215444041e-03 
  3.262716578e-03 
  3.309934866e-03 
  3.300858894e-03 
  3.204347566e-03 
  3.273081034e-03 
  3.295393661e-03 
  3.112523817e-03 
  3.212578595e-03 
  3.232358955e-03 
  3.196719335e-03 
  3.160797991e-03 
  3.119128756e-03 
  3.112500068e-03 
  3.002749756e-03 
  2.994864946e-03 
  2.972840099e-03 
  2.809360391e-03 
  2.819257090e-03 
  2.638465026e-03 
  2.618760336e-03 
  2.503266092e-03 
  2.463247627e-03 
  2.457366325e-03 
  2.471233252e-03 
  2.499164315e-03 
  2.484709257e-03 
  2.531535923e-03 
  2.527519362e-03 
  2.532170853e-03 
  2.460363787e-03 
  2.526843222e-03 
  2.512593754e-03 
  2.357772784e-03 
  2.491181018e-03 
  2.489428502e-03 
  2.498553367e-03 
  2.472612308e-03 
  2.522734459e-03 
  2.433438087e-03 
  2.593203913e-03 
  2.558565931e-03 
  2.685597865e-03 
  2.676420147e-03 
  2.749331528e-03 
  2.740930300e-03 
  2.789863385e-03 
  2.783868229e-03 
  2.732305555e-03 
  2.791425679e-03 
  2.758939518e-03 
  2.796360990e-03 
  2.742273966e-03 
  2.761427080e-03 
  2.779118251e-03 
  2.800370101e-03 
  2.793670632e-03 
  2.811244922e-03 
  2.809842583e-03 
  2.816278022e-03 
  2.789891791e-03 
  2.678315621e-03 
  2.774080029e-03 
  2.794860397e-03 
  2.704401268e-03 
  2.780510113e-03 
  2.769065090e-03 
  2.760019852e-03 
  2.766296035e-03 
  2.768377075e-03 
  2.762317657e-03 
  2.775900764e-03 
  2.728372347e-03 
  2.765947720e-03 
  2.758383518e-03 
  2.764243865e-03 
  2.750744810e-03 
  2.743259072e-03 
  2.724039368e-03 
  2.655593911e-03 
  2.712306567e-03 
  2.700574230e-03 
  2.681790153e-03 
  2.685074694e-03 
  2.678405959e-03 
  2.655082615e-03 
  2.587347757e-03 
  2.642213367e-03 
  2.656287979e-03 
  2.587818773e-03 
  2.640212653e-03 
  2.612541895e-03 
  2.609371673e-03 
  2.566137118e-03 
  2.616650891e-03 
  2.626849804e-03 
  2.576283878e-03 
  2.626668662e-03 
  2.615838544e-03 
  2.602184424e-03 
  2.612969140e-03 
  2.603414236e-03 
  2.597394632e-03 
  2.584715374e-03 
  2.583331428e-03 
  2.484374680e-03 
  2.564325696e-03 
  2.558998764e-03 
  2.541427733e-03 
  2.533278894e-03 
  2.530899597e-03 
  2.510298276e-03 
  2.493091859e-03 
  2.473508939e-03 
  2.444314305e-03 
  2.398489509e-03 
  2.418344375e-03 
  2.414910123e-03 
  2.378412290e-03 
  2.371116541e-03 
  2.346038818e-03 
  2.335949801e-03 
  2.309772884e-03 
  2.310952405e-03 
  2.305724658e-03 
  2.303873189e-03 
  2.293746453e-03 
  2.286341041e-03 
  2.271548612e-03 
  2.260118257e-03 
  2.253693528e-03 
  2.219380811e-03 
  2.217422239e-03 
  2.182329539e-03 
  2.106113825e-03 
  1.888364670e-03 
  2.062909305e-03 
  2.124277642e-03 
  2.176708309e-03 
  2.171184635e-03 
  2.186076948e-03 
  2.173938323e-03 
  2.177758608e-03 
  2.165512182e-03 
  2.164168283e-03 
  2.146944869e-03 
  2.122930018e-03 
  2.134484239e-03 
  2.048437949e-03 
  2.127219690e-03 
  2.119964454e-03 
  2.096233191e-03 
  2.040823689e-03 
  2.087200526e-03 
  2.088662004e-03 
  2.088028239e-03 
  2.081452869e-03 
  2.025210531e-03 
  2.010663971e-03 
  2.031335607e-03 
  2.050074982e-03 
  2.040750813e-03 
  2.011551755e-03 
  2.002647379e-03 
  1.993056852e-03 
  1.963127172e-03 
  1.951860380e-03 
  1.933240099e-03 
  1.926964149e-03 
  1.916317153e-03 
  1.915285364e-03 
  1.908731181e-03 
  1.929450198e-03 
  1.926303841e-03 
  1.917314017e-03 
  1.869966043e-03 
  1.842805417e-03 
  1.936236979e-03 
  1.892785309e-03 
  1.951697981e-03 
  1.946440665e-03 
  1.936693792e-03 
  1.933196210e-03 
  1.921964460e-03 
  1.917833579e-03 
  1.898291521e-03 
  1.867431216e-03 
  1.886214130e-03 
  1.888830797e-03 
  1.878694980e-03 
  1.872071181e-03 
  1.861277618e-03 
  1.856224029e-03 
  1.848302432e-03 
  1.834969968e-03 
  1.800036058e-03 
  1.801925711e-03 
  1.796598779e-03 
  1.809485373e-03 
  1.785673783e-03 
  1.785185072e-03 
  1.781894243e-03 
  1.772721182e-03 
  1.766239759e-03 
  1.752806595e-03 
  1.742610359e-03 
  1.740294974e-03 
  1.716672443e-03 
  1.677632914e-03 
  1.694897423e-03 
  1.708561671e-03 
  1.701824018e-03 
  1.669942518e-03 
  1.679625362e-03 
  1.676420565e-03 
  1.669845893e-03 
  1.665359014e-03 
  1.616399386e-03 
  1.647117781e-03 
  1.629081089e-03 
  1.624271274e-03 
  1.624014112e-03 
  1.596958609e-03 
  1.554291812e-03 
  1.584227546e-03 
  1.569476095e-03 
  1.566646970e-03 
  1.562502119e-03 
  1.561489073e-03 
  1.546986867e-03 
  1.536682481e-03 
  1.536896569e-03 
  1.480196952e-03 
  1.531938324e-03 
  1.520183636e-03 
  1.498448662e-03 
  1.509046881e-03 
  1.507148845e-03 
  1.501030056e-03 
  1.493940479e-03 
  1.478655962e-03 
  1.489699818e-03 
  1.485232846e-03 
  1.478199614e-03 
  1.453704434e-03 
  1.469721086e-03 
  1.467401860e-03 
  1.464377972e-03 
  1.457274426e-03 
  1.450320124e-03 
  1.376446337e-03 
  1.418707543e-03 
  1.420415938e-03 
  1.415246516e-03 
  1.407667296e-03 
  1.402684022e-03 
  1.403046423e-03 
  1.395728439e-03 
  1.378968474e-03 
  1.376509899e-03 
  1.354341046e-03 
  1.358652604e-03 
  1.353604370e-03 
  1.277770381e-03 
  1.309330459e-03 
  1.301882789e-03 
  1.276546624e-03 
  1.302599441e-03 
  1.304464182e-03 
  1.298720133e-03 
  1.295475755e-03 
  1.309746527e-03 
  1.303589554e-03 
  1.297031646e-03 
  1.311737462e-03 
  1.310837455e-03 
  1.311534201e-03 
  1.309048967e-03 
  1.298420830e-03 
  1.289134030e-03 
  1.290933345e-03 
  1.282667392e-03 
  1.265626866e-03 
  1.256068586e-03 
  1.208261237e-03 
  1.223828993e-03 
  1.209833310e-03 
  1.231667236e-03 
  1.224609325e-03 
  1.203099731e-03 
  1.208587317e-03 
  1.205561101e-03 
  1.148826908e-03 
  1.178691513e-03 
  1.186267706e-03 
  1.173326396e-03 
  1.193549484e-03 
  1.199477701e-03 
  1.187195419e-03 
  1.183114247e-03 
  1.175719546e-03 
  1.163726440e-03 
  1.160922344e-03 
  1.136797597e-03 
  1.118726912e-03 
  1.124673057e-03 
  1.106840442e-03 
  1.099235029e-03 
  1.068956219e-03 
  1.081421622e-03 
  1.080874004e-03 
  1.067891601e-03 
  1.061033341e-03 
  1.056135050e-03 
  1.046071178e-03 
  1.046778983e-03 
  1.038884977e-03 
  1.036067610e-03 
  1.039252034e-03 
  1.030905056e-03 
  1.036207657e-03 
  1.018370385e-03 
  9.878597921e-04 
  1.011822722e-03 
  1.021621400e-03 
  1.032514963e-03 
  1.022418845e-03 
  1.020928263e-03 
  1.038120477e-03 
  1.037253067e-03 
  1.027902472e-03 
  1.014311565e-03 
  1.011168701e-03 
  1.012115390e-03 
  9.856477845e-04 
  9.860075079e-04 
  9.570333059e-04 
  9.506222559e-04 
  9.399324190e-04 
  9.192087455e-04 
  9.282982792e-04 
  9.270257433e-04 
  9.287019493e-04 
  8.818718488e-04 
  9.096698486e-04 
  9.280966478e-04 
  9.235511534e-04 
  9.192756843e-04 
  9.308404988e-04 
  9.262579842e-04 
  9.216928156e-04 
  9.223729721e-04 
  8.766471874e-04 
  8.749610861e-04 
  8.802494849e-04 
  8.852144820e-04 
  8.757049800e-04 
  8.976887912e-04 
  8.929533069e-04 
  9.039738798e-04 
  9.008937050e-04 
  8.968878537e-04 
  8.920647088e-04 
  9.021422593e-04 
  8.926779265e-04 
  8.925768198e-04 
  8.952543139e-04 
  8.874780615e-04 
  8.872592007e-04 
  8.775014430e-04 
  8.732863935e-04 
  8.762658690e-04 
  8.684065542e-04 
  8.533568471e-04 
  8.575564134e-04 
  8.436869248e-04 
  8.339275955e-04 
  8.339965716e-04 
  8.299307083e-04 
  8.154039970e-04 
  8.148128400e-04 
  8.124439628e-04 
  7.997286739e-04 
  7.706096512e-04 
  7.677524700e-04 
  7.416151348e-04 
  7.737958804e-04 
  7.792400429e-04 
  8.027384174e-04 
  7.928351406e-04 
  7.960074581e-04 
  8.071730263e-04 
  8.001709357e-04 
  8.012239123e-04 
  7.983111427e-04 
  8.070530603e-04 
  7.968919817e-04 
  7.948882412e-04 
  7.989330334e-04 
  7.928389823e-04 
  7.817774895e-04 
  7.853237912e-04 
  7.812846452e-04 
  7.545275730e-04 
  7.450270350e-04 
  7.646061131e-04 
  7.583255647e-04 
  7.389051025e-04 
  7.565894048e-04 
  7.416229928e-04 
  7.318028947e-04 
  7.351033855e-04 
  7.111450541e-04 
  7.064390811e-04 
  6.906551425e-04 
  6.696185446e-04 
  6.700514350e-04 
  6.617924664e-04 
  6.607176038e-04 
  6.642517983e-04 
  6.586090894e-04 
  6.572233979e-04 
  6.663706154e-04 
  6.844574818e-04 
  6.763007259e-04 
  6.740164245e-04 
  6.487191422e-04 
  6.819635164e-04 
  6.855514366e-04 
  6.802208372e-04 
  6.682905369e-04 
  6.689408910e-04 
  6.625147653e-04 
  6.522844196e-04 
  6.461055600e-04 
  6.400158163e-04 
  6.237518974e-04 
  6.226788391e-04 
  6.166014355e-04 
  5.662268959e-04 
  5.894266069e-04 
  5.861199461e-04 
  5.755723687e-04 
  5.643944023e-04 
  5.735664745e-04 
  5.440044333e-04 
  5.510700285e-04 
  5.475003854e-04 
  5.038496456e-04 
  5.103186704e-04 
  5.005365820e-04 
  4.836367443e-04 
  4.694117524e-04 
  4.905466340e-04 
  4.710629582e-04 
  4.674198572e-04 
  4.411701520e-04 
  4.599171225e-04 
  4.588071897e-04 
  4.604085116e-04 
  4.579649831e-04 
  4.590463068e-04 
  4.509995342e-04 
  4.598699161e-04 
  4.540499067e-04 
  4.504157696e-04 
  4.593654885e-04 
  4.554467450e-04 
  4.567984433e-04 
  4.505244142e-04 
