  1.989635825e-02 
  6.828480959e-02 
  8.981569856e-02 
  3.060005903e-01 
  3.880655169e-01 
  8.977889419e-01 
  1.112708926e+00 
  1.926114678e+00 
  2.720362663e+00 
  3.162891150e+00 
  4.151816845e+00 
  8.456236839e+00 
  7.879017353e+00 
  1.076778698e+01 
  1.125923729e+01 
  1.476873207e+01 
  1.176324749e+01 
  1.769675255e+01 
  1.763091469e+01 
  2.160511017e+01 
  1.907779121e+01 
  2.693737602e+01 
  2.198594284e+01 
  2.043124580e+01 
  2.690912628e+01 
  2.805504227e+01 
  4.121836090e+01 
  4.172220612e+01 
  3.252793121e+01 
  4.147883606e+01 
  4.324389648e+01 
  3.372873306e+01 
  3.850531006e+01 
  4.355449677e+01 
  3.557649231e+01 
  3.907388306e+01 
  2.936831856e+01 
  2.754400444e+01 
  3.368960571e+01 
  3.401510620e+01 
  3.762618256e+01 
  3.186048317e+01 
  3.334449387e+01 
  3.323040009e+01 
  2.967883301e+01 
  3.821646500e+01 
  4.222314835e+01 
  3.993115616e+01 
  3.736196899e+01 
  4.074571228e+01 
  4.138277054e+01 
  3.903256989e+01 
  3.969230270e+01 
  3.601522064e+01 
  4.130205917e+01 
  4.156884003e+01 
  3.903047180e+01 
  2.476339722e+01 
  2.672013283e+01 
  2.669286346e+01 
  3.931594849e+01 
  3.098100853e+01 
  3.378587723e+01 
  3.571302795e+01 
  3.541172028e+01 
  3.293043518e+01 
  4.489531708e+01 
  3.989314270e+01 
  3.735747910e+01 
  3.568064117e+01 
  4.074564743e+01 
  3.230978394e+01 
  3.376568985e+01 
  3.340292358e+01 
  2.567457008e+01 
  2.333572197e+01 
  3.311505508e+01 
  3.360048676e+01 
  4.307453156e+01 
  3.286456680e+01 
  3.051101875e+01 
  3.395849991e+01 
  2.515593719e+01 
  1.737319565e+01 
  1.893460274e+01 
  2.820641899e+01 
  2.166769028e+01 
  2.460642815e+01 
  2.410670280e+01 
  2.716100502e+01 
  3.255733109e+01 
  3.600506592e+01 
  3.162907791e+01 
  1.676086235e+01 
  1.833292198e+01 
  3.041753006e+01 
  3.094491005e+01 
  1.244807434e+01 
  3.442298889e+01 
  4.079484177e+01 
  3.961264038e+01 
  3.888676071e+01 
  4.070406342e+01 
  3.765398026e+01 
  3.996630859e+01 
  3.620175934e+01 
  3.548880386e+01 
  3.414198685e+01 
  3.653705215e+01 
  3.995037460e+01 
  3.299503708e+01 
  3.827647781e+01 
  3.918104553e+01 
  3.656591797e+01 
  3.544964981e+01 
  3.735654449e+01 
  3.668629837e+01 
  3.514640427e+01 
  3.397175980e+01 
  3.439120102e+01 
  2.876461029e+01 
  3.561349869e+01 
  3.372346878e+01 
  2.814746284e+01 
  3.059854889e+01 
  3.132029533e+01 
  2.975685501e+01 
  2.829057884e+01 
  2.831460762e+01 
  2.546184540e+01 
  2.008380318e+01 
  1.784962082e+01 
  3.176155663e+01 
  2.794964409e+01 
  2.626280022e+01 
  2.824941063e+01 
  3.097046280e+01 
  3.091718292e+01 
  2.738445091e+01 
  2.620288849e+01 
  2.904064751e+01 
  2.862466621e+01 
  2.981333923e+01 
  2.968103600e+01 
  2.916336823e+01 
  3.033934402e+01 
  2.671012688e+01 
  3.013244057e+01 
  3.030534363e+01 
  3.018585968e+01 
  3.051528168e+01 
  3.262647629e+01 
  3.000648689e+01 
  2.755729103e+01 
  2.906778717e+01 
  2.895843697e+01 
  2.934120178e+01 
  2.918962097e+01 
  2.837012291e+01 
  2.806446457e+01 
  2.752485085e+01 
  2.822093201e+01 
  2.746819115e+01 
  2.718616676e+01 
  2.700042534e+01 
  2.633808136e+01 
  2.689886665e+01 
  2.568838501e+01 
  2.691298485e+01 
  2.639665031e+01 
  2.575856590e+01 
  2.543980026e+01 
  2.547554588e+01 
  2.492414093e+01 
  2.485024452e+01 
  2.556662369e+01 
  2.449948502e+01 
  2.400335884e+01 
  2.493078041e+01 
  2.356534195e+01 
  2.379684639e+01 
  2.342087746e+01 
  2.367816925e+01 
  2.346963692e+01 
  2.234268188e+01 
  2.228247261e+01 
  1.788911819e+01 
  1.991204262e+01 
  2.141143417e+01 
  1.971197891e+01 
  2.222546005e+01 
  2.059324265e+01 
  1.959439087e+01 
  2.089593315e+01 
  1.998866653e+01 
  2.115908241e+01 
  2.039819527e+01 
  1.958681679e+01 
  1.893093491e+01 
  1.869493294e+01 
  1.842565536e+01 
  1.783162498e+01 
  1.753743935e+01 
  1.839744568e+01 
  1.694652748e+01 
  1.809679985e+01 
  1.919253922e+01 
  1.769163704e+01 
  1.680962372e+01 
  1.795928192e+01 
  1.724125862e+01 
  1.708625221e+01 
  1.776651764e+01 
  1.610988617e+01 
  1.562617111e+01 
  1.580577755e+01 
  1.644632530e+01 
  1.199874401e+01 
  1.471307659e+01 
  1.380633450e+01 
  1.505585098e+01 
  1.492096806e+01 
  1.536483097e+01 
  1.417631912e+01 
  1.523408222e+01 
  1.496828175e+01 
  1.412985325e+01 
  1.222504330e+01 
  1.454142761e+01 
  1.481121445e+01 
  1.386188126e+01 
  1.494526577e+01 
  1.412346268e+01 
  1.229300594e+01 
  1.324843788e+01 
  1.339746094e+01 
  1.409036160e+01 
  1.295685291e+01 
  1.344312763e+01 
  1.328034306e+01 
  1.288189793e+01 
  1.170856190e+01 
  1.294630814e+01 
  1.227530384e+01 
  1.283353233e+01 
  1.253084564e+01 
  1.214437199e+01 
  1.254932594e+01 
  1.154201603e+01 
  1.204124069e+01 
  1.167485809e+01 
  1.150225735e+01 
  1.189559460e+01 
  1.133207703e+01 
  1.160277653e+01 
  1.153676224e+01 
  1.112357807e+01 
  1.070151424e+01 
  1.101354313e+01 
  1.032174683e+01 
  1.027881336e+01 
  1.120048904e+01 
  1.019173527e+01 
  1.057184696e+01 
  1.033352089e+01 
  1.036474323e+01 
  9.473673820e+00 
  1.006892109e+01 
  9.938025475e+00 
  9.638872147e+00 
  9.608516693e+00 
  9.198369026e+00 
  9.627223015e+00 
  9.639192581e+00 
  9.508309364e+00 
  9.199029922e+00 
  8.964027405e+00 
  9.274525642e+00 
  8.949484825e+00 
  8.830967903e+00 
  9.088670731e+00 
  8.885732651e+00 
  8.972840309e+00 
  8.983843803e+00 
  8.901470184e+00 
  8.788701057e+00 
  8.357816696e+00 
  8.617641449e+00 
  8.458502769e+00 
  7.428066254e+00 
  7.701127052e+00 
  8.138053894e+00 
  7.920000076e+00 
  7.963057995e+00 
  7.975529194e+00 
  7.757781982e+00 
  7.904779434e+00 
  7.861933231e+00 
  7.647880554e+00 
  7.593204498e+00 
  7.544104099e+00 
  7.445704937e+00 
  7.310243607e+00 
  7.307661057e+00 
  7.494812965e+00 
  7.430730820e+00 
  7.298361778e+00 
  7.211650848e+00 
  7.140030861e+00 
  7.022146702e+00 
  6.866364002e+00 
  6.934786797e+00 
  6.802276611e+00 
  6.661459446e+00 
  6.381165028e+00 
  6.645427227e+00 
  6.279289722e+00 
  6.275321484e+00 
  6.529397011e+00 
  6.427638054e+00 
  6.480136395e+00 
  6.548242569e+00 
  6.161506176e+00 
  6.167582512e+00 
  6.132627010e+00 
  5.925998211e+00 
  5.913537502e+00 
  5.957713127e+00 
  5.759363651e+00 
  5.918766975e+00 
  5.689169407e+00 
  5.877664089e+00 
  5.448409081e+00 
  5.822914600e+00 
  5.626918793e+00 
  5.702116966e+00 
  5.476216316e+00 
  5.630518436e+00 
  5.694096565e+00 
  5.618962288e+00 
  5.416741371e+00 
  5.466481209e+00 
  5.373179913e+00 
  5.432523251e+00 
  5.340816498e+00 
  5.350980759e+00 
  5.110630035e+00 
  5.145160675e+00 
  5.101431370e+00 
  5.177432060e+00 
  4.780701160e+00 
  5.119670391e+00 
  4.981847286e+00 
  5.064562321e+00 
  4.967726707e+00 
  4.804248810e+00 
  4.056417942e+00 
  4.306292057e+00 
  4.773401260e+00 
  4.754891872e+00 
  4.766957760e+00 
  4.766924381e+00 
  4.810962677e+00 
  4.728957176e+00 
  4.628377438e+00 
  4.622547626e+00 
  4.652798176e+00 
  4.535406590e+00 
  4.536700726e+00 
  4.576314449e+00 
  4.496230602e+00 
  4.423853397e+00 
  4.384744644e+00 
  4.391418457e+00 
  4.375317097e+00 
  4.284404278e+00 
  4.340739250e+00 
  4.230283737e+00 
  4.275916100e+00 
  4.191344261e+00 
  4.134007931e+00 
  4.113613129e+00 
  4.081374168e+00 
  4.084413528e+00 
  3.986202717e+00 
  4.009786606e+00 
  3.800712347e+00 
  3.345509529e+00 
  3.447282553e+00 
  3.402208090e+00 
  3.462227345e+00 
  3.546936989e+00 
  3.565400124e+00 
  3.559319019e+00 
  3.555268288e+00 
  3.503039360e+00 
  3.541082859e+00 
  3.599614620e+00 
  3.497234821e+00 
  3.479579687e+00 
  3.428823471e+00 
  3.320091724e+00 
  3.294273138e+00 
  3.370900154e+00 
  3.363671303e+00 
  3.349175930e+00 
  3.298593521e+00 
  3.237378597e+00 
  3.320270061e+00 
  3.199802399e+00 
  3.237812757e+00 
  3.203998089e+00 
  3.156267166e+00 
  3.112812519e+00 
  3.143355131e+00 
  2.997657061e+00 
  3.039072037e+00 
  2.828773022e+00 
  2.731610775e+00 
  2.661705494e+00 
  2.631842852e+00 
  2.765572309e+00 
  2.847992897e+00 
  2.792326689e+00 
  2.704014540e+00 
  2.671880960e+00 
  2.648062229e+00 
  2.684277534e+00 
  2.610512018e+00 
  2.523646116e+00 
  2.596817017e+00 
  2.533312321e+00 
  2.620938540e+00 
  2.620776415e+00 
  2.687907219e+00 
  2.641784668e+00 
  2.560943842e+00 
  2.593094349e+00 
  2.589677811e+00 
  2.499482870e+00 
  2.526535749e+00 
  2.502774239e+00 
  2.452130795e+00 
  2.517958403e+00 
  2.532620430e+00 
  2.456852674e+00 
  2.480361938e+00 
  2.505833387e+00 
  2.448835850e+00 
  2.437337399e+00 
  2.387327909e+00 
  2.368540049e+00 
  2.394280434e+00 
  2.359651327e+00 
  2.384224653e+00 
  2.358015776e+00 
  2.299681425e+00 
  2.304059982e+00 
  2.283233404e+00 
  2.040915489e+00 
  9.643228054e-01 
  8.720506430e-01 
  1.396126986e+00 
  1.244130492e+00 
  1.330035686e+00 
  1.539823651e+00 
  1.701995492e+00 
  1.840785623e+00 
  1.993562937e+00 
  2.039583206e+00 
  2.054639578e+00 
  2.061123610e+00 
  2.046176434e+00 
  2.028898239e+00 
  2.041927814e+00 
  1.956051469e+00 
  2.026649475e+00 
  2.002103806e+00 
  1.980743170e+00 
  1.976559162e+00 
  1.941663623e+00 
  1.928930163e+00 
  1.941745281e+00 
  1.886273980e+00 
  1.886203647e+00 
  1.878346562e+00 
  1.832288742e+00 
  1.843698263e+00 
  1.802866817e+00 
  1.791348338e+00 
  1.762910604e+00 
  1.747018218e+00 
  1.712582946e+00 
  1.707037091e+00 
  1.691574097e+00 
  1.667023659e+00 
  1.670008659e+00 
  1.676488638e+00 
  1.679357052e+00 
  1.666950107e+00 
  1.607922435e+00 
  1.630289435e+00 
  1.618103504e+00 
  1.587846994e+00 
  1.597510099e+00 
  1.552500844e+00 
  1.590627789e+00 
  1.573284388e+00 
  1.553329706e+00 
  1.516442537e+00 
  1.498852730e+00 
  1.508774519e+00 
  1.487594962e+00 
  1.463755250e+00 
  1.441437960e+00 
  1.403260350e+00 
  1.364842892e+00 
  1.367154717e+00 
  1.353504658e+00 
  1.316599488e+00 
  1.305583000e+00 
  1.368617177e+00 
  1.303809762e+00 
  1.264597654e+00 
  1.319805980e+00 
  1.340693235e+00 
  1.337399483e+00 
  1.322665691e+00 
  1.294703841e+00 
  1.294210792e+00 
  1.274781823e+00 
  1.247969508e+00 
  1.268082142e+00 
  1.226729989e+00 
  1.243658900e+00 
  1.249095440e+00 
  1.254570365e+00 
  1.237837911e+00 
  1.240505457e+00 
  1.198404312e+00 
  1.225403786e+00 
  1.220137954e+00 
  1.208830118e+00 
  1.199896574e+00 
  1.176653981e+00 
  1.189845562e+00 
  1.194729328e+00 
  1.149261236e+00 
  1.176357985e+00 
  1.173056722e+00 
  1.008562207e+00 
  1.148863673e+00 
  1.100076556e+00 
  1.109024525e+00 
  8.872721195e-01 
  9.727298021e-01 
  1.099339128e+00 
  1.112213016e+00 
  1.089447856e+00 
  1.085028291e+00 
  1.070601344e+00 
  1.065424323e+00 
  1.057153702e+00 
  1.072275281e+00 
  1.065239906e+00 
  1.040586472e+00 
  8.687462211e-01 
  9.207122922e-01 
  9.938424230e-01 
  9.753242731e-01 
  1.010728598e+00 
  1.004593015e+00 
  9.959688187e-01 
  9.951449037e-01 
  9.687043428e-01 
  9.552823901e-01 
  9.585422873e-01 
  9.730485082e-01 
  9.515447617e-01 
  9.492652416e-01 
  9.391537309e-01 
  8.860110044e-01 
  9.304258227e-01 
  9.051540494e-01 
  9.086830616e-01 
  9.133283496e-01 
  8.786749840e-01 
  8.661444783e-01 
  8.879286647e-01 
  8.899804354e-01 
  8.827036619e-01 
  8.736818433e-01 
  8.642778993e-01 
  8.200231194e-01 
  8.395513296e-01 
  7.821825743e-01 
  7.942514420e-01 
  7.575964332e-01 
  7.486890554e-01 
  7.262945175e-01 
  7.074282169e-01 
  6.847128868e-01 
  6.699527502e-01 
  7.328674197e-01 
  7.593950033e-01 
  7.533002496e-01 
  7.181167006e-01 
  7.067261338e-01 
  6.718989611e-01 
  6.579700708e-01 
  6.647064090e-01 
  6.680922508e-01 
  6.626004577e-01 
  6.577835083e-01 
  6.591389179e-01 
  6.511907578e-01 
  6.581016183e-01 
  6.485335827e-01 
  6.469939947e-01 
  6.686379910e-01 
  6.719449162e-01 
  6.516581774e-01 
  6.427583098e-01 
  6.098746657e-01 
  6.250147223e-01 
  6.298134327e-01 
  6.041855216e-01 
  6.148015857e-01 
  6.022592187e-01 
  5.722170472e-01 
  5.447907448e-01 
  5.171172619e-01 
  4.789542556e-01 
  4.566372335e-01 
  4.297032058e-01 
  4.193065166e-01 
  4.223704338e-01 
  4.279518127e-01 
  4.446131587e-01 
  5.106520653e-01 
  5.159639716e-01 
  4.937902391e-01 
  4.535099566e-01 
  4.435660541e-01 
  4.273598492e-01 
  4.405283630e-01 
  4.452872872e-01 
  4.508763254e-01 
  4.576978087e-01 
  4.565057158e-01 
  4.531347752e-01 
  4.620008767e-01 
  4.458515644e-01 
  4.527481198e-01 
  4.572981596e-01 
  4.174023271e-01 
  4.416779578e-01 
  4.667962790e-01 
  4.721631408e-01 
  4.675087631e-01 
  4.599251449e-01 
  4.509139061e-01 
  4.533574581e-01 
  4.654105306e-01 
  4.603408575e-01 
  4.626880884e-01 
  4.482918680e-01 
  4.702757001e-01 
  4.809077680e-01 
  4.903659523e-01 
  4.901580513e-01 
  4.835780263e-01 
  4.825209975e-01 
  4.706752598e-01 
  4.552938044e-01 
  4.517450631e-01 
  4.601734281e-01 
  4.546322823e-01 
  4.632939696e-01 
  4.501223266e-01 
  4.631867707e-01 
  4.664897919e-01 
  4.616038501e-01 
  4.630783200e-01 
  4.629500508e-01 
  4.636650681e-01 
  4.617018402e-01 
  4.667017460e-01 
  4.594320655e-01 
  4.519717693e-01 
  4.543442726e-01 
  4.575827718e-01 
  4.518957436e-01 
  4.497441351e-01 
  4.515322149e-01 
  4.473137856e-01 
  4.453807175e-01 
  4.434763491e-01 
  4.394019544e-01 
  4.362544119e-01 
  4.312206805e-01 
  4.309197366e-01 
  4.266971648e-01 
  4.204403758e-01 
  4.162810445e-01 
  3.876891434e-01 
  4.065236747e-01 
  4.119161069e-01 
  4.105510712e-01 
  4.045519829e-01 
  4.052463174e-01 
  4.033951163e-01 
  4.026729167e-01 
  3.983996212e-01 
  3.996324241e-01 
  3.907220364e-01 
  3.918541372e-01 
  3.866070211e-01 
  3.897855878e-01 
  3.786584139e-01 
  3.765856922e-01 
  3.793001771e-01 
  3.716499507e-01 
  3.766902983e-01 
  3.729283214e-01 
  3.720041215e-01 
  3.714770079e-01 
  3.675422072e-01 
  3.671183884e-01 
  3.605068028e-01 
  3.630883396e-01 
  3.606936932e-01 
  3.581612408e-01 
  3.502254784e-01 
  3.525926471e-01 
  3.474921882e-01 
  3.505327702e-01 
  3.417627215e-01 
  3.438065350e-01 
  3.438003063e-01 
  3.383391798e-01 
  3.387466967e-01 
  3.383930027e-01 
  3.312316835e-01 
  3.331535161e-01 
  3.303276598e-01 
  3.193823993e-01 
  3.238734007e-01 
  3.256444931e-01 
  3.220787048e-01 
  3.187911808e-01 
  3.174823821e-01 
  3.146497607e-01 
  3.134804070e-01 
  3.089108169e-01 
  3.098206520e-01 
  3.076397479e-01 
  3.056603372e-01 
  3.009591997e-01 
  2.902977169e-01 
  2.995889783e-01 
  2.879225314e-01 
  2.945266664e-01 
  2.882379293e-01 
  2.906326056e-01 
  2.889771760e-01 
  2.790323198e-01 
  2.844389975e-01 
  2.821940482e-01 
  2.599804401e-01 
  2.745926976e-01 
  2.739652395e-01 
  2.736644149e-01 
  2.637332082e-01 
  2.721205652e-01 
  2.631584108e-01 
  2.677771747e-01 
  2.659809887e-01 
  2.654915750e-01 
  2.542789876e-01 
  2.599642873e-01 
  2.495068610e-01 
  2.522008717e-01 
  2.440756410e-01 
  2.519624233e-01 
  2.465464771e-01 
  2.491624802e-01 
  2.343463600e-01 
  2.477588803e-01 
  2.358065844e-01 
  2.397663742e-01 
  2.407598943e-01 
  2.335560620e-01 
  2.281671017e-01 
  2.062582225e-01 
  2.225484997e-01 
  2.209184319e-01 
  2.168401629e-01 
  2.089848816e-01 
  2.045881599e-01 
  2.075911313e-01 
  2.069838345e-01 
  1.973846853e-01 
  2.048168480e-01 
  2.018504739e-01 
  1.989951581e-01 
  1.948008835e-01 
  1.942659616e-01 
  1.932090372e-01 
  1.948327422e-01 
  1.947891861e-01 
  1.906652749e-01 
  1.837512553e-01 
  1.762811840e-01 
  1.757591963e-01 
  1.661495715e-01 
  1.592333764e-01 
  1.510303020e-01 
  1.409767419e-01 
  1.324569881e-01 
  1.273765564e-01 
  1.266379207e-01 
  1.206864417e-01 
  1.234831363e-01 
  1.250827312e-01 
  1.211198866e-01 
  1.180135384e-01 
  1.219840720e-01 
  1.201070026e-01 
  1.251469404e-01 
  1.361636072e-01 
  1.405167580e-01 
  1.357060075e-01 
  1.238446459e-01 
  1.082953885e-01 
  1.103527173e-01 
  1.243645102e-01 
  1.337143630e-01 
  1.364892423e-01 
  1.416938454e-01 
  1.400107741e-01 
  1.325156391e-01 
  1.345340014e-01 
  1.283611953e-01 
  1.234287769e-01 
  1.186002493e-01 
  1.206185073e-01 
  1.248247102e-01 
  1.268457323e-01 
  1.282870471e-01 
  1.274069399e-01 
  1.288424879e-01 
  1.292728633e-01 
  1.302340329e-01 
  1.300307512e-01 
  1.335095167e-01 
  1.347473413e-01 
  1.429454684e-01 
  1.456927806e-01 
  1.458828896e-01 
  1.446570903e-01 
  1.437625289e-01 
  1.505602002e-01 
  1.532321572e-01 
  1.501803696e-01 
  1.528109908e-01 
  1.488879174e-01 
  1.511407197e-01 
  1.518104523e-01 
  1.464106590e-01 
  1.501752287e-01 
  1.512656212e-01 
  1.497340202e-01 
  1.476794034e-01 
  1.472737491e-01 
  1.464216709e-01 
  1.436597258e-01 
  1.469682455e-01 
  1.427747011e-01 
  1.416605711e-01 
  1.427089274e-01 
  1.404257566e-01 
  1.390812397e-01 
  1.306477189e-01 
  1.366862506e-01 
  1.395141631e-01 
  1.377676874e-01 
  1.358712018e-01 
  1.343868673e-01 
  1.269608289e-01 
  1.350841820e-01 
  1.374576241e-01 
  1.373035461e-01 
  1.366646737e-01 
  1.357898414e-01 
  1.328090429e-01 
  1.324125379e-01 
  1.314578652e-01 
  1.265037507e-01 
  1.208541766e-01 
  1.283836067e-01 
  1.289149225e-01 
  1.285504401e-01 
  1.214027926e-01 
  1.230618581e-01 
  1.270703971e-01 
  1.266740113e-01 
  1.274495572e-01 
  1.250178665e-01 
  1.165040508e-01 
  1.237475649e-01 
  1.191743612e-01 
  1.226931512e-01 
  1.234359220e-01 
  1.224016771e-01 
  1.226371601e-01 
  1.226649508e-01 
  1.226479560e-01 
  1.219745576e-01 
  1.204599366e-01 
  1.209260747e-01 
  1.204396412e-01 
  1.194736212e-01 
  1.185789332e-01 
  1.196138188e-01 
  1.186751574e-01 
  1.188428104e-01 
  1.146689355e-01 
  1.181310862e-01 
  1.178051680e-01 
  1.172249615e-01 
  1.169392690e-01 
  1.152570099e-01 
  1.157935485e-01 
  1.152347773e-01 
  1.141341105e-01 
  1.144848913e-01 
  1.141728461e-01 
  1.137213483e-01 
  1.120399982e-01 
  1.111206338e-01 
  1.116615459e-01 
  1.105604321e-01 
  1.089138240e-01 
  1.074280143e-01 
  1.088193953e-01 
  1.075127795e-01 
  1.064655110e-01 
  1.068299264e-01 
  1.059779525e-01 
  1.050779521e-01 
  1.038355753e-01 
  1.029945165e-01 
  1.016182750e-01 
  1.012042835e-01 
  1.004181951e-01 
  9.960009903e-02 
  9.775689989e-02 
  9.719105065e-02 
  9.520085156e-02 
  9.436952323e-02 
  9.318275750e-02 
  8.959785849e-02 
  8.985881507e-02 
  8.781503141e-02 
  8.755507320e-02 
  8.733632416e-02 
  8.486212045e-02 
  8.311662078e-02 
  8.335519582e-02 
  8.567996323e-02 
  8.673131466e-02 
  8.688378334e-02 
  8.711408079e-02 
  8.701020479e-02 
  8.766461909e-02 
  8.785365522e-02 
  8.779404312e-02 
  8.759069443e-02 
  8.697790653e-02 
  8.658795804e-02 
  8.423621207e-02 
  7.486703992e-02 
  8.217804879e-02 
  8.543226123e-02 
  8.596197516e-02 
  8.562890440e-02 
  8.573029935e-02 
  8.417301625e-02 
  8.422591537e-02 
  8.205828071e-02 
  8.309925348e-02 
  8.359335363e-02 
  8.348835260e-02 
  8.160550147e-02 
  8.171952516e-02 
  8.100352436e-02 
  7.984240353e-02 
  7.888816297e-02 
  7.943698019e-02 
  7.883101702e-02 
  7.837111503e-02 
  7.684608549e-02 
  7.533217967e-02 
  7.484468073e-02 
  7.493726164e-02 
  7.465535402e-02 
  7.400744408e-02 
  7.323118299e-02 
  7.225275785e-02 
  7.165163755e-02 
  7.122079283e-02 
  6.995340437e-02 
  6.603907794e-02 
  6.731633842e-02 
  6.521409005e-02 
  6.710846722e-02 
  6.759259850e-02 
  6.553532183e-02 
  6.491690129e-02 
  6.277529150e-02 
  6.176542491e-02 
  6.240141764e-02 
  6.338497251e-02 
  6.376826018e-02 
  6.307975203e-02 
  6.163461879e-02 
  5.891985074e-02 
  5.673249811e-02 
  5.090606958e-02 
  5.025658011e-02 
  4.949649423e-02 
  4.851325974e-02 
  5.038912594e-02 
  5.133685842e-02 
  5.197858438e-02 
  5.154809356e-02 
  5.173254013e-02 
  5.207302794e-02 
  5.165783688e-02 
  5.159708112e-02 
  5.207053944e-02 
  5.185386539e-02 
  5.019807443e-02 
  4.808588326e-02 
  4.343715683e-02 
  4.005218297e-02 
  3.836742789e-02 
  3.579599783e-02 
  3.464950249e-02 
  3.211621940e-02 
  3.095259704e-02 
  2.959443443e-02 
  2.772371285e-02 
  2.668326534e-02 
  2.551801689e-02 
  2.452915534e-02 
  2.330755070e-02 
  2.283605188e-02 
  2.150059119e-02 
  2.035171166e-02 
  2.027171850e-02 
  1.999513060e-02 
  2.019734308e-02 
  2.064047009e-02 
  2.061277442e-02 
  2.081224136e-02 
  2.023425885e-02 
  2.007209882e-02 
  1.968370937e-02 
  2.042878605e-02 
  2.159182914e-02 
  2.330644056e-02 
  2.430071868e-02 
  2.496984601e-02 
  2.476449683e-02 
  2.416021563e-02 
  2.398564480e-02 
  2.294165455e-02 
  2.205020003e-02 
  2.048974298e-02 
  1.946050860e-02 
  1.856524684e-02 
  1.864695735e-02 
  1.936372742e-02 
  1.979449019e-02 
  2.081133798e-02 
  2.202263474e-02 
  2.299078554e-02 
  2.341970615e-02 
  2.304144949e-02 
  2.299026772e-02 
  2.196756564e-02 
  2.106646076e-02 
  2.015927620e-02 
  2.036950365e-02 
  2.127359249e-02 
  2.195245959e-02 
  2.197092213e-02 
  2.161694504e-02 
  2.085081674e-02 
  2.098744176e-02 
  2.188190445e-02 
  2.211723290e-02 
  2.174346149e-02 
  2.179883979e-02 
  2.151149698e-02 
  2.154068276e-02 
  2.204067819e-02 
  2.266940661e-02 
  2.343742363e-02 
  2.426379547e-02 
  2.327256277e-02 
  2.403609827e-02 
  2.414641529e-02 
  2.459833957e-02 
  2.490644343e-02 
  2.514339052e-02 
  2.513542026e-02 
  2.479694411e-02 
  2.483528480e-02 
  2.589886263e-02 
  2.559291944e-02 
  2.551550232e-02 
  2.543383464e-02 
  2.562793344e-02 
  2.455586381e-02 
  2.518885024e-02 
  2.589213848e-02 
  2.544941194e-02 
  2.464612760e-02 
  2.378813736e-02 
  2.375682630e-02 
  2.369327657e-02 
  2.302322537e-02 
  2.368618920e-02 
  2.380471304e-02 
  2.391247079e-02 
  2.427485213e-02 
  2.459601685e-02 
  2.324527316e-02 
  2.451012656e-02 
  2.377228625e-02 
  2.411424182e-02 
  2.435513586e-02 
  2.429165319e-02 
  2.483444661e-02 
  2.498669364e-02 
  2.518536709e-02 
  2.494697645e-02 
  2.439998649e-02 
  2.435112931e-02 
  2.453701757e-02 
  2.589573152e-02 
  2.693227865e-02 
  2.719405666e-02 
  2.775893174e-02 
  2.804637887e-02 
  2.846509591e-02 
  2.801068872e-02 
  2.704977803e-02 
  2.668793686e-02 
  2.575361542e-02 
  2.550795861e-02 
  2.526306175e-02 
  2.508626692e-02 
  2.393005416e-02 
  2.411049046e-02 
  2.308350429e-02 
  2.270070650e-02 
  2.230285108e-02 
  2.251126058e-02 
  2.343516611e-02 
  2.476759814e-02 
  2.494380437e-02 
  2.538837306e-02 
  2.535912395e-02 
  2.506272122e-02 
  2.434056811e-02 
  2.417981997e-02 
  2.445802279e-02 
  2.443290688e-02 
  2.512346767e-02 
  2.466857620e-02 
  2.482709102e-02 
  2.517002076e-02 
  2.506356500e-02 
  2.587409131e-02 
  2.261204273e-02 
  2.700426802e-02 
  2.799532190e-02 
  2.874449082e-02 
  2.810434252e-02 
  2.899047919e-02 
  2.884727903e-02 
  2.892562374e-02 
  2.860097215e-02 
  2.922904864e-02 
  2.997005545e-02 
  2.988856100e-02 
  3.067532554e-02 
  3.044823743e-02 
  2.994710021e-02 
  2.670864761e-02 
  2.786493488e-02 
  2.805420011e-02 
  2.836906537e-02 
  2.991620824e-02 
  2.954111062e-02 
  2.977221087e-02 
  3.021723405e-02 
  3.040510789e-02 
  2.984122373e-02 
  2.975016646e-02 
  2.926581725e-02 
  2.985810861e-02 
  2.953590080e-02 
  2.937141433e-02 
  3.001201898e-02 
  2.969806083e-02 
  3.007258102e-02 
  2.956474014e-02 
  2.931682393e-02 
  2.998909727e-02 
  2.964188345e-02 
  2.884605713e-02 
  2.958677337e-02 
  2.924075909e-02 
  2.941288427e-02 
  2.924252115e-02 
  2.732782997e-02 
  2.914554626e-02 
  2.890690789e-02 
  2.869936079e-02 
  2.820378542e-02 
  2.826016210e-02 
  2.856384404e-02 
  2.861854620e-02 
  2.779524028e-02 
  2.832619287e-02 
  2.723557502e-02 
  2.774621174e-02 
  2.783842012e-02 
  2.770765685e-02 
  2.801594511e-02 
  2.807616256e-02 
  2.802825719e-02 
  2.770391479e-02 
  2.682751231e-02 
  2.744345553e-02 
  2.722459845e-02 
  2.701411210e-02 
  2.740741894e-02 
  2.719986998e-02 
  2.612887882e-02 
  2.649876475e-02 
  2.592484653e-02 
  2.670481429e-02 
  2.642621659e-02 
  2.635682002e-02 
  2.583461814e-02 
  2.636667900e-02 
  2.628735453e-02 
  2.580447681e-02 
  2.518443577e-02 
  2.545352280e-02 
  2.490699664e-02 
  2.471792884e-02 
  2.397310920e-02 
  2.381848916e-02 
  2.302086726e-02 
  2.357726917e-02 
  2.347395942e-02 
  2.307567745e-02 
  2.314368263e-02 
  2.147005312e-02 
  2.300706506e-02 
  2.073830180e-02 
  2.265959978e-02 
  2.276963927e-02 
  2.324564569e-02 
  2.303289436e-02 
  2.259552665e-02 
  2.289754339e-02 
  2.270844020e-02 
  2.337791771e-02 
  2.302580886e-02 
  2.276012115e-02 
  2.236816660e-02 
  2.042802051e-02 
  2.195314132e-02 
  2.140834555e-02 
  2.247833647e-02 
  2.288933098e-02 
  2.263298258e-02 
  2.263917774e-02 
  2.115358226e-02 
  2.182084695e-02 
  2.197735198e-02 
  2.097115293e-02 
  2.110176533e-02 
  2.016267180e-02 
  2.057866938e-02 
  2.041553892e-02 
  2.069596574e-02 
  2.033882029e-02 
  2.023600973e-02 
  2.024846338e-02 
  2.041330934e-02 
  2.028401569e-02 
  1.899657957e-02 
  1.958729513e-02 
  1.982967928e-02 
  2.032143250e-02 
  2.007179894e-02 
  2.043076977e-02 
  1.916351914e-02 
  1.974073797e-02 
  2.030513994e-02 
  2.025250904e-02 
  1.974813826e-02 
  1.943813078e-02 
  1.987792924e-02 
  2.025545575e-02 
  2.035983838e-02 
  1.983099617e-02 
  1.999897696e-02 
  1.992782578e-02 
  2.002635226e-02 
  1.996217854e-02 
  1.935302466e-02 
  1.960716397e-02 
  1.953887381e-02 
  1.922827587e-02 
  1.870030910e-02 
  1.915441081e-02 
  1.903300732e-02 
  1.809407212e-02 
  1.791795157e-02 
  1.764113270e-02 
  1.767018810e-02 
  1.749527082e-02 
  1.743042469e-02 
  1.783004403e-02 
  1.751043089e-02 
  1.749860868e-02 
  1.766553894e-02 
  1.778629608e-02 
  1.766204834e-02 
  1.721581444e-02 
  1.760912500e-02 
  1.718076691e-02 
  1.749098487e-02 
  1.728178933e-02 
  1.743310504e-02 
  1.707401685e-02 
  1.738430560e-02 
  1.721610501e-02 
  1.729043387e-02 
  1.693927124e-02 
  1.709076390e-02 
  1.711528003e-02 
  1.693551056e-02 
  1.677002758e-02 
  1.663776487e-02 
  1.642895304e-02 
  1.632221602e-02 
  1.646663435e-02 
  1.614866592e-02 
  1.615597308e-02 
  1.648104750e-02 
  1.633783616e-02 
  1.552721672e-02 
  1.593022794e-02 
  1.596723124e-02 
  1.578077115e-02 
  1.548886579e-02 
  1.552974060e-02 
  1.557226945e-02 
  1.532254368e-02 
  1.476178505e-02 
  1.421746798e-02 
  1.459283102e-02 
  1.491555106e-02 
  1.515525114e-02 
  1.516115386e-02 
  1.494335290e-02 
  1.497651543e-02 
  1.494828239e-02 
  1.473322324e-02 
  1.468390226e-02 
  1.483864058e-02 
  1.483042631e-02 
  1.474315301e-02 
  1.468782593e-02 
  1.465723850e-02 
  1.453666668e-02 
  1.441239286e-02 
  1.446572784e-02 
  1.433868892e-02 
  1.412565913e-02 
  1.411795523e-02 
  1.403809804e-02 
  1.371893473e-02 
  1.393058896e-02 
  1.396074519e-02 
  1.375187840e-02 
  1.368420105e-02 
  1.327410433e-02 
  1.348494831e-02 
  1.359985583e-02 
  1.253701840e-02 
  1.338010840e-02 
  1.341408212e-02 
  1.338453963e-02 
  1.336171851e-02 
  1.326136198e-02 
  1.310681086e-02 
  1.300647017e-02 
  1.308323629e-02 
  1.274997927e-02 
  1.253355294e-02 
  1.271241531e-02 
  1.204300392e-02 
  1.219573524e-02 
  1.234379783e-02 
  1.244611572e-02 
  1.235692110e-02 
  1.205777563e-02 
  1.227715425e-02 
  1.227231789e-02 
  1.206535660e-02 
  1.189828850e-02 
  1.111445203e-02 
  1.130218804e-02 
  1.133984327e-02 
  1.076471992e-02 
  1.059507858e-02 
  1.108669955e-02 
  1.123278029e-02 
  1.124358829e-02 
  1.095731556e-02 
  1.127574220e-02 
  1.106245350e-02 
  1.118927635e-02 
  1.083760522e-02 
  1.088835020e-02 
  1.059650350e-02 
  1.096334588e-02 
  1.085407101e-02 
  1.080345456e-02 
  1.060457248e-02 
  1.065621898e-02 
  1.065835729e-02 
  1.063750591e-02 
  1.044499222e-02 
  1.053341199e-02 
  1.051689498e-02 
  1.041306928e-02 
  1.043200213e-02 
  1.033203304e-02 
  1.011373755e-02 
  9.840338491e-03 
  9.917194955e-03 
  9.680152871e-03 
  9.826649912e-03 
  9.748046286e-03 
  9.725652635e-03 
  9.564648382e-03 
  9.610511363e-03 
  9.430802427e-03 
  9.425926022e-03 
  9.394553490e-03 
  9.374147281e-03 
  9.126897901e-03 
  8.852493949e-03 
  8.809153922e-03 
  8.537198417e-03 
  8.376379497e-03 
  8.441557176e-03 
  8.360343054e-03 
  8.329289034e-03 
  8.201048709e-03 
  8.044986054e-03 
  8.033645339e-03 
  7.979399525e-03 
  8.021001704e-03 
  8.067491464e-03 
  8.020371199e-03 
  7.764715236e-03 
  7.688075304e-03 
  7.474639919e-03 
  7.344201207e-03 
  7.087372709e-03 
  6.827715784e-03 
  6.868756842e-03 
  6.612233352e-03 
  6.341314875e-03 
  6.349564064e-03 
  6.025550887e-03 
  5.980641115e-03 
  5.601025652e-03 
  5.403360818e-03 
  5.366553087e-03 
  5.422174465e-03 
  5.386043806e-03 
  5.229710136e-03 
  5.140025169e-03 
  5.069350824e-03 
  4.916357342e-03 
  4.704284947e-03 
  4.686622880e-03 
  4.504460376e-03 
  4.503589589e-03 
  4.366638139e-03 
  4.113751929e-03 
  4.047817085e-03 
  3.835409880e-03 
  3.569034161e-03 
  3.722431604e-03 
  3.768633353e-03 
  3.786890535e-03 
  3.726459341e-03 
  3.660130547e-03 
  3.746741451e-03 
  3.535772674e-03 
  3.545436542e-03 
  3.422295442e-03 
  3.382564057e-03 
  3.123260336e-03 
  3.081048839e-03 
  3.065445228e-03 
  2.985156141e-03 
  2.868968528e-03 
  2.854682039e-03 
  2.681275597e-03 
  2.679179655e-03 
  2.626674948e-03 
  2.534133149e-03 
  2.636472229e-03 
  2.649460454e-03 
  2.699410543e-03 
  2.724200254e-03 
  2.629140392e-03 
  2.768695122e-03 
  2.750506857e-03 
  2.720097080e-03 
  2.517805435e-03 
  2.585894661e-03 
  2.620061859e-03 
  2.634382341e-03 
  2.613577060e-03 
  2.591264434e-03 
  2.526405733e-03 
  2.563712653e-03 
  2.562080510e-03 
  2.469003899e-03 
  2.562160371e-03 
  2.596769249e-03 
  2.645563800e-03 
  2.607050352e-03 
  2.729981206e-03 
  2.701618709e-03 
  2.709241118e-03 
  2.674502553e-03 
  2.677934244e-03 
  2.507503144e-03 
  2.459413838e-03 
  2.274363069e-03 
  2.322458429e-03 
  2.147415187e-03 
  2.051503630e-03 
  2.029212425e-03 
  2.033100231e-03 
  2.024473390e-03 
  1.976960571e-03 
  1.833270770e-03 
  2.301502973e-03 
  2.480931114e-03 
  2.527304227e-03 
  2.541088033e-03 
  2.611323493e-03 
  2.654969925e-03 
  2.671457594e-03 
  2.677943092e-03 
  2.656462137e-03 
  2.563113580e-03 
  2.683179686e-03 
  2.640016610e-03 
  2.590201329e-03 
  2.486885292e-03 
  2.565272618e-03 
  2.480643801e-03 
  2.373808762e-03 
  2.463599900e-03 
  2.397949807e-03 
  2.296071034e-03 
  2.279909793e-03 
  2.232837258e-03 
  2.192082815e-03 
  2.162119607e-03 
  2.175116446e-03 
  2.137788804e-03 
  2.147976775e-03 
  2.123356331e-03 
  2.202342497e-03 
  2.205872210e-03 
  2.263392555e-03 
  2.215737011e-03 
  2.252973150e-03 
  2.250568476e-03 
  2.241492039e-03 
  2.170621417e-03 
  2.275306499e-03 
  2.324852627e-03 
  2.304154681e-03 
  2.387215151e-03 
  2.394180745e-03 
  2.446173923e-03 
  2.430232707e-03 
  2.409667708e-03 
  2.500768518e-03 
  2.542863367e-03 
  2.509225160e-03 
  2.553018043e-03 
  2.535320586e-03 
  2.543488052e-03 
  2.546489239e-03 
  2.515225904e-03 
  2.463995479e-03 
  2.556068124e-03 
  2.555606654e-03 
  2.628517803e-03 
  2.578611486e-03 
  2.676900942e-03 
  2.690779278e-03 
  2.721377648e-03 
  2.715732437e-03 
  2.760312753e-03 
  2.631644718e-03 
  2.714151284e-03 
  2.734545385e-03 
  2.749006730e-03 
  2.662568819e-03 
  2.532961080e-03 
  2.374785487e-03 
  2.520997543e-03 
  2.672528848e-03 
  2.683344530e-03 
  2.710318193e-03 
  2.595293801e-03 
  2.514678286e-03 
  2.490386367e-03 
  2.551756799e-03 
  2.493724227e-03 
  2.485338366e-03 
  2.432907000e-03 
  2.497161506e-03 
  2.503605792e-03 
  2.605511574e-03 
  2.580503235e-03 
  2.714777831e-03 
  2.655270044e-03 
  2.748881001e-03 
  2.746364335e-03 
  2.981048310e-03 
  2.902210690e-03 
  3.117788350e-03 
  3.120803973e-03 
  3.271948546e-03 
  3.294012975e-03 
  3.436240368e-03 
  3.403434763e-03 
  3.374312073e-03 
  3.459755564e-03 
  3.640619572e-03 
  3.636786714e-03 
  3.713125130e-03 
  3.516841214e-03 
  3.784508677e-03 
  3.659053706e-03 
  3.777126782e-03 
  3.802872961e-03 
  3.836347954e-03 
  3.787592752e-03 
  3.800934879e-03 
  3.717402462e-03 
  3.731122939e-03 
  3.825620282e-03 
  3.796347184e-03 
  3.777842736e-03 
  3.728148527e-03 
  3.669090336e-03 
  3.489243565e-03 
  3.510334296e-03 
  3.341835923e-03 
  3.334532492e-03 
  2.902784850e-03 
  2.842107089e-03 
  2.427731175e-03 
  2.424025442e-03 
  2.026580740e-03 
  2.025810303e-03 
  1.801943989e-03 
  1.796999830e-03 
  1.809431356e-03 
  1.758961356e-03 
  1.873153029e-03 
  1.868122374e-03 
  1.922029071e-03 
  1.921754680e-03 
  1.940639922e-03 
  1.934547443e-03 
  1.969510224e-03 
  1.946343924e-03 
  2.029841300e-03 
  2.022587229e-03 
  2.164870966e-03 
  2.165707992e-03 
  2.386422828e-03 
  2.363901818e-03 
  2.503577853e-03 
  2.586711664e-03 
  2.821979579e-03 
  2.819058020e-03 
  2.969353925e-03 
  2.990402747e-03 
  3.103417577e-03 
  3.108160803e-03 
  3.140115878e-03 
  3.097318579e-03 
  3.173438134e-03 
  3.220092738e-03 
  3.267359221e-03 
  3.258399665e-03 
  3.163494403e-03 
  3.231351264e-03 
  3.253419651e-03 
  3.072878579e-03 
  3.171512624e-03 
  3.191039432e-03 
  3.155456623e-03 
  3.119998379e-03 
  3.078028793e-03 
  3.071487416e-03 
  2.961769234e-03 
  2.953991294e-03 
  2.932266798e-03 
  2.769030631e-03 
  2.778786235e-03 
  2.598677529e-03 
  2.579269698e-03 
  2.464403398e-03 
  2.425006591e-03 
  2.419017721e-03 
  2.432668349e-03 
  2.460658550e-03 
  2.446426079e-03 
  2.493262524e-03 
  2.489306498e-03 
  2.494150540e-03 
  2.423421480e-03 
  2.488830127e-03 
  2.474795096e-03 
  2.322284738e-03 
  2.453684807e-03 
  2.451958833e-03 
  2.461164724e-03 
  2.435611794e-03 
  2.485476900e-03 
  2.397499746e-03 
  2.556176856e-03 
  2.522033406e-03 
  2.648653928e-03 
  2.639601938e-03 
  2.712743124e-03 
  2.704453422e-03 
  2.753693378e-03 
  2.747775521e-03 
  2.696882002e-03 
  2.755792113e-03 
  2.723720158e-03 
  2.760960255e-03 
  2.707557753e-03 
  2.726745559e-03 
  2.744214376e-03 
  2.765494399e-03 
  2.758878516e-03 
  2.776564565e-03 
  2.775179222e-03 
  2.781864954e-03 
  2.755800961e-03 
  2.645588014e-03 
  2.740409458e-03 
  2.760936972e-03 
  2.671747468e-03 
  2.746937564e-03 
  2.735736081e-03 
  2.726799343e-03 
  2.733138157e-03 
  2.735193819e-03 
  2.729355125e-03 
  2.742775949e-03 
  2.695814474e-03 
  2.733004279e-03 
  2.725529950e-03 
  2.731396817e-03 
  2.718057949e-03 
  2.710699104e-03 
  2.691706875e-03 
  2.624094253e-03 
  2.680134028e-03 
  2.668600529e-03 
  2.650038339e-03 
  2.653284464e-03 
  2.646735869e-03 
  2.623688197e-03 
  2.556808526e-03 
  2.611026168e-03 
  2.625042107e-03 
  2.557378029e-03 
  2.609291812e-03 
  2.581944922e-03 
  2.578811953e-03 
  2.536231885e-03 
  2.586156595e-03 
  2.596398350e-03 
  2.546418225e-03 
  2.596365288e-03 
  2.585659968e-03 
  2.572254511e-03 
  2.582914662e-03 
  2.573469887e-03 
  2.567585325e-03 
  2.555050887e-03 
  2.553719562e-03 
  2.455896931e-03 
  2.534939442e-03 
  2.529672813e-03 
  2.512302948e-03 
  2.504231408e-03 
  2.501878887e-03 
  2.481434261e-03 
  2.464425052e-03 
  2.444911050e-03 
  2.416053787e-03 
  2.370551927e-03 
  2.390175126e-03 
  2.386780689e-03 
  2.350503579e-03 
  2.343293047e-03 
  2.318365965e-03 
  2.308395691e-03 
  2.282512374e-03 
  2.283677924e-03 
  2.278510481e-03 
  2.276711632e-03 
  2.266703872e-03 
  2.259392524e-03 
  2.244774019e-03 
  2.233488020e-03 
  2.227138728e-03 
  2.193230204e-03 
  2.191325882e-03 
  2.156645991e-03 
  2.081352286e-03 
  1.866162987e-03 
  2.038708422e-03 
  2.099356847e-03 
  2.151171444e-03 
  2.145759994e-03 
  2.160477918e-03 
  2.148489701e-03 
  2.152264817e-03 
  2.140153199e-03 
  2.138824668e-03 
  2.121802885e-03 
  2.098048804e-03 
  2.109467518e-03 
  2.024388406e-03 
  2.102244878e-03 
  2.095074859e-03 
  2.071572468e-03 
  2.016814193e-03 
  2.062685322e-03 
  2.064129338e-03 
  2.063561464e-03 
  2.057062695e-03 
  2.001478802e-03 
  1.987132244e-03 
  2.007561503e-03 
  2.025994472e-03 
  2.016779734e-03 
  1.987695461e-03 
  1.978896558e-03 
  1.969419420e-03 
  1.939576818e-03 
  1.928444952e-03 
  1.909861690e-03 
  1.903661410e-03 
  1.893143053e-03 
  1.892194268e-03 
  1.885719015e-03 
  1.906424877e-03 
  1.903316006e-03 
  1.894433284e-03 
  1.847932115e-03 
  1.821091399e-03 
  1.913666143e-03 
  1.870720764e-03 
  1.929056016e-03 
  1.923859585e-03 
  1.914226566e-03 
  1.910774969e-03 
  1.899673254e-03 
  1.895561465e-03 
  1.876246184e-03 
  1.845744904e-03 
  1.864271238e-03 
  1.866857172e-03 
  1.856804593e-03 
  1.850257744e-03 
  1.839590492e-03 
  1.834568451e-03 
  1.826739172e-03 
  1.813514391e-03 
  1.778988750e-03 
  1.780856284e-03 
  1.775534940e-03 
  1.788269961e-03 
  1.764660119e-03 
  1.764176879e-03 
  1.760924817e-03 
  1.751798438e-03 
  1.745393267e-03 
  1.732058125e-03 
  1.721982379e-03 
  1.719694003e-03 
  1.696299412e-03 
  1.657723100e-03 
  1.674750471e-03 
  1.688252320e-03 
  1.681594411e-03 
  1.650049235e-03 
  1.659616595e-03 
  1.656395616e-03 
  1.649899175e-03 
  1.645465498e-03 
  1.597020542e-03 
  1.627370366e-03 
  1.609436469e-03 
  1.604684512e-03 
  1.604429795e-03 
  1.577551942e-03 
  1.535403426e-03 
  1.564876060e-03 
  1.550304587e-03 
  1.547509455e-03 
  1.543348189e-03 
  1.542347483e-03 
  1.527991262e-03 
  1.517813187e-03 
  1.518024015e-03 
  1.462047221e-03 
  1.513154013e-03 
  1.501543331e-03 
  1.480055158e-03 
  1.490523340e-03 
  1.488640555e-03 
  1.482596854e-03 
  1.475594239e-03 
  1.460525556e-03 
  1.471433905e-03 
  1.467007329e-03 
  1.460060477e-03 
  1.435865532e-03 
  1.451732940e-03 
  1.449441887e-03 
  1.446483424e-03 
  1.439466607e-03 
  1.432597055e-03 
  1.359595102e-03 
  1.401338726e-03 
  1.403025002e-03 
  1.397907618e-03 
  1.390421065e-03 
  1.385422656e-03 
  1.385780517e-03 
  1.378551475e-03 
  1.361867762e-03 
  1.359439571e-03 
  1.337439055e-03 
  1.341696596e-03 
  1.336711459e-03 
  1.261692261e-03 
  1.292855013e-03 
  1.285501174e-03 
  1.260468969e-03 
  1.286193379e-03 
  1.288064755e-03 
  1.282393117e-03 
  1.279189135e-03 
  1.293421490e-03 
  1.287341001e-03 
  1.280863187e-03 
  1.295588212e-03 
  1.294699265e-03 
  1.295462833e-03 
  1.293007983e-03 
  1.282508019e-03 
  1.273275469e-03 
  1.275052666e-03 
  1.266888459e-03 
  1.249839203e-03 
  1.240400132e-03 
  1.192904892e-03 
  1.208274625e-03 
  1.194456709e-03 
  1.216271776e-03 
  1.209301990e-03 
  1.187768416e-03 
  1.193272765e-03 
  1.190284733e-03 
  1.134443446e-03 
  1.163934241e-03 
  1.171415555e-03 
  1.158770756e-03 
  1.178742852e-03 
  1.184597611e-03 
  1.172415214e-03 
  1.168384799e-03 
  1.161078806e-03 
  1.149066724e-03 
  1.146297902e-03 
  1.122246729e-03 
  1.104407245e-03 
  1.110273646e-03 
  1.092386432e-03 
  1.084880205e-03 
  1.054996741e-03 
  1.067089150e-03 
  1.066548750e-03 
  1.053592307e-03 
  1.046825782e-03 
  1.041993033e-03 
  1.031981315e-03 
  1.032679458e-03 
  1.024888479e-03 
  1.022120938e-03 
  1.025262405e-03 
  1.017027767e-03 
  1.022388227e-03 
  1.004788792e-03 
  9.748694138e-04 
  9.985172655e-04 
  1.008187071e-03 
  1.019149087e-03 
  1.009183470e-03 
  1.007706509e-03 
  1.024746685e-03 
  1.023890451e-03 
  1.014660345e-03 
  1.001079218e-03 
  9.979773313e-04 
  9.989041137e-04 
  9.724930860e-04 
  9.728479781e-04 
  9.439013083e-04 
  9.375782101e-04 
  9.270349983e-04 
  9.064539336e-04 
  9.154173895e-04 
  9.141624905e-04 
  9.159137844e-04 
  8.697285666e-04 
  8.971366915e-04 
  9.153910214e-04 
  9.109077509e-04 
  9.066907805e-04 
  9.182555950e-04 
  9.137350135e-04 
  9.092332330e-04 
  9.099042509e-04 
  8.647965733e-04 
  8.631499950e-04 
  8.683669730e-04 
  8.732649731e-04 
  8.639377193e-04 
  8.856261848e-04 
  8.809542633e-04 
  8.918937529e-04 
  8.888549055e-04 
  8.848903235e-04 
  8.802151424e-04 
  8.901588735e-04 
  8.808202692e-04 
  8.807529230e-04 
  8.833949105e-04 
  8.757066680e-04 
  8.754833252e-04 
  8.658550214e-04 
  8.616455016e-04 
  8.645852795e-04 
  8.568308549e-04 
  8.418483776e-04 
  8.459913661e-04 
  8.323089569e-04 
  8.225830970e-04 
  8.226512582e-04 
  8.186408086e-04 
  8.041968686e-04 
  8.036139770e-04 
  8.012776962e-04 
  7.886798703e-04 
  7.599632372e-04 
  7.571334136e-04 
  7.313852548e-04 
  7.631221088e-04 
  7.684912998e-04 
  7.918359479e-04 
  7.820671308e-04 
  7.851717528e-04 
  7.963133976e-04 
  7.894055452e-04 
  7.904444356e-04 
  7.876453456e-04 
  7.962705567e-04 
  7.862274651e-04 
  7.842353662e-04 
  7.882260252e-04 
  7.822138141e-04 
  7.712217048e-04 
  7.747203344e-04 
  7.707097684e-04 
  7.442234783e-04 
  7.348528015e-04 
  7.541645900e-04 
  7.479719934e-04 
  7.288168417e-04 
  7.462433423e-04 
  7.313678507e-04 
  7.216836675e-04 
  7.249386399e-04 
  7.011555135e-04 
  6.965157809e-04 
  6.808246253e-04 
  6.600875640e-04 
  6.605143426e-04 
  6.523380289e-04 
  6.512785330e-04 
  6.547623198e-04 
  6.492086686e-04 
  6.478428259e-04 
  6.568595418e-04 
  6.748273736e-04 
  6.667855196e-04 
  6.645334652e-04 
  6.395629607e-04 
  6.723770057e-04 
  6.759146927e-04 
  6.706591812e-04 
  6.588284741e-04 
  6.594698643e-04 
  6.531085237e-04 
  6.429196801e-04 
  6.368297036e-04 
  6.308274460e-04 
  6.146951928e-04 
  6.136377924e-04 
  6.076196441e-04 
  5.578508135e-04 
  5.807074485e-04 
  5.774498568e-04 
  5.670160754e-04 
  5.560044083e-04 
  5.650163512e-04 
  5.357935443e-04 
  5.427526194e-04 
  5.392369349e-04 
  4.961728700e-04 
  5.025433493e-04 
  4.928950802e-04 
  4.761959135e-04 
  4.621898697e-04 
  4.829996033e-04 
  4.637909296e-04 
  4.602040572e-04 
  4.343506880e-04 
  4.527968122e-04 
  4.517040215e-04 
  4.532806342e-04 
  4.508778802e-04 
  4.519424692e-04 
  4.440203193e-04 
  4.527370911e-04 
  4.470074200e-04 
  4.434296861e-04 
  4.522463714e-04 
  4.483883677e-04 
  4.497192276e-04 
  4.435278533e-04 
