  1.625532471e-02 
  5.670823529e-02 
  7.555758208e-02 
  2.623179257e-01 
  3.354196250e-01 
  7.895271778e-01 
  9.876039624e-01 
  1.729758620e+00 
  2.462210417e+00 
  2.881142378e+00 
  3.829576492e+00 
  7.835037231e+00 
  7.351389408e+00 
  1.010317039e+01 
  1.058514023e+01 
  1.398332310e+01 
  1.115919971e+01 
  1.684259987e+01 
  1.681911087e+01 
  2.074499130e+01 
  1.821788597e+01 
  2.597104263e+01 
  2.110741043e+01 
  1.969829941e+01 
  2.604397964e+01 
  2.705398178e+01 
  3.993583298e+01 
  4.046041870e+01 
  3.143676758e+01 
  4.029574966e+01 
  4.202746201e+01 
  3.271171570e+01 
  3.744882584e+01 
  4.238048935e+01 
  3.457876205e+01 
  3.804845428e+01 
  2.861191750e+01 
  2.681478882e+01 
  3.281934357e+01 
  3.315897369e+01 
  3.666017532e+01 
  3.106299210e+01 
  3.252247238e+01 
  3.241222382e+01 
  2.894060707e+01 
  3.728839874e+01 
  4.120861053e+01 
  3.897796249e+01 
  3.647509003e+01 
  3.978629303e+01 
  4.041344833e+01 
  3.812313080e+01 
  3.876967239e+01 
  3.518514252e+01 
  4.035551834e+01 
  4.062081528e+01 
  3.814461517e+01 
  2.420348549e+01 
  2.611909294e+01 
  2.609540558e+01 
  3.843989563e+01 
  3.029511642e+01 
  3.304287338e+01 
  3.493248749e+01 
  3.464212036e+01 
  3.221837234e+01 
  4.393000793e+01 
  3.903975677e+01 
  3.656238556e+01 
  3.492506790e+01 
  3.988713455e+01 
  3.163240623e+01 
  3.306129837e+01 
  3.270953751e+01 
  2.514420319e+01 
  2.285597420e+01 
  3.243739700e+01 
  3.291587067e+01 
  4.220037460e+01 
  3.220032883e+01 
  2.989716148e+01 
  3.327893066e+01 
  2.465534019e+01 
  1.702929688e+01 
  1.856166840e+01 
  2.765353394e+01 
  2.124496078e+01 
  2.412857628e+01 
  2.364068794e+01 
  2.663832664e+01 
  3.193362999e+01 
  3.531840515e+01 
  3.102855873e+01 
  1.644404411e+01 
  1.798791313e+01 
  2.984759521e+01 
  3.036761665e+01 
  1.221684742e+01 
  3.378630447e+01 
  4.004351044e+01 
  3.888614655e+01 
  3.817656708e+01 
  3.996377945e+01 
  3.697200775e+01 
  3.924543381e+01 
  3.555145264e+01 
  3.485389709e+01 
  3.353364182e+01 
  3.588864136e+01 
  3.924421310e+01 
  3.241412735e+01 
  3.760522461e+01 
  3.849659729e+01 
  3.592963028e+01 
  3.483477020e+01 
  3.671121216e+01 
  3.605507660e+01 
  3.454403687e+01 
  3.339168930e+01 
  3.380613708e+01 
  2.827705383e+01 
  3.501205444e+01 
  3.315600967e+01 
  2.767554855e+01 
  3.008736420e+01 
  3.079885101e+01 
  2.926312637e+01 
  2.782276726e+01 
  2.784793091e+01 
  2.504353523e+01 
  1.975489044e+01 
  1.755821991e+01 
  3.124465561e+01 
  2.749619102e+01 
  2.583802223e+01 
  2.779389191e+01 
  3.047256851e+01 
  3.042162514e+01 
  2.694680786e+01 
  2.578535652e+01 
  2.857922363e+01 
  2.817113876e+01 
  2.934229851e+01 
  2.921336365e+01 
  2.870508575e+01 
  2.986382675e+01 
  2.629254150e+01 
  2.966265106e+01 
  2.983433151e+01 
  2.971820259e+01 
  3.004399300e+01 
  3.212405396e+01 
  2.954568481e+01 
  2.713523865e+01 
  2.862377167e+01 
  2.851709366e+01 
  2.889483070e+01 
  2.874636650e+01 
  2.794008255e+01 
  2.763979149e+01 
  2.710905647e+01 
  2.779534531e+01 
  2.705463409e+01 
  2.677753830e+01 
  2.659596443e+01 
  2.594486046e+01 
  2.649858856e+01 
  2.530734062e+01 
  2.651457787e+01 
  2.600642204e+01 
  2.537820625e+01 
  2.506447983e+01 
  2.509985542e+01 
  2.455642128e+01 
  2.448336411e+01 
  2.518857765e+01 
  2.413633156e+01 
  2.364686775e+01 
  2.456106949e+01 
  2.321704102e+01 
  2.344645500e+01 
  2.307716370e+01 
  2.333181763e+01 
  2.312724495e+01 
  2.201740646e+01 
  2.195862389e+01 
  1.762969398e+01 
  1.962403488e+01 
  2.110250664e+01 
  1.942826843e+01 
  2.190633965e+01 
  2.029792786e+01 
  1.931365967e+01 
  2.059682846e+01 
  1.970279503e+01 
  2.085673332e+01 
  2.010643578e+01 
  1.930637169e+01 
  1.865960121e+01 
  1.842669106e+01 
  1.816098785e+01 
  1.757517815e+01 
  1.728491592e+01 
  1.813221741e+01 
  1.670191574e+01 
  1.783525276e+01 
  1.891552734e+01 
  1.743666458e+01 
  1.656772423e+01 
  1.770121574e+01 
  1.699386024e+01 
  1.684133339e+01 
  1.751208496e+01 
  1.587939167e+01 
  1.540280247e+01 
  1.558004379e+01 
  1.621143913e+01 
  1.182723427e+01 
  1.450259113e+01 
  1.360865116e+01 
  1.484009457e+01 
  1.470693970e+01 
  1.514416027e+01 
  1.397243118e+01 
  1.501467896e+01 
  1.475239277e+01 
  1.392579079e+01 
  1.204816055e+01 
  1.433058739e+01 
  1.459601402e+01 
  1.366006279e+01 
  1.472723389e+01 
  1.391705704e+01 
  1.211331463e+01 
  1.305480671e+01 
  1.320171833e+01 
  1.388455582e+01 
  1.276763344e+01 
  1.324680614e+01 
  1.308638000e+01 
  1.269372272e+01 
  1.153749275e+01 
  1.275710964e+01 
  1.209586334e+01 
  1.264581490e+01 
  1.234738922e+01 
  1.196640778e+01 
  1.236526012e+01 
  1.137256813e+01 
  1.186430073e+01 
  1.150307655e+01 
  1.133273125e+01 
  1.171998024e+01 
  1.116449738e+01 
  1.143089867e+01 
  1.136556911e+01 
  1.095821095e+01 
  1.054209328e+01 
  1.084913254e+01 
  1.016733646e+01 
  1.012470436e+01 
  1.103217316e+01 
  1.003814507e+01 
  1.041215038e+01 
  1.017701817e+01 
  1.020728683e+01 
  9.329360008e+00 
  9.914898872e+00 
  9.785084724e+00 
  9.489643097e+00 
  9.459480286e+00 
  9.055591583e+00 
  9.477085114e+00 
  9.488337517e+00 
  9.359214783e+00 
  9.054514885e+00 
  8.823234558e+00 
  9.129074097e+00 
  8.809564590e+00 
  8.693473816e+00 
  8.947951317e+00 
  8.749128342e+00 
  8.835665703e+00 
  8.847109795e+00 
  8.766478539e+00 
  8.655896187e+00 
  8.231875420e+00 
  8.487916946e+00 
  8.330695152e+00 
  7.314624786e+00 
  7.583500385e+00 
  8.014814377e+00 
  7.799614906e+00 
  7.843161583e+00 
  7.855247974e+00 
  7.640072346e+00 
  7.785668373e+00 
  7.742887497e+00 
  7.532166481e+00 
  7.478159904e+00 
  7.429852486e+00 
  7.332700253e+00 
  7.199054718e+00 
  7.196651936e+00 
  7.381334782e+00 
  7.318571568e+00 
  7.188464642e+00 
  7.103311062e+00 
  7.033011436e+00 
  6.917123318e+00 
  6.763908386e+00 
  6.831593037e+00 
  6.701326370e+00 
  6.562856197e+00 
  6.286951065e+00 
  6.547561169e+00 
  6.187042713e+00 
  6.183348179e+00 
  6.433881283e+00 
  6.333759308e+00 
  6.385630131e+00 
  6.452864170e+00 
  6.071857929e+00 
  6.077912331e+00 
  6.043535709e+00 
  5.839966774e+00 
  5.827643394e+00 
  5.870841503e+00 
  5.673659801e+00 
  5.832048893e+00 
  5.606171608e+00 
  5.792444706e+00 
  5.369594574e+00 
  5.739166260e+00 
  5.546576023e+00 
  5.621141434e+00 
  5.398952484e+00 
  5.551546097e+00 
  5.614767075e+00 
  5.541100502e+00 
  5.342093468e+00 
  5.391512394e+00 
  5.299815178e+00 
  5.358471870e+00 
  5.268295765e+00 
  5.278401852e+00 
  5.041125774e+00 
  5.075030327e+00 
  5.031695843e+00 
  5.107189655e+00 
  4.716608047e+00 
  5.051186085e+00 
  4.914793968e+00 
  4.997201443e+00 
  4.901730061e+00 
  4.740335464e+00 
  4.002638817e+00 
  4.249429226e+00 
  4.710720062e+00 
  4.692583084e+00 
  4.704704762e+00 
  4.704961777e+00 
  4.748668194e+00 
  4.667816162e+00 
  4.568717480e+00 
  4.563106537e+00 
  4.593148232e+00 
  4.477433205e+00 
  4.478909969e+00 
  4.518177032e+00 
  4.439253807e+00 
  4.367938995e+00 
  4.329459190e+00 
  4.336181164e+00 
  4.320412636e+00 
  4.230769634e+00 
  4.286520004e+00 
  4.177549362e+00 
  4.222719193e+00 
  4.139290333e+00 
  4.082700253e+00 
  4.062600613e+00 
  4.030860901e+00 
  4.033921719e+00 
  3.936968327e+00 
  3.960401297e+00 
  3.753748178e+00 
  3.298551083e+00 
  3.401036501e+00 
  3.356073856e+00 
  3.416331768e+00 
  3.501277208e+00 
  3.520377636e+00 
  3.514413834e+00 
  3.510268211e+00 
  3.459139585e+00 
  3.496976376e+00 
  3.555668354e+00 
  3.454421282e+00 
  3.436305761e+00 
  3.386336803e+00 
  3.278837442e+00 
  3.253493547e+00 
  3.329797268e+00 
  3.322725534e+00 
  3.308203697e+00 
  3.258315802e+00 
  3.197958946e+00 
  3.279962540e+00 
  3.161164999e+00 
  3.198549747e+00 
  3.165367603e+00 
  3.118402481e+00 
  3.075362206e+00 
  3.105511427e+00 
  2.961381912e+00 
  3.002085209e+00 
  2.793004751e+00 
  2.696170807e+00 
  2.626860619e+00 
  2.596941710e+00 
  2.731094837e+00 
  2.813215494e+00 
  2.757883072e+00 
  2.669547796e+00 
  2.638015747e+00 
  2.614459753e+00 
  2.650399685e+00 
  2.577403069e+00 
  2.492077589e+00 
  2.564281940e+00 
  2.501507044e+00 
  2.588753223e+00 
  2.589242935e+00 
  2.655891180e+00 
  2.610232592e+00 
  2.530178547e+00 
  2.562094927e+00 
  2.558923006e+00 
  2.469888926e+00 
  2.496813059e+00 
  2.473444939e+00 
  2.423445702e+00 
  2.488533974e+00 
  2.503071547e+00 
  2.428229332e+00 
  2.451507330e+00 
  2.476705074e+00 
  2.420423985e+00 
  2.409101009e+00 
  2.359654903e+00 
  2.341103315e+00 
  2.366617680e+00 
  2.332421541e+00 
  2.356738091e+00 
  2.330849886e+00 
  2.273206234e+00 
  2.277545691e+00 
  2.256836414e+00 
  2.015695333e+00 
  9.441295266e-01 
  8.530210853e-01 
  1.372692585e+00 
  1.221499085e+00 
  1.306786180e+00 
  1.515399814e+00 
  1.678991914e+00 
  1.817687511e+00 
  1.969615102e+00 
  2.015777111e+00 
  2.031202555e+00 
  2.037695885e+00 
  2.022951126e+00 
  2.005898237e+00 
  2.018831253e+00 
  1.933966398e+00 
  2.003794193e+00 
  1.979531288e+00 
  1.958408356e+00 
  1.954266667e+00 
  1.919759393e+00 
  1.907192111e+00 
  1.919856787e+00 
  1.865005493e+00 
  1.864916325e+00 
  1.857100725e+00 
  1.811523199e+00 
  1.822766423e+00 
  1.782348990e+00 
  1.770789385e+00 
  1.742663741e+00 
  1.726986051e+00 
  1.692975998e+00 
  1.687562227e+00 
  1.672419190e+00 
  1.648061395e+00 
  1.650788903e+00 
  1.657259226e+00 
  1.660238624e+00 
  1.647941828e+00 
  1.589488387e+00 
  1.611611962e+00 
  1.599556446e+00 
  1.569662333e+00 
  1.579262972e+00 
  1.534855843e+00 
  1.572604656e+00 
  1.555461287e+00 
  1.535703301e+00 
  1.499199033e+00 
  1.481769800e+00 
  1.491498113e+00 
  1.470452905e+00 
  1.446757555e+00 
  1.424528599e+00 
  1.386585712e+00 
  1.348357916e+00 
  1.350652933e+00 
  1.337189555e+00 
  1.300818920e+00 
  1.290208578e+00 
  1.352810860e+00 
  1.288529158e+00 
  1.249122262e+00 
  1.304240584e+00 
  1.325233102e+00 
  1.321925879e+00 
  1.307319880e+00 
  1.279458404e+00 
  1.279052615e+00 
  1.259941697e+00 
  1.233464122e+00 
  1.253357530e+00 
  1.212537169e+00 
  1.229331970e+00 
  1.234825253e+00 
  1.240202308e+00 
  1.223660111e+00 
  1.226354361e+00 
  1.184768081e+00 
  1.211473465e+00 
  1.206231952e+00 
  1.195086241e+00 
  1.186331987e+00 
  1.163388014e+00 
  1.176448107e+00 
  1.181262493e+00 
  1.136319399e+00 
  1.163118601e+00 
  1.159858823e+00 
  9.972019196e-01 
  1.135905623e+00 
  1.087670803e+00 
  1.096546531e+00 
  8.772885203e-01 
  9.617977142e-01 
  1.086984396e+00 
  1.099724293e+00 
  1.077216744e+00 
  1.072872877e+00 
  1.058619380e+00 
  1.053501844e+00 
  1.045336246e+00 
  1.060289502e+00 
  1.053341031e+00 
  1.028969288e+00 
  8.590483069e-01 
  9.104322791e-01 
  9.827460051e-01 
  9.644361138e-01 
  9.994424582e-01 
  9.933767319e-01 
  9.848534465e-01 
  9.840322733e-01 
  9.578832388e-01 
  9.446097016e-01 
  9.478244185e-01 
  9.621666670e-01 
  9.408926964e-01 
  9.386373162e-01 
  9.286328554e-01 
  8.760783076e-01 
  9.199882150e-01 
  8.950064182e-01 
  8.984982967e-01 
  9.030787945e-01 
  8.687998652e-01 
  8.564175963e-01 
  8.779556155e-01 
  8.799906969e-01 
  8.727908731e-01 
  8.638730645e-01 
  8.545305133e-01 
  8.106526732e-01 
  8.298928738e-01 
  7.730093598e-01 
  7.847677469e-01 
  7.483671904e-01 
  7.394779325e-01 
  7.171095610e-01 
  6.985149980e-01 
  6.760252118e-01 
  6.614673138e-01 
  7.239949107e-01 
  7.504250407e-01 
  7.443987727e-01 
  7.095024586e-01 
  6.979985237e-01 
  6.634280682e-01 
  6.496804953e-01 
  6.563574672e-01 
  6.598141193e-01 
  6.543370485e-01 
  6.493450403e-01 
  6.508003473e-01 
  6.430458426e-01 
  6.498972178e-01 
  6.404999495e-01 
  6.390438676e-01 
  6.606257558e-01 
  6.640363336e-01 
  6.439622641e-01 
  6.351661682e-01 
  6.026361585e-01 
  6.175068021e-01 
  6.222355366e-01 
  5.969020724e-01 
  6.072705984e-01 
  5.946908593e-01 
  5.647628903e-01 
  5.374142528e-01 
  5.098699331e-01 
  4.719714820e-01 
  4.498216808e-01 
  4.231557548e-01 
  4.129027426e-01 
  4.159649312e-01 
  4.214526415e-01 
  4.380252361e-01 
  5.036492348e-01 
  5.090017319e-01 
  4.870420992e-01 
  4.471365511e-01 
  4.370865822e-01 
  4.210991263e-01 
  4.341546893e-01 
  4.388530850e-01 
  4.444473386e-01 
  4.512237608e-01 
  4.500467777e-01 
  4.467383921e-01 
  4.556010067e-01 
  4.395592809e-01 
  4.464497268e-01 
  4.510441720e-01 
  4.116241634e-01 
  4.355564117e-01 
  4.606179595e-01 
  4.659637511e-01 
  4.613212347e-01 
  4.538269937e-01 
  4.449133873e-01 
  4.473507404e-01 
  4.594342709e-01 
  4.544609785e-01 
  4.567623734e-01 
  4.425643384e-01 
  4.644173682e-01 
  4.751524627e-01 
  4.845948815e-01 
  4.843966365e-01 
  4.778924584e-01 
  4.768215120e-01 
  4.650557637e-01 
  4.497841299e-01 
  4.462284446e-01 
  4.546161592e-01 
  4.492362738e-01 
  4.577896893e-01 
  4.448000193e-01 
  4.578028619e-01 
  4.610891938e-01 
  4.562420845e-01 
  4.577471912e-01 
  4.576687515e-01 
  4.584034085e-01 
  4.564979672e-01 
  4.614577293e-01 
  4.542739391e-01 
  4.469001293e-01 
  4.492498636e-01 
  4.524652660e-01 
  4.468455911e-01 
  4.447030425e-01 
  4.464825094e-01 
  4.423202574e-01 
  4.404084980e-01 
  4.385213554e-01 
  4.344888926e-01 
  4.313733578e-01 
  4.263983369e-01 
  4.261014163e-01 
  4.219078124e-01 
  4.157254696e-01 
  4.116230011e-01 
  3.833553195e-01 
  4.019801319e-01 
  4.073088169e-01 
  4.059445858e-01 
  3.999938965e-01 
  4.006885290e-01 
  3.988776803e-01 
  3.981709778e-01 
  3.939381242e-01 
  3.951605260e-01 
  3.863500655e-01 
  3.874678314e-01 
  3.822817504e-01 
  3.854240775e-01 
  3.744112849e-01 
  3.723646998e-01 
  3.750553131e-01 
  3.674921095e-01 
  3.724687994e-01 
  3.687442839e-01 
  3.678287864e-01 
  3.673145771e-01 
  3.634198606e-01 
  3.630024493e-01 
  3.564678729e-01 
  3.590244651e-01 
  3.566578925e-01 
  3.541550040e-01 
  3.463084996e-01 
  3.486489058e-01 
  3.436057866e-01 
  3.466089070e-01 
  3.379355073e-01 
  3.399572968e-01 
  3.399481773e-01 
  3.345452547e-01 
  3.349458575e-01 
  3.345951736e-01 
  3.275134265e-01 
  3.294112086e-01 
  3.266114891e-01 
  3.157854080e-01 
  3.202208877e-01 
  3.219640553e-01 
  3.184298873e-01 
  3.151744902e-01 
  3.138761520e-01 
  3.110702038e-01 
  3.099099994e-01 
  3.053856194e-01 
  3.062780499e-01 
  3.041146696e-01 
  3.021471798e-01 
  2.974886000e-01 
  2.869463563e-01 
  2.961274683e-01 
  2.845938504e-01 
  2.911124527e-01 
  2.848908007e-01 
  2.872508466e-01 
  2.856121361e-01 
  2.757829428e-01 
  2.811235189e-01 
  2.789136171e-01 
  2.569616437e-01 
  2.714112699e-01 
  2.707924843e-01 
  2.704953551e-01 
  2.606829703e-01 
  2.689790428e-01 
  2.601312995e-01 
  2.646970451e-01 
  2.629199922e-01 
  2.624333501e-01 
  2.513525188e-01 
  2.569581270e-01 
  2.466232628e-01 
  2.492956519e-01 
  2.412576675e-01 
  2.490456551e-01 
  2.436717153e-01 
  2.462641299e-01 
  2.316449583e-01 
  2.449055016e-01 
  2.330630124e-01 
  2.369722426e-01 
  2.379605770e-01 
  2.308271676e-01 
  2.254699320e-01 
  2.038078159e-01 
  2.199069858e-01 
  2.182977647e-01 
  2.142615765e-01 
  2.064210325e-01 
  2.020033300e-01 
  2.049736977e-01 
  2.043845356e-01 
  1.949007958e-01 
  2.022456676e-01 
  1.993031204e-01 
  1.964522004e-01 
  1.922818869e-01 
  1.917599440e-01 
  1.907200962e-01 
  1.923455596e-01 
  1.922954023e-01 
  1.882085353e-01 
  1.813243032e-01 
  1.738811582e-01 
  1.733419746e-01 
  1.637943536e-01 
  1.569396853e-01 
  1.487869769e-01 
  1.388285756e-01 
  1.304141879e-01 
  1.253900975e-01 
  1.246586367e-01 
  1.187867150e-01 
  1.215448007e-01 
  1.231240705e-01 
  1.192205921e-01 
  1.161621138e-01 
  1.200721860e-01 
  1.182277575e-01 
  1.232075021e-01 
  1.341137737e-01 
  1.384213865e-01 
  1.336551160e-01 
  1.219338477e-01 
  1.065868437e-01 
  1.086133569e-01 
  1.224528998e-01 
  1.317054182e-01 
  1.344927996e-01 
  1.396463513e-01 
  1.379765719e-01 
  1.305720806e-01 
  1.325530261e-01 
  1.264489442e-01 
  1.215677634e-01 
  1.167831421e-01 
  1.187771261e-01 
  1.229435951e-01 
  1.249578893e-01 
  1.263888627e-01 
  1.255254447e-01 
  1.269586831e-01 
  1.273923814e-01 
  1.283533573e-01 
  1.281532496e-01 
  1.316100210e-01 
  1.328613162e-01 
  1.410191804e-01 
  1.437701434e-01 
  1.439965367e-01 
  1.428037882e-01 
  1.419592500e-01 
  1.487028301e-01 
  1.513770223e-01 
  1.483690143e-01 
  1.509732902e-01 
  1.471056342e-01 
  1.493366063e-01 
  1.499969065e-01 
  1.446664929e-01 
  1.483904719e-01 
  1.494781971e-01 
  1.479589343e-01 
  1.459231824e-01 
  1.455227137e-01 
  1.446959078e-01 
  1.419797987e-01 
  1.452430785e-01 
  1.410856843e-01 
  1.399847567e-01 
  1.410158128e-01 
  1.387473643e-01 
  1.374062896e-01 
  1.290758401e-01 
  1.350487918e-01 
  1.378600597e-01 
  1.361293942e-01 
  1.342384219e-01 
  1.327681690e-01 
  1.254421175e-01 
  1.334947944e-01 
  1.358481646e-01 
  1.357070655e-01 
  1.350732893e-01 
  1.342072040e-01 
  1.312507391e-01 
  1.308603287e-01 
  1.299117059e-01 
  1.250146776e-01 
  1.194256246e-01 
  1.268695891e-01 
  1.273937970e-01 
  1.270251870e-01 
  1.199523807e-01 
  1.215888411e-01 
  1.255672872e-01 
  1.251854300e-01 
  1.259566247e-01 
  1.235534996e-01 
  1.151371673e-01 
  1.222934872e-01 
  1.177746877e-01 
  1.212550998e-01 
  1.219978407e-01 
  1.209750324e-01 
  1.212100461e-01 
  1.212432459e-01 
  1.212296188e-01 
  1.205618903e-01 
  1.190618500e-01 
  1.195237637e-01 
  1.190456599e-01 
  1.180928946e-01 
  1.172091663e-01 
  1.182385832e-01 
  1.173121557e-01 
  1.174793392e-01 
  1.133562401e-01 
  1.167816520e-01 
  1.164613813e-01 
  1.158897653e-01 
  1.156075969e-01 
  1.139437035e-01 
  1.144730747e-01 
  1.139186770e-01 
  1.128299609e-01 
  1.131766513e-01 
  1.128678024e-01 
  1.124198437e-01 
  1.107566059e-01 
  1.098454297e-01 
  1.103772298e-01 
  1.092856899e-01 
  1.076562703e-01 
  1.061829701e-01 
  1.075553522e-01 
  1.062601805e-01 
  1.052211672e-01 
  1.055772305e-01 
  1.047311202e-01 
  1.038374454e-01 
  1.026043221e-01 
  1.017681956e-01 
  1.004034728e-01 
  9.998647869e-02 
  9.920261800e-02 
  9.838721156e-02 
  9.655728936e-02 
  9.598968923e-02 
  9.401225299e-02 
  9.317965060e-02 
  9.199557453e-02 
  8.843811601e-02 
  8.868689090e-02 
  8.666357398e-02 
  8.640410006e-02 
  8.618069440e-02 
  8.373077214e-02 
  8.199911565e-02 
  8.223040402e-02 
  8.454822749e-02 
  8.559849113e-02 
  8.576013893e-02 
  8.599714190e-02 
  8.590548486e-02 
  8.655945957e-02 
  8.675352484e-02 
  8.670172095e-02 
  8.650853485e-02 
  8.590923250e-02 
  8.553133160e-02 
  8.321498334e-02 
  7.396458089e-02 
  8.119294047e-02 
  8.441253006e-02 
  8.493980020e-02 
  8.461284637e-02 
  8.471387625e-02 
  8.317033947e-02 
  8.322268724e-02 
  8.108259737e-02 
  8.211421221e-02 
  8.260727674e-02 
  8.250581473e-02 
  8.064347506e-02 
  8.075278252e-02 
  8.004134893e-02 
  7.889115065e-02 
  7.794955373e-02 
  7.849273086e-02 
  7.789426297e-02 
  7.743903995e-02 
  7.592993975e-02 
  7.442576438e-02 
  7.394108921e-02 
  7.403143495e-02 
  7.375197858e-02 
  7.311005145e-02 
  7.233744115e-02 
  7.136265188e-02 
  7.076792419e-02 
  7.034210861e-02 
  6.907924265e-02 
  6.520103663e-02 
  6.645131111e-02 
  6.438071281e-02 
  6.625864655e-02 
  6.673660874e-02 
  6.469345838e-02 
  6.406666338e-02 
  6.193683669e-02 
  6.093509123e-02 
  6.157299876e-02 
  6.255505234e-02 
  6.294034421e-02 
  6.225647405e-02 
  6.081909686e-02 
  5.811883509e-02 
  5.594210327e-02 
  5.016946793e-02 
  4.951985925e-02 
  4.876517504e-02 
  4.779808223e-02 
  4.965151101e-02 
  5.059194565e-02 
  5.122934654e-02 
  5.080644414e-02 
  5.098789930e-02 
  5.132736638e-02 
  5.091791600e-02 
  5.086165667e-02 
  5.132291093e-02 
  5.110984296e-02 
  4.946189374e-02 
  4.736821353e-02 
  4.276870936e-02 
  3.942609951e-02 
  3.776560351e-02 
  3.523224592e-02 
  3.410425037e-02 
  3.161097690e-02 
  3.046645038e-02 
  2.913047746e-02 
  2.729010768e-02 
  2.626629174e-02 
  2.511977963e-02 
  2.414691448e-02 
  2.294474840e-02 
  2.248094976e-02 
  2.116666548e-02 
  2.003606781e-02 
  1.995748281e-02 
  1.968523860e-02 
  1.988388784e-02 
  2.031998150e-02 
  2.029259875e-02 
  2.048879676e-02 
  1.992006227e-02 
  1.976072788e-02 
  1.937831752e-02 
  2.011143416e-02 
  2.125589922e-02 
  2.294271998e-02 
  2.392043546e-02 
  2.457868308e-02 
  2.437632717e-02 
  2.378167585e-02 
  2.361015417e-02 
  2.258312516e-02 
  2.170668729e-02 
  2.017116733e-02 
  1.915842108e-02 
  1.827736013e-02 
  1.835781895e-02 
  1.906296983e-02 
  1.948673278e-02 
  2.048742212e-02 
  2.167847380e-02 
  2.263081074e-02 
  2.305279300e-02 
  2.268035896e-02 
  2.263022773e-02 
  2.162418701e-02 
  2.073796093e-02 
  1.984548569e-02 
  2.005221695e-02 
  2.094138600e-02 
  2.160902321e-02 
  2.162713185e-02 
  2.127893269e-02 
  2.052488551e-02 
  2.065937407e-02 
  2.153939009e-02 
  2.177084982e-02 
  2.140307985e-02 
  2.145767957e-02 
  2.117501572e-02 
  2.120391093e-02 
  2.169561200e-02 
  2.231420949e-02 
  2.306923270e-02 
  2.388218418e-02 
  2.290652506e-02 
  2.365811542e-02 
  2.376680635e-02 
  2.421168797e-02 
  2.451467328e-02 
  2.474830113e-02 
  2.474043891e-02 
  2.440763637e-02 
  2.444531955e-02 
  2.549253590e-02 
  2.519145980e-02 
  2.511569671e-02 
  2.503529005e-02 
  2.522653900e-02 
  2.417125367e-02 
  2.479431406e-02 
  2.548552305e-02 
  2.504755929e-02 
  2.425222099e-02 
  2.340170369e-02 
  2.336781658e-02 
  2.330573834e-02 
  2.264829352e-02 
  2.330157347e-02 
  2.341827750e-02 
  2.352403849e-02 
  2.388108149e-02 
  2.419851348e-02 
  2.287165634e-02 
  2.411826514e-02 
  2.339352667e-02 
  2.373011410e-02 
  2.396862954e-02 
  2.390722558e-02 
  2.444305085e-02 
  2.459468134e-02 
  2.479149401e-02 
  2.455721051e-02 
  2.401894517e-02 
  2.397173457e-02 
  2.415693738e-02 
  2.549838088e-02 
  2.652452700e-02 
  2.678625286e-02 
  2.734702639e-02 
  2.763089165e-02 
  2.804458700e-02 
  2.759405039e-02 
  2.664511651e-02 
  2.628738433e-02 
  2.536376752e-02 
  2.512183413e-02 
  2.487967163e-02 
  2.470350452e-02 
  2.356290631e-02 
  2.373918891e-02 
  2.272671647e-02 
  2.234804817e-02 
  2.195561677e-02 
  2.216203138e-02 
  2.307438478e-02 
  2.439204976e-02 
  2.457092702e-02 
  2.500924654e-02 
  2.498044446e-02 
  2.468708530e-02 
  2.397442795e-02 
  2.381406538e-02 
  2.408984676e-02 
  2.406768315e-02 
  2.475133538e-02 
  2.430413291e-02 
  2.446088754e-02 
  2.479846962e-02 
  2.469683997e-02 
  2.550165169e-02 
  2.228736132e-02 
  2.662567236e-02 
  2.761148661e-02 
  2.835650183e-02 
  2.772601321e-02 
  2.860438451e-02 
  2.846351452e-02 
  2.854541130e-02 
  2.823255956e-02 
  2.885323949e-02 
  2.959194034e-02 
  2.951826714e-02 
  3.030030429e-02 
  3.007482737e-02 
  2.957782522e-02 
  2.637789398e-02 
  2.752158791e-02 
  2.771301195e-02 
  2.802433446e-02 
  2.955659479e-02 
  2.918793820e-02 
  2.941842563e-02 
  2.985883504e-02 
  3.004606441e-02 
  2.948969603e-02 
  2.940030582e-02 
  2.892165072e-02 
  2.950804867e-02 
  2.919001691e-02 
  2.902832814e-02 
  2.966332063e-02 
  2.935501188e-02 
  2.972781286e-02 
  2.922706120e-02 
  2.898205258e-02 
  2.964696474e-02 
  2.930309996e-02 
  2.851577289e-02 
  2.924791723e-02 
  2.890624106e-02 
  2.907681279e-02 
  2.890843153e-02 
  2.701571025e-02 
  2.881243080e-02 
  2.857632190e-02 
  2.837098762e-02 
  2.788138203e-02 
  2.793778107e-02 
  2.823801525e-02 
  2.829289250e-02 
  2.747956663e-02 
  2.800484747e-02 
  2.692679316e-02 
  2.743198723e-02 
  2.752314322e-02 
  2.739452198e-02 
  2.770025097e-02 
  2.776086517e-02 
  2.771323174e-02 
  2.739316598e-02 
  2.652706020e-02 
  2.713609859e-02 
  2.691993676e-02 
  2.671192586e-02 
  2.710091881e-02 
  2.689554729e-02 
  2.583653294e-02 
  2.620257065e-02 
  2.563522384e-02 
  2.640659176e-02 
  2.613095380e-02 
  2.606213838e-02 
  2.554576658e-02 
  2.607165277e-02 
  2.599306591e-02 
  2.551507205e-02 
  2.490085550e-02 
  2.516624890e-02 
  2.462588437e-02 
  2.443597093e-02 
  2.369550057e-02 
  2.353799529e-02 
  2.274634130e-02 
  2.329610288e-02 
  2.319289185e-02 
  2.280026302e-02 
  2.286919579e-02 
  2.121642791e-02 
  2.273527905e-02 
  2.049372718e-02 
  2.239294723e-02 
  2.250284702e-02 
  2.297534607e-02 
  2.276506275e-02 
  2.233517170e-02 
  2.263594791e-02 
  2.245090529e-02 
  2.311424352e-02 
  2.276610024e-02 
  2.250443585e-02 
  2.211650088e-02 
  2.019864134e-02 
  2.170666493e-02 
  2.116798237e-02 
  2.222587727e-02 
  2.263189293e-02 
  2.237861790e-02 
  2.238340676e-02 
  2.091459185e-02 
  2.157214284e-02 
  2.172369137e-02 
  2.072556317e-02 
  2.085188031e-02 
  1.992390305e-02 
  2.033408917e-02 
  2.017355710e-02 
  2.045195922e-02 
  2.009902149e-02 
  1.999792829e-02 
  2.000992186e-02 
  2.017264441e-02 
  2.004487067e-02 
  1.877306029e-02 
  1.935830154e-02 
  1.959983259e-02 
  2.008773573e-02 
  1.984097250e-02 
  2.019726858e-02 
  1.894555613e-02 
  1.951723732e-02 
  2.007524297e-02 
  2.002415434e-02 
  1.952628419e-02 
  1.921955124e-02 
  1.965440065e-02 
  2.002807334e-02 
  2.013151720e-02 
  1.960889995e-02 
  1.977470517e-02 
  1.970446296e-02 
  1.980171166e-02 
  1.973813586e-02 
  1.913566515e-02 
  1.938694529e-02 
  1.931916736e-02 
  1.901190355e-02 
  1.848947443e-02 
  1.893845387e-02 
  1.881872304e-02 
  1.788966358e-02 
  1.771552674e-02 
  1.744107343e-02 
  1.746928506e-02 
  1.729608141e-02 
  1.723196916e-02 
  1.762703247e-02 
  1.731114276e-02 
  1.729945838e-02 
  1.746448502e-02 
  1.758385077e-02 
  1.746089570e-02 
  1.701977104e-02 
  1.740860008e-02 
  1.698531769e-02 
  1.729227044e-02 
  1.708589867e-02 
  1.723549701e-02 
  1.688092388e-02 
  1.718804799e-02 
  1.702174172e-02 
  1.709553972e-02 
  1.674846746e-02 
  1.689811796e-02 
  1.692235097e-02 
  1.674428023e-02 
  1.658034697e-02 
  1.644923910e-02 
  1.624279097e-02 
  1.613736153e-02 
  1.628079452e-02 
  1.596640982e-02 
  1.597340219e-02 
  1.629520766e-02 
  1.615367085e-02 
  1.535218302e-02 
  1.575060934e-02 
  1.578773372e-02 
  1.560336817e-02 
  1.531468891e-02 
  1.535512879e-02 
  1.539658755e-02 
  1.514967531e-02 
  1.459530648e-02 
  1.405719109e-02 
  1.442831941e-02 
  1.474731602e-02 
  1.498430222e-02 
  1.499001496e-02 
  1.477466989e-02 
  1.480791811e-02 
  1.477984618e-02 
  1.456720009e-02 
  1.451819483e-02 
  1.467118785e-02 
  1.466305461e-02 
  1.457679737e-02 
  1.452211104e-02 
  1.449177414e-02 
  1.437255926e-02 
  1.424964424e-02 
  1.430240646e-02 
  1.417680178e-02 
  1.396623719e-02 
  1.395875588e-02 
  1.387979928e-02 
  1.356407255e-02 
  1.377302874e-02 
  1.380284037e-02 
  1.359604299e-02 
  1.352895144e-02 
  1.312356535e-02 
  1.333201397e-02 
  1.344562415e-02 
  1.239481289e-02 
  1.322833728e-02 
  1.326174475e-02 
  1.323260553e-02 
  1.321001817e-02 
  1.311087981e-02 
  1.295816153e-02 
  1.285893656e-02 
  1.293450315e-02 
  1.260432415e-02 
  1.239034813e-02 
  1.256662887e-02 
  1.190435700e-02 
  1.205530111e-02 
  1.220192015e-02 
  1.230342127e-02 
  1.221522037e-02 
  1.191943977e-02 
  1.213649660e-02 
  1.213168260e-02 
  1.192651503e-02 
  1.176094543e-02 
  1.098612510e-02 
  1.117147598e-02 
  1.120798104e-02 
  1.063951198e-02 
  1.047166716e-02 
  1.095738076e-02 
  1.110170316e-02 
  1.111202221e-02 
  1.082898583e-02 
  1.114365645e-02 
  1.093254331e-02 
  1.105761901e-02 
  1.071004663e-02 
  1.075976435e-02 
  1.047161780e-02 
  1.083407830e-02 
  1.072634850e-02 
  1.067617256e-02 
  1.047963277e-02 
  1.053044293e-02 
  1.053221337e-02 
  1.051160693e-02 
  1.032078546e-02 
  1.040819846e-02 
  1.039187703e-02 
  1.028949022e-02 
  1.030819770e-02 
  1.020900439e-02 
  9.992350824e-03 
  9.722231887e-03 
  9.797318839e-03 
  9.561454877e-03 
  9.706155397e-03 
  9.628091939e-03 
  9.606153704e-03 
  9.447125718e-03 
  9.492188692e-03 
  9.314246476e-03 
  9.309429675e-03 
  9.277515113e-03 
  9.257145226e-03 
  9.010574780e-03 
  8.737866767e-03 
  8.694876917e-03 
  8.425046690e-03 
  8.265315555e-03 
  8.329629898e-03 
  8.248421364e-03 
  8.217316121e-03 
  8.090799674e-03 
  7.935578004e-03 
  7.924392819e-03 
  7.870957255e-03 
  7.911491208e-03 
  7.957346737e-03 
  7.910787128e-03 
  7.656320464e-03 
  7.580751553e-03 
  7.368762977e-03 
  7.239583880e-03 
  6.984594744e-03 
  6.727766711e-03 
  6.768208463e-03 
  6.513649598e-03 
  6.245970726e-03 
  6.254096515e-03 
  5.933232605e-03 
  5.889011547e-03 
  5.514551885e-03 
  5.319412798e-03 
  5.283178296e-03 
  5.337899551e-03 
  5.302158650e-03 
  5.148033611e-03 
  5.059729330e-03 
  4.990031011e-03 
  4.839316010e-03 
  4.630660173e-03 
  4.613274708e-03 
  4.433914553e-03 
  4.433057737e-03 
  4.298327025e-03 
  4.049431067e-03 
  3.984527197e-03 
  3.775493242e-03 
  3.513257485e-03 
  3.664308460e-03 
  3.709851298e-03 
  3.727823962e-03 
  3.668271005e-03 
  3.602977842e-03 
  3.688296769e-03 
  3.480710322e-03 
  3.490223782e-03 
  3.369088750e-03 
  3.329957835e-03 
  3.074822715e-03 
  3.033375135e-03 
  3.018013667e-03 
  2.938984428e-03 
  2.824594034e-03 
  2.810574137e-03 
  2.639897168e-03 
  2.637834055e-03 
  2.586178016e-03 
  2.495057648e-03 
  2.595791360e-03 
  2.608529758e-03 
  2.657708712e-03 
  2.682066755e-03 
  2.588476986e-03 
  2.725854749e-03 
  2.707944484e-03 
  2.678021323e-03 
  2.478877082e-03 
  2.545913914e-03 
  2.579560503e-03 
  2.593659563e-03 
  2.573179547e-03 
  2.551219193e-03 
  2.487363061e-03 
  2.524092793e-03 
  2.522488357e-03 
  2.430845750e-03 
  2.522562398e-03 
  2.556615043e-03 
  2.604603767e-03 
  2.566686599e-03 
  2.687614877e-03 
  2.659689402e-03 
  2.667169785e-03 
  2.633009106e-03 
  2.636387711e-03 
  2.468698192e-03 
  2.421353245e-03 
  2.239253838e-03 
  2.286609728e-03 
  2.114334144e-03 
  2.019874752e-03 
  1.997927669e-03 
  2.001744462e-03 
  1.993250567e-03 
  1.946367905e-03 
  1.804902800e-03 
  2.265759744e-03 
  2.442254918e-03 
  2.487904858e-03 
  2.501377603e-03 
  2.570515731e-03 
  2.613425022e-03 
  2.629661467e-03 
  2.636080608e-03 
  2.614935394e-03 
  2.523088129e-03 
  2.641339554e-03 
  2.598849824e-03 
  2.549882745e-03 
  2.448175335e-03 
  2.525376389e-03 
  2.442063065e-03 
  2.336929552e-03 
  2.425350249e-03 
  2.360719722e-03 
  2.260497771e-03 
  2.244586824e-03 
  2.198312432e-03 
  2.158188028e-03 
  2.128721680e-03 
  2.141517121e-03 
  2.104781102e-03 
  2.114788629e-03 
  2.090548631e-03 
  2.168284962e-03 
  2.171760658e-03 
  2.228353405e-03 
  2.181435702e-03 
  2.218090231e-03 
  2.215722809e-03 
  2.206776757e-03 
  2.137006726e-03 
  2.240043133e-03 
  2.288770163e-03 
  2.268393524e-03 
  2.350091934e-03 
  2.356949029e-03 
  2.408085624e-03 
  2.392392606e-03 
  2.372122370e-03 
  2.461803844e-03 
  2.503184136e-03 
  2.470078645e-03 
  2.513196552e-03 
  2.495764289e-03 
  2.503804630e-03 
  2.506764140e-03 
  2.475988353e-03 
  2.425514860e-03 
  2.516149310e-03 
  2.515651751e-03 
  2.587422729e-03 
  2.538216999e-03 
  2.634995151e-03 
  2.648560097e-03 
  2.678679070e-03 
  2.672964009e-03 
  2.716657706e-03 
  2.590024145e-03 
  2.670857823e-03 
  2.690926660e-03 
  2.704707673e-03 
  2.619663021e-03 
  2.491564723e-03 
  2.335974481e-03 
  2.479161602e-03 
  2.628178569e-03 
  2.637817990e-03 
  2.664399100e-03 
  2.550170524e-03 
  2.470957115e-03 
  2.445845166e-03 
  2.506176708e-03 
  2.448441926e-03 
  2.440208802e-03 
  2.388613997e-03 
  2.452213317e-03 
  2.458541421e-03 
  2.559340326e-03 
  2.534775063e-03 
  2.667348133e-03 
  2.608879702e-03 
  2.701664576e-03 
  2.699191216e-03 
  2.931171097e-03 
  2.853653161e-03 
  3.067134647e-03 
  3.070101608e-03 
  3.221000312e-03 
  3.242721083e-03 
  3.384638578e-03 
  3.352442058e-03 
  3.325377591e-03 
  3.409582190e-03 
  3.589257598e-03 
  3.585587954e-03 
  3.662162926e-03 
  3.468573093e-03 
  3.733550431e-03 
  3.609857056e-03 
  3.727386240e-03 
  3.752793418e-03 
  3.786345711e-03 
  3.738287836e-03 
  3.751777811e-03 
  3.669325728e-03 
  3.683070187e-03 
  3.776397090e-03 
  3.747251118e-03 
  3.728985554e-03 
  3.679313464e-03 
  3.621064359e-03 
  3.442155197e-03 
  3.462961176e-03 
  3.293779911e-03 
  3.286602907e-03 
  2.856711391e-03 
  2.796996385e-03 
  2.384184161e-03 
  2.380554099e-03 
  1.986444695e-03 
  1.985689625e-03 
  1.764596091e-03 
  1.759756240e-03 
  1.771699637e-03 
  1.722282032e-03 
  1.834729221e-03 
  1.829803688e-03 
  1.883216901e-03 
  1.882948098e-03 
  1.901780139e-03 
  1.895811874e-03 
  1.930554165e-03 
  1.907846075e-03 
  1.990568824e-03 
  1.983457245e-03 
  2.124824096e-03 
  2.125645988e-03 
  2.344962908e-03 
  2.322837245e-03 
  2.462886972e-03 
  2.544669434e-03 
  2.778856549e-03 
  2.775984351e-03 
  2.926395042e-03 
  2.947139088e-03 
  3.060400952e-03 
  3.065084573e-03 
  3.098091343e-03 
  3.055866575e-03 
  3.132030834e-03 
  3.178076353e-03 
  3.225428052e-03 
  3.216583282e-03 
  3.123281989e-03 
  3.190275980e-03 
  3.212106181e-03 
  3.033857560e-03 
  3.131083911e-03 
  3.150361357e-03 
  3.114809049e-03 
  3.079807386e-03 
  3.037494840e-03 
  3.031039611e-03 
  2.921283711e-03 
  2.913612174e-03 
  2.892184071e-03 
  2.729109488e-03 
  2.738725394e-03 
  2.559222979e-03 
  2.540109446e-03 
  2.425824990e-03 
  2.387045883e-03 
  2.380943159e-03 
  2.394378651e-03 
  2.422445919e-03 
  2.408434171e-03 
  2.455306705e-03 
  2.451410517e-03 
  2.456455724e-03 
  2.386795357e-03 
  2.451139968e-03 
  2.437317045e-03 
  2.287097042e-03 
  2.416505944e-03 
  2.414806047e-03 
  2.424100414e-03 
  2.398931654e-03 
  2.448559972e-03 
  2.361889929e-03 
  2.519534202e-03 
  2.485879930e-03 
  2.612145618e-03 
  2.603218425e-03 
  2.676641103e-03 
  2.668461530e-03 
  2.718053991e-03 
  2.712212736e-03 
  2.661978127e-03 
  2.720715012e-03 
  2.689050976e-03 
  2.726131119e-03 
  2.673402429e-03 
  2.692642622e-03 
  2.709892346e-03 
  2.731220098e-03 
  2.724685706e-03 
  2.742504235e-03 
  2.741135657e-03 
  2.748089144e-03 
  2.722341102e-03 
  2.613466233e-03 
  2.707377309e-03 
  2.727657091e-03 
  2.639724640e-03 
  2.714013448e-03 
  2.703057369e-03 
  2.694227267e-03 
  2.700637328e-03 
  2.702668309e-03 
  2.697056392e-03 
  2.710317960e-03 
  2.663912019e-03 
  2.700729296e-03 
  2.693342511e-03 
  2.699221950e-03 
  2.686039777e-03 
  2.678807825e-03 
  2.660038881e-03 
  2.593242563e-03 
  2.648622962e-03 
  2.637288533e-03 
  2.618943807e-03 
  2.622152213e-03 
  2.615724225e-03 
  2.592946170e-03 
  2.526907716e-03 
  2.580490662e-03 
  2.594457008e-03 
  2.527581295e-03 
  2.579035237e-03 
  2.552004997e-03 
  2.548908582e-03 
  2.506979043e-03 
  2.556327730e-03 
  2.566623501e-03 
  2.517216373e-03 
  2.566746669e-03 
  2.556163119e-03 
  2.543007489e-03 
  2.553546336e-03 
  2.544208895e-03 
  2.538461005e-03 
  2.526068594e-03 
  2.524791285e-03 
  2.428076463e-03 
  2.506231656e-03 
  2.501024865e-03 
  2.483851044e-03 
  2.475853777e-03 
  2.473527100e-03 
  2.453229856e-03 
  2.436413663e-03 
  2.416954609e-03 
  2.388427267e-03 
  2.343225060e-03 
  2.362621948e-03 
  2.359266393e-03 
  2.323189285e-03 
  2.316062571e-03 
  2.291271929e-03 
  2.281417837e-03 
  2.255821368e-03 
  2.256972715e-03 
  2.251864411e-03 
  2.250118880e-03 
  2.240228001e-03 
  2.233009320e-03 
  2.218561014e-03 
  2.207417274e-03 
  2.201142022e-03 
  2.167628845e-03 
  2.165779937e-03 
  2.131504007e-03 
  2.057114849e-03 
  1.844431274e-03 
  2.015023958e-03 
  2.074967604e-03 
  2.126178937e-03 
  2.120881341e-03 
  2.135428367e-03 
  2.123587765e-03 
  2.127318876e-03 
  2.115338109e-03 
  2.114024945e-03 
  2.097200369e-03 
  2.073699376e-03 
  2.084985375e-03 
  2.000849927e-03 
  2.077800920e-03 
  2.070714021e-03 
  2.047431655e-03 
  1.993311103e-03 
  2.038690029e-03 
  2.040116815e-03 
  2.039617393e-03 
  2.033193829e-03 
  1.978254411e-03 
  1.964105526e-03 
  1.984297764e-03 
  2.002425026e-03 
  1.993317390e-03 
  1.964329276e-03 
  1.955633517e-03 
  1.946267555e-03 
  1.916491194e-03 
  1.905491692e-03 
  1.886931947e-03 
  1.880805939e-03 
  1.870413660e-03 
  1.869551255e-03 
  1.863153419e-03 
  1.883862657e-03 
  1.880790340e-03 
  1.872012508e-03 
  1.826361404e-03 
  1.799833961e-03 
  1.891587512e-03 
  1.849137363e-03 
  1.906915801e-03 
  1.901778858e-03 
  1.892257482e-03 
  1.888851286e-03 
  1.877876697e-03 
  1.873781555e-03 
  1.854687929e-03 
  1.824537874e-03 
  1.842810423e-03 
  1.845366438e-03 
  1.835392788e-03 
  1.828921260e-03 
  1.818377641e-03 
  1.813384588e-03 
  1.805645414e-03 
  1.792522962e-03 
  1.758396626e-03 
  1.760242740e-03 
  1.754922327e-03 
  1.767509384e-03 
  1.744091278e-03 
  1.743613742e-03 
  1.740399282e-03 
  1.731314347e-03 
  1.724984031e-03 
  1.711740158e-03 
  1.701782341e-03 
  1.699520624e-03 
  1.676345360e-03 
  1.638222602e-03 
  1.655015978e-03 
  1.668358222e-03 
  1.661778428e-03 
  1.630559796e-03 
  1.640014001e-03 
  1.636773348e-03 
  1.630353741e-03 
  1.625971985e-03 
  1.578026451e-03 
  1.608015271e-03 
  1.590174506e-03 
  1.585479244e-03 
  1.585227088e-03 
  1.558512799e-03 
  1.516872784e-03 
  1.545884530e-03 
  1.531489659e-03 
  1.528727589e-03 
  1.524545485e-03 
  1.523556886e-03 
  1.509341644e-03 
  1.499287784e-03 
  1.499495236e-03 
  1.444230089e-03 
  1.494713943e-03 
  1.483244705e-03 
  1.461997395e-03 
  1.472337637e-03 
  1.470469753e-03 
  1.464499743e-03 
  1.457582461e-03 
  1.442727516e-03 
  1.453502802e-03 
  1.449115225e-03 
  1.442252775e-03 
  1.418352942e-03 
  1.434077043e-03 
  1.431813696e-03 
  1.428920776e-03 
  1.421989058e-03 
  1.415202743e-03 
  1.343054115e-03 
  1.384289819e-03 
  1.385954558e-03 
  1.380887115e-03 
  1.373491716e-03 
  1.368473284e-03 
  1.368826488e-03 
  1.361684757e-03 
  1.345066703e-03 
  1.342668314e-03 
  1.320826355e-03 
  1.325031044e-03 
  1.320107607e-03 
  1.245880732e-03 
  1.276652911e-03 
  1.269391156e-03 
  1.244656742e-03 
  1.270058332e-03 
  1.271938323e-03 
  1.266337582e-03 
  1.263173646e-03 
  1.277377247e-03 
  1.271372195e-03 
  1.264972962e-03 
  1.279730001e-03 
  1.278851996e-03 
  1.279686345e-03 
  1.277261181e-03 
  1.266886946e-03 
  1.257703756e-03 
  1.259459066e-03 
  1.251394395e-03 
  1.234322554e-03 
  1.225000597e-03 
  1.177792437e-03 
  1.192967524e-03 
  1.179324347e-03 
  1.201138832e-03 
  1.194255659e-03 
  1.172677963e-03 
  1.178204548e-03 
  1.175254351e-03 
  1.120302710e-03 
  1.149425865e-03 
  1.156813814e-03 
  1.144469716e-03 
  1.164195244e-03 
  1.169977710e-03 
  1.157889958e-03 
  1.153909368e-03 
  1.146690687e-03 
  1.134648453e-03 
  1.131914323e-03 
  1.107920427e-03 
  1.090308535e-03 
  1.096096006e-03 
  1.078137429e-03 
  1.070729108e-03 
  1.041235286e-03 
  1.052948297e-03 
  1.052414882e-03 
  1.039476832e-03 
  1.032800996e-03 
  1.028032857e-03 
  1.018069102e-03 
  1.018757699e-03 
  1.011068351e-03 
  1.008350751e-03 
  1.011449844e-03 
  1.003326266e-03 
  1.008749823e-03 
  9.913850809e-04 
  9.620588389e-04 
  9.853959782e-04 
  9.949385421e-04 
  1.005980070e-03 
  9.961432079e-04 
  9.946790524e-04 
  1.011573477e-03 
  1.010728301e-03 
  1.001616823e-03 
  9.880352300e-04 
  9.849736234e-04 
  9.858806152e-04 
  9.595105075e-04 
  9.598606266e-04 
  9.309260058e-04 
  9.246898699e-04 
  9.142915369e-04 
  8.938459796e-04 
  9.026846965e-04 
  9.014472598e-04 
  9.032774833e-04 
  8.577294648e-04 
  8.847517893e-04 
  9.028405766e-04 
  8.984187734e-04 
  8.942596032e-04 
  9.058317519e-04 
  9.013723466e-04 
  8.969340706e-04 
  8.975959499e-04 
  8.530985215e-04 
  8.514918736e-04 
  8.566383622e-04 
  8.614701801e-04 
  8.523241268e-04 
  8.737210883e-04 
  8.691120311e-04 
  8.799740463e-04 
  8.769757114e-04 
  8.730511181e-04 
  8.685252396e-04 
  8.783370140e-04 
  8.691225084e-04 
  8.690899704e-04 
  8.716970333e-04 
  8.640948217e-04 
  8.638669970e-04 
  8.543665754e-04 
  8.501614211e-04 
  8.530620253e-04 
  8.454109193e-04 
  8.304908988e-04 
  8.345780079e-04 
  8.210801752e-04 
  8.113853401e-04 
  8.114526281e-04 
  8.074968355e-04 
  7.931310683e-04 
  7.925562677e-04 
  7.902521174e-04 
  7.777688443e-04 
  7.494495367e-04 
  7.466461393e-04 
  7.212833734e-04 
  7.525820401e-04 
  7.578771329e-04 
  7.810759125e-04 
  7.714399253e-04 
  7.744762697e-04 
  7.855981239e-04 
  7.787833456e-04 
  7.798083825e-04 
  7.771237288e-04 
  7.856338052e-04 
  7.757061394e-04 
  7.737245760e-04 
  7.776619750e-04 
  7.717302651e-04 
  7.608045125e-04 
  7.642558776e-04 
  7.602723199e-04 
  7.340506418e-04 
  7.248081383e-04 
  7.438560715e-04 
  7.377502625e-04 
  7.188569871e-04 
  7.360282470e-04 
  7.212387281e-04 
  7.116887136e-04 
  7.148988079e-04 
  6.912840181e-04 
  6.867096527e-04 
  6.711058086e-04 
  6.506648497e-04 
  6.510856329e-04 
  6.429897621e-04 
  6.419455749e-04 
  6.453795359e-04 
  6.399137201e-04 
  6.385675515e-04 
  6.474553375e-04 
  6.653089076e-04 
  6.573805586e-04 
  6.551604019e-04 
  6.305116112e-04 
  6.629007985e-04 
  6.663888344e-04 
  6.612074212e-04 
  6.494735717e-04 
  6.501059397e-04 
  6.438076380e-04 
  6.336568622e-04 
  6.276547792e-04 
  6.217391929e-04 
  6.057344144e-04 
  6.046925555e-04 
  5.987318000e-04 
  5.495590158e-04 
  5.720760673e-04 
  5.688669626e-04 
  5.585454055e-04 
  5.476982915e-04 
  5.565510946e-04 
  5.276624579e-04 
  5.345159443e-04 
  5.310536944e-04 
  4.885706585e-04 
  4.948435817e-04 
  4.853275605e-04 
  4.688280751e-04 
  4.550387384e-04 
  4.755265545e-04 
  4.565909330e-04 
  4.530597653e-04 
  4.275987449e-04 
  4.457469913e-04 
  4.446713428e-04 
  4.462234210e-04 
  4.438608303e-04 
  4.449089465e-04 
  4.371100804e-04 
  4.456743773e-04 
  4.400340840e-04 
  4.365122295e-04 
  4.451967543e-04 
  4.413989373e-04 
  4.427090753e-04 
  4.365995410e-04 
