  1.314030308e-02 
  4.659904540e-02 
  6.291215867e-02 
  2.227196842e-01 
  2.872477174e-01 
  6.885455251e-01 
  8.697322011e-01 
  1.542409778e+00 
  2.213860512e+00 
  2.608267784e+00 
  3.513476372e+00 
  7.222902775e+00 
  6.827863693e+00 
  9.440141678e+00 
  9.911366463e+00 
  1.319312191e+01 
  1.055038166e+01 
  1.597921467e+01 
  1.599685669e+01 
  1.986919785e+01 
  1.734607124e+01 
  2.498405647e+01 
  2.021281433e+01 
  1.894960785e+01 
  2.515797997e+01 
  2.603117180e+01 
  3.862144852e+01 
  3.916658401e+01 
  3.032011032e+01 
  3.908141327e+01 
  4.077860260e+01 
  3.166866302e+01 
  3.636376953e+01 
  4.117444611e+01 
  3.355429459e+01 
  3.699469757e+01 
  2.783446693e+01 
  2.606547928e+01 
  3.192486954e+01 
  3.227881622e+01 
  3.566722870e+01 
  3.024309540e+01 
  3.167726898e+01 
  3.157097435e+01 
  2.818162155e+01 
  3.633406448e+01 
  4.016528702e+01 
  3.799770355e+01 
  3.556301117e+01 
  3.879959106e+01 
  3.941655731e+01 
  3.718783188e+01 
  3.782083511e+01 
  3.433148575e+01 
  3.938210678e+01 
  3.964590073e+01 
  3.723368454e+01 
  2.362775421e+01 
  2.550111389e+01 
  2.548115730e+01 
  3.753925323e+01 
  2.958996964e+01 
  3.227899170e+01 
  3.413001633e+01 
  3.385091782e+01 
  3.148635292e+01 
  4.293769836e+01 
  3.816255951e+01 
  3.574515533e+01 
  3.414850235e+01 
  3.900483322e+01 
  3.093631363e+01 
  3.233750153e+01 
  3.199710464e+01 
  2.459931374e+01 
  2.236313057e+01 
  3.174130821e+01 
  3.221271896e+01 
  4.130266190e+01 
  3.151826859e+01 
  2.926690674e+01 
  3.258126068e+01 
  2.414144325e+01 
  1.667629242e+01 
  1.817889404e+01 
  2.708612442e+01 
  2.081117249e+01 
  2.363828087e+01 
  2.316259575e+01 
  2.610216713e+01 
  3.129392242e+01 
  3.461420822e+01 
  3.041278267e+01 
  1.611921883e+01 
  1.763422966e+01 
  2.926341248e+01 
  2.977596855e+01 
  1.197990608e+01 
  3.313397598e+01 
  3.927382660e+01 
  3.814200974e+01 
  3.744923782e+01 
  3.920574951e+01 
  3.627378464e+01 
  3.850749588e+01 
  3.488585281e+01 
  3.420415497e+01 
  3.291117859e+01 
  3.522529602e+01 
  3.852190018e+01 
  3.182002068e+01 
  3.691883087e+01 
  3.779682922e+01 
  3.527920151e+01 
  3.420632935e+01 
  3.605175781e+01 
  3.541015625e+01 
  3.392869568e+01 
  3.279923248e+01 
  3.320867157e+01 
  2.777925110e+01 
  3.439807892e+01 
  3.257683563e+01 
  2.719396973e+01 
  2.956580544e+01 
  3.026692009e+01 
  2.875955391e+01 
  2.734571266e+01 
  2.737211800e+01 
  2.461710358e+01 
  1.941965675e+01 
  1.726126862e+01 
  3.071800613e+01 
  2.703425980e+01 
  2.540538025e+01 
  2.733002472e+01 
  2.996564102e+01 
  2.991716385e+01 
  2.650138283e+01 
  2.536047363e+01 
  2.810976410e+01 
  2.770980072e+01 
  2.886322021e+01 
  2.873780251e+01 
  2.823915672e+01 
  2.938046074e+01 
  2.586813927e+01 
  2.918528175e+01 
  2.935580826e+01 
  2.924317360e+01 
  2.956536865e+01 
  3.161390686e+01 
  2.907788086e+01 
  2.670685005e+01 
  2.817317009e+01 
  2.806928253e+01 
  2.844198990e+01 
  2.829675674e+01 
  2.750394821e+01 
  2.720916939e+01 
  2.668750381e+01 
  2.736392784e+01 
  2.663548088e+01 
  2.636344337e+01 
  2.618617821e+01 
  2.554654694e+01 
  2.609321213e+01 
  2.492152405e+01 
  2.611125183e+01 
  2.561144066e+01 
  2.499327660e+01 
  2.468470573e+01 
  2.471976089e+01 
  2.418443298e+01 
  2.411226654e+01 
  2.480622292e+01 
  2.376907539e+01 
  2.328637695e+01 
  2.418726158e+01 
  2.286493111e+01 
  2.309228516e+01 
  2.272979736e+01 
  2.298184013e+01 
  2.278132820e+01 
  2.168882942e+01 
  2.163153839e+01 
  1.736771774e+01 
  1.933324623e+01 
  2.079066086e+01 
  1.914192581e+01 
  2.158432388e+01 
  1.999997139e+01 
  1.903045464e+01 
  2.029512596e+01 
  1.941447639e+01 
  2.055183792e+01 
  1.981223488e+01 
  1.902359581e+01 
  1.838602257e+01 
  1.815624619e+01 
  1.789415932e+01 
  1.731664467e+01 
  1.703034973e+01 
  1.786485863e+01 
  1.645534515e+01 
  1.757161903e+01 
  1.863634682e+01 
  1.717973709e+01 
  1.632400322e+01 
  1.744124413e+01 
  1.674467278e+01 
  1.659466934e+01 
  1.725587273e+01 
  1.564731407e+01 
  1.517792416e+01 
  1.535281372e+01 
  1.597501278e+01 
  1.165461063e+01 
  1.429074669e+01 
  1.340970230e+01 
  1.462296391e+01 
  1.449155903e+01 
  1.492210388e+01 
  1.376726913e+01 
  1.479391098e+01 
  1.453516579e+01 
  1.372047043e+01 
  1.187018681e+01 
  1.411844730e+01 
  1.437948608e+01 
  1.345699787e+01 
  1.450785446e+01 
  1.370937729e+01 
  1.193252659e+01 
  1.286000633e+01 
  1.300480938e+01 
  1.367753792e+01 
  1.257731247e+01 
  1.304935551e+01 
  1.289131260e+01 
  1.250448799e+01 
  1.136547089e+01 
  1.256686878e+01 
  1.191544437e+01 
  1.245708179e+01 
  1.216294384e+01 
  1.178748894e+01 
  1.218021488e+01 
  1.120222282e+01 
  1.168642807e+01 
  1.133039093e+01 
  1.116231251e+01 
  1.154344177e+01 
  1.099603462e+01 
  1.125811386e+01 
  1.119347191e+01 
  1.079196835e+01 
  1.038182545e+01 
  1.068384552e+01 
  1.001210022e+01 
  9.969766617e+00 
  1.086294746e+01 
  9.883720398e+00 
  1.025158024e+01 
  1.001965523e+01 
  1.004895878e+01 
  9.184242249e+00 
  9.760009766e+00 
  9.631274223e+00 
  9.339558601e+00 
  9.309588432e+00 
  8.911990166e+00 
  9.326077461e+00 
  9.336604118e+00 
  9.209247589e+00 
  8.909156799e+00 
  8.681631088e+00 
  8.982795715e+00 
  8.668864250e+00 
  8.555236816e+00 
  8.806501389e+00 
  8.611846924e+00 
  8.697841644e+00 
  8.709754944e+00 
  8.630895615e+00 
  8.522535324e+00 
  8.105428696e+00 
  8.357693672e+00 
  8.202401161e+00 
  7.200737476e+00 
  7.465416431e+00 
  7.891126633e+00 
  7.678789616e+00 
  7.722856522e+00 
  7.734560966e+00 
  7.521957397e+00 
  7.666163445e+00 
  7.623434067e+00 
  7.416053295e+00 
  7.362711906e+00 
  7.315196037e+00 
  7.219284058e+00 
  7.087452412e+00 
  7.085238457e+00 
  7.267461300e+00 
  7.206039906e+00 
  7.078217983e+00 
  6.994642735e+00 
  6.925682068e+00 
  6.811811447e+00 
  6.661187172e+00 
  6.728148460e+00 
  6.600147247e+00 
  6.464046955e+00 
  6.192555428e+00 
  6.449522018e+00 
  6.094648361e+00 
  6.091242313e+00 
  6.338241577e+00 
  6.239770889e+00 
  6.291025639e+00 
  6.357398510e+00 
  5.982137203e+00 
  5.988178730e+00 
  5.954390526e+00 
  5.753891945e+00 
  5.741711617e+00 
  5.783931732e+00 
  5.587874413e+00 
  5.745296955e+00 
  5.523158073e+00 
  5.707230091e+00 
  5.290798664e+00 
  5.655455112e+00 
  5.466296673e+00 
  5.540253639e+00 
  5.321796894e+00 
  5.472709656e+00 
  5.535597324e+00 
  5.463420391e+00 
  5.267640591e+00 
  5.316761494e+00 
  5.226681232e+00 
  5.284666538e+00 
  5.196032047e+00 
  5.206093788e+00 
  4.971883774e+00 
  5.005166054e+00 
  4.962224007e+00 
  5.037238121e+00 
  4.652812004e+00 
  4.983028889e+00 
  4.848053455e+00 
  4.930188179e+00 
  4.836081982e+00 
  4.676763535e+00 
  3.949157000e+00 
  4.192893982e+00 
  4.648416996e+00 
  4.630661488e+00 
  4.642850876e+00 
  4.643409729e+00 
  4.686799526e+00 
  4.607101917e+00 
  4.509486675e+00 
  4.504102707e+00 
  4.533949375e+00 
  4.419909954e+00 
  4.421580791e+00 
  4.460515499e+00 
  4.382753849e+00 
  4.312503815e+00 
  4.274656296e+00 
  4.281436920e+00 
  4.266008854e+00 
  4.177632809e+00 
  4.232814312e+00 
  4.125322819e+00 
  4.170042992e+00 
  4.087753773e+00 
  4.031908035e+00 
  4.012105465e+00 
  3.980869293e+00 
  3.983958006e+00 
  3.888254166e+00 
  3.911547422e+00 
  3.707285643e+00 
  3.251803160e+00 
  3.355103731e+00 
  3.310229778e+00 
  3.370777130e+00 
  3.456027746e+00 
  3.475806952e+00 
  3.469965696e+00 
  3.465722561e+00 
  3.415708065e+00 
  3.453356028e+00 
  3.512249708e+00 
  3.412119865e+00 
  3.393517733e+00 
  3.344336987e+00 
  3.238052130e+00 
  3.213187218e+00 
  3.289204836e+00 
  3.282293558e+00 
  3.267736912e+00 
  3.218540907e+00 
  3.159039259e+00 
  3.240173817e+00 
  3.123036385e+00 
  3.159797668e+00 
  3.127252817e+00 
  3.081054211e+00 
  3.038416624e+00 
  3.068180084e+00 
  2.925590754e+00 
  2.965583086e+00 
  2.757633209e+00 
  2.661082268e+00 
  2.592349529e+00 
  2.562361479e+00 
  2.697031736e+00 
  2.778896093e+00 
  2.723875999e+00 
  2.635459185e+00 
  2.604532480e+00 
  2.581235409e+00 
  2.616913557e+00 
  2.544669390e+00 
  2.460890770e+00 
  2.532138109e+00 
  2.470082045e+00 
  2.556993008e+00 
  2.558162689e+00 
  2.624354601e+00 
  2.579149008e+00 
  2.499861240e+00 
  2.531555891e+00 
  2.528637171e+00 
  2.440751553e+00 
  2.467561007e+00 
  2.444586515e+00 
  2.395224571e+00 
  2.459587336e+00 
  2.474005222e+00 
  2.400076628e+00 
  2.423129559e+00 
  2.448060751e+00 
  2.392488241e+00 
  2.381340981e+00 
  2.332448721e+00 
  2.314131975e+00 
  2.339429379e+00 
  2.305661678e+00 
  2.329728365e+00 
  2.304157495e+00 
  2.247194529e+00 
  2.251496792e+00 
  2.230895758e+00 
  1.990815163e+00 
  9.238913059e-01 
  8.339529634e-01 
  1.349315286e+00 
  1.198873639e+00 
  1.283569098e+00 
  1.491068721e+00 
  1.656183004e+00 
  1.794884920e+00 
  1.946036339e+00 
  1.992380738e+00 
  2.008204937e+00 
  2.014711142e+00 
  2.000167131e+00 
  1.983337879e+00 
  1.996180415e+00 
  1.912310719e+00 
  1.981385589e+00 
  1.957401156e+00 
  1.936511636e+00 
  1.932411790e+00 
  1.898285389e+00 
  1.885882735e+00 
  1.898400187e+00 
  1.844157338e+00 
  1.844048858e+00 
  1.836271644e+00 
  1.791163683e+00 
  1.802242875e+00 
  1.762229085e+00 
  1.750619292e+00 
  1.722799063e+00 
  1.707334757e+00 
  1.673744321e+00 
  1.668464661e+00 
  1.653644204e+00 
  1.629470944e+00 
  1.631932259e+00 
  1.638397455e+00 
  1.641495109e+00 
  1.629304767e+00 
  1.571408868e+00 
  1.593294740e+00 
  1.581367254e+00 
  1.551829696e+00 
  1.561372399e+00 
  1.517561674e+00 
  1.554943800e+00 
  1.537996769e+00 
  1.518429995e+00 
  1.482299209e+00 
  1.465025425e+00 
  1.474559069e+00 
  1.453639150e+00 
  1.430077434e+00 
  1.407924294e+00 
  1.370198488e+00 
  1.332140207e+00 
  1.334419847e+00 
  1.321141839e+00 
  1.285302639e+00 
  1.275109649e+00 
  1.337307930e+00 
  1.273527503e+00 
  1.233886719e+00 
  1.288953424e+00 
  1.310072303e+00 
  1.306748509e+00 
  1.292265534e+00 
  1.264488459e+00 
  1.264173627e+00 
  1.245380878e+00 
  1.219233394e+00 
  1.238913178e+00 
  1.198617935e+00 
  1.215285540e+00 
  1.220842600e+00 
  1.226121545e+00 
  1.209766269e+00 
  1.212490559e+00 
  1.171410918e+00 
  1.197829247e+00 
  1.192609787e+00 
  1.181625247e+00 
  1.173051953e+00 
  1.150402784e+00 
  1.163335323e+00 
  1.168081164e+00 
  1.123652935e+00 
  1.150161862e+00 
  1.146942973e+00 
  9.860840440e-01 
  1.123223066e+00 
  1.075528979e+00 
  1.084336400e+00 
  8.675191402e-01 
  9.511011839e-01 
  1.074895740e+00 
  1.087505221e+00 
  1.065250158e+00 
  1.060982466e+00 
  1.046899557e+00 
  1.041840553e+00 
  1.033778429e+00 
  1.048567533e+00 
  1.041704655e+00 
  1.017609119e+00 
  8.495650887e-01 
  9.003798962e-01 
  9.718956351e-01 
  9.537894130e-01 
  9.884066582e-01 
  9.824096560e-01 
  9.739853144e-01 
  9.731668234e-01 
  9.473026395e-01 
  9.341742992e-01 
  9.373443127e-01 
  9.515263438e-01 
  9.304766059e-01 
  9.282447100e-01 
  9.183447957e-01 
  8.663653135e-01 
  9.097809792e-01 
  8.850833178e-01 
  8.885391951e-01 
  8.930557370e-01 
  8.591423631e-01 
  8.469056487e-01 
  8.682029247e-01 
  8.702220917e-01 
  8.630976677e-01 
  8.542819619e-01 
  8.449966311e-01 
  8.014792204e-01 
  8.204330206e-01 
  7.640128136e-01 
  7.754551172e-01 
  7.392923236e-01 
  7.304152250e-01 
  7.080590725e-01 
  6.897339225e-01 
  6.674635410e-01 
  6.531057954e-01 
  7.152749300e-01 
  7.416241169e-01 
  7.356651425e-01 
  7.010418177e-01 
  6.894103289e-01 
  6.550830603e-01 
  6.415145397e-01 
  6.481344104e-01 
  6.516668797e-01 
  6.462013721e-01 
  6.410260201e-01 
  6.425849795e-01 
  6.350260377e-01 
  6.418202519e-01 
  6.325939894e-01 
  6.312239170e-01 
  6.527580619e-01 
  6.562803388e-01 
  6.364129186e-01 
  6.277186275e-01 
  5.955331922e-01 
  6.101333499e-01 
  6.147927046e-01 
  5.897474885e-01 
  5.998651385e-01 
  5.872374177e-01 
  5.574095249e-01 
  5.301271081e-01 
  5.027016401e-01 
  4.650547504e-01 
  4.430658817e-01 
  4.166635573e-01 
  4.065529406e-01 
  4.096137583e-01 
  4.150085449e-01 
  4.314965308e-01 
  4.967264831e-01 
  5.021228790e-01 
  4.803723097e-01 
  4.408317208e-01 
  4.306684434e-01 
  4.148971140e-01 
  4.278433621e-01 
  4.324820936e-01 
  4.380845726e-01 
  4.448183775e-01 
  4.436563551e-01 
  4.404104352e-01 
  4.492737353e-01 
  4.333345890e-01 
  4.402223527e-01 
  4.448645413e-01 
  4.059124887e-01 
  4.295054376e-01 
  4.545207918e-01 
  4.598478675e-01 
  4.552155435e-01 
  4.478094876e-01 
  4.389914870e-01 
  4.414237738e-01 
  4.535443187e-01 
  4.486674964e-01 
  4.509232342e-01 
  4.369211495e-01 
  4.586525559e-01 
  4.695037901e-01 
  4.789377153e-01 
  4.787494540e-01 
  4.723195732e-01 
  4.712331295e-01 
  4.595415890e-01 
  4.443726838e-01 
  4.408068657e-01 
  4.491587281e-01 
  4.439438283e-01 
  4.523907006e-01 
  4.395813644e-01 
  4.525303543e-01 
  4.558019638e-01 
  4.509916008e-01 
  4.525301158e-01 
  4.525040090e-01 
  4.532600045e-01 
  4.514137208e-01 
  4.563354850e-01 
  4.492359161e-01 
  4.419467449e-01 
  4.442746937e-01 
  4.474684596e-01 
  4.419148862e-01 
  4.397800863e-01 
  4.415519834e-01 
  4.374452233e-01 
  4.355542660e-01 
  4.336837232e-01 
  4.296920896e-01 
  4.266076088e-01 
  4.216900468e-01 
  4.213972986e-01 
  4.172306061e-01 
  4.111213684e-01 
  4.070751965e-01 
  3.791244924e-01 
  3.975445330e-01 
  4.028107524e-01 
  4.014464021e-01 
  3.955414891e-01 
  3.962371349e-01 
  3.944671154e-01 
  3.937760890e-01 
  3.895821869e-01 
  3.907947540e-01 
  3.820818663e-01 
  3.831855357e-01 
  3.780592680e-01 
  3.811661601e-01 
  3.702642918e-01 
  3.682435453e-01 
  3.709113300e-01 
  3.634333313e-01 
  3.683473468e-01 
  3.646590412e-01 
  3.637519181e-01 
  3.632507920e-01 
  3.593949378e-01 
  3.589839637e-01 
  3.525248170e-01 
  3.550573885e-01 
  3.527182639e-01 
  3.502444327e-01 
  3.424850702e-01 
  3.447993398e-01 
  3.398121893e-01 
  3.427785337e-01 
  3.341993988e-01 
  3.361997902e-01 
  3.361876011e-01 
  3.308413625e-01 
  3.312350512e-01 
  3.308871686e-01 
  3.238831162e-01 
  3.257572651e-01 
  3.229827285e-01 
  3.122727275e-01 
  3.166535795e-01 
  3.183689117e-01 
  3.148649633e-01 
  3.116405904e-01 
  3.103521764e-01 
  3.075719774e-01 
  3.064202964e-01 
  3.019396663e-01 
  3.028145134e-01 
  3.006677926e-01 
  2.987111509e-01 
  2.940933406e-01 
  2.836674750e-01 
  2.927405834e-01 
  2.813368142e-01 
  2.877711058e-01 
  2.816146612e-01 
  2.839403450e-01 
  2.823178768e-01 
  2.726019025e-01 
  2.778775990e-01 
  2.757026851e-01 
  2.540070415e-01 
  2.682980895e-01 
  2.676878870e-01 
  2.673944235e-01 
  2.576986551e-01 
  2.659058571e-01 
  2.571708262e-01 
  2.616847456e-01 
  2.599263191e-01 
  2.594422102e-01 
  2.484904230e-01 
  2.540170252e-01 
  2.438022643e-01 
  2.464542240e-01 
  2.385011166e-01 
  2.461918890e-01 
  2.408575863e-01 
  2.434273511e-01 
  2.290028036e-01 
  2.421149462e-01 
  2.303777933e-01 
  2.342371345e-01 
  2.352209687e-01 
  2.281555235e-01 
  2.228270024e-01 
  2.014058828e-01 
  2.173179090e-01 
  2.157292068e-01 
  2.117338479e-01 
  2.039021552e-01 
  1.994595379e-01 
  2.023981065e-01 
  2.018273622e-01 
  1.924568862e-01 
  1.997161657e-01 
  1.967963874e-01 
  1.939482242e-01 
  1.898002625e-01 
  1.892912984e-01 
  1.882683784e-01 
  1.898964643e-01 
  1.898394078e-01 
  1.857881993e-01 
  1.789308786e-01 
  1.715114713e-01 
  1.709541976e-01 
  1.614652425e-01 
  1.546700001e-01 
  1.465649605e-01 
  1.366996467e-01 
  1.283894628e-01 
  1.234212667e-01 
  1.226969659e-01 
  1.169042811e-01 
  1.196238324e-01 
  1.211827919e-01 
  1.173382252e-01 
  1.143272296e-01 
  1.181773990e-01 
  1.163652614e-01 
  1.212851852e-01 
  1.320825517e-01 
  1.363454461e-01 
  1.316226572e-01 
  1.200399101e-01 
  1.048942432e-01 
  1.068901792e-01 
  1.205582097e-01 
  1.297148466e-01 
  1.325160414e-01 
  1.376199275e-01 
  1.359629482e-01 
  1.286477298e-01 
  1.305913776e-01 
  1.245547235e-01 
  1.197237819e-01 
  1.149823591e-01 
  1.169523150e-01 
  1.210797280e-01 
  1.230879053e-01 
  1.245090142e-01 
  1.236622259e-01 
  1.250938177e-01 
  1.255311817e-01 
  1.264924258e-01 
  1.262955219e-01 
  1.297316402e-01 
  1.309974939e-01 
  1.391182095e-01 
  1.418742985e-01 
  1.421381384e-01 
  1.409787983e-01 
  1.401855499e-01 
  1.468778104e-01 
  1.495565325e-01 
  1.465920359e-01 
  1.491708010e-01 
  1.453580856e-01 
  1.475680918e-01 
  1.482190043e-01 
  1.429569572e-01 
  1.466414630e-01 
  1.477273405e-01 
  1.462197304e-01 
  1.442020833e-01 
  1.438067257e-01 
  1.430057883e-01 
  1.403355151e-01 
  1.435540468e-01 
  1.394310892e-01 
  1.383431256e-01 
  1.393569112e-01 
  1.371019185e-01 
  1.357633919e-01 
  1.275341213e-01 
  1.334432960e-01 
  1.362394691e-01 
  1.345239282e-01 
  1.326371133e-01 
  1.311803907e-01 
  1.239531785e-01 
  1.319385022e-01 
  1.342728287e-01 
  1.341452450e-01 
  1.335162967e-01 
  1.326586902e-01 
  1.297252029e-01 
  1.293409169e-01 
  1.283978224e-01 
  1.235566139e-01 
  1.180263907e-01 
  1.253868639e-01 
  1.259040684e-01 
  1.255308390e-01 
  1.185306385e-01 
  1.201447845e-01 
  1.240950227e-01 
  1.237281561e-01 
  1.244954169e-01 
  1.221202388e-01 
  1.137991399e-01 
  1.208699271e-01 
  1.164044440e-01 
  1.198474839e-01 
  1.205908582e-01 
  1.195791811e-01 
  1.198139265e-01 
  1.198528558e-01 
  1.198427975e-01 
  1.191804782e-01 
  1.176945046e-01 
  1.181523800e-01 
  1.176826358e-01 
  1.167429611e-01 
  1.158699617e-01 
  1.168945283e-01 
  1.159801781e-01 
  1.161470264e-01 
  1.120737419e-01 
  1.154634580e-01 
  1.151488870e-01 
  1.145858094e-01 
  1.143070981e-01 
  1.126610935e-01 
  1.131833866e-01 
  1.126330793e-01 
  1.115560085e-01 
  1.118986979e-01 
  1.115929410e-01 
  1.111483052e-01 
  1.095026731e-01 
  1.085993201e-01 
  1.091219932e-01 
  1.080395728e-01 
  1.064268127e-01 
  1.049653888e-01 
  1.063189581e-01 
  1.050347015e-01 
  1.040034592e-01 
  1.043510512e-01 
  1.035103574e-01 
  1.026225463e-01 
  1.013980806e-01 
  1.005664170e-01 
  9.921262413e-02 
  9.879209846e-02 
  9.800989181e-02 
  9.719660878e-02 
  9.537906945e-02 
  9.480915964e-02 
  9.284345806e-02 
  9.200877696e-02 
  9.082654119e-02 
  8.729494363e-02 
  8.753115684e-02 
  8.552762121e-02 
  8.526843041e-02 
  8.503997326e-02 
  8.261351287e-02 
  8.089496195e-02 
  8.111884445e-02 
  8.343121409e-02 
  8.448118716e-02 
  8.465258777e-02 
  8.489684016e-02 
  8.481793106e-02 
  8.547200263e-02 
  8.567150682e-02 
  8.562788367e-02 
  8.544521034e-02 
  8.485958725e-02 
  8.449401706e-02 
  8.221291751e-02 
  7.307942212e-02 
  8.022712171e-02 
  8.341308683e-02 
  8.393827081e-02 
  8.361746371e-02 
  8.371820301e-02 
  8.218778670e-02 
  8.223961294e-02 
  8.012663573e-02 
  8.114933223e-02 
  8.164171129e-02 
  8.154390752e-02 
  7.970152795e-02 
  7.980597019e-02 
  7.909873873e-02 
  7.795902342e-02 
  7.702990621e-02 
  7.756762207e-02 
  7.697652280e-02 
  7.652582228e-02 
  7.503217459e-02 
  7.353693992e-02 
  7.305481285e-02 
  7.314289361e-02 
  7.286579162e-02 
  7.222960144e-02 
  7.146016508e-02 
  7.048835605e-02 
  6.989982724e-02 
  6.947894394e-02 
  6.821984053e-02 
  6.437642872e-02 
  6.559965014e-02 
  6.356041878e-02 
  6.542254239e-02 
  6.589443982e-02 
  6.386459619e-02 
  6.322891265e-02 
  6.111008674e-02 
  6.011615321e-02 
  6.075633317e-02 
  6.173729524e-02 
  6.212482974e-02 
  6.144532934e-02 
  6.001519412e-02 
  5.732840672e-02 
  5.516143888e-02 
  4.944086075e-02 
  4.879080877e-02 
  4.804130644e-02 
  4.709022120e-02 
  4.892159998e-02 
  4.985502362e-02 
  5.048828572e-02 
  5.007292703e-02 
  5.025138333e-02 
  5.058997869e-02 
  5.018616468e-02 
  5.013448745e-02 
  5.058338121e-02 
  5.037388951e-02 
  4.873311147e-02 
  4.665740952e-02 
  4.210640863e-02 
  3.880587593e-02 
  3.716957197e-02 
  3.467408195e-02 
  3.356445581e-02 
  3.111084737e-02 
  2.998529933e-02 
  2.867133729e-02 
  2.686100639e-02 
  2.585369721e-02 
  2.472577617e-02 
  2.376874723e-02 
  2.258577570e-02 
  2.212959528e-02 
  2.083632164e-02 
  1.972382888e-02 
  1.964662410e-02 
  1.937867329e-02 
  1.957380958e-02 
  2.000294812e-02 
  1.997586340e-02 
  2.016881295e-02 
  1.960925013e-02 
  1.945271529e-02 
  1.907622255e-02 
  1.979748160e-02 
  2.092351206e-02 
  2.258287184e-02 
  2.354411222e-02 
  2.419156395e-02 
  2.399216592e-02 
  2.340704948e-02 
  2.323856205e-02 
  2.222837880e-02 
  2.136681974e-02 
  1.985596120e-02 
  1.885958947e-02 
  1.799258217e-02 
  1.807180606e-02 
  1.876543835e-02 
  1.918223314e-02 
  2.016692981e-02 
  2.133795060e-02 
  2.227456868e-02 
  2.268967032e-02 
  2.232300118e-02 
  2.227391489e-02 
  2.128442936e-02 
  2.041296475e-02 
  1.953502558e-02 
  1.973831840e-02 
  2.061270922e-02 
  2.126917243e-02 
  2.128692344e-02 
  2.094446868e-02 
  2.020238154e-02 
  2.033475973e-02 
  2.120042965e-02 
  2.142806165e-02 
  2.106622793e-02 
  2.112006024e-02 
  2.084203623e-02 
  2.087065019e-02 
  2.135412768e-02 
  2.196271345e-02 
  2.270483971e-02 
  2.350446396e-02 
  2.254421264e-02 
  2.328396589e-02 
  2.339106239e-02 
  2.382894792e-02 
  2.412685379e-02 
  2.435720339e-02 
  2.434943616e-02 
  2.402225509e-02 
  2.405928634e-02 
  2.509026602e-02 
  2.479397506e-02 
  2.471984923e-02 
  2.464069426e-02 
  2.482915856e-02 
  2.379048243e-02 
  2.440368384e-02 
  2.508284524e-02 
  2.464946359e-02 
  2.386181243e-02 
  2.301851287e-02 
  2.298198454e-02 
  2.292138152e-02 
  2.227652073e-02 
  2.292020060e-02 
  2.303508297e-02 
  2.313884534e-02 
  2.349055558e-02 
  2.380433679e-02 
  2.250121534e-02 
  2.372980490e-02 
  2.301813103e-02 
  2.334939130e-02 
  2.358557843e-02 
  2.352627739e-02 
  2.405520156e-02 
  2.420624346e-02 
  2.440125123e-02 
  2.417108603e-02 
  2.364153787e-02 
  2.359596267e-02 
  2.378048189e-02 
  2.510479651e-02 
  2.612067200e-02 
  2.638240904e-02 
  2.693923749e-02 
  2.721957304e-02 
  2.762833610e-02 
  2.718155831e-02 
  2.624442801e-02 
  2.589074150e-02 
  2.497767471e-02 
  2.473943122e-02 
  2.449997142e-02 
  2.432441898e-02 
  2.319930494e-02 
  2.337147482e-02 
  2.237337828e-02 
  2.199882641e-02 
  2.161176316e-02 
  2.181613632e-02 
  2.271701209e-02 
  2.402004413e-02 
  2.420167439e-02 
  2.463382296e-02 
  2.460546233e-02 
  2.431509830e-02 
  2.361182496e-02 
  2.345182374e-02 
  2.372524887e-02 
  2.370605431e-02 
  2.438296564e-02 
  2.394339629e-02 
  2.409852669e-02 
  2.443072572e-02 
  2.433398180e-02 
  2.513333969e-02 
  2.196632139e-02 
  2.625168115e-02 
  2.723261900e-02 
  2.797379531e-02 
  2.735286206e-02 
  2.822377160e-02 
  2.808521315e-02 
  2.817080542e-02 
  2.786987089e-02 
  2.848331071e-02 
  2.922009863e-02 
  2.915450744e-02 
  2.993223257e-02 
  2.970825881e-02 
  2.921518683e-02 
  2.605299465e-02 
  2.718442678e-02 
  2.737827785e-02 
  2.768613771e-02 
  2.920407802e-02 
  2.884188108e-02 
  2.907193080e-02 
  2.950786613e-02 
  2.969458513e-02 
  2.914563939e-02 
  2.905793115e-02 
  2.858484350e-02 
  2.916555293e-02 
  2.885164320e-02 
  2.869275585e-02 
  2.932240441e-02 
  2.901977301e-02 
  2.939110063e-02 
  2.889737859e-02 
  2.865521424e-02 
  2.931295894e-02 
  2.897231281e-02 
  2.819323912e-02 
  2.891700901e-02 
  2.857960388e-02 
  2.874869294e-02 
  2.858225070e-02 
  2.671099082e-02 
  2.848720178e-02 
  2.825355157e-02 
  2.805037051e-02 
  2.756661922e-02 
  2.762309462e-02 
  2.791995928e-02 
  2.797507122e-02 
  2.717153355e-02 
  2.769131213e-02 
  2.662553266e-02 
  2.712543495e-02 
  2.721557021e-02 
  2.708908916e-02 
  2.739239670e-02 
  2.745348215e-02 
  2.740609087e-02 
  2.709024400e-02 
  2.623420954e-02 
  2.683652192e-02 
  2.662301064e-02 
  2.641742304e-02 
  2.680221573e-02 
  2.659895085e-02 
  2.555161156e-02 
  2.591392212e-02 
  2.535299398e-02 
  2.611598931e-02 
  2.584322728e-02 
  2.577495575e-02 
  2.526427433e-02 
  2.578412183e-02 
  2.570623904e-02 
  2.523296326e-02 
  2.462433279e-02 
  2.488608100e-02 
  2.435172908e-02 
  2.416075580e-02 
  2.342421748e-02 
  2.326354757e-02 
  2.247748338e-02 
  2.302074246e-02 
  2.291754074e-02 
  2.253052033e-02 
  2.260047942e-02 
  2.096821368e-02 
  2.246928960e-02 
  2.025439590e-02 
  2.213205397e-02 
  2.224190533e-02 
  2.271112427e-02 
  2.250325680e-02 
  2.208084799e-02 
  2.238058485e-02 
  2.219965309e-02 
  2.285710908e-02 
  2.251283638e-02 
  2.225517482e-02 
  2.187112346e-02 
  1.997502893e-02 
  2.146638930e-02 
  2.093366347e-02 
  2.197975665e-02 
  2.238089219e-02 
  2.213063464e-02 
  2.213394828e-02 
  2.068149857e-02 
  2.132940665e-02 
  2.147587389e-02 
  2.048537135e-02 
  2.060727961e-02 
  1.969018579e-02 
  2.009461634e-02 
  1.993668079e-02 
  2.021319792e-02 
  1.986437663e-02 
  1.976499707e-02 
  1.977652311e-02 
  1.993714832e-02 
  1.981086284e-02 
  1.855437644e-02 
  1.913437247e-02 
  1.937521249e-02 
  1.985949650e-02 
  1.961553097e-02 
  1.996932924e-02 
  1.873286627e-02 
  1.929922216e-02 
  1.985098980e-02 
  1.980147883e-02 
  1.931001246e-02 
  1.900644787e-02 
  1.943647303e-02 
  1.980642043e-02 
  1.990897022e-02 
  1.939243823e-02 
  1.955610141e-02 
  1.948675513e-02 
  1.958274283e-02 
  1.951974072e-02 
  1.892377436e-02 
  1.917226799e-02 
  1.910496503e-02 
  1.880093850e-02 
  1.828388125e-02 
  1.872786321e-02 
  1.860979572e-02 
  1.769030653e-02 
  1.751810685e-02 
  1.724589989e-02 
  1.727324910e-02 
  1.710169762e-02 
  1.703829877e-02 
  1.742891409e-02 
  1.711666398e-02 
  1.710511185e-02 
  1.726828329e-02 
  1.738629118e-02 
  1.726458967e-02 
  1.682845131e-02 
  1.721290499e-02 
  1.679459028e-02 
  1.709838025e-02 
  1.689479686e-02 
  1.704271510e-02 
  1.669258624e-02 
  1.699665189e-02 
  1.683219336e-02 
  1.690549403e-02 
  1.656242087e-02 
  1.671026275e-02 
  1.673422381e-02 
  1.655777916e-02 
  1.639533788e-02 
  1.626532897e-02 
  1.606118493e-02 
  1.595704257e-02 
  1.609956287e-02 
  1.578867622e-02 
  1.579533704e-02 
  1.611398533e-02 
  1.597408392e-02 
  1.518150419e-02 
  1.557545271e-02 
  1.561274379e-02 
  1.543041505e-02 
  1.514488086e-02 
  1.518490165e-02 
  1.522526518e-02 
  1.498109754e-02 
  1.443296485e-02 
  1.390090305e-02 
  1.426790189e-02 
  1.458325982e-02 
  1.481759921e-02 
  1.482311636e-02 
  1.461016480e-02 
  1.464353688e-02 
  1.461560559e-02 
  1.440531481e-02 
  1.435659640e-02 
  1.450788602e-02 
  1.449983288e-02 
  1.441456750e-02 
  1.436050795e-02 
  1.433040667e-02 
  1.421251614e-02 
  1.409091521e-02 
  1.414312981e-02 
  1.401891932e-02 
  1.381076686e-02 
  1.380351465e-02 
  1.372543164e-02 
  1.341304369e-02 
  1.361934189e-02 
  1.364881918e-02 
  1.344401669e-02 
  1.337747928e-02 
  1.297669485e-02 
  1.318280771e-02 
  1.329515222e-02 
  1.225607004e-02 
  1.308026351e-02 
  1.311310288e-02 
  1.308436599e-02 
  1.306200214e-02 
  1.296405960e-02 
  1.281313412e-02 
  1.271499973e-02 
  1.278936770e-02 
  1.246213168e-02 
  1.225054637e-02 
  1.242426038e-02 
  1.176892221e-02 
  1.191811729e-02 
  1.206335146e-02 
  1.216407958e-02 
  1.207684819e-02 
  1.178434957e-02 
  1.199915260e-02 
  1.199435722e-02 
  1.179089677e-02 
  1.162675675e-02 
  1.086074300e-02 
  1.104374416e-02 
  1.107907295e-02 
  1.051710453e-02 
  1.035100222e-02 
  1.083092671e-02 
  1.097352337e-02 
  1.098333858e-02 
  1.070345659e-02 
  1.101445220e-02 
  1.080544386e-02 
  1.092879102e-02 
  1.058522705e-02 
  1.063390635e-02 
  1.034940034e-02 
  1.070756838e-02 
  1.060136966e-02 
  1.055161376e-02 
  1.035736594e-02 
  1.040734164e-02 
  1.040872466e-02 
  1.038835850e-02 
  1.019914914e-02 
  1.028557960e-02 
  1.026945002e-02 
  1.016848907e-02 
  1.018697582e-02 
  1.008851081e-02 
  9.873392060e-03 
  9.606488980e-03 
  9.679780342e-03 
  9.444950148e-03 
  9.587884881e-03 
  9.510325268e-03 
  9.488843381e-03 
  9.331757203e-03 
  9.376018308e-03 
  9.199778549e-03 
  9.195021354e-03 
  9.162515402e-03 
  9.142167866e-03 
  8.896130137e-03 
  8.625005372e-03 
  8.582345210e-03 
  8.314548992e-03 
  8.155856282e-03 
  8.219318464e-03 
  8.138067089e-03 
  8.106893860e-03 
  7.982078008e-03 
  7.827625610e-03 
  7.816593163e-03 
  7.763962261e-03 
  7.803405635e-03 
  7.848636247e-03 
  7.802627515e-03 
  7.549233735e-03 
  7.474723738e-03 
  7.264121436e-03 
  7.136160042e-03 
  6.882921327e-03 
  6.628868170e-03 
  6.668716669e-03 
  6.416051183e-03 
  6.151564885e-03 
  6.159569602e-03 
  5.841805134e-03 
  5.798267201e-03 
  5.428930279e-03 
  5.236293655e-03 
  5.200624932e-03 
  5.254457705e-03 
  5.219101906e-03 
  5.067166872e-03 
  4.980233498e-03 
  4.911502358e-03 
  4.763055127e-03 
  4.557796288e-03 
  4.540684633e-03 
  4.364100751e-03 
  4.363257904e-03 
  4.230727442e-03 
  3.985784017e-03 
  3.921900410e-03 
  3.716208972e-03 
  3.458069637e-03 
  3.606803017e-03 
  3.651696723e-03 
  3.669387894e-03 
  3.610701300e-03 
  3.546433058e-03 
  3.630475141e-03 
  3.426231910e-03 
  3.435596358e-03 
  3.316452727e-03 
  3.277915530e-03 
  3.026915248e-03 
  2.986220410e-03 
  2.971097594e-03 
  2.893312834e-03 
  2.780700102e-03 
  2.766946098e-03 
  2.598976018e-03 
  2.596944803e-03 
  2.546129283e-03 
  2.456414280e-03 
  2.555559389e-03 
  2.568047959e-03 
  2.616463462e-03 
  2.640388440e-03 
  2.548253164e-03 
  2.683476312e-03 
  2.665841021e-03 
  2.636400517e-03 
  2.440371783e-03 
  2.506367397e-03 
  2.539499430e-03 
  2.553380094e-03 
  2.533222316e-03 
  2.511611208e-03 
  2.448746469e-03 
  2.484905766e-03 
  2.483328106e-03 
  2.393103437e-03 
  2.483396325e-03 
  2.516895533e-03 
  2.564086346e-03 
  2.526759403e-03 
  2.645710018e-03 
  2.618216677e-03 
  2.625556663e-03 
  2.591967583e-03 
  2.595293568e-03 
  2.430311870e-03 
  2.383702900e-03 
  2.204532037e-03 
  2.251156140e-03 
  2.081613522e-03 
  1.988583943e-03 
  1.966976561e-03 
  1.970729791e-03 
  1.962367678e-03 
  1.916109351e-03 
  1.776844729e-03 
  2.230396727e-03 
  2.403992228e-03 
  2.448927145e-03 
  2.462089062e-03 
  2.530141268e-03 
  2.572315047e-03 
  2.588303061e-03 
  2.594657708e-03 
  2.573844977e-03 
  2.483484335e-03 
  2.599942964e-03 
  2.558119129e-03 
  2.509996993e-03 
  2.409880515e-03 
  2.485910663e-03 
  2.403900027e-03 
  2.300451044e-03 
  2.387517830e-03 
  2.323895227e-03 
  2.225312870e-03 
  2.209649421e-03 
  2.164161066e-03 
  2.124659950e-03 
  2.095687669e-03 
  2.108284505e-03 
  2.072135452e-03 
  2.081961604e-03 
  2.058098093e-03 
  2.134596696e-03 
  2.138018142e-03 
  2.193695167e-03 
  2.147507621e-03 
  2.183586592e-03 
  2.181256190e-03 
  2.172440756e-03 
  2.103759442e-03 
  2.205165336e-03 
  2.253082115e-03 
  2.233023290e-03 
  2.313366393e-03 
  2.320116619e-03 
  2.370401751e-03 
  2.354954602e-03 
  2.334976802e-03 
  2.423254075e-03 
  2.463927492e-03 
  2.431349829e-03 
  2.473800676e-03 
  2.456630347e-03 
  2.464544494e-03 
  2.467463026e-03 
  2.437169896e-03 
  2.387442160e-03 
  2.476654481e-03 
  2.476115245e-03 
  2.546758624e-03 
  2.498241141e-03 
  2.593524521e-03 
  2.606774680e-03 
  2.636418212e-03 
  2.630628413e-03 
  2.673433395e-03 
  2.548814984e-03 
  2.627974609e-03 
  2.647721441e-03 
  2.660803962e-03 
  2.577139763e-03 
  2.450509230e-03 
  2.297483152e-03 
  2.437636023e-03 
  2.584157046e-03 
  2.592587611e-03 
  2.618778031e-03 
  2.505295444e-03 
  2.427475527e-03 
  2.401511651e-03 
  2.460808726e-03 
  2.403349848e-03 
  2.395268297e-03 
  2.344505396e-03 
  2.407461172e-03 
  2.413673792e-03 
  2.513376065e-03 
  2.489252016e-03 
  2.620127518e-03 
  2.562694484e-03 
  2.654653275e-03 
  2.652222989e-03 
  2.881534863e-03 
  2.805329626e-03 
  3.016772447e-03 
  3.019690514e-03 
  3.170426236e-03 
  3.191805910e-03 
  3.333491972e-03 
  3.301905002e-03 
  3.276949050e-03 
  3.359927330e-03 
  3.538487013e-03 
  3.534984775e-03 
  3.611849155e-03 
  3.420918947e-03 
  3.683282062e-03 
  3.561330261e-03 
  3.678366076e-03 
  3.703438910e-03 
  3.737092018e-03 
  3.689724952e-03 
  3.703376045e-03 
  3.621987766e-03 
  3.635764821e-03 
  3.727942705e-03 
  3.698908258e-03 
  3.680878086e-03 
  3.631194122e-03 
  3.573745023e-03 
  3.395690816e-03 
  3.416215768e-03 
  3.246229375e-03 
  3.239178797e-03 
  2.810937120e-03 
  2.752179280e-03 
  2.340735169e-03 
  2.337180777e-03 
  1.946328441e-03 
  1.945588738e-03 
  1.727254479e-03 
  1.722519053e-03 
  1.733970246e-03 
  1.685605035e-03 
  1.796305180e-03 
  1.791484421e-03 
  1.844404032e-03 
  1.844140585e-03 
  1.862922334e-03 
  1.857078169e-03 
  1.891607302e-03 
  1.869357191e-03 
  1.951318118e-03 
  1.944349846e-03 
  2.084833570e-03 
  2.085639630e-03 
  2.303634305e-03 
  2.281903056e-03 
  2.422424266e-03 
  2.502862830e-03 
  2.736078110e-03 
  2.733254805e-03 
  2.883870853e-03 
  2.904313151e-03 
  3.017893527e-03 
  3.022518940e-03 
  3.056629328e-03 
  3.014968941e-03 
  3.091230989e-03 
  3.136676503e-03 
  3.184153698e-03 
  3.175421851e-03 
  3.083723132e-03 
  3.149868455e-03 
  3.171467222e-03 
  2.995473333e-03 
  3.091304330e-03 
  3.110336605e-03 
  3.074787557e-03 
  3.040235257e-03 
  2.997534117e-03 
  2.991163172e-03 
  2.881295979e-03 
  2.873728983e-03 
  2.852593781e-03 
  2.689593472e-03 
  2.699071076e-03 
  2.520092297e-03 
  2.501270734e-03 
  2.387518995e-03 
  2.349352930e-03 
  2.343129134e-03 
  2.356351120e-03 
  2.384514781e-03 
  2.370722359e-03 
  2.417659387e-03 
  2.413822804e-03 
  2.419077791e-03 
  2.350477036e-03 
  2.413763432e-03 
  2.400151454e-03 
  2.252201550e-03 
  2.379635815e-03 
  2.377961762e-03 
  2.387352288e-03 
  2.362565137e-03 
  2.411977854e-03 
  2.326602815e-03 
  2.483272692e-03 
  2.450102707e-03 
  2.576074563e-03 
  2.567270538e-03 
  2.641028725e-03 
  2.632957650e-03 
  2.682953840e-03 
  2.677187556e-03 
  2.627601847e-03 
  2.686206019e-03 
  2.654943382e-03 
  2.691886155e-03 
  2.639819868e-03 
  2.659131773e-03 
  2.676166594e-03 
  2.697562799e-03 
  2.691108268e-03 
  2.709081629e-03 
  2.707729349e-03 
  2.714970149e-03 
  2.689532004e-03 
  2.581969136e-03 
  2.675004071e-03 
  2.695041243e-03 
  2.608353738e-03 
  2.681759652e-03 
  2.671052003e-03 
  2.662325976e-03 
  2.668816131e-03 
  2.670822432e-03 
  2.665445209e-03 
  2.678551013e-03 
  2.632688498e-03 
  2.669146284e-03 
  2.661845414e-03 
  2.667743247e-03 
  2.654714510e-03 
  2.647609916e-03 
  2.629059134e-03 
  2.563062822e-03 
  2.617798513e-03 
  2.606662922e-03 
  2.588531002e-03 
  2.591702389e-03 
  2.585395239e-03 
  2.562880982e-03 
  2.497669077e-03 
  2.550631762e-03 
  2.564558294e-03 
  2.498452552e-03 
  2.549468074e-03 
  2.522747265e-03 
  2.519686706e-03 
  2.478405368e-03 
  2.527191304e-03 
  2.537553199e-03 
  2.488705330e-03 
  2.537840977e-03 
  2.527376171e-03 
  2.514472464e-03 
  2.524892800e-03 
  2.515660133e-03 
  2.510051476e-03 
  2.497797133e-03 
  2.496575704e-03 
  2.400941215e-03 
  2.478232374e-03 
  2.473083092e-03 
  2.456101123e-03 
  2.448175102e-03 
  2.445873804e-03 
  2.425712766e-03 
  2.409084933e-03 
  2.389666392e-03 
  2.361460589e-03 
  2.316533355e-03 
  2.335709054e-03 
  2.332391450e-03 
  2.296492923e-03 
  2.289447468e-03 
  2.264778828e-03 
  2.255038125e-03 
  2.229720820e-03 
  2.230858663e-03 
  2.225807868e-03 
  2.224117285e-03 
  2.214340260e-03 
  2.207212383e-03 
  2.192931017e-03 
  2.181927441e-03 
  2.175724134e-03 
  2.142597921e-03 
  2.140805591e-03 
  2.106925007e-03 
  2.033422003e-03 
  1.823187689e-03 
  1.991875470e-03 
  2.051130403e-03 
  2.101751976e-03 
  2.096569631e-03 
  2.110949717e-03 
  2.099253703e-03 
  2.102941973e-03 
  2.091088332e-03 
  2.089789836e-03 
  2.073157812e-03 
  2.049902920e-03 
  2.061059233e-03 
  1.977841603e-03 
  2.053907607e-03 
  2.046901966e-03 
  2.023830544e-03 
  1.970333280e-03 
  2.015234437e-03 
  2.016644692e-03 
  2.016216749e-03 
  2.009866759e-03 
  1.955556683e-03 
  1.941603958e-03 
  1.961564645e-03 
  1.979386201e-03 
  1.970383106e-03 
  1.941471011e-03 
  1.932876185e-03 
  1.923619071e-03 
  1.893886481e-03 
  1.883016434e-03 
  1.864465303e-03 
  1.858412172e-03 
  1.848143525e-03 
  1.847371343e-03 
  1.841049292e-03 
  1.861780183e-03 
  1.858743839e-03 
  1.850068802e-03 
  1.805271604e-03 
  1.779050101e-03 
  1.870020875e-03 
  1.828054432e-03 
  1.885297941e-03 
  1.880218973e-03 
  1.870806562e-03 
  1.867445302e-03 
  1.856595161e-03 
  1.852513640e-03 
  1.833636663e-03 
  1.803829684e-03 
  1.821851474e-03 
  1.824378152e-03 
  1.814478775e-03 
  1.808080822e-03 
  1.797658042e-03 
  1.792691299e-03 
  1.785040251e-03 
  1.772013493e-03 
  1.738277613e-03 
  1.740102773e-03 
  1.734778867e-03 
  1.747221337e-03 
  1.723984373e-03 
  1.723512076e-03 
  1.720334869e-03 
  1.711285440e-03 
  1.705027884e-03 
  1.691868878e-03 
  1.682026428e-03 
  1.679790672e-03 
  1.656825887e-03 
  1.619147020e-03 
  1.635708380e-03 
  1.648894977e-03 
  1.642391435e-03 
  1.611488988e-03 
  1.620832365e-03 
  1.617568429e-03 
  1.611223794e-03 
  1.606893027e-03 
  1.559430966e-03 
  1.589066233e-03 
  1.571307890e-03 
  1.566668157e-03 
  1.566418214e-03 
  1.539853169e-03 
  1.498711412e-03 
  1.527263667e-03 
  1.513042138e-03 
  1.510312548e-03 
  1.506104833e-03 
  1.505127992e-03 
  1.491048839e-03 
  1.481116517e-03 
  1.481320593e-03 
  1.426755451e-03 
  1.476628357e-03 
  1.465297653e-03 
  1.444285270e-03 
  1.454500016e-03 
  1.452646102e-03 
  1.446748269e-03 
  1.439914689e-03 
  1.425271854e-03 
  1.435916638e-03 
  1.431565965e-03 
  1.424786518e-03 
  1.401175861e-03 
  1.416762942e-03 
  1.414526836e-03 
  1.411700621e-03 
  1.404852257e-03 
  1.398147666e-03 
  1.326833502e-03 
  1.367570949e-03 
  1.369214151e-03 
  1.364194904e-03 
  1.356888679e-03 
  1.351844869e-03 
  1.352193765e-03 
  1.345137367e-03 
  1.328573679e-03 
  1.326204743e-03 
  1.304510632e-03 
  1.308663166e-03 
  1.303800498e-03 
  1.230341964e-03 
  1.260730205e-03 
  1.253558905e-03 
  1.229116227e-03 
  1.254200703e-03 
  1.256091287e-03 
  1.250560046e-03 
  1.247435575e-03 
  1.261621364e-03 
  1.255690237e-03 
  1.249368070e-03 
  1.264171675e-03 
  1.263303915e-03 
  1.264213352e-03 
  1.261817524e-03 
  1.251566340e-03 
  1.242426806e-03 
  1.244160812e-03 
  1.236194163e-03 
  1.219083206e-03 
  1.209876151e-03 
  1.162929344e-03 
  1.177912694e-03 
  1.164441695e-03 
  1.186275156e-03 
  1.179476967e-03 
  1.157833613e-03 
  1.163387904e-03 
  1.160474611e-03 
  1.106410869e-03 
  1.135172672e-03 
  1.142469002e-03 
  1.130430261e-03 
  1.149913762e-03 
  1.155624981e-03 
  1.143626403e-03 
  1.139694941e-03 
  1.132561243e-03 
  1.120477449e-03 
  1.117777429e-03 
  1.093822182e-03 
  1.076434623e-03 
  1.082144328e-03 
  1.064095879e-03 
  1.056784065e-03 
  1.027674298e-03 
  1.039000694e-03 
  1.038474264e-03 
  1.025546808e-03 
  1.018960145e-03 
  1.014256035e-03 
  1.004335587e-03 
  1.005014987e-03 
  9.974255227e-04 
  9.947582148e-04 
  9.978155140e-04 
  9.898011340e-04 
  9.952941909e-04 
  9.781611152e-04 
  9.494298720e-04 
  9.724606061e-04 
  9.818777908e-04 
  9.930103552e-04 
  9.833003860e-04 
  9.818484541e-04 
  9.986042278e-04 
  9.977697628e-04 
  9.887751658e-04 
  9.751824546e-04 
  9.721608949e-04 
  9.730474558e-04 
  9.467017371e-04 
  9.470471414e-04 
  9.181078640e-04 
  9.119576425e-04 
  9.017025004e-04 
  8.813849417e-04 
  8.901004330e-04 
  8.888802258e-04 
  8.907935116e-04 
  8.458748925e-04 
  8.725158987e-04 
  8.904464194e-04 
  8.860853268e-04 
  8.819832001e-04 
  8.935705409e-04 
  8.891714970e-04 
  8.847971330e-04 
  8.854501066e-04 
  8.415547200e-04 
  8.399880608e-04 
  8.450651658e-04 
  8.498316747e-04 
  8.408658905e-04 
  8.619751898e-04 
  8.574281237e-04 
  8.682162734e-04 
  8.652581018e-04 
  8.613721584e-04 
  8.569969796e-04 
  8.666784852e-04 
  8.575862739e-04 
  8.575904649e-04 
  8.601630689e-04 
  8.526446181e-04 
  8.524124278e-04 
  8.430380258e-04 
  8.388360729e-04 
  8.416981436e-04 
  8.341489010e-04 
  8.192861569e-04 
  8.233182016e-04 
  8.100025589e-04 
  8.003357798e-04 
  8.004021365e-04 
  7.965002442e-04 
  7.822077023e-04 
  7.816408179e-04 
  7.793685072e-04 
  7.669970510e-04 
  7.390699466e-04 
  7.362919860e-04 
  7.113106549e-04 
  7.421766641e-04 
  7.473985897e-04 
  7.704599411e-04 
  7.609549793e-04 
  7.639226387e-04 
  7.750290097e-04 
  7.683060248e-04 
  7.693173829e-04 
  7.667481550e-04 
  7.751447265e-04 
  7.653298089e-04 
  7.633575588e-04 
  7.672422216e-04 
  7.613901980e-04 
  7.505274261e-04 
  7.539323415e-04 
  7.499738713e-04 
  7.240098203e-04 
  7.148939185e-04 
  7.336814306e-04 
  7.276614779e-04 
  7.090266445e-04 
  7.259450504e-04 
  7.112362655e-04 
  7.018188480e-04 
  7.049844717e-04 
  6.815312663e-04 
  6.770215696e-04 
  6.614988088e-04 
  6.413506344e-04 
  6.417654222e-04 
  6.337477826e-04 
  6.327186711e-04 
  6.361033302e-04 
  6.307244184e-04 
  6.293977494e-04 
  6.381580024e-04 
  6.559024332e-04 
  6.480863085e-04 
  6.458977587e-04 
  6.215654430e-04 
  6.535351276e-04 
  6.569739780e-04 
  6.518658483e-04 
  6.402260042e-04 
  6.408494664e-04 
  6.346122245e-04 
  6.244960241e-04 
  6.185809034e-04 
  6.127509405e-04 
  5.968692130e-04 
  5.958427791e-04 
  5.899377866e-04 
  5.413515028e-04 
  5.635323469e-04 
  5.603712634e-04 
  5.501599517e-04 
  5.394758191e-04 
  5.481702974e-04 
  5.196107086e-04 
  5.263598287e-04 
  5.229504313e-04 
  4.810430983e-04 
  4.872193967e-04 
  4.778341099e-04 
  4.615332582e-04 
  4.479585332e-04 
  4.681276041e-04 
  4.494632012e-04 
  4.459872434e-04 
  4.209144972e-04 
  4.387680092e-04 
  4.377091827e-04 
  4.392369883e-04 
  4.369141534e-04 
  4.379458842e-04 
  4.302691086e-04 
  4.386818619e-04 
  4.331301607e-04 
  4.296635452e-04 
  4.382168700e-04 
  4.344786576e-04 
  4.357682774e-04 
  4.297398264e-04 
