  1.050816197e-02 
  3.787082806e-02 
  5.181393027e-02 
  1.871509850e-01 
  2.435451150e-01 
  5.950357914e-01 
  7.594026327e-01 
  1.364663124e+00 
  1.976143241e+00 
  2.345183134e+00 
  3.204493523e+00 
  6.621613979e+00 
  6.309765816e+00 
  8.780124664e+00 
  9.239248276e+00 
  1.239921951e+01 
  9.937522888e+00 
  1.510735130e+01 
  1.516467857e+01 
  1.897768593e+01 
  1.646279335e+01 
  2.397590256e+01 
  1.930209541e+01 
  1.818475723e+01 
  2.425026894e+01 
  2.498600197e+01 
  3.727374649e+01 
  3.783910370e+01 
  2.917697906e+01 
  3.783407593e+01 
  3.949545670e+01 
  3.059821892e+01 
  3.524840927e+01 
  3.993436050e+01 
  3.250148010e+01 
  3.591076279e+01 
  2.703454399e+01 
  2.529474449e+01 
  3.100453377e+01 
  3.137293434e+01 
  3.464546585e+01 
  2.939917564e+01 
  3.080717468e+01 
  3.070494270e+01 
  2.740033913e+01 
  3.535146713e+01 
  3.909095001e+01 
  3.698825073e+01 
  3.462373734e+01 
  3.778341675e+01 
  3.838986206e+01 
  3.622455978e+01 
  3.684361649e+01 
  3.345227432e+01 
  3.837955475e+01 
  3.864181519e+01 
  3.629551315e+01 
  2.303483582e+01 
  2.486472130e+01 
  2.484862709e+01 
  3.661183167e+01 
  2.886383057e+01 
  3.149232864e+01 
  3.330360031e+01 
  3.303611755e+01 
  3.073251534e+01 
  4.191585159e+01 
  3.725928116e+01 
  3.490366745e+01 
  3.334893036e+01 
  3.809643555e+01 
  3.021966934e+01 
  3.159237862e+01 
  3.126372528e+01 
  2.403844070e+01 
  2.185586929e+01 
  3.102491379e+01 
  3.148912048e+01 
  4.037895203e+01 
  3.081653595e+01 
  2.861853027e+01 
  3.186357117e+01 
  2.361283302e+01 
  1.631320572e+01 
  1.778522110e+01 
  2.650260925e+01 
  2.036511612e+01 
  2.313417053e+01 
  2.267108536e+01 
  2.555101776e+01 
  3.063640594e+01 
  3.389048767e+01 
  2.978000641e+01 
  1.578546619e+01 
  1.727087212e+01 
  2.866332245e+01 
  2.916828918e+01 
  1.173657417e+01 
  3.246413803e+01 
  3.848359299e+01 
  3.737810898e+01 
  3.670269012e+01 
  3.842779541e+01 
  3.555731583e+01 
  3.775038528e+01 
  3.420305634e+01 
  3.353772354e+01 
  3.227282715e+01 
  3.454511261e+01 
  3.778136826e+01 
  3.121102333e+01 
  3.621534729e+01 
  3.707974625e+01 
  3.461278534e+01 
  3.356253815e+01 
  3.537630463e+01 
  3.474970245e+01 
  3.329864120e+01 
  3.219270706e+01 
  3.259712601e+01 
  2.726980400e+01 
  3.376984406e+01 
  3.198431015e+01 
  2.670137215e+01 
  2.903240967e+01 
  2.972300339e+01 
  2.824473000e+01 
  2.685808182e+01 
  2.688584137e+01 
  2.418137360e+01 
  1.907716942e+01 
  1.695794678e+01 
  3.018014717e+01 
  2.656258392e+01 
  2.496368790e+01 
  2.685653496e+01 
  2.944829178e+01 
  2.940242958e+01 
  2.604697037e+01 
  2.492709351e+01 
  2.763100243e+01 
  2.723940277e+01 
  2.837482643e+01 
  2.825308228e+01 
  2.776433945e+01 
  2.888796425e+01 
  2.543580246e+01 
  2.869907570e+01 
  2.886851692e+01 
  2.875953293e+01 
  2.907815552e+01 
  3.109470367e+01 
  2.860186195e+01 
  2.627101898e+01 
  2.771482658e+01 
  2.761385727e+01 
  2.798152733e+01 
  2.783965492e+01 
  2.706061363e+01 
  2.677150726e+01 
  2.625913048e+01 
  2.692560387e+01 
  2.620968246e+01 
  2.594285393e+01 
  2.577005768e+01 
  2.514216042e+01 
  2.568174934e+01 
  2.453000069e+01 
  2.570203209e+01 
  2.521075439e+01 
  2.460284805e+01 
  2.429957008e+01 
  2.433435631e+01 
  2.380729675e+01 
  2.373607635e+01 
  2.441866493e+01 
  2.339685440e+01 
  2.292105103e+01 
  2.380848312e+01 
  2.250819397e+01 
  2.273351669e+01 
  2.237797356e+01 
  2.262743378e+01 
  2.243108940e+01 
  2.135620499e+01 
  2.130047035e+01 
  1.710260201e+01 
  1.903902817e+01 
  2.047519493e+01 
  1.885231781e+01 
  2.125869560e+01 
  1.969872284e+01 
  1.874415398e+01 
  1.999016953e+01 
  1.912309074e+01 
  2.024373817e+01 
  1.951495934e+01 
  1.873787880e+01 
  1.810961723e+01 
  1.788301468e+01 
  1.762459946e+01 
  1.705547714e+01 
  1.677320290e+01 
  1.759479713e+01 
  1.620629501e+01 
  1.730534744e+01 
  1.835441399e+01 
  1.692031097e+01 
  1.607794952e+01 
  1.717882347e+01 
  1.649317551e+01 
  1.634575844e+01 
  1.699735641e+01 
  1.541317654e+01 
  1.495108128e+01 
  1.512362671e+01 
  1.573657417e+01 
  1.148052597e+01 
  1.407712078e+01 
  1.320908928e+01 
  1.440402985e+01 
  1.427439976e+01 
  1.469822025e+01 
  1.356042480e+01 
  1.457134056e+01 
  1.431616974e+01 
  1.351348400e+01 
  1.169077301e+01 
  1.390458870e+01 
  1.416120338e+01 
  1.325228596e+01 
  1.428669739e+01 
  1.350001335e+01 
  1.175028610e+01 
  1.266365623e+01 
  1.280634880e+01 
  1.346890545e+01 
  1.238552189e+01 
  1.285039425e+01 
  1.269476604e+01 
  1.231383038e+01 
  1.119216633e+01 
  1.237522030e+01 
  1.173370171e+01 
  1.226697254e+01 
  1.197716141e+01 
  1.160727978e+01 
  1.199383831e+01 
  1.103065777e+01 
  1.150728798e+01 
  1.115647602e+01 
  1.099068069e+01 
  1.136564445e+01 
  1.082637024e+01 
  1.108409786e+01 
  1.102014637e+01 
  1.062453842e+01 
  1.022040844e+01 
  1.051736927e+01 
  9.855744362e+00 
  9.813708305e+00 
  1.069249249e+01 
  9.728167534e+00 
  1.008983421e+01 
  9.861134529e+00 
  9.889458656e+00 
  9.038043976e+00 
  9.603958130e+00 
  9.476300240e+00 
  9.188339233e+00 
  9.158559799e+00 
  8.767291069e+00 
  9.173913002e+00 
  9.183699608e+00 
  9.058121681e+00 
  8.762675285e+00 
  8.538945198e+00 
  8.835412979e+00 
  8.527118683e+00 
  8.415997505e+00 
  8.664056778e+00 
  8.473635674e+00 
  8.559113503e+00 
  8.571529388e+00 
  8.494480133e+00 
  8.388380051e+00 
  7.978249550e+00 
  8.226738930e+00 
  8.073400497e+00 
  7.086206913e+00 
  7.346673965e+00 
  7.766778946e+00 
  7.557315826e+00 
  7.601936817e+00 
  7.613260746e+00 
  7.403234959e+00 
  7.546060562e+00 
  7.503368378e+00 
  7.299342632e+00 
  7.246662140e+00 
  7.199936867e+00 
  7.105260849e+00 
  6.975241661e+00 
  6.973225594e+00 
  7.152994633e+00 
  7.092941284e+00 
  6.967433453e+00 
  6.885461330e+00 
  6.817862988e+00 
  6.706035137e+00 
  6.558029175e+00 
  6.624282837e+00 
  6.498575211e+00 
  6.364871025e+00 
  6.097826004e+00 
  6.351154804e+00 
  6.001960278e+00 
  5.998859882e+00 
  6.242329121e+00 
  6.145528316e+00 
  6.196177959e+00 
  6.261700153e+00 
  5.892208099e+00 
  5.898246765e+00 
  5.865058422e+00 
  5.667646408e+00 
  5.655614853e+00 
  5.696854591e+00 
  5.501879215e+00 
  5.658383846e+00 
  5.440006733e+00 
  5.621898174e+00 
  5.211908340e+00 
  5.571663857e+00 
  5.385969639e+00 
  5.459344387e+00 
  5.244648457e+00 
  5.393905640e+00 
  5.456488609e+00 
  5.385824203e+00 
  5.193291187e+00 
  5.242137432e+00 
  5.153691292e+00 
  5.211019993e+00 
  5.123943806e+00 
  5.133974075e+00 
  4.902826309e+00 
  4.935490131e+00 
  4.892938614e+00 
  4.967501640e+00 
  4.589245796e+00 
  4.915130138e+00 
  4.781557083e+00 
  4.863455296e+00 
  4.770719051e+00 
  4.613470078e+00 
  3.895922422e+00 
  4.136633396e+00 
  4.586436749e+00 
  4.569069862e+00 
  4.581339836e+00 
  4.582214355e+00 
  4.625305176e+00 
  4.546763897e+00 
  4.450635910e+00 
  4.445488930e+00 
  4.475154877e+00 
  4.362792492e+00 
  4.364669800e+00 
  4.403287411e+00 
  4.326691151e+00 
  4.257509232e+00 
  4.220300674e+00 
  4.227149487e+00 
  4.212070942e+00 
  4.124961853e+00 
  4.179589748e+00 
  4.073573589e+00 
  4.117857456e+00 
  4.036706448e+00 
  3.981603384e+00 
  3.962101698e+00 
  3.931373358e+00 
  3.934496164e+00 
  3.840036392e+00 
  3.863201857e+00 
  3.661301136e+00 
  3.205219030e+00 
  3.309448242e+00 
  3.264636755e+00 
  3.325531721e+00 
  3.411161184e+00 
  3.431664467e+00 
  3.425952435e+00 
  3.421609163e+00 
  3.372724533e+00 
  3.410201550e+00 
  3.469345331e+00 
  3.370315313e+00 
  3.351198435e+00 
  3.302808285e+00 
  3.197720289e+00 
  3.173339367e+00 
  3.249110222e+00 
  3.242363214e+00 
  3.227763891e+00 
  3.179256678e+00 
  3.120607853e+00 
  3.200892687e+00 
  3.085407972e+00 
  3.121546745e+00 
  3.089644670e+00 
  3.044214964e+00 
  3.001972198e+00 
  3.031354666e+00 
  2.890275717e+00 
  2.929555655e+00 
  2.722643852e+00 
  2.626327515e+00 
  2.558155298e+00 
  2.528083801e+00 
  2.663372040e+00 
  2.745027542e+00 
  2.690296173e+00 
  2.601733923e+00 
  2.571418285e+00 
  2.548376083e+00 
  2.583806515e+00 
  2.512298822e+00 
  2.430075884e+00 
  2.500375509e+00 
  2.439026594e+00 
  2.525650740e+00 
  2.527532101e+00 
  2.593294859e+00 
  2.548532009e+00 
  2.469989061e+00 
  2.501475811e+00 
  2.498819828e+00 
  2.412071466e+00 
  2.438780069e+00 
  2.416200876e+00 
  2.367469788e+00 
  2.431120634e+00 
  2.445424080e+00 
  2.372396469e+00 
  2.395231724e+00 
  2.419903755e+00 
  2.365031958e+00 
  2.354061127e+00 
  2.305713654e+00 
  2.287629604e+00 
  2.312719584e+00 
  2.279376030e+00 
  2.303200483e+00 
  2.277943134e+00 
  2.221651316e+00 
  2.225919008e+00 
  2.205416203e+00 
  1.966270566e+00 
  9.035903811e-01 
  8.148311973e-01 
  1.325974226e+00 
  1.176231861e+00 
  1.260363102e+00 
  1.466811895e+00 
  1.633554935e+00 
  1.772372603e+00 
  1.922827482e+00 
  1.969398499e+00 
  1.985653996e+00 
  1.992176652e+00 
  1.977832556e+00 
  1.961225510e+00 
  1.973983645e+00 
  1.891092896e+00 
  1.959432960e+00 
  1.935722351e+00 
  1.915062070e+00 
  1.911003470e+00 
  1.877250433e+00 
  1.865011573e+00 
  1.877384901e+00 
  1.823737979e+00 
  1.823609829e+00 
  1.815868020e+00 
  1.771218538e+00 
  1.782136321e+00 
  1.742515326e+00 
  1.730844975e+00 
  1.703324199e+00 
  1.688071728e+00 
  1.654894710e+00 
  1.649751782e+00 
  1.635257363e+00 
  1.611259699e+00 
  1.613445401e+00 
  1.619910836e+00 
  1.623134613e+00 
  1.611046672e+00 
  1.553690672e+00 
  1.575344920e+00 
  1.563542604e+00 
  1.534355998e+00 
  1.543845892e+00 
  1.500625968e+00 
  1.537653089e+00 
  1.520898938e+00 
  1.501518011e+00 
  1.465750813e+00 
  1.448626757e+00 
  1.457964540e+00 
  1.437160015e+00 
  1.413720250e+00 
  1.391629815e+00 
  1.354102135e+00 
  1.316191435e+00 
  1.318457246e+00 
  1.305363178e+00 
  1.270053387e+00 
  1.260289907e+00 
  1.322114229e+00 
  1.258809328e+00 
  1.218891978e+00 
  1.273948789e+00 
  1.295216680e+00 
  1.291873574e+00 
  1.277507901e+00 
  1.249797821e+00 
  1.249578476e+00 
  1.231104732e+00 
  1.205283046e+00 
  1.224754333e+00 
  1.184977889e+00 
  1.201525331e+00 
  1.207154155e+00 
  1.212334871e+00 
  1.196162462e+00 
  1.198920727e+00 
  1.158340096e+00 
  1.184478641e+00 
  1.179278374e+00 
  1.168454409e+00 
  1.160064101e+00 
  1.137706041e+00 
  1.150515318e+00 
  1.155192971e+00 
  1.111268997e+00 
  1.137495637e+00 
  1.134317160e+00 
  9.752150774e-01 
  1.110823512e+00 
  1.063658834e+00 
  1.072401285e+00 
  8.579703569e-01 
  9.406470656e-01 
  1.063081145e+00 
  1.075564027e+00 
  1.053555608e+00 
  1.049364448e+00 
  1.035449386e+00 
  1.030447841e+00 
  1.022488236e+00 
  1.037117004e+00 
  1.030338883e+00 
  1.006513715e+00 
  8.403033018e-01 
  8.905621767e-01 
  9.612985849e-01 
  9.433919191e-01 
  9.776291847e-01 
  9.716992378e-01 
  9.633724689e-01 
  9.625560641e-01 
  9.369699955e-01 
  9.239835143e-01 
  9.271094799e-01 
  9.411350489e-01 
  9.203036427e-01 
  9.180948734e-01 
  9.082967043e-01 
  8.568785191e-01 
  8.998112679e-01 
  8.753916621e-01 
  8.788127899e-01 
  8.832662106e-01 
  8.497091532e-01 
  8.376150727e-01 
  8.586773276e-01 
  8.606816530e-01 
  8.536307216e-01 
  8.449152708e-01 
  8.356826305e-01 
  7.925080061e-01 
  8.111767173e-01 
  7.551965714e-01 
  7.663165331e-01 
  7.303733826e-01 
  7.215020061e-01 
  6.991432309e-01 
  6.810852289e-01 
  6.590279341e-01 
  6.448683739e-01 
  7.067096233e-01 
  7.329959273e-01 
  7.271026969e-01 
  6.927374601e-01 
  6.809625030e-01 
  6.468647122e-01 
  6.334728003e-01 
  6.400378346e-01 
  6.436515450e-01 
  6.381943226e-01 
  6.328264475e-01 
  6.344932318e-01 
  6.271318793e-01 
  6.338715553e-01 
  6.248167157e-01 
  6.235354543e-01 
  6.450373530e-01 
  6.486800313e-01 
  6.290132999e-01 
  6.204187870e-01 
  5.885684490e-01 
  6.028965712e-01 
  6.074870825e-01 
  5.827238560e-01 
  5.925863981e-01 
  5.798993111e-01 
  5.501566529e-01 
  5.229284763e-01 
  4.956105351e-01 
  4.582019448e-01 
  4.363677204e-01 
  4.102248549e-01 
  4.002553821e-01 
  4.033149183e-01 
  4.086177349e-01 
  4.250250459e-01 
  4.898825288e-01 
  4.953261316e-01 
  4.737797081e-01 
  4.345940053e-01 
  4.243098497e-01 
  4.087519348e-01 
  4.215924144e-01 
  4.261724949e-01 
  4.317862391e-01 
  4.384800196e-01 
  4.373328686e-01 
  4.341494441e-01 
  4.430179000e-01 
  4.271760881e-01 
  4.340648651e-01 
  4.387582242e-01 
  4.002663493e-01 
  4.235239327e-01 
  4.485044181e-01 
  4.538153410e-01 
  4.491915107e-01 
  4.418721497e-01 
  4.331478775e-01 
  4.355763793e-01 
  4.477410316e-01 
  4.429608285e-01 
  4.451709688e-01 
  4.313627779e-01 
  4.529823363e-01 
  4.639640749e-01 
  4.733970463e-01 
  4.732192159e-01 
  4.668619335e-01 
  4.657584429e-01 
  4.541348815e-01 
  4.390610158e-01 
  4.354816377e-01 
  4.438029528e-01 
  4.387572706e-01 
  4.470992386e-01 
  4.344687164e-01 
  4.473722279e-01 
  4.506312013e-01 
  4.458553791e-01 
  4.474304914e-01 
  4.474594891e-01 
  4.482386112e-01 
  4.464530349e-01 
  4.513391256e-01 
  4.443221092e-01 
  4.371158481e-01 
  4.394228756e-01 
  4.425966740e-01 
  4.371078312e-01 
  4.349794686e-01 
  4.367448688e-01 
  4.326928854e-01 
  4.308223128e-01 
  4.289677143e-01 
  4.250155985e-01 
  4.219612181e-01 
  4.171000123e-01 
  4.168113768e-01 
  4.126695096e-01 
  4.066319168e-01 
  4.026415646e-01 
  3.750002086e-01 
  3.932207525e-01 
  3.984258771e-01 
  3.970602155e-01 
  3.911984563e-01 
  3.918957412e-01 
  3.901672661e-01 
  3.894921541e-01 
  3.853356540e-01 
  3.865388632e-01 
  3.779211342e-01 
  3.790109754e-01 
  3.739432096e-01 
  3.770156205e-01 
  3.662210703e-01 
  3.642256856e-01 
  3.668719232e-01 
  3.594770730e-01 
  3.643294275e-01 
  3.606761694e-01 
  3.597769737e-01 
  3.592892885e-01 
  3.554709852e-01 
  3.550664186e-01 
  3.486810029e-01 
  3.511905074e-01 
  3.488782942e-01 
  3.464328945e-01 
  3.387585580e-01 
  3.410473466e-01 
  3.361148238e-01 
  3.390450180e-01 
  3.305576444e-01 
  3.325372636e-01 
  3.325219154e-01 
  3.272306621e-01 
  3.276174664e-01 
  3.272722661e-01 
  3.203438818e-01 
  3.221948147e-01 
  3.194443285e-01 
  3.088472486e-01 
  3.131744266e-01 
  3.148619235e-01 
  3.113867342e-01 
  3.081922233e-01 
  3.069131672e-01 
  3.041575849e-01 
  3.030139506e-01 
  2.985754609e-01 
  2.994325459e-01 
  2.973014712e-01 
  2.953545451e-01 
  2.907756567e-01 
  2.804632187e-01 
  2.894305587e-01 
  2.781535089e-01 
  2.845046222e-01 
  2.784114778e-01 
  2.807030380e-01 
  2.790962160e-01 
  2.694909871e-01 
  2.747030258e-01 
  2.725631595e-01 
  2.511184812e-01 
  2.652550638e-01 
  2.646534145e-01 
  2.643635869e-01 
  2.547821701e-01 
  2.629030049e-01 
  2.542790473e-01 
  2.587424219e-01 
  2.570020854e-01 
  2.565202117e-01 
  2.456947714e-01 
  2.511430383e-01 
  2.410457432e-01 
  2.436785847e-01 
  2.358078361e-01 
  2.434030622e-01 
  2.381057739e-01 
  2.406540215e-01 
  2.264217883e-01 
  2.393891662e-01 
  2.277526110e-01 
  2.315628529e-01 
  2.325428277e-01 
  2.255427390e-01 
  2.202397734e-01 
  1.990535706e-01 
  2.147825360e-01 
  2.132140696e-01 
  2.092582136e-01 
  2.014290094e-01 
  1.969572455e-01 
  1.998648643e-01 
  1.993127912e-01 
  1.900534183e-01 
  1.972288638e-01 
  1.943306476e-01 
  1.914835572e-01 
  1.873563081e-01 
  1.868603081e-01 
  1.858541220e-01 
  1.874857843e-01 
  1.874213964e-01 
  1.834044904e-01 
  1.765710711e-01 
  1.691720039e-01 
  1.685956270e-01 
  1.591617465e-01 
  1.524237841e-01 
  1.443636268e-01 
  1.345894337e-01 
  1.263823509e-01 
  1.214696765e-01 
  1.207525209e-01 
  1.150388643e-01 
  1.177198961e-01 
  1.192585081e-01 
  1.154724434e-01 
  1.125085652e-01 
  1.162993312e-01 
  1.145191938e-01 
  1.193795428e-01 
  1.300693303e-01 
  1.342883557e-01 
  1.296080351e-01 
  1.181623787e-01 
  1.032173261e-01 
  1.051829085e-01 
  1.186800003e-01 
  1.277421266e-01 
  1.305584610e-01 
  1.356140822e-01 
  1.339694411e-01 
  1.267420650e-01 
  1.286485791e-01 
  1.226780340e-01 
  1.178963110e-01 
  1.131974757e-01 
  1.151436567e-01 
  1.192326024e-01 
  1.212353259e-01 
  1.226469800e-01 
  1.218168586e-01 
  1.232474744e-01 
  1.236887798e-01 
  1.246508285e-01 
  1.244572029e-01 
  1.278739721e-01 
  1.291555464e-01 
  1.372424215e-01 
  1.400053650e-01 
  1.403078735e-01 
  1.391823739e-01 
  1.384417862e-01 
  1.450856328e-01 
  1.477714330e-01 
  1.448501348e-01 
  1.474043280e-01 
  1.436461508e-01 
  1.458359510e-01 
  1.464775950e-01 
  1.412829459e-01 
  1.449291408e-01 
  1.460140646e-01 
  1.445173919e-01 
  1.425169855e-01 
  1.421266794e-01 
  1.413522959e-01 
  1.387279779e-01 
  1.419022381e-01 
  1.378118843e-01 
  1.367366016e-01 
  1.377330571e-01 
  1.354902834e-01 
  1.341531873e-01 
  1.260232329e-01 
  1.318704635e-01 
  1.346532553e-01 
  1.329521388e-01 
  1.310679913e-01 
  1.296242625e-01 
  1.224947572e-01 
  1.304162443e-01 
  1.327326149e-01 
  1.326191723e-01 
  1.319947690e-01 
  1.311453283e-01 
  1.282334328e-01 
  1.278551966e-01 
  1.269171387e-01 
  1.221304387e-01 
  1.166572571e-01 
  1.239363551e-01 
  1.244466603e-01 
  1.240682304e-01 
  1.171383113e-01 
  1.187303811e-01 
  1.226544529e-01 
  1.223030314e-01 
  1.230668798e-01 
  1.207190230e-01 
  1.124908403e-01 
  1.194777787e-01 
  1.150644869e-01 
  1.184712350e-01 
  1.192159280e-01 
  1.182150915e-01 
  1.184497550e-01 
  1.184948012e-01 
  1.184885055e-01 
  1.178313196e-01 
  1.163588464e-01 
  1.168128699e-01 
  1.163514927e-01 
  1.154247746e-01 
  1.145623252e-01 
  1.155827194e-01 
  1.146802753e-01 
  1.148468927e-01 
  1.108224690e-01 
  1.141776219e-01 
  1.138687581e-01 
  1.133141816e-01 
  1.130388752e-01 
  1.114102229e-01 
  1.119255275e-01 
  1.113790497e-01 
  1.103132665e-01 
  1.106520519e-01 
  1.103492677e-01 
  1.099077389e-01 
  1.082791761e-01 
  1.073832586e-01 
  1.078967676e-01 
  1.068229824e-01 
  1.052263230e-01 
  1.037760973e-01 
  1.051110476e-01 
  1.038371250e-01 
  1.028131396e-01 
  1.031520963e-01 
  1.023163646e-01 
  1.014339328e-01 
  1.002174690e-01 
  9.938975424e-02 
  9.804625809e-02 
  9.762161970e-02 
  9.684044123e-02 
  9.602864832e-02 
  9.422252327e-02 
  9.364970773e-02 
  9.169461578e-02 
  9.085702896e-02 
  8.967568725e-02 
  8.616822958e-02 
  8.639145643e-02 
  8.440699428e-02 
  8.414790034e-02 
  8.391394466e-02 
  8.151007444e-02 
  7.980386913e-02 
  8.002013713e-02 
  8.232871443e-02 
  8.337924629e-02 
  8.356104046e-02 
  8.381313086e-02 
  8.374756575e-02 
  8.440232277e-02 
  8.460775018e-02 
  8.457271010e-02 
  8.440094441e-02 
  8.382921666e-02 
  8.347634971e-02 
  8.123036474e-02 
  7.221192867e-02 
  7.928102463e-02 
  8.243441582e-02 
  8.295787871e-02 
  8.264327794e-02 
  8.274379373e-02 
  8.122584969e-02 
  8.127716929e-02 
  7.919089496e-02 
  8.020512015e-02 
  8.069724590e-02 
  8.060321212e-02 
  7.878020406e-02 
  7.887962461e-02 
  7.817618549e-02 
  7.704649121e-02 
  7.612969726e-02 
  7.666216046e-02 
  7.607828826e-02 
  7.563196868e-02 
  7.415327430e-02 
  7.266612351e-02 
  7.218625396e-02 
  7.227201760e-02 
  7.199713588e-02 
  7.136642188e-02 
  7.059964538e-02 
  6.963014603e-02 
  6.904763728e-02 
  6.863156706e-02 
  6.737539172e-02 
  6.356541067e-02 
  6.476147473e-02 
  6.275334209e-02 
  6.460031122e-02 
  6.506626308e-02 
  6.304886192e-02 
  6.240372360e-02 
  6.029508263e-02 
  5.930862576e-02 
  5.995149165e-02 
  6.093177944e-02 
  6.132181361e-02 
  6.064638123e-02 
  5.922298506e-02 
  5.654858053e-02 
  5.439044163e-02 
  4.872011021e-02 
  4.806928709e-02 
  4.732474312e-02 
  4.638953879e-02 
  4.819925129e-02 
  4.912595451e-02 
  4.975527897e-02 
  4.934739321e-02 
  4.952285811e-02 
  4.986071959e-02 
  4.946242645e-02 
  4.941543564e-02 
  4.985179752e-02 
  4.964586720e-02 
  4.801153392e-02 
  4.595327750e-02 
  4.145011306e-02 
  3.819141164e-02 
  3.657922521e-02 
  3.412142769e-02 
  3.303005546e-02 
  3.061577305e-02 
  2.950909734e-02 
  2.821694687e-02 
  2.643636987e-02 
  2.544545196e-02 
  2.433597669e-02 
  2.339462377e-02 
  2.223060839e-02 
  2.178196609e-02 
  2.050955221e-02 
  1.941497438e-02 
  1.933911815e-02 
  1.907541044e-02 
  1.926709153e-02 
  1.968934387e-02 
  1.966255344e-02 
  1.985227317e-02 
  1.930180006e-02 
  1.914804615e-02 
  1.877740212e-02 
  1.948691532e-02 
  2.059463784e-02 
  2.222686261e-02 
  2.317171730e-02 
  2.380843833e-02 
  2.361196838e-02 
  2.303628996e-02 
  2.287082747e-02 
  2.187739685e-02 
  2.103057504e-02 
  1.954410411e-02 
  1.856400073e-02 
  1.771089621e-02 
  1.778889447e-02 
  1.847112179e-02 
  1.888097823e-02 
  1.984983310e-02 
  2.100104094e-02 
  2.192202024e-02 
  2.233030088e-02 
  2.196933143e-02 
  2.192129381e-02 
  2.094826475e-02 
  2.009144612e-02 
  1.922786795e-02 
  1.942776144e-02 
  2.028753795e-02 
  2.093288302e-02 
  2.095026709e-02 
  2.061352693e-02 
  1.988328807e-02 
  2.001356892e-02 
  2.086499147e-02 
  2.108882181e-02 
  2.073287033e-02 
  2.078594640e-02 
  2.051252872e-02 
  2.054087631e-02 
  2.101619169e-02 
  2.161487192e-02 
  2.234421298e-02 
  2.313058451e-02 
  2.218558267e-02 
  2.291360870e-02 
  2.301913127e-02 
  2.345007844e-02 
  2.374293655e-02 
  2.397004142e-02 
  2.396237105e-02 
  2.364075370e-02 
  2.367713116e-02 
  2.469200641e-02 
  2.440042980e-02 
  2.432792075e-02 
  2.425001003e-02 
  2.443573251e-02 
  2.341350168e-02 
  2.401690185e-02 
  2.468405105e-02 
  2.425505780e-02 
  2.347481810e-02 
  2.263846435e-02 
  2.259922028e-02 
  2.254010364e-02 
  2.190781198e-02 
  2.254197560e-02 
  2.265503071e-02 
  2.275679074e-02 
  2.310317568e-02 
  2.341338433e-02 
  2.213386633e-02 
  2.334465086e-02 
  2.264601737e-02 
  2.297200263e-02 
  2.320592105e-02 
  2.314873040e-02 
  2.367082238e-02 
  2.382129431e-02 
  2.401455864e-02 
  2.378853410e-02 
  2.326769009e-02 
  2.322374657e-02 
  2.340758592e-02 
  2.471490391e-02 
  2.572062425e-02 
  2.598243393e-02 
  2.653547004e-02 
  2.681233734e-02 
  2.721625753e-02 
  2.677312866e-02 
  2.584763058e-02 
  2.549792826e-02 
  2.459527366e-02 
  2.436068282e-02 
  2.412389405e-02 
  2.394894138e-02 
  2.283917554e-02 
  2.300727926e-02 
  2.202343568e-02 
  2.165298164e-02 
  2.127124183e-02 
  2.147353254e-02 
  2.236298472e-02 
  2.365150675e-02 
  2.383596078e-02 
  2.426202409e-02 
  2.423409559e-02 
  2.394666709e-02 
  2.325268276e-02 
  2.309301496e-02 
  2.336414531e-02 
  2.334794402e-02 
  2.401827648e-02 
  2.358630113e-02 
  2.373981103e-02 
  2.406671643e-02 
  2.397492714e-02 
  2.476909384e-02 
  2.164886333e-02 
  2.588224784e-02 
  2.685870975e-02 
  2.759637311e-02 
  2.698490955e-02 
  2.784866653e-02 
  2.771239914e-02 
  2.780185267e-02 
  2.751296572e-02 
  2.811932564e-02 
  2.885462344e-02 
  2.879739366e-02 
  2.957125194e-02 
  2.934866585e-02 
  2.885930613e-02 
  2.573406138e-02 
  2.685357258e-02 
  2.705013193e-02 
  2.735462599e-02 
  2.885884233e-02 
  2.850313112e-02 
  2.873293124e-02 
  2.916454710e-02 
  2.935089730e-02 
  2.880927734e-02 
  2.872326225e-02 
  2.825562283e-02 
  2.883086726e-02 
  2.852100879e-02 
  2.836493775e-02 
  2.898952551e-02 
  2.869261242e-02 
  2.906273119e-02 
  2.857597731e-02 
  2.833659388e-02 
  2.898738347e-02 
  2.864982374e-02 
  2.787874267e-02 
  2.859434113e-02 
  2.826113626e-02 
  2.842882089e-02 
  2.826427296e-02 
  2.641394734e-02 
  2.817014791e-02 
  2.793888375e-02 
  2.773779258e-02 
  2.725977637e-02 
  2.731638029e-02 
  2.760996856e-02 
  2.766537853e-02 
  2.687143721e-02 
  2.738588303e-02 
  2.633207850e-02 
  2.682686038e-02 
  2.691599727e-02 
  2.679166012e-02 
  2.709269524e-02 
  2.715432830e-02 
  2.710714377e-02 
  2.679546177e-02 
  2.594927512e-02 
  2.654503658e-02 
  2.633412741e-02 
  2.613090910e-02 
  2.651162446e-02 
  2.631039731e-02 
  2.527441457e-02 
  2.563313022e-02 
  2.507845871e-02 
  2.583331987e-02 
  2.556334250e-02 
  2.549558319e-02 
  2.499043196e-02 
  2.550438605e-02 
  2.542717755e-02 
  2.495844290e-02 
  2.435515076e-02 
  2.461330034e-02 
  2.408480085e-02 
  2.389253490e-02 
  2.315947972e-02 
  2.299533039e-02 
  2.221444808e-02 
  2.275134437e-02 
  2.264806628e-02 
  2.226660587e-02 
  2.233771048e-02 
  2.072557062e-02 
  2.220927179e-02 
  2.002047375e-02 
  2.187710628e-02 
  2.198700607e-02 
  2.245319076e-02 
  2.224767767e-02 
  2.183277719e-02 
  2.213168144e-02 
  2.195492201e-02 
  2.260677516e-02 
  2.226626873e-02 
  2.201259695e-02 
  2.163228020e-02 
  1.975741051e-02 
  2.123255655e-02 
  2.070563100e-02 
  2.174023166e-02 
  2.213658392e-02 
  2.188928425e-02 
  2.189104818e-02 
  2.045453340e-02 
  2.109286375e-02 
  2.123411372e-02 
  2.025075257e-02 
  2.036812715e-02 
  1.946167462e-02 
  1.986040920e-02 
  1.970506273e-02 
  1.997984387e-02 
  1.963504776e-02 
  1.953738369e-02 
  1.954842545e-02 
  1.970698684e-02 
  1.958215609e-02 
  1.834068261e-02 
  1.891567372e-02 
  1.915600710e-02 
  1.963690668e-02 
  1.939567365e-02 
  1.974715665e-02 
  1.852565072e-02 
  1.908690482e-02 
  1.963260025e-02 
  1.958470419e-02 
  1.909954287e-02 
  1.879904233e-02 
  1.922436804e-02 
  1.959072612e-02 
  1.969242282e-02 
  1.918184571e-02 
  1.934339665e-02 
  1.927493140e-02 
  1.936967671e-02 
  1.930722408e-02 
  1.871756837e-02 
  1.896334998e-02 
  1.889649034e-02 
  1.859559864e-02 
  1.808373258e-02 
  1.852284931e-02 
  1.840643585e-02 
  1.749620028e-02 
  1.732588746e-02 
  1.705580205e-02 
  1.708226465e-02 
  1.691229641e-02 
  1.684959605e-02 
  1.723587327e-02 
  1.692717895e-02 
  1.691575907e-02 
  1.707711816e-02 
  1.719380170e-02 
  1.707330905e-02 
  1.664203405e-02 
  1.702222414e-02 
  1.660876721e-02 
  1.690949500e-02 
  1.670866460e-02 
  1.685495302e-02 
  1.650918648e-02 
  1.681030355e-02 
  1.664764434e-02 
  1.672049239e-02 
  1.638132147e-02 
  1.652739011e-02 
  1.655108668e-02 
  1.637619548e-02 
  1.621517725e-02 
  1.608621143e-02 
  1.588431187e-02 
  1.578143053e-02 
  1.592312008e-02 
  1.561563648e-02 
  1.562195271e-02 
  1.593756303e-02 
  1.579926163e-02 
  1.501534972e-02 
  1.540493779e-02 
  1.544244215e-02 
  1.526209712e-02 
  1.497961488e-02 
  1.501923054e-02 
  1.505847275e-02 
  1.481697708e-02 
  1.427492220e-02 
  1.374875754e-02 
  1.411173679e-02 
  1.442354452e-02 
  1.465530694e-02 
  1.466062199e-02 
  1.445000153e-02 
  1.448353659e-02 
  1.445573103e-02 
  1.424772758e-02 
  1.419926807e-02 
  1.434889808e-02 
  1.434092224e-02 
  1.425662544e-02 
  1.420317963e-02 
  1.417329628e-02 
  1.405669469e-02 
  1.393637341e-02 
  1.398805249e-02 
  1.386519987e-02 
  1.365939993e-02 
  1.365238614e-02 
  1.357515436e-02 
  1.326599997e-02 
  1.346968208e-02 
  1.349883247e-02 
  1.329594571e-02 
  1.322992984e-02 
  1.283363439e-02 
  1.303747296e-02 
  1.314858533e-02 
  1.212092675e-02 
  1.293602865e-02 
  1.296829898e-02 
  1.293995883e-02 
  1.291781571e-02 
  1.282103918e-02 
  1.267187111e-02 
  1.257479470e-02 
  1.264796685e-02 
  1.232353225e-02 
  1.211427432e-02 
  1.228544023e-02 
  1.163681410e-02 
  1.178429928e-02 
  1.192820165e-02 
  1.202821266e-02 
  1.194192283e-02 
  1.165261678e-02 
  1.186524145e-02 
  1.186046377e-02 
  1.165861264e-02 
  1.149583142e-02 
  1.073840819e-02 
  1.091909595e-02 
  1.095321216e-02 
  1.039758883e-02 
  1.023317501e-02 
  1.070742961e-02 
  1.084833685e-02 
  1.085762773e-02 
  1.058081910e-02 
  1.088822260e-02 
  1.068124175e-02 
  1.080287900e-02 
  1.046322845e-02 
  1.051085722e-02 
  1.022993121e-02 
  1.058389805e-02 
  1.047921833e-02 
  1.042986102e-02 
  1.023785211e-02 
  1.028699242e-02 
  1.028796937e-02 
  1.026783884e-02 
  1.008015592e-02 
  1.016562991e-02 
  1.014968660e-02 
  1.005013846e-02 
  1.006840728e-02 
  9.970622137e-03 
  9.756926447e-03 
  9.493170306e-03 
  9.564636275e-03 
  9.330681525e-03 
  9.471886791e-03 
  9.394788183e-03 
  9.373767301e-03 
  9.218586609e-03 
  9.262042120e-03 
  9.087440558e-03 
  9.082741104e-03 
  9.049589746e-03 
  9.029246867e-03 
  8.783584461e-03 
  8.513925597e-03 
  8.471578360e-03 
  8.205719292e-03 
  8.048010059e-03 
  8.110634983e-03 
  8.029285818e-03 
  7.998026907e-03 
  7.874888368e-03 
  7.721129339e-03 
  7.710248698e-03 
  7.658412214e-03 
  7.696740329e-03 
  7.741355337e-03 
  7.695887703e-03 
  7.443444338e-03 
  7.369980682e-03 
  7.160702255e-03 
  7.033914328e-03 
  6.782338023e-03 
  6.531000603e-03 
  6.570261903e-03 
  6.319417618e-03 
  6.058079656e-03 
  6.065964233e-03 
  5.751252640e-03 
  5.708390381e-03 
  5.344149657e-03 
  5.153989885e-03 
  5.118883215e-03 
  5.171837751e-03 
  5.136861932e-03 
  4.987100139e-03 
  4.901528358e-03 
  4.833755549e-03 
  4.687570035e-03 
  4.485687241e-03 
  4.468847066e-03 
  4.295011517e-03 
  4.294181708e-03 
  4.163830541e-03 
  3.922804259e-03 
  3.859930206e-03 
  3.657552181e-03 
  3.403464798e-03 
  3.549910383e-03 
  3.594164271e-03 
  3.611576511e-03 
  3.553744871e-03 
  3.490490373e-03 
  3.573270515e-03 
  3.372332547e-03 
  3.381549846e-03 
  3.264385043e-03 
  3.226434579e-03 
  2.979533747e-03 
  2.939580940e-03 
  2.924694680e-03 
  2.848136937e-03 
  2.737283008e-03 
  2.723797224e-03 
  2.558510285e-03 
  2.556510735e-03 
  2.506526886e-03 
  2.418201184e-03 
  2.515776083e-03 
  2.528013662e-03 
  2.575674560e-03 
  2.599165076e-03 
  2.508468460e-03 
  2.641558647e-03 
  2.624194836e-03 
  2.595232800e-03 
  2.402289305e-03 
  2.467254875e-03 
  2.499879338e-03 
  2.513543004e-03 
  2.493704669e-03 
  2.472439781e-03 
  2.410555724e-03 
  2.446150640e-03 
  2.444599988e-03 
  2.355776262e-03 
  2.444660757e-03 
  2.477609552e-03 
  2.524009906e-03 
  2.487266203e-03 
  2.604264300e-03 
  2.577197971e-03 
  2.584398957e-03 
  2.551375190e-03 
  2.554648789e-03 
  2.392341848e-03 
  2.346461406e-03 
  2.170196967e-03 
  2.216097200e-03 
  2.049249830e-03 
  1.957627013e-03 
  1.936356421e-03 
  1.940052607e-03 
  1.931820880e-03 
  1.886184211e-03 
  1.749095623e-03 
  2.195411362e-03 
  2.366140019e-03 
  2.410367597e-03 
  2.423218917e-03 
  2.490196610e-03 
  2.531637670e-03 
  2.547380049e-03 
  2.553670900e-03 
  2.533186926e-03 
  2.444299171e-03 
  2.558987355e-03 
  2.517822199e-03 
  2.470543142e-03 
  2.372000134e-03 
  2.446874976e-03 
  2.366151661e-03 
  2.264371607e-03 
  2.350099618e-03 
  2.287474694e-03 
  2.190513536e-03 
  2.175095491e-03 
  2.130381530e-03 
  2.091496950e-03 
  2.063017804e-03 
  2.075418131e-03 
  2.039851388e-03 
  2.049494768e-03 
  2.026003320e-03 
  2.101274440e-03 
  2.104642801e-03 
  2.159415511e-03 
  2.113949507e-03 
  2.149460604e-03 
  2.147166291e-03 
  2.138480311e-03 
  2.070875606e-03 
  2.170671243e-03 
  2.217785921e-03 
  2.198041417e-03 
  2.277036197e-03 
  2.283680486e-03 
  2.333119046e-03 
  2.317915205e-03 
  2.298227046e-03 
  2.385115018e-03 
  2.425089944e-03 
  2.393034520e-03 
  2.434825525e-03 
  2.417914802e-03 
  2.425704384e-03 
  2.428582637e-03 
  2.398767043e-03 
  2.349775285e-03 
  2.437579911e-03 
  2.436993876e-03 
  2.506521065e-03 
  2.458680421e-03 
  2.552484162e-03 
  2.565417439e-03 
  2.594590653e-03 
  2.588718897e-03 
  2.630633302e-03 
  2.508010017e-03 
  2.585493727e-03 
  2.604921814e-03 
  2.617285354e-03 
  2.534989966e-03 
  2.409784822e-03 
  2.259301487e-03 
  2.396407537e-03 
  2.540450776e-03 
  2.547635697e-03 
  2.573437523e-03 
  2.460646676e-03 
  2.384214429e-03 
  2.357363235e-03 
  2.415629337e-03 
  2.358422149e-03 
  2.350491704e-03 
  2.300556051e-03 
  2.362880157e-03 
  2.368977759e-03 
  2.467593178e-03 
  2.443908947e-03 
  2.573089441e-03 
  2.516687848e-03 
  2.607818460e-03 
  2.605431248e-03 
  2.832106780e-03 
  2.757208887e-03 
  2.966671251e-03 
  2.969541121e-03 
  3.120200709e-03 
  3.141242079e-03 
  3.282780992e-03 
  3.251804039e-03 
  3.229013877e-03 
  3.310778411e-03 
  3.488299670e-03 
  3.484969493e-03 
  3.562180558e-03 
  3.373875981e-03 
  3.633703338e-03 
  3.513473785e-03 
  3.630070714e-03 
  3.654814092e-03 
  3.688591765e-03 
  3.641909687e-03 
  3.655737033e-03 
  3.575395327e-03 
  3.589214990e-03 
  3.680265974e-03 
  3.651325824e-03 
  3.633527551e-03 
  3.583794693e-03 
  3.527136287e-03 
  3.349849489e-03 
  3.370097140e-03 
  3.199171973e-03 
  3.192247590e-03 
  2.765437355e-03 
  2.707630163e-03 
  2.297348576e-03 
  2.293870086e-03 
  1.906199614e-03 
  1.905475045e-03 
  1.689890982e-03 
  1.685259747e-03 
  1.696214429e-03 
  1.648902078e-03 
  1.757849823e-03 
  1.753134304e-03 
  1.805558451e-03 
  1.805300824e-03 
  1.824034145e-03 
  1.818314428e-03 
  1.852636808e-03 
  1.830845256e-03 
  1.912056934e-03 
  1.905231387e-03 
  2.044864465e-03 
  2.045655157e-03 
  2.262403490e-03 
  2.241066191e-03 
  2.382163191e-03 
  2.461264841e-03 
  2.693624236e-03 
  2.690849826e-03 
  2.841768786e-03 
  2.861912362e-03 
  2.975890180e-03 
  2.980458084e-03 
  3.015728202e-03 
  2.974624978e-03 
  3.051040927e-03 
  3.095895052e-03 
  3.143539885e-03 
  3.134918865e-03 
  3.044825047e-03 
  3.110135207e-03 
  3.131509759e-03 
  2.957732882e-03 
  3.052181099e-03 
  3.070972161e-03 
  3.035397269e-03 
  3.001287347e-03 
  2.958146855e-03 
  2.951859497e-03 
  2.841801150e-03 
  2.834337531e-03 
  2.813491970e-03 
  2.650471637e-03 
  2.659812337e-03 
  2.481268253e-03 
  2.462736331e-03 
  2.349464921e-03 
  2.311907941e-03 
  2.305555390e-03 
  2.318564802e-03 
  2.346845577e-03 
  2.333270852e-03 
  2.380303573e-03 
  2.376526129e-03 
  2.382000675e-03 
  2.314451383e-03 
  2.376684686e-03 
  2.363281325e-03 
  2.217583125e-03 
  2.343058586e-03 
  2.341410378e-03 
  2.350905444e-03 
  2.326496411e-03 
  2.375716576e-03 
  2.291625831e-03 
  2.447384410e-03 
  2.414693357e-03 
  2.540436108e-03 
  2.531753154e-03 
  2.605905989e-03 
  2.597941784e-03 
  2.648395486e-03 
  2.642703243e-03 
  2.593756653e-03 
  2.652269555e-03 
  2.621401334e-03 
  2.658233279e-03 
  2.606817987e-03 
  2.626222558e-03 
  2.643045969e-03 
  2.664533677e-03 
  2.658158075e-03 
  2.676310251e-03 
  2.674974035e-03 
  2.682523569e-03 
  2.657389268e-03 
  2.551111626e-03 
  2.643307205e-03 
  2.663106658e-03 
  2.577651991e-03 
  2.650193870e-03 
  2.639738144e-03 
  2.631114097e-03 
  2.637694590e-03 
  2.639677376e-03 
  2.634542296e-03 
  2.647495829e-03 
  2.602164634e-03 
  2.638276434e-03 
  2.631059615e-03 
  2.636982594e-03 
  2.624103567e-03 
  2.617126796e-03 
  2.598789288e-03 
  2.533575986e-03 
  2.587681403e-03 
  2.576745348e-03 
  2.558821347e-03 
  2.561956644e-03 
  2.555770800e-03 
  2.533514053e-03 
  2.469114261e-03 
  2.521470888e-03 
  2.535368083e-03 
  2.470014617e-03 
  2.520613838e-03 
  2.494195476e-03 
  2.491169376e-03 
  2.450534375e-03 
  2.498771297e-03 
  2.509212820e-03 
  2.460910007e-03 
  2.509675222e-03 
  2.499325899e-03 
  2.486676211e-03 
  2.496980829e-03 
  2.487850841e-03 
  2.482383512e-03 
  2.470264211e-03 
  2.469100524e-03 
  2.374518197e-03 
  2.450968372e-03 
  2.445875434e-03 
  2.429079730e-03 
  2.421221929e-03 
  2.418945078e-03 
  2.398909535e-03 
  2.382465173e-03 
  2.363070613e-03 
  2.335178433e-03 
  2.290499629e-03 
  2.309459262e-03 
  2.306178678e-03 
  2.270434983e-03 
  2.263469156e-03 
  2.238905756e-03 
  2.229276579e-03 
  2.204230055e-03 
  2.205354627e-03 
  2.200359711e-03 
  2.198725473e-03 
  2.189059975e-03 
  2.182021737e-03 
  2.167903120e-03 
  2.157037146e-03 
  2.150904387e-03 
  2.118155826e-03 
  2.116421703e-03 
  2.082926454e-03 
  2.010291442e-03 
  1.802448416e-03 
  1.969281817e-03 
  2.027864102e-03 
  2.077910118e-03 
  2.072844421e-03 
  2.087061293e-03 
  2.075507306e-03 
  2.079153433e-03 
  2.067422960e-03 
  2.066138899e-03 
  2.049694769e-03 
  2.026677597e-03 
  2.037707251e-03 
  1.955381827e-03 
  2.030584030e-03 
  2.023657551e-03 
  2.000787528e-03 
  1.947898534e-03 
  1.992336707e-03 
  1.993730664e-03 
  1.993377693e-03 
  1.987099648e-03 
  1.933403779e-03 
  1.919645467e-03 
  1.939380309e-03 
  1.956895925e-03 
  1.947994926e-03 
  1.919136499e-03 
  1.910640392e-03 
  1.901489682e-03 
  1.871776534e-03 
  1.861033263e-03 
  1.842474798e-03 
  1.836492796e-03 
  1.826344989e-03 
  1.825667568e-03 
  1.819419442e-03 
  1.840192126e-03 
  1.837190706e-03 
  1.828615787e-03 
  1.784678199e-03 
  1.758755650e-03 
  1.848983811e-03 
  1.807489316e-03 
  1.864221529e-03 
  1.859199023e-03 
  1.849892898e-03 
  1.846576110e-03 
  1.835846691e-03 
  1.831776579e-03 
  1.813110546e-03 
  1.783638145e-03 
  1.801412087e-03 
  1.803910243e-03 
  1.794080250e-03 
  1.787753892e-03 
  1.777449157e-03 
  1.772505697e-03 
  1.764940564e-03 
  1.752003329e-03 
  1.718648127e-03 
  1.720452798e-03 
  1.715120743e-03 
  1.727422001e-03 
  1.704355003e-03 
  1.703887945e-03 
  1.700746827e-03 
  1.691726735e-03 
  1.685540657e-03 
  1.672458719e-03 
  1.662728959e-03 
  1.660518581e-03 
  1.637754729e-03 
  1.600509277e-03 
  1.616841415e-03 
  1.629875624e-03 
  1.623446587e-03 
  1.592849614e-03 
  1.602084725e-03 
  1.598793082e-03 
  1.592522138e-03 
  1.588240732e-03 
  1.541245496e-03 
  1.570534892e-03 
  1.552847680e-03 
  1.548262313e-03 
  1.548014465e-03 
  1.521582366e-03 
  1.480928739e-03 
  1.509022666e-03 
  1.494970871e-03 
  1.492272946e-03 
  1.488034497e-03 
  1.487069298e-03 
  1.473120996e-03 
  1.463307999e-03 
  1.463508699e-03 
  1.409631339e-03 
  1.458905521e-03 
  1.447710791e-03 
  1.426926698e-03 
  1.437018625e-03 
  1.435177634e-03 
  1.429350581e-03 
  1.422599191e-03 
  1.408166485e-03 
  1.418683445e-03 
  1.414368162e-03 
  1.407669974e-03 
  1.384343021e-03 
  1.399799134e-03 
  1.397589571e-03 
  1.394831110e-03 
  1.388064353e-03 
  1.381439855e-03 
  1.310940250e-03 
  1.351189683e-03 
  1.352811931e-03 
  1.347838552e-03 
  1.340619870e-03 
  1.335544745e-03 
  1.335889334e-03 
  1.328916638e-03 
  1.312395441e-03 
  1.310055261e-03 
  1.288497238e-03 
  1.292598667e-03 
  1.287795487e-03 
  1.215080265e-03 
  1.245091436e-03 
  1.238008961e-03 
  1.213851850e-03 
  1.238624682e-03 
  1.240528072e-03 
  1.235065400e-03 
  1.231979346e-03 
  1.246158965e-03 
  1.240300597e-03 
  1.234053867e-03 
  1.248919638e-03 
  1.248062472e-03 
  1.249051304e-03 
  1.246683998e-03 
  1.236553304e-03 
  1.227451838e-03 
  1.229164773e-03 
  1.221293933e-03 
  1.204126398e-03 
  1.195032382e-03 
  1.148318057e-03 
  1.163113164e-03 
  1.149811316e-03 
  1.171685406e-03 
  1.164970803e-03 
  1.143237459e-03 
  1.148825977e-03 
  1.145949005e-03 
  1.092771767e-03 
  1.121178968e-03 
  1.128385426e-03 
  1.116657280e-03 
  1.135903411e-03 
  1.141545014e-03 
  1.129629556e-03 
  1.125746057e-03 
  1.118695713e-03 
  1.106556854e-03 
  1.103890245e-03 
  1.079954905e-03 
  1.062787604e-03 
  1.068420475e-03 
  1.050262479e-03 
  1.043045660e-03 
  1.014314243e-03 
  1.025246340e-03 
  1.024726778e-03 
  1.011801302e-03 
  1.005302882e-03 
  1.000661752e-03 
  9.907799540e-04 
  9.914501570e-04 
  9.839590639e-04 
  9.813425131e-04 
  9.843584849e-04 
  9.764524293e-04 
  9.820208652e-04 
  9.651162545e-04 
  9.369829204e-04 
  9.597116150e-04 
  9.690054576e-04 
  9.802415734e-04 
  9.706562851e-04 
  9.692162857e-04 
  9.858404519e-04 
  9.850165807e-04 
  9.761368856e-04 
  9.625221719e-04 
  9.595396696e-04 
  9.604057996e-04 
  9.340662509e-04 
  9.344071150e-04 
  9.054456605e-04 
  8.993802476e-04 
  8.892665501e-04 
  8.690690738e-04 
  8.776627947e-04 
  8.764595841e-04 
  8.784604142e-04 
  8.341638022e-04 
  8.604275063e-04 
  8.782074437e-04 
  8.739063051e-04 
  8.698606398e-04 
  8.814716712e-04 
  8.771321736e-04 
  8.728220710e-04 
  8.734662551e-04 
  8.301649941e-04 
  8.286389057e-04 
  8.336473256e-04 
  8.383494569e-04 
  8.295628359e-04 
  8.503884310e-04 
  8.459025412e-04 
  8.566207835e-04 
  8.537020767e-04 
  8.498535026e-04 
  8.456304204e-04 
  8.551835781e-04 
  8.462119731e-04 
  8.462544647e-04 
  8.487930754e-04 
  8.413562318e-04 
  8.411197923e-04 
  8.318696637e-04 
  8.276698063e-04 
  8.304938092e-04 
  8.230451494e-04 
  8.082342683e-04 
  8.122118888e-04 
  7.990759914e-04 
  7.894341834e-04 
  7.894996670e-04 
  7.856509765e-04 
  7.714265375e-04 
  7.708675112e-04 
  7.686265162e-04 
  7.563638501e-04 
  7.288240013e-04 
  7.260703132e-04 
  7.014666917e-04 
  7.319055730e-04 
  7.370553212e-04 
  7.599880337e-04 
  7.506123511e-04 
  7.535105688e-04 
  7.646063459e-04 
  7.579739322e-04 
  7.589717279e-04 
  7.565192645e-04 
  7.648038445e-04 
  7.550989976e-04 
  7.531345473e-04 
  7.569672889e-04 
  7.511938456e-04 
  7.403906784e-04 
  7.437496679e-04 
  7.398142479e-04 
  7.141009555e-04 
  7.051099092e-04 
  7.236404344e-04 
  7.177052321e-04 
  6.993255229e-04 
  7.159934612e-04 
  7.013597642e-04 
  6.920731976e-04 
  6.951950490e-04 
  6.718962104e-04 
  6.674504257e-04 
  6.520025199e-04 
  6.321436376e-04 
  6.325526047e-04 
  6.246107514e-04 
  6.235965411e-04 
  6.269325386e-04 
  6.216393085e-04 
  6.203318480e-04 
  6.289660232e-04 
  6.466069608e-04 
  6.389017799e-04 
  6.367443129e-04 
  6.127232336e-04 
  6.442785379e-04 
  6.476688432e-04 
  6.426331820e-04 
  6.310844328e-04 
  6.316991639e-04 
  6.255209446e-04 
  6.154355942e-04 
  6.096063880e-04 
  6.038611755e-04 
  5.880980170e-04 
  5.870867753e-04 
  5.812356831e-04 
  5.332266446e-04 
  5.550746573e-04 
  5.519611877e-04 
  5.418582004e-04 
  5.313353613e-04 
  5.398724461e-04 
  5.116370157e-04 
  5.182825844e-04 
  5.149256322e-04 
  4.735890834e-04 
  4.796697467e-04 
  4.704136518e-04 
  4.543105315e-04 
  4.409482935e-04 
  4.608018207e-04 
  4.424069193e-04 
  4.389855603e-04 
  4.142971302e-04 
  4.318588472e-04 
  4.308167554e-04 
  4.323204921e-04 
  4.300368892e-04 
  4.310524382e-04 
  4.234965309e-04 
  4.317587009e-04 
  4.262946313e-04 
  4.228828184e-04 
  4.313058162e-04 
  4.276265390e-04 
  4.288959026e-04 
  4.229478654e-04 
