  8.314484730e-03 
  3.042945080e-02 
  4.218659550e-02 
  1.555266976e-01 
  2.042746991e-01 
  5.091485977e-01 
  6.568879485e-01 
  1.197092295e+00 
  1.749889255e+00 
  2.092830896e+00 
  2.903681040e+00 
  6.033117771e+00 
  5.798582077e+00 
  8.124761581e+00 
  8.570363045e+00 
  1.160298729e+01 
  9.321562767e+00 
  1.422806168e+01 
  1.432336426e+01 
  1.807065582e+01 
  1.556877518e+01 
  2.294631958e+01 
  1.837543106e+01 
  1.740352821e+01 
  2.332017136e+01 
  2.391810799e+01 
  3.589151001e+01 
  3.647664261e+01 
  2.800663185e+01 
  3.655219650e+01 
  3.817635345e+01 
  2.949921227e+01 
  3.410116577e+01 
  3.865839005e+01 
  3.141885567e+01 
  3.479491043e+01 
  2.621082115e+01 
  2.450134468e+01 
  3.005677223e+01 
  3.043971252e+01 
  3.359309387e+01 
  2.852968025e+01 
  2.991054726e+01 
  2.981247330e+01 
  2.659527206e+01 
  3.433864212e+01 
  3.798342896e+01 
  3.594752121e+01 
  3.365529633e+01 
  3.673561096e+01 
  3.733115768e+01 
  3.523119736e+01 
  3.583586121e+01 
  3.254553604e+01 
  3.734557724e+01 
  3.760624313e+01 
  3.532791901e+01 
  2.242334366e+01 
  2.420840836e+01 
  2.419631577e+01 
  3.565541077e+01 
  2.811493492e+01 
  3.068095016e+01 
  3.245117950e+01 
  3.219566727e+01 
  2.995495224e+01 
  4.086184311e+01 
  3.632759094e+01 
  3.403573227e+01 
  3.252424622e+01 
  3.715954208e+01 
  2.948056602e+01 
  3.082393265e+01 
  3.050742340e+01 
  2.346006584e+01 
  2.133280373e+01 
  3.028624725e+01 
  3.074308777e+01 
  3.942668915e+01 
  3.009317970e+01 
  2.795022011e+01 
  3.112385178e+01 
  2.306800842e+01 
  1.593900394e+01 
  1.737952042e+01 
  2.590130997e+01 
  1.990550232e+01 
  2.261478424e+01 
  2.216472435e+01 
  2.498327065e+01 
  2.995915222e+01 
  3.314511490e+01 
  2.912836647e+01 
  1.544180107e+01 
  1.689675903e+01 
  2.804554176e+01 
  2.854276085e+01 
  1.148612404e+01 
  3.177479362e+01 
  3.767044067e+01 
  3.659214401e+01 
  3.593468094e+01 
  3.762757492e+01 
  3.482043839e+01 
  3.697180557e+01 
  3.350099182e+01 
  3.285258102e+01 
  3.161664009e+01 
  3.384602737e+01 
  3.702035904e+01 
  3.058527946e+01 
  3.549262238e+01 
  3.634315872e+01 
  3.392834854e+01 
  3.290142822e+01 
  3.468279266e+01 
  3.407169342e+01 
  3.265194702e+01 
  3.157025528e+01 
  3.196962738e+01 
  2.674715042e+01 
  3.312543488e+01 
  3.137662315e+01 
  2.619625854e+01 
  2.848554993e+01 
  2.916545296e+01 
  2.771708870e+01 
  2.635839653e+01 
  2.638762474e+01 
  2.373502350e+01 
  1.872639465e+01 
  1.664733696e+01 
  2.962946320e+01 
  2.607974625e+01 
  2.451162529e+01 
  2.637201309e+01 
  2.891897774e+01 
  2.887588120e+01 
  2.558221054e+01 
  2.448392487e+01 
  2.714151382e+01 
  2.675855255e+01 
  2.787567329e+01 
  2.775777054e+01 
  2.727923775e+01 
  2.838489342e+01 
  2.499426079e+01 
  2.820261002e+01 
  2.837104034e+01 
  2.826587677e+01 
  2.858094978e+01 
  3.056494713e+01 
  2.811625862e+01 
  2.582649612e+01 
  2.724742699e+01 
  2.714951706e+01 
  2.751212883e+01 
  2.737375641e+01 
  2.660882759e+01 
  2.632557678e+01 
  2.582273293e+01 
  2.647914314e+01 
  2.577605057e+01 
  2.551459694e+01 
  2.534644318e+01 
  2.473058701e+01 
  2.526306343e+01 
  2.413169289e+01 
  2.528580284e+01 
  2.480327225e+01 
  2.420586205e+01 
  2.390803337e+01 
  2.394260597e+01 
  2.342399788e+01 
  2.335378647e+01 
  2.402486610e+01 
  2.301867867e+01 
  2.254991531e+01 
  2.342373276e+01 
  2.214588737e+01 
  2.236920547e+01 
  2.202077103e+01 
  2.226767349e+01 
  2.207561874e+01 
  2.101866341e+01 
  2.096456337e+01 
  1.683365822e+01 
  1.874062538e+01 
  2.015530968e+01 
  1.855870819e+01 
  2.092863846e+01 
  1.939342117e+01 
  1.845404625e+01 
  1.968120193e+01 
  1.882790565e+01 
  1.993166733e+01 
  1.921387291e+01 
  1.844851685e+01 
  1.782969856e+01 
  1.760633087e+01 
  1.735164452e+01 
  1.679103279e+01 
  1.651284027e+01 
  1.732137299e+01 
  1.595415401e+01 
  1.703578377e+01 
  1.806903839e+01 
  1.665776062e+01 
  1.582897091e+01 
  1.691332817e+01 
  1.623876762e+01 
  1.609399986e+01 
  1.673591805e+01 
  1.517642975e+01 
  1.472173882e+01 
  1.489194393e+01 
  1.549556065e+01 
  1.130457115e+01 
  1.386121178e+01 
  1.300634480e+01 
  1.418278122e+01 
  1.405495453e+01 
  1.447198963e+01 
  1.335141850e+01 
  1.434645081e+01 
  1.409489918e+01 
  1.330435562e+01 
  1.150950146e+01 
  1.368851566e+01 
  1.394066143e+01 
  1.304545498e+01 
  1.406324959e+01 
  1.328848267e+01 
  1.156617165e+01 
  1.246530342e+01 
  1.260587978e+01 
  1.325818062e+01 
  1.219182110e+01 
  1.264946651e+01 
  1.249629211e+01 
  1.212131500e+01 
  1.101718616e+01 
  1.218173122e+01 
  1.155022526e+01 
  1.207505989e+01 
  1.178962135e+01 
  1.142537117e+01 
  1.180571175e+01 
  1.085748768e+01 
  1.132647514e+01 
  1.098094273e+01 
  1.081744957e+01 
  1.118619156e+01 
  1.065512562e+01 
  1.090845776e+01 
  1.084520340e+01 
  1.045554256e+01 
  1.005748081e+01 
  1.034933090e+01 
  9.697916985e+00 
  9.656176567e+00 
  1.052042484e+01 
  9.571137428e+00 
  9.926546097e+00 
  9.701099396e+00 
  9.728427887e+00 
  8.890437126e+00 
  9.446392059e+00 
  9.319810867e+00 
  9.035638809e+00 
  9.006049156e+00 
  8.621166229e+00 
  9.020247459e+00 
  9.029278755e+00 
  8.905495644e+00 
  8.614741325e+00 
  8.394856453e+00 
  8.686593056e+00 
  8.384009361e+00 
  8.275444031e+00 
  8.520299911e+00 
  8.334188461e+00 
  8.419179916e+00 
  8.432132721e+00 
  8.356935501e+00 
  8.253144264e+00 
  7.850068569e+00 
  8.094776154e+00 
  7.943418026e+00 
  6.970788956e+00 
  7.227019310e+00 
  7.641507626e+00 
  7.434940338e+00 
  7.480149746e+00 
  7.491095543e+00 
  7.283657551e+00 
  7.425108910e+00 
  7.382437706e+00 
  7.181789875e+00 
  7.129768848e+00 
  7.083834648e+00 
  6.990389347e+00 
  6.862187862e+00 
  6.860378265e+00 
  7.037696362e+00 
  6.979042053e+00 
  6.855883598e+00 
  6.775543213e+00 
  6.709334373e+00 
  6.599579811e+00 
  6.454226494e+00 
  6.519788742e+00 
  6.396408081e+00 
  6.265133381e+00 
  6.002578735e+00 
  6.252267361e+00 
  5.908800125e+00 
  5.906023502e+00 
  6.145961761e+00 
  6.050852776e+00 
  6.100908756e+00 
  6.165589333e+00 
  5.801904202e+00 
  5.807950974e+00 
  5.775375366e+00 
  5.581072330e+00 
  5.569196224e+00 
  5.609451294e+00 
  5.415514469e+00 
  5.571151257e+00 
  5.356567860e+00 
  5.536295891e+00 
  5.132785797e+00 
  5.487645626e+00 
  5.305456638e+00 
  5.378276348e+00 
  5.167377472e+00 
  5.315005779e+00 
  5.377311707e+00 
  5.308189392e+00 
  5.118930817e+00 
  5.167528152e+00 
  5.080736160e+00 
  5.137423992e+00 
  5.051925659e+00 
  5.061938763e+00 
  4.833853245e+00 
  4.865901947e+00 
  4.823740005e+00 
  4.897881508e+00 
  4.525821686e+00 
  4.847397804e+00 
  4.715214252e+00 
  4.796915531e+00 
  4.705554962e+00 
  4.550374031e+00 
  3.842866421e+00 
  4.080577374e+00 
  4.524700642e+00 
  4.507733822e+00 
  4.520100594e+00 
  4.521304607e+00 
  4.564114094e+00 
  4.486734390e+00 
  4.392100334e+00 
  4.387201786e+00 
  4.416702747e+00 
  4.306021690e+00 
  4.308120728e+00 
  4.346436501e+00 
  4.271009922e+00 
  4.202901840e+00 
  4.166340828e+00 
  4.173269749e+00 
  4.158549786e+00 
  4.072710514e+00 
  4.126800537e+00 
  4.022257805e+00 
  4.066120148e+00 
  3.986106396e+00 
  3.931746006e+00 
  3.912549019e+00 
  3.882333994e+00 
  3.885498762e+00 
  3.792278051e+00 
  3.815329790e+00 
  3.615761757e+00 
  3.158740520e+00 
  3.264020681e+00 
  3.219244242e+00 
  3.280549288e+00 
  3.366638422e+00 
  3.387916803e+00 
  3.382339716e+00 
  3.377892256e+00 
  3.330157280e+00 
  3.367484331e+00 
  3.426928520e+00 
  3.328982592e+00 
  3.309319496e+00 
  3.261723042e+00 
  3.157814741e+00 
  3.133925200e+00 
  3.209491491e+00 
  3.202913761e+00 
  3.188261986e+00 
  3.140443087e+00 
  3.082645655e+00 
  3.162100554e+00 
  3.048262358e+00 
  3.083778381e+00 
  3.052526712e+00 
  3.007869482e+00 
  2.966012001e+00 
  2.995019436e+00 
  2.855421305e+00 
  2.893987179e+00 
  2.688014746e+00 
  2.591881990e+00 
  2.524252653e+00 
  2.494084120e+00 
  2.630096436e+00 
  2.711594105e+00 
  2.657127142e+00 
  2.568351269e+00 
  2.538653135e+00 
  2.515861988e+00 
  2.551059723e+00 
  2.480272293e+00 
  2.399616241e+00 
  2.468976974e+00 
  2.408324003e+00 
  2.494713545e+00 
  2.497341633e+00 
  2.562704563e+00 
  2.518373251e+00 
  2.440552950e+00 
  2.471846342e+00 
  2.469464302e+00 
  2.383842468e+00 
  2.410465717e+00 
  2.388283968e+00 
  2.340177536e+00 
  2.403130531e+00 
  2.417324781e+00 
  2.345186949e+00 
  2.367811680e+00 
  2.392231703e+00 
  2.338053942e+00 
  2.327260733e+00 
  2.279448271e+00 
  2.261595964e+00 
  2.286488533e+00 
  2.253565073e+00 
  2.277154684e+00 
  2.252207994e+00 
  2.196577311e+00 
  2.200813532e+00 
  2.180397987e+00 
  1.942052722e+00 
  8.832029700e-01 
  7.956356406e-01 
  1.302643418e+00 
  1.153544188e+00 
  1.237139344e+00 
  1.442604184e+00 
  1.611089587e+00 
  1.750141263e+00 
  1.899984837e+00 
  1.946830750e+00 
  1.963554382e+00 
  1.970097542e+00 
  1.955952168e+00 
  1.939565778e+00 
  1.952246666e+00 
  1.870318770e+00 
  1.937942505e+00 
  1.914501190e+00 
  1.894065857e+00 
  1.890047908e+00 
  1.856660724e+00 
  1.844584584e+00 
  1.856817126e+00 
  1.803753853e+00 
  1.803605676e+00 
  1.795895576e+00 
  1.751693249e+00 
  1.762452126e+00 
  1.723212719e+00 
  1.711470842e+00 
  1.684242606e+00 
  1.669200778e+00 
  1.636431932e+00 
  1.631428719e+00 
  1.617264509e+00 
  1.593433261e+00 
  1.595332265e+00 
  1.601803303e+00 
  1.605162501e+00 
  1.593172908e+00 
  1.536338329e+00 
  1.557767153e+00 
  1.546087265e+00 
  1.517246366e+00 
  1.526688457e+00 
  1.484054208e+00 
  1.520738482e+00 
  1.504173994e+00 
  1.484973073e+00 
  1.449559331e+00 
  1.432579041e+00 
  1.441719532e+00 
  1.421019673e+00 
  1.397689223e+00 
  1.375647187e+00 
  1.338297129e+00 
  1.300510764e+00 
  1.302764058e+00 
  1.289852977e+00 
  1.255070925e+00 
  1.245751143e+00 
  1.307233572e+00 
  1.244376659e+00 
  1.204136252e+00 
  1.259228230e+00 
  1.280670762e+00 
  1.277304649e+00 
  1.263051152e+00 
  1.235388637e+00 
  1.235269547e+00 
  1.217115879e+00 
  1.191615939e+00 
  1.210884690e+00 
  1.171621084e+00 
  1.188055992e+00 
  1.193764687e+00 
  1.198846817e+00 
  1.182853818e+00 
  1.185650229e+00 
  1.145560622e+00 
  1.171427250e+00 
  1.166243076e+00 
  1.155578971e+00 
  1.147374034e+00 
  1.125303626e+00 
  1.137994170e+00 
  1.142604351e+00 
  1.099173784e+00 
  1.125126004e+00 
  1.121987820e+00 
  9.646005630e-01 
  1.098713279e+00 
  1.052065849e+00 
  1.060747623e+00 
  8.486466408e-01 
  9.304407835e-01 
  1.051546335e+00 
  1.063906550e+00 
  1.042139530e+00 
  1.038025498e+00 
  1.024275541e+00 
  1.019330621e+00 
  1.011472106e+00 
  1.025944829e+00 
  1.019250154e+00 
  9.956898689e-01 
  8.312683702e-01 
  8.809848428e-01 
  9.509615302e-01 
  9.332497120e-01 
  9.671162367e-01 
  9.612523317e-01 
  9.530211091e-01 
  9.522063732e-01 
  9.268916249e-01 
  9.140436053e-01 
  9.171259999e-01 
  9.309989214e-01 
  9.103800058e-01 
  9.081938267e-01 
  8.984946609e-01 
  8.476235867e-01 
  8.900847435e-01 
  8.659372926e-01 
  8.693248630e-01 
  8.737159371e-01 
  8.405056596e-01 
  8.285514116e-01 
  8.493844271e-01 
  8.513749838e-01 
  8.443957567e-01 
  8.357787132e-01 
  8.265939951e-01 
  7.837432027e-01 
  8.021281362e-01 
  7.465631962e-01 
  7.573531866e-01 
  7.216104269e-01 
  7.127379179e-01 
  6.903607845e-01 
  6.725677252e-01 
  6.507171392e-01 
  6.367538571e-01 
  6.982991695e-01 
  7.245424390e-01 
  7.187135220e-01 
  6.845902801e-01 
  6.726549268e-01 
  6.387718320e-01 
  6.255542636e-01 
  6.320668459e-01 
  6.357676983e-01 
  6.303151846e-01 
  6.247450113e-01 
  6.265239716e-01 
  6.193628907e-01 
  6.260505319e-01 
  6.171677709e-01 
  6.159783006e-01 
  6.374647021e-01 
  6.412377357e-01 
  6.217653155e-01 
  6.132684350e-01 
  5.817435384e-01 
  5.957974792e-01 
  6.003195643e-01 
  5.758319497e-01 
  5.854345560e-01 
  5.726758242e-01 
  5.430027843e-01 
  5.158157945e-01 
  4.885936379e-01 
  4.514093101e-01 
  4.297234714e-01 
  4.038363695e-01 
  3.940067291e-01 
  3.970652223e-01 
  4.022768438e-01 
  4.186071455e-01 
  4.831145704e-01 
  4.886091352e-01 
  4.672616422e-01 
  4.284206331e-01 
  4.180071950e-01 
  4.026603699e-01 
  4.153986275e-01 
  4.199209809e-01 
  4.255493283e-01 
  4.322057366e-01 
  4.310733080e-01 
  4.279525280e-01 
  4.368309677e-01 
  4.210808277e-01 
  4.279746115e-01 
  4.327230752e-01 
  3.946835399e-01 
  4.176095724e-01 
  4.425674975e-01 
  4.478646219e-01 
  4.432476759e-01 
  4.360136986e-01 
  4.273811877e-01 
  4.298072755e-01 
  4.420235455e-01 
  4.373401999e-01 
  4.395048320e-01 
  4.258884788e-01 
  4.474065006e-01 
  4.585343301e-01 
  4.679748714e-01 
  4.678079486e-01 
  4.615217149e-01 
  4.603990912e-01 
  4.488370419e-01 
  4.338498712e-01 
  4.302532077e-01 
  4.385495782e-01 
  4.336779118e-01 
  4.419168234e-01 
  4.294636250e-01 
  4.423308372e-01 
  4.455793798e-01 
  4.408358634e-01 
  4.424510300e-01 
  4.425382912e-01 
  4.433425665e-01 
  4.416195154e-01 
  4.464723766e-01 
  4.395362437e-01 
  4.324110150e-01 
  4.346981049e-01 
  4.378537238e-01 
  4.324283004e-01 
  4.303047657e-01 
  4.320648909e-01 
  4.280671179e-01 
  4.262163937e-01 
  4.243769944e-01 
  4.204631746e-01 
  4.174378514e-01 
  4.126317203e-01 
  4.123474061e-01 
  4.082280397e-01 
  4.022606611e-01 
  3.983255625e-01 
  3.709858656e-01 
  3.890123963e-01 
  3.941577673e-01 
  3.927894533e-01 
  3.869679868e-01 
  3.876677155e-01 
  3.859815598e-01 
  3.853226006e-01 
  3.812017441e-01 
  3.823962510e-01 
  3.738712370e-01 
  3.749473989e-01 
  3.699368536e-01 
  3.729757369e-01 
  3.622847795e-01 
  3.603143990e-01 
  3.629402220e-01 
  3.556265831e-01 
  3.604182601e-01 
  3.567987084e-01 
  3.559071422e-01 
  3.554330766e-01 
  3.516511023e-01 
  3.512529731e-01 
  3.449395895e-01 
  3.474269807e-01 
  3.451411128e-01 
  3.427234888e-01 
  3.351319730e-01 
  3.373960257e-01 
  3.325167000e-01 
  3.354113996e-01 
  3.270131946e-01 
  3.289727271e-01 
  3.289540708e-01 
  3.237160742e-01 
  3.240959346e-01 
  3.237533271e-01 
  3.168985248e-01 
  3.187266588e-01 
  3.159990907e-01 
  3.055115640e-01 
  3.097860217e-01 
  3.114456832e-01 
  3.079976439e-01 
  3.048317730e-01 
  3.035614491e-01 
  3.008293509e-01 
  2.996931672e-01 
  2.952951193e-01 
  2.961342633e-01 
  2.940177321e-01 
  2.920792699e-01 
  2.875373065e-01 
  2.773352563e-01 
  2.861990333e-01 
  2.750456035e-01 
  2.813146412e-01 
  2.752828002e-01 
  2.775404155e-01 
  2.759487331e-01 
  2.664516866e-01 
  2.716012299e-01 
  2.694965899e-01 
  2.482973635e-01 
  2.622838020e-01 
  2.616906464e-01 
  2.614044547e-01 
  2.519350648e-01 
  2.599721849e-01 
  2.514577210e-01 
  2.558718026e-01 
  2.541489601e-01 
  2.536691129e-01 
  2.429671735e-01 
  2.483377010e-01 
  2.383553088e-01 
  2.409703732e-01 
  2.331794649e-01 
  2.406807095e-01 
  2.354176641e-01 
  2.379455119e-01 
  2.239034176e-01 
  2.367298454e-01 
  2.251888067e-01 
  2.289507538e-01 
  2.299275249e-01 
  2.229900807e-01 
  2.177092731e-01 
  1.967517734e-01 
  2.123018205e-01 
  2.107533216e-01 
  2.068355680e-01 
  1.990019083e-01 
  1.944964677e-01 
  1.973739415e-01 
  1.968409121e-01 
  1.876903921e-01 
  1.947837919e-01 
  1.919059753e-01 
  1.890581101e-01 
  1.849497855e-01 
  1.844667941e-01 
  1.834771335e-01 
  1.851133555e-01 
  1.850412339e-01 
  1.810571253e-01 
  1.742444634e-01 
  1.668621302e-01 
  1.662655473e-01 
  1.568829417e-01 
  1.502000988e-01 
  1.421819180e-01 
  1.324969679e-01 
  1.243919730e-01 
  1.195345297e-01 
  1.188245341e-01 
  1.131897792e-01 
  1.158322394e-01 
  1.173504665e-01 
  1.136225238e-01 
  1.107054278e-01 
  1.144372746e-01 
  1.126888171e-01 
  1.174897626e-01 
  1.280731261e-01 
  1.322491169e-01 
  1.276102960e-01 
  1.163004190e-01 
  1.015555039e-01 
  1.034909114e-01 
  1.168174520e-01 
  1.257862598e-01 
  1.286190748e-01 
  1.336279064e-01 
  1.319950968e-01 
  1.248542294e-01 
  1.267236918e-01 
  1.208179519e-01 
  1.160845608e-01 
  1.114277169e-01 
  1.133503467e-01 
  1.174013764e-01 
  1.193992347e-01 
  1.208018884e-01 
  1.199884489e-01 
  1.214188039e-01 
  1.218644083e-01 
  1.228277758e-01 
  1.226374954e-01 
  1.260363460e-01 
  1.273348927e-01 
  1.353914142e-01 
  1.381629854e-01 
  1.385056227e-01 
  1.374144256e-01 
  1.367280185e-01 
  1.433265209e-01 
  1.460221708e-01 
  1.431437731e-01 
  1.456743926e-01 
  1.419703513e-01 
  1.441408694e-01 
  1.447733045e-01 
  1.396450400e-01 
  1.432541609e-01 
  1.443390697e-01 
  1.428525895e-01 
  1.408685893e-01 
  1.404832602e-01 
  1.397362351e-01 
  1.371580511e-01 
  1.402884722e-01 
  1.362287700e-01 
  1.351658851e-01 
  1.361449659e-01 
  1.339130104e-01 
  1.325761974e-01 
  1.245436147e-01 
  1.303308308e-01 
  1.331021190e-01 
  1.314146668e-01 
  1.295315772e-01 
  1.281002164e-01 
  1.210673600e-01 
  1.289287806e-01 
  1.312283128e-01 
  1.311297417e-01 
  1.305095553e-01 
  1.296679527e-01 
  1.267761737e-01 
  1.264040470e-01 
  1.254703850e-01 
  1.207368523e-01 
  1.153188497e-01 
  1.225187331e-01 
  1.230221987e-01 
  1.226379722e-01 
  1.157758906e-01 
  1.173461378e-01 
  1.212462485e-01 
  1.209108531e-01 
  1.216717735e-01 
  1.193505973e-01 
  1.112129316e-01 
  1.181177646e-01 
  1.137555316e-01 
  1.171270907e-01 
  1.178738624e-01 
  1.168835312e-01 
  1.171183437e-01 
  1.171699092e-01 
  1.171676144e-01 
  1.165152714e-01 
  1.150556952e-01 
  1.155060828e-01 
  1.150531322e-01 
  1.141392216e-01 
  1.132871136e-01 
  1.143040210e-01 
  1.134133264e-01 
  1.135798767e-01 
  1.096033454e-01 
  1.129251048e-01 
  1.126219705e-01 
  1.120758727e-01 
  1.118039116e-01 
  1.101920903e-01 
  1.107004657e-01 
  1.101575047e-01 
  1.091026440e-01 
  1.094376221e-01 
  1.091376916e-01 
  1.086990237e-01 
  1.070869789e-01 
  1.061980799e-01 
  1.067023575e-01 
  1.056366935e-01 
  1.040555611e-01 
  1.026157960e-01 
  1.039322913e-01 
  1.026680991e-01 
  1.016508117e-01 
  1.019809544e-01 
  1.011496484e-01 
  1.002720743e-01 
  9.906291962e-02 
  9.823858738e-02 
  9.690471739e-02 
  9.647531062e-02 
  9.569448233e-02 
  9.488350898e-02 
  9.308774769e-02 
  9.251135588e-02 
  9.056565911e-02 
  8.972424269e-02 
  8.854278922e-02 
  8.505766839e-02 
  8.526740223e-02 
  8.330130577e-02 
  8.304204792e-02 
  8.280210942e-02 
  8.041995764e-02 
  7.872528583e-02 
  7.893372327e-02 
  8.124025166e-02 
  8.229227364e-02 
  8.248519152e-02 
  8.274576813e-02 
  8.269423246e-02 
  8.335030079e-02 
  8.356218785e-02 
  8.353618532e-02 
  8.337580413e-02 
  8.281823248e-02 
  8.247846365e-02 
  8.026751876e-02 
  7.136230916e-02 
  7.835491002e-02 
  8.147683740e-02 
  8.199898154e-02 
  8.169065416e-02 
  8.179106563e-02 
  8.028487861e-02 
  8.033572137e-02 
  7.827574760e-02 
  7.928196341e-02 
  7.977429777e-02 
  7.968416810e-02 
  7.787995785e-02 
  7.797415555e-02 
  7.727407664e-02 
  7.615393400e-02 
  7.524932176e-02 
  7.577672601e-02 
  7.519996166e-02 
  7.475785166e-02 
  7.329358160e-02 
  7.181358337e-02 
  7.133565098e-02 
  7.141906768e-02 
  7.114627957e-02 
  7.052076608e-02 
  6.975609064e-02 
  6.878814846e-02 
  6.821147352e-02 
  6.780011952e-02 
  6.654600054e-02 
  6.276801229e-02 
  6.393674761e-02 
  6.195946038e-02 
  6.379199028e-02 
  6.425208598e-02 
  6.224624813e-02 
  6.159105524e-02 
  5.949171260e-02 
  5.851238966e-02 
  5.915838480e-02 
  6.013845280e-02 
  6.053127348e-02 
  5.985959247e-02 
  5.844236538e-02 
  5.577917397e-02 
  5.362888426e-02 
  4.800697044e-02 
  4.735501856e-02 
  4.661520943e-02 
  4.569577053e-02 
  4.748420790e-02 
  4.840446264e-02 
  4.903007299e-02 
  4.862961918e-02 
  4.880204424e-02 
  4.913933575e-02 
  4.874643311e-02 
  4.870423675e-02 
  4.912788048e-02 
  4.892549291e-02 
  4.729684442e-02 
  4.525551572e-02 
  4.079958797e-02 
  3.758249432e-02 
  3.599441797e-02 
  3.357414156e-02 
  3.250090033e-02 
  3.012563661e-02 
  2.903773449e-02 
  2.776721120e-02 
  2.601611055e-02 
  2.504147589e-02 
  2.395029552e-02 
  2.302443236e-02 
  2.187914588e-02 
  2.143799141e-02 
  2.018629573e-02 
  1.910945401e-02 
  1.903491840e-02 
  1.877539605e-02 
  1.896367781e-02 
  1.937912218e-02 
  1.935261488e-02 
  1.953912713e-02 
  1.899766736e-02 
  1.884666458e-02 
  1.848180778e-02 
  1.917967573e-02 
  2.026920393e-02 
  2.187461406e-02 
  2.280317992e-02 
  2.342922986e-02 
  2.323564701e-02 
  2.266930975e-02 
  2.250688151e-02 
  2.153010480e-02 
  2.069785818e-02 
  1.923553273e-02 
  1.827160455e-02 
  1.743225940e-02 
  1.750904135e-02 
  1.817996986e-02 
  1.858290844e-02 
  1.953605190e-02 
  2.066767588e-02 
  2.157310024e-02 
  2.197460085e-02 
  2.161927521e-02 
  2.157228440e-02 
  2.061563171e-02 
  1.977332495e-02 
  1.892393082e-02 
  1.912047528e-02 
  1.996579953e-02 
  2.060008608e-02 
  2.061710134e-02 
  2.028604411e-02 
  1.956754364e-02 
  1.969574392e-02 
  2.053300291e-02 
  2.075305954e-02 
  2.040293813e-02 
  2.045526728e-02 
  2.018642984e-02 
  2.021452039e-02 
  2.068172209e-02 
  2.127060480e-02 
  2.198727056e-02 
  2.276047319e-02 
  2.183056623e-02 
  2.254696190e-02 
  2.265094221e-02 
  2.307498083e-02 
  2.336281538e-02 
  2.358671464e-02 
  2.357913554e-02 
  2.326303534e-02 
  2.329875343e-02 
  2.429765835e-02 
  2.401070669e-02 
  2.393980138e-02 
  2.386312373e-02 
  2.404617332e-02 
  2.304021455e-02 
  2.363386564e-02 
  2.428902872e-02 
  2.386421897e-02 
  2.309110388e-02 
  2.226140909e-02 
  2.221937291e-02 
  2.216175012e-02 
  2.154202759e-02 
  2.216674760e-02 
  2.227797173e-02 
  2.237772010e-02 
  2.271877043e-02 
  2.302549966e-02 
  2.176946588e-02 
  2.296266332e-02 
  2.227705345e-02 
  2.259780653e-02 
  2.282951027e-02 
  2.277445979e-02 
  2.328978293e-02 
  2.343970723e-02 
  2.363129333e-02 
  2.340943180e-02 
  2.289729752e-02 
  2.285497636e-02 
  2.303812653e-02 
  2.432857268e-02 
  2.532423846e-02 
  2.558616735e-02 
  2.613556199e-02 
  2.640901133e-02 
  2.680818550e-02 
  2.636858821e-02 
  2.545457333e-02 
  2.510879375e-02 
  2.421642840e-02 
  2.398545854e-02 
  2.375130355e-02 
  2.357694879e-02 
  2.248241380e-02 
  2.264648862e-02 
  2.167677507e-02 
  2.131042071e-02 
  2.093395963e-02 
  2.113410085e-02 
  2.201217599e-02 
  2.328629978e-02 
  2.347363159e-02 
  2.389368601e-02 
  2.386619151e-02 
  2.358165570e-02 
  2.289685979e-02 
  2.273751795e-02 
  2.300641499e-02 
  2.299321070e-02 
  2.365713008e-02 
  2.323270403e-02 
  2.338464558e-02 
  2.370630205e-02 
  2.361954004e-02 
  2.440879866e-02 
  2.133488841e-02 
  2.551726997e-02 
  2.648968063e-02 
  2.722417749e-02 
  2.662209608e-02 
  2.747902833e-02 
  2.734503336e-02 
  2.743853629e-02 
  2.716184221e-02 
  2.776129358e-02 
  2.849554271e-02 
  2.844698913e-02 
  2.921745740e-02 
  2.899613231e-02 
  2.851026133e-02 
  2.542115003e-02 
  2.652909979e-02 
  2.672867663e-02 
  2.702989243e-02 
  2.852101810e-02 
  2.817182988e-02 
  2.840158343e-02 
  2.882904001e-02 
  2.901518345e-02 
  2.848079801e-02 
  2.839649469e-02 
  2.793417498e-02 
  2.850417979e-02 
  2.819832414e-02 
  2.804508246e-02 
  2.866491117e-02 
  2.837376855e-02 
  2.874296717e-02 
  2.826312743e-02 
  2.802645788e-02 
  2.867051028e-02 
  2.833589353e-02 
  2.757253684e-02 
  2.828017250e-02 
  2.795109339e-02 
  2.811746299e-02 
  2.795475908e-02 
  2.612482570e-02 
  2.786153369e-02 
  2.763258107e-02 
  2.743351273e-02 
  2.696110867e-02 
  2.701791003e-02 
  2.730830386e-02 
  2.736408450e-02 
  2.657953836e-02 
  2.708883770e-02 
  2.604670078e-02 
  2.653653733e-02 
  2.662470564e-02 
  2.650251426e-02 
  2.680142783e-02 
  2.686370723e-02 
  2.681668848e-02 
  2.650910802e-02 
  2.567253634e-02 
  2.626194246e-02 
  2.605358325e-02 
  2.585267834e-02 
  2.622944303e-02 
  2.603018098e-02 
  2.500522509e-02 
  2.536047809e-02 
  2.481190301e-02 
  2.555887960e-02 
  2.529158629e-02 
  2.522430569e-02 
  2.472452633e-02 
  2.523273416e-02 
  2.515616268e-02 
  2.469178289e-02 
  2.409356460e-02 
  2.434816398e-02 
  2.382535115e-02 
  2.363155037e-02 
  2.290147729e-02 
  2.273350582e-02 
  2.195736766e-02 
  2.248805016e-02 
  2.238459326e-02 
  2.200864628e-02 
  2.208103053e-02 
  2.048864216e-02 
  2.195538208e-02 
  1.979209669e-02 
  2.162825689e-02 
  2.173830383e-02 
  2.220171876e-02 
  2.199850418e-02 
  2.159114555e-02 
  2.188945562e-02 
  2.171693742e-02 
  2.236348391e-02 
  2.202663757e-02 
  2.177694067e-02 
  2.140020393e-02 
  1.954600774e-02 
  2.100540325e-02 
  2.048411034e-02 
  2.150753699e-02 
  2.189920470e-02 
  2.165480703e-02 
  2.165493369e-02 
  2.023391053e-02 
  2.086271718e-02 
  2.099858969e-02 
  2.002185211e-02 
  2.013455518e-02 
  1.923849247e-02 
  1.963158324e-02 
  1.947882958e-02 
  1.975203305e-02 
  1.941116340e-02 
  1.931522228e-02 
  1.932576485e-02 
  1.948229596e-02 
  1.935888268e-02 
  1.813210547e-02 
  1.870234683e-02 
  1.894236729e-02 
  1.942014880e-02 
  1.918157563e-02 
  1.953094266e-02 
  1.832409017e-02 
  1.888048463e-02 
  1.942027360e-02 
  1.937404461e-02 
  1.889508963e-02 
  1.859753393e-02 
  1.901829801e-02 
  1.938120462e-02 
  1.948209852e-02 
  1.897733286e-02 
  1.913680136e-02 
  1.906920411e-02 
  1.916272752e-02 
  1.910079084e-02 
  1.851725392e-02 
  1.876040176e-02 
  1.869394258e-02 
  1.839608327e-02 
  1.788922027e-02 
  1.832360961e-02 
  1.820884086e-02 
  1.730752923e-02 
  1.713904925e-02 
  1.687095128e-02 
  1.689650491e-02 
  1.672805101e-02 
  1.666602865e-02 
  1.704808511e-02 
  1.674285531e-02 
  1.673155837e-02 
  1.689115725e-02 
  1.700655371e-02 
  1.688722707e-02 
  1.646068320e-02 
  1.683672331e-02 
  1.642801054e-02 
  1.672578603e-02 
  1.652768068e-02 
  1.667237841e-02 
  1.633089781e-02 
  1.662918180e-02 
  1.646827348e-02 
  1.654070802e-02 
  1.620534435e-02 
  1.634967700e-02 
  1.637311094e-02 
  1.619970240e-02 
  1.604003645e-02 
  1.591205038e-02 
  1.571233384e-02 
  1.561069023e-02 
  1.575163566e-02 
  1.544746105e-02 
  1.545341220e-02 
  1.576610841e-02 
  1.562936604e-02 
  1.485387888e-02 
  1.523922477e-02 
  1.527699456e-02 
  1.509857643e-02 
  1.481905486e-02 
  1.485828031e-02 
  1.489636861e-02 
  1.465746854e-02 
  1.412132755e-02 
  1.360090263e-02 
  1.395997498e-02 
  1.426832471e-02 
  1.449758001e-02 
  1.450268645e-02 
  1.429433189e-02 
  1.432807464e-02 
  1.430037152e-02 
  1.409459300e-02 
  1.404635608e-02 
  1.419437677e-02 
  1.418647543e-02 
  1.410312299e-02 
  1.405027509e-02 
  1.402059104e-02 
  1.390524488e-02 
  1.378615946e-02 
  1.383732259e-02 
  1.371579058e-02 
  1.351228170e-02 
  1.350551285e-02 
  1.342910994e-02 
  1.312308200e-02 
  1.332418714e-02 
  1.335302088e-02 
  1.315196510e-02 
  1.308644004e-02 
  1.269451436e-02 
  1.289614011e-02 
  1.300605480e-02 
  1.198950317e-02 
  1.279576402e-02 
  1.282746159e-02 
  1.279951353e-02 
  1.277758088e-02 
  1.268194988e-02 
  1.253449731e-02 
  1.243844815e-02 
  1.251042169e-02 
  1.218864135e-02 
  1.198164746e-02 
  1.215027831e-02 
  1.150813140e-02 
  1.165395137e-02 
  1.179658435e-02 
  1.189592853e-02 
  1.181055326e-02 
  1.152435131e-02 
  1.173487306e-02 
  1.173010748e-02 
  1.152976789e-02 
  1.136826724e-02 
  1.061920915e-02 
  1.079762354e-02 
  1.083048806e-02 
  1.028104872e-02 
  1.011826284e-02 
  1.058697049e-02 
  1.072622649e-02 
  1.073497068e-02 
  1.046114974e-02 
  1.076504495e-02 
  1.056001149e-02 
  1.067995373e-02 
  1.034412067e-02 
  1.039068587e-02 
  1.011327747e-02 
  1.046313718e-02 
  1.035996526e-02 
  1.031098142e-02 
  1.012116019e-02 
  1.016946230e-02 
  1.017000992e-02 
  1.015010849e-02 
  9.963863529e-03 
  1.004840620e-02 
  1.003264543e-02 
  9.934495203e-03 
  9.952553548e-03 
  9.855394252e-03 
  9.643000551e-03 
  9.382322431e-03 
  9.451922961e-03 
  9.218678810e-03 
  9.358189069e-03 
  9.281507693e-03 
  9.260952473e-03 
  9.107638150e-03 
  9.150285274e-03 
  8.977251127e-03 
  8.972608484e-03 
  8.938754909e-03 
  8.918399923e-03 
  8.672945201e-03 
  8.404628374e-03 
  8.362572640e-03 
  8.098552004e-03 
  7.941770367e-03 
  8.003568277e-03 
  7.922063582e-03 
  7.890700363e-03 
  7.769215386e-03 
  7.616068702e-03 
  7.605336607e-03 
  7.554288488e-03 
  7.591472939e-03 
  7.635478862e-03 
  7.590542082e-03 
  7.338923402e-03 
  7.266492583e-03 
  7.058472373e-03 
  6.932813209e-03 
  6.682804786e-03 
  6.434127223e-03 
  6.472808775e-03 
  6.223713048e-03 
  5.965480581e-03 
  5.973245949e-03 
  5.661548115e-03 
  5.619355477e-03 
  5.260184407e-03 
  5.072480068e-03 
  5.037929863e-03 
  5.090016872e-03 
  5.055416375e-03 
  4.907813855e-03 
  4.823594354e-03 
  4.756770097e-03 
  4.612841643e-03 
  4.414316267e-03 
  4.397744313e-03 
  4.226630554e-03 
  4.225814715e-03 
  4.097622819e-03 
  3.860480851e-03 
  3.798605874e-03 
  3.599512391e-03 
  3.349434119e-03 
  3.493620083e-03 
  3.537241602e-03 
  3.554378403e-03 
  3.497390775e-03 
  3.435139311e-03 
  3.516670782e-03 
  3.319001058e-03 
  3.328072838e-03 
  3.212877782e-03 
  3.175506834e-03 
  2.932668431e-03 
  2.893445082e-03 
  2.878792118e-03 
  2.803449053e-03 
  2.694334136e-03 
  2.681120066e-03 
  2.518494613e-03 
  2.516526496e-03 
  2.467365703e-03 
  2.380413469e-03 
  2.476435155e-03 
  2.488421043e-03 
  2.535335720e-03 
  2.558388747e-03 
  2.469115192e-03 
  2.600092441e-03 
  2.582997782e-03 
  2.554511419e-03 
  2.364622662e-03 
  2.428570064e-03 
  2.460693242e-03 
  2.474142937e-03 
  2.454620786e-03 
  2.433699090e-03 
  2.372784540e-03 
  2.407821361e-03 
  2.406297484e-03 
  2.318858868e-03 
  2.406350337e-03 
  2.438750118e-03 
  2.484364901e-03 
  2.448198618e-03 
  2.563268179e-03 
  2.536624204e-03 
  2.543687588e-03 
  2.511222148e-03 
  2.514444524e-03 
  2.354781143e-03 
  2.309621079e-03 
  2.136242576e-03 
  2.181427553e-03 
  2.017239342e-03 
  1.927003032e-03 
  1.906065037e-03 
  1.909710118e-03 
  1.901607262e-03 
  1.856587362e-03 
  1.721651293e-03 
  2.160796663e-03 
  2.328688512e-03 
  2.372216433e-03 
  2.384759020e-03 
  2.450674074e-03 
  2.491384977e-03 
  2.506884979e-03 
  2.513112500e-03 
  2.492954023e-03 
  2.405525651e-03 
  2.518465510e-03 
  2.477952279e-03 
  2.431513043e-03 
  2.334527206e-03 
  2.408260712e-03 
  2.328811912e-03 
  2.228684025e-03 
  2.313088626e-03 
  2.251449740e-03 
  2.156091388e-03 
  2.140915720e-03 
  2.096967073e-03 
  2.058692742e-03 
  2.030706033e-03 
  2.042911714e-03 
  2.007924020e-03 
  2.017382765e-03 
  1.994259423e-03 
  2.068312606e-03 
  2.071628114e-03 
  2.125506522e-03 
  2.080754377e-03 
  2.115704119e-03 
  2.113446128e-03 
  2.104887972e-03 
  2.038348699e-03 
  2.136553172e-03 
  2.182874596e-03 
  2.163440920e-03 
  2.241095761e-03 
  2.247635508e-03 
  2.296230290e-03 
  2.281266497e-03 
  2.261865651e-03 
  2.347378992e-03 
  2.386663808e-03 
  2.355125733e-03 
  2.396264812e-03 
  2.379609738e-03 
  2.387276152e-03 
  2.390115522e-03 
  2.360772341e-03 
  2.312506549e-03 
  2.398918848e-03 
  2.398281125e-03 
  2.466703998e-03 
  2.419525990e-03 
  2.511866158e-03 
  2.524478361e-03 
  2.553186379e-03 
  2.547225682e-03 
  2.588246018e-03 
  2.467598766e-03 
  2.543403069e-03 
  2.562514506e-03 
  2.574137179e-03 
  2.493198728e-03 
  2.369374037e-03 
  2.221414587e-03 
  2.355456352e-03 
  2.497038571e-03 
  2.502937801e-03 
  2.528352430e-03 
  2.416197443e-03 
  2.341145650e-03 
  2.313370816e-03 
  2.370608272e-03 
  2.313628094e-03 
  2.305848524e-03 
  2.256736625e-03 
  2.318438841e-03 
  2.324422123e-03 
  2.421960467e-03 
  2.398713958e-03 
  2.526199212e-03 
  2.470825333e-03 
  2.561122645e-03 
  2.558778739e-03 
  2.782847499e-03 
  2.709252294e-03 
  2.916791011e-03 
  2.919612685e-03 
  3.070289036e-03 
  3.090994200e-03 
  3.232475836e-03 
  3.202110063e-03 
  3.181550186e-03 
  3.262112848e-03 
  3.438678803e-03 
  3.435524879e-03 
  3.513145028e-03 
  3.327432554e-03 
  3.584805876e-03 
  3.466280643e-03 
  3.582495963e-03 
  3.606915241e-03 
  3.640843323e-03 
  3.594839480e-03 
  3.608860075e-03 
  3.529548179e-03 
  3.543420695e-03 
  3.633365734e-03 
  3.604503348e-03 
  3.586933017e-03 
  3.537112148e-03 
  3.481234889e-03 
  3.304621903e-03 
  3.324596211e-03 
  3.152586287e-03 
  3.145788331e-03 
  2.720174612e-03 
  2.663313411e-03 
  2.253980143e-03 
  2.250577789e-03 
  1.866020961e-03 
  1.865311642e-03 
  1.652471954e-03 
  1.647945377e-03 
  1.658397960e-03 
  1.612140564e-03 
  1.719327876e-03 
  1.714717480e-03 
  1.766643720e-03 
  1.766391564e-03 
  1.785078552e-03 
  1.779483282e-03 
  1.813605661e-03 
  1.792272902e-03 
  1.872746507e-03 
  1.866064034e-03 
  2.004876500e-03 
  2.005651593e-03 
  2.221229253e-03 
  2.200285438e-03 
  2.342069289e-03 
  2.419839613e-03 
  2.651466522e-03 
  2.648741007e-03 
  2.800069517e-03 
  2.819917398e-03 
  2.934376476e-03 
  2.938887803e-03 
  2.975379350e-03 
  2.934825839e-03 
  3.011455759e-03 
  3.055727342e-03 
  3.103585448e-03 
  3.095073160e-03 
  3.006587969e-03 
  3.071077634e-03 
  3.092234954e-03 
  2.920637140e-03 
  3.013713984e-03 
  3.032268025e-03 
  2.996635623e-03 
  2.962960862e-03 
  2.919327002e-03 
  2.913121833e-03 
  2.802787814e-03 
  2.795425942e-03 
  2.774866298e-03 
  2.611725591e-03 
  2.620931016e-03 
  2.442725934e-03 
  2.424481791e-03 
  2.311634133e-03 
  2.274682978e-03 
  2.268192824e-03 
  2.280991524e-03 
  2.309411531e-03 
  2.296053106e-03 
  2.343215747e-03 
  2.339496743e-03 
  2.345201327e-03 
  2.278695581e-03 
  2.339880448e-03 
  2.326684538e-03 
  2.183219651e-03 
  2.306750743e-03 
  2.305128146e-03 
  2.314737067e-03 
  2.290703589e-03 
  2.339755651e-03 
  2.256938256e-03 
  2.411851892e-03 
  2.379635349e-03 
  2.505217912e-03 
  2.496655565e-03 
  2.571265912e-03 
  2.563407412e-03 
  2.614376368e-03 
  2.608756768e-03 
  2.560439752e-03 
  2.618906554e-03 
  2.588426461e-03 
  2.625174122e-03 
  2.574398415e-03 
  2.593918703e-03 
  2.610535128e-03 
  2.632139483e-03 
  2.625840716e-03 
  2.644199179e-03 
  2.642878331e-03 
  2.650761511e-03 
  2.625924069e-03 
  2.520904876e-03 
  2.612299751e-03 
  2.631866373e-03 
  2.547633834e-03 
  2.619331004e-03 
  2.609130694e-03 
  2.600606298e-03 
  2.607288538e-03 
  2.609247807e-03 
  2.604364417e-03 
  2.617169172e-03 
  2.572356723e-03 
  2.608137438e-03 
  2.601002576e-03 
  2.606957918e-03 
  2.594225341e-03 
  2.587376395e-03 
  2.569247270e-03 
  2.504799981e-03 
  2.558290726e-03 
  2.547554672e-03 
  2.529833000e-03 
  2.532933373e-03 
  2.526869765e-03 
  2.504864475e-03 
  2.441261429e-03 
  2.493027598e-03 
  2.506906400e-03 
  2.442286117e-03 
  2.492493950e-03 
  2.466369653e-03 
  2.463377547e-03 
  2.423387486e-03 
  2.471089596e-03 
  2.481625648e-03 
  2.433853224e-03 
  2.482273150e-03 
  2.472036518e-03 
  2.459643874e-03 
  2.469836036e-03 
  2.460805466e-03 
  2.455482958e-03 
  2.443494741e-03 
  2.442391124e-03 
  2.348831622e-03 
  2.424465260e-03 
  2.419427037e-03 
  2.402812708e-03 
  2.395019401e-03 
  2.392766299e-03 
  2.372843912e-03 
  2.356577897e-03 
  2.337190090e-03 
  2.309602918e-03 
  2.265143674e-03 
  2.283893060e-03 
  2.280648565e-03 
  2.245033858e-03 
  2.238145797e-03 
  2.213670174e-03 
  2.204149030e-03 
  2.179365372e-03 
  2.180477139e-03 
  2.175536472e-03 
  2.173960675e-03 
  2.164403675e-03 
  2.157453913e-03 
  2.143493854e-03 
  2.132763155e-03 
  2.126699314e-03 
  2.094318857e-03 
  2.092645038e-03 
  2.059525577e-03 
  1.987739466e-03 
  1.782227540e-03 
  1.947258017e-03 
  2.005184768e-03 
  2.054669894e-03 
  2.049722942e-03 
  2.063780790e-03 
  2.052365802e-03 
  2.055970719e-03 
  2.044358989e-03 
  2.043089131e-03 
  2.026828239e-03 
  2.004040405e-03 
  2.014946425e-03 
  1.933486201e-03 
  2.007845789e-03 
  2.000996610e-03 
  1.978317741e-03 
  1.926021767e-03 
  1.970012439e-03 
  1.971390564e-03 
  1.971117221e-03 
  1.964908559e-03 
  1.911811880e-03 
  1.898245770e-03 
  1.917760354e-03 
  1.934969798e-03 
  1.926168101e-03 
  1.897339709e-03 
  1.888939994e-03 
  1.879892661e-03 
  1.850172528e-03 
  1.839553006e-03 
  1.820969745e-03 
  1.815057360e-03 
  1.805027714e-03 
  1.804449596e-03 
  1.798273879e-03 
  1.819110010e-03 
  1.816142933e-03 
  1.807666151e-03 
  1.764595509e-03 
  1.738964347e-03 
  1.828492968e-03 
  1.787458081e-03 
  1.843703329e-03 
  1.838735770e-03 
  1.829533256e-03 
  1.826260472e-03 
  1.815648866e-03 
  1.811586902e-03 
  1.793126226e-03 
  1.763979788e-03 
  1.781508443e-03 
  1.783978660e-03 
  1.774213044e-03 
  1.767956419e-03 
  1.757766469e-03 
  1.752843265e-03 
  1.745361835e-03 
  1.732507139e-03 
  1.699522953e-03 
  1.701307716e-03 
  1.695962041e-03 
  1.708125696e-03 
  1.685216906e-03 
  1.684754621e-03 
  1.681648893e-03 
  1.672651153e-03 
  1.666534576e-03 
  1.653521904e-03 
  1.643902273e-03 
  1.641716692e-03 
  1.619143644e-03 
  1.582321245e-03 
  1.598426374e-03 
  1.611312036e-03 
  1.604955760e-03 
  1.574652386e-03 
  1.583781908e-03 
  1.580458134e-03 
  1.574258902e-03 
  1.570025808e-03 
  1.523479586e-03 
  1.552431262e-03 
  1.534802606e-03 
  1.530270209e-03 
  1.530024456e-03 
  1.503708074e-03 
  1.463531866e-03 
  1.491168048e-03 
  1.477282261e-03 
  1.474615419e-03 
  1.470340881e-03 
  1.469387091e-03 
  1.455563004e-03 
  1.445866888e-03 
  1.446064329e-03 
  1.392863924e-03 
  1.441551838e-03 
  1.430489938e-03 
  1.409927732e-03 
  1.419899403e-03 
  1.418070402e-03 
  1.412312617e-03 
  1.405641437e-03 
  1.391417347e-03 
  1.401808928e-03 
  1.397526357e-03 
  1.390908030e-03 
  1.367858611e-03 
  1.383191673e-03 
  1.381008071e-03 
  1.378318295e-03 
  1.371631632e-03 
  1.365085365e-03 
  1.295380294e-03 
  1.335151726e-03 
  1.336753252e-03 
  1.331823994e-03 
  1.324690878e-03 
  1.319578267e-03 
  1.319918432e-03 
  1.313027809e-03 
  1.296535484e-03 
  1.294223592e-03 
  1.272789203e-03 
  1.276840456e-03 
  1.272095600e-03 
  1.200097380e-03 
  1.229738467e-03 
  1.222743071e-03 
  1.198864775e-03 
  1.223331550e-03 
  1.225250424e-03 
  1.219854923e-03 
  1.216806821e-03 
  1.230993541e-03 
  1.225206302e-03 
  1.219033380e-03 
  1.233978430e-03 
  1.233131392e-03 
  1.234205207e-03 
  1.231865957e-03 
  1.221852843e-03 
  1.212783041e-03 
  1.214475371e-03 
  1.206698362e-03 
  1.189455041e-03 
  1.180471620e-03 
  1.133959391e-03 
  1.148569514e-03 
  1.135433908e-03 
  1.157372375e-03 
  1.150739728e-03 
  1.128889853e-03 
  1.134519582e-03 
  1.131678466e-03 
  1.079387730e-03 
  1.107447199e-03 
  1.114564948e-03 
  1.103154267e-03 
  1.122167450e-03 
  1.127740834e-03 
  1.115901978e-03 
  1.112065511e-03 
  1.105096773e-03 
  1.092888182e-03 
  1.090254518e-03 
  1.066317782e-03 
  1.049367245e-03 
  1.054924214e-03 
  1.036635251e-03 
  1.029512030e-03 
  1.001153374e-03 
  1.011682209e-03 
  1.011169632e-03 
  9.982369374e-04 
  9.918257128e-04 
  9.872467490e-04 
  9.773988277e-04 
  9.780598339e-04 
  9.706657729e-04 
  9.681004449e-04 
  9.710757295e-04 
  9.632760775e-04 
  9.689270519e-04 
  9.522477631e-04 
  9.247159469e-04 
  9.471470257e-04 
  9.563191561e-04 
  9.676725604e-04 
  9.582100902e-04 
  9.567810339e-04 
  9.732813342e-04 
  9.724679403e-04 
  9.637012263e-04 
  9.500524029e-04 
  9.471084923e-04 
  9.479539003e-04 
  9.216014296e-04 
  9.219376952e-04 
  8.929354954e-04 
  8.869537269e-04 
  8.769797860e-04 
  8.568942430e-04 
  8.653675322e-04 
  8.641812019e-04 
  8.662747568e-04 
  8.225925267e-04 
  8.484828868e-04 
  8.661203901e-04 
  8.618785068e-04 
  8.578884881e-04 
  8.695326396e-04 
  8.652518736e-04 
  8.610066143e-04 
  8.616420673e-04 
  8.189270156e-04 
  8.174419636e-04 
  8.223827463e-04 
  8.270213148e-04 
  8.184131002e-04 
  8.389588329e-04 
  8.345331880e-04 
  8.451854810e-04 
  8.423057152e-04 
  8.384929970e-04 
  8.344236412e-04 
  8.438501973e-04 
  8.349975687e-04 
  8.350803982e-04 
  8.375854813e-04 
  8.302278584e-04 
  8.299872861e-04 
  8.208596264e-04 
  8.166609914e-04 
  8.194475085e-04 
  8.120980347e-04 
  7.973331958e-04 
  8.012573817e-04 
  7.882986683e-04 
  7.786783972e-04 
  7.787430077e-04 
  7.749468205e-04 
  7.607849548e-04 
  7.602337864e-04 
  7.580237580e-04 
  7.458669716e-04 
  7.187094307e-04 
  7.159788511e-04 
  6.917492719e-04 
  7.217665552e-04 
  7.268449990e-04 
  7.496582111e-04 
  7.404101198e-04 
  7.432380808e-04 
  7.543284446e-04 
  7.477852050e-04 
  7.487697294e-04 
  7.464354858e-04 
  7.546098204e-04 
  7.450120174e-04 
  7.430539699e-04 
  7.468356052e-04 
  7.411394618e-04 
  7.303923485e-04 
  7.337061106e-04 
  7.297917036e-04 
  7.043218939e-04 
  6.954540731e-04 
  7.137309294e-04 
  7.078794879e-04 
  6.897514686e-04 
  7.061710930e-04 
  6.916068378e-04 
  6.824495504e-04 
  6.855280953e-04 
  6.623761728e-04 
  6.579934852e-04 
  6.426135078e-04 
  6.230407162e-04 
  6.234439788e-04 
  6.155757001e-04 
  6.145762745e-04 
  6.178640760e-04 
  6.126553635e-04 
  6.113668787e-04 
  6.198764313e-04 
  6.374196964e-04 
  6.298241206e-04 
  6.276974455e-04 
  6.039822474e-04 
  6.351281190e-04 
  6.384704611e-04 
  6.335064536e-04 
  6.220460054e-04 
  6.226521218e-04 
  6.165308296e-04 
  6.064721965e-04 
  6.007280899e-04 
  5.950666964e-04 
  5.794175086e-04 
  5.784212844e-04 
  5.726223462e-04 
  5.251812981e-04 
  5.466998555e-04 
  5.436334759e-04 
  5.336371833e-04 
  5.232741241e-04 
  5.316545139e-04 
  5.037385272e-04 
  5.102815339e-04 
  5.069765029e-04 
  4.662064894e-04 
  4.721924488e-04 
  4.630640324e-04 
  4.471578868e-04 
  4.340060405e-04 
  4.535470216e-04 
  4.354201956e-04 
  4.320528533e-04 
  4.077449266e-04 
  4.250179627e-04 
  4.239923437e-04 
  4.254723026e-04 
  4.232274077e-04 
  4.242268915e-04 
  4.167906591e-04 
  4.249030317e-04 
  4.195258080e-04 
  4.161680990e-04 
  4.244617012e-04 
  4.208408645e-04 
  4.220901174e-04 
  4.162217665e-04 
