  6.513364613e-03 
  2.417225763e-02 
  3.394183889e-02 
  1.277259886e-01 
  1.693599373e-01 
  4.309761822e-01 
  5.624208450e-01 
  1.040245771e+00 
  1.535928845e+00 
  1.852180004e+00 
  2.612169266e+00 
  5.459539413e+00 
  5.295975685e+00 
  7.475927830e+00 
  7.906515598e+00 
  1.080605125e+01 
  8.703632355e+00 
  1.334263992e+01 
  1.347392178e+01 
  1.714846611e+01 
  1.466495895e+01 
  2.189514923e+01 
  1.743316841e+01 
  1.660577202e+01 
  2.236705017e+01 
  2.282722855e+01 
  3.447355652e+01 
  3.507784271e+01 
  2.680838203e+01 
  3.523416138e+01 
  3.681953812e+01 
  2.837043762e+01 
  3.292037201e+01 
  3.734457397e+01 
  3.030488205e+01 
  3.364529037e+01 
  2.536185646e+01 
  2.368394089e+01 
  2.907988930e+01 
  2.947739792e+01 
  3.250816727e+01 
  2.763292503e+01 
  2.898558426e+01 
  2.889175034e+01 
  2.576478958e+01 
  3.329346466e+01 
  3.684031677e+01 
  3.487323380e+01 
  3.265553284e+01 
  3.565378189e+01 
  3.623799515e+01 
  3.420543289e+01 
  3.479518509e+01 
  3.160909081e+01 
  3.627766800e+01 
  3.653664398e+01 
  3.432850266e+01 
  2.179173088e+01 
  2.353050232e+01 
  2.352254295e+01 
  3.466749573e+01 
  2.734131050e+01 
  2.984268570e+01 
  3.157044983e+01 
  3.132726479e+01 
  2.915151024e+01 
  3.977273941e+01 
  3.536487198e+01 
  3.313888168e+01 
  3.167208862e+01 
  3.619144058e+01 
  2.871685219e+01 
  3.002990913e+01 
  2.972596169e+01 
  2.286246109e+01 
  2.079236603e+01 
  2.952307892e+01 
  2.997234726e+01 
  3.844296646e+01 
  2.934597969e+01 
  2.725991440e+01 
  3.035979652e+01 
  2.250527000e+01 
  1.555250454e+01 
  1.696050644e+01 
  2.528031540e+01 
  1.943086243e+01 
  2.207844925e+01 
  2.164187813e+01 
  2.439708138e+01 
  2.925995445e+01 
  3.237565231e+01 
  2.845571899e+01 
  1.508708572e+01 
  1.651065445e+01 
  2.740801239e+01 
  2.789729881e+01 
  1.122771931e+01 
  3.106362152e+01 
  3.683162308e+01 
  3.578147125e+01 
  3.514260864e+01 
  3.680237579e+01 
  3.406064224e+01 
  3.616910553e+01 
  3.277726364e+01 
  3.214638138e+01 
  3.094036865e+01 
  3.312563705e+01 
  3.623626328e+01 
  2.994062805e+01 
  3.474816132e+01 
  3.558452606e+01 
  3.322352219e+01 
  3.222071838e+01 
  3.396881866e+01 
  3.337378311e+01 
  3.198636246e+01 
  3.092972565e+01 
  3.132399940e+01 
  2.620947838e+01 
  3.246260834e+01 
  3.075167084e+01 
  2.567687225e+01 
  2.792332649e+01 
  2.859233093e+01 
  2.717480087e+01 
  2.584492111e+01 
  2.587574577e+01 
  2.327650261e+01 
  1.836611748e+01 
  1.632836723e+01 
  2.906404877e+01 
  2.558407211e+01 
  2.404762077e+01 
  2.587477684e+01 
  2.837587357e+01 
  2.833570671e+01 
  2.510550308e+01 
  2.402944756e+01 
  2.663961983e+01 
  2.626560402e+01 
  2.736404991e+01 
  2.725017738e+01 
  2.678219604e+01 
  2.786953163e+01 
  2.454201508e+01 
  2.769420624e+01 
  2.786169052e+01 
  2.776053238e+01 
  2.807206726e+01 
  3.002285194e+01 
  2.761943817e+01 
  2.537178993e+01 
  2.676941109e+01 
  2.667471123e+01 
  2.703223038e+01 
  2.689752007e+01 
  2.614708900e+01 
  2.586989784e+01 
  2.537687111e+01 
  2.602307510e+01 
  2.533315849e+01 
  2.507727051e+01 
  2.491395569e+01 
  2.431048775e+01 
  2.483579826e+01 
  2.372531891e+01 
  2.486122131e+01 
  2.438768768e+01 
  2.380105400e+01 
  2.350884628e+01 
  2.354326248e+01 
  2.303332138e+01 
  2.296419144e+01 
  2.362358856e+01 
  2.263335991e+01 
  2.217181015e+01 
  2.303180885e+01 
  2.177688026e+01 
  2.199821281e+01 
  2.165707588e+01 
  2.190143967e+01 
  2.171381378e+01 
  2.067516518e+01 
  2.062278366e+01 
  1.656006432e+01 
  1.843712616e+01 
  1.983002663e+01 
  1.826021004e+01 
  2.059315109e+01 
  1.908314514e+01 
  1.815925598e+01 
  1.936729240e+01 
  1.852804756e+01 
  1.961469841e+01 
  1.890807915e+01 
  1.815464783e+01 
  1.754543877e+01 
  1.732536888e+01 
  1.707448578e+01 
  1.652252960e+01 
  1.624849510e+01 
  1.704377747e+01 
  1.569818115e+01 
  1.676213264e+01 
  1.777938461e+01 
  1.639131927e+01 
  1.557634449e+01 
  1.664398384e+01 
  1.598071671e+01 
  1.583867264e+01 
  1.647081375e+01 
  1.493639469e+01 
  1.448924351e+01 
  1.465711021e+01 
  1.525129318e+01 
  1.112625027e+01 
  1.364241219e+01 
  1.280089664e+01 
  1.395859432e+01 
  1.383260822e+01 
  1.424277592e+01 
  1.313966465e+01 
  1.411861229e+01 
  1.387073421e+01 
  1.309249878e+01 
  1.132586765e+01 
  1.346962643e+01 
  1.371724319e+01 
  1.283592701e+01 
  1.383688736e+01 
  1.307419586e+01 
  1.137967205e+01 
  1.226439667e+01 
  1.240284920e+01 
  1.304477882e+01 
  1.199567795e+01 
  1.244602013e+01 
  1.229534435e+01 
  1.192641544e+01 
  1.084004974e+01 
  1.198587418e+01 
  1.136451530e+01 
  1.188082027e+01 
  1.159981441e+01 
  1.124127007e+01 
  1.161532402e+01 
  1.068224239e+01 
  1.114350414e+01 
  1.080331421e+01 
  1.064215088e+01 
  1.100459671e+01 
  1.048183537e+01 
  1.073072052e+01 
  1.066816902e+01 
  1.028452587e+01 
  9.892600060e+00 
  1.017927551e+01 
  9.538192749e+00 
  9.496747017e+00 
  1.034627914e+01 
  9.412203789e+00 
  9.761276245e+00 
  9.539113998e+00 
  9.565428734e+00 
  8.741022110e+00 
  9.286883354e+00 
  9.161382675e+00 
  8.881038666e+00 
  8.851638794e+00 
  8.473217964e+00 
  8.864656448e+00 
  8.872922897e+00 
  8.750952721e+00 
  8.464950562e+00 
  8.248972893e+00 
  8.535935402e+00 
  8.239152908e+00 
  8.133198738e+00 
  8.374848366e+00 
  8.193136215e+00 
  8.277670860e+00 
  8.291199684e+00 
  8.217905045e+00 
  8.116474152e+00 
  7.720551968e+00 
  7.961465359e+00 
  7.812118530e+00 
  6.854187965e+00 
  7.106145859e+00 
  7.514992237e+00 
  7.311348915e+00 
  7.357186317e+00 
  7.367753506e+00 
  7.162921429e+00 
  7.303001881e+00 
  7.260336399e+00 
  7.063094139e+00 
  7.011729240e+00 
  6.966589451e+00 
  6.874378204e+00 
  6.748000622e+00 
  6.746409893e+00 
  6.921274662e+00 
  6.864055157e+00 
  6.743287563e+00 
  6.664614677e+00 
  6.599826813e+00 
  6.492183208e+00 
  6.349524975e+00 
  6.414411068e+00 
  6.293397903e+00 
  6.164593220e+00 
  5.906584263e+00 
  6.152624607e+00 
  5.814947128e+00 
  5.812516212e+00 
  6.048913956e+00 
  5.955523491e+00 
  6.004996300e+00 
  6.068844318e+00 
  5.711017609e+00 
  5.717083931e+00 
  5.685136795e+00 
  5.493971825e+00 
  5.482260227e+00 
  5.521523476e+00 
  5.328582764e+00 
  5.483401775e+00 
  5.272654533e+00 
  5.450233459e+00 
  5.053254128e+00 
  5.403216362e+00 
  5.224585533e+00 
  5.296877384e+00 
  5.089823246e+00 
  5.235847473e+00 
  5.297907352e+00 
  5.230360985e+00 
  5.044412613e+00 
  5.092787743e+00 
  5.007676125e+00 
  5.063738346e+00 
  4.979841709e+00 
  4.989853382e+00 
  4.764835835e+00 
  4.796271801e+00 
  4.754500866e+00 
  4.828253269e+00 
  4.462429047e+00 
  4.779712677e+00 
  4.648908615e+00 
  4.730455399e+00 
  4.640480518e+00 
  4.487367630e+00 
  3.789900303e+00 
  4.024632931e+00 
  4.463111401e+00 
  4.446556091e+00 
  4.459035873e+00 
  4.460587025e+00 
  4.503133774e+00 
  4.426923275e+00 
  4.333793640e+00 
  4.329155922e+00 
  4.358508587e+00 
  4.249517441e+00 
  4.251853943e+00 
  4.289884567e+00 
  4.215636253e+00 
  4.148610115e+00 
  4.112706184e+00 
  4.119729042e+00 
  4.105378628e+00 
  4.020813465e+00 
  4.074382782e+00 
  3.971314430e+00 
  4.014769554e+00 
  3.935895681e+00 
  3.882279396e+00 
  3.863392353e+00 
  3.833697319e+00 
  3.836912155e+00 
  3.744928598e+00 
  3.767880201e+00 
  3.570617676e+00 
  3.112291098e+00 
  3.218756914e+00 
  3.173985958e+00 
  3.235769987e+00 
  3.322405815e+00 
  3.344514608e+00 
  3.339080572e+00 
  3.334524870e+00 
  3.287961245e+00 
  3.325160980e+00 
  3.384960651e+00 
  3.288084030e+00 
  3.267839432e+00 
  3.221042871e+00 
  3.118297338e+00 
  3.094906807e+00 
  3.170314312e+00 
  3.163912058e+00 
  3.149197817e+00 
  3.102066517e+00 
  3.045120955e+00 
  3.123766184e+00 
  3.011571169e+00 
  3.046464443e+00 
  3.015872478e+00 
  2.971992493e+00 
  2.930510283e+00 
  2.959148169e+00 
  2.821002483e+00 
  2.858851194e+00 
  2.653711319e+00 
  2.557709455e+00 
  2.490606070e+00 
  2.460325003e+00 
  2.597176075e+00 
  2.678571939e+00 
  2.624342442e+00 
  2.535279989e+00 
  2.506206512e+00 
  2.483663797e+00 
  2.518644094e+00 
  2.448560238e+00 
  2.369486332e+00 
  2.437916517e+00 
  2.377948523e+00 
  2.464158535e+00 
  2.467574358e+00 
  2.532567978e+00 
  2.488657236e+00 
  2.411536932e+00 
  2.442651987e+00 
  2.440556049e+00 
  2.356051922e+00 
  2.382606506e+00 
  2.360824823e+00 
  2.313337803e+00 
  2.375606775e+00 
  2.389697790e+00 
  2.318438768e+00 
  2.340860844e+00 
  2.365036726e+00 
  2.311546087e+00 
  2.300932646e+00 
  2.253646135e+00 
  2.236023903e+00 
  2.260730028e+00 
  2.228223085e+00 
  2.251585960e+00 
  2.226947308e+00 
  2.171968699e+00 
  2.176175594e+00 
  2.155835867e+00 
  1.918146849e+00 
  8.627015352e-01 
  7.763425708e-01 
  1.279289126e+00 
  1.130774975e+00 
  1.213863134e+00 
  1.418414235e+00 
  1.588761210e+00 
  1.728175759e+00 
  1.877499342e+00 
  1.924672961e+00 
  1.941905499e+00 
  1.948473811e+00 
  1.934526205e+00 
  1.918359876e+00 
  1.930970788e+00 
  1.849990129e+00 
  1.916916370e+00 
  1.893739939e+00 
  1.873525381e+00 
  1.869547606e+00 
  1.836518764e+00 
  1.824604392e+00 
  1.836699724e+00 
  1.784207582e+00 
  1.784038663e+00 
  1.776356697e+00 
  1.732589722e+00 
  1.743192315e+00 
  1.704322815e+00 
  1.692496777e+00 
  1.665554762e+00 
  1.650722623e+00 
  1.618356705e+00 
  1.613496900e+00 
  1.599668264e+00 
  1.575993180e+00 
  1.577593207e+00 
  1.584076047e+00 
  1.587580323e+00 
  1.575685382e+00 
  1.519352794e+00 
  1.540562987e+00 
  1.529002309e+00 
  1.500501633e+00 
  1.509902000e+00 
  1.467848778e+00 
  1.504203200e+00 
  1.487824917e+00 
  1.468797922e+00 
  1.433727264e+00 
  1.416884780e+00 
  1.425825357e+00 
  1.405219197e+00 
  1.381984711e+00 
  1.359975338e+00 
  1.322781086e+00 
  1.285093546e+00 
  1.287335753e+00 
  1.274607062e+00 
  1.240351677e+00 
  1.231492519e+00 
  1.292666793e+00 
  1.230228901e+00 
  1.189614415e+00 
  1.244790554e+00 
  1.266435504e+00 
  1.263042688e+00 
  1.248895526e+00 
  1.221259952e+00 
  1.221246839e+00 
  1.203415513e+00 
  1.178232551e+00 
  1.197304726e+00 
  1.158547997e+00 
  1.174879074e+00 
  1.180677414e+00 
  1.185660243e+00 
  1.169842601e+00 
  1.172682047e+00 
  1.133075714e+00 
  1.158678055e+00 
  1.153506637e+00 
  1.143002391e+00 
  1.134986043e+00 
  1.113199711e+00 
  1.125776172e+00 
  1.130319357e+00 
  1.087371469e+00 
  1.113057613e+00 
  1.109959483e+00 
  9.542443156e-01 
  1.086896420e+00 
  1.040754199e+00 
  1.049379706e+00 
  8.395516872e-01 
  9.204863906e-01 
  1.040295959e+00 
  1.052537799e+00 
  1.031006455e+00 
  1.026970506e+00 
  1.013382673e+00 
  1.008493304e+00 
  1.000735044e+00 
  1.015056133e+00 
  1.008443952e+00 
  9.851425886e-01 
  8.224645257e-01 
  8.716527224e-01 
  9.408892989e-01 
  9.233676791e-01 
  9.568730593e-01 
  9.510738850e-01 
  9.429365396e-01 
  9.421231747e-01 
  9.170724750e-01 
  9.043594003e-01 
  9.073987007e-01 
  9.211231470e-01 
  9.007103443e-01 
  8.985462785e-01 
  8.889433146e-01 
  8.386048675e-01 
  8.806060553e-01 
  8.567246795e-01 
  8.600800037e-01 
  8.644095063e-01 
  8.315361738e-01 
  8.197188377e-01 
  8.403285146e-01 
  8.423064947e-01 
  8.353970647e-01 
  8.268767595e-01 
  8.177347779e-01 
  7.751880288e-01 
  7.932896614e-01 
  7.381134629e-01 
  7.485648990e-01 
  7.130020261e-01 
  7.041209936e-01 
  6.817086339e-01 
  6.641787291e-01 
  6.425281167e-01 
  6.287593842e-01 
  6.900427938e-01 
  7.162643075e-01 
  7.104980350e-01 
  6.765997410e-01 
  6.644854546e-01 
  6.308018565e-01 
  6.177563667e-01 
  6.242189407e-01 
  6.280131340e-01 
  6.225618720e-01 
  6.167789102e-01 
  6.186748147e-01 
  6.117166281e-01 
  6.183551550e-01 
  6.096453667e-01 
  6.085512638e-01 
  6.300399899e-01 
  6.339543462e-01 
  6.146697998e-01 
  6.062685251e-01 
  5.750589371e-01 
  5.888358355e-01 
  5.932897925e-01 
  5.690714121e-01 
  5.784084201e-01 
  5.655647516e-01 
  5.359449983e-01 
  5.087851882e-01 
  4.816462398e-01 
  4.446718991e-01 
  4.231281579e-01 
  3.974936008e-01 
  3.878028095e-01 
  3.908601701e-01 
  3.959814310e-01 
  4.122380614e-01 
  4.764183760e-01 
  4.819680452e-01 
  4.608142674e-01 
  4.223073125e-01 
  4.117561281e-01 
  3.966178894e-01 
  4.092576802e-01 
  4.137232006e-01 
  4.193695486e-01 
  4.259911180e-01 
  4.248735011e-01 
  4.218153656e-01 
  4.307092428e-01 
  4.150448442e-01 
  4.219479561e-01 
  4.267556965e-01 
  3.891606927e-01 
  4.117587805e-01 
  4.367073476e-01 
  4.419935048e-01 
  4.373815358e-01 
  4.302316308e-01 
  4.216888249e-01 
  4.241140187e-01 
  4.363900125e-01 
  4.318040311e-01 
  4.339232743e-01 
  4.204967916e-01 
  4.419239759e-01 
  4.532148540e-01 
  4.626721740e-01 
  4.625166655e-01 
  4.562997818e-01 
  4.551561177e-01 
  4.436482787e-01 
  4.287392199e-01 
  4.251212180e-01 
  4.333986640e-01 
  4.287066460e-01 
  4.368441701e-01 
  4.245670736e-01 
  4.374078512e-01 
  4.406484663e-01 
  4.359347522e-01 
  4.375938177e-01 
  4.377428293e-01 
  4.385746121e-01 
  4.369161725e-01 
  4.417385161e-01 
  4.348814785e-01 
  4.278354049e-01 
  4.301036298e-01 
  4.332429767e-01 
  4.278796315e-01 
  4.257591367e-01 
  4.275153279e-01 
  4.235711992e-01 
  4.217398167e-01 
  4.199148715e-01 
  4.160380065e-01 
  4.130406678e-01 
  4.082884192e-01 
  4.080084860e-01 
  4.039092064e-01 
  3.980105817e-01 
  3.941303790e-01 
  3.670843840e-01 
  3.849223852e-01 
  3.900093734e-01 
  3.886371553e-01 
  3.828528821e-01 
  3.835558891e-01 
  3.819130063e-01 
  3.812705874e-01 
  3.771834970e-01 
  3.783699274e-01 
  3.699350953e-01 
  3.709978163e-01 
  3.660431802e-01 
  3.690494597e-01 
  3.584581614e-01 
  3.565124869e-01 
  3.591191769e-01 
  3.518847525e-01 
  3.566167951e-01 
  3.530295193e-01 
  3.521450460e-01 
  3.516851068e-01 
  3.479379416e-01 
  3.475462794e-01 
  3.413031995e-01 
  3.437695801e-01 
  3.415094614e-01 
  3.391190171e-01 
  3.316080272e-01 
  3.338480592e-01 
  3.290205002e-01 
  3.318803310e-01 
  3.235686719e-01 
  3.255088031e-01 
  3.254866302e-01 
  3.203001022e-01 
  3.206730187e-01 
  3.203328252e-01 
  3.135495484e-01 
  3.153552413e-01 
  3.126493692e-01 
  3.022679687e-01 
  3.064906299e-01 
  3.081223369e-01 
  3.046997786e-01 
  3.015612662e-01 
  3.002989590e-01 
  2.975891531e-01 
  2.964597940e-01 
  2.921003997e-01 
  2.929213047e-01 
  2.908182144e-01 
  2.888868451e-01 
  2.843796611e-01 
  2.742848694e-01 
  2.830473483e-01 
  2.720142603e-01 
  2.782023549e-01 
  2.722297013e-01 
  2.744534910e-01 
  2.728764117e-01 
  2.634849548e-01 
  2.685731947e-01 
  2.665039897e-01 
  2.455447316e-01 
  2.593854666e-01 
  2.588008046e-01 
  2.585182190e-01 
  2.491585761e-01 
  2.571146786e-01 
  2.487081289e-01 
  2.530742884e-01 
  2.513684034e-01 
  2.508901954e-01 
  2.403089851e-01 
  2.456023246e-01 
  2.357321233e-01 
  2.383309007e-01 
  2.306171954e-01 
  2.380260527e-01 
  2.327942997e-01 
  2.353030145e-01 
  2.214489728e-01 
  2.341382951e-01 
  2.226874977e-01 
  2.264018804e-01 
  2.273762375e-01 
  2.204985172e-01 
  2.152361870e-01 
  1.945009828e-01 
  2.098763585e-01 
  2.083475143e-01 
  2.044664025e-01 
  1.966208071e-01 
  1.920767874e-01 
  1.949249804e-01 
  1.944113374e-01 
  1.853675097e-01 
  1.923806518e-01 
  1.895219535e-01 
  1.866713911e-01 
  1.825802326e-01 
  1.821102053e-01 
  1.811369061e-01 
  1.827786416e-01 
  1.826982945e-01 
  1.787455231e-01 
  1.719502509e-01 
  1.645807028e-01 
  1.639627218e-01 
  1.546274126e-01 
  1.479974389e-01 
  1.400183737e-01 
  1.304209530e-01 
  1.224170998e-01 
  1.176147386e-01 
  1.169119328e-01 
  1.113560349e-01 
  1.139598861e-01 
  1.154576242e-01 
  1.117874607e-01 
  1.089168191e-01 
  1.125902236e-01 
  1.108731329e-01 
  1.156147495e-01 
  1.260925680e-01 
  1.302262992e-01 
  1.256279945e-01 
  1.144529209e-01 
  9.990794212e-02 
  1.018133312e-01 
  1.149693951e-01 
  1.238459274e-01 
  1.266966015e-01 
  1.316600740e-01 
  1.300386041e-01 
  1.229829416e-01 
  1.248154193e-01 
  1.189732477e-01 
  1.142873093e-01 
  1.096720099e-01 
  1.115712896e-01 
  1.155848652e-01 
  1.175784096e-01 
  1.189724952e-01 
  1.181757748e-01 
  1.196065992e-01 
  1.200568751e-01 
  1.210221276e-01 
  1.208352521e-01 
  1.242176518e-01 
  1.255345345e-01 
  1.335643679e-01 
  1.363465786e-01 
  1.367308944e-01 
  1.356745809e-01 
  1.350439787e-01 
  1.416004002e-01 
  1.443088949e-01 
  1.414732337e-01 
  1.439812779e-01 
  1.403310746e-01 
  1.424832344e-01 
  1.431065351e-01 
  1.380436867e-01 
  1.416170299e-01 
  1.427029967e-01 
  1.412258595e-01 
  1.392573118e-01 
  1.388768852e-01 
  1.381581873e-01 
  1.356264353e-01 
  1.387133598e-01 
  1.346822381e-01 
  1.336315125e-01 
  1.345931292e-01 
  1.323704422e-01 
  1.310326606e-01 
  1.230955571e-01 
  1.288247555e-01 
  1.315865070e-01 
  1.299118847e-01 
  1.280281395e-01 
  1.266085058e-01 
  1.196713001e-01 
  1.274766922e-01 
  1.297606230e-01 
  1.296776980e-01 
  1.290613860e-01 
  1.282272786e-01 
  1.253540665e-01 
  1.249880120e-01 
  1.240581349e-01 
  1.193763837e-01 
  1.140116379e-01 
  1.211345196e-01 
  1.216312423e-01 
  1.212405264e-01 
  1.144437268e-01 
  1.159923524e-01 
  1.198708639e-01 
  1.195521280e-01 
  1.203106865e-01 
  1.180155426e-01 
  1.099659652e-01 
  1.167904437e-01 
  1.124780849e-01 
  1.158155948e-01 
  1.165653020e-01 
  1.155851558e-01 
  1.158203334e-01 
  1.158789024e-01 
  1.158808619e-01 
  1.152330413e-01 
  1.137857512e-01 
  1.142326966e-01 
  1.137882173e-01 
  1.128870174e-01 
  1.120450497e-01 
  1.130592600e-01 
  1.121801361e-01 
  1.123467535e-01 
  1.084171608e-01 
  1.117067188e-01 
  1.114093885e-01 
  1.108717397e-01 
  1.106030419e-01 
  1.090075001e-01 
  1.095090285e-01 
  1.089692265e-01 
  1.079249233e-01 
  1.082561687e-01 
  1.079589725e-01 
  1.075228974e-01 
  1.059268117e-01 
  1.050444543e-01 
  1.055394411e-01 
  1.044813171e-01 
  1.029151157e-01 
  1.014850214e-01 
  1.027832255e-01 
  1.015281007e-01 
  1.005169153e-01 
  1.008380055e-01 
  1.000105739e-01 
  9.913726896e-02 
  9.793468565e-02 
  9.711313248e-02 
  9.578815848e-02 
  9.535326064e-02 
  9.457203001e-02 
  9.376111627e-02 
  9.197460115e-02 
  9.139390290e-02 
  8.945631236e-02 
  8.861004561e-02 
  8.742735535e-02 
  8.396267146e-02 
  8.415834606e-02 
  8.220983297e-02 
  8.195018023e-02 
  8.170372248e-02 
  7.934232801e-02 
  7.765832543e-02 
  7.785874605e-02 
  8.016508073e-02 
  8.121961355e-02 
  8.142443746e-02 
  8.169424534e-02 
  8.165749162e-02 
  8.231557906e-02 
  8.253452182e-02 
  8.251807094e-02 
  8.236958832e-02 
  8.182651550e-02 
  8.150031418e-02 
  7.932438701e-02 
  7.053061575e-02 
  7.744889706e-02 
  8.054051548e-02 
  8.106179535e-02 
  8.075983077e-02 
  8.086024225e-02 
  7.936508209e-02 
  7.941549271e-02 
  7.738140970e-02 
  7.838012278e-02 
  7.887316495e-02 
  7.878711075e-02 
  7.700108737e-02 
  7.708984613e-02 
  7.639265805e-02 
  7.528157532e-02 
  7.438900322e-02 
  7.491156459e-02 
  7.434178889e-02 
  7.390371710e-02 
  7.245332748e-02 
  7.097949088e-02 
  7.050315291e-02 
  7.058416307e-02 
  7.031333447e-02 
  6.969273835e-02 
  6.892955303e-02 
  6.796238571e-02 
  6.739133596e-02 
  6.698457152e-02 
  6.573158503e-02 
  6.198410317e-02 
  6.312533468e-02 
  6.117867306e-02 
  6.299745291e-02 
  6.345181167e-02 
  6.145659089e-02 
  6.079072505e-02 
  5.869972333e-02 
  5.772718787e-02 
  5.837678537e-02 
  5.935713649e-02 
  5.975302309e-02 
  5.908476561e-02 
  5.767313391e-02 
  5.501991883e-02 
  5.287641287e-02 
  4.730104655e-02 
  4.664759710e-02 
  4.591232911e-02 
  4.500853270e-02 
  4.677604511e-02 
  4.769013822e-02 
  4.831225798e-02 
  4.791918769e-02 
  4.808854312e-02 
  4.842541739e-02 
  4.803776741e-02 
  4.800046980e-02 
  4.841118306e-02 
  4.821232334e-02 
  4.658858106e-02 
  4.456368461e-02 
  4.015446827e-02 
  3.697882593e-02 
  3.541487083e-02 
  3.303197771e-02 
  3.197675571e-02 
  2.964024059e-02 
  2.857103385e-02 
  2.732193656e-02 
  2.560007758e-02 
  2.464163303e-02 
  2.356859483e-02 
  2.265804261e-02 
  2.153125964e-02 
  2.109754644e-02 
  1.986643486e-02 
  1.880713180e-02 
  1.873387955e-02 
  1.847849786e-02 
  1.866344735e-02 
  1.907215454e-02 
  1.904592663e-02 
  1.922926120e-02 
  1.869672351e-02 
  1.854844019e-02 
  1.818931848e-02 
  1.887565851e-02 
  1.994708925e-02 
  2.152598836e-02 
  2.243836410e-02 
  2.305378392e-02 
  2.286303975e-02 
  2.230597101e-02 
  2.214658633e-02 
  2.118637972e-02 
  2.036854625e-02 
  1.893014461e-02 
  1.798228547e-02 
  1.715654507e-02 
  1.723212563e-02 
  1.789187454e-02 
  1.828791946e-02 
  1.922546700e-02 
  2.033773623e-02 
  2.122767270e-02 
  2.162243240e-02 
  2.127267979e-02 
  2.122675627e-02 
  2.028641105e-02 
  1.945848390e-02 
  1.862309873e-02 
  1.881634071e-02 
  1.964738220e-02 
  2.027066424e-02 
  2.028730325e-02 
  1.996190846e-02 
  1.925503463e-02 
  1.938117854e-02 
  2.020434476e-02 
  2.042063512e-02 
  2.007630095e-02 
  2.012789808e-02 
  1.986362040e-02 
  1.989147067e-02 
  2.035058476e-02 
  2.092977054e-02 
  2.163387276e-02 
  2.239397168e-02 
  2.147901244e-02 
  2.218387276e-02 
  2.228634432e-02 
  2.270350419e-02 
  2.298633382e-02 
  2.320705354e-02 
  2.319956385e-02 
  2.288893238e-02 
  2.292398736e-02 
  2.390703373e-02 
  2.362463810e-02 
  2.355531417e-02 
  2.347986400e-02 
  2.366029471e-02 
  2.267045528e-02 
  2.325440384e-02 
  2.389759384e-02 
  2.347675338e-02 
  2.271045186e-02 
  2.188712545e-02 
  2.184221707e-02 
  2.178610303e-02 
  2.117895707e-02 
  2.179429680e-02 
  2.190368436e-02 
  2.200140804e-02 
  2.233711258e-02 
  2.264045551e-02 
  2.140779793e-02 
  2.258362994e-02 
  2.191103809e-02 
  2.222660556e-02 
  2.245615236e-02 
  2.240326442e-02 
  2.291188017e-02 
  2.306126989e-02 
  2.325124666e-02 
  2.303357981e-02 
  2.253017947e-02 
  2.248946764e-02 
  2.267191932e-02 
  2.394558676e-02 
  2.493128553e-02 
  2.519337088e-02 
  2.573927306e-02 
  2.600936219e-02 
  2.640387416e-02 
  2.596770786e-02 
  2.506501786e-02 
  2.472312562e-02 
  2.384093404e-02 
  2.361354977e-02 
  2.338199690e-02 
  2.320823632e-02 
  2.212882042e-02 
  2.228891291e-02 
  2.133322693e-02 
  2.097097971e-02 
  2.059975453e-02 
  2.079767734e-02 
  2.166439779e-02 
  2.292420156e-02 
  2.311446518e-02 
  2.352858894e-02 
  2.350152470e-02 
  2.321983688e-02 
  2.254415117e-02 
  2.238512225e-02 
  2.265185304e-02 
  2.264165692e-02 
  2.329931594e-02 
  2.288239822e-02 
  2.303282730e-02 
  2.334927209e-02 
  2.326761745e-02 
  2.405225113e-02 
  2.102422900e-02 
  2.515657060e-02 
  2.612538636e-02 
  2.685707994e-02 
  2.626430057e-02 
  2.711475268e-02 
  2.698301710e-02 
  2.708078176e-02 
  2.681644447e-02 
  2.740916237e-02 
  2.814283408e-02 
  2.810329758e-02 
  2.887088060e-02 
  2.865068801e-02 
  2.816807479e-02 
  2.511427738e-02 
  2.621103451e-02 
  2.641395666e-02 
  2.671199851e-02 
  2.819069102e-02 
  2.784807980e-02 
  2.807801031e-02 
  2.850147709e-02 
  2.868758328e-02 
  2.816035040e-02 
  2.807778306e-02 
  2.762064897e-02 
  2.818566188e-02 
  2.788374759e-02 
  2.773335576e-02 
  2.834874950e-02 
  2.806344442e-02 
  2.843203582e-02 
  2.795906365e-02 
  2.772503905e-02 
  2.836258337e-02 
  2.803076059e-02 
  2.727484703e-02 
  2.797473222e-02 
  2.764971554e-02 
  2.781485207e-02 
  2.765394561e-02 
  2.584384941e-02 
  2.756159939e-02 
  2.733487450e-02 
  2.713776007e-02 
  2.667084895e-02 
  2.672791108e-02 
  2.701520920e-02 
  2.707143500e-02 
  2.629608661e-02 
  2.680042945e-02 
  2.576963976e-02 
  2.625471354e-02 
  2.634193935e-02 
  2.622190490e-02 
  2.651886456e-02 
  2.658188902e-02 
  2.653498948e-02 
  2.623146400e-02 
  2.540426515e-02 
  2.598750591e-02 
  2.578165382e-02 
  2.558300644e-02 
  2.595595084e-02 
  2.575857565e-02 
  2.474430948e-02 
  2.509624138e-02 
  2.455359325e-02 
  2.529294230e-02 
  2.502823621e-02 
  2.496139146e-02 
  2.446681820e-02 
  2.496942878e-02 
  2.489345893e-02 
  2.443324402e-02 
  2.383981459e-02 
  2.409091219e-02 
  2.357362024e-02 
  2.337799780e-02 
  2.265038714e-02 
  2.247820236e-02 
  2.170634456e-02 
  2.223095484e-02 
  2.212721109e-02 
  2.175673842e-02 
  2.183054388e-02 
  2.025753818e-02 
  2.170772851e-02 
  1.956937462e-02 
  2.138562687e-02 
  2.149594203e-02 
  2.195687033e-02 
  2.175589278e-02 
  2.135612443e-02 
  2.165409364e-02 
  2.148590051e-02 
  2.212745324e-02 
  2.179415524e-02 
  2.154843323e-02 
  2.117511258e-02 
  1.934101619e-02 
  2.078514174e-02 
  2.026931010e-02 
  2.128189616e-02 
  2.166897990e-02 
  2.142742835e-02 
  2.142582089e-02 
  2.001982741e-02 
  2.063916065e-02 
  2.076946758e-02 
  1.979880407e-02 
  1.990666613e-02 
  1.902074367e-02 
  1.940823719e-02 
  1.925808191e-02 
  1.952987351e-02 
  1.919283718e-02 
  1.909863017e-02 
  1.910865307e-02 
  1.926317997e-02 
  1.914115250e-02 
  1.792875305e-02 
  1.849451661e-02 
  1.873443648e-02 
  1.920937560e-02 
  1.897338592e-02 
  1.932085305e-02 
  1.812835410e-02 
  1.868014410e-02 
  1.921419799e-02 
  1.916969195e-02 
  1.869685203e-02 
  1.840211265e-02 
  1.881845109e-02 
  1.917805523e-02 
  1.927820034e-02 
  1.877910085e-02 
  1.893651672e-02 
  1.886977814e-02 
  1.896209456e-02 
  1.890064590e-02 
  1.832302101e-02 
  1.856361330e-02 
  1.849751174e-02 
  1.820257679e-02 
  1.770052128e-02 
  1.813032664e-02 
  1.801719703e-02 
  1.712446660e-02 
  1.695776358e-02 
  1.669150963e-02 
  1.671612449e-02 
  1.654911041e-02 
  1.648774743e-02 
  1.686570235e-02 
  1.656384394e-02 
  1.655266993e-02 
  1.671055704e-02 
  1.682470180e-02 
  1.670648903e-02 
  1.628454588e-02 
  1.665655524e-02 
  1.625247300e-02 
  1.654740423e-02 
  1.635199413e-02 
  1.649515145e-02 
  1.615787856e-02 
  1.645345241e-02 
  1.629423909e-02 
  1.636630856e-02 
  1.603465155e-02 
  1.617728546e-02 
  1.620046608e-02 
  1.602845825e-02 
  1.587007195e-02 
  1.574300043e-02 
  1.554540172e-02 
  1.544496976e-02 
  1.558527071e-02 
  1.528430358e-02 
  1.528986543e-02 
  1.559977978e-02 
  1.546455547e-02 
  1.469724067e-02 
  1.507846732e-02 
  1.511656214e-02 
  1.494001132e-02 
  1.466335356e-02 
  1.470220275e-02 
  1.473909989e-02 
  1.450271904e-02 
  1.397232153e-02 
  1.345747337e-02 
  1.381275617e-02 
  1.411773823e-02 
  1.434456371e-02 
  1.434945036e-02 
  1.414329465e-02 
  1.417729817e-02 
  1.414967328e-02 
  1.394605357e-02 
  1.389800478e-02 
  1.404445991e-02 
  1.403662935e-02 
  1.395419892e-02 
  1.390193217e-02 
  1.387243439e-02 
  1.375829987e-02 
  1.364041027e-02 
  1.369107608e-02 
  1.357082743e-02 
  1.336954907e-02 
  1.336303353e-02 
  1.328743342e-02 
  1.298441645e-02 
  1.318298746e-02 
  1.321151108e-02 
  1.301219966e-02 
  1.294712815e-02 
  1.255945396e-02 
  1.275893021e-02 
  1.286768354e-02 
  1.186191104e-02 
  1.265958883e-02 
  1.269071084e-02 
  1.266315021e-02 
  1.264141779e-02 
  1.254690904e-02 
  1.240113191e-02 
  1.230607741e-02 
  1.237685047e-02 
  1.205756329e-02 
  1.185276732e-02 
  1.201887242e-02 
  1.138296537e-02 
  1.152716018e-02 
  1.166858990e-02 
  1.176732685e-02 
  1.168283634e-02 
  1.139964536e-02 
  1.160814520e-02 
  1.160338800e-02 
  1.140445098e-02 
  1.124414895e-02 
  1.050322689e-02 
  1.067940611e-02 
  1.071097329e-02 
  1.016755216e-02 
  1.000633370e-02 
  1.046961918e-02 
  1.060725749e-02 
  1.061543077e-02 
  1.034450997e-02 
  1.064498257e-02 
  1.044181362e-02 
  1.056007762e-02 
  1.022796147e-02 
  1.027344167e-02 
  9.999495931e-03 
  1.034534257e-02 
  1.024366636e-02 
  1.019503083e-02 
  1.000734325e-02 
  1.005480438e-02 
  1.005489752e-02 
  1.003521960e-02 
  9.850316681e-03 
  9.933955036e-03 
  9.918372147e-03 
  9.821606800e-03 
  9.839459322e-03 
  9.742867202e-03 
  9.531646036e-03 
  9.273977950e-03 
  9.341669269e-03 
  9.108954109e-03 
  9.246802889e-03 
  9.170494974e-03 
  9.150406346e-03 
  8.998922072e-03 
  9.040757082e-03 
  8.869216777e-03 
  8.864629082e-03 
  8.830009960e-03 
  8.809623308e-03 
  8.564197458e-03 
  8.297099732e-03 
  8.255310357e-03 
  7.993024774e-03 
  7.837110199e-03 
  7.898094133e-03 
  7.816369645e-03 
  7.784880698e-03 
  7.665025070e-03 
  7.512405049e-03 
  7.501820568e-03 
  7.451551501e-03 
  7.487560157e-03 
  7.530965842e-03 
  7.486549206e-03 
  7.235617843e-03 
  7.164209615e-03 
  6.957378704e-03 
  6.832800340e-03 
  6.584263407e-03 
  6.338194944e-03 
  6.376301404e-03 
  6.128882524e-03 
  5.873713642e-03 
  5.881361198e-03 
  5.572644994e-03 
  5.531116389e-03 
  5.176994484e-03 
  4.991725553e-03 
  4.957726225e-03 
  5.008957349e-03 
  4.974727985e-03 
  4.829271697e-03 
  4.746397957e-03 
  4.680514336e-03 
  4.538840614e-03 
  4.343652166e-03 
  4.327346105e-03 
  4.158928990e-03 
  4.158125725e-03 
  4.032075871e-03 
  3.798789578e-03 
  3.737903433e-03 
  3.542067949e-03 
  3.295956179e-03 
  3.437909298e-03 
  3.480906133e-03 
  3.497770289e-03 
  3.441615263e-03 
  3.380357288e-03 
  3.460652195e-03 
  3.266217653e-03 
  3.275145311e-03 
  3.161913017e-03 
  3.125114599e-03 
  2.886302536e-03 
  2.847796539e-03 
  2.833375474e-03 
  2.759232651e-03 
  2.651839051e-03 
  2.638901584e-03 
  2.478914103e-03 
  2.476976952e-03 
  2.428629901e-03 
  2.343036234e-03 
  2.437521471e-03 
  2.449257066e-03 
  2.495433437e-03 
  2.518046182e-03 
  2.430180321e-03 
  2.559064422e-03 
  2.542235190e-03 
  2.514222637e-03 
  2.327360213e-03 
  2.390299691e-03 
  2.421928104e-03 
  2.435166156e-03 
  2.415957395e-03 
  2.395375865e-03 
  2.335420810e-03 
  2.369905356e-03 
  2.368408022e-03 
  2.282338217e-03 
  2.368452027e-03 
  2.400304656e-03 
  2.445135964e-03 
  2.409540815e-03 
  2.522706520e-03 
  2.496480243e-03 
  2.503408352e-03 
  2.471494488e-03 
  2.474666107e-03 
  2.317616018e-03 
  2.273168880e-03 
  2.102656756e-03 
  2.147134393e-03 
  1.985566691e-03 
  1.896696049e-03 
  1.876087626e-03 
  1.879687537e-03 
  1.871711924e-03 
  1.827307860e-03 
  1.694500796e-03 
  2.126539359e-03 
  2.291623736e-03 
  2.334458753e-03 
  2.346695866e-03 
  2.411558991e-03 
  2.451541834e-03 
  2.466802252e-03 
  2.472968306e-03 
  2.453131601e-03 
  2.367149806e-03 
  2.478362760e-03 
  2.438494936e-03 
  2.392894123e-03 
  2.297448926e-03 
  2.370055299e-03 
  2.291866811e-03 
  2.193375723e-03 
  2.276471350e-03 
  2.215808490e-03 
  2.122033620e-03 
  2.107098000e-03 
  2.063906519e-03 
  2.026235452e-03 
  1.998742111e-03 
  2.010755474e-03 
  1.976343105e-03 
  1.985614887e-03 
  1.962855924e-03 
  2.035699319e-03 
  2.038962673e-03 
  2.091955161e-03 
  2.047909889e-03 
  2.082303865e-03 
  2.080081496e-03 
  2.071651397e-03 
  2.006166382e-03 
  2.102798549e-03 
  2.148336498e-03 
  2.129210159e-03 
  2.205532975e-03 
  2.211968647e-03 
  2.259721514e-03 
  2.244995907e-03 
  2.225877484e-03 
  2.310030162e-03 
  2.348632086e-03 
  2.317606471e-03 
  2.358100843e-03 
  2.341700485e-03 
  2.349244431e-03 
  2.352046315e-03 
  2.323170658e-03 
  2.275622217e-03 
  2.360656392e-03 
  2.359961858e-03 
  2.427291824e-03 
  2.380762249e-03 
  2.471653977e-03 
  2.483940916e-03 
  2.512187930e-03 
  2.506130142e-03 
  2.546251286e-03 
  2.427561907e-03 
  2.501680749e-03 
  2.520479029e-03 
  2.531335689e-03 
  2.451742999e-03 
  2.329253126e-03 
  2.183799166e-03 
  2.314755460e-03 
  2.453891095e-03 
  2.458460629e-03 
  2.483489225e-03 
  2.371910028e-03 
  2.298234496e-03 
  2.269494347e-03 
  2.325704787e-03 
  2.268926473e-03 
  2.261297312e-03 
  2.213005442e-03 
  2.274096711e-03 
  2.279965440e-03 
  2.376434626e-03 
  2.353625372e-03 
  2.479411429e-03 
  2.425063401e-03 
  2.514517866e-03 
  2.512216801e-03 
  2.733702306e-03 
  2.661407460e-03 
  2.867078409e-03 
  2.869852586e-03 
  3.020643024e-03 
  3.041013144e-03 
  3.182534361e-03 
  3.152783029e-03 
  3.134524683e-03 
  3.213896649e-03 
  3.389595076e-03 
  3.386624390e-03 
  3.464720910e-03 
  3.281568177e-03 
  3.536572913e-03 
  3.419734305e-03 
  3.535629949e-03 
  3.559729783e-03 
  3.593835514e-03 
  3.548505018e-03 
  3.562735394e-03 
  3.484437242e-03 
  3.498372622e-03 
  3.587234765e-03 
  3.558431286e-03 
  3.541085636e-03 
  3.491134150e-03 
  3.436029423e-03 
  3.259991063e-03 
  3.279695055e-03 
  3.106441349e-03 
  3.099770285e-03 
  2.675102325e-03 
  2.619183157e-03 
  2.210574457e-03 
  2.207248472e-03 
  1.825743355e-03 
  1.825049403e-03 
  1.614953973e-03 
  1.610531937e-03 
  1.620476949e-03 
  1.575277303e-03 
  1.680693356e-03 
  1.676188316e-03 
  1.727611874e-03 
  1.727365190e-03 
  1.746007125e-03 
  1.740536536e-03 
  1.774464617e-03 
  1.753592398e-03 
  1.833337126e-03 
  1.826798078e-03 
  1.964817755e-03 
  1.965577248e-03 
  2.180058276e-03 
  2.159507945e-03 
  2.302097157e-03 
  2.378539648e-03 
  2.609566320e-03 
  2.606889699e-03 
  2.758743009e-03 
  2.778297290e-03 
  2.893329598e-03 
  2.897785977e-03 
  2.935566707e-03 
  2.895555226e-03 
  2.972463379e-03 
  3.016161732e-03 
  3.064282006e-03 
  3.055877285e-03 
  2.969006542e-03 
  3.032689448e-03 
  3.053636523e-03 
  2.884180052e-03 
  2.975896467e-03 
  2.994217211e-03 
  2.958492842e-03 
  2.925246721e-03 
  2.881061286e-03 
  2.874936676e-03 
  2.764235949e-03 
  2.756975358e-03 
  2.736697905e-03 
  2.573327627e-03 
  2.582398942e-03 
  2.404430881e-03 
  2.386472421e-03 
  2.273988677e-03 
  2.237640321e-03 
  2.231003251e-03 
  2.243591938e-03 
  2.272175625e-03 
  2.259032335e-03 
  2.306360984e-03 
  2.302700421e-03 
  2.308647847e-03 
  2.243178431e-03 
  2.303317655e-03 
  2.290327800e-03 
  2.149081090e-03 
  2.270679921e-03 
  2.269082936e-03 
  2.278816188e-03 
  2.255155239e-03 
  2.304065973e-03 
  2.222512150e-03 
  2.376651624e-03 
  2.344905166e-03 
  2.470402513e-03 
  2.461958677e-03 
  2.537094522e-03 
  2.529340098e-03 
  2.580886940e-03 
  2.575339051e-03 
  2.527641598e-03 
  2.586111194e-03 
  2.556012245e-03 
  2.592706122e-03 
  2.542558126e-03 
  2.562219044e-03 
  2.578631975e-03 
  2.600380685e-03 
  2.594157821e-03 
  2.612752141e-03 
  2.611446893e-03 
  2.619690262e-03 
  2.595143858e-03 
  2.491355408e-03 
  2.581990091e-03 
  2.601329470e-03 
  2.518309047e-03 
  2.589181298e-03 
  2.579241293e-03 
  2.570814220e-03 
  2.577610081e-03 
  2.579546999e-03 
  2.574925311e-03 
  2.587585011e-03 
  2.543278737e-03 
  2.578743501e-03 
  2.571688266e-03 
  2.577684121e-03 
  2.565094037e-03 
  2.558374545e-03 
  2.540447982e-03 
  2.476749243e-03 
  2.529640682e-03 
  2.519105794e-03 
  2.501581796e-03 
  2.504647942e-03 
  2.498707501e-03 
  2.476946916e-03 
  2.414126880e-03 
  2.465317026e-03 
  2.479190240e-03 
  2.415284049e-03 
  2.465125872e-03 
  2.439287957e-03 
  2.436329145e-03 
  2.396983560e-03 
  2.444165759e-03 
  2.454812173e-03 
  2.407555701e-03 
  2.455657348e-03 
  2.445529914e-03 
  2.433397574e-03 
  2.443480771e-03 
  2.434546826e-03 
  2.429373097e-03 
  2.417511772e-03 
  2.416471252e-03 
  2.323904308e-03 
  2.398746554e-03 
  2.393761184e-03 
  2.377322875e-03 
  2.369590802e-03 
  2.367360285e-03 
  2.347538713e-03 
  2.331445459e-03 
  2.312045079e-03 
  2.284754533e-03 
  2.240483183e-03 
  2.259028144e-03 
  2.255818574e-03 
  2.220305381e-03 
  2.213492990e-03 
  2.189085819e-03 
  2.179669915e-03 
  2.155141206e-03 
  2.156239934e-03 
  2.151352353e-03 
  2.149836859e-03 
  2.140385564e-03 
  2.133522648e-03 
  2.119717421e-03 
  2.109119436e-03 
  2.103122417e-03 
  2.071100753e-03 
  2.069489099e-03 
  2.036736114e-03 
  1.965779113e-03 
  1.762537751e-03 
  1.925818156e-03 
  1.983107068e-03 
  2.032045508e-03 
  2.027219627e-03 
  2.041123109e-03 
  2.029843628e-03 
  2.033409197e-03 
  2.021911321e-03 
  2.020655200e-03 
  2.004572656e-03 
  1.982005546e-03 
  1.992791193e-03 
  1.912167878e-03 
  1.985707553e-03 
  1.978933578e-03 
  1.956434222e-03 
  1.904716133e-03 
  1.948275371e-03 
  1.949638128e-03 
  1.949448604e-03 
  1.943308162e-03 
  1.890794025e-03 
  1.877418836e-03 
  1.896718983e-03 
  1.913620741e-03 
  1.904916018e-03 
  1.876091701e-03 
  1.867785468e-03 
  1.858839649e-03 
  1.829083310e-03 
  1.818584511e-03 
  1.799957245e-03 
  1.794112963e-03 
  1.784198801e-03 
  1.783725340e-03 
  1.777620404e-03 
  1.798543963e-03 
  1.795610064e-03 
  1.787228975e-03 
  1.745034708e-03 
  1.719687600e-03 
  1.808562200e-03 
  1.767974463e-03 
  1.823758590e-03 
  1.818844699e-03 
  1.809743000e-03 
  1.806513523e-03 
  1.796016702e-03 
  1.791959163e-03 
  1.773698372e-03 
  1.744868699e-03 
  1.762154745e-03 
  1.764597837e-03 
  1.754890778e-03 
  1.748702140e-03 
  1.738624065e-03 
  1.733717625e-03 
  1.726317685e-03 
  1.713538193e-03 
  1.680914895e-03 
  1.682680100e-03 
  1.677315100e-03 
  1.689344761e-03 
  1.666581142e-03 
  1.666123862e-03 
  1.663052361e-03 
  1.654069754e-03 
  1.648020931e-03 
  1.635069028e-03 
  1.625556615e-03 
  1.623394899e-03 
  1.601002296e-03 
  1.564592239e-03 
  1.580472570e-03 
  1.593213296e-03 
  1.586927800e-03 
  1.556906151e-03 
  1.565932645e-03 
  1.562571735e-03 
  1.556442468e-03 
  1.552256406e-03 
  1.506140805e-03 
  1.534762676e-03 
  1.517178840e-03 
  1.512698364e-03 
  1.512454473e-03 
  1.486235298e-03 
  1.446525799e-03 
  1.473703654e-03 
  1.459980384e-03 
  1.457343809e-03 
  1.453026664e-03 
  1.452083699e-03 
  1.438378589e-03 
  1.428796793e-03 
  1.428990741e-03 
  1.376455300e-03 
  1.424569520e-03 
  1.413637656e-03 
  1.393290586e-03 
  1.403144212e-03 
  1.401326386e-03 
  1.395636355e-03 
  1.389043755e-03 
  1.375026884e-03 
  1.385295996e-03 
  1.381044509e-03 
  1.374503830e-03 
  1.351726125e-03 
  1.366944052e-03 
  1.364786178e-03 
  1.362166135e-03 
  1.355557586e-03 
  1.349087805e-03 
  1.280156663e-03 
  1.319460687e-03 
  1.321041840e-03 
  1.316154143e-03 
  1.309104729e-03 
  1.303947065e-03 
  1.304283040e-03 
  1.297472510e-03 
  1.280995551e-03 
  1.278711017e-03 
  1.257386524e-03 
  1.261388767e-03 
  1.256701304e-03 
  1.185392495e-03 
  1.214670250e-03 
  1.207760535e-03 
  1.184154535e-03 
  1.208321075e-03 
  1.210258109e-03 
  1.204928383e-03 
  1.201917650e-03 
  1.216125209e-03 
  1.210407703e-03 
  1.204307191e-03 
  1.219350612e-03 
  1.218513469e-03 
  1.219677972e-03 
  1.217366196e-03 
  1.207467867e-03 
  1.198422746e-03 
  1.200095052e-03 
  1.192410011e-03 
  1.175069483e-03 
  1.166194561e-03 
  1.119851251e-03 
  1.134279417e-03 
  1.121307025e-03 
  1.143336063e-03 
  1.136783743e-03 
  1.114788465e-03 
  1.120466972e-03 
  1.117660780e-03 
  1.066258992e-03 
  1.093976898e-03 
  1.101008034e-03 
  1.089921803e-03 
  1.108706929e-03 
  1.114213257e-03 
  1.102444250e-03 
  1.098654000e-03 
  1.091764774e-03 
  1.079470734e-03 
  1.076869317e-03 
  1.052908250e-03 
  1.036170637e-03 
  1.041652868e-03 
  1.023209537e-03 
  1.016178518e-03 
  9.881871520e-04 
  9.983029449e-04 
  9.977971204e-04 
  9.848478949e-04 
  9.785227012e-04 
  9.740050300e-04 
  9.641858051e-04 
  9.648377891e-04 
  9.575391887e-04 
  9.550257237e-04 
  9.579608450e-04 
  9.502664907e-04 
  9.560073959e-04 
  9.395504603e-04 
  9.126245277e-04 
  9.347622981e-04 
  9.438144625e-04 
  9.552998818e-04 
  9.459585999e-04 
  9.445398464e-04 
  9.609241970e-04 
  9.601210477e-04 
  9.514656267e-04 
  9.377694805e-04 
  9.348636377e-04 
  9.356878581e-04 
  9.093022090e-04 
  9.096338763e-04 
  8.805709076e-04 
  8.746720268e-04 
  8.648360963e-04 
  8.448536391e-04 
  8.532078355e-04 
  8.520382689e-04 
  8.542299620e-04 
  8.111551870e-04 
  8.366759284e-04 
  8.541797870e-04 
  8.499962860e-04 
  8.460612735e-04 
  8.577485569e-04 
  8.535258821e-04 
  8.493461064e-04 
  8.499729447e-04 
  8.078363608e-04 
  8.063931018e-04 
  8.112670039e-04 
  8.158429991e-04 
  8.074123762e-04 
  8.276819717e-04 
  8.233158151e-04 
  8.339061169e-04 
  8.310648263e-04 
  8.272865089e-04 
  8.233728004e-04 
  8.326745592e-04 
  8.239391609e-04 
  8.240644820e-04 
  8.265365614e-04 
  8.192556561e-04 
  8.190112421e-04 
  8.100043633e-04 
  8.058060193e-04 
  8.085555164e-04 
  8.013037732e-04 
  7.865792140e-04 
  7.904504309e-04 
  7.776666316e-04 
  7.680644048e-04 
  7.681282586e-04 
  7.643838180e-04 
  7.502789376e-04 
  7.497354527e-04 
  7.475560415e-04 
  7.355022244e-04 
  7.087220438e-04 
  7.060134667e-04 
  6.821545539e-04 
  7.117554778e-04 
  7.167636650e-04 
  7.394669228e-04 
  7.303445600e-04 
  7.331013912e-04 
  7.441919297e-04 
  7.377367001e-04 
  7.387081278e-04 
  7.364937337e-04 
  7.445593365e-04 
  7.350657834e-04 
  7.331124507e-04 
  7.368436200e-04 
  7.312238449e-04 
  7.205288857e-04 
  7.237980608e-04 
  7.199023385e-04 
  6.946683279e-04 
  6.859222194e-04 
  7.039487245e-04 
  6.981799961e-04 
  6.803005817e-04 
  6.964738714e-04 
  6.819730042e-04 
  6.729434244e-04 
  6.759792450e-04 
  6.529667298e-04 
  6.486463244e-04 
  6.333270576e-04 
  6.140372716e-04 
  6.144347717e-04 
  6.066375063e-04 
  6.056528073e-04 
  6.088929949e-04 
  6.037676940e-04 
  6.024980685e-04 
  6.108842790e-04 
  6.283359835e-04 
  6.208488485e-04 
  6.187525578e-04 
  5.953380605e-04 
  6.260792143e-04 
  6.293741171e-04 
  6.244809483e-04 
  6.131059490e-04 
  6.137035089e-04 
  6.076370482e-04 
  5.976010580e-04 
  5.919411778e-04 
  5.863627302e-04 
  5.708227982e-04 
  5.698414752e-04 
  5.640927120e-04 
  5.172112142e-04 
  5.384032847e-04 
  5.353835877e-04 
  5.254921853e-04 
  5.152873928e-04 
  5.235118442e-04 
  4.959109938e-04 
  5.023524864e-04 
  4.990989110e-04 
  4.588915908e-04 
  4.647837195e-04 
  4.557816137e-04 
  4.400718899e-04 
  4.271285434e-04 
  4.463599180e-04 
  4.285000032e-04 
  4.251862410e-04 
  4.012550635e-04 
  4.182422417e-04 
  4.172330664e-04 
  4.186894512e-04 
  4.164826241e-04 
  4.174662172e-04 
  4.101484956e-04 
  4.181117984e-04 
  4.128205182e-04 
  4.095165932e-04 
  4.176814109e-04 
  4.141184327e-04 
  4.153478076e-04 
  4.095585318e-04 
