  5.057827104e-03 
  1.898842119e-02 
  2.697884291e-02 
  1.035881415e-01 
  1.386787295e-01 
  3.605398536e-01 
  4.761644900e-01 
  8.946052194e-01 
  1.335041881e+00 
  1.624176383e+00 
  2.331128836e+00 
  4.903116226e+00 
  4.803743839e+00 
  6.835690022e+00 
  7.249711990e+00 
  1.001026917e+01 
  8.085036278e+00 
  1.245261288e+01 
  1.261756325e+01 
  1.621162605e+01 
  1.375250149e+01 
  2.082233620e+01 
  1.647580528e+01 
  1.579141521e+01 
  2.139027023e+01 
  2.171318817e+01 
  3.301865387e+01 
  3.364128876e+01 
  2.558158302e+01 
  3.387825394e+01 
  3.542314148e+01 
  2.721063805e+01 
  3.170421982e+01 
  3.599079132e+01 
  2.915788841e+01 
  3.245985413e+01 
  2.448606682e+01 
  2.284107208e+01 
  2.807202530e+01 
  2.848404312e+01 
  3.138854027e+01 
  2.670703697e+01 
  2.803028488e+01 
  2.794075394e+01 
  2.490707779e+01 
  3.221352768e+01 
  3.565893173e+01 
  3.376280594e+01 
  3.162199593e+01 
  3.453524780e+01 
  3.510760880e+01 
  3.314463043e+01 
  3.371889114e+01 
  3.064046478e+01 
  3.517295074e+01 
  3.543009949e+01 
  3.329450607e+01 
  2.113825226e+01 
  2.282910347e+01 
  2.282539558e+01 
  3.364525986e+01 
  2.654070473e+01 
  2.897505951e+01 
  3.065877342e+01 
  3.042827988e+01 
  2.831972885e+01 
  3.864516068e+01 
  3.436809921e+01 
  3.221028137e+01 
  3.078974152e+01 
  3.518901825e+01 
  2.792605019e+01 
  2.920770645e+01 
  2.891675568e+01 
  2.224363708e+01 
  2.023274040e+01 
  2.873282814e+01 
  2.917428398e+01 
  3.742441940e+01 
  2.857236290e+01 
  2.654522514e+01 
  2.956874084e+01 
  2.192263031e+01 
  1.515233707e+01 
  1.652668190e+01 
  2.463738441e+01 
  1.893947411e+01 
  2.152321625e+01 
  2.110063171e+01 
  2.379029655e+01 
  2.853622246e+01 
  3.157924080e+01 
  2.775955772e+01 
  1.471999264e+01 
  1.611110306e+01 
  2.674832726e+01 
  2.722945595e+01 
  1.096037292e+01 
  3.032790184e+01 
  3.596393204e+01 
  3.494295883e+01 
  3.432340622e+01 
  3.594899368e+01 
  3.327497482e+01 
  3.533915329e+01 
  3.202904129e+01 
  3.141636086e+01 
  3.024135780e+01 
  3.238110352e+01 
  3.542597580e+01 
  2.927452850e+01 
  3.397901917e+01 
  3.480083084e+01 
  3.249550247e+01 
  3.151768684e+01 
  3.323153305e+01 
  3.265318680e+01 
  3.129924011e+01 
  3.026855278e+01 
  3.065765381e+01 
  2.565462875e+01 
  3.177870178e+01 
  3.010693550e+01 
  2.514112282e+01 
  2.734347343e+01 
  2.800132751e+01 
  2.661567116e+01 
  2.531558609e+01 
  2.534813309e+01 
  2.280396461e+01 
  1.799487877e+01 
  1.599974442e+01 
  2.848161888e+01 
  2.507356453e+01 
  2.356980705e+01 
  2.536282730e+01 
  2.781678581e+01 
  2.777972794e+01 
  2.461493301e+01 
  2.356182671e+01 
  2.612330437e+01 
  2.575857544e+01 
  2.683790588e+01 
  2.672826767e+01 
  2.627122307e+01 
  2.733982086e+01 
  2.407726097e+01 
  2.717183113e+01 
  2.733844185e+01 
  2.724149132e+01 
  2.754948807e+01 
  2.946626854e+01 
  2.710943031e+01 
  2.490509987e+01 
  2.627888680e+01 
  2.618757057e+01 
  2.653994370e+01 
  2.640906715e+01 
  2.567358208e+01 
  2.540268326e+01 
  2.491979790e+01 
  2.555561447e+01 
  2.487928200e+01 
  2.462916565e+01 
  2.447090912e+01 
  2.388022614e+01 
  2.439830208e+01 
  2.330930328e+01 
  2.442665672e+01 
  2.396240234e+01 
  2.338686943e+01 
  2.310047913e+01 
  2.313480377e+01 
  2.263378143e+01 
  2.256580544e+01 
  2.321330833e+01 
  2.223944473e+01 
  2.178530884e+01 
  2.263123703e+01 
  2.139978790e+01 
  2.161915016e+01 
  2.128553009e+01 
  2.152736473e+01 
  2.134432983e+01 
  2.032443237e+01 
  2.027386475e+01 
  1.628080750e+01 
  1.812741089e+01 
  1.949815178e+01 
  1.795572472e+01 
  2.025101089e+01 
  1.876676750e+01 
  1.785871315e+01 
  1.904730606e+01 
  1.822242928e+01 
  1.929169083e+01 
  1.859647942e+01 
  1.785521889e+01 
  1.725581551e+01 
  1.703912354e+01 
  1.679213524e+01 
  1.624900818e+01 
  1.597922421e+01 
  1.676102638e+01 
  1.543746376e+01 
  1.648342514e+01 
  1.748442268e+01 
  1.612004089e+01 
  1.531917667e+01 
  1.636984634e+01 
  1.571811771e+01 
  1.557888508e+01 
  1.620111656e+01 
  1.469223595e+01 
  1.425279045e+01 
  1.441831398e+01 
  1.500292778e+01 
  1.094495010e+01 
  1.341997051e+01 
  1.259204102e+01 
  1.373070431e+01 
  1.360659885e+01 
  1.400979614e+01 
  1.292443943e+01 
  1.388704777e+01 
  1.364291191e+01 
  1.287719250e+01 
  1.113924599e+01 
  1.324717712e+01 
  1.349019146e+01 
  1.262298965e+01 
  1.360684204e+01 
  1.285642338e+01 
  1.119015408e+01 
  1.206025791e+01 
  1.219656944e+01 
  1.282798290e+01 
  1.179643154e+01 
  1.223937225e+01 
  1.209125042e+01 
  1.172847939e+01 
  1.066016769e+01 
  1.178699303e+01 
  1.117595291e+01 
  1.168360806e+01 
  1.140711021e+01 
  1.105436707e+01 
  1.142204475e+01 
  1.050434113e+01 
  1.095776749e+01 
  1.062300396e+01 
  1.046420574e+01 
  1.082026005e+01 
  1.030592918e+01 
  1.055029964e+01 
  1.048846054e+01 
  1.011092281e+01 
  9.725223541e+00 
  1.000664234e+01 
  9.376042366e+00 
  9.334892273e+00 
  1.016947937e+01 
  9.250843048e+00 
  9.593476295e+00 
  9.374646187e+00 
  9.399923325e+00 
  8.589301109e+00 
  9.124905586e+00 
  9.000489235e+00 
  8.724035263e+00 
  8.694823265e+00 
  8.322956085e+00 
  8.706635475e+00 
  8.714110374e+00 
  8.593979836e+00 
  8.312808990e+00 
  8.100812912e+00 
  8.382941246e+00 
  8.092070580e+00 
  7.988795757e+00 
  8.227227211e+00 
  8.050021172e+00 
  8.134130478e+00 
  8.148278236e+00 
  8.076942444e+00 
  7.977936268e+00 
  7.589291096e+00 
  7.826386452e+00 
  7.679093361e+00 
  6.736040115e+00 
  6.983677864e+00 
  7.386842251e+00 
  7.186160088e+00 
  7.232666016e+00 
  7.242858410e+00 
  7.040657997e+00 
  7.179366112e+00 
  7.136689663e+00 
  6.942893982e+00 
  6.892185211e+00 
  6.847841740e+00 
  6.756865025e+00 
  6.632324219e+00 
  6.630964279e+00 
  6.803368092e+00 
  6.747625828e+00 
  6.629301071e+00 
  6.552335739e+00 
  6.489006996e+00 
  6.383518696e+00 
  6.243607521e+00 
  6.307833195e+00 
  6.189236641e+00 
  6.062951565e+00 
  5.809558392e+00 
  6.051932812e+00 
  5.720125675e+00 
  5.718063354e+00 
  5.950903416e+00 
  5.859265804e+00 
  5.908165932e+00 
  5.971189022e+00 
  5.619288445e+00 
  5.625386715e+00 
  5.594086647e+00 
  5.406099796e+00 
  5.394561291e+00 
  5.432822227e+00 
  5.240839481e+00 
  5.394891739e+00 
  5.188034058e+00 
  5.363473892e+00 
  4.973097801e+00 
  5.318145752e+00 
  5.143136501e+00 
  5.214930058e+00 
  5.011780739e+00 
  5.156224251e+00 
  5.218070984e+00 
  5.152142048e+00 
  4.969550610e+00 
  5.017731190e+00 
  4.934332848e+00 
  4.989784718e+00 
  4.907519341e+00 
  4.917546749e+00 
  4.695612431e+00 
  4.726438046e+00 
  4.685058594e+00 
  4.758453369e+00 
  4.398924351e+00 
  4.711924076e+00 
  4.582491875e+00 
  4.663928509e+00 
  4.575353146e+00 
  4.424314976e+00 
  3.736911058e+00 
  3.968682766e+00 
  4.401539326e+00 
  4.385408401e+00 
  4.398019791e+00 
  4.399937153e+00 
  4.442242622e+00 
  4.367212296e+00 
  4.275601864e+00 
  4.271239758e+00 
  4.300462246e+00 
  4.193173409e+00 
  4.195765018e+00 
  4.233528614e+00 
  4.160470009e+00 
  4.094537735e+00 
  4.059303284e+00 
  4.066433907e+00 
  4.052466393e+00 
  3.969184160e+00 
  4.022249222e+00 
  3.920660019e+00 
  3.963722706e+00 
  3.885993242e+00 
  3.833124161e+00 
  3.814553738e+00 
  3.785388231e+00 
  3.788661718e+00 
  3.697915316e+00 
  3.720782518e+00 
  3.525800705e+00 
  3.065774441e+00 
  3.173572063e+00 
  3.128775120e+00 
  3.191112518e+00 
  3.278390646e+00 
  3.301392555e+00 
  3.296108007e+00 
  3.291439772e+00 
  3.246074677e+00 
  3.283170462e+00 
  3.343387842e+00 
  3.247565746e+00 
  3.226700544e+00 
  3.180711746e+00 
  3.079114437e+00 
  3.056232691e+00 
  3.131530762e+00 
  3.125309706e+00 
  3.110522509e+00 
  3.064080477e+00 
  3.007988691e+00 
  3.085844994e+00 
  2.975293159e+00 
  3.009560823e+00 
  2.979640245e+00 
  2.936545134e+00 
  2.895429134e+00 
  2.923702717e+00 
  2.786980152e+00 
  2.824106693e+00 
  2.619687319e+00 
  2.523760319e+00 
  2.457166433e+00 
  2.426758051e+00 
  2.564569473e+00 
  2.645923376e+00 
  2.591903448e+00 
  2.502474070e+00 
  2.474035740e+00 
  2.451737881e+00 
  2.486516953e+00 
  2.417122126e+00 
  2.339648724e+00 
  2.407154560e+00 
  2.347862244e+00 
  2.433952093e+00 
  2.438200474e+00 
  2.502858639e+00 
  2.459357262e+00 
  2.382913828e+00 
  2.413867235e+00 
  2.412072182e+00 
  2.328677654e+00 
  2.355181932e+00 
  2.333804846e+00 
  2.286932707e+00 
  2.348530531e+00 
  2.362524509e+00 
  2.292134047e+00 
  2.314362049e+00 
  2.338301420e+00 
  2.285492897e+00 
  2.275061369e+00 
  2.228291988e+00 
  2.210899115e+00 
  2.235430479e+00 
  2.203337431e+00 
  2.226481438e+00 
  2.202148438e+00 
  2.147813082e+00 
  2.151993990e+00 
  2.131716967e+00 
  1.894529700e+00 
  8.420540690e-01 
  7.569243908e-01 
  1.255870938e+00 
  1.107881665e+00 
  1.190492511e+00 
  1.394202709e+00 
  1.566536069e+00 
  1.706452966e+00 
  1.855354905e+00 
  1.902914762e+00 
  1.920702219e+00 
  1.927299857e+00 
  1.913549900e+00 
  1.897603035e+00 
  1.910152316e+00 
  1.830103755e+00 
  1.896351218e+00 
  1.873435855e+00 
  1.853437662e+00 
  1.849499822e+00 
  1.816821694e+00 
  1.805068970e+00 
  1.817030072e+00 
  1.765097141e+00 
  1.764906883e+00 
  1.757248402e+00 
  1.713905215e+00 
  1.724353909e+00 
  1.685842395e+00 
  1.673918843e+00 
  1.647256255e+00 
  1.632633328e+00 
  1.600665450e+00 
  1.595953107e+00 
  1.582466960e+00 
  1.558937550e+00 
  1.560224056e+00 
  1.566725492e+00 
  1.570386529e+00 
  1.558581471e+00 
  1.502731204e+00 
  1.523728967e+00 
  1.512285233e+00 
  1.484119415e+00 
  1.493484259e+00 
  1.452008605e+00 
  1.488046288e+00 
  1.471850991e+00 
  1.452992082e+00 
  1.418253541e+00 
  1.401542544e+00 
  1.410280585e+00 
  1.389755368e+00 
  1.366602540e+00 
  1.344608426e+00 
  1.307546496e+00 
  1.269930124e+00 
  1.272163272e+00 
  1.259616375e+00 
  1.225887895e+00 
  1.217508197e+00 
  1.278411746e+00 
  1.216362000e+00 
  1.175316453e+00 
  1.230630159e+00 
  1.252508998e+00 
  1.249085546e+00 
  1.235038280e+00 
  1.207406759e+00 
  1.207506299e+00 
  1.190000176e+00 
  1.165130496e+00 
  1.184011817e+00 
  1.145757079e+00 
  1.161993027e+00 
  1.167891502e+00 
  1.172774315e+00 
  1.157128453e+00 
  1.160016179e+00 
  1.120885730e+00 
  1.146231890e+00 
  1.141069770e+00 
  1.130725503e+00 
  1.122901201e+00 
  1.101396322e+00 
  1.113863587e+00 
  1.118339777e+00 
  1.075863957e+00 
  1.101292729e+00 
  1.098234296e+00 
  9.441480637e-01 
  1.075374842e+00 
  1.029725909e+00 
  1.038299680e+00 
  8.306874037e-01 
  9.107860327e-01 
  1.029332399e+00 
  1.041459918e+00 
  1.020158887e+00 
  1.016201854e+00 
  1.002774000e+00 
  9.979391694e-01 
  9.902802706e-01 
  1.004454136e+00 
  9.979234934e-01 
  9.748751521e-01 
  8.138948679e-01 
  8.625687361e-01 
  9.310850501e-01 
  9.137491584e-01 
  9.469029903e-01 
  9.411672950e-01 
  9.331220984e-01 
  9.323096275e-01 
  9.075158238e-01 
  8.949342370e-01 
  8.979309201e-01 
  9.115107656e-01 
  8.912976980e-01 
  8.891553283e-01 
  8.796457052e-01 
  8.298252225e-01 
  8.713780642e-01 
  8.477566242e-01 
  8.510811329e-01 
  8.553496599e-01 
  8.228032589e-01 
  8.111200929e-01 
  8.315123916e-01 
  8.334790468e-01 
  8.266375065e-01 
  8.182123303e-01 
  8.091073632e-01 
  7.668434381e-01 
  7.846617699e-01 
  7.298464179e-01 
  7.399486899e-01 
  7.045435905e-01 
  6.956461072e-01 
  6.731805801e-01 
  6.559122205e-01 
  6.344550848e-01 
  6.208793521e-01 
  6.819366217e-01 
  7.081596851e-01 
  7.024547458e-01 
  6.687631607e-01 
  6.564493179e-01 
  6.229494810e-01 
  6.100739241e-01 
  6.164891124e-01 
  6.203834414e-01 
  6.149294376e-01 
  6.089224219e-01 
  6.109402776e-01 
  6.041885614e-01 
  6.107807159e-01 
  6.022453308e-01 
  6.012502313e-01 
  6.227608919e-01 
  6.268289685e-01 
  6.077253819e-01 
  5.994177461e-01 
  5.685130954e-01 
  5.820092559e-01 
  5.863952637e-01 
  5.624396801e-01 
  5.715043545e-01 
  5.585615635e-01 
  5.289776921e-01 
  5.018304586e-01 
  4.747615457e-01 
  4.379829168e-01 
  4.165755510e-01 
  3.911910355e-01 
  3.816381395e-01 
  3.846942186e-01 
  3.897259533e-01 
  4.059115946e-01 
  4.697874784e-01 
  4.753964841e-01 
  4.544312954e-01 
  4.162480831e-01 
  4.055502713e-01 
  3.906185031e-01 
  4.031633437e-01 
  4.075729251e-01 
  4.132406414e-01 
  4.198302031e-01 
  4.187272787e-01 
  4.157321155e-01 
  4.246469140e-01 
  4.090622962e-01 
  4.159791470e-01 
  4.208507240e-01 
  3.836928904e-01 
  4.059662521e-01 
  4.309193194e-01 
  4.361976087e-01 
  4.315885603e-01 
  4.245214164e-01 
  4.160664678e-01 
  4.184921980e-01 
  4.308368266e-01 
  4.263487160e-01 
  4.284225404e-01 
  4.151843190e-01 
  4.365318716e-01 
  4.480043948e-01 
  4.574887455e-01 
  4.573452771e-01 
  4.511960745e-01 
  4.500289559e-01 
  4.385676384e-01 
  4.237271845e-01 
  4.200835824e-01 
  4.283484519e-01 
  4.238426685e-01 
  4.318804443e-01 
  4.197785556e-01 
  4.326036870e-01 
  4.358391464e-01 
  4.311525226e-01 
  4.328599274e-01 
  4.330747426e-01 
  4.339365959e-01 
  4.323452711e-01 
  4.371399283e-01 
  4.303604066e-01 
  4.233915806e-01 
  4.256419837e-01 
  4.287670851e-01 
  4.234645963e-01 
  4.213451445e-01 
  4.230987728e-01 
  4.192078710e-01 
  4.173952639e-01 
  4.155840278e-01 
  4.117427766e-01 
  4.087722898e-01 
  4.040726423e-01 
  4.037973285e-01 
  3.997153938e-01 
  3.938841522e-01 
  3.900585175e-01 
  3.632981181e-01 
  3.809533417e-01 
  3.859833777e-01 
  3.846056759e-01 
  3.788552880e-01 
  3.795624971e-01 
  3.779639304e-01 
  3.773386180e-01 
  3.732833266e-01 
  3.744623363e-01 
  3.661151230e-01 
  3.671645522e-01 
  3.622644544e-01 
  3.652392030e-01 
  3.547434211e-01 
  3.528220952e-01 
  3.554111123e-01 
  3.482539058e-01 
  3.529272974e-01 
  3.493707776e-01 
  3.484929204e-01 
  3.480474949e-01 
  3.443337083e-01 
  3.439485431e-01 
  3.377740979e-01 
  3.402205408e-01 
  3.379855752e-01 
  3.356217146e-01 
  3.281890154e-01 
  3.304056823e-01 
  3.256283998e-01 
  3.284540474e-01 
  3.202261925e-01 
  3.221476674e-01 
  3.221217394e-01 
  3.169848323e-01 
  3.173507750e-01 
  3.170128167e-01 
  3.102988899e-01 
  3.120824993e-01 
  3.093970418e-01 
  2.991181910e-01 
  3.032899797e-01 
  3.048934937e-01 
  3.014946282e-01 
  2.983821034e-01 
  2.971270978e-01 
  2.944383323e-01 
  2.933150828e-01 
  2.889924645e-01 
  2.897947729e-01 
  2.877038717e-01 
  2.857781053e-01 
  2.813034654e-01 
  2.713127136e-01 
  2.799760997e-01 
  2.690600753e-01 
  2.751681805e-01 
  2.692525685e-01 
  2.714426219e-01 
  2.698795795e-01 
  2.605910897e-01 
  2.656192482e-01 
  2.635858655e-01 
  2.428610474e-01 
  2.565605938e-01 
  2.559844553e-01 
  2.557055056e-01 
  2.464533001e-01 
  2.543312311e-01 
  2.460311204e-01 
  2.503506839e-01 
  2.486611903e-01 
  2.481843531e-01 
  2.377210408e-01 
  2.429375798e-01 
  2.331769764e-01 
  2.357610017e-01 
  2.281217426e-01 
  2.354397625e-01 
  2.302361429e-01 
  2.327270210e-01 
  2.190591395e-01 
  2.316153795e-01 
  2.202491909e-01 
  2.239166945e-01 
  2.248894721e-01 
  2.180684805e-01 
  2.128205895e-01 
  1.923011541e-01 
  2.075061053e-01 
  2.059966922e-01 
  2.021506727e-01 
  1.942849308e-01 
  1.896970421e-01 
  1.925168186e-01 
  1.920230240e-01 
  1.830836684e-01 
  1.900183260e-01 
  1.871774197e-01 
  1.843221337e-01 
  1.802462488e-01 
  1.797892898e-01 
  1.788320541e-01 
  1.804803610e-01 
  1.803912222e-01 
  1.764682829e-01 
  1.696868986e-01 
  1.623260230e-01 
  1.616853029e-01 
  1.523931175e-01 
  1.458138376e-01 
  1.378710270e-01 
  1.283596903e-01 
  1.204562187e-01 
  1.157089621e-01 
  1.150134355e-01 
  1.095364988e-01 
  1.121015698e-01 
  1.135786772e-01 
  1.099660173e-01 
  1.071415544e-01 
  1.107569486e-01 
  1.090708971e-01 
  1.137530580e-01 
  1.241257787e-01 
  1.282179654e-01 
  1.236594170e-01 
  1.126184314e-01 
  9.827360511e-02 
  1.001491547e-01 
  1.131343842e-01 
  1.219193190e-01 
  1.247891784e-01 
  1.297086775e-01 
  1.280980855e-01 
  1.211264729e-01 
  1.229220033e-01 
  1.171421930e-01 
  1.125030443e-01 
  1.079289764e-01 
  1.098050550e-01 
  1.137815118e-01 
  1.157711595e-01 
  1.171571389e-01 
  1.163771823e-01 
  1.178092211e-01 
  1.182645336e-01 
  1.192322597e-01 
  1.190488935e-01 
  1.224162951e-01 
  1.237528995e-01 
  1.317599565e-01 
  1.345549822e-01 
  1.349826455e-01 
  1.339618713e-01 
  1.333889663e-01 
  1.399067640e-01 
  1.426313072e-01 
  1.398382485e-01 
  1.423248053e-01 
  1.387281716e-01 
  1.408630162e-01 
  1.414772123e-01 
  1.364789009e-01 
  1.400177181e-01 
  1.411059350e-01 
  1.396372765e-01 
  1.376831979e-01 
  1.373075843e-01 
  1.366183013e-01 
  1.341333836e-01 
  1.371772289e-01 
  1.331724375e-01 
  1.321335733e-01 
  1.330775768e-01 
  1.308625638e-01 
  1.295224279e-01 
  1.216789111e-01 
  1.273521185e-01 
  1.301065534e-01 
  1.284438968e-01 
  1.265575588e-01 
  1.251490116e-01 
  1.183065549e-01 
  1.260601729e-01 
  1.283298284e-01 
  1.282634884e-01 
  1.276506633e-01 
  1.268237233e-01 
  1.239673346e-01 
  1.236074045e-01 
  1.226806343e-01 
  1.180492416e-01 
  1.127357557e-01 
  1.197839081e-01 
  1.202739477e-01 
  1.198759824e-01 
  1.131417900e-01 
  1.146690249e-01 
  1.185284629e-01 
  1.182271317e-01 
  1.189839616e-01 
  1.167141870e-01 
  1.087501943e-01 
  1.154960394e-01 
  1.112323999e-01 
  1.145370454e-01 
  1.152906269e-01 
  1.143203378e-01 
  1.145561486e-01 
  1.146222204e-01 
  1.146287471e-01 
  1.139850989e-01 
  1.125494540e-01 
  1.129931808e-01 
  1.125572696e-01 
  1.116686612e-01 
  1.108366102e-01 
  1.118489653e-01 
  1.109812707e-01 
  1.111481488e-01 
  1.072644964e-01 
  1.105231270e-01 
  1.102316529e-01 
  1.097024605e-01 
  1.094369516e-01 
  1.078571081e-01 
  1.083518416e-01 
  1.078148261e-01 
  1.067806706e-01 
  1.071082875e-01 
  1.068136841e-01 
  1.063799113e-01 
  1.047991812e-01 
  1.039228961e-01 
  1.044084579e-01 
  1.033572778e-01 
  1.018053815e-01 
  1.003840938e-01 
  1.016641259e-01 
  1.004173830e-01 
  9.941163659e-02 
  9.972339869e-02 
  9.889924526e-02 
  9.802958369e-02 
  9.683274478e-02 
  9.601330012e-02 
  9.469643980e-02 
  9.425524622e-02 
  9.347278625e-02 
  9.266110510e-02 
  9.088261425e-02 
  9.029683471e-02 
  8.836593479e-02 
  8.751369268e-02 
  8.632858098e-02 
  8.288225532e-02 
  8.306325227e-02 
  8.113152534e-02 
  8.087120205e-02 
  8.061762899e-02 
  7.827603072e-02 
  7.660178840e-02 
  7.679390162e-02 
  7.910209894e-02 
  8.016023785e-02 
  8.037786186e-02 
  8.065770566e-02 
  8.063660562e-02 
  8.129749447e-02 
  8.152414113e-02 
  8.151784539e-02 
  8.138187230e-02 
  8.085367829e-02 
  8.054159582e-02 
  7.840074599e-02 
  6.971669942e-02 
  7.656289637e-02 
  7.962540537e-02 
  8.014629036e-02 
  7.985083014e-02 
  7.995135337e-02 
  7.846644521e-02 
  7.851646841e-02 
  7.650789618e-02 
  7.749966532e-02 
  7.799396664e-02 
  7.791217417e-02 
  7.614369690e-02 
  7.622680068e-02 
  7.553198934e-02 
  7.442943007e-02 
  7.354877889e-02 
  7.406673580e-02 
  7.350381464e-02 
  7.306959480e-02 
  7.163251191e-02 
  7.016376406e-02 
  6.968866289e-02 
  6.976719201e-02 
  6.949817389e-02 
  6.888219714e-02 
  6.811986119e-02 
  6.715258956e-02 
  6.658697128e-02 
  6.618470699e-02 
  6.493186206e-02 
  6.121332943e-02 
  6.232684106e-02 
  6.041056663e-02 
  6.221635640e-02 
  6.266507506e-02 
  6.067949906e-02 
  6.000227109e-02 
  5.791862682e-02 
  5.695249513e-02 
  5.760621279e-02 
  5.858739093e-02 
  5.898666754e-02 
  5.832149088e-02 
  5.691482127e-02 
  5.427028984e-02 
  5.213245749e-02 
  4.660175741e-02 
  4.594647139e-02 
  4.521556199e-02 
  4.432727769e-02 
  4.607420042e-02 
  4.698241130e-02 
  4.760123417e-02 
  4.721551016e-02 
  4.738175496e-02 
  4.771835729e-02 
  4.733581841e-02 
  4.730354622e-02 
  4.770106450e-02 
  4.750571772e-02 
  4.588607326e-02 
  4.387716576e-02 
  3.951428458e-02 
  3.638001159e-02 
  3.484025598e-02 
  3.249464929e-02 
  3.145733848e-02 
  2.915934473e-02 
  2.810875140e-02 
  2.688088827e-02 
  2.518807538e-02 
  2.424573712e-02 
  2.319067530e-02 
  2.229525335e-02 
  2.118677832e-02 
  2.076048031e-02 
  1.954981871e-02 
  1.850786991e-02 
  1.843586005e-02 
  1.818457060e-02 
  1.836625300e-02 
  1.876830123e-02 
  1.874235272e-02 
  1.892253384e-02 
  1.839883439e-02 
  1.825324073e-02 
  1.789979078e-02 
  1.857472770e-02 
  1.962814480e-02 
  2.118080854e-02 
  2.207710408e-02 
  2.268191800e-02 
  2.249396034e-02 
  2.194608375e-02 
  2.178977430e-02 
  2.084605210e-02 
  2.004246414e-02 
  1.862780191e-02 
  1.769591309e-02 
  1.688363031e-02 
  1.695801690e-02 
  1.760671102e-02 
  1.799588278e-02 
  1.891792938e-02 
  2.001105994e-02 
  2.088558115e-02 
  2.127361856e-02 
  2.092937939e-02 
  2.088454552e-02 
  1.996044628e-02 
  1.914675161e-02 
  1.832521893e-02 
  1.851519570e-02 
  1.933212206e-02 
  1.994446665e-02 
  1.996072195e-02 
  1.964096539e-02 
  1.894561388e-02 
  1.906971820e-02 
  1.987885870e-02 
  2.009138837e-02 
  1.975280419e-02 
  1.980368048e-02 
  1.954395138e-02 
  1.957157999e-02 
  2.002261765e-02 
  2.059218660e-02 
  2.128383890e-02 
  2.203091234e-02 
  2.113075182e-02 
  2.182416245e-02 
  2.192515135e-02 
  2.233546227e-02 
  2.261328511e-02 
  2.283086441e-02 
  2.282346040e-02 
  2.251824923e-02 
  2.255263738e-02 
  2.351993136e-02 
  2.324201725e-02 
  2.317425795e-02 
  2.310002968e-02 
  2.327789180e-02 
  2.230402268e-02 
  2.287830412e-02 
  2.350951917e-02 
  2.309242636e-02 
  2.233261056e-02 
  2.151534706e-02 
  2.146747522e-02 
  2.141288109e-02 
  2.081834711e-02 
  2.142436430e-02 
  2.153189853e-02 
  2.162758633e-02 
  2.195791528e-02 
  2.225795761e-02 
  2.104860730e-02 
  2.220728248e-02 
  2.154772915e-02 
  2.185814269e-02 
  2.208559774e-02 
  2.203490771e-02 
  2.253687009e-02 
  2.268573642e-02 
  2.287417650e-02 
  2.266074531e-02 
  2.216611058e-02 
  2.212700620e-02 
  2.230872959e-02 
  2.356568724e-02 
  2.454148233e-02 
  2.480373532e-02 
  2.534627169e-02 
  2.561304905e-02 
  2.600298822e-02 
  2.557014860e-02 
  2.467866987e-02 
  2.434061654e-02 
  2.346851490e-02 
  2.324469015e-02 
  2.301571332e-02 
  2.284255810e-02 
  2.177817002e-02 
  2.193433046e-02 
  2.099258266e-02 
  2.063446492e-02 
  2.026843652e-02 
  2.046405338e-02 
  2.131941356e-02 
  2.256494574e-02 
  2.275815420e-02 
  2.316642553e-02 
  2.313978598e-02 
  2.286092192e-02 
  2.219428681e-02 
  2.203557454e-02 
  2.230019309e-02 
  2.229300141e-02 
  2.294453979e-02 
  2.253510430e-02 
  2.268407121e-02 
  2.299534902e-02 
  2.291888371e-02 
  2.369916998e-02 
  2.071663737e-02 
  2.479986474e-02 
  2.576556988e-02 
  2.649484761e-02 
  2.591129020e-02 
  2.675561979e-02 
  2.662613243e-02 
  2.672838978e-02 
  2.647661418e-02 
  2.706277184e-02 
  2.779635787e-02 
  2.776622586e-02 
  2.853146754e-02 
  2.831226587e-02 
  2.783267014e-02 
  2.481335774e-02 
  2.589930966e-02 
  2.610593662e-02 
  2.640090138e-02 
  2.786785550e-02 
  2.753189392e-02 
  2.776225284e-02 
  2.818190493e-02 
  2.836816385e-02 
  2.784801088e-02 
  2.776720747e-02 
  2.731512673e-02 
  2.787539922e-02 
  2.757737599e-02 
  2.742986754e-02 
  2.804117277e-02 
  2.776179463e-02 
  2.813012153e-02 
  2.766397968e-02 
  2.743253484e-02 
  2.806380577e-02 
  2.773461491e-02 
  2.698585391e-02 
  2.767820843e-02 
  2.735718526e-02 
  2.752118371e-02 
  2.736203000e-02 
  2.557120472e-02 
  2.727053128e-02 
  2.704596519e-02 
  2.685072646e-02 
  2.638918720e-02 
  2.644659206e-02 
  2.673088573e-02 
  2.678764611e-02 
  2.602129057e-02 
  2.652087808e-02 
  2.550111338e-02 
  2.598161064e-02 
  2.606792748e-02 
  2.595006302e-02 
  2.624524385e-02 
  2.630912699e-02 
  2.626229450e-02 
  2.596277371e-02 
  2.514470741e-02 
  2.572198585e-02 
  2.551858872e-02 
  2.532214113e-02 
  2.569140494e-02 
  2.549583092e-02 
  2.449190617e-02 
  2.484066784e-02 
  2.430377156e-02 
  2.503576316e-02 
  2.477353811e-02 
  2.470709011e-02 
  2.421755157e-02 
  2.471471764e-02 
  2.463930845e-02 
  2.418305539e-02 
  2.359411493e-02 
  2.384176292e-02 
  2.332981676e-02 
  2.313206159e-02 
  2.240633406e-02 
  2.222950757e-02 
  2.146142349e-02 
  2.198010683e-02 
  2.187595703e-02 
  2.151093073e-02 
  2.158632129e-02 
  2.003232948e-02 
  2.146639116e-02 
  1.935238205e-02 
  2.114930376e-02 
  2.126001194e-02 
  2.171876281e-02 
  2.151995897e-02 
  2.112785541e-02 
  2.142575942e-02 
  2.126199380e-02 
  2.189888619e-02 
  2.156902663e-02 
  2.132727951e-02 
  2.095719241e-02 
  1.914262027e-02 
  2.057196759e-02 
  2.006142028e-02 
  2.106350102e-02 
  2.144610323e-02 
  2.120734751e-02 
  2.120389603e-02 
  1.981245913e-02 
  2.042234875e-02 
  2.054687217e-02 
  1.958169229e-02 
  1.968452334e-02 
  1.880848408e-02 
  1.919042319e-02 
  1.904287934e-02 
  1.931345090e-02 
  1.898014173e-02 
  1.888767816e-02 
  1.889715716e-02 
  1.904971711e-02 
  1.892903820e-02 
  1.773069613e-02 
  1.829226874e-02 
  1.853232458e-02 
  1.900471933e-02 
  1.877124049e-02 
  1.911703870e-02 
  1.793859154e-02 
  1.848603971e-02 
  1.901454292e-02 
  1.897182316e-02 
  1.850500144e-02 
  1.821294799e-02 
  1.862500235e-02 
  1.898146234e-02 
  1.908090897e-02 
  1.858733222e-02 
  1.874272339e-02 
  1.867683046e-02 
  1.876795664e-02 
  1.870696247e-02 
  1.813504100e-02 
  1.837315969e-02 
  1.830737107e-02 
  1.801524311e-02 
  1.751779392e-02 
  1.794315502e-02 
  1.783167571e-02 
  1.694716141e-02 
  1.678217947e-02 
  1.651761867e-02 
  1.654125936e-02 
  1.637560688e-02 
  1.631487906e-02 
  1.668885723e-02 
  1.639027894e-02 
  1.637922041e-02 
  1.653544977e-02 
  1.664837636e-02 
  1.653123088e-02 
  1.611375250e-02 
  1.648185402e-02 
  1.608228311e-02 
  1.637449302e-02 
  1.618174650e-02 
  1.632340625e-02 
  1.599027030e-02 
  1.628326066e-02 
  1.612569019e-02 
  1.619744487e-02 
  1.586939208e-02 
  1.601036265e-02 
  1.603330299e-02 
  1.586260460e-02 
  1.570541970e-02 
  1.557919011e-02 
  1.538364496e-02 
  1.528440323e-02 
  1.542415749e-02 
  1.512629911e-02 
  1.513144281e-02 
  1.543871406e-02 
  1.530496310e-02 
  1.454556081e-02 
  1.492279582e-02 
  1.496128459e-02 
  1.478653960e-02 
  1.451264787e-02 
  1.455114037e-02 
  1.458679419e-02 
  1.435285155e-02 
  1.382802799e-02 
  1.331858709e-02 
  1.367020048e-02 
  1.397191267e-02 
  1.419638097e-02 
  1.420104038e-02 
  1.399701275e-02 
  1.403133478e-02 
  1.400376577e-02 
  1.380223222e-02 
  1.375433523e-02 
  1.389927696e-02 
  1.389151160e-02 
  1.380997617e-02 
  1.375827473e-02 
  1.372894365e-02 
  1.361598633e-02 
  1.349924877e-02 
  1.354943309e-02 
  1.343042310e-02 
  1.323131379e-02 
  1.322506182e-02 
  1.315023843e-02 
  1.285011787e-02 
  1.304619294e-02 
  1.307441853e-02 
  1.287675463e-02 
  1.281210035e-02 
  1.242855098e-02 
  1.262594573e-02 
  1.273357216e-02 
  1.173824538e-02 
  1.252760366e-02 
  1.255814265e-02 
  1.253096946e-02 
  1.250942796e-02 
  1.241601631e-02 
  1.227187272e-02 
  1.217778120e-02 
  1.224734541e-02 
  1.193038467e-02 
  1.172771584e-02 
  1.189130172e-02 
  1.126138493e-02 
  1.140399836e-02 
  1.154429000e-02 
  1.164248399e-02 
  1.155884936e-02 
  1.127857156e-02 
  1.148513425e-02 
  1.148037985e-02 
  1.128273178e-02 
  1.112353988e-02 
  1.039051916e-02 
  1.056449674e-02 
  1.059471723e-02 
  1.005714387e-02 
  9.897429496e-03 
  1.035541762e-02 
  1.049147546e-02 
  1.049904898e-02 
  1.023093704e-02 
  1.052807458e-02 
  1.032668073e-02 
  1.044327859e-02 
  1.011478156e-02 
  1.015915256e-02 
  9.888610803e-03 
  1.023054030e-02 
  1.013035327e-02 
  1.008203812e-02 
  9.896429256e-03 
  9.943044744e-03 
  9.942652658e-03 
  9.923192672e-03 
  9.739526547e-03 
  9.822288528e-03 
  9.806880727e-03 
  9.711490944e-03 
  9.729141369e-03 
  9.633055888e-03 
  9.422864765e-03 
  9.168136865e-03 
  9.233866818e-03 
  9.001486003e-03 
  9.137707762e-03 
  9.061723948e-03 
  9.042108431e-03 
  8.892416023e-03 
  8.933431469e-03 
  8.763308637e-03 
  8.758775890e-03 
  8.723324165e-03 
  8.702881634e-03 
  8.457292803e-03 
  8.191280998e-03 
  8.149735630e-03 
  7.889079861e-03 
  7.733969018e-03 
  7.794150617e-03 
  7.712134160e-03 
  7.680498995e-03 
  7.562251296e-03 
  7.410066668e-03 
  7.399627008e-03 
  7.350132801e-03 
  7.384923752e-03 
  7.427737117e-03 
  7.383830845e-03 
  7.133446634e-03 
  7.063049357e-03 
  6.857339758e-03 
  6.733794231e-03 
  6.486632396e-03 
  6.243126933e-03 
  6.280663889e-03 
  6.034850143e-03 
  5.782710388e-03 
  5.790241063e-03 
  5.484487396e-03 
  5.443617236e-03 
  5.094530527e-03 
  4.911681172e-03 
  4.878227133e-03 
  4.928614013e-03 
  4.894752055e-03 
  4.751433153e-03 
  4.669899121e-03 
  4.604948219e-03 
  4.465529229e-03 
  4.273660015e-03 
  4.257617518e-03 
  4.091871902e-03 
  4.091083072e-03 
  3.967159428e-03 
  3.737703199e-03 
  3.677796572e-03 
  3.485192312e-03 
  3.243007697e-03 
  3.382751718e-03 
  3.425129922e-03 
  3.441723995e-03 
  3.386392491e-03 
  3.326117294e-03 
  3.405187279e-03 
  3.213958349e-03 
  3.222743515e-03 
  3.111469094e-03 
  3.075236455e-03 
  2.840413013e-03 
  2.802613657e-03 
  2.788420999e-03 
  2.715468174e-03 
  2.609778196e-03 
  2.597123850e-03 
  2.439751988e-03 
  2.437845804e-03 
  2.390302252e-03 
  2.306052251e-03 
  2.399018733e-03 
  2.410504734e-03 
  2.455950947e-03 
  2.478120849e-03 
  2.391648479e-03 
  2.518456196e-03 
  2.501889598e-03 
  2.474349225e-03 
  2.290486125e-03 
  2.352428623e-03 
  2.383568324e-03 
  2.396596828e-03 
  2.377699129e-03 
  2.357454738e-03 
  2.298448933e-03 
  2.332386561e-03 
  2.330915770e-03 
  2.246200107e-03 
  2.330950694e-03 
  2.362257103e-03 
  2.406306332e-03 
  2.371276263e-03 
  2.482559765e-03 
  2.456746763e-03 
  2.463540528e-03 
  2.432171488e-03 
  2.435292583e-03 
  2.280830173e-03 
  2.237088745e-03 
  2.069425303e-03 
  2.113202820e-03 
  1.954216976e-03 
  1.866692677e-03 
  1.846410218e-03 
  1.849970315e-03 
  1.842120779e-03 
  1.798332669e-03 
  1.667632954e-03 
  2.092625014e-03 
  2.254925668e-03 
  2.297075000e-03 
  2.309010364e-03 
  2.372831572e-03 
  2.412090544e-03 
  2.427113708e-03 
  2.433220623e-03 
  2.413702896e-03 
  2.329154871e-03 
  2.438662341e-03 
  2.399433404e-03 
  2.354668919e-03 
  2.260748064e-03 
  2.332240809e-03 
  2.255299827e-03 
  2.158429706e-03 
  2.240230329e-03 
  2.180533251e-03 
  2.088324400e-03 
  2.073625801e-03 
  2.031184733e-03 
  1.994111110e-03 
  1.967113698e-03 
  1.978936605e-03 
  1.945095253e-03 
  1.954178559e-03 
  1.931779901e-03 
  2.003420377e-03 
  2.006631810e-03 
  2.058746293e-03 
  2.015400212e-03 
  2.049244475e-03 
  2.047057729e-03 
  2.038753824e-03 
  1.974312589e-03 
  2.069390612e-03 
  2.114154398e-03 
  2.095332602e-03 
  2.170332475e-03 
  2.176665934e-03 
  2.223576652e-03 
  2.209086437e-03 
  2.190245315e-03 
  2.273051068e-03 
  2.310976852e-03 
  2.280459041e-03 
  2.320315922e-03 
  2.304167254e-03 
  2.311590826e-03 
  2.314356854e-03 
  2.285944065e-03 
  2.239104593e-03 
  2.322774613e-03 
  2.322019311e-03 
  2.388266614e-03 
  2.342371503e-03 
  2.431829460e-03 
  2.443784382e-03 
  2.471575048e-03 
  2.465411788e-03 
  2.504627686e-03 
  2.387878485e-03 
  2.460302785e-03 
  2.478790469e-03 
  2.488853177e-03 
  2.410596469e-03 
  2.289392985e-03 
  2.146428451e-03 
  2.274271101e-03 
  2.410973655e-03 
  2.414164366e-03 
  2.438806929e-03 
  2.327740192e-03 
  2.255436499e-03 
  2.225686563e-03 
  2.280869521e-03 
  2.224265132e-03 
  2.216786379e-03 
  2.169313142e-03 
  2.229803707e-03 
  2.235558582e-03 
  2.330964198e-03 
  2.308591735e-03 
  2.432670910e-03 
  2.379347570e-03 
  2.467945218e-03 
  2.465686761e-03 
  2.684607171e-03 
  2.613610821e-03 
  2.817468718e-03 
  2.820195165e-03 
  2.971202135e-03 
  2.991239307e-03 
  3.132902319e-03 
  3.103768686e-03 
  3.087892896e-03 
  3.166084178e-03 
  3.341007279e-03 
  3.338226117e-03 
  3.416872583e-03 
  3.236249322e-03 
  3.488971852e-03 
  3.373804502e-03 
  3.489446128e-03 
  3.513230942e-03 
  3.547543427e-03 
  3.502882319e-03 
  3.517341567e-03 
  3.440040862e-03 
  3.454050282e-03 
  3.541850718e-03 
  3.513087053e-03 
  3.495962126e-03 
  3.445834853e-03 
  3.391494742e-03 
  3.215926001e-03 
  3.235363401e-03 
  3.060693620e-03 
  3.054150147e-03 
  2.630159725e-03 
  2.575180028e-03 
  2.167065162e-03 
  2.163815545e-03 
  1.785310451e-03 
  1.784631866e-03 
  1.577286632e-03 
  1.572969952e-03 
  1.582400524e-03 
  1.538262935e-03 
  1.641893061e-03 
  1.637494075e-03 
  1.688407501e-03 
  1.688166405e-03 
  1.706763869e-03 
  1.701418776e-03 
  1.735157450e-03 
  1.714747748e-03 
  1.793770818e-03 
  1.787376008e-03 
  1.924626413e-03 
  1.925370190e-03 
  2.138825832e-03 
  2.118669683e-03 
  2.262189519e-03 
  2.337306738e-03 
  2.567872871e-03 
  2.565245377e-03 
  2.717747819e-03 
  2.737011295e-03 
  2.852716250e-03 
  2.857118845e-03 
  2.896262566e-03 
  2.856786828e-03 
  2.934041433e-03 
  2.977174474e-03 
  3.025610233e-03 
  3.017310984e-03 
  2.932062605e-03 
  2.994952956e-03 
  3.015698632e-03 
  2.848347183e-03 
  2.938710852e-03 
  2.956802025e-03 
  2.920949832e-03 
  2.888124902e-03 
  2.843324328e-03 
  2.837279579e-03 
  2.726115752e-03 
  2.718955046e-03 
  2.698956989e-03 
  2.535240026e-03 
  2.544178860e-03 
  2.366337692e-03 
  2.348663285e-03 
  2.236480126e-03 
  2.200732008e-03 
  2.193937544e-03 
  2.206316916e-03 
  2.235090826e-03 
  2.222161973e-03 
  2.269696211e-03 
  2.266093623e-03 
  2.272296930e-03 
  2.207857789e-03 
  2.266953699e-03 
  2.254168503e-03 
  2.115126699e-03 
  2.234804444e-03 
  2.233232604e-03 
  2.243101597e-03 
  2.219811082e-03 
  2.268608194e-03 
  2.188310027e-03 
  2.341749845e-03 
  2.310469048e-03 
  2.435961040e-03 
  2.427634550e-03 
  2.503369004e-03 
  2.495717024e-03 
  2.547909273e-03 
  2.542431699e-03 
  2.495344263e-03 
  2.553868806e-03 
  2.524144948e-03 
  2.560815774e-03 
  2.511284314e-03 
  2.531114267e-03 
  2.547327429e-03 
  2.569251228e-03 
  2.563102171e-03 
  2.581966342e-03 
  2.580675529e-03 
  2.589310287e-03 
  2.565047937e-03 
  2.462462988e-03 
  2.552381018e-03 
  2.571497811e-03 
  2.489681821e-03 
  2.559748478e-03 
  2.550074365e-03 
  2.541742288e-03 
  2.548665740e-03 
  2.550580539e-03 
  2.546232659e-03 
  2.558750799e-03 
  2.514937893e-03 
  2.550102770e-03 
  2.543125302e-03 
  2.549170284e-03 
  2.536718966e-03 
  2.530130325e-03 
  2.512401203e-03 
  2.449433319e-03 
  2.501740819e-03 
  2.491409192e-03 
  2.474077512e-03 
  2.477110364e-03 
  2.471294720e-03 
  2.449772321e-03 
  2.387720393e-03 
  2.438350115e-03 
  2.452231478e-03 
  2.389019821e-03 
  2.438523108e-03 
  2.412963659e-03 
  2.410036745e-03 
  2.371337032e-03 
  2.418013755e-03 
  2.428789390e-03 
  2.382033272e-03 
  2.429846209e-03 
  2.419824945e-03 
  2.407957334e-03 
  2.417934360e-03 
  2.409094246e-03 
  2.404073719e-03 
  2.392335562e-03 
  2.391361166e-03 
  2.299755579e-03 
  2.373832278e-03 
  2.368898597e-03 
  2.352630487e-03 
  2.344955225e-03 
  2.342747059e-03 
  2.323011635e-03 
  2.307086485e-03 
  2.287652344e-03 
  2.260649344e-03 
  2.216532594e-03 
  2.234878950e-03 
  2.231703140e-03 
  2.196261194e-03 
  2.189522143e-03 
  2.165162936e-03 
  2.155849710e-03 
  2.131566405e-03 
  2.132652793e-03 
  2.127816668e-03 
  2.126363572e-03 
  2.117015189e-03 
  2.110237954e-03 
  2.096582903e-03 
  2.086116001e-03 
  2.080183942e-03 
  2.048511291e-03 
  2.046964131e-03 
  2.014567377e-03 
  1.944420626e-03 
  1.743387082e-03 
  1.904972713e-03 
  1.961641246e-03 
  2.010048134e-03 
  2.005345887e-03 
  2.019098960e-03 
  2.007952658e-03 
  2.011479111e-03 
  2.000091132e-03 
  1.998848049e-03 
  1.982938731e-03 
  1.960583264e-03 
  1.971252263e-03 
  1.891436637e-03 
  1.964178402e-03 
  1.957477769e-03 
  1.935146633e-03 
  1.883990364e-03 
  1.927134814e-03 
  1.928482321e-03 
  1.928381971e-03 
  1.922307652e-03 
  1.870359993e-03 
  1.857174677e-03 
  1.876266673e-03 
  1.892858651e-03 
  1.884247991e-03 
  1.855398994e-03 
  1.847184263e-03 
  1.838336699e-03 
  1.808512723e-03 
  1.798131736e-03 
  1.779439510e-03 
  1.773661468e-03 
  1.763860229e-03 
  1.763497712e-03 
  1.757461694e-03 
  1.778499107e-03 
  1.775597688e-03 
  1.767309732e-03 
  1.726004411e-03 
  1.700933441e-03 
  1.789202914e-03 
  1.749049290e-03 
  1.804400003e-03 
  1.799537917e-03 
  1.790534356e-03 
  1.787348068e-03 
  1.776962075e-03 
  1.772905700e-03 
  1.754838857e-03 
  1.726316987e-03 
  1.743362634e-03 
  1.745779417e-03 
  1.736124861e-03 
  1.730002230e-03 
  1.720033004e-03 
  1.715139719e-03 
  1.707818708e-03 
  1.695106272e-03 
  1.662833733e-03 
  1.664580195e-03 
  1.659189234e-03 
  1.671088627e-03 
  1.648456557e-03 
  1.648004050e-03 
  1.644965960e-03 
  1.635990688e-03 
  1.630007522e-03 
  1.617107424e-03 
  1.607699087e-03 
  1.605560887e-03 
  1.583337202e-03 
  1.547328779e-03 
  1.562986174e-03 
  1.575585688e-03 
  1.569369226e-03 
  1.539616962e-03 
  1.548542758e-03 
  1.545139006e-03 
  1.539077843e-03 
  1.534937881e-03 
  1.489233109e-03 
  1.517533674e-03 
  1.499979640e-03 
  1.495549805e-03 
  1.495307777e-03 
  1.469165203e-03 
  1.429911586e-03 
  1.456630183e-03 
  1.443065703e-03 
  1.440458582e-03 
  1.436091377e-03 
  1.435159240e-03 
  1.421566820e-03 
  1.412096666e-03 
  1.412287238e-03 
  1.360405469e-03 
  1.407958451e-03 
  1.397154061e-03 
  1.377014793e-03 
  1.386753283e-03 
  1.384945237e-03 
  1.379321562e-03 
  1.372806029e-03 
  1.358995214e-03 
  1.369144302e-03 
  1.364921569e-03 
  1.358457259e-03 
  1.335945213e-03 
  1.351055806e-03 
  1.348922728e-03 
  1.346375095e-03 
  1.339843031e-03 
  1.333448221e-03 
  1.265269821e-03 
  1.304116682e-03 
  1.305677812e-03 
  1.300829346e-03 
  1.293861889e-03 
  1.288650674e-03 
  1.288982807e-03 
  1.282250276e-03 
  1.265772851e-03 
  1.263515325e-03 
  1.242286409e-03 
  1.246240339e-03 
  1.241608988e-03 
  1.170961070e-03 
  1.199882245e-03 
  1.193056582e-03 
  1.169716124e-03 
  1.193587785e-03 
  1.195546240e-03 
  1.190281240e-03 
  1.187306945e-03 
  1.201551408e-03 
  1.195902238e-03 
  1.189872040e-03 
  1.205035252e-03 
  1.204207889e-03 
  1.205469482e-03 
  1.203184365e-03 
  1.193398377e-03 
  1.184370136e-03 
  1.186022535e-03 
  1.178427599e-03 
  1.160966582e-03 
  1.152198063e-03 
  1.105987467e-03 
  1.120236935e-03 
  1.107425080e-03 
  1.129573560e-03 
  1.123099937e-03 
  1.100926893e-03 
  1.106662559e-03 
  1.103890943e-03 
  1.053381013e-03 
  1.080763992e-03 
  1.087710145e-03 
  1.076958142e-03 
  1.095519634e-03 
  1.100960420e-03 
  1.089253696e-03 
  1.085508615e-03 
  1.078696921e-03 
  1.066299854e-03 
  1.063729869e-03 
  1.039719442e-03 
  1.023191377e-03 
  1.028599567e-03 
  1.009977073e-03 
  1.003036741e-03 
  9.754074272e-04 
  9.850993520e-04 
  9.846000466e-04 
  9.716243367e-04 
  9.653839516e-04 
  9.609269910e-04 
  9.511312237e-04 
  9.517743019e-04 
  9.445697651e-04 
  9.421089781e-04 
  9.450042853e-04 
  9.374140063e-04 
  9.432527586e-04 
  9.270153241e-04 
  9.007009212e-04 
  9.225494578e-04 
  9.314833442e-04 
  9.431169601e-04 
  9.338945965e-04 
  9.324854473e-04 
  9.487617062e-04 
  9.479687433e-04 
  9.394228691e-04 
  9.256659541e-04 
  9.227975970e-04 
  9.236001642e-04 
  8.971597999e-04 
  8.974871016e-04 
  8.683420601e-04 
  8.625250775e-04 
  8.528257604e-04 
  8.329371340e-04 
  8.411735180e-04 
  8.400203660e-04 
  8.423166000e-04 
  7.998425281e-04 
  8.249971434e-04 
  8.423762629e-04 
  8.382506203e-04 
  8.343699155e-04 
  8.461112157e-04 
  8.419458172e-04 
  8.378325729e-04 
  8.384509129e-04 
  7.968854625e-04 
  7.954845205e-04 
  8.002925315e-04 
  8.048066520e-04 
  7.965532131e-04 
  8.165501640e-04 
  8.122427971e-04 
  8.227755316e-04 
  8.199721342e-04 
  8.162265294e-04 
  8.124705637e-04 
  8.216491551e-04 
  8.130295319e-04 
  8.131996146e-04 
  8.156390977e-04 
  8.084325818e-04 
  8.081846172e-04 
  7.992967730e-04 
  7.950979634e-04 
  7.978109643e-04 
  7.906556129e-04 
  7.759648724e-04 
  7.797839935e-04 
  7.671727799e-04 
  7.575848722e-04 
  7.576479111e-04 
  7.539546350e-04 
  7.399010938e-04 
  7.393650594e-04 
  7.372158580e-04 
  7.252620999e-04 
  6.988547975e-04 
  6.961670006e-04 
  6.726755528e-04 
  7.018652395e-04 
  7.068039267e-04 
  7.294069510e-04 
  7.204088033e-04 
  7.230932242e-04 
  7.341897581e-04 
  7.278214907e-04 
  7.287799963e-04 
  7.266876637e-04 
  7.346459315e-04 
  7.252536598e-04 
  7.233032375e-04 
  7.269846392e-04 
  7.214401849e-04 
  7.107934798e-04 
  7.140186499e-04 
  7.101392839e-04 
  6.851333892e-04 
  6.765074795e-04 
  6.942867185e-04 
  6.885998300e-04 
  6.709658774e-04 
  6.868945784e-04 
  6.724510458e-04 
  6.635477184e-04 
  6.665412802e-04 
  6.436603726e-04 
  6.394017255e-04 
  6.241357187e-04 
  6.051259697e-04 
  6.055178237e-04 
  5.977894762e-04 
  5.968192127e-04 
  6.000123103e-04 
  5.949689657e-04 
  5.937179667e-04 
  6.019821158e-04 
  6.193484878e-04 
  6.119686295e-04 
  6.099024904e-04 
  5.867835716e-04 
  6.171241403e-04 
  6.203720695e-04 
  6.155490410e-04 
  6.042568712e-04 
  6.048459909e-04 
  5.988321500e-04 
  5.888143787e-04 
  5.832379102e-04 
  5.777417100e-04 
  5.623066099e-04 
  5.613401299e-04 
  5.556397373e-04 
  5.093098735e-04 
  5.301783676e-04 
  5.272048875e-04 
  5.174169783e-04 
  5.073691136e-04 
  5.154381506e-04 
  4.881489440e-04 
  4.944896791e-04 
  4.912871518e-04 
  4.516399931e-04 
  4.574389895e-04 
  4.485619138e-04 
  4.330484371e-04 
  4.203117569e-04 
  4.392362316e-04 
  4.216426460e-04 
  4.183819401e-04 
  3.948241356e-04 
  4.115283082e-04 
  4.105353146e-04 
  4.119684163e-04 
  4.097990750e-04 
  4.107669229e-04 
  4.035666643e-04 
  4.113812465e-04 
  4.061751824e-04 
  4.029244592e-04 
  4.109611327e-04 
  4.074555472e-04 
  4.086651315e-04 
  4.029544070e-04 
